[07:24:44] Starting: permuted_mnist_icarl_seed1024
[07:24:44] Config: {'dataset': 'permuted_mnist', 'data_root': 'F:\\Temp\\cf\\Catastrophic Forgetting\\research_v2\\Project\\data_local', 'dataset_image_size': None, 'dataset_out_channels': None, 'model': 'resnet8', 'pretrained': False, 'model_image_size': None, 'method': 'icarl', 'n_epochs': 1, 'batch_size': 32, 'num_workers': 0, 'lr': 0.03, 'momentum': 0.9, 'weight_decay': 0.0001, 'fp16': False, 'buffer_size': 500, 'ewc_lambda': 100.0, 'fisher_samples': 200, 'si_lambda': 1.0, 'si_xi': 0.1, 'der_alpha': 0.5, 'xder_beta': 0.5, 'lwf_lambda': 1.0, 'lwf_temp': 2.0, 'icarl_distill_w': 1.0, 'icarl_temp': 2.0, 'use_nmc': True, 'agem_mem_batch': 64, 'distill_lambda': 1.0, 'distill_temp': 2.0, 'pc_distill_w': 1.0, 'pc_ewc_lambda': 100.0, 'pc_compress_epochs': 3, 'er_replay_ratio': 0.5, 'joint_replay_epochs': 1, 'disable_tqdm': True, 'disable_checkpoints': False, 'disable_plots': False, 'resume': True, 'cleanup_checkpoints_on_success': True, 'result_group': 'runs', 'ablation_family': None, 'seeds': [42, 123, 456, 789, 1024], 'results_root': 'F:\\Temp\\cf\\Catastrophic Forgetting\\research_v2\\results', 'seed': 1024, 'run_name': 'permuted_mnist_icarl_seed1024', 'project_root': 'F:\\Temp\\cf\\Catastrophic Forgetting\\research_v2\\Project', 'workspace_root': 'F:\\Temp\\cf\\Catastrophic Forgetting\\research_v2', 'run_root': 'F:\\Temp\\cf\\Catastrophic Forgetting\\research_v2\\results\\runs\\epoch_1\\permuted_mnist\\hybrids\\icarl\\seed_1024', 'log_dir': 'F:\\Temp\\cf\\Catastrophic Forgetting\\research_v2\\results\\runs\\epoch_1\\permuted_mnist\\hybrids\\icarl\\seed_1024\\logs', 'metrics_dir': 'F:\\Temp\\cf\\Catastrophic Forgetting\\research_v2\\results\\runs\\epoch_1\\permuted_mnist\\hybrids\\icarl\\seed_1024\\metrics', 'checkpoint_dir': 'F:\\Temp\\cf\\Catastrophic Forgetting\\research_v2\\results\\runs\\epoch_1\\permuted_mnist\\hybrids\\icarl\\seed_1024\\checkpoints', 'artifact_dir': 'F:\\Temp\\cf\\Catastrophic Forgetting\\research_v2\\results\\runs\\epoch_1\\permuted_mnist\\hybrids\\icarl\\seed_1024\\artifacts', 'figure_dir': 'F:\\Temp\\cf\\Catastrophic Forgetting\\research_v2\\results\\figures\\epoch_1\\permuted_mnist\\hybrids\\icarl\\seed_1024'}
[07:24:44] Device: cuda
[07:24:44] Dataset: PermutedMNIST(tasks=10, classes_per_task=10, scenario=domain-il)
[07:24:44] 
============================================================
 Task 1/10  | Classes (0, 10)
============================================================
[07:24:44] Task 0 baseline (chance): 10.00%
[07:25:05] task=0  epoch=0  train_loss=0.3205
[07:25:18] task=0  epoch=END  time_sec=20.2  acc_task0=95.39
[07:25:18] 
============================================================
 Task 2/10  | Classes (0, 10)
============================================================
[07:25:18] Task 1 baseline (chance): 10.00%
[07:25:20] Task 1 zero-shot (pre-train): 12.11%
[07:25:43] task=1  epoch=0  train_loss=1.437
[07:25:58] task=1  epoch=END  time_sec=23.1  acc_task0=92.88  acc_task1=41.84
[07:25:59] 
============================================================
 Task 3/10  | Classes (0, 10)
============================================================
[07:25:59] Task 2 baseline (chance): 10.00%
[07:26:00] Task 2 zero-shot (pre-train): 10.00%
[07:26:25] task=2  epoch=0  train_loss=1.1201
[07:26:42] task=2  epoch=END  time_sec=24.5  acc_task0=91.68  acc_task1=14.95  acc_task2=11.77
[07:26:42] 
============================================================
 Task 4/10  | Classes (0, 10)
============================================================
[07:26:42] Task 3 baseline (chance): 10.00%
[07:26:44] Task 3 zero-shot (pre-train): 9.21%
[07:27:09] task=3  epoch=0  train_loss=1.0499
[07:27:28] task=3  epoch=END  time_sec=24.8  acc_task0=90.71  acc_task1=16.78  acc_task2=14.26  acc_task3=19.09
[07:27:28] 
============================================================
 Task 5/10  | Classes (0, 10)
============================================================
[07:27:28] Task 4 baseline (chance): 10.00%
[07:27:30] Task 4 zero-shot (pre-train): 9.48%
[07:27:53] task=4  epoch=0  train_loss=1.0699
[07:28:14] task=4  epoch=END  time_sec=23.2  acc_task0=90.63  acc_task1=17.08  acc_task2=15.32  acc_task3=18.46  acc_task4=18.72
[07:28:14] 
============================================================
 Task 6/10  | Classes (0, 10)
============================================================
[07:28:14] Task 5 baseline (chance): 10.00%
[07:28:16] Task 5 zero-shot (pre-train): 7.59%
[07:28:42] task=5  epoch=0  train_loss=1.0231
[07:29:05] task=5  epoch=END  time_sec=25.4  acc_task0=89.9  acc_task1=10.57  acc_task2=8.9  acc_task3=10.97  acc_task4=13.73  acc_task5=15.35
[07:29:05] 
============================================================
 Task 7/10  | Classes (0, 10)
============================================================
[07:29:05] Task 6 baseline (chance): 10.00%
[07:29:07] Task 6 zero-shot (pre-train): 8.89%
[07:29:31] task=6  epoch=0  train_loss=0.9851
[07:29:55] task=6  epoch=END  time_sec=24.3  acc_task0=89.22  acc_task1=8.96  acc_task2=8.92  acc_task3=8.97  acc_task4=8.97  acc_task5=8.95  acc_task6=11.8
[07:29:56] 
============================================================
 Task 8/10  | Classes (0, 10)
============================================================
[07:29:56] Task 7 baseline (chance): 10.00%
[07:29:57] Task 7 zero-shot (pre-train): 8.91%
[07:30:20] task=7  epoch=0  train_loss=1.0201
[07:30:46] task=7  epoch=END  time_sec=23.0  acc_task0=88.94  acc_task1=8.92  acc_task2=8.92  acc_task3=8.98  acc_task4=8.93  acc_task5=8.92  acc_task6=9.04  acc_task7=9.05
[07:30:47] 
============================================================
 Task 9/10  | Classes (0, 10)
============================================================
[07:30:47] Task 8 baseline (chance): 10.00%
[07:30:49] Task 8 zero-shot (pre-train): 8.92%
[07:31:13] task=8  epoch=0  train_loss=1.0375
[07:31:42] task=8  epoch=END  time_sec=24.3  acc_task0=88.96  acc_task1=8.92  acc_task2=8.92  acc_task3=8.92  acc_task4=8.92  acc_task5=8.92  acc_task6=8.92  acc_task7=8.92  acc_task8=8.94
[07:31:42] 
============================================================
 Task 10/10  | Classes (0, 10)
============================================================
[07:31:42] Task 9 baseline (chance): 10.00%
[07:31:44] Task 9 zero-shot (pre-train): 8.92%
[07:32:08] task=9  epoch=0  train_loss=0.9966
[07:32:37] task=9  epoch=END  time_sec=23.9  acc_task0=88.02  acc_task1=8.92  acc_task2=8.92  acc_task3=8.92  acc_task4=8.92  acc_task5=8.92  acc_task6=8.92  acc_task7=8.92  acc_task8=8.92  acc_task9=8.92
[07:32:37] 
Final Metrics:
  avg_accuracy         +16.8300
  forgetting           +8.4578
  backward_transfer    -8.0633
  forward_transfer     -0.6633
[07:32:38] 
Done - run: permuted_mnist_icarl_seed1024
[07:32:38] Metrics: {'avg_accuracy': 16.83, 'forgetting': 8.4578, 'backward_transfer': -8.0633, 'forward_transfer': -0.6633}
[07:32:38] Deleted 10 checkpoint(s) after successful completion.
[09:31:05] Starting: permuted_mnist_icarl_seed1024
[09:31:05] Config: {'dataset': 'permuted_mnist', 'data_root': 'F:\\Temp\\cf\\Catastrophic Forgetting\\research_v2\\Project\\data_local', 'dataset_image_size': 32, 'dataset_out_channels': None, 'model': 'slim_resnet18', 'pretrained': False, 'model_image_size': None, 'method': 'icarl', 'n_epochs': 1, 'batch_size': 32, 'num_workers': 2, 'lr': 0.03, 'momentum': 0.9, 'weight_decay': 0.0001, 'fp16': False, 'buffer_size': 500, 'ewc_lambda': 100.0, 'fisher_samples': 200, 'si_lambda': 1.0, 'si_xi': 0.1, 'der_alpha': 0.5, 'xder_beta': 0.5, 'lwf_lambda': 1.0, 'lwf_temp': 2.0, 'icarl_distill_w': 1.0, 'icarl_temp': 2.0, 'use_nmc': True, 'agem_mem_batch': 64, 'distill_lambda': 1.0, 'distill_temp': 2.0, 'pc_distill_w': 1.0, 'pc_ewc_lambda': 100.0, 'pc_compress_epochs': 3, 'er_replay_ratio': 0.5, 'joint_replay_epochs': 1, 'disable_tqdm': True, 'disable_checkpoints': False, 'disable_plots': False, 'resume': True, 'cleanup_checkpoints_on_success': True, 'result_group': 'runs', 'ablation_family': None, 'seeds': [42, 123, 456, 789, 1024], 'results_root': 'F:\\Temp\\cf\\Catastrophic Forgetting\\research_v2\\results', 'seed': 1024, 'run_name': 'permuted_mnist_icarl_seed1024', 'project_root': 'F:\\Temp\\cf\\Catastrophic Forgetting\\research_v2\\Project', 'workspace_root': 'F:\\Temp\\cf\\Catastrophic Forgetting\\research_v2', 'run_root': 'F:\\Temp\\cf\\Catastrophic Forgetting\\research_v2\\results\\runs\\epoch_1\\permuted_mnist\\hybrids\\icarl\\seed_1024', 'log_dir': 'F:\\Temp\\cf\\Catastrophic Forgetting\\research_v2\\results\\runs\\epoch_1\\permuted_mnist\\hybrids\\icarl\\seed_1024\\logs', 'metrics_dir': 'F:\\Temp\\cf\\Catastrophic Forgetting\\research_v2\\results\\runs\\epoch_1\\permuted_mnist\\hybrids\\icarl\\seed_1024\\metrics', 'checkpoint_dir': 'F:\\Temp\\cf\\Catastrophic Forgetting\\research_v2\\results\\runs\\epoch_1\\permuted_mnist\\hybrids\\icarl\\seed_1024\\checkpoints', 'artifact_dir': 'F:\\Temp\\cf\\Catastrophic Forgetting\\research_v2\\results\\runs\\epoch_1\\permuted_mnist\\hybrids\\icarl\\seed_1024\\artifacts', 'figure_dir': 'F:\\Temp\\cf\\Catastrophic Forgetting\\research_v2\\results\\figures\\epoch_1\\permuted_mnist\\hybrids\\icarl\\seed_1024'}
[09:31:05] Device: cuda
[09:31:05] Dataset: PermutedMNIST(tasks=10, classes_per_task=10, scenario=domain-il)
[09:31:05] 
============================================================
 Task 1/10  | Classes (0, 10)
============================================================
[09:31:05] Task 0 baseline (chance): 10.00%
[09:32:10] task=0  epoch=0  train_loss=0.2772
[09:32:46] task=0  epoch=END  time_sec=64.9  acc_task0=93.26
[09:32:47] 
============================================================
 Task 2/10  | Classes (0, 10)
============================================================
[09:32:47] Task 1 baseline (chance): 10.00%
[09:33:00] Task 1 zero-shot (pre-train): 11.47%
[09:34:21] task=1  epoch=0  train_loss=0.9865
[09:35:17] task=1  epoch=END  time_sec=81.7  acc_task0=90.6  acc_task1=8.92
[09:35:17] 
============================================================
 Task 3/10  | Classes (0, 10)
============================================================
[09:35:17] Task 2 baseline (chance): 10.00%
[09:35:30] Task 2 zero-shot (pre-train): 8.90%
[09:36:54] task=2  epoch=0  train_loss=0.9187
[09:38:02] task=2  epoch=END  time_sec=83.3  acc_task0=90.21  acc_task1=8.92  acc_task2=8.92
[09:38:03] 
============================================================
 Task 4/10  | Classes (0, 10)
============================================================
[09:38:03] Task 3 baseline (chance): 10.00%
[09:38:16] Task 3 zero-shot (pre-train): 8.92%
[09:40:08] task=3  epoch=0  train_loss=0.9253
[09:41:26] task=3  epoch=END  time_sec=111.7  acc_task0=90.17  acc_task1=8.96  acc_task2=9.86  acc_task3=15.26
[09:41:27] 
============================================================
 Task 5/10  | Classes (0, 10)
============================================================
[09:41:27] Task 4 baseline (chance): 10.00%
[09:41:41] Task 4 zero-shot (pre-train): 8.91%
[09:43:08] task=4  epoch=0  train_loss=0.9079
[09:44:33] task=4  epoch=END  time_sec=87.1  acc_task0=90.2  acc_task1=8.99  acc_task2=11.57  acc_task3=13.42  acc_task4=9.07
[09:44:34] 
============================================================
 Task 6/10  | Classes (0, 10)
============================================================
[09:44:34] Task 5 baseline (chance): 10.00%
[09:44:47] Task 5 zero-shot (pre-train): 9.72%
[09:46:08] task=5  epoch=0  train_loss=0.9047
[09:47:57] task=5  epoch=END  time_sec=80.4  acc_task0=89.18  acc_task1=8.93  acc_task2=9.02  acc_task3=9.34  acc_task4=9.02  acc_task5=10.56
[09:47:58] 
============================================================
 Task 7/10  | Classes (0, 10)
============================================================
[09:47:58] Task 6 baseline (chance): 10.00%
[09:48:10] Task 6 zero-shot (pre-train): 8.92%
[09:49:52] task=6  epoch=0  train_loss=0.9152
[09:51:41] task=6  epoch=END  time_sec=102.0  acc_task0=89.43  acc_task1=8.92  acc_task2=8.92  acc_task3=8.96  acc_task4=8.92  acc_task5=9.04  acc_task6=8.92
[09:51:41] 
============================================================
 Task 8/10  | Classes (0, 10)
============================================================
[09:51:41] Task 7 baseline (chance): 10.00%
[09:51:54] Task 7 zero-shot (pre-train): 8.92%
[09:53:30] task=7  epoch=0  train_loss=0.9103
[09:55:33] task=7  epoch=END  time_sec=96.8  acc_task0=88.76  acc_task1=8.92  acc_task2=8.9  acc_task3=9.1  acc_task4=10.59  acc_task5=10.04  acc_task6=10.39  acc_task7=15.86
[09:55:34] 
============================================================
 Task 9/10  | Classes (0, 10)
============================================================
[09:55:34] Task 8 baseline (chance): 10.00%
[09:55:46] Task 8 zero-shot (pre-train): 8.86%
[09:57:23] task=8  epoch=0  train_loss=0.8864
[09:59:41] task=8  epoch=END  time_sec=96.9  acc_task0=88.65  acc_task1=9.17  acc_task2=8.92  acc_task3=9.04  acc_task4=9.7  acc_task5=10.0  acc_task6=8.97  acc_task7=9.52  acc_task8=9.05
[09:59:42] 
============================================================
 Task 10/10  | Classes (0, 10)
============================================================
[09:59:42] Task 9 baseline (chance): 10.00%
[09:59:54] Task 9 zero-shot (pre-train): 8.96%
[10:01:33] task=9  epoch=0  train_loss=0.8976
[10:04:05] task=9  epoch=END  time_sec=99.0  acc_task0=88.78  acc_task1=8.79  acc_task2=8.86  acc_task3=9.62  acc_task4=10.33  acc_task5=10.32  acc_task6=9.41  acc_task7=12.77  acc_task8=13.32  acc_task9=16.77
[10:04:06] 
Final Metrics:
  avg_accuracy         +18.8970
  forgetting           +2.2311
  backward_transfer    -0.8467
  forward_transfer     -0.7133
[10:04:07] 
Done - run: permuted_mnist_icarl_seed1024
[10:04:07] Metrics: {'avg_accuracy': 18.897, 'forgetting': 2.2311, 'backward_transfer': -0.8467, 'forward_transfer': -0.7133}
[10:04:07] Deleted 10 checkpoint(s) after successful completion.
