[03:10:50] Starting: split_cifar10_er_ewc_buf200_seed1024
[03:10:50] Config: {'dataset': 'split_cifar10', 'data_root': 'F:\\Temp\\cf\\Catastrophic Forgetting\\research_v2\\Project\\data_local', 'dataset_image_size': None, 'dataset_out_channels': None, 'model': 'slim_resnet18', 'pretrained': False, 'model_image_size': None, 'method': 'er_ewc', 'n_epochs': 1, 'batch_size': 32, 'num_workers': 0, 'lr': 0.03, 'momentum': 0.9, 'weight_decay': 0.0001, 'fp16': False, 'buffer_size': 200, 'ewc_lambda': 100.0, 'fisher_samples': 200, 'si_lambda': 1.0, 'si_xi': 0.1, 'der_alpha': 0.5, 'xder_beta': 0.5, 'lwf_lambda': 1.0, 'lwf_temp': 2.0, 'icarl_distill_w': 1.0, 'icarl_temp': 2.0, 'use_nmc': True, 'agem_mem_batch': 64, 'distill_lambda': 1.0, 'distill_temp': 2.0, 'pc_distill_w': 1.0, 'pc_ewc_lambda': 100.0, 'pc_compress_epochs': 3, 'er_replay_ratio': 0.5, 'joint_replay_epochs': 1, 'disable_tqdm': True, 'disable_checkpoints': False, 'disable_plots': True, 'resume': False, 'cleanup_checkpoints_on_success': True, 'result_group': 'ablations', 'ablation_family': 'buffer', 'seeds': [42, 123, 456, 789, 1024], 'results_root': 'F:\\Temp\\cf\\Catastrophic Forgetting\\research_v2\\results', 'run_tag': 'buf200', 'seed': 1024, 'run_name': 'split_cifar10_er_ewc_buf200_seed1024', 'project_root': 'F:\\Temp\\cf\\Catastrophic Forgetting\\research_v2\\Project', 'workspace_root': 'F:\\Temp\\cf\\Catastrophic Forgetting\\research_v2', 'run_root': 'F:\\Temp\\cf\\Catastrophic Forgetting\\research_v2\\results\\ablations\\epoch_1\\split_cifar10\\buffer\\er_ewc__buf200\\seed_1024', 'log_dir': 'F:\\Temp\\cf\\Catastrophic Forgetting\\research_v2\\results\\ablations\\epoch_1\\split_cifar10\\buffer\\er_ewc__buf200\\seed_1024\\logs', 'metrics_dir': 'F:\\Temp\\cf\\Catastrophic Forgetting\\research_v2\\results\\ablations\\epoch_1\\split_cifar10\\buffer\\er_ewc__buf200\\seed_1024\\metrics', 'checkpoint_dir': 'F:\\Temp\\cf\\Catastrophic Forgetting\\research_v2\\results\\ablations\\epoch_1\\split_cifar10\\buffer\\er_ewc__buf200\\seed_1024\\checkpoints', 'artifact_dir': 'F:\\Temp\\cf\\Catastrophic Forgetting\\research_v2\\results\\ablations\\epoch_1\\split_cifar10\\buffer\\er_ewc__buf200\\seed_1024\\artifacts', 'figure_dir': 'F:\\Temp\\cf\\Catastrophic Forgetting\\research_v2\\results\\figures\\ablations\\epoch_1\\split_cifar10\\buffer\\er_ewc__buf200\\seed_1024'}
[03:10:50] Device: cuda
[03:10:52] Dataset: SplitCIFAR10(tasks=5, classes_per_task=2, scenario=class-il)
[03:10:52] 
============================================================
 Task 1/5  | Classes (0, 2)
============================================================
[03:10:52] Task 0 baseline (chance): 50.00%
[03:11:12] task=0  epoch=0  train_loss=0.4683
[03:11:14] task=0  epoch=END  time_sec=20.4  acc_task0=85.8
[03:11:14] 
============================================================
 Task 2/5  | Classes (2, 4)
============================================================
[03:11:14] Task 1 baseline (chance): 25.00%
[03:11:15] Task 1 zero-shot (pre-train): 2.25%
[03:11:46] task=1  epoch=0  train_loss=0.7188
[03:11:49] task=1  epoch=END  time_sec=30.8  acc_task0=37.25  acc_task1=68.6
[03:11:49] 
============================================================
 Task 3/5  | Classes (4, 6)
============================================================
[03:11:49] Task 2 baseline (chance): 16.67%
[03:11:50] Task 2 zero-shot (pre-train): 0.00%
[03:12:44] task=2  epoch=0  train_loss=0.7143
[03:12:48] task=2  epoch=END  time_sec=54.0  acc_task0=22.25  acc_task1=1.6  acc_task2=79.5
[03:12:48] 
============================================================
 Task 4/5  | Classes (6, 8)
============================================================
[03:12:48] Task 3 baseline (chance): 12.50%
[03:12:49] Task 3 zero-shot (pre-train): 0.00%
[03:13:35] task=3  epoch=0  train_loss=0.521
[03:13:39] task=3  epoch=END  time_sec=45.3  acc_task0=21.15  acc_task1=0.9  acc_task2=3.35  acc_task3=81.75
[03:13:40] 
============================================================
 Task 5/5  | Classes (8, 10)
============================================================
[03:13:40] Task 4 baseline (chance): 10.00%
[03:13:41] Task 4 zero-shot (pre-train): 0.00%
[03:14:28] task=4  epoch=0  train_loss=0.49
[03:14:33] task=4  epoch=END  time_sec=47.2  acc_task0=1.65  acc_task1=2.25  acc_task2=8.85  acc_task3=19.65  acc_task4=89.45
[03:14:34] 
Final Metrics:
  avg_accuracy         +24.3700
  forgetting           +70.8125
  backward_transfer    -70.8125
  forward_transfer     -15.4792
[03:14:34] 
Done - run: split_cifar10_er_ewc_buf200_seed1024
[03:14:34] Metrics: {'avg_accuracy': 24.37, 'forgetting': 70.8125, 'backward_transfer': -70.8125, 'forward_transfer': -15.4792}
[03:14:34] Deleted 5 checkpoint(s) after successful completion.
