[00:37:57] Starting: split_cifar10_agem_seed1024
[00:37:57] Config: {'dataset': 'split_cifar10', 'data_root': 'F:\\Temp\\cf\\Catastrophic Forgetting\\research_v2\\Project\\data_local', 'dataset_image_size': None, 'dataset_out_channels': None, 'model': 'slim_resnet18', 'pretrained': False, 'model_image_size': None, 'method': 'agem', 'n_epochs': 1, 'batch_size': 32, 'num_workers': 0, 'lr': 0.03, 'momentum': 0.9, 'weight_decay': 0.0001, 'fp16': False, 'buffer_size': 200, 'ewc_lambda': 100.0, 'fisher_samples': 200, 'si_lambda': 1.0, 'si_xi': 0.1, 'der_alpha': 0.5, 'xder_beta': 0.5, 'lwf_lambda': 1.0, 'lwf_temp': 2.0, 'icarl_distill_w': 1.0, 'icarl_temp': 2.0, 'use_nmc': True, 'agem_mem_batch': 64, 'distill_lambda': 1.0, 'distill_temp': 2.0, 'pc_distill_w': 1.0, 'pc_ewc_lambda': 100.0, 'pc_compress_epochs': 3, 'er_replay_ratio': 0.5, 'joint_replay_epochs': 1, 'disable_tqdm': True, 'disable_checkpoints': False, 'disable_plots': False, 'resume': True, 'cleanup_checkpoints_on_success': True, 'result_group': 'runs', 'ablation_family': None, 'seeds': [42, 123, 456, 789, 1024], 'results_root': 'F:\\Temp\\cf\\Catastrophic Forgetting\\research_v2\\results', 'seed': 1024, 'run_name': 'split_cifar10_agem_seed1024', 'project_root': 'F:\\Temp\\cf\\Catastrophic Forgetting\\research_v2\\Project', 'workspace_root': 'F:\\Temp\\cf\\Catastrophic Forgetting\\research_v2', 'run_root': 'F:\\Temp\\cf\\Catastrophic Forgetting\\research_v2\\results\\runs\\epoch_1\\split_cifar10\\baselines\\agem\\seed_1024', 'log_dir': 'F:\\Temp\\cf\\Catastrophic Forgetting\\research_v2\\results\\runs\\epoch_1\\split_cifar10\\baselines\\agem\\seed_1024\\logs', 'metrics_dir': 'F:\\Temp\\cf\\Catastrophic Forgetting\\research_v2\\results\\runs\\epoch_1\\split_cifar10\\baselines\\agem\\seed_1024\\metrics', 'checkpoint_dir': 'F:\\Temp\\cf\\Catastrophic Forgetting\\research_v2\\results\\runs\\epoch_1\\split_cifar10\\baselines\\agem\\seed_1024\\checkpoints', 'artifact_dir': 'F:\\Temp\\cf\\Catastrophic Forgetting\\research_v2\\results\\runs\\epoch_1\\split_cifar10\\baselines\\agem\\seed_1024\\artifacts', 'figure_dir': 'F:\\Temp\\cf\\Catastrophic Forgetting\\research_v2\\results\\figures\\epoch_1\\split_cifar10\\baselines\\agem\\seed_1024'}
[00:37:57] Device: cuda
[00:37:59] Dataset: SplitCIFAR10(tasks=5, classes_per_task=2, scenario=class-il)
[00:37:59] 
============================================================
 Task 1/5  | Classes (0, 2)
============================================================
[00:37:59] Task 0 baseline (chance): 50.00%
[00:38:12] task=0  epoch=0  train_loss=0.5336
[00:38:12] task=0  epoch=END  time_sec=12.4  acc_task0=85.75
[00:38:13] 
============================================================
 Task 2/5  | Classes (2, 4)
============================================================
[00:38:13] Task 1 baseline (chance): 25.00%
[00:38:13] Task 1 zero-shot (pre-train): 1.05%
[00:38:35] task=1  epoch=0  train_loss=0.635
[00:38:37] task=1  epoch=END  time_sec=21.6  acc_task0=0.0  acc_task1=74.2
[00:38:37] 
============================================================
 Task 3/5  | Classes (4, 6)
============================================================
[00:38:37] Task 2 baseline (chance): 16.67%
[00:38:38] Task 2 zero-shot (pre-train): 0.00%
[00:39:00] task=2  epoch=0  train_loss=0.5922
[00:39:03] task=2  epoch=END  time_sec=22.6  acc_task0=0.0  acc_task1=0.0  acc_task2=77.05
[00:39:03] 
============================================================
 Task 4/5  | Classes (6, 8)
============================================================
[00:39:03] Task 3 baseline (chance): 12.50%
[00:39:04] Task 3 zero-shot (pre-train): 0.00%
[00:39:27] task=3  epoch=0  train_loss=0.6172
[00:39:30] task=3  epoch=END  time_sec=23.3  acc_task0=0.0  acc_task1=0.0  acc_task2=0.0  acc_task3=83.0
[00:39:30] 
============================================================
 Task 5/5  | Classes (8, 10)
============================================================
[00:39:30] Task 4 baseline (chance): 10.00%
[00:39:31] Task 4 zero-shot (pre-train): 0.00%
[00:39:53] task=4  epoch=0  train_loss=0.5545
[00:39:57] task=4  epoch=END  time_sec=21.6  acc_task0=0.0  acc_task1=0.0  acc_task2=0.0  acc_task3=0.0  acc_task4=79.75
[00:39:57] 
Final Metrics:
  avg_accuracy         +15.9500
  forgetting           +80.0000
  backward_transfer    -80.0000
  forward_transfer     -15.7792
[00:39:58] 
Done - run: split_cifar10_agem_seed1024
[00:39:58] Metrics: {'avg_accuracy': 15.95, 'forgetting': 80.0, 'backward_transfer': -80.0, 'forward_transfer': -15.7792}
[00:39:58] Deleted 5 checkpoint(s) after successful completion.
