[03:08:09] Starting: split_mini_imagenet_joint_training_seed1024
[03:08:09] Config: {'dataset': 'split_mini_imagenet', 'data_root': 'F:\\Temp\\cf\\Catastrophic Forgetting\\research_v2\\Project\\data_local\\mini-imagenet', 'dataset_image_size': None, 'dataset_out_channels': None, 'model': 'slim_resnet18', 'pretrained': False, 'model_image_size': None, 'method': 'joint_training', 'n_epochs': 1, 'batch_size': 32, 'num_workers': 0, 'lr': 0.03, 'momentum': 0.9, 'weight_decay': 0.0001, 'fp16': True, 'buffer_size': 200, 'ewc_lambda': 100.0, 'fisher_samples': 200, 'si_lambda': 1.0, 'si_xi': 0.1, 'der_alpha': 0.5, 'xder_beta': 0.5, 'lwf_lambda': 1.0, 'lwf_temp': 2.0, 'icarl_distill_w': 1.0, 'icarl_temp': 2.0, 'use_nmc': True, 'agem_mem_batch': 64, 'distill_lambda': 1.0, 'distill_temp': 2.0, 'pc_distill_w': 1.0, 'pc_ewc_lambda': 100.0, 'pc_compress_epochs': 3, 'er_replay_ratio': 0.5, 'joint_replay_epochs': 1, 'disable_tqdm': True, 'disable_checkpoints': False, 'disable_plots': False, 'resume': True, 'cleanup_checkpoints_on_success': True, 'result_group': 'runs', 'ablation_family': None, 'seeds': [42, 123, 456, 789, 1024], 'results_root': 'F:\\Temp\\cf\\Catastrophic Forgetting\\research_v2\\results', 'seed': 1024, 'run_name': 'split_mini_imagenet_joint_training_seed1024', 'project_root': 'F:\\Temp\\cf\\Catastrophic Forgetting\\research_v2\\Project', 'workspace_root': 'F:\\Temp\\cf\\Catastrophic Forgetting\\research_v2', 'run_root': 'F:\\Temp\\cf\\Catastrophic Forgetting\\research_v2\\results\\runs\\epoch_1\\split_mini_imagenet\\baselines\\joint_training\\seed_1024', 'log_dir': 'F:\\Temp\\cf\\Catastrophic Forgetting\\research_v2\\results\\runs\\epoch_1\\split_mini_imagenet\\baselines\\joint_training\\seed_1024\\logs', 'metrics_dir': 'F:\\Temp\\cf\\Catastrophic Forgetting\\research_v2\\results\\runs\\epoch_1\\split_mini_imagenet\\baselines\\joint_training\\seed_1024\\metrics', 'checkpoint_dir': 'F:\\Temp\\cf\\Catastrophic Forgetting\\research_v2\\results\\runs\\epoch_1\\split_mini_imagenet\\baselines\\joint_training\\seed_1024\\checkpoints', 'artifact_dir': 'F:\\Temp\\cf\\Catastrophic Forgetting\\research_v2\\results\\runs\\epoch_1\\split_mini_imagenet\\baselines\\joint_training\\seed_1024\\artifacts', 'figure_dir': 'F:\\Temp\\cf\\Catastrophic Forgetting\\research_v2\\results\\figures\\epoch_1\\split_mini_imagenet\\baselines\\joint_training\\seed_1024'}
[03:08:11] Device: cuda
[03:08:13] Dataset: SplitMiniImageNet(tasks=20, classes_per_task=5, scenario=class-il)
[03:08:13] 
============================================================
 Task 1/20  | Classes (0, 5)
============================================================
[03:08:13] Task 0 baseline (chance): 20.00%
[03:08:28] task=0  epoch=0  train_loss=1.7116
[03:08:42] task=0  epoch=END  time_sec=14.9  acc_task0=39.5
[03:08:42] 
============================================================
 Task 2/20  | Classes (5, 10)
============================================================
[03:08:42] Task 1 baseline (chance): 10.00%
[03:08:45] Task 1 zero-shot (pre-train): 0.17%
[03:09:04] task=1  epoch=0  train_loss=1.4236
[03:09:21] task=1  epoch=END  time_sec=18.7  acc_task0=14.5  acc_task1=44.5
[03:09:22] 
============================================================
 Task 3/20  | Classes (10, 15)
============================================================
[03:09:22] Task 2 baseline (chance): 6.67%
[03:09:24] Task 2 zero-shot (pre-train): 0.00%
[03:09:36] task=2  epoch=0  train_loss=1.5164
[03:09:56] task=2  epoch=END  time_sec=11.8  acc_task0=18.17  acc_task1=49.0  acc_task2=17.33
[03:09:57] 
============================================================
 Task 4/20  | Classes (15, 20)
============================================================
[03:09:57] Task 3 baseline (chance): 5.00%
[03:09:59] Task 3 zero-shot (pre-train): 0.00%
[03:10:13] task=3  epoch=0  train_loss=1.7084
[03:10:40] task=3  epoch=END  time_sec=13.5  acc_task0=18.5  acc_task1=40.5  acc_task2=20.83  acc_task3=19.17
[03:10:41] 
============================================================
 Task 5/20  | Classes (20, 25)
============================================================
[03:10:41] Task 4 baseline (chance): 4.00%
[03:10:43] Task 4 zero-shot (pre-train): 0.00%
[03:11:03] task=4  epoch=0  train_loss=1.7689
[03:11:58] task=4  epoch=END  time_sec=19.8  acc_task0=17.0  acc_task1=36.5  acc_task2=28.5  acc_task3=6.33  acc_task4=14.83
[03:11:59] 
============================================================
 Task 6/20  | Classes (25, 30)
============================================================
[03:11:59] Task 5 baseline (chance): 3.33%
[03:12:03] Task 5 zero-shot (pre-train): 0.00%
[03:12:26] task=5  epoch=0  train_loss=1.7134
[03:13:16] task=5  epoch=END  time_sec=22.6  acc_task0=12.0  acc_task1=39.0  acc_task2=22.17  acc_task3=8.67  acc_task4=11.83  acc_task5=11.83
[03:13:17] 
============================================================
 Task 7/20  | Classes (30, 35)
============================================================
[03:13:17] Task 6 baseline (chance): 2.86%
[03:13:21] Task 6 zero-shot (pre-train): 0.00%
[03:13:40] task=6  epoch=0  train_loss=1.5724
[03:14:31] task=6  epoch=END  time_sec=19.8  acc_task0=14.5  acc_task1=33.17  acc_task2=18.17  acc_task3=1.83  acc_task4=10.67  acc_task5=30.83  acc_task6=19.17
[03:14:33] 
============================================================
 Task 8/20  | Classes (35, 40)
============================================================
[03:14:33] Task 7 baseline (chance): 2.50%
[03:14:37] Task 7 zero-shot (pre-train): 0.00%
[03:14:57] task=7  epoch=0  train_loss=1.6561
[03:15:56] task=7  epoch=END  time_sec=20.2  acc_task0=20.67  acc_task1=33.17  acc_task2=18.17  acc_task3=12.33  acc_task4=19.33  acc_task5=23.67  acc_task6=26.17  acc_task7=20.67
[03:15:58] 
============================================================
 Task 9/20  | Classes (40, 45)
============================================================
[03:15:58] Task 8 baseline (chance): 2.22%
[03:16:02] Task 8 zero-shot (pre-train): 0.00%
[03:16:25] task=8  epoch=0  train_loss=1.5402
[03:17:22] task=8  epoch=END  time_sec=22.7  acc_task0=19.67  acc_task1=25.0  acc_task2=25.0  acc_task3=18.17  acc_task4=13.5  acc_task5=28.83  acc_task6=24.83  acc_task7=16.83  acc_task8=21.33
[03:17:24] 
============================================================
 Task 10/20  | Classes (45, 50)
============================================================
[03:17:24] Task 9 baseline (chance): 2.00%
[03:17:26] Task 9 zero-shot (pre-train): 0.00%
[03:17:43] task=9  epoch=0  train_loss=1.8752
[03:19:04] task=9  epoch=END  time_sec=16.7  acc_task0=23.5  acc_task1=22.67  acc_task2=21.67  acc_task3=18.67  acc_task4=11.67  acc_task5=24.0  acc_task6=22.5  acc_task7=31.83  acc_task8=31.83  acc_task9=11.67
[03:19:07] 
============================================================
 Task 11/20  | Classes (50, 55)
============================================================
[03:19:07] Task 10 baseline (chance): 1.82%
[03:19:11] Task 10 zero-shot (pre-train): 0.00%
[03:19:31] task=10  epoch=0  train_loss=1.5835
[03:21:08] task=10  epoch=END  time_sec=20.5  acc_task0=25.33  acc_task1=30.0  acc_task2=28.67  acc_task3=31.0  acc_task4=13.0  acc_task5=30.5  acc_task6=24.33  acc_task7=27.17  acc_task8=32.33  acc_task9=21.0  acc_task10=25.33
[03:21:15] 
============================================================
 Task 12/20  | Classes (55, 60)
============================================================
[03:21:15] Task 11 baseline (chance): 1.67%
[03:21:19] Task 11 zero-shot (pre-train): 0.00%
[03:21:39] task=11  epoch=0  train_loss=1.5801
[03:23:32] task=11  epoch=END  time_sec=20.4  acc_task0=25.33  acc_task1=41.17  acc_task2=35.83  acc_task3=20.5  acc_task4=29.83  acc_task5=37.0  acc_task6=32.5  acc_task7=36.0  acc_task8=23.33  acc_task9=20.5  acc_task10=30.17  acc_task11=25.33
[03:23:38] 
============================================================
 Task 13/20  | Classes (60, 65)
============================================================
[03:23:38] Task 12 baseline (chance): 1.54%
[03:23:43] Task 12 zero-shot (pre-train): 0.00%
[03:24:05] task=12  epoch=0  train_loss=1.7857
[03:26:08] task=12  epoch=END  time_sec=22.2  acc_task0=33.0  acc_task1=50.5  acc_task2=25.67  acc_task3=27.0  acc_task4=31.5  acc_task5=43.5  acc_task6=42.33  acc_task7=37.5  acc_task8=38.0  acc_task9=18.0  acc_task10=38.83  acc_task11=27.5  acc_task12=10.17
[03:26:13] 
============================================================
 Task 14/20  | Classes (65, 70)
============================================================
[03:26:13] Task 13 baseline (chance): 1.43%
[03:26:24] Task 13 zero-shot (pre-train): 0.00%
[03:26:50] task=13  epoch=0  train_loss=1.5535
[03:29:14] task=13  epoch=END  time_sec=26.3  acc_task0=45.67  acc_task1=47.0  acc_task2=28.67  acc_task3=28.17  acc_task4=27.17  acc_task5=41.83  acc_task6=38.0  acc_task7=31.33  acc_task8=35.17  acc_task9=15.67  acc_task10=43.17  acc_task11=39.33  acc_task12=27.5  acc_task13=22.0
[03:29:18] 
============================================================
 Task 15/20  | Classes (70, 75)
============================================================
[03:29:18] Task 14 baseline (chance): 1.33%
[03:29:22] Task 14 zero-shot (pre-train): 0.00%
[03:29:45] task=14  epoch=0  train_loss=1.3683
[03:31:57] task=14  epoch=END  time_sec=22.3  acc_task0=55.0  acc_task1=54.83  acc_task2=39.33  acc_task3=31.17  acc_task4=37.5  acc_task5=53.5  acc_task6=38.33  acc_task7=37.83  acc_task8=37.17  acc_task9=29.33  acc_task10=36.5  acc_task11=26.5  acc_task12=29.83  acc_task13=31.17  acc_task14=42.5
[03:32:02] 
============================================================
 Task 16/20  | Classes (75, 80)
============================================================
[03:32:02] Task 15 baseline (chance): 1.25%
[03:32:06] Task 15 zero-shot (pre-train): 0.00%
[03:32:28] task=15  epoch=0  train_loss=1.3292
[03:35:11] task=15  epoch=END  time_sec=22.4  acc_task0=56.5  acc_task1=58.33  acc_task2=38.33  acc_task3=49.33  acc_task4=29.17  acc_task5=37.17  acc_task6=49.5  acc_task7=33.5  acc_task8=33.83  acc_task9=26.0  acc_task10=39.83  acc_task11=32.67  acc_task12=39.5  acc_task13=23.33  acc_task14=44.0  acc_task15=49.0
[03:35:19] 
============================================================
 Task 17/20  | Classes (80, 85)
============================================================
[03:35:19] Task 16 baseline (chance): 1.18%
[03:35:23] Task 16 zero-shot (pre-train): 0.00%
[03:35:44] task=16  epoch=0  train_loss=1.3657
[03:39:12] task=16  epoch=END  time_sec=21.0  acc_task0=56.17  acc_task1=46.33  acc_task2=38.0  acc_task3=33.83  acc_task4=38.0  acc_task5=50.5  acc_task6=35.0  acc_task7=23.83  acc_task8=49.33  acc_task9=24.5  acc_task10=50.5  acc_task11=30.0  acc_task12=22.17  acc_task13=33.5  acc_task14=44.17  acc_task15=58.67  acc_task16=39.83
[03:39:28] 
============================================================
 Task 18/20  | Classes (85, 90)
============================================================
[03:39:28] Task 17 baseline (chance): 1.11%
[03:39:33] Task 17 zero-shot (pre-train): 0.00%
[03:39:56] task=17  epoch=0  train_loss=1.3704
[03:43:49] task=17  epoch=END  time_sec=22.7  acc_task0=63.0  acc_task1=63.67  acc_task2=39.0  acc_task3=41.67  acc_task4=45.17  acc_task5=58.67  acc_task6=58.17  acc_task7=34.33  acc_task8=42.17  acc_task9=24.67  acc_task10=41.33  acc_task11=29.5  acc_task12=43.83  acc_task13=34.0  acc_task14=48.83  acc_task15=42.83  acc_task16=55.5  acc_task17=31.0
[03:43:55] 
============================================================
 Task 19/20  | Classes (90, 95)
============================================================
[03:43:55] Task 18 baseline (chance): 1.05%
[03:44:00] Task 18 zero-shot (pre-train): 0.00%
[03:44:22] task=18  epoch=0  train_loss=1.3225
[03:48:45] task=18  epoch=END  time_sec=22.1  acc_task0=63.0  acc_task1=48.5  acc_task2=44.33  acc_task3=47.0  acc_task4=43.33  acc_task5=49.33  acc_task6=46.0  acc_task7=40.17  acc_task8=35.33  acc_task9=25.5  acc_task10=53.33  acc_task11=37.5  acc_task12=45.5  acc_task13=31.17  acc_task14=46.0  acc_task15=57.0  acc_task16=46.5  acc_task17=42.0  acc_task18=47.5
[03:48:51] 
============================================================
 Task 20/20  | Classes (95, 100)
============================================================
[03:48:51] Task 19 baseline (chance): 1.00%
[03:48:56] Task 19 zero-shot (pre-train): 0.00%
[03:49:25] task=19  epoch=0  train_loss=1.3418
[04:00:26] task=19  epoch=END  time_sec=28.3  acc_task0=55.33  acc_task1=54.0  acc_task2=43.83  acc_task3=42.33  acc_task4=48.83  acc_task5=64.67  acc_task6=60.83  acc_task7=31.17  acc_task8=46.33  acc_task9=39.33  acc_task10=42.5  acc_task11=37.17  acc_task12=47.67  acc_task13=35.5  acc_task14=55.83  acc_task15=58.33  acc_task16=58.5  acc_task17=41.17  acc_task18=57.83  acc_task19=48.33
[04:00:55] 
Final Metrics:
  avg_accuracy         +48.4750
  forgetting           +2.6842
  backward_transfer    +21.5000
  forward_transfer     -2.7257
[04:01:01] 
Done - run: split_mini_imagenet_joint_training_seed1024
[04:01:01] Metrics: {'avg_accuracy': 48.475, 'forgetting': 2.6842, 'backward_transfer': 21.5, 'forward_transfer': -2.7257}
[04:01:01] Deleted 20 checkpoint(s) after successful completion.
