[17:39:03] Starting: split_cifar10_der_seed1024
[17:39:03] Config: {'dataset': 'split_cifar10', 'data_root': 'Project/data_local', 'model': 'slim_resnet18', 'pretrained': False, 'method': 'der', 'n_epochs': 1, 'batch_size': 32, 'num_workers': 0, 'lr': 0.03, 'momentum': 0.9, 'weight_decay': 0.0001, 'fp16': False, 'buffer_size': 200, 'ewc_lambda': 100.0, 'fisher_samples': 200, 'si_lambda': 1.0, 'si_xi': 0.1, 'der_alpha': 0.5, 'xder_beta': 0.5, 'lwf_lambda': 1.0, 'lwf_temp': 2.0, 'icarl_distill_w': 1.0, 'icarl_temp': 2.0, 'use_nmc': True, 'agem_mem_batch': 64, 'distill_lambda': 1.0, 'distill_temp': 2.0, 'pc_distill_w': 1.0, 'pc_ewc_lambda': 100.0, 'pc_compress_epochs': 3, 'er_replay_ratio': 0.5, 'joint_replay_epochs': 1, 'disable_tqdm': True, 'disable_checkpoints': True, 'disable_plots': False, 'seeds': [42, 123, 456, 789, 1024], 'results_root': 'results_phase3_fwt', 'checkpoint_dir': 'results/checkpoints', 'figure_dir': 'results_phase3_fwt/figures', 'log_dir': 'results_phase3_fwt/raw', 'run_name': 'split_cifar10_der_seed1024', 'seed': 1024}
[17:39:03] Device: cuda
[17:39:04] Dataset: SplitCIFAR10(tasks=5, classes_per_task=2, scenario=class-il)
[17:39:04] 
============================================================
 Task 1/5  | Classes (0, 2)
============================================================
[17:39:04] Task 0 baseline (chance): 50.00%
[17:39:23] task=0  epoch=0  train_loss=0.7338
[17:39:24] task=0  epoch=END  time_sec=18.9  acc_task0=86.5
[17:39:24] 
============================================================
 Task 2/5  | Classes (2, 4)
============================================================
[17:39:24] Task 1 baseline (chance): 25.00%
[17:39:25] Task 1 zero-shot (pre-train): 0.00%
[17:39:44] task=1  epoch=0  train_loss=0.7637
[17:39:46] task=1  epoch=END  time_sec=19.0  acc_task0=0.0  acc_task1=73.9
[17:39:46] 
============================================================
 Task 3/5  | Classes (4, 6)
============================================================
[17:39:46] Task 2 baseline (chance): 16.67%
[17:39:47] Task 2 zero-shot (pre-train): 0.00%
[17:40:06] task=2  epoch=0  train_loss=0.8501
[17:40:08] task=2  epoch=END  time_sec=19.1  acc_task0=0.0  acc_task1=0.0  acc_task2=78.55
[17:40:08] 
============================================================
 Task 4/5  | Classes (6, 8)
============================================================
[17:40:08] Task 3 baseline (chance): 12.50%
[17:40:09] Task 3 zero-shot (pre-train): 0.00%
[17:40:28] task=3  epoch=0  train_loss=0.9395
[17:40:31] task=3  epoch=END  time_sec=19.0  acc_task0=0.0  acc_task1=0.0  acc_task2=0.0  acc_task3=85.55
[17:40:31] 
============================================================
 Task 5/5  | Classes (8, 10)
============================================================
[17:40:31] Task 4 baseline (chance): 10.00%
[17:40:32] Task 4 zero-shot (pre-train): 0.00%
[17:40:51] task=4  epoch=0  train_loss=1.6152
[17:40:56] task=4  epoch=END  time_sec=19.1  acc_task0=0.0  acc_task1=0.0  acc_task2=0.0  acc_task3=0.0  acc_task4=80.35
[17:40:56] 
Final Metrics:
  avg_accuracy         +16.0700
  forgetting           +81.1250
  backward_transfer    -81.1250
  forward_transfer     -16.0417
[17:40:56] 
Done - run: split_cifar10_der_seed1024
[17:40:56] Metrics: {'avg_accuracy': 16.07, 'forgetting': 81.125, 'backward_transfer': -81.125, 'forward_transfer': -16.0417}
