[17:36:53] Starting: split_cifar10_der_seed789
[17:36:53] Config: {'dataset': 'split_cifar10', 'data_root': 'Project/data_local', 'model': 'slim_resnet18', 'pretrained': False, 'method': 'der', 'n_epochs': 1, 'batch_size': 32, 'num_workers': 0, 'lr': 0.03, 'momentum': 0.9, 'weight_decay': 0.0001, 'fp16': False, 'buffer_size': 200, 'ewc_lambda': 100.0, 'fisher_samples': 200, 'si_lambda': 1.0, 'si_xi': 0.1, 'der_alpha': 0.5, 'xder_beta': 0.5, 'lwf_lambda': 1.0, 'lwf_temp': 2.0, 'icarl_distill_w': 1.0, 'icarl_temp': 2.0, 'use_nmc': True, 'agem_mem_batch': 64, 'distill_lambda': 1.0, 'distill_temp': 2.0, 'pc_distill_w': 1.0, 'pc_ewc_lambda': 100.0, 'pc_compress_epochs': 3, 'er_replay_ratio': 0.5, 'joint_replay_epochs': 1, 'disable_tqdm': True, 'disable_checkpoints': True, 'disable_plots': False, 'seeds': [42, 123, 456, 789, 1024], 'results_root': 'results_phase3_fwt', 'checkpoint_dir': 'results/checkpoints', 'figure_dir': 'results_phase3_fwt/figures', 'log_dir': 'results_phase3_fwt/raw', 'run_name': 'split_cifar10_der_seed789', 'seed': 789}
[17:36:53] Device: cuda
[17:36:55] Dataset: SplitCIFAR10(tasks=5, classes_per_task=2, scenario=class-il)
[17:36:55] 
============================================================
 Task 1/5  | Classes (0, 2)
============================================================
[17:36:55] Task 0 baseline (chance): 50.00%
[17:37:18] task=0  epoch=0  train_loss=1.0642
[17:37:19] task=0  epoch=END  time_sec=22.5  acc_task0=77.05
[17:37:19] 
============================================================
 Task 2/5  | Classes (2, 4)
============================================================
[17:37:19] Task 1 baseline (chance): 25.00%
[17:37:20] Task 1 zero-shot (pre-train): 1.60%
[17:37:42] task=1  epoch=0  train_loss=0.8129
[17:37:44] task=1  epoch=END  time_sec=22.4  acc_task0=0.0  acc_task1=72.5
[17:37:44] 
============================================================
 Task 3/5  | Classes (4, 6)
============================================================
[17:37:44] Task 2 baseline (chance): 16.67%
[17:37:45] Task 2 zero-shot (pre-train): 0.00%
[17:38:08] task=2  epoch=0  train_loss=0.846
[17:38:11] task=2  epoch=END  time_sec=22.6  acc_task0=0.0  acc_task1=0.0  acc_task2=76.35
[17:38:11] 
============================================================
 Task 4/5  | Classes (6, 8)
============================================================
[17:38:11] Task 3 baseline (chance): 12.50%
[17:38:12] Task 3 zero-shot (pre-train): 0.00%
[17:38:34] task=3  epoch=0  train_loss=1.1454
[17:38:38] task=3  epoch=END  time_sec=22.2  acc_task0=0.0  acc_task1=0.0  acc_task2=0.0  acc_task3=85.75
[17:38:38] 
============================================================
 Task 5/5  | Classes (8, 10)
============================================================
[17:38:38] Task 4 baseline (chance): 10.00%
[17:38:39] Task 4 zero-shot (pre-train): 0.00%
[17:38:58] task=4  epoch=0  train_loss=1.2574
[17:39:02] task=4  epoch=END  time_sec=19.1  acc_task0=0.0  acc_task1=0.0  acc_task2=0.0  acc_task3=0.0  acc_task4=83.8
[17:39:02] 
Final Metrics:
  avg_accuracy         +16.7600
  forgetting           +77.9125
  backward_transfer    -77.9125
  forward_transfer     -15.6417
[17:39:03] 
Done - run: split_cifar10_der_seed789
[17:39:03] Metrics: {'avg_accuracy': 16.76, 'forgetting': 77.9125, 'backward_transfer': -77.9125, 'forward_transfer': -15.6417}
