[17:30:09] Starting: split_cifar10_der_seed42
[17:30:09] Config: {'dataset': 'split_cifar10', 'data_root': 'Project/data_local', 'model': 'slim_resnet18', 'pretrained': False, 'method': 'der', 'n_epochs': 1, 'batch_size': 32, 'num_workers': 0, 'lr': 0.03, 'momentum': 0.9, 'weight_decay': 0.0001, 'fp16': False, 'buffer_size': 200, 'ewc_lambda': 100.0, 'fisher_samples': 200, 'si_lambda': 1.0, 'si_xi': 0.1, 'der_alpha': 0.5, 'xder_beta': 0.5, 'lwf_lambda': 1.0, 'lwf_temp': 2.0, 'icarl_distill_w': 1.0, 'icarl_temp': 2.0, 'use_nmc': True, 'agem_mem_batch': 64, 'distill_lambda': 1.0, 'distill_temp': 2.0, 'pc_distill_w': 1.0, 'pc_ewc_lambda': 100.0, 'pc_compress_epochs': 3, 'er_replay_ratio': 0.5, 'joint_replay_epochs': 1, 'disable_tqdm': True, 'disable_checkpoints': True, 'disable_plots': False, 'seeds': [42, 123, 456, 789, 1024], 'results_root': 'results_phase3_fwt', 'checkpoint_dir': 'results/checkpoints', 'figure_dir': 'results_phase3_fwt/figures', 'log_dir': 'results_phase3_fwt/raw', 'run_name': 'split_cifar10_der_seed42', 'seed': 42}
[17:30:09] Device: cuda
[17:30:11] Dataset: SplitCIFAR10(tasks=5, classes_per_task=2, scenario=class-il)
[17:30:11] 
============================================================
 Task 1/5  | Classes (0, 2)
============================================================
[17:30:11] Task 0 baseline (chance): 50.00%
[17:30:35] task=0  epoch=0  train_loss=0.9812
[17:30:36] task=0  epoch=END  time_sec=23.4  acc_task0=83.5
[17:30:36] 
============================================================
 Task 2/5  | Classes (2, 4)
============================================================
[17:30:36] Task 1 baseline (chance): 25.00%
[17:30:37] Task 1 zero-shot (pre-train): 0.00%
[17:30:59] task=1  epoch=0  train_loss=0.889
[17:31:01] task=1  epoch=END  time_sec=21.9  acc_task0=0.0  acc_task1=69.95
[17:31:01] 
============================================================
 Task 3/5  | Classes (4, 6)
============================================================
[17:31:01] Task 2 baseline (chance): 16.67%
[17:31:02] Task 2 zero-shot (pre-train): 0.00%
[17:31:24] task=2  epoch=0  train_loss=0.8894
[17:31:27] task=2  epoch=END  time_sec=22.2  acc_task0=0.0  acc_task1=0.0  acc_task2=75.35
[17:31:27] 
============================================================
 Task 4/5  | Classes (6, 8)
============================================================
[17:31:27] Task 3 baseline (chance): 12.50%
[17:31:28] Task 3 zero-shot (pre-train): 0.00%
[17:31:50] task=3  epoch=0  train_loss=1.2633
[17:31:54] task=3  epoch=END  time_sec=22.0  acc_task0=0.0  acc_task1=0.0  acc_task2=0.25  acc_task3=82.25
[17:31:54] 
============================================================
 Task 5/5  | Classes (8, 10)
============================================================
[17:31:54] Task 4 baseline (chance): 10.00%
[17:31:55] Task 4 zero-shot (pre-train): 0.00%
[17:32:18] task=4  epoch=0  train_loss=1.5574
[17:32:23] task=4  epoch=END  time_sec=22.2  acc_task0=0.0  acc_task1=0.0  acc_task2=0.0  acc_task3=0.0  acc_task4=81.0
[17:32:23] 
Final Metrics:
  avg_accuracy         +16.2000
  forgetting           +77.7625
  backward_transfer    -77.7625
  forward_transfer     -16.0417
[17:32:24] 
Done - run: split_cifar10_der_seed42
[17:32:24] Metrics: {'avg_accuracy': 16.2, 'forgetting': 77.7625, 'backward_transfer': -77.7625, 'forward_transfer': -16.0417}
