[05:08:12] Starting: split_cifar10_si_der_buf500_seed1024
[05:08:12] Config: {'dataset': 'split_cifar10', 'data_root': 'F:\\Temp\\cf\\Catastrophic Forgetting\\research_v2\\Project\\data_local', 'dataset_image_size': None, 'dataset_out_channels': None, 'model': 'slim_resnet18', 'pretrained': False, 'model_image_size': None, 'method': 'si_der', 'n_epochs': 1, 'batch_size': 32, 'num_workers': 0, 'lr': 0.03, 'momentum': 0.9, 'weight_decay': 0.0001, 'fp16': False, 'buffer_size': 500, 'ewc_lambda': 100.0, 'fisher_samples': 200, 'si_lambda': 1.0, 'si_xi': 0.1, 'der_alpha': 0.5, 'xder_beta': 0.5, 'lwf_lambda': 1.0, 'lwf_temp': 2.0, 'icarl_distill_w': 1.0, 'icarl_temp': 2.0, 'use_nmc': True, 'agem_mem_batch': 64, 'distill_lambda': 1.0, 'distill_temp': 2.0, 'pc_distill_w': 1.0, 'pc_ewc_lambda': 100.0, 'pc_compress_epochs': 3, 'er_replay_ratio': 0.5, 'joint_replay_epochs': 1, 'disable_tqdm': True, 'disable_checkpoints': False, 'disable_plots': True, 'resume': False, 'cleanup_checkpoints_on_success': True, 'result_group': 'ablations', 'ablation_family': 'buffer', 'seeds': [42, 123, 456, 789, 1024], 'results_root': 'F:\\Temp\\cf\\Catastrophic Forgetting\\research_v2\\results', 'run_tag': 'buf500', 'seed': 1024, 'run_name': 'split_cifar10_si_der_buf500_seed1024', 'project_root': 'F:\\Temp\\cf\\Catastrophic Forgetting\\research_v2\\Project', 'workspace_root': 'F:\\Temp\\cf\\Catastrophic Forgetting\\research_v2', 'run_root': 'F:\\Temp\\cf\\Catastrophic Forgetting\\research_v2\\results\\ablations\\epoch_1\\split_cifar10\\buffer\\si_der__buf500\\seed_1024', 'log_dir': 'F:\\Temp\\cf\\Catastrophic Forgetting\\research_v2\\results\\ablations\\epoch_1\\split_cifar10\\buffer\\si_der__buf500\\seed_1024\\logs', 'metrics_dir': 'F:\\Temp\\cf\\Catastrophic Forgetting\\research_v2\\results\\ablations\\epoch_1\\split_cifar10\\buffer\\si_der__buf500\\seed_1024\\metrics', 'checkpoint_dir': 'F:\\Temp\\cf\\Catastrophic Forgetting\\research_v2\\results\\ablations\\epoch_1\\split_cifar10\\buffer\\si_der__buf500\\seed_1024\\checkpoints', 'artifact_dir': 'F:\\Temp\\cf\\Catastrophic Forgetting\\research_v2\\results\\ablations\\epoch_1\\split_cifar10\\buffer\\si_der__buf500\\seed_1024\\artifacts', 'figure_dir': 'F:\\Temp\\cf\\Catastrophic Forgetting\\research_v2\\results\\figures\\ablations\\epoch_1\\split_cifar10\\buffer\\si_der__buf500\\seed_1024'}
[05:08:12] Device: cuda
[05:08:15] Dataset: SplitCIFAR10(tasks=5, classes_per_task=2, scenario=class-il)
[05:08:15] 
============================================================
 Task 1/5  | Classes (0, 2)
============================================================
[05:08:15] Task 0 baseline (chance): 50.00%
[05:08:45] task=0  epoch=0  train_loss=0.7778
[05:08:46] task=0  epoch=END  time_sec=30.1  acc_task0=86.9
[05:08:47] 
============================================================
 Task 2/5  | Classes (2, 4)
============================================================
[05:08:47] Task 1 baseline (chance): 25.00%
[05:08:48] Task 1 zero-shot (pre-train): 12.00%
[05:09:26] task=1  epoch=0  train_loss=0.7601
[05:09:28] task=1  epoch=END  time_sec=38.6  acc_task0=0.0  acc_task1=71.1
[05:09:28] 
============================================================
 Task 3/5  | Classes (4, 6)
============================================================
[05:09:28] Task 2 baseline (chance): 16.67%
[05:09:29] Task 2 zero-shot (pre-train): 0.00%
[05:10:22] task=2  epoch=0  train_loss=0.9226
[05:10:25] task=2  epoch=END  time_sec=52.7  acc_task0=0.0  acc_task1=0.0  acc_task2=78.3
[05:10:25] 
============================================================
 Task 4/5  | Classes (6, 8)
============================================================
[05:10:25] Task 3 baseline (chance): 12.50%
[05:10:26] Task 3 zero-shot (pre-train): 0.00%
[05:11:23] task=3  epoch=0  train_loss=1.1294
[05:11:26] task=3  epoch=END  time_sec=57.0  acc_task0=0.0  acc_task1=0.0  acc_task2=0.0  acc_task3=87.9
[05:11:27] 
============================================================
 Task 5/5  | Classes (8, 10)
============================================================
[05:11:27] Task 4 baseline (chance): 10.00%
[05:11:27] Task 4 zero-shot (pre-train): 0.00%
[05:12:06] task=4  epoch=0  train_loss=1.345
[05:12:11] task=4  epoch=END  time_sec=38.9  acc_task0=0.0  acc_task1=0.0  acc_task2=0.0  acc_task3=0.0  acc_task4=84.45
[05:12:11] 
Final Metrics:
  avg_accuracy         +16.8900
  forgetting           +81.0500
  backward_transfer    -81.0500
  forward_transfer     -13.0417
[05:12:11] 
Done - run: split_cifar10_si_der_buf500_seed1024
[05:12:11] Metrics: {'avg_accuracy': 16.89, 'forgetting': 81.05, 'backward_transfer': -81.05, 'forward_transfer': -13.0417}
[05:12:11] Deleted 5 checkpoint(s) after successful completion.
