[00:39:01] Starting: split_cifar100_agem_seed789
[00:39:01] Config: {'dataset': 'split_cifar100', 'data_root': 'F:\\Temp\\cf\\Catastrophic Forgetting\\research_v2\\Project\\data_local', 'dataset_image_size': None, 'dataset_out_channels': None, 'model': 'slim_resnet18', 'pretrained': False, 'model_image_size': None, 'method': 'agem', 'n_epochs': 1, 'batch_size': 32, 'num_workers': 0, 'lr': 0.03, 'momentum': 0.9, 'weight_decay': 0.0001, 'fp16': True, 'buffer_size': 200, 'ewc_lambda': 100.0, 'fisher_samples': 200, 'si_lambda': 1.0, 'si_xi': 0.1, 'der_alpha': 0.5, 'xder_beta': 0.5, 'lwf_lambda': 1.0, 'lwf_temp': 2.0, 'icarl_distill_w': 1.0, 'icarl_temp': 2.0, 'use_nmc': True, 'agem_mem_batch': 64, 'distill_lambda': 1.0, 'distill_temp': 2.0, 'pc_distill_w': 1.0, 'pc_ewc_lambda': 100.0, 'pc_compress_epochs': 3, 'er_replay_ratio': 0.5, 'joint_replay_epochs': 1, 'disable_tqdm': True, 'disable_checkpoints': False, 'disable_plots': False, 'resume': True, 'cleanup_checkpoints_on_success': True, 'result_group': 'runs', 'ablation_family': None, 'seeds': [42, 123, 456, 789, 1024], 'results_root': 'F:\\Temp\\cf\\Catastrophic Forgetting\\research_v2\\results', 'seed': 789, 'run_name': 'split_cifar100_agem_seed789', 'project_root': 'F:\\Temp\\cf\\Catastrophic Forgetting\\research_v2\\Project', 'workspace_root': 'F:\\Temp\\cf\\Catastrophic Forgetting\\research_v2', 'run_root': 'F:\\Temp\\cf\\Catastrophic Forgetting\\research_v2\\results\\runs\\epoch_1\\split_cifar100\\baselines\\agem\\seed_789', 'log_dir': 'F:\\Temp\\cf\\Catastrophic Forgetting\\research_v2\\results\\runs\\epoch_1\\split_cifar100\\baselines\\agem\\seed_789\\logs', 'metrics_dir': 'F:\\Temp\\cf\\Catastrophic Forgetting\\research_v2\\results\\runs\\epoch_1\\split_cifar100\\baselines\\agem\\seed_789\\metrics', 'checkpoint_dir': 'F:\\Temp\\cf\\Catastrophic Forgetting\\research_v2\\results\\runs\\epoch_1\\split_cifar100\\baselines\\agem\\seed_789\\checkpoints', 'artifact_dir': 'F:\\Temp\\cf\\Catastrophic Forgetting\\research_v2\\results\\runs\\epoch_1\\split_cifar100\\baselines\\agem\\seed_789\\artifacts', 'figure_dir': 'F:\\Temp\\cf\\Catastrophic Forgetting\\research_v2\\results\\figures\\epoch_1\\split_cifar100\\baselines\\agem\\seed_789'}
[00:39:01] Device: cuda
[00:39:03] Dataset: SplitCIFAR100(tasks=20, classes_per_task=5, scenario=class-il)
[00:39:03] 
============================================================
 Task 1/20  | Classes (0, 5)
============================================================
[00:39:03] Task 0 baseline (chance): 20.00%
[00:39:07] task=0  epoch=0  train_loss=1.5232
[00:39:07] task=0  epoch=END  time_sec=4.2  acc_task0=53.2
[00:39:07] 
============================================================
 Task 2/20  | Classes (5, 10)
============================================================
[00:39:07] Task 1 baseline (chance): 10.00%
[00:39:08] Task 1 zero-shot (pre-train): 0.00%
[00:39:15] task=1  epoch=0  train_loss=1.685
[00:39:15] task=1  epoch=END  time_sec=7.3  acc_task0=0.0  acc_task1=35.2
[00:39:15] 
============================================================
 Task 3/20  | Classes (10, 15)
============================================================
[00:39:15] Task 2 baseline (chance): 6.67%
[00:39:16] Task 2 zero-shot (pre-train): 0.00%
[00:39:23] task=2  epoch=0  train_loss=1.6424
[00:39:23] task=2  epoch=END  time_sec=7.1  acc_task0=0.0  acc_task1=0.0  acc_task2=38.0
[00:39:23] 
============================================================
 Task 4/20  | Classes (15, 20)
============================================================
[00:39:23] Task 3 baseline (chance): 5.00%
[00:39:24] Task 3 zero-shot (pre-train): 0.00%
[00:39:30] task=3  epoch=0  train_loss=1.8393
[00:39:31] task=3  epoch=END  time_sec=6.0  acc_task0=0.0  acc_task1=0.0  acc_task2=0.0  acc_task3=48.0
[00:39:31] 
============================================================
 Task 5/20  | Classes (20, 25)
============================================================
[00:39:31] Task 4 baseline (chance): 4.00%
[00:39:31] Task 4 zero-shot (pre-train): 0.00%
[00:39:38] task=4  epoch=0  train_loss=1.9664
[00:39:38] task=4  epoch=END  time_sec=6.7  acc_task0=0.0  acc_task1=0.0  acc_task2=0.0  acc_task3=0.0  acc_task4=38.0
[00:39:39] 
============================================================
 Task 6/20  | Classes (25, 30)
============================================================
[00:39:39] Task 5 baseline (chance): 3.33%
[00:39:39] Task 5 zero-shot (pre-train): 0.00%
[00:39:45] task=5  epoch=0  train_loss=2.3266
[00:39:46] task=5  epoch=END  time_sec=6.2  acc_task0=0.0  acc_task1=0.0  acc_task2=0.0  acc_task3=0.0  acc_task4=0.0  acc_task5=21.0
[00:39:46] 
============================================================
 Task 7/20  | Classes (30, 35)
============================================================
[00:39:46] Task 6 baseline (chance): 2.86%
[00:39:46] Task 6 zero-shot (pre-train): 0.00%
[00:39:53] task=6  epoch=0  train_loss=2.3343
[00:39:54] task=6  epoch=END  time_sec=6.5  acc_task0=0.0  acc_task1=0.0  acc_task2=0.0  acc_task3=0.0  acc_task4=0.0  acc_task5=0.0  acc_task6=20.8
[00:39:55] 
============================================================
 Task 8/20  | Classes (35, 40)
============================================================
[00:39:55] Task 7 baseline (chance): 2.50%
[00:39:55] Task 7 zero-shot (pre-train): 0.00%
[00:40:01] task=7  epoch=0  train_loss=2.5761
[00:40:02] task=7  epoch=END  time_sec=6.1  acc_task0=0.0  acc_task1=0.0  acc_task2=0.0  acc_task3=0.0  acc_task4=0.0  acc_task5=0.0  acc_task6=0.0  acc_task7=30.0
[00:40:02] 
============================================================
 Task 9/20  | Classes (40, 45)
============================================================
[00:40:02] Task 8 baseline (chance): 2.22%
[00:40:03] Task 8 zero-shot (pre-train): 0.00%
[00:40:09] task=8  epoch=0  train_loss=2.3419
[00:40:11] task=8  epoch=END  time_sec=6.4  acc_task0=0.0  acc_task1=0.0  acc_task2=0.0  acc_task3=0.0  acc_task4=0.0  acc_task5=0.0  acc_task6=0.0  acc_task7=0.0  acc_task8=33.0
[00:40:11] 
============================================================
 Task 10/20  | Classes (45, 50)
============================================================
[00:40:11] Task 9 baseline (chance): 2.00%
[00:40:11] Task 9 zero-shot (pre-train): 0.00%
[00:40:18] task=9  epoch=0  train_loss=2.1981
[00:40:20] task=9  epoch=END  time_sec=6.7  acc_task0=0.0  acc_task1=0.0  acc_task2=0.0  acc_task3=0.0  acc_task4=0.0  acc_task5=0.0  acc_task6=0.0  acc_task7=0.0  acc_task8=0.0  acc_task9=34.2
[00:40:20] 
============================================================
 Task 11/20  | Classes (50, 55)
============================================================
[00:40:20] Task 10 baseline (chance): 1.82%
[00:40:20] Task 10 zero-shot (pre-train): 0.00%
[00:40:28] task=10  epoch=0  train_loss=2.156
[00:40:30] task=10  epoch=END  time_sec=7.3  acc_task0=0.0  acc_task1=0.0  acc_task2=0.0  acc_task3=0.0  acc_task4=0.0  acc_task5=0.0  acc_task6=0.0  acc_task7=0.0  acc_task8=0.0  acc_task9=0.0  acc_task10=41.6
[00:40:30] 
============================================================
 Task 12/20  | Classes (55, 60)
============================================================
[00:40:30] Task 11 baseline (chance): 1.67%
[00:40:30] Task 11 zero-shot (pre-train): 0.00%
[00:40:37] task=11  epoch=0  train_loss=2.2693
[00:40:40] task=11  epoch=END  time_sec=7.3  acc_task0=0.0  acc_task1=0.0  acc_task2=0.0  acc_task3=0.0  acc_task4=0.0  acc_task5=0.0  acc_task6=0.0  acc_task7=0.0  acc_task8=0.0  acc_task9=0.0  acc_task10=0.0  acc_task11=35.0
[00:40:40] 
============================================================
 Task 13/20  | Classes (60, 65)
============================================================
[00:40:40] Task 12 baseline (chance): 1.54%
[00:40:40] Task 12 zero-shot (pre-train): 0.00%
[00:40:47] task=12  epoch=0  train_loss=2.2459
[00:40:49] task=12  epoch=END  time_sec=6.7  acc_task0=0.0  acc_task1=0.0  acc_task2=0.0  acc_task3=0.0  acc_task4=0.0  acc_task5=0.0  acc_task6=0.0  acc_task7=0.0  acc_task8=0.0  acc_task9=0.0  acc_task10=0.0  acc_task11=0.0  acc_task12=53.0
[00:40:49] 
============================================================
 Task 14/20  | Classes (65, 70)
============================================================
[00:40:49] Task 13 baseline (chance): 1.43%
[00:40:50] Task 13 zero-shot (pre-train): 0.00%
[00:40:56] task=13  epoch=0  train_loss=2.3322
[00:40:59] task=13  epoch=END  time_sec=6.6  acc_task0=0.0  acc_task1=0.0  acc_task2=0.0  acc_task3=0.0  acc_task4=0.0  acc_task5=0.0  acc_task6=0.0  acc_task7=0.0  acc_task8=0.0  acc_task9=0.0  acc_task10=0.0  acc_task11=0.0  acc_task12=0.0  acc_task13=39.0
[00:40:59] 
============================================================
 Task 15/20  | Classes (70, 75)
============================================================
[00:40:59] Task 14 baseline (chance): 1.33%
[00:40:59] Task 14 zero-shot (pre-train): 0.00%
[00:41:05] task=14  epoch=0  train_loss=2.0482
[00:41:08] task=14  epoch=END  time_sec=6.4  acc_task0=0.0  acc_task1=0.0  acc_task2=0.0  acc_task3=0.0  acc_task4=0.0  acc_task5=0.0  acc_task6=0.0  acc_task7=0.0  acc_task8=0.0  acc_task9=0.0  acc_task10=0.0  acc_task11=0.0  acc_task12=0.0  acc_task13=0.0  acc_task14=63.2
[00:41:08] 
============================================================
 Task 16/20  | Classes (75, 80)
============================================================
[00:41:08] Task 15 baseline (chance): 1.25%
[00:41:09] Task 15 zero-shot (pre-train): 0.00%
[00:41:15] task=15  epoch=0  train_loss=2.5055
[00:41:18] task=15  epoch=END  time_sec=6.4  acc_task0=0.0  acc_task1=0.0  acc_task2=0.0  acc_task3=0.0  acc_task4=0.0  acc_task5=0.0  acc_task6=0.0  acc_task7=0.0  acc_task8=0.0  acc_task9=0.0  acc_task10=0.0  acc_task11=0.0  acc_task12=0.0  acc_task13=0.0  acc_task14=0.0  acc_task15=43.2
[00:41:18] 
============================================================
 Task 17/20  | Classes (80, 85)
============================================================
[00:41:18] Task 16 baseline (chance): 1.18%
[00:41:18] Task 16 zero-shot (pre-train): 0.00%
[00:41:25] task=16  epoch=0  train_loss=2.1685
[00:41:28] task=16  epoch=END  time_sec=6.8  acc_task0=0.0  acc_task1=0.0  acc_task2=0.0  acc_task3=0.0  acc_task4=0.0  acc_task5=0.0  acc_task6=0.0  acc_task7=0.0  acc_task8=0.0  acc_task9=0.0  acc_task10=0.0  acc_task11=0.0  acc_task12=0.0  acc_task13=0.0  acc_task14=0.0  acc_task15=0.0  acc_task16=48.8
[00:41:28] 
============================================================
 Task 18/20  | Classes (85, 90)
============================================================
[00:41:28] Task 17 baseline (chance): 1.11%
[00:41:28] Task 17 zero-shot (pre-train): 0.00%
[00:41:35] task=17  epoch=0  train_loss=2.5292
[00:41:39] task=17  epoch=END  time_sec=6.7  acc_task0=0.0  acc_task1=0.0  acc_task2=0.0  acc_task3=0.0  acc_task4=0.0  acc_task5=0.0  acc_task6=0.0  acc_task7=0.0  acc_task8=0.0  acc_task9=0.0  acc_task10=0.0  acc_task11=0.0  acc_task12=0.0  acc_task13=0.0  acc_task14=0.0  acc_task15=0.0  acc_task16=0.0  acc_task17=30.0
[00:41:39] 
============================================================
 Task 19/20  | Classes (90, 95)
============================================================
[00:41:39] Task 18 baseline (chance): 1.05%
[00:41:39] Task 18 zero-shot (pre-train): 0.00%
[00:41:46] task=18  epoch=0  train_loss=2.2764
[00:41:50] task=18  epoch=END  time_sec=7.4  acc_task0=0.0  acc_task1=0.0  acc_task2=0.0  acc_task3=0.0  acc_task4=0.0  acc_task5=0.0  acc_task6=0.0  acc_task7=0.0  acc_task8=0.0  acc_task9=0.0  acc_task10=0.0  acc_task11=0.0  acc_task12=0.0  acc_task13=0.0  acc_task14=0.0  acc_task15=0.0  acc_task16=0.0  acc_task17=0.0  acc_task18=41.8
[00:41:50] 
============================================================
 Task 20/20  | Classes (95, 100)
============================================================
[00:41:50] Task 19 baseline (chance): 1.00%
[00:41:50] Task 19 zero-shot (pre-train): 0.00%
[00:41:58] task=19  epoch=0  train_loss=2.532
[00:42:02] task=19  epoch=END  time_sec=7.3  acc_task0=0.0  acc_task1=0.0  acc_task2=0.0  acc_task3=0.0  acc_task4=0.0  acc_task5=0.0  acc_task6=0.0  acc_task7=0.0  acc_task8=0.0  acc_task9=0.0  acc_task10=0.0  acc_task11=0.0  acc_task12=0.0  acc_task13=0.0  acc_task14=0.0  acc_task15=0.0  acc_task16=0.0  acc_task17=0.0  acc_task18=0.0  acc_task19=44.8
[00:42:02] 
Final Metrics:
  avg_accuracy         +2.2400
  forgetting           +39.3158
  backward_transfer    -39.3158
  forward_transfer     -2.7345
[00:42:04] 
Done - run: split_cifar100_agem_seed789
[00:42:04] Metrics: {'avg_accuracy': 2.24, 'forgetting': 39.3158, 'backward_transfer': -39.3158, 'forward_transfer': -2.7345}
[00:42:04] Deleted 20 checkpoint(s) after successful completion.
