[03:25:09] Starting: split_cifar100_joint_training_seed789
[03:25:09] Config: {'dataset': 'split_cifar100', 'data_root': 'F:\\Temp\\cf\\Catastrophic Forgetting\\research_v2\\Project\\data_local', 'dataset_image_size': None, 'dataset_out_channels': None, 'model': 'slim_resnet18', 'pretrained': False, 'model_image_size': None, 'method': 'joint_training', 'n_epochs': 1, 'batch_size': 32, 'num_workers': 0, 'lr': 0.03, 'momentum': 0.9, 'weight_decay': 0.0001, 'fp16': True, 'buffer_size': 200, 'ewc_lambda': 100.0, 'fisher_samples': 200, 'si_lambda': 1.0, 'si_xi': 0.1, 'der_alpha': 0.5, 'xder_beta': 0.5, 'lwf_lambda': 1.0, 'lwf_temp': 2.0, 'icarl_distill_w': 1.0, 'icarl_temp': 2.0, 'use_nmc': True, 'agem_mem_batch': 64, 'distill_lambda': 1.0, 'distill_temp': 2.0, 'pc_distill_w': 1.0, 'pc_ewc_lambda': 100.0, 'pc_compress_epochs': 3, 'er_replay_ratio': 0.5, 'joint_replay_epochs': 1, 'disable_tqdm': True, 'disable_checkpoints': False, 'disable_plots': False, 'resume': True, 'cleanup_checkpoints_on_success': True, 'result_group': 'runs', 'ablation_family': None, 'seeds': [42, 123, 456, 789, 1024], 'results_root': 'F:\\Temp\\cf\\Catastrophic Forgetting\\research_v2\\results', 'seed': 789, 'run_name': 'split_cifar100_joint_training_seed789', 'project_root': 'F:\\Temp\\cf\\Catastrophic Forgetting\\research_v2\\Project', 'workspace_root': 'F:\\Temp\\cf\\Catastrophic Forgetting\\research_v2', 'run_root': 'F:\\Temp\\cf\\Catastrophic Forgetting\\research_v2\\results\\runs\\epoch_1\\split_cifar100\\baselines\\joint_training\\seed_789', 'log_dir': 'F:\\Temp\\cf\\Catastrophic Forgetting\\research_v2\\results\\runs\\epoch_1\\split_cifar100\\baselines\\joint_training\\seed_789\\logs', 'metrics_dir': 'F:\\Temp\\cf\\Catastrophic Forgetting\\research_v2\\results\\runs\\epoch_1\\split_cifar100\\baselines\\joint_training\\seed_789\\metrics', 'checkpoint_dir': 'F:\\Temp\\cf\\Catastrophic Forgetting\\research_v2\\results\\runs\\epoch_1\\split_cifar100\\baselines\\joint_training\\seed_789\\checkpoints', 'artifact_dir': 'F:\\Temp\\cf\\Catastrophic Forgetting\\research_v2\\results\\runs\\epoch_1\\split_cifar100\\baselines\\joint_training\\seed_789\\artifacts', 'figure_dir': 'F:\\Temp\\cf\\Catastrophic Forgetting\\research_v2\\results\\figures\\epoch_1\\split_cifar100\\baselines\\joint_training\\seed_789'}
[03:25:09] Device: cuda
[03:25:11] Dataset: SplitCIFAR100(tasks=20, classes_per_task=5, scenario=class-il)
[03:25:11] 
============================================================
 Task 1/20  | Classes (0, 5)
============================================================
[03:25:11] Task 0 baseline (chance): 20.00%
[03:25:14] task=0  epoch=0  train_loss=1.5232
[03:25:18] task=0  epoch=END  time_sec=3.3  acc_task0=56.4
[03:25:18] 
============================================================
 Task 2/20  | Classes (5, 10)
============================================================
[03:25:18] Task 1 baseline (chance): 10.00%
[03:25:18] Task 1 zero-shot (pre-train): 0.00%
[03:25:21] task=1  epoch=0  train_loss=1.6387
[03:25:26] task=1  epoch=END  time_sec=3.0  acc_task0=41.8  acc_task1=24.0
[03:25:26] 
============================================================
 Task 3/20  | Classes (10, 15)
============================================================
[03:25:26] Task 2 baseline (chance): 6.67%
[03:25:26] Task 2 zero-shot (pre-train): 0.00%
[03:25:29] task=2  epoch=0  train_loss=1.5612
[03:25:36] task=2  epoch=END  time_sec=3.1  acc_task0=38.6  acc_task1=25.0  acc_task2=29.4
[03:25:36] 
============================================================
 Task 4/20  | Classes (15, 20)
============================================================
[03:25:36] Task 3 baseline (chance): 5.00%
[03:25:36] Task 3 zero-shot (pre-train): 0.00%
[03:25:39] task=3  epoch=0  train_loss=1.4811
[03:25:47] task=3  epoch=END  time_sec=2.8  acc_task0=38.0  acc_task1=26.8  acc_task2=5.8  acc_task3=30.0
[03:25:47] 
============================================================
 Task 5/20  | Classes (20, 25)
============================================================
[03:25:47] Task 4 baseline (chance): 4.00%
[03:25:47] Task 4 zero-shot (pre-train): 0.00%
[03:25:50] task=4  epoch=0  train_loss=1.4354
[03:26:00] task=4  epoch=END  time_sec=3.2  acc_task0=27.4  acc_task1=14.6  acc_task2=14.0  acc_task3=36.8  acc_task4=41.8
[03:26:01] 
============================================================
 Task 6/20  | Classes (25, 30)
============================================================
[03:26:01] Task 5 baseline (chance): 3.33%
[03:26:01] Task 5 zero-shot (pre-train): 0.00%
[03:26:04] task=5  epoch=0  train_loss=1.7202
[03:26:15] task=5  epoch=END  time_sec=3.1  acc_task0=31.4  acc_task1=26.4  acc_task2=24.4  acc_task3=27.4  acc_task4=52.6  acc_task5=7.4
[03:26:15] 
============================================================
 Task 7/20  | Classes (30, 35)
============================================================
[03:26:15] Task 6 baseline (chance): 2.86%
[03:26:15] Task 6 zero-shot (pre-train): 0.00%
[03:26:19] task=6  epoch=0  train_loss=1.4946
[03:26:32] task=6  epoch=END  time_sec=3.1  acc_task0=25.8  acc_task1=26.6  acc_task2=29.4  acc_task3=30.6  acc_task4=50.8  acc_task5=13.2  acc_task6=29.0
[03:26:32] 
============================================================
 Task 8/20  | Classes (35, 40)
============================================================
[03:26:32] Task 7 baseline (chance): 2.50%
[03:26:32] Task 7 zero-shot (pre-train): 0.00%
[03:26:35] task=7  epoch=0  train_loss=1.4333
[03:26:49] task=7  epoch=END  time_sec=3.0  acc_task0=33.8  acc_task1=25.0  acc_task2=24.2  acc_task3=39.0  acc_task4=48.0  acc_task5=9.4  acc_task6=20.6  acc_task7=24.4
[03:26:50] 
============================================================
 Task 9/20  | Classes (40, 45)
============================================================
[03:26:50] Task 8 baseline (chance): 2.22%
[03:26:50] Task 8 zero-shot (pre-train): 0.00%
[03:26:53] task=8  epoch=0  train_loss=1.5737
[03:27:10] task=8  epoch=END  time_sec=3.1  acc_task0=34.0  acc_task1=38.6  acc_task2=27.2  acc_task3=29.2  acc_task4=44.0  acc_task5=9.2  acc_task6=35.4  acc_task7=16.0  acc_task8=32.6
[03:27:10] 
============================================================
 Task 10/20  | Classes (45, 50)
============================================================
[03:27:10] Task 9 baseline (chance): 2.00%
[03:27:10] Task 9 zero-shot (pre-train): 0.00%
[03:27:14] task=9  epoch=0  train_loss=1.2424
[03:27:32] task=9  epoch=END  time_sec=3.4  acc_task0=34.6  acc_task1=42.8  acc_task2=26.8  acc_task3=33.0  acc_task4=48.0  acc_task5=21.4  acc_task6=32.8  acc_task7=27.6  acc_task8=29.0  acc_task9=36.8
[03:27:33] 
============================================================
 Task 11/20  | Classes (50, 55)
============================================================
[03:27:33] Task 10 baseline (chance): 1.82%
[03:27:33] Task 10 zero-shot (pre-train): 0.00%
[03:27:36] task=10  epoch=0  train_loss=1.2144
[03:27:55] task=10  epoch=END  time_sec=3.2  acc_task0=30.8  acc_task1=42.6  acc_task2=28.6  acc_task3=39.4  acc_task4=45.0  acc_task5=20.8  acc_task6=36.2  acc_task7=34.0  acc_task8=26.0  acc_task9=37.0  acc_task10=34.2
[03:27:56] 
============================================================
 Task 12/20  | Classes (55, 60)
============================================================
[03:27:56] Task 11 baseline (chance): 1.67%
[03:27:56] Task 11 zero-shot (pre-train): 0.00%
[03:27:59] task=11  epoch=0  train_loss=1.342
[03:28:20] task=11  epoch=END  time_sec=3.0  acc_task0=36.8  acc_task1=45.8  acc_task2=30.4  acc_task3=39.4  acc_task4=55.6  acc_task5=22.8  acc_task6=45.2  acc_task7=40.2  acc_task8=38.6  acc_task9=35.6  acc_task10=45.4  acc_task11=29.6
[03:28:21] 
============================================================
 Task 13/20  | Classes (60, 65)
============================================================
[03:28:21] Task 12 baseline (chance): 1.54%
[03:28:21] Task 12 zero-shot (pre-train): 0.00%
[03:28:24] task=12  epoch=0  train_loss=1.1629
[03:28:48] task=12  epoch=END  time_sec=3.3  acc_task0=37.6  acc_task1=48.8  acc_task2=34.8  acc_task3=51.8  acc_task4=57.2  acc_task5=28.4  acc_task6=49.4  acc_task7=30.8  acc_task8=38.6  acc_task9=44.6  acc_task10=41.8  acc_task11=42.4  acc_task12=47.4
[03:28:48] 
============================================================
 Task 14/20  | Classes (65, 70)
============================================================
[03:28:48] Task 13 baseline (chance): 1.43%
[03:28:49] Task 13 zero-shot (pre-train): 0.00%
[03:28:52] task=13  epoch=0  train_loss=1.3573
[03:29:16] task=13  epoch=END  time_sec=3.3  acc_task0=32.4  acc_task1=52.8  acc_task2=51.0  acc_task3=28.8  acc_task4=55.2  acc_task5=30.8  acc_task6=48.6  acc_task7=37.4  acc_task8=39.4  acc_task9=45.0  acc_task10=53.0  acc_task11=34.8  acc_task12=39.8  acc_task13=32.2
[03:29:17] 
============================================================
 Task 15/20  | Classes (70, 75)
============================================================
[03:29:17] Task 14 baseline (chance): 1.33%
[03:29:17] Task 14 zero-shot (pre-train): 0.00%
[03:29:20] task=14  epoch=0  train_loss=1.3087
[03:29:46] task=14  epoch=END  time_sec=3.1  acc_task0=44.0  acc_task1=54.2  acc_task2=38.4  acc_task3=54.4  acc_task4=62.2  acc_task5=37.4  acc_task6=52.4  acc_task7=43.2  acc_task8=45.4  acc_task9=54.4  acc_task10=54.0  acc_task11=46.0  acc_task12=49.6  acc_task13=41.2  acc_task14=34.2
[03:29:47] 
============================================================
 Task 16/20  | Classes (75, 80)
============================================================
[03:29:47] Task 15 baseline (chance): 1.25%
[03:29:47] Task 15 zero-shot (pre-train): 0.00%
[03:29:51] task=15  epoch=0  train_loss=1.3324
[03:30:17] task=15  epoch=END  time_sec=3.4  acc_task0=35.2  acc_task1=50.0  acc_task2=39.4  acc_task3=47.4  acc_task4=65.6  acc_task5=38.4  acc_task6=48.0  acc_task7=44.2  acc_task8=49.2  acc_task9=54.2  acc_task10=53.2  acc_task11=49.4  acc_task12=48.8  acc_task13=47.8  acc_task14=29.6  acc_task15=42.4
[03:30:18] 
============================================================
 Task 17/20  | Classes (80, 85)
============================================================
[03:30:18] Task 16 baseline (chance): 1.18%
[03:30:18] Task 16 zero-shot (pre-train): 0.00%
[03:30:22] task=16  epoch=0  train_loss=1.3581
[03:30:51] task=16  epoch=END  time_sec=3.3  acc_task0=34.8  acc_task1=55.6  acc_task2=30.8  acc_task3=50.2  acc_task4=61.8  acc_task5=43.2  acc_task6=50.2  acc_task7=44.4  acc_task8=51.2  acc_task9=54.4  acc_task10=56.2  acc_task11=49.6  acc_task12=46.4  acc_task13=47.8  acc_task14=29.6  acc_task15=45.0  acc_task16=35.8
[03:30:52] 
============================================================
 Task 18/20  | Classes (85, 90)
============================================================
[03:30:52] Task 17 baseline (chance): 1.11%
[03:30:52] Task 17 zero-shot (pre-train): 0.00%
[03:30:55] task=17  epoch=0  train_loss=1.3362
[03:31:27] task=17  epoch=END  time_sec=3.4  acc_task0=35.6  acc_task1=48.6  acc_task2=34.6  acc_task3=40.8  acc_task4=67.8  acc_task5=41.2  acc_task6=51.8  acc_task7=46.0  acc_task8=52.6  acc_task9=48.6  acc_task10=56.6  acc_task11=50.8  acc_task12=53.0  acc_task13=52.4  acc_task14=36.8  acc_task15=51.6  acc_task16=41.0  acc_task17=33.6
[03:31:28] 
============================================================
 Task 19/20  | Classes (90, 95)
============================================================
[03:31:28] Task 18 baseline (chance): 1.05%
[03:31:28] Task 18 zero-shot (pre-train): 0.00%
[03:31:32] task=18  epoch=0  train_loss=1.3417
[03:32:05] task=18  epoch=END  time_sec=3.4  acc_task0=42.8  acc_task1=49.4  acc_task2=40.6  acc_task3=45.6  acc_task4=59.4  acc_task5=35.4  acc_task6=40.0  acc_task7=39.6  acc_task8=47.6  acc_task9=46.8  acc_task10=61.0  acc_task11=52.8  acc_task12=47.8  acc_task13=45.4  acc_task14=32.8  acc_task15=45.4  acc_task16=40.2  acc_task17=42.2  acc_task18=42.8
[03:32:06] 
============================================================
 Task 20/20  | Classes (95, 100)
============================================================
[03:32:06] Task 19 baseline (chance): 1.00%
[03:32:06] Task 19 zero-shot (pre-train): 0.00%
[03:32:09] task=19  epoch=0  train_loss=1.2495
[03:32:44] task=19  epoch=END  time_sec=3.4  acc_task0=36.0  acc_task1=53.6  acc_task2=42.2  acc_task3=52.2  acc_task4=60.6  acc_task5=42.0  acc_task6=42.0  acc_task7=39.2  acc_task8=50.8  acc_task9=50.2  acc_task10=52.8  acc_task11=47.2  acc_task12=42.2  acc_task13=57.8  acc_task14=35.2  acc_task15=47.6  acc_task16=47.2  acc_task17=46.4  acc_task18=37.8  acc_task19=25.4
[03:32:45] 
Final Metrics:
  avg_accuracy         +45.4200
  forgetting           +5.2737
  backward_transfer    +12.5789
  forward_transfer     -2.7345
[03:32:47] 
Done - run: split_cifar100_joint_training_seed789
[03:32:47] Metrics: {'avg_accuracy': 45.42, 'forgetting': 5.2737, 'backward_transfer': 12.5789, 'forward_transfer': -2.7345}
[03:32:48] Deleted 20 checkpoint(s) after successful completion.
