[02:31:54] Starting: split_cifar10_si_der_seed42
[02:31:54] Config: {'dataset': 'split_cifar10', 'data_root': 'F:\\Temp\\cf\\Catastrophic Forgetting\\research_v2\\Project\\data_local', 'dataset_image_size': None, 'dataset_out_channels': None, 'model': 'slim_resnet18', 'pretrained': False, 'model_image_size': None, 'method': 'si_der', 'n_epochs': 1, 'batch_size': 32, 'num_workers': 0, 'lr': 0.03, 'momentum': 0.9, 'weight_decay': 0.0001, 'fp16': False, 'buffer_size': 200, 'ewc_lambda': 100.0, 'fisher_samples': 200, 'si_lambda': 1.0, 'si_xi': 0.1, 'der_alpha': 0.5, 'xder_beta': 0.5, 'lwf_lambda': 1.0, 'lwf_temp': 2.0, 'icarl_distill_w': 1.0, 'icarl_temp': 2.0, 'use_nmc': True, 'agem_mem_batch': 64, 'distill_lambda': 1.0, 'distill_temp': 2.0, 'pc_distill_w': 1.0, 'pc_ewc_lambda': 100.0, 'pc_compress_epochs': 3, 'er_replay_ratio': 0.5, 'joint_replay_epochs': 1, 'disable_tqdm': True, 'disable_checkpoints': False, 'disable_plots': False, 'resume': True, 'cleanup_checkpoints_on_success': True, 'result_group': 'runs', 'ablation_family': None, 'seeds': [42, 123, 456, 789, 1024], 'results_root': 'F:\\Temp\\cf\\Catastrophic Forgetting\\research_v2\\results', 'seed': 42, 'run_name': 'split_cifar10_si_der_seed42', 'project_root': 'F:\\Temp\\cf\\Catastrophic Forgetting\\research_v2\\Project', 'workspace_root': 'F:\\Temp\\cf\\Catastrophic Forgetting\\research_v2', 'run_root': 'F:\\Temp\\cf\\Catastrophic Forgetting\\research_v2\\results\\runs\\epoch_1\\split_cifar10\\hybrids\\si_der\\seed_42', 'log_dir': 'F:\\Temp\\cf\\Catastrophic Forgetting\\research_v2\\results\\runs\\epoch_1\\split_cifar10\\hybrids\\si_der\\seed_42\\logs', 'metrics_dir': 'F:\\Temp\\cf\\Catastrophic Forgetting\\research_v2\\results\\runs\\epoch_1\\split_cifar10\\hybrids\\si_der\\seed_42\\metrics', 'checkpoint_dir': 'F:\\Temp\\cf\\Catastrophic Forgetting\\research_v2\\results\\runs\\epoch_1\\split_cifar10\\hybrids\\si_der\\seed_42\\checkpoints', 'artifact_dir': 'F:\\Temp\\cf\\Catastrophic Forgetting\\research_v2\\results\\runs\\epoch_1\\split_cifar10\\hybrids\\si_der\\seed_42\\artifacts', 'figure_dir': 'F:\\Temp\\cf\\Catastrophic Forgetting\\research_v2\\results\\figures\\epoch_1\\split_cifar10\\hybrids\\si_der\\seed_42'}
[02:31:54] Device: cuda
[02:31:56] Dataset: SplitCIFAR10(tasks=5, classes_per_task=2, scenario=class-il)
[02:31:56] 
============================================================
 Task 1/5  | Classes (0, 2)
============================================================
[02:31:56] Task 0 baseline (chance): 50.00%
[02:32:21] task=0  epoch=0  train_loss=1.3548
[02:32:21] task=0  epoch=END  time_sec=24.9  acc_task0=80.35
[02:32:21] 
============================================================
 Task 2/5  | Classes (2, 4)
============================================================
[02:32:21] Task 1 baseline (chance): 25.00%
[02:32:22] Task 1 zero-shot (pre-train): 0.00%
[02:32:50] task=1  epoch=0  train_loss=0.957
[02:32:51] task=1  epoch=END  time_sec=27.8  acc_task0=0.1  acc_task1=72.8
[02:32:51] 
============================================================
 Task 3/5  | Classes (4, 6)
============================================================
[02:32:51] Task 2 baseline (chance): 16.67%
[02:32:52] Task 2 zero-shot (pre-train): 0.00%
[02:33:25] task=2  epoch=0  train_loss=0.9709
[02:33:28] task=2  epoch=END  time_sec=33.6  acc_task0=0.0  acc_task1=0.0  acc_task2=77.7
[02:33:28] 
============================================================
 Task 4/5  | Classes (6, 8)
============================================================
[02:33:28] Task 3 baseline (chance): 12.50%
[02:33:29] Task 3 zero-shot (pre-train): 0.00%
[02:33:58] task=3  epoch=0  train_loss=1.4772
[02:34:00] task=3  epoch=END  time_sec=29.1  acc_task0=0.0  acc_task1=0.0  acc_task2=0.0  acc_task3=81.75
[02:34:01] 
============================================================
 Task 5/5  | Classes (8, 10)
============================================================
[02:34:01] Task 4 baseline (chance): 10.00%
[02:34:01] Task 4 zero-shot (pre-train): 0.00%
[02:34:29] task=4  epoch=0  train_loss=1.3565
[02:34:32] task=4  epoch=END  time_sec=27.5  acc_task0=0.0  acc_task1=0.0  acc_task2=0.0  acc_task3=0.05  acc_task4=81.65
[02:34:32] 
Final Metrics:
  avg_accuracy         +16.3400
  forgetting           +78.1375
  backward_transfer    -78.1375
  forward_transfer     -16.0417
[02:34:33] 
Done - run: split_cifar10_si_der_seed42
[02:34:33] Metrics: {'avg_accuracy': 16.34, 'forgetting': 78.1375, 'backward_transfer': -78.1375, 'forward_transfer': -16.0417}
[02:34:33] Deleted 5 checkpoint(s) after successful completion.
