[14:38:40] Starting: split_cifar10_er_ewc_buf100_seed1024
[14:38:40] Config: {'dataset': 'split_cifar10', 'data_root': 'Project/data_local', 'model': 'slim_resnet18', 'pretrained': False, 'method': 'er_ewc', 'n_epochs': 1, 'batch_size': 32, 'num_workers': 0, 'lr': 0.03, 'momentum': 0.9, 'weight_decay': 0.0001, 'fp16': False, 'buffer_size': 100, 'ewc_lambda': 100.0, 'fisher_samples': 200, 'si_lambda': 1.0, 'si_xi': 0.1, 'der_alpha': 0.5, 'xder_beta': 0.5, 'lwf_lambda': 1.0, 'lwf_temp': 2.0, 'icarl_distill_w': 1.0, 'icarl_temp': 2.0, 'use_nmc': True, 'agem_mem_batch': 64, 'distill_lambda': 1.0, 'distill_temp': 2.0, 'pc_distill_w': 1.0, 'pc_ewc_lambda': 100.0, 'pc_compress_epochs': 3, 'er_replay_ratio': 0.5, 'joint_replay_epochs': 1, 'disable_tqdm': True, 'disable_checkpoints': True, 'disable_plots': True, 'seeds': [42, 123, 456, 789, 1024], 'results_root': 'results_phase3_ablations', 'checkpoint_dir': 'results/checkpoints', 'figure_dir': 'results_phase3_ablations\\figures', 'log_dir': 'results_phase3_ablations\\raw', 'run_tag': 'buf100', 'run_name': 'split_cifar10_er_ewc_buf100_seed1024', 'seed': 1024}
[14:38:40] Device: cuda
[14:38:42] Dataset: SplitCIFAR10(tasks=5, classes_per_task=2, scenario=class-il)
[14:38:42] 
============================================================
 Task 1/5  | Classes (0, 2)
============================================================
[14:38:42] Task 0 baseline (chance): 50.00%
[14:38:59] task=0  epoch=0  train_loss=0.3958
[14:39:00] task=0  epoch=END  time_sec=16.7  acc_task0=88.25
[14:39:00] 
============================================================
 Task 2/5  | Classes (2, 4)
============================================================
[14:39:00] Task 1 baseline (chance): 25.00%
[14:39:01] Task 1 zero-shot (pre-train): 0.00%
[14:39:27] task=1  epoch=0  train_loss=0.5735
[14:39:30] task=1  epoch=END  time_sec=25.7  acc_task0=18.65  acc_task1=73.7
[14:39:30] 
============================================================
 Task 3/5  | Classes (4, 6)
============================================================
[14:39:30] Task 2 baseline (chance): 16.67%
[14:39:31] Task 2 zero-shot (pre-train): 0.00%
[14:40:07] task=2  epoch=0  train_loss=0.5695
[14:40:10] task=2  epoch=END  time_sec=36.0  acc_task0=44.7  acc_task1=1.95  acc_task2=78.9
[14:40:10] 
============================================================
 Task 4/5  | Classes (6, 8)
============================================================
[14:40:10] Task 3 baseline (chance): 12.50%
[14:40:12] Task 3 zero-shot (pre-train): 0.00%
[14:40:58] task=3  epoch=0  train_loss=0.4583
[14:41:03] task=3  epoch=END  time_sec=46.9  acc_task0=28.65  acc_task1=0.15  acc_task2=0.95  acc_task3=84.75
[14:41:03] 
============================================================
 Task 5/5  | Classes (8, 10)
============================================================
[14:41:03] Task 4 baseline (chance): 10.00%
[14:41:04] Task 4 zero-shot (pre-train): 0.00%
[14:42:03] task=4  epoch=0  train_loss=0.4155
[14:42:09] task=4  epoch=END  time_sec=58.5  acc_task0=2.85  acc_task1=0.45  acc_task2=2.15  acc_task3=13.15  acc_task4=89.2
[14:42:09] 
Final Metrics:
  avg_accuracy         +21.5600
  forgetting           +76.7500
  backward_transfer    -76.7500
  forward_transfer     -16.0417
[14:42:09] 
Done - run: split_cifar10_er_ewc_buf100_seed1024
[14:42:09] Metrics: {'avg_accuracy': 21.56, 'forgetting': 76.75, 'backward_transfer': -76.75, 'forward_transfer': -16.0417}
