[14:24:44] Starting: split_cifar10_er_ewc_buf100_seed42
[14:24:44] Config: {'dataset': 'split_cifar10', 'data_root': 'Project/data_local', 'model': 'slim_resnet18', 'pretrained': False, 'method': 'er_ewc', 'n_epochs': 1, 'batch_size': 32, 'num_workers': 0, 'lr': 0.03, 'momentum': 0.9, 'weight_decay': 0.0001, 'fp16': False, 'buffer_size': 100, 'ewc_lambda': 100.0, 'fisher_samples': 200, 'si_lambda': 1.0, 'si_xi': 0.1, 'der_alpha': 0.5, 'xder_beta': 0.5, 'lwf_lambda': 1.0, 'lwf_temp': 2.0, 'icarl_distill_w': 1.0, 'icarl_temp': 2.0, 'use_nmc': True, 'agem_mem_batch': 64, 'distill_lambda': 1.0, 'distill_temp': 2.0, 'pc_distill_w': 1.0, 'pc_ewc_lambda': 100.0, 'pc_compress_epochs': 3, 'er_replay_ratio': 0.5, 'joint_replay_epochs': 1, 'disable_tqdm': True, 'disable_checkpoints': True, 'disable_plots': True, 'seeds': [42, 123, 456, 789, 1024], 'results_root': 'results_phase3_ablations', 'checkpoint_dir': 'results/checkpoints', 'figure_dir': 'results_phase3_ablations\\figures', 'log_dir': 'results_phase3_ablations\\raw', 'run_tag': 'buf100', 'run_name': 'split_cifar10_er_ewc_buf100_seed42', 'seed': 42}
[14:24:44] Device: cuda
[14:24:46] Dataset: SplitCIFAR10(tasks=5, classes_per_task=2, scenario=class-il)
[14:24:46] 
============================================================
 Task 1/5  | Classes (0, 2)
============================================================
[14:24:46] Task 0 baseline (chance): 50.00%
[14:25:04] task=0  epoch=0  train_loss=0.3898
[14:25:05] task=0  epoch=END  time_sec=17.6  acc_task0=90.55
[14:25:05] 
============================================================
 Task 2/5  | Classes (2, 4)
============================================================
[14:25:05] Task 1 baseline (chance): 25.00%
[14:25:06] Task 1 zero-shot (pre-train): 1.25%
[14:25:33] task=1  epoch=0  train_loss=0.5688
[14:25:35] task=1  epoch=END  time_sec=26.4  acc_task0=13.0  acc_task1=76.1
[14:25:35] 
============================================================
 Task 3/5  | Classes (4, 6)
============================================================
[14:25:35] Task 2 baseline (chance): 16.67%
[14:25:37] Task 2 zero-shot (pre-train): 0.00%
[14:26:13] task=2  epoch=0  train_loss=0.5732
[14:26:16] task=2  epoch=END  time_sec=36.1  acc_task0=13.25  acc_task1=0.4  acc_task2=82.9
[14:26:16] 
============================================================
 Task 4/5  | Classes (6, 8)
============================================================
[14:26:16] Task 3 baseline (chance): 12.50%
[14:26:18] Task 3 zero-shot (pre-train): 0.00%
[14:27:01] task=3  epoch=0  train_loss=0.51
[14:27:06] task=3  epoch=END  time_sec=43.3  acc_task0=6.35  acc_task1=0.3  acc_task2=1.45  acc_task3=91.5
[14:27:06] 
============================================================
 Task 5/5  | Classes (8, 10)
============================================================
[14:27:06] Task 4 baseline (chance): 10.00%
[14:27:07] Task 4 zero-shot (pre-train): 0.00%
[14:28:05] task=4  epoch=0  train_loss=0.4463
[14:28:10] task=4  epoch=END  time_sec=57.7  acc_task0=0.0  acc_task1=2.2  acc_task2=1.4  acc_task3=19.45  acc_task4=89.2
[14:28:11] 
Final Metrics:
  avg_accuracy         +22.4500
  forgetting           +79.5000
  backward_transfer    -79.5000
  forward_transfer     -15.7292
[14:28:11] 
Done - run: split_cifar10_er_ewc_buf100_seed42
[14:28:11] Metrics: {'avg_accuracy': 22.45, 'forgetting': 79.5, 'backward_transfer': -79.5, 'forward_transfer': -15.7292}
