[14:31:41] Starting: split_cifar10_er_ewc_buf100_seed456
[14:31:41] Config: {'dataset': 'split_cifar10', 'data_root': 'Project/data_local', 'model': 'slim_resnet18', 'pretrained': False, 'method': 'er_ewc', 'n_epochs': 1, 'batch_size': 32, 'num_workers': 0, 'lr': 0.03, 'momentum': 0.9, 'weight_decay': 0.0001, 'fp16': False, 'buffer_size': 100, 'ewc_lambda': 100.0, 'fisher_samples': 200, 'si_lambda': 1.0, 'si_xi': 0.1, 'der_alpha': 0.5, 'xder_beta': 0.5, 'lwf_lambda': 1.0, 'lwf_temp': 2.0, 'icarl_distill_w': 1.0, 'icarl_temp': 2.0, 'use_nmc': True, 'agem_mem_batch': 64, 'distill_lambda': 1.0, 'distill_temp': 2.0, 'pc_distill_w': 1.0, 'pc_ewc_lambda': 100.0, 'pc_compress_epochs': 3, 'er_replay_ratio': 0.5, 'joint_replay_epochs': 1, 'disable_tqdm': True, 'disable_checkpoints': True, 'disable_plots': True, 'seeds': [42, 123, 456, 789, 1024], 'results_root': 'results_phase3_ablations', 'checkpoint_dir': 'results/checkpoints', 'figure_dir': 'results_phase3_ablations\\figures', 'log_dir': 'results_phase3_ablations\\raw', 'run_tag': 'buf100', 'run_name': 'split_cifar10_er_ewc_buf100_seed456', 'seed': 456}
[14:31:41] Device: cuda
[14:31:43] Dataset: SplitCIFAR10(tasks=5, classes_per_task=2, scenario=class-il)
[14:31:43] 
============================================================
 Task 1/5  | Classes (0, 2)
============================================================
[14:31:43] Task 0 baseline (chance): 50.00%
[14:31:59] task=0  epoch=0  train_loss=0.3606
[14:32:01] task=0  epoch=END  time_sec=16.8  acc_task0=83.55
[14:32:01] 
============================================================
 Task 2/5  | Classes (2, 4)
============================================================
[14:32:01] Task 1 baseline (chance): 25.00%
[14:32:02] Task 1 zero-shot (pre-train): 3.65%
[14:32:28] task=1  epoch=0  train_loss=0.558
[14:32:30] task=1  epoch=END  time_sec=26.0  acc_task0=21.85  acc_task1=72.5
[14:32:30] 
============================================================
 Task 3/5  | Classes (4, 6)
============================================================
[14:32:30] Task 2 baseline (chance): 16.67%
[14:32:32] Task 2 zero-shot (pre-train): 0.00%
[14:33:08] task=2  epoch=0  train_loss=0.5517
[14:33:12] task=2  epoch=END  time_sec=36.4  acc_task0=8.9  acc_task1=1.8  acc_task2=80.2
[14:33:12] 
============================================================
 Task 4/5  | Classes (6, 8)
============================================================
[14:33:12] Task 3 baseline (chance): 12.50%
[14:33:13] Task 3 zero-shot (pre-train): 0.00%
[14:34:00] task=3  epoch=0  train_loss=0.4536
[14:34:04] task=3  epoch=END  time_sec=46.8  acc_task0=2.7  acc_task1=2.5  acc_task2=0.2  acc_task3=87.8
[14:34:04] 
============================================================
 Task 5/5  | Classes (8, 10)
============================================================
[14:34:04] Task 4 baseline (chance): 10.00%
[14:34:06] Task 4 zero-shot (pre-train): 0.00%
[14:35:04] task=4  epoch=0  train_loss=0.4222
[14:35:10] task=4  epoch=END  time_sec=58.8  acc_task0=0.45  acc_task1=1.05  acc_task2=0.3  acc_task3=28.05  acc_task4=91.1
[14:35:10] 
Final Metrics:
  avg_accuracy         +24.1900
  forgetting           +73.5500
  backward_transfer    -73.5500
  forward_transfer     -15.1292
[14:35:10] 
Done - run: split_cifar10_er_ewc_buf100_seed456
[14:35:10] Metrics: {'avg_accuracy': 24.19, 'forgetting': 73.55, 'backward_transfer': -73.55, 'forward_transfer': -15.1292}
