[02:26:35] Starting: split_cifar10_progress_compress_seed1024
[02:26:35] Config: {'dataset': 'split_cifar10', 'data_root': 'F:\\Temp\\cf\\Catastrophic Forgetting\\research_v2\\Project\\data_local', 'dataset_image_size': None, 'dataset_out_channels': None, 'model': 'slim_resnet18', 'pretrained': False, 'model_image_size': None, 'method': 'progress_compress', 'n_epochs': 1, 'batch_size': 32, 'num_workers': 0, 'lr': 0.03, 'momentum': 0.9, 'weight_decay': 0.0001, 'fp16': False, 'buffer_size': 200, 'ewc_lambda': 100.0, 'fisher_samples': 200, 'si_lambda': 1.0, 'si_xi': 0.1, 'der_alpha': 0.5, 'xder_beta': 0.5, 'lwf_lambda': 1.0, 'lwf_temp': 2.0, 'icarl_distill_w': 1.0, 'icarl_temp': 2.0, 'use_nmc': True, 'agem_mem_batch': 64, 'distill_lambda': 1.0, 'distill_temp': 2.0, 'pc_distill_w': 1.0, 'pc_ewc_lambda': 100.0, 'pc_compress_epochs': 3, 'er_replay_ratio': 0.5, 'joint_replay_epochs': 1, 'disable_tqdm': True, 'disable_checkpoints': False, 'disable_plots': False, 'resume': True, 'cleanup_checkpoints_on_success': True, 'result_group': 'runs', 'ablation_family': None, 'seeds': [42, 123, 456, 789, 1024], 'results_root': 'F:\\Temp\\cf\\Catastrophic Forgetting\\research_v2\\results', 'seed': 1024, 'run_name': 'split_cifar10_progress_compress_seed1024', 'project_root': 'F:\\Temp\\cf\\Catastrophic Forgetting\\research_v2\\Project', 'workspace_root': 'F:\\Temp\\cf\\Catastrophic Forgetting\\research_v2', 'run_root': 'F:\\Temp\\cf\\Catastrophic Forgetting\\research_v2\\results\\runs\\epoch_1\\split_cifar10\\hybrids\\progress_compress\\seed_1024', 'log_dir': 'F:\\Temp\\cf\\Catastrophic Forgetting\\research_v2\\results\\runs\\epoch_1\\split_cifar10\\hybrids\\progress_compress\\seed_1024\\logs', 'metrics_dir': 'F:\\Temp\\cf\\Catastrophic Forgetting\\research_v2\\results\\runs\\epoch_1\\split_cifar10\\hybrids\\progress_compress\\seed_1024\\metrics', 'checkpoint_dir': 'F:\\Temp\\cf\\Catastrophic Forgetting\\research_v2\\results\\runs\\epoch_1\\split_cifar10\\hybrids\\progress_compress\\seed_1024\\checkpoints', 'artifact_dir': 'F:\\Temp\\cf\\Catastrophic Forgetting\\research_v2\\results\\runs\\epoch_1\\split_cifar10\\hybrids\\progress_compress\\seed_1024\\artifacts', 'figure_dir': 'F:\\Temp\\cf\\Catastrophic Forgetting\\research_v2\\results\\figures\\epoch_1\\split_cifar10\\hybrids\\progress_compress\\seed_1024'}
[02:26:35] Device: cuda
[02:26:37] Dataset: SplitCIFAR10(tasks=5, classes_per_task=2, scenario=class-il)
[02:26:37] 
============================================================
 Task 1/5  | Classes (0, 2)
============================================================
[02:26:37] Task 0 baseline (chance): 50.00%
[02:26:50] task=0  epoch=0  train_loss=0.6989
[02:27:26] task=0  epoch=END  time_sec=12.7  acc_task0=83.55
[02:27:26] 
============================================================
 Task 2/5  | Classes (2, 4)
============================================================
[02:27:26] Task 1 baseline (chance): 25.00%
[02:27:27] Task 1 zero-shot (pre-train): 1.30%
[02:27:40] task=1  epoch=0  train_loss=0.8946
[02:28:37] task=1  epoch=END  time_sec=12.6  acc_task0=0.0  acc_task1=72.9
[02:28:37] 
============================================================
 Task 3/5  | Classes (4, 6)
============================================================
[02:28:37] Task 2 baseline (chance): 16.67%
[02:28:38] Task 2 zero-shot (pre-train): 0.00%
[02:28:52] task=2  epoch=0  train_loss=1.4126
[02:29:55] task=2  epoch=END  time_sec=13.6  acc_task0=0.0  acc_task1=0.0  acc_task2=78.2
[02:29:55] 
============================================================
 Task 4/5  | Classes (6, 8)
============================================================
[02:29:55] Task 3 baseline (chance): 12.50%
[02:29:56] Task 3 zero-shot (pre-train): 0.00%
[02:30:07] task=3  epoch=0  train_loss=1.4585
[02:30:54] task=3  epoch=END  time_sec=11.2  acc_task0=0.0  acc_task1=0.0  acc_task2=0.15  acc_task3=88.75
[02:30:54] 
============================================================
 Task 5/5  | Classes (8, 10)
============================================================
[02:30:54] Task 4 baseline (chance): 10.00%
[02:30:55] Task 4 zero-shot (pre-train): 0.00%
[02:31:07] task=4  epoch=0  train_loss=1.6148
[02:31:53] task=4  epoch=END  time_sec=11.9  acc_task0=0.0  acc_task1=0.0  acc_task2=0.0  acc_task3=0.1  acc_task4=84.75
[02:31:53] 
Final Metrics:
  avg_accuracy         +16.9700
  forgetting           +80.8250
  backward_transfer    -80.8250
  forward_transfer     -15.7167
[02:31:53] 
Done - run: split_cifar10_progress_compress_seed1024
[02:31:53] Metrics: {'avg_accuracy': 16.97, 'forgetting': 80.825, 'backward_transfer': -80.825, 'forward_transfer': -15.7167}
[02:31:54] Deleted 5 checkpoint(s) after successful completion.
