[01:16:01] Starting: split_cifar10_er_ewc_lambda1_seed456
[01:16:01] Config: {'dataset': 'split_cifar10', 'data_root': 'F:\\Temp\\cf\\Catastrophic Forgetting\\research_v2\\Project\\data_local', 'dataset_image_size': None, 'dataset_out_channels': None, 'model': 'slim_resnet18', 'pretrained': False, 'model_image_size': None, 'method': 'er_ewc', 'n_epochs': 1, 'batch_size': 32, 'num_workers': 0, 'lr': 0.03, 'momentum': 0.9, 'weight_decay': 0.0001, 'fp16': False, 'buffer_size': 200, 'ewc_lambda': 1.0, 'fisher_samples': 200, 'si_lambda': 1.0, 'si_xi': 0.1, 'der_alpha': 0.5, 'xder_beta': 0.5, 'lwf_lambda': 1.0, 'lwf_temp': 2.0, 'icarl_distill_w': 1.0, 'icarl_temp': 2.0, 'use_nmc': True, 'agem_mem_batch': 64, 'distill_lambda': 1.0, 'distill_temp': 2.0, 'pc_distill_w': 1.0, 'pc_ewc_lambda': 100.0, 'pc_compress_epochs': 3, 'er_replay_ratio': 0.5, 'joint_replay_epochs': 1, 'disable_tqdm': True, 'disable_checkpoints': False, 'disable_plots': True, 'resume': False, 'cleanup_checkpoints_on_success': True, 'result_group': 'ablations', 'ablation_family': 'lambda', 'seeds': [42, 123, 456, 789, 1024], 'results_root': 'F:\\Temp\\cf\\Catastrophic Forgetting\\research_v2\\results', 'run_tag': 'lambda1', 'seed': 456, 'run_name': 'split_cifar10_er_ewc_lambda1_seed456', 'project_root': 'F:\\Temp\\cf\\Catastrophic Forgetting\\research_v2\\Project', 'workspace_root': 'F:\\Temp\\cf\\Catastrophic Forgetting\\research_v2', 'run_root': 'F:\\Temp\\cf\\Catastrophic Forgetting\\research_v2\\results\\ablations\\epoch_1\\split_cifar10\\lambda\\er_ewc__lambda1\\seed_456', 'log_dir': 'F:\\Temp\\cf\\Catastrophic Forgetting\\research_v2\\results\\ablations\\epoch_1\\split_cifar10\\lambda\\er_ewc__lambda1\\seed_456\\logs', 'metrics_dir': 'F:\\Temp\\cf\\Catastrophic Forgetting\\research_v2\\results\\ablations\\epoch_1\\split_cifar10\\lambda\\er_ewc__lambda1\\seed_456\\metrics', 'checkpoint_dir': 'F:\\Temp\\cf\\Catastrophic Forgetting\\research_v2\\results\\ablations\\epoch_1\\split_cifar10\\lambda\\er_ewc__lambda1\\seed_456\\checkpoints', 'artifact_dir': 'F:\\Temp\\cf\\Catastrophic Forgetting\\research_v2\\results\\ablations\\epoch_1\\split_cifar10\\lambda\\er_ewc__lambda1\\seed_456\\artifacts', 'figure_dir': 'F:\\Temp\\cf\\Catastrophic Forgetting\\research_v2\\results\\figures\\ablations\\epoch_1\\split_cifar10\\lambda\\er_ewc__lambda1\\seed_456'}
[01:16:01] Device: cuda
[01:16:04] Dataset: SplitCIFAR10(tasks=5, classes_per_task=2, scenario=class-il)
[01:16:04] 
============================================================
 Task 1/5  | Classes (0, 2)
============================================================
[01:16:04] Task 0 baseline (chance): 50.00%
[01:16:29] task=0  epoch=0  train_loss=0.4322
[01:16:30] task=0  epoch=END  time_sec=24.4  acc_task0=81.85
[01:16:30] 
============================================================
 Task 2/5  | Classes (2, 4)
============================================================
[01:16:30] Task 1 baseline (chance): 25.00%
[01:16:32] Task 1 zero-shot (pre-train): 1.20%
[01:17:08] task=1  epoch=0  train_loss=0.6869
[01:17:10] task=1  epoch=END  time_sec=36.9  acc_task0=44.9  acc_task1=72.95
[01:17:10] 
============================================================
 Task 3/5  | Classes (4, 6)
============================================================
[01:17:10] Task 2 baseline (chance): 16.67%
[01:17:11] Task 2 zero-shot (pre-train): 0.00%
[01:17:51] task=2  epoch=0  train_loss=0.6659
[01:17:53] task=2  epoch=END  time_sec=39.3  acc_task0=26.75  acc_task1=0.9  acc_task2=76.6
[01:17:54] 
============================================================
 Task 4/5  | Classes (6, 8)
============================================================
[01:17:54] Task 3 baseline (chance): 12.50%
[01:17:55] Task 3 zero-shot (pre-train): 0.00%
[01:18:36] task=3  epoch=0  train_loss=0.4875
[01:18:41] task=3  epoch=END  time_sec=41.4  acc_task0=41.55  acc_task1=0.8  acc_task2=1.6  acc_task3=90.9
[01:18:41] 
============================================================
 Task 5/5  | Classes (8, 10)
============================================================
[01:18:41] Task 4 baseline (chance): 10.00%
[01:18:42] Task 4 zero-shot (pre-train): 0.00%
[01:20:04] task=4  epoch=0  train_loss=0.4397
[01:20:10] task=4  epoch=END  time_sec=82.3  acc_task0=6.85  acc_task1=0.9  acc_task2=6.0  acc_task3=10.1  acc_task4=88.4
[01:20:10] 
Final Metrics:
  avg_accuracy         +22.4500
  forgetting           +74.6125
  backward_transfer    -74.6125
  forward_transfer     -15.7417
[01:20:10] 
Done - run: split_cifar10_er_ewc_lambda1_seed456
[01:20:10] Metrics: {'avg_accuracy': 22.45, 'forgetting': 74.6125, 'backward_transfer': -74.6125, 'forward_transfer': -15.7417}
[01:20:11] Deleted 5 checkpoint(s) after successful completion.
