[19:34:39] Starting: split_cifar100_fine_tune_seed1024
[19:34:39] Config: {'dataset': 'split_cifar100', 'data_root': 'Project/data_local', 'model': 'slim_resnet18', 'pretrained': False, 'method': 'fine_tune', 'n_epochs': 1, 'batch_size': 32, 'num_workers': 0, 'lr': 0.03, 'momentum': 0.9, 'weight_decay': 0.0001, 'fp16': True, 'buffer_size': 200, 'ewc_lambda': 100.0, 'fisher_samples': 200, 'si_lambda': 1.0, 'si_xi': 0.1, 'der_alpha': 0.5, 'xder_beta': 0.5, 'lwf_lambda': 1.0, 'lwf_temp': 2.0, 'icarl_distill_w': 1.0, 'icarl_temp': 2.0, 'use_nmc': True, 'agem_mem_batch': 64, 'distill_lambda': 1.0, 'distill_temp': 2.0, 'pc_distill_w': 1.0, 'pc_ewc_lambda': 100.0, 'pc_compress_epochs': 3, 'er_replay_ratio': 0.5, 'joint_replay_epochs': 1, 'disable_tqdm': True, 'disable_checkpoints': True, 'disable_plots': False, 'seeds': [42, 123, 456, 789, 1024], 'results_root': 'results_fwt', 'checkpoint_dir': 'results/checkpoints', 'figure_dir': 'results_fwt\\figures', 'log_dir': 'results_fwt\\raw', 'run_name': 'split_cifar100_fine_tune_seed1024', 'seed': 1024}
[19:34:39] Device: cuda
[19:34:41] Dataset: SplitCIFAR100(tasks=20, classes_per_task=5, scenario=class-il)
[19:34:41] 
============================================================
 Task 1/20  | Classes (0, 5)
============================================================
[19:34:41] Task 0 baseline (chance): 20.00%
[19:34:44] task=0  epoch=0  train_loss=1.48
[19:34:44] task=0  epoch=END  time_sec=3.1  acc_task0=53.0
[19:34:44] 
============================================================
 Task 2/20  | Classes (5, 10)
============================================================
[19:34:44] Task 1 baseline (chance): 10.00%
[19:34:44] Task 1 zero-shot (pre-train): 0.00%
[19:34:47] task=1  epoch=0  train_loss=1.6616
[19:34:47] task=1  epoch=END  time_sec=3.0  acc_task0=0.0  acc_task1=34.2
[19:34:47] 
============================================================
 Task 3/20  | Classes (10, 15)
============================================================
[19:34:47] Task 2 baseline (chance): 6.67%
[19:34:48] Task 2 zero-shot (pre-train): 0.00%
[19:34:50] task=2  epoch=0  train_loss=1.7354
[19:34:51] task=2  epoch=END  time_sec=2.9  acc_task0=0.0  acc_task1=0.0  acc_task2=41.6
[19:34:51] 
============================================================
 Task 4/20  | Classes (15, 20)
============================================================
[19:34:51] Task 3 baseline (chance): 5.00%
[19:34:51] Task 3 zero-shot (pre-train): 0.00%
[19:34:54] task=3  epoch=0  train_loss=2.0325
[19:34:55] task=3  epoch=END  time_sec=3.0  acc_task0=0.0  acc_task1=0.0  acc_task2=0.0  acc_task3=42.6
[19:34:55] 
============================================================
 Task 5/20  | Classes (20, 25)
============================================================
[19:34:55] Task 4 baseline (chance): 4.00%
[19:34:55] Task 4 zero-shot (pre-train): 0.00%
[19:34:58] task=4  epoch=0  train_loss=1.9227
[19:34:59] task=4  epoch=END  time_sec=2.9  acc_task0=0.0  acc_task1=0.0  acc_task2=0.0  acc_task3=0.0  acc_task4=48.4
[19:34:59] 
============================================================
 Task 6/20  | Classes (25, 30)
============================================================
[19:34:59] Task 5 baseline (chance): 3.33%
[19:34:59] Task 5 zero-shot (pre-train): 0.00%
[19:35:02] task=5  epoch=0  train_loss=2.371
[19:35:03] task=5  epoch=END  time_sec=2.9  acc_task0=0.0  acc_task1=0.0  acc_task2=0.0  acc_task3=0.0  acc_task4=0.0  acc_task5=28.2
[19:35:03] 
============================================================
 Task 7/20  | Classes (30, 35)
============================================================
[19:35:03] Task 6 baseline (chance): 2.86%
[19:35:03] Task 6 zero-shot (pre-train): 0.00%
[19:35:06] task=6  epoch=0  train_loss=2.039
[19:35:07] task=6  epoch=END  time_sec=2.9  acc_task0=0.0  acc_task1=0.0  acc_task2=0.0  acc_task3=0.0  acc_task4=0.0  acc_task5=0.0  acc_task6=41.4
[19:35:07] 
============================================================
 Task 8/20  | Classes (35, 40)
============================================================
[19:35:07] Task 7 baseline (chance): 2.50%
[19:35:07] Task 7 zero-shot (pre-train): 0.00%
[19:35:10] task=7  epoch=0  train_loss=2.6499
[19:35:12] task=7  epoch=END  time_sec=3.0  acc_task0=0.0  acc_task1=0.0  acc_task2=0.0  acc_task3=0.0  acc_task4=0.0  acc_task5=0.0  acc_task6=0.0  acc_task7=36.2
[19:35:12] 
============================================================
 Task 9/20  | Classes (40, 45)
============================================================
[19:35:12] Task 8 baseline (chance): 2.22%
[19:35:12] Task 8 zero-shot (pre-train): 0.00%
[19:35:15] task=8  epoch=0  train_loss=2.189
[19:35:16] task=8  epoch=END  time_sec=3.0  acc_task0=0.0  acc_task1=0.0  acc_task2=0.0  acc_task3=0.0  acc_task4=0.0  acc_task5=0.0  acc_task6=0.0  acc_task7=0.0  acc_task8=32.2
[19:35:16] 
============================================================
 Task 10/20  | Classes (45, 50)
============================================================
[19:35:16] Task 9 baseline (chance): 2.00%
[19:35:16] Task 9 zero-shot (pre-train): 0.00%
[19:35:19] task=9  epoch=0  train_loss=2.3741
[19:35:21] task=9  epoch=END  time_sec=3.0  acc_task0=0.0  acc_task1=0.0  acc_task2=0.0  acc_task3=0.0  acc_task4=0.0  acc_task5=0.0  acc_task6=0.0  acc_task7=0.0  acc_task8=0.0  acc_task9=33.6
[19:35:21] 
============================================================
 Task 11/20  | Classes (50, 55)
============================================================
[19:35:21] Task 10 baseline (chance): 1.82%
[19:35:21] Task 10 zero-shot (pre-train): 0.00%
[19:35:24] task=10  epoch=0  train_loss=2.2179
[19:35:26] task=10  epoch=END  time_sec=3.0  acc_task0=0.0  acc_task1=0.0  acc_task2=0.0  acc_task3=0.0  acc_task4=0.0  acc_task5=0.0  acc_task6=0.0  acc_task7=0.0  acc_task8=0.0  acc_task9=0.0  acc_task10=52.2
[19:35:26] 
============================================================
 Task 12/20  | Classes (55, 60)
============================================================
[19:35:26] Task 11 baseline (chance): 1.67%
[19:35:26] Task 11 zero-shot (pre-train): 0.00%
[19:35:29] task=11  epoch=0  train_loss=2.6637
[19:35:31] task=11  epoch=END  time_sec=3.0  acc_task0=0.0  acc_task1=0.0  acc_task2=0.0  acc_task3=0.0  acc_task4=0.0  acc_task5=0.0  acc_task6=0.0  acc_task7=0.0  acc_task8=0.0  acc_task9=0.0  acc_task10=0.0  acc_task11=30.8
[19:35:31] 
============================================================
 Task 13/20  | Classes (60, 65)
============================================================
[19:35:31] Task 12 baseline (chance): 1.54%
[19:35:31] Task 12 zero-shot (pre-train): 0.00%
[19:35:34] task=12  epoch=0  train_loss=2.0752
[19:35:37] task=12  epoch=END  time_sec=2.9  acc_task0=0.0  acc_task1=0.0  acc_task2=0.0  acc_task3=0.0  acc_task4=0.0  acc_task5=0.0  acc_task6=0.0  acc_task7=0.0  acc_task8=0.0  acc_task9=0.0  acc_task10=0.0  acc_task11=0.0  acc_task12=44.0
[19:35:37] 
============================================================
 Task 14/20  | Classes (65, 70)
============================================================
[19:35:37] Task 13 baseline (chance): 1.43%
[19:35:37] Task 13 zero-shot (pre-train): 0.00%
[19:35:40] task=13  epoch=0  train_loss=2.5149
[19:35:42] task=13  epoch=END  time_sec=2.9  acc_task0=0.0  acc_task1=0.0  acc_task2=0.0  acc_task3=0.0  acc_task4=0.0  acc_task5=0.0  acc_task6=0.0  acc_task7=0.0  acc_task8=0.0  acc_task9=0.0  acc_task10=0.0  acc_task11=0.0  acc_task12=0.0  acc_task13=43.4
[19:35:42] 
============================================================
 Task 15/20  | Classes (70, 75)
============================================================
[19:35:42] Task 14 baseline (chance): 1.33%
[19:35:42] Task 14 zero-shot (pre-train): 0.00%
[19:35:45] task=14  epoch=0  train_loss=2.2805
[19:35:48] task=14  epoch=END  time_sec=3.0  acc_task0=0.0  acc_task1=0.0  acc_task2=0.0  acc_task3=0.0  acc_task4=0.0  acc_task5=0.0  acc_task6=0.0  acc_task7=0.0  acc_task8=0.0  acc_task9=0.0  acc_task10=0.0  acc_task11=0.0  acc_task12=0.0  acc_task13=0.0  acc_task14=46.4
[19:35:48] 
============================================================
 Task 16/20  | Classes (75, 80)
============================================================
[19:35:48] Task 15 baseline (chance): 1.25%
[19:35:48] Task 15 zero-shot (pre-train): 0.00%
[19:35:51] task=15  epoch=0  train_loss=2.7212
[19:35:54] task=15  epoch=END  time_sec=3.0  acc_task0=0.0  acc_task1=0.0  acc_task2=0.0  acc_task3=0.0  acc_task4=0.0  acc_task5=0.0  acc_task6=0.0  acc_task7=0.0  acc_task8=0.0  acc_task9=0.0  acc_task10=0.0  acc_task11=0.0  acc_task12=0.0  acc_task13=0.0  acc_task14=0.0  acc_task15=38.6
[19:35:54] 
============================================================
 Task 17/20  | Classes (80, 85)
============================================================
[19:35:54] Task 16 baseline (chance): 1.18%
[19:35:54] Task 16 zero-shot (pre-train): 0.00%
[19:35:57] task=16  epoch=0  train_loss=2.3112
[19:36:00] task=16  epoch=END  time_sec=2.9  acc_task0=0.0  acc_task1=0.0  acc_task2=0.0  acc_task3=0.0  acc_task4=0.0  acc_task5=0.0  acc_task6=0.0  acc_task7=0.0  acc_task8=0.0  acc_task9=0.0  acc_task10=0.0  acc_task11=0.0  acc_task12=0.0  acc_task13=0.0  acc_task14=0.0  acc_task15=0.0  acc_task16=40.8
[19:36:00] 
============================================================
 Task 18/20  | Classes (85, 90)
============================================================
[19:36:00] Task 17 baseline (chance): 1.11%
[19:36:00] Task 17 zero-shot (pre-train): 0.00%
[19:36:03] task=17  epoch=0  train_loss=2.7372
[19:36:06] task=17  epoch=END  time_sec=3.0  acc_task0=0.0  acc_task1=0.0  acc_task2=0.0  acc_task3=0.0  acc_task4=0.0  acc_task5=0.0  acc_task6=0.0  acc_task7=0.0  acc_task8=0.0  acc_task9=0.0  acc_task10=0.0  acc_task11=0.0  acc_task12=0.0  acc_task13=0.0  acc_task14=0.0  acc_task15=0.0  acc_task16=0.0  acc_task17=36.6
[19:36:06] 
============================================================
 Task 19/20  | Classes (90, 95)
============================================================
[19:36:06] Task 18 baseline (chance): 1.05%
[19:36:06] Task 18 zero-shot (pre-train): 0.00%
[19:36:09] task=18  epoch=0  train_loss=2.3543
[19:36:13] task=18  epoch=END  time_sec=2.9  acc_task0=0.0  acc_task1=0.0  acc_task2=0.0  acc_task3=0.0  acc_task4=0.0  acc_task5=0.0  acc_task6=0.0  acc_task7=0.0  acc_task8=0.0  acc_task9=0.0  acc_task10=0.0  acc_task11=0.0  acc_task12=0.0  acc_task13=0.0  acc_task14=0.0  acc_task15=0.0  acc_task16=0.0  acc_task17=0.0  acc_task18=44.6
[19:36:13] 
============================================================
 Task 20/20  | Classes (95, 100)
============================================================
[19:36:13] Task 19 baseline (chance): 1.00%
[19:36:13] Task 19 zero-shot (pre-train): 0.00%
[19:36:16] task=19  epoch=0  train_loss=2.7916
[19:36:19] task=19  epoch=END  time_sec=2.9  acc_task0=0.0  acc_task1=0.0  acc_task2=0.0  acc_task3=0.0  acc_task4=0.0  acc_task5=0.0  acc_task6=0.0  acc_task7=0.0  acc_task8=0.0  acc_task9=0.0  acc_task10=0.0  acc_task11=0.0  acc_task12=0.0  acc_task13=0.0  acc_task14=0.0  acc_task15=0.0  acc_task16=0.0  acc_task17=0.0  acc_task18=0.0  acc_task19=29.4
[19:36:19] 
Final Metrics:
  avg_accuracy         +1.4700
  forgetting           +40.4632
  backward_transfer    -40.4632
  forward_transfer     -2.7345
[19:36:20] 
Done - run: split_cifar100_fine_tune_seed1024
[19:36:20] Metrics: {'avg_accuracy': 1.47, 'forgetting': 40.4632, 'backward_transfer': -40.4632, 'forward_transfer': -2.7345}
