[19:27:57] Starting: split_cifar100_fine_tune_seed42
[19:27:57] Config: {'dataset': 'split_cifar100', 'data_root': 'Project/data_local', 'model': 'slim_resnet18', 'pretrained': False, 'method': 'fine_tune', 'n_epochs': 1, 'batch_size': 32, 'num_workers': 0, 'lr': 0.03, 'momentum': 0.9, 'weight_decay': 0.0001, 'fp16': True, 'buffer_size': 200, 'ewc_lambda': 100.0, 'fisher_samples': 200, 'si_lambda': 1.0, 'si_xi': 0.1, 'der_alpha': 0.5, 'xder_beta': 0.5, 'lwf_lambda': 1.0, 'lwf_temp': 2.0, 'icarl_distill_w': 1.0, 'icarl_temp': 2.0, 'use_nmc': True, 'agem_mem_batch': 64, 'distill_lambda': 1.0, 'distill_temp': 2.0, 'pc_distill_w': 1.0, 'pc_ewc_lambda': 100.0, 'pc_compress_epochs': 3, 'er_replay_ratio': 0.5, 'joint_replay_epochs': 1, 'disable_tqdm': True, 'disable_checkpoints': True, 'disable_plots': False, 'seeds': [42, 123, 456, 789, 1024], 'results_root': 'results_fwt', 'checkpoint_dir': 'results/checkpoints', 'figure_dir': 'results_fwt\\figures', 'log_dir': 'results_fwt\\raw', 'run_name': 'split_cifar100_fine_tune_seed42', 'seed': 42}
[19:27:57] Device: cuda
[19:27:58] Dataset: SplitCIFAR100(tasks=20, classes_per_task=5, scenario=class-il)
[19:27:58] 
============================================================
 Task 1/20  | Classes (0, 5)
============================================================
[19:27:58] Task 0 baseline (chance): 20.00%
[19:28:01] task=0  epoch=0  train_loss=1.6126
[19:28:02] task=0  epoch=END  time_sec=3.0  acc_task0=48.8
[19:28:02] 
============================================================
 Task 2/20  | Classes (5, 10)
============================================================
[19:28:02] Task 1 baseline (chance): 10.00%
[19:28:02] Task 1 zero-shot (pre-train): 0.00%
[19:28:05] task=1  epoch=0  train_loss=1.6768
[19:28:05] task=1  epoch=END  time_sec=2.9  acc_task0=0.0  acc_task1=32.4
[19:28:05] 
============================================================
 Task 3/20  | Classes (10, 15)
============================================================
[19:28:05] Task 2 baseline (chance): 6.67%
[19:28:05] Task 2 zero-shot (pre-train): 0.00%
[19:28:08] task=2  epoch=0  train_loss=1.7123
[19:28:08] task=2  epoch=END  time_sec=2.9  acc_task0=0.0  acc_task1=0.0  acc_task2=45.6
[19:28:08] 
============================================================
 Task 4/20  | Classes (15, 20)
============================================================
[19:28:08] Task 3 baseline (chance): 5.00%
[19:28:09] Task 3 zero-shot (pre-train): 0.00%
[19:28:12] task=3  epoch=0  train_loss=2.1072
[19:28:12] task=3  epoch=END  time_sec=3.0  acc_task0=0.0  acc_task1=0.0  acc_task2=0.0  acc_task3=34.2
[19:28:12] 
============================================================
 Task 5/20  | Classes (20, 25)
============================================================
[19:28:12] Task 4 baseline (chance): 4.00%
[19:28:12] Task 4 zero-shot (pre-train): 0.00%
[19:28:15] task=4  epoch=0  train_loss=2.134
[19:28:16] task=4  epoch=END  time_sec=3.0  acc_task0=0.0  acc_task1=0.0  acc_task2=0.0  acc_task3=0.0  acc_task4=24.0
[19:28:16] 
============================================================
 Task 6/20  | Classes (25, 30)
============================================================
[19:28:16] Task 5 baseline (chance): 3.33%
[19:28:16] Task 5 zero-shot (pre-train): 0.00%
[19:28:19] task=5  epoch=0  train_loss=2.1545
[19:28:20] task=5  epoch=END  time_sec=2.9  acc_task0=0.0  acc_task1=0.0  acc_task2=0.0  acc_task3=0.0  acc_task4=0.0  acc_task5=27.6
[19:28:20] 
============================================================
 Task 7/20  | Classes (30, 35)
============================================================
[19:28:20] Task 6 baseline (chance): 2.86%
[19:28:21] Task 6 zero-shot (pre-train): 0.00%
[19:28:24] task=6  epoch=0  train_loss=2.1747
[19:28:25] task=6  epoch=END  time_sec=3.0  acc_task0=0.0  acc_task1=0.0  acc_task2=0.0  acc_task3=0.0  acc_task4=0.0  acc_task5=0.0  acc_task6=43.6
[19:28:25] 
============================================================
 Task 8/20  | Classes (35, 40)
============================================================
[19:28:25] Task 7 baseline (chance): 2.50%
[19:28:25] Task 7 zero-shot (pre-train): 0.00%
[19:28:28] task=7  epoch=0  train_loss=2.101
[19:28:29] task=7  epoch=END  time_sec=3.0  acc_task0=0.0  acc_task1=0.0  acc_task2=0.0  acc_task3=0.0  acc_task4=0.0  acc_task5=0.0  acc_task6=0.0  acc_task7=37.2
[19:28:29] 
============================================================
 Task 9/20  | Classes (40, 45)
============================================================
[19:28:29] Task 8 baseline (chance): 2.22%
[19:28:29] Task 8 zero-shot (pre-train): 0.00%
[19:28:32] task=8  epoch=0  train_loss=2.3779
[19:28:34] task=8  epoch=END  time_sec=3.0  acc_task0=0.0  acc_task1=0.0  acc_task2=0.0  acc_task3=0.0  acc_task4=0.0  acc_task5=0.0  acc_task6=0.0  acc_task7=0.0  acc_task8=29.8
[19:28:34] 
============================================================
 Task 10/20  | Classes (45, 50)
============================================================
[19:28:34] Task 9 baseline (chance): 2.00%
[19:28:34] Task 9 zero-shot (pre-train): 0.00%
[19:28:37] task=9  epoch=0  train_loss=2.1239
[19:28:39] task=9  epoch=END  time_sec=3.0  acc_task0=0.0  acc_task1=0.0  acc_task2=0.0  acc_task3=0.0  acc_task4=0.0  acc_task5=0.0  acc_task6=0.0  acc_task7=0.0  acc_task8=0.0  acc_task9=34.0
[19:28:39] 
============================================================
 Task 11/20  | Classes (50, 55)
============================================================
[19:28:39] Task 10 baseline (chance): 1.82%
[19:28:39] Task 10 zero-shot (pre-train): 0.00%
[19:28:42] task=10  epoch=0  train_loss=2.8759
[19:28:44] task=10  epoch=END  time_sec=2.9  acc_task0=0.0  acc_task1=0.0  acc_task2=0.0  acc_task3=0.0  acc_task4=0.0  acc_task5=0.0  acc_task6=0.0  acc_task7=0.0  acc_task8=0.0  acc_task9=0.0  acc_task10=32.8
[19:28:44] 
============================================================
 Task 12/20  | Classes (55, 60)
============================================================
[19:28:44] Task 11 baseline (chance): 1.67%
[19:28:44] Task 11 zero-shot (pre-train): 0.00%
[19:28:47] task=11  epoch=0  train_loss=2.4022
[19:28:49] task=11  epoch=END  time_sec=3.0  acc_task0=0.0  acc_task1=0.0  acc_task2=0.0  acc_task3=0.0  acc_task4=0.0  acc_task5=0.0  acc_task6=0.0  acc_task7=0.0  acc_task8=0.0  acc_task9=0.0  acc_task10=0.0  acc_task11=24.6
[19:28:49] 
============================================================
 Task 13/20  | Classes (60, 65)
============================================================
[19:28:49] Task 12 baseline (chance): 1.54%
[19:28:49] Task 12 zero-shot (pre-train): 0.00%
[19:28:52] task=12  epoch=0  train_loss=2.3337
[19:28:54] task=12  epoch=END  time_sec=3.0  acc_task0=0.0  acc_task1=0.0  acc_task2=0.0  acc_task3=0.0  acc_task4=0.0  acc_task5=0.0  acc_task6=0.0  acc_task7=0.0  acc_task8=0.0  acc_task9=0.0  acc_task10=0.0  acc_task11=0.0  acc_task12=46.6
[19:28:54] 
============================================================
 Task 14/20  | Classes (65, 70)
============================================================
[19:28:54] Task 13 baseline (chance): 1.43%
[19:28:54] Task 13 zero-shot (pre-train): 0.00%
[19:28:57] task=13  epoch=0  train_loss=2.5134
[19:29:00] task=13  epoch=END  time_sec=3.0  acc_task0=0.0  acc_task1=0.0  acc_task2=0.0  acc_task3=0.0  acc_task4=0.0  acc_task5=0.0  acc_task6=0.0  acc_task7=0.0  acc_task8=0.0  acc_task9=0.0  acc_task10=0.0  acc_task11=0.0  acc_task12=0.0  acc_task13=32.8
[19:29:00] 
============================================================
 Task 15/20  | Classes (70, 75)
============================================================
[19:29:00] Task 14 baseline (chance): 1.33%
[19:29:00] Task 14 zero-shot (pre-train): 0.00%
[19:29:03] task=14  epoch=0  train_loss=2.3133
[19:29:05] task=14  epoch=END  time_sec=3.0  acc_task0=0.0  acc_task1=0.0  acc_task2=0.0  acc_task3=0.0  acc_task4=0.0  acc_task5=0.0  acc_task6=0.0  acc_task7=0.0  acc_task8=0.0  acc_task9=0.0  acc_task10=0.0  acc_task11=0.0  acc_task12=0.0  acc_task13=0.0  acc_task14=57.8
[19:29:05] 
============================================================
 Task 16/20  | Classes (75, 80)
============================================================
[19:29:05] Task 15 baseline (chance): 1.25%
[19:29:06] Task 15 zero-shot (pre-train): 0.00%
[19:29:09] task=15  epoch=0  train_loss=2.7109
[19:29:11] task=15  epoch=END  time_sec=3.0  acc_task0=0.0  acc_task1=0.0  acc_task2=0.0  acc_task3=0.0  acc_task4=0.0  acc_task5=0.0  acc_task6=0.0  acc_task7=0.0  acc_task8=0.0  acc_task9=0.0  acc_task10=0.0  acc_task11=0.0  acc_task12=0.0  acc_task13=0.0  acc_task14=0.0  acc_task15=40.0
[19:29:11] 
============================================================
 Task 17/20  | Classes (80, 85)
============================================================
[19:29:11] Task 16 baseline (chance): 1.18%
[19:29:12] Task 16 zero-shot (pre-train): 0.00%
[19:29:15] task=16  epoch=0  train_loss=2.1631
[19:29:17] task=16  epoch=END  time_sec=3.0  acc_task0=0.0  acc_task1=0.0  acc_task2=0.0  acc_task3=0.0  acc_task4=0.0  acc_task5=0.0  acc_task6=0.0  acc_task7=0.0  acc_task8=0.0  acc_task9=0.0  acc_task10=0.0  acc_task11=0.0  acc_task12=0.0  acc_task13=0.0  acc_task14=0.0  acc_task15=0.0  acc_task16=49.8
[19:29:17] 
============================================================
 Task 18/20  | Classes (85, 90)
============================================================
[19:29:17] Task 17 baseline (chance): 1.11%
[19:29:18] Task 17 zero-shot (pre-train): 0.00%
[19:29:20] task=17  epoch=0  train_loss=2.8062
[19:29:24] task=17  epoch=END  time_sec=2.9  acc_task0=0.0  acc_task1=0.0  acc_task2=0.0  acc_task3=0.0  acc_task4=0.0  acc_task5=0.0  acc_task6=0.0  acc_task7=0.0  acc_task8=0.0  acc_task9=0.0  acc_task10=0.0  acc_task11=0.0  acc_task12=0.0  acc_task13=0.0  acc_task14=0.0  acc_task15=0.0  acc_task16=0.0  acc_task17=38.0
[19:29:24] 
============================================================
 Task 19/20  | Classes (90, 95)
============================================================
[19:29:24] Task 18 baseline (chance): 1.05%
[19:29:24] Task 18 zero-shot (pre-train): 0.00%
[19:29:27] task=18  epoch=0  train_loss=2.2889
[19:29:30] task=18  epoch=END  time_sec=3.0  acc_task0=0.0  acc_task1=0.0  acc_task2=0.0  acc_task3=0.0  acc_task4=0.0  acc_task5=0.0  acc_task6=0.0  acc_task7=0.0  acc_task8=0.0  acc_task9=0.0  acc_task10=0.0  acc_task11=0.0  acc_task12=0.0  acc_task13=0.0  acc_task14=0.0  acc_task15=0.0  acc_task16=0.0  acc_task17=0.0  acc_task18=47.2
[19:29:30] 
============================================================
 Task 20/20  | Classes (95, 100)
============================================================
[19:29:30] Task 19 baseline (chance): 1.00%
[19:29:30] Task 19 zero-shot (pre-train): 0.00%
[19:29:33] task=19  epoch=0  train_loss=2.8153
[19:29:37] task=19  epoch=END  time_sec=3.0  acc_task0=0.0  acc_task1=0.0  acc_task2=0.0  acc_task3=0.0  acc_task4=0.0  acc_task5=0.0  acc_task6=0.0  acc_task7=0.0  acc_task8=0.0  acc_task9=0.0  acc_task10=0.0  acc_task11=0.0  acc_task12=0.0  acc_task13=0.0  acc_task14=0.0  acc_task15=0.0  acc_task16=0.0  acc_task17=0.0  acc_task18=0.0  acc_task19=48.0
[19:29:37] 
Final Metrics:
  avg_accuracy         +2.4000
  forgetting           +38.2526
  backward_transfer    -38.2526
  forward_transfer     -2.7345
[19:29:37] 
Done - run: split_cifar100_fine_tune_seed42
[19:29:37] Metrics: {'avg_accuracy': 2.4, 'forgetting': 38.2526, 'backward_transfer': -38.2526, 'forward_transfer': -2.7345}
