[19:31:18] Starting: split_cifar100_fine_tune_seed456
[19:31:18] Config: {'dataset': 'split_cifar100', 'data_root': 'Project/data_local', 'model': 'slim_resnet18', 'pretrained': False, 'method': 'fine_tune', 'n_epochs': 1, 'batch_size': 32, 'num_workers': 0, 'lr': 0.03, 'momentum': 0.9, 'weight_decay': 0.0001, 'fp16': True, 'buffer_size': 200, 'ewc_lambda': 100.0, 'fisher_samples': 200, 'si_lambda': 1.0, 'si_xi': 0.1, 'der_alpha': 0.5, 'xder_beta': 0.5, 'lwf_lambda': 1.0, 'lwf_temp': 2.0, 'icarl_distill_w': 1.0, 'icarl_temp': 2.0, 'use_nmc': True, 'agem_mem_batch': 64, 'distill_lambda': 1.0, 'distill_temp': 2.0, 'pc_distill_w': 1.0, 'pc_ewc_lambda': 100.0, 'pc_compress_epochs': 3, 'er_replay_ratio': 0.5, 'joint_replay_epochs': 1, 'disable_tqdm': True, 'disable_checkpoints': True, 'disable_plots': False, 'seeds': [42, 123, 456, 789, 1024], 'results_root': 'results_fwt', 'checkpoint_dir': 'results/checkpoints', 'figure_dir': 'results_fwt\\figures', 'log_dir': 'results_fwt\\raw', 'run_name': 'split_cifar100_fine_tune_seed456', 'seed': 456}
[19:31:18] Device: cuda
[19:31:19] Dataset: SplitCIFAR100(tasks=20, classes_per_task=5, scenario=class-il)
[19:31:19] 
============================================================
 Task 1/20  | Classes (0, 5)
============================================================
[19:31:19] Task 0 baseline (chance): 20.00%
[19:31:22] task=0  epoch=0  train_loss=1.2978
[19:31:22] task=0  epoch=END  time_sec=3.1  acc_task0=39.4
[19:31:22] 
============================================================
 Task 2/20  | Classes (5, 10)
============================================================
[19:31:22] Task 1 baseline (chance): 10.00%
[19:31:23] Task 1 zero-shot (pre-train): 0.00%
[19:31:26] task=1  epoch=0  train_loss=1.7354
[19:31:26] task=1  epoch=END  time_sec=3.0  acc_task0=0.0  acc_task1=30.4
[19:31:26] 
============================================================
 Task 3/20  | Classes (10, 15)
============================================================
[19:31:26] Task 2 baseline (chance): 6.67%
[19:31:26] Task 2 zero-shot (pre-train): 0.00%
[19:31:29] task=2  epoch=0  train_loss=1.7666
[19:31:30] task=2  epoch=END  time_sec=3.0  acc_task0=0.0  acc_task1=0.0  acc_task2=43.0
[19:31:30] 
============================================================
 Task 4/20  | Classes (15, 20)
============================================================
[19:31:30] Task 3 baseline (chance): 5.00%
[19:31:30] Task 3 zero-shot (pre-train): 0.00%
[19:31:33] task=3  epoch=0  train_loss=2.1485
[19:31:33] task=3  epoch=END  time_sec=2.9  acc_task0=0.0  acc_task1=0.0  acc_task2=0.0  acc_task3=44.0
[19:31:33] 
============================================================
 Task 5/20  | Classes (20, 25)
============================================================
[19:31:33] Task 4 baseline (chance): 4.00%
[19:31:34] Task 4 zero-shot (pre-train): 0.00%
[19:31:37] task=4  epoch=0  train_loss=2.0704
[19:31:37] task=4  epoch=END  time_sec=2.9  acc_task0=0.0  acc_task1=0.0  acc_task2=0.0  acc_task3=0.0  acc_task4=45.6
[19:31:37] 
============================================================
 Task 6/20  | Classes (25, 30)
============================================================
[19:31:37] Task 5 baseline (chance): 3.33%
[19:31:38] Task 5 zero-shot (pre-train): 0.00%
[19:31:40] task=5  epoch=0  train_loss=2.2486
[19:31:41] task=5  epoch=END  time_sec=2.9  acc_task0=0.0  acc_task1=0.0  acc_task2=0.0  acc_task3=0.0  acc_task4=0.0  acc_task5=21.0
[19:31:41] 
============================================================
 Task 7/20  | Classes (30, 35)
============================================================
[19:31:41] Task 6 baseline (chance): 2.86%
[19:31:42] Task 6 zero-shot (pre-train): 0.00%
[19:31:45] task=6  epoch=0  train_loss=2.1849
[19:31:46] task=6  epoch=END  time_sec=3.0  acc_task0=0.0  acc_task1=0.0  acc_task2=0.0  acc_task3=0.0  acc_task4=0.0  acc_task5=0.0  acc_task6=25.4
[19:31:46] 
============================================================
 Task 8/20  | Classes (35, 40)
============================================================
[19:31:46] Task 7 baseline (chance): 2.50%
[19:31:46] Task 7 zero-shot (pre-train): 0.00%
[19:31:49] task=7  epoch=0  train_loss=2.6106
[19:31:50] task=7  epoch=END  time_sec=2.9  acc_task0=0.0  acc_task1=0.0  acc_task2=0.0  acc_task3=0.0  acc_task4=0.0  acc_task5=0.0  acc_task6=0.0  acc_task7=19.8
[19:31:50] 
============================================================
 Task 9/20  | Classes (40, 45)
============================================================
[19:31:50] Task 8 baseline (chance): 2.22%
[19:31:50] Task 8 zero-shot (pre-train): 0.00%
[19:31:53] task=8  epoch=0  train_loss=2.2111
[19:31:55] task=8  epoch=END  time_sec=3.0  acc_task0=0.0  acc_task1=0.0  acc_task2=0.0  acc_task3=0.0  acc_task4=0.0  acc_task5=0.0  acc_task6=0.0  acc_task7=0.0  acc_task8=22.0
[19:31:55] 
============================================================
 Task 10/20  | Classes (45, 50)
============================================================
[19:31:55] Task 9 baseline (chance): 2.00%
[19:31:55] Task 9 zero-shot (pre-train): 0.00%
[19:31:58] task=9  epoch=0  train_loss=2.9817
[19:32:00] task=9  epoch=END  time_sec=2.9  acc_task0=0.0  acc_task1=0.0  acc_task2=0.0  acc_task3=0.0  acc_task4=0.0  acc_task5=0.0  acc_task6=0.0  acc_task7=0.0  acc_task8=0.0  acc_task9=22.2
[19:32:00] 
============================================================
 Task 11/20  | Classes (50, 55)
============================================================
[19:32:00] Task 10 baseline (chance): 1.82%
[19:32:00] Task 10 zero-shot (pre-train): 0.00%
[19:32:03] task=10  epoch=0  train_loss=2.6945
[19:32:05] task=10  epoch=END  time_sec=3.0  acc_task0=0.0  acc_task1=0.0  acc_task2=0.0  acc_task3=0.0  acc_task4=0.0  acc_task5=0.0  acc_task6=0.0  acc_task7=0.0  acc_task8=0.0  acc_task9=0.0  acc_task10=38.2
[19:32:05] 
============================================================
 Task 12/20  | Classes (55, 60)
============================================================
[19:32:05] Task 11 baseline (chance): 1.67%
[19:32:05] Task 11 zero-shot (pre-train): 0.00%
[19:32:08] task=11  epoch=0  train_loss=2.5323
[19:32:10] task=11  epoch=END  time_sec=2.9  acc_task0=0.0  acc_task1=0.0  acc_task2=0.0  acc_task3=0.0  acc_task4=0.0  acc_task5=0.0  acc_task6=0.0  acc_task7=0.0  acc_task8=0.0  acc_task9=0.0  acc_task10=0.0  acc_task11=33.4
[19:32:10] 
============================================================
 Task 13/20  | Classes (60, 65)
============================================================
[19:32:10] Task 12 baseline (chance): 1.54%
[19:32:10] Task 12 zero-shot (pre-train): 0.00%
[19:32:13] task=12  epoch=0  train_loss=2.2159
[19:32:15] task=12  epoch=END  time_sec=3.0  acc_task0=0.0  acc_task1=0.0  acc_task2=0.0  acc_task3=0.0  acc_task4=0.0  acc_task5=0.0  acc_task6=0.0  acc_task7=0.0  acc_task8=0.0  acc_task9=0.0  acc_task10=0.0  acc_task11=0.0  acc_task12=38.2
[19:32:15] 
============================================================
 Task 14/20  | Classes (65, 70)
============================================================
[19:32:15] Task 13 baseline (chance): 1.43%
[19:32:15] Task 13 zero-shot (pre-train): 0.00%
[19:32:18] task=13  epoch=0  train_loss=3.1741
[19:32:21] task=13  epoch=END  time_sec=3.0  acc_task0=0.0  acc_task1=0.0  acc_task2=0.0  acc_task3=0.0  acc_task4=0.0  acc_task5=0.0  acc_task6=0.0  acc_task7=0.0  acc_task8=0.0  acc_task9=0.0  acc_task10=0.0  acc_task11=0.0  acc_task12=0.0  acc_task13=20.6
[19:32:21] 
============================================================
 Task 15/20  | Classes (70, 75)
============================================================
[19:32:21] Task 14 baseline (chance): 1.33%
[19:32:21] Task 14 zero-shot (pre-train): 0.00%
[19:32:24] task=14  epoch=0  train_loss=2.192
[19:32:27] task=14  epoch=END  time_sec=3.1  acc_task0=0.0  acc_task1=0.0  acc_task2=0.0  acc_task3=0.0  acc_task4=0.0  acc_task5=0.0  acc_task6=0.0  acc_task7=0.0  acc_task8=0.0  acc_task9=0.0  acc_task10=0.0  acc_task11=0.0  acc_task12=0.0  acc_task13=0.0  acc_task14=35.4
[19:32:27] 
============================================================
 Task 16/20  | Classes (75, 80)
============================================================
[19:32:27] Task 15 baseline (chance): 1.25%
[19:32:27] Task 15 zero-shot (pre-train): 0.00%
[19:32:30] task=15  epoch=0  train_loss=2.964
[19:32:33] task=15  epoch=END  time_sec=2.9  acc_task0=0.0  acc_task1=0.0  acc_task2=0.0  acc_task3=0.0  acc_task4=0.0  acc_task5=0.0  acc_task6=0.0  acc_task7=0.0  acc_task8=0.0  acc_task9=0.0  acc_task10=0.0  acc_task11=0.0  acc_task12=0.0  acc_task13=0.0  acc_task14=0.0  acc_task15=29.8
[19:32:33] 
============================================================
 Task 17/20  | Classes (80, 85)
============================================================
[19:32:33] Task 16 baseline (chance): 1.18%
[19:32:33] Task 16 zero-shot (pre-train): 0.00%
[19:32:36] task=16  epoch=0  train_loss=2.2634
[19:32:39] task=16  epoch=END  time_sec=2.9  acc_task0=0.0  acc_task1=0.0  acc_task2=0.0  acc_task3=0.0  acc_task4=0.0  acc_task5=0.0  acc_task6=0.0  acc_task7=0.0  acc_task8=0.0  acc_task9=0.0  acc_task10=0.0  acc_task11=0.0  acc_task12=0.0  acc_task13=0.0  acc_task14=0.0  acc_task15=0.0  acc_task16=33.6
[19:32:39] 
============================================================
 Task 18/20  | Classes (85, 90)
============================================================
[19:32:39] Task 17 baseline (chance): 1.11%
[19:32:39] Task 17 zero-shot (pre-train): 0.00%
[19:32:42] task=17  epoch=0  train_loss=2.7437
[19:32:45] task=17  epoch=END  time_sec=2.9  acc_task0=0.0  acc_task1=0.0  acc_task2=0.0  acc_task3=0.0  acc_task4=0.0  acc_task5=0.0  acc_task6=0.0  acc_task7=0.0  acc_task8=0.0  acc_task9=0.0  acc_task10=0.0  acc_task11=0.0  acc_task12=0.0  acc_task13=0.0  acc_task14=0.0  acc_task15=0.0  acc_task16=0.0  acc_task17=37.6
[19:32:45] 
============================================================
 Task 19/20  | Classes (90, 95)
============================================================
[19:32:45] Task 18 baseline (chance): 1.05%
[19:32:45] Task 18 zero-shot (pre-train): 0.00%
[19:32:48] task=18  epoch=0  train_loss=2.3167
[19:32:51] task=18  epoch=END  time_sec=3.1  acc_task0=0.0  acc_task1=0.0  acc_task2=0.0  acc_task3=0.0  acc_task4=0.0  acc_task5=0.0  acc_task6=0.0  acc_task7=0.0  acc_task8=0.0  acc_task9=0.0  acc_task10=0.0  acc_task11=0.0  acc_task12=0.0  acc_task13=0.0  acc_task14=0.0  acc_task15=0.0  acc_task16=0.0  acc_task17=0.0  acc_task18=36.6
[19:32:51] 
============================================================
 Task 20/20  | Classes (95, 100)
============================================================
[19:32:51] Task 19 baseline (chance): 1.00%
[19:32:52] Task 19 zero-shot (pre-train): 0.00%
[19:32:55] task=19  epoch=0  train_loss=2.6513
[19:32:58] task=19  epoch=END  time_sec=3.1  acc_task0=0.0  acc_task1=0.0  acc_task2=0.0  acc_task3=0.0  acc_task4=0.0  acc_task5=0.0  acc_task6=0.0  acc_task7=0.0  acc_task8=0.0  acc_task9=0.0  acc_task10=0.0  acc_task11=0.0  acc_task12=0.0  acc_task13=0.0  acc_task14=0.0  acc_task15=0.0  acc_task16=0.0  acc_task17=0.0  acc_task18=0.0  acc_task19=29.4
[19:32:58] 
Final Metrics:
  avg_accuracy         +1.4700
  forgetting           +32.4316
  backward_transfer    -32.4316
  forward_transfer     -2.7345
[19:32:59] 
Done - run: split_cifar100_fine_tune_seed456
[19:32:59] Metrics: {'avg_accuracy': 1.47, 'forgetting': 32.4316, 'backward_transfer': -32.4316, 'forward_transfer': -2.7345}
