[19:29:37] Starting: split_cifar100_fine_tune_seed123
[19:29:37] Config: {'dataset': 'split_cifar100', 'data_root': 'Project/data_local', 'model': 'slim_resnet18', 'pretrained': False, 'method': 'fine_tune', 'n_epochs': 1, 'batch_size': 32, 'num_workers': 0, 'lr': 0.03, 'momentum': 0.9, 'weight_decay': 0.0001, 'fp16': True, 'buffer_size': 200, 'ewc_lambda': 100.0, 'fisher_samples': 200, 'si_lambda': 1.0, 'si_xi': 0.1, 'der_alpha': 0.5, 'xder_beta': 0.5, 'lwf_lambda': 1.0, 'lwf_temp': 2.0, 'icarl_distill_w': 1.0, 'icarl_temp': 2.0, 'use_nmc': True, 'agem_mem_batch': 64, 'distill_lambda': 1.0, 'distill_temp': 2.0, 'pc_distill_w': 1.0, 'pc_ewc_lambda': 100.0, 'pc_compress_epochs': 3, 'er_replay_ratio': 0.5, 'joint_replay_epochs': 1, 'disable_tqdm': True, 'disable_checkpoints': True, 'disable_plots': False, 'seeds': [42, 123, 456, 789, 1024], 'results_root': 'results_fwt', 'checkpoint_dir': 'results/checkpoints', 'figure_dir': 'results_fwt\\figures', 'log_dir': 'results_fwt\\raw', 'run_name': 'split_cifar100_fine_tune_seed123', 'seed': 123}
[19:29:37] Device: cuda
[19:29:39] Dataset: SplitCIFAR100(tasks=20, classes_per_task=5, scenario=class-il)
[19:29:39] 
============================================================
 Task 1/20  | Classes (0, 5)
============================================================
[19:29:39] Task 0 baseline (chance): 20.00%
[19:29:42] task=0  epoch=0  train_loss=1.3618
[19:29:42] task=0  epoch=END  time_sec=3.1  acc_task0=47.4
[19:29:42] 
============================================================
 Task 2/20  | Classes (5, 10)
============================================================
[19:29:42] Task 1 baseline (chance): 10.00%
[19:29:42] Task 1 zero-shot (pre-train): 0.00%
[19:29:45] task=1  epoch=0  train_loss=1.7242
[19:29:45] task=1  epoch=END  time_sec=3.0  acc_task0=0.0  acc_task1=40.0
[19:29:45] 
============================================================
 Task 3/20  | Classes (10, 15)
============================================================
[19:29:45] Task 2 baseline (chance): 6.67%
[19:29:46] Task 2 zero-shot (pre-train): 0.00%
[19:29:49] task=2  epoch=0  train_loss=1.7667
[19:29:49] task=2  epoch=END  time_sec=3.0  acc_task0=0.0  acc_task1=0.0  acc_task2=41.0
[19:29:49] 
============================================================
 Task 4/20  | Classes (15, 20)
============================================================
[19:29:49] Task 3 baseline (chance): 5.00%
[19:29:49] Task 3 zero-shot (pre-train): 0.00%
[19:29:52] task=3  epoch=0  train_loss=2.135
[19:29:53] task=3  epoch=END  time_sec=2.9  acc_task0=0.0  acc_task1=0.0  acc_task2=0.0  acc_task3=43.2
[19:29:53] 
============================================================
 Task 5/20  | Classes (20, 25)
============================================================
[19:29:53] Task 4 baseline (chance): 4.00%
[19:29:53] Task 4 zero-shot (pre-train): 0.00%
[19:29:56] task=4  epoch=0  train_loss=2.0515
[19:29:57] task=4  epoch=END  time_sec=3.0  acc_task0=0.0  acc_task1=0.0  acc_task2=0.0  acc_task3=0.0  acc_task4=34.4
[19:29:57] 
============================================================
 Task 6/20  | Classes (25, 30)
============================================================
[19:29:57] Task 5 baseline (chance): 3.33%
[19:29:57] Task 5 zero-shot (pre-train): 0.00%
[19:30:00] task=5  epoch=0  train_loss=2.2714
[19:30:01] task=5  epoch=END  time_sec=2.9  acc_task0=0.0  acc_task1=0.0  acc_task2=0.0  acc_task3=0.0  acc_task4=0.0  acc_task5=20.6
[19:30:01] 
============================================================
 Task 7/20  | Classes (30, 35)
============================================================
[19:30:01] Task 6 baseline (chance): 2.86%
[19:30:01] Task 6 zero-shot (pre-train): 0.00%
[19:30:04] task=6  epoch=0  train_loss=2.1042
[19:30:05] task=6  epoch=END  time_sec=2.9  acc_task0=0.0  acc_task1=0.0  acc_task2=0.0  acc_task3=0.0  acc_task4=0.0  acc_task5=0.0  acc_task6=36.2
[19:30:05] 
============================================================
 Task 8/20  | Classes (35, 40)
============================================================
[19:30:05] Task 7 baseline (chance): 2.50%
[19:30:05] Task 7 zero-shot (pre-train): 0.00%
[19:30:08] task=7  epoch=0  train_loss=2.5788
[19:30:10] task=7  epoch=END  time_sec=2.9  acc_task0=0.0  acc_task1=0.0  acc_task2=0.0  acc_task3=0.0  acc_task4=0.0  acc_task5=0.0  acc_task6=0.0  acc_task7=23.0
[19:30:10] 
============================================================
 Task 9/20  | Classes (40, 45)
============================================================
[19:30:10] Task 8 baseline (chance): 2.22%
[19:30:10] Task 8 zero-shot (pre-train): 0.00%
[19:30:13] task=8  epoch=0  train_loss=2.2118
[19:30:14] task=8  epoch=END  time_sec=3.0  acc_task0=0.0  acc_task1=0.0  acc_task2=0.0  acc_task3=0.0  acc_task4=0.0  acc_task5=0.0  acc_task6=0.0  acc_task7=0.0  acc_task8=24.0
[19:30:14] 
============================================================
 Task 10/20  | Classes (45, 50)
============================================================
[19:30:14] Task 9 baseline (chance): 2.00%
[19:30:15] Task 9 zero-shot (pre-train): 0.00%
[19:30:18] task=9  epoch=0  train_loss=2.9321
[19:30:19] task=9  epoch=END  time_sec=3.0  acc_task0=0.0  acc_task1=0.0  acc_task2=0.0  acc_task3=0.0  acc_task4=0.0  acc_task5=0.0  acc_task6=0.0  acc_task7=0.0  acc_task8=0.0  acc_task9=33.6
[19:30:19] 
============================================================
 Task 11/20  | Classes (50, 55)
============================================================
[19:30:19] Task 10 baseline (chance): 1.82%
[19:30:20] Task 10 zero-shot (pre-train): 0.00%
[19:30:22] task=10  epoch=0  train_loss=2.5796
[19:30:24] task=10  epoch=END  time_sec=3.0  acc_task0=0.0  acc_task1=0.0  acc_task2=0.0  acc_task3=0.0  acc_task4=0.0  acc_task5=0.0  acc_task6=0.0  acc_task7=0.0  acc_task8=0.0  acc_task9=0.0  acc_task10=48.2
[19:30:24] 
============================================================
 Task 12/20  | Classes (55, 60)
============================================================
[19:30:24] Task 11 baseline (chance): 1.67%
[19:30:24] Task 11 zero-shot (pre-train): 0.00%
[19:30:28] task=11  epoch=0  train_loss=2.2717
[19:30:30] task=11  epoch=END  time_sec=3.1  acc_task0=0.0  acc_task1=0.0  acc_task2=0.0  acc_task3=0.0  acc_task4=0.0  acc_task5=0.0  acc_task6=0.0  acc_task7=0.0  acc_task8=0.0  acc_task9=0.0  acc_task10=0.0  acc_task11=35.6
[19:30:30] 
============================================================
 Task 13/20  | Classes (60, 65)
============================================================
[19:30:30] Task 12 baseline (chance): 1.54%
[19:30:30] Task 12 zero-shot (pre-train): 0.00%
[19:30:33] task=12  epoch=0  train_loss=2.3962
[19:30:35] task=12  epoch=END  time_sec=2.9  acc_task0=0.0  acc_task1=0.0  acc_task2=0.0  acc_task3=0.0  acc_task4=0.0  acc_task5=0.0  acc_task6=0.0  acc_task7=0.0  acc_task8=0.0  acc_task9=0.0  acc_task10=0.0  acc_task11=0.0  acc_task12=41.8
[19:30:35] 
============================================================
 Task 14/20  | Classes (65, 70)
============================================================
[19:30:35] Task 13 baseline (chance): 1.43%
[19:30:35] Task 13 zero-shot (pre-train): 0.00%
[19:30:38] task=13  epoch=0  train_loss=2.4286
[19:30:40] task=13  epoch=END  time_sec=3.0  acc_task0=0.0  acc_task1=0.0  acc_task2=0.0  acc_task3=0.0  acc_task4=0.0  acc_task5=0.0  acc_task6=0.0  acc_task7=0.0  acc_task8=0.0  acc_task9=0.0  acc_task10=0.0  acc_task11=0.0  acc_task12=0.0  acc_task13=28.8
[19:30:40] 
============================================================
 Task 15/20  | Classes (70, 75)
============================================================
[19:30:40] Task 14 baseline (chance): 1.33%
[19:30:41] Task 14 zero-shot (pre-train): 0.00%
[19:30:44] task=14  epoch=0  train_loss=2.3818
[19:30:46] task=14  epoch=END  time_sec=3.0  acc_task0=0.0  acc_task1=0.0  acc_task2=0.0  acc_task3=0.0  acc_task4=0.0  acc_task5=0.0  acc_task6=0.0  acc_task7=0.0  acc_task8=0.0  acc_task9=0.0  acc_task10=0.0  acc_task11=0.0  acc_task12=0.0  acc_task13=0.0  acc_task14=38.4
[19:30:46] 
============================================================
 Task 16/20  | Classes (75, 80)
============================================================
[19:30:46] Task 15 baseline (chance): 1.25%
[19:30:46] Task 15 zero-shot (pre-train): 0.00%
[19:30:49] task=15  epoch=0  train_loss=3.1086
[19:30:52] task=15  epoch=END  time_sec=3.0  acc_task0=0.0  acc_task1=0.0  acc_task2=0.0  acc_task3=0.0  acc_task4=0.0  acc_task5=0.0  acc_task6=0.0  acc_task7=0.0  acc_task8=0.0  acc_task9=0.0  acc_task10=0.0  acc_task11=0.0  acc_task12=0.0  acc_task13=0.0  acc_task14=0.0  acc_task15=33.6
[19:30:52] 
============================================================
 Task 17/20  | Classes (80, 85)
============================================================
[19:30:52] Task 16 baseline (chance): 1.18%
[19:30:52] Task 16 zero-shot (pre-train): 0.00%
[19:30:55] task=16  epoch=0  train_loss=2.3651
[19:30:58] task=16  epoch=END  time_sec=3.0  acc_task0=0.0  acc_task1=0.0  acc_task2=0.0  acc_task3=0.0  acc_task4=0.0  acc_task5=0.0  acc_task6=0.0  acc_task7=0.0  acc_task8=0.0  acc_task9=0.0  acc_task10=0.0  acc_task11=0.0  acc_task12=0.0  acc_task13=0.0  acc_task14=0.0  acc_task15=0.0  acc_task16=27.2
[19:30:58] 
============================================================
 Task 18/20  | Classes (85, 90)
============================================================
[19:30:58] Task 17 baseline (chance): 1.11%
[19:30:58] Task 17 zero-shot (pre-train): 0.00%
[19:31:01] task=17  epoch=0  train_loss=3.5383
[19:31:04] task=17  epoch=END  time_sec=2.9  acc_task0=0.0  acc_task1=0.0  acc_task2=0.0  acc_task3=0.0  acc_task4=0.0  acc_task5=0.0  acc_task6=0.0  acc_task7=0.0  acc_task8=0.0  acc_task9=0.0  acc_task10=0.0  acc_task11=0.0  acc_task12=0.0  acc_task13=0.0  acc_task14=0.0  acc_task15=0.0  acc_task16=0.0  acc_task17=33.2
[19:31:04] 
============================================================
 Task 19/20  | Classes (90, 95)
============================================================
[19:31:04] Task 18 baseline (chance): 1.05%
[19:31:04] Task 18 zero-shot (pre-train): 0.00%
[19:31:07] task=18  epoch=0  train_loss=2.7498
[19:31:11] task=18  epoch=END  time_sec=3.0  acc_task0=0.0  acc_task1=0.0  acc_task2=0.0  acc_task3=0.0  acc_task4=0.0  acc_task5=0.0  acc_task6=0.0  acc_task7=0.0  acc_task8=0.0  acc_task9=0.0  acc_task10=0.0  acc_task11=0.0  acc_task12=0.0  acc_task13=0.0  acc_task14=0.0  acc_task15=0.0  acc_task16=0.0  acc_task17=0.0  acc_task18=41.4
[19:31:11] 
============================================================
 Task 20/20  | Classes (95, 100)
============================================================
[19:31:11] Task 19 baseline (chance): 1.00%
[19:31:11] Task 19 zero-shot (pre-train): 0.00%
[19:31:14] task=19  epoch=0  train_loss=2.123
[19:31:17] task=19  epoch=END  time_sec=3.0  acc_task0=0.0  acc_task1=0.0  acc_task2=0.0  acc_task3=0.0  acc_task4=0.0  acc_task5=0.0  acc_task6=0.0  acc_task7=0.0  acc_task8=0.0  acc_task9=0.0  acc_task10=0.0  acc_task11=0.0  acc_task12=0.0  acc_task13=0.0  acc_task14=0.0  acc_task15=0.0  acc_task16=0.0  acc_task17=0.0  acc_task18=0.0  acc_task19=61.4
[19:31:17] 
Final Metrics:
  avg_accuracy         +3.0700
  forgetting           +35.3474
  backward_transfer    -35.3474
  forward_transfer     -2.7345
[19:31:18] 
Done - run: split_cifar100_fine_tune_seed123
[19:31:18] Metrics: {'avg_accuracy': 3.07, 'forgetting': 35.3474, 'backward_transfer': -35.3474, 'forward_transfer': -2.7345}
