[16:59:29] Starting: split_cifar10_ewc_lambda1_seed1024
[16:59:29] Config: {'dataset': 'split_cifar10', 'data_root': 'Project/data_local', 'model': 'slim_resnet18', 'pretrained': False, 'method': 'ewc', 'n_epochs': 1, 'batch_size': 32, 'num_workers': 0, 'lr': 0.03, 'momentum': 0.9, 'weight_decay': 0.0001, 'fp16': False, 'buffer_size': 200, 'ewc_lambda': 1.0, 'fisher_samples': 200, 'si_lambda': 1.0, 'si_xi': 0.1, 'der_alpha': 0.5, 'xder_beta': 0.5, 'lwf_lambda': 1.0, 'lwf_temp': 2.0, 'icarl_distill_w': 1.0, 'icarl_temp': 2.0, 'use_nmc': True, 'agem_mem_batch': 64, 'distill_lambda': 1.0, 'distill_temp': 2.0, 'pc_distill_w': 1.0, 'pc_ewc_lambda': 100.0, 'pc_compress_epochs': 3, 'er_replay_ratio': 0.5, 'joint_replay_epochs': 1, 'disable_tqdm': True, 'disable_checkpoints': True, 'disable_plots': True, 'seeds': [42, 123, 456, 789, 1024], 'results_root': 'results_phase3_ablations', 'checkpoint_dir': 'results/checkpoints', 'figure_dir': 'results_phase3_ablations\\figures', 'log_dir': 'results_phase3_ablations\\raw', 'run_tag': 'lambda1', 'run_name': 'split_cifar10_ewc_lambda1_seed1024', 'seed': 1024}
[16:59:29] Device: cuda
[16:59:31] Dataset: SplitCIFAR10(tasks=5, classes_per_task=2, scenario=class-il)
[16:59:31] 
============================================================
 Task 1/5  | Classes (0, 2)
============================================================
[16:59:31] Task 0 baseline (chance): 50.00%
[16:59:43] task=0  epoch=0  train_loss=0.5051
[16:59:44] task=0  epoch=END  time_sec=12.1  acc_task0=86.05
[16:59:44] 
============================================================
 Task 2/5  | Classes (2, 4)
============================================================
[16:59:44] Task 1 baseline (chance): 25.00%
[16:59:45] Task 1 zero-shot (pre-train): 0.10%
[17:00:05] task=1  epoch=0  train_loss=0.5939
[17:00:07] task=1  epoch=END  time_sec=19.6  acc_task0=0.0  acc_task1=73.5
[17:00:07] 
============================================================
 Task 3/5  | Classes (4, 6)
============================================================
[17:00:07] Task 2 baseline (chance): 16.67%
[17:00:08] Task 2 zero-shot (pre-train): 0.00%
[17:00:35] task=2  epoch=0  train_loss=0.6014
[17:00:38] task=2  epoch=END  time_sec=27.7  acc_task0=0.0  acc_task1=0.0  acc_task2=75.3
[17:00:38] 
============================================================
 Task 4/5  | Classes (6, 8)
============================================================
[17:00:38] Task 3 baseline (chance): 12.50%
[17:00:39] Task 3 zero-shot (pre-train): 0.00%
[17:01:16] task=3  epoch=0  train_loss=0.6592
[17:01:19] task=3  epoch=END  time_sec=36.2  acc_task0=0.0  acc_task1=0.0  acc_task2=0.0  acc_task3=79.75
[17:01:19] 
============================================================
 Task 5/5  | Classes (8, 10)
============================================================
[17:01:19] Task 4 baseline (chance): 10.00%
[17:01:20] Task 4 zero-shot (pre-train): 0.00%
[17:02:04] task=4  epoch=0  train_loss=0.7492
[17:02:09] task=4  epoch=END  time_sec=43.9  acc_task0=0.0  acc_task1=0.0  acc_task2=0.0  acc_task3=0.0  acc_task4=80.75
[17:02:09] 
Final Metrics:
  avg_accuracy         +16.1500
  forgetting           +78.6500
  backward_transfer    -78.6500
  forward_transfer     -16.0167
[17:02:09] 
Done - run: split_cifar10_ewc_lambda1_seed1024
[17:02:09] Metrics: {'avg_accuracy': 16.15, 'forgetting': 78.65, 'backward_transfer': -78.65, 'forward_transfer': -16.0167}
