[16:54:12] Starting: split_cifar10_ewc_lambda1_seed456
[16:54:12] Config: {'dataset': 'split_cifar10', 'data_root': 'Project/data_local', 'model': 'slim_resnet18', 'pretrained': False, 'method': 'ewc', 'n_epochs': 1, 'batch_size': 32, 'num_workers': 0, 'lr': 0.03, 'momentum': 0.9, 'weight_decay': 0.0001, 'fp16': False, 'buffer_size': 200, 'ewc_lambda': 1.0, 'fisher_samples': 200, 'si_lambda': 1.0, 'si_xi': 0.1, 'der_alpha': 0.5, 'xder_beta': 0.5, 'lwf_lambda': 1.0, 'lwf_temp': 2.0, 'icarl_distill_w': 1.0, 'icarl_temp': 2.0, 'use_nmc': True, 'agem_mem_batch': 64, 'distill_lambda': 1.0, 'distill_temp': 2.0, 'pc_distill_w': 1.0, 'pc_ewc_lambda': 100.0, 'pc_compress_epochs': 3, 'er_replay_ratio': 0.5, 'joint_replay_epochs': 1, 'disable_tqdm': True, 'disable_checkpoints': True, 'disable_plots': True, 'seeds': [42, 123, 456, 789, 1024], 'results_root': 'results_phase3_ablations', 'checkpoint_dir': 'results/checkpoints', 'figure_dir': 'results_phase3_ablations\\figures', 'log_dir': 'results_phase3_ablations\\raw', 'run_tag': 'lambda1', 'run_name': 'split_cifar10_ewc_lambda1_seed456', 'seed': 456}
[16:54:12] Device: cuda
[16:54:14] Dataset: SplitCIFAR10(tasks=5, classes_per_task=2, scenario=class-il)
[16:54:14] 
============================================================
 Task 1/5  | Classes (0, 2)
============================================================
[16:54:14] Task 0 baseline (chance): 50.00%
[16:54:26] task=0  epoch=0  train_loss=0.5418
[16:54:27] task=0  epoch=END  time_sec=11.9  acc_task0=87.15
[16:54:27] 
============================================================
 Task 2/5  | Classes (2, 4)
============================================================
[16:54:27] Task 1 baseline (chance): 25.00%
[16:54:28] Task 1 zero-shot (pre-train): 4.00%
[16:54:47] task=1  epoch=0  train_loss=0.6255
[16:54:49] task=1  epoch=END  time_sec=19.3  acc_task0=0.0  acc_task1=72.4
[16:54:49] 
============================================================
 Task 3/5  | Classes (4, 6)
============================================================
[16:54:49] Task 2 baseline (chance): 16.67%
[16:54:50] Task 2 zero-shot (pre-train): 0.00%
[16:55:18] task=2  epoch=0  train_loss=0.6209
[16:55:20] task=2  epoch=END  time_sec=27.5  acc_task0=0.0  acc_task1=0.0  acc_task2=79.95
[16:55:21] 
============================================================
 Task 4/5  | Classes (6, 8)
============================================================
[16:55:21] Task 3 baseline (chance): 12.50%
[16:55:21] Task 3 zero-shot (pre-train): 0.00%
[16:55:57] task=3  epoch=0  train_loss=0.6758
[16:56:01] task=3  epoch=END  time_sec=36.0  acc_task0=0.0  acc_task1=0.0  acc_task2=0.0  acc_task3=78.4
[16:56:01] 
============================================================
 Task 5/5  | Classes (8, 10)
============================================================
[16:56:01] Task 4 baseline (chance): 10.00%
[16:56:02] Task 4 zero-shot (pre-train): 0.00%
[16:56:46] task=4  epoch=0  train_loss=0.7768
[16:56:51] task=4  epoch=END  time_sec=43.7  acc_task0=0.0  acc_task1=0.0  acc_task2=0.0  acc_task3=0.0  acc_task4=67.0
[16:56:51] 
Final Metrics:
  avg_accuracy         +13.4000
  forgetting           +79.4750
  backward_transfer    -79.4750
  forward_transfer     -15.0417
[16:56:51] 
Done - run: split_cifar10_ewc_lambda1_seed456
[16:56:51] Metrics: {'avg_accuracy': 13.4, 'forgetting': 79.475, 'backward_transfer': -79.475, 'forward_transfer': -15.0417}
