[16:56:51] Starting: split_cifar10_ewc_lambda1_seed789
[16:56:51] Config: {'dataset': 'split_cifar10', 'data_root': 'Project/data_local', 'model': 'slim_resnet18', 'pretrained': False, 'method': 'ewc', 'n_epochs': 1, 'batch_size': 32, 'num_workers': 0, 'lr': 0.03, 'momentum': 0.9, 'weight_decay': 0.0001, 'fp16': False, 'buffer_size': 200, 'ewc_lambda': 1.0, 'fisher_samples': 200, 'si_lambda': 1.0, 'si_xi': 0.1, 'der_alpha': 0.5, 'xder_beta': 0.5, 'lwf_lambda': 1.0, 'lwf_temp': 2.0, 'icarl_distill_w': 1.0, 'icarl_temp': 2.0, 'use_nmc': True, 'agem_mem_batch': 64, 'distill_lambda': 1.0, 'distill_temp': 2.0, 'pc_distill_w': 1.0, 'pc_ewc_lambda': 100.0, 'pc_compress_epochs': 3, 'er_replay_ratio': 0.5, 'joint_replay_epochs': 1, 'disable_tqdm': True, 'disable_checkpoints': True, 'disable_plots': True, 'seeds': [42, 123, 456, 789, 1024], 'results_root': 'results_phase3_ablations', 'checkpoint_dir': 'results/checkpoints', 'figure_dir': 'results_phase3_ablations\\figures', 'log_dir': 'results_phase3_ablations\\raw', 'run_tag': 'lambda1', 'run_name': 'split_cifar10_ewc_lambda1_seed789', 'seed': 789}
[16:56:51] Device: cuda
[16:56:52] Dataset: SplitCIFAR10(tasks=5, classes_per_task=2, scenario=class-il)
[16:56:52] 
============================================================
 Task 1/5  | Classes (0, 2)
============================================================
[16:56:52] Task 0 baseline (chance): 50.00%
[16:57:04] task=0  epoch=0  train_loss=0.5182
[16:57:05] task=0  epoch=END  time_sec=12.0  acc_task0=85.1
[16:57:05] 
============================================================
 Task 2/5  | Classes (2, 4)
============================================================
[16:57:05] Task 1 baseline (chance): 25.00%
[16:57:06] Task 1 zero-shot (pre-train): 1.00%
[16:57:26] task=1  epoch=0  train_loss=0.6108
[16:57:28] task=1  epoch=END  time_sec=19.4  acc_task0=0.0  acc_task1=71.8
[16:57:28] 
============================================================
 Task 3/5  | Classes (4, 6)
============================================================
[16:57:28] Task 2 baseline (chance): 16.67%
[16:57:29] Task 2 zero-shot (pre-train): 0.00%
[16:57:56] task=2  epoch=0  train_loss=0.5976
[16:57:59] task=2  epoch=END  time_sec=27.5  acc_task0=0.0  acc_task1=0.0  acc_task2=75.65
[16:57:59] 
============================================================
 Task 4/5  | Classes (6, 8)
============================================================
[16:57:59] Task 3 baseline (chance): 12.50%
[16:58:00] Task 3 zero-shot (pre-train): 0.00%
[16:58:37] task=3  epoch=0  train_loss=0.7819
[16:58:40] task=3  epoch=END  time_sec=36.4  acc_task0=0.0  acc_task1=0.0  acc_task2=0.0  acc_task3=76.7
[16:58:40] 
============================================================
 Task 5/5  | Classes (8, 10)
============================================================
[16:58:40] Task 4 baseline (chance): 10.00%
[16:58:41] Task 4 zero-shot (pre-train): 0.00%
[16:59:25] task=4  epoch=0  train_loss=0.6094
[16:59:29] task=4  epoch=END  time_sec=43.4  acc_task0=0.0  acc_task1=0.0  acc_task2=0.0  acc_task3=0.0  acc_task4=85.8
[16:59:29] 
Final Metrics:
  avg_accuracy         +17.1600
  forgetting           +77.3125
  backward_transfer    -77.3125
  forward_transfer     -15.7917
[16:59:29] 
Done - run: split_cifar10_ewc_lambda1_seed789
[16:59:29] Metrics: {'avg_accuracy': 17.16, 'forgetting': 77.3125, 'backward_transfer': -77.3125, 'forward_transfer': -15.7917}
