[19:57:27] Starting: split_cifar100_joint_training_seed789
[19:57:27] Config: {'dataset': 'split_cifar100', 'data_root': 'Project/data_local', 'model': 'slim_resnet18', 'pretrained': False, 'method': 'joint_training', 'n_epochs': 1, 'batch_size': 32, 'num_workers': 0, 'lr': 0.03, 'momentum': 0.9, 'weight_decay': 0.0001, 'fp16': True, 'buffer_size': 200, 'ewc_lambda': 100.0, 'fisher_samples': 200, 'si_lambda': 1.0, 'si_xi': 0.1, 'der_alpha': 0.5, 'xder_beta': 0.5, 'lwf_lambda': 1.0, 'lwf_temp': 2.0, 'icarl_distill_w': 1.0, 'icarl_temp': 2.0, 'use_nmc': True, 'agem_mem_batch': 64, 'distill_lambda': 1.0, 'distill_temp': 2.0, 'pc_distill_w': 1.0, 'pc_ewc_lambda': 100.0, 'pc_compress_epochs': 3, 'er_replay_ratio': 0.5, 'joint_replay_epochs': 1, 'disable_tqdm': True, 'disable_checkpoints': True, 'disable_plots': False, 'seeds': [42, 123, 456, 789, 1024], 'results_root': 'results_fwt', 'checkpoint_dir': 'results/checkpoints', 'figure_dir': 'results_fwt\\figures', 'log_dir': 'results_fwt\\raw', 'run_name': 'split_cifar100_joint_training_seed789', 'seed': 789}
[19:57:27] Device: cuda
[19:57:28] Dataset: SplitCIFAR100(tasks=20, classes_per_task=5, scenario=class-il)
[19:57:28] 
============================================================
 Task 1/20  | Classes (0, 5)
============================================================
[19:57:28] Task 0 baseline (chance): 20.00%
[19:57:31] task=0  epoch=0  train_loss=1.5299
[19:57:34] task=0  epoch=END  time_sec=3.0  acc_task0=48.6
[19:57:34] 
============================================================
 Task 2/20  | Classes (5, 10)
============================================================
[19:57:34] Task 1 baseline (chance): 10.00%
[19:57:35] Task 1 zero-shot (pre-train): 0.00%
[19:57:37] task=1  epoch=0  train_loss=1.637
[19:57:42] task=1  epoch=END  time_sec=2.9  acc_task0=33.8  acc_task1=26.6
[19:57:42] 
============================================================
 Task 3/20  | Classes (10, 15)
============================================================
[19:57:42] Task 2 baseline (chance): 6.67%
[19:57:42] Task 2 zero-shot (pre-train): 0.00%
[19:57:45] task=2  epoch=0  train_loss=1.6437
[19:57:51] task=2  epoch=END  time_sec=2.9  acc_task0=29.4  acc_task1=21.0  acc_task2=26.6
[19:57:51] 
============================================================
 Task 4/20  | Classes (15, 20)
============================================================
[19:57:51] Task 3 baseline (chance): 5.00%
[19:57:51] Task 3 zero-shot (pre-train): 0.00%
[19:57:54] task=3  epoch=0  train_loss=1.5433
[19:58:02] task=3  epoch=END  time_sec=2.9  acc_task0=35.4  acc_task1=17.6  acc_task2=8.0  acc_task3=30.6
[19:58:02] 
============================================================
 Task 5/20  | Classes (20, 25)
============================================================
[19:58:02] Task 4 baseline (chance): 4.00%
[19:58:02] Task 4 zero-shot (pre-train): 0.00%
[19:58:05] task=4  epoch=0  train_loss=1.4725
[19:58:14] task=4  epoch=END  time_sec=2.9  acc_task0=24.6  acc_task1=10.4  acc_task2=16.6  acc_task3=28.8  acc_task4=39.8
[19:58:14] 
============================================================
 Task 6/20  | Classes (25, 30)
============================================================
[19:58:14] Task 5 baseline (chance): 3.33%
[19:58:14] Task 5 zero-shot (pre-train): 0.00%
[19:58:17] task=5  epoch=0  train_loss=1.7531
[19:58:27] task=5  epoch=END  time_sec=2.9  acc_task0=40.8  acc_task1=17.2  acc_task2=20.8  acc_task3=25.0  acc_task4=43.2  acc_task5=14.0
[19:58:27] 
============================================================
 Task 7/20  | Classes (30, 35)
============================================================
[19:58:27] Task 6 baseline (chance): 2.86%
[19:58:27] Task 6 zero-shot (pre-train): 0.00%
[19:58:30] task=6  epoch=0  train_loss=1.4757
[19:58:42] task=6  epoch=END  time_sec=2.9  acc_task0=33.4  acc_task1=19.8  acc_task2=23.2  acc_task3=24.8  acc_task4=41.4  acc_task5=9.8  acc_task6=34.2
[19:58:42] 
============================================================
 Task 8/20  | Classes (35, 40)
============================================================
[19:58:42] Task 7 baseline (chance): 2.50%
[19:58:43] Task 7 zero-shot (pre-train): 0.00%
[19:58:45] task=7  epoch=0  train_loss=1.4988
[19:58:59] task=7  epoch=END  time_sec=2.9  acc_task0=24.4  acc_task1=29.4  acc_task2=18.4  acc_task3=32.0  acc_task4=44.0  acc_task5=12.0  acc_task6=33.4  acc_task7=13.2
[19:58:59] 
============================================================
 Task 9/20  | Classes (40, 45)
============================================================
[19:58:59] Task 8 baseline (chance): 2.22%
[19:58:59] Task 8 zero-shot (pre-train): 0.00%
[19:59:02] task=8  epoch=0  train_loss=1.5708
[19:59:17] task=8  epoch=END  time_sec=3.0  acc_task0=39.2  acc_task1=24.4  acc_task2=22.0  acc_task3=19.2  acc_task4=53.2  acc_task5=11.6  acc_task6=39.6  acc_task7=31.2  acc_task8=26.6
[19:59:17] 
============================================================
 Task 10/20  | Classes (45, 50)
============================================================
[19:59:17] Task 9 baseline (chance): 2.00%
[19:59:17] Task 9 zero-shot (pre-train): 0.00%
[19:59:20] task=9  epoch=0  train_loss=1.295
[19:59:37] task=9  epoch=END  time_sec=2.9  acc_task0=35.0  acc_task1=27.8  acc_task2=21.4  acc_task3=33.4  acc_task4=53.4  acc_task5=13.6  acc_task6=33.0  acc_task7=30.8  acc_task8=31.4  acc_task9=40.4
[19:59:37] 
============================================================
 Task 11/20  | Classes (50, 55)
============================================================
[19:59:37] Task 10 baseline (chance): 1.82%
[19:59:37] Task 10 zero-shot (pre-train): 0.00%
[19:59:40] task=10  epoch=0  train_loss=1.2471
[19:59:58] task=10  epoch=END  time_sec=3.0  acc_task0=26.6  acc_task1=36.0  acc_task2=26.0  acc_task3=38.2  acc_task4=50.6  acc_task5=19.6  acc_task6=37.4  acc_task7=27.6  acc_task8=28.8  acc_task9=26.2  acc_task10=38.2
[19:59:58] 
============================================================
 Task 12/20  | Classes (55, 60)
============================================================
[19:59:58] Task 11 baseline (chance): 1.67%
[19:59:58] Task 11 zero-shot (pre-train): 0.00%
[20:00:01] task=11  epoch=0  train_loss=1.4116
[20:00:21] task=11  epoch=END  time_sec=3.0  acc_task0=34.4  acc_task1=43.8  acc_task2=28.2  acc_task3=43.8  acc_task4=56.2  acc_task5=26.8  acc_task6=42.6  acc_task7=26.0  acc_task8=30.4  acc_task9=37.0  acc_task10=41.2  acc_task11=37.2
[20:00:21] 
============================================================
 Task 13/20  | Classes (60, 65)
============================================================
[20:00:21] Task 12 baseline (chance): 1.54%
[20:00:21] Task 12 zero-shot (pre-train): 0.00%
[20:00:24] task=12  epoch=0  train_loss=1.1751
[20:00:45] task=12  epoch=END  time_sec=3.0  acc_task0=39.8  acc_task1=43.0  acc_task2=34.2  acc_task3=42.8  acc_task4=50.2  acc_task5=25.0  acc_task6=32.0  acc_task7=25.4  acc_task8=38.0  acc_task9=34.4  acc_task10=42.6  acc_task11=33.2  acc_task12=49.2
[20:00:45] 
============================================================
 Task 14/20  | Classes (65, 70)
============================================================
[20:00:45] Task 13 baseline (chance): 1.43%
[20:00:46] Task 13 zero-shot (pre-train): 0.00%
[20:00:49] task=13  epoch=0  train_loss=1.3198
[20:01:11] task=13  epoch=END  time_sec=2.9  acc_task0=37.2  acc_task1=40.0  acc_task2=29.8  acc_task3=40.0  acc_task4=67.0  acc_task5=33.4  acc_task6=45.2  acc_task7=39.0  acc_task8=39.0  acc_task9=56.2  acc_task10=38.2  acc_task11=49.2  acc_task12=40.0  acc_task13=40.0
[20:01:11] 
============================================================
 Task 15/20  | Classes (70, 75)
============================================================
[20:01:11] Task 14 baseline (chance): 1.33%
[20:01:11] Task 14 zero-shot (pre-train): 0.00%
[20:01:14] task=14  epoch=0  train_loss=1.2594
[20:01:39] task=14  epoch=END  time_sec=2.9  acc_task0=39.2  acc_task1=54.0  acc_task2=33.4  acc_task3=43.6  acc_task4=62.0  acc_task5=37.6  acc_task6=47.2  acc_task7=40.6  acc_task8=46.0  acc_task9=54.4  acc_task10=49.2  acc_task11=48.8  acc_task12=46.2  acc_task13=45.8  acc_task14=20.8
[20:01:39] 
============================================================
 Task 16/20  | Classes (75, 80)
============================================================
[20:01:39] Task 15 baseline (chance): 1.25%
[20:01:39] Task 15 zero-shot (pre-train): 0.00%
[20:01:42] task=15  epoch=0  train_loss=1.4129
[20:02:07] task=15  epoch=END  time_sec=2.9  acc_task0=39.8  acc_task1=40.8  acc_task2=32.6  acc_task3=38.0  acc_task4=59.2  acc_task5=45.6  acc_task6=40.0  acc_task7=43.6  acc_task8=50.6  acc_task9=54.8  acc_task10=59.0  acc_task11=41.4  acc_task12=44.8  acc_task13=47.4  acc_task14=38.8  acc_task15=38.8
[20:02:07] 
============================================================
 Task 17/20  | Classes (80, 85)
============================================================
[20:02:07] Task 16 baseline (chance): 1.18%
[20:02:08] Task 16 zero-shot (pre-train): 0.00%
[20:02:11] task=16  epoch=0  train_loss=1.2434
[20:02:38] task=16  epoch=END  time_sec=3.0  acc_task0=38.4  acc_task1=51.0  acc_task2=39.0  acc_task3=45.4  acc_task4=56.2  acc_task5=42.8  acc_task6=54.8  acc_task7=43.0  acc_task8=46.2  acc_task9=48.4  acc_task10=53.0  acc_task11=52.4  acc_task12=52.8  acc_task13=46.6  acc_task14=36.0  acc_task15=46.8  acc_task16=40.4
[20:02:38] 
============================================================
 Task 18/20  | Classes (85, 90)
============================================================
[20:02:38] Task 17 baseline (chance): 1.11%
[20:02:38] Task 17 zero-shot (pre-train): 0.00%
[20:02:41] task=17  epoch=0  train_loss=1.3192
[20:03:10] task=17  epoch=END  time_sec=3.0  acc_task0=40.2  acc_task1=56.4  acc_task2=32.6  acc_task3=43.6  acc_task4=61.8  acc_task5=45.4  acc_task6=50.4  acc_task7=47.4  acc_task8=48.2  acc_task9=49.2  acc_task10=53.4  acc_task11=45.4  acc_task12=50.2  acc_task13=53.6  acc_task14=42.6  acc_task15=51.4  acc_task16=35.0  acc_task17=39.8
[20:03:10] 
============================================================
 Task 19/20  | Classes (90, 95)
============================================================
[20:03:10] Task 18 baseline (chance): 1.05%
[20:03:10] Task 18 zero-shot (pre-train): 0.00%
[20:03:13] task=18  epoch=0  train_loss=1.2692
[20:03:44] task=18  epoch=END  time_sec=3.0  acc_task0=34.8  acc_task1=46.6  acc_task2=30.6  acc_task3=49.4  acc_task4=68.2  acc_task5=37.6  acc_task6=39.4  acc_task7=43.0  acc_task8=47.4  acc_task9=50.8  acc_task10=43.6  acc_task11=49.2  acc_task12=48.0  acc_task13=61.0  acc_task14=34.4  acc_task15=50.8  acc_task16=37.2  acc_task17=43.8  acc_task18=43.4
[20:03:44] 
============================================================
 Task 20/20  | Classes (95, 100)
============================================================
[20:03:44] Task 19 baseline (chance): 1.00%
[20:03:44] Task 19 zero-shot (pre-train): 0.00%
[20:03:47] task=19  epoch=0  train_loss=1.3775
[20:04:19] task=19  epoch=END  time_sec=3.0  acc_task0=44.4  acc_task1=50.8  acc_task2=36.4  acc_task3=55.2  acc_task4=61.0  acc_task5=43.2  acc_task6=43.4  acc_task7=44.6  acc_task8=35.2  acc_task9=46.8  acc_task10=50.6  acc_task11=55.4  acc_task12=37.4  acc_task13=53.2  acc_task14=34.2  acc_task15=49.0  acc_task16=38.4  acc_task17=56.0  acc_task18=37.8  acc_task19=42.0
[20:04:19] 
Final Metrics:
  avg_accuracy         +45.7500
  forgetting           +5.8421
  backward_transfer    +11.8211
  forward_transfer     -2.7345
[20:04:20] 
Done - run: split_cifar100_joint_training_seed789
[20:04:20] Metrics: {'avg_accuracy': 45.75, 'forgetting': 5.8421, 'backward_transfer': 11.8211, 'forward_transfer': -2.7345}
