[20:04:20] Starting: split_cifar100_joint_training_seed1024
[20:04:20] Config: {'dataset': 'split_cifar100', 'data_root': 'Project/data_local', 'model': 'slim_resnet18', 'pretrained': False, 'method': 'joint_training', 'n_epochs': 1, 'batch_size': 32, 'num_workers': 0, 'lr': 0.03, 'momentum': 0.9, 'weight_decay': 0.0001, 'fp16': True, 'buffer_size': 200, 'ewc_lambda': 100.0, 'fisher_samples': 200, 'si_lambda': 1.0, 'si_xi': 0.1, 'der_alpha': 0.5, 'xder_beta': 0.5, 'lwf_lambda': 1.0, 'lwf_temp': 2.0, 'icarl_distill_w': 1.0, 'icarl_temp': 2.0, 'use_nmc': True, 'agem_mem_batch': 64, 'distill_lambda': 1.0, 'distill_temp': 2.0, 'pc_distill_w': 1.0, 'pc_ewc_lambda': 100.0, 'pc_compress_epochs': 3, 'er_replay_ratio': 0.5, 'joint_replay_epochs': 1, 'disable_tqdm': True, 'disable_checkpoints': True, 'disable_plots': False, 'seeds': [42, 123, 456, 789, 1024], 'results_root': 'results_fwt', 'checkpoint_dir': 'results/checkpoints', 'figure_dir': 'results_fwt\\figures', 'log_dir': 'results_fwt\\raw', 'run_name': 'split_cifar100_joint_training_seed1024', 'seed': 1024}
[20:04:20] Device: cuda
[20:04:21] Dataset: SplitCIFAR100(tasks=20, classes_per_task=5, scenario=class-il)
[20:04:21] 
============================================================
 Task 1/20  | Classes (0, 5)
============================================================
[20:04:21] Task 0 baseline (chance): 20.00%
[20:04:24] task=0  epoch=0  train_loss=1.48
[20:04:27] task=0  epoch=END  time_sec=3.1  acc_task0=54.6
[20:04:27] 
============================================================
 Task 2/20  | Classes (5, 10)
============================================================
[20:04:27] Task 1 baseline (chance): 10.00%
[20:04:27] Task 1 zero-shot (pre-train): 0.00%
[20:04:30] task=1  epoch=0  train_loss=1.6854
[20:04:35] task=1  epoch=END  time_sec=2.8  acc_task0=43.8  acc_task1=37.0
[20:04:35] 
============================================================
 Task 3/20  | Classes (10, 15)
============================================================
[20:04:35] Task 2 baseline (chance): 6.67%
[20:04:35] Task 2 zero-shot (pre-train): 0.00%
[20:04:38] task=2  epoch=0  train_loss=1.4928
[20:04:44] task=2  epoch=END  time_sec=2.9  acc_task0=48.6  acc_task1=13.0  acc_task2=10.8
[20:04:44] 
============================================================
 Task 4/20  | Classes (15, 20)
============================================================
[20:04:44] Task 3 baseline (chance): 5.00%
[20:04:44] Task 3 zero-shot (pre-train): 0.00%
[20:04:47] task=3  epoch=0  train_loss=1.5478
[20:04:54] task=3  epoch=END  time_sec=2.8  acc_task0=39.6  acc_task1=20.8  acc_task2=8.0  acc_task3=27.0
[20:04:54] 
============================================================
 Task 5/20  | Classes (20, 25)
============================================================
[20:04:54] Task 4 baseline (chance): 4.00%
[20:04:54] Task 4 zero-shot (pre-train): 0.00%
[20:04:57] task=4  epoch=0  train_loss=1.4084
[20:05:06] task=4  epoch=END  time_sec=2.9  acc_task0=43.2  acc_task1=27.2  acc_task2=22.2  acc_task3=32.8  acc_task4=42.4
[20:05:06] 
============================================================
 Task 6/20  | Classes (25, 30)
============================================================
[20:05:06] Task 5 baseline (chance): 3.33%
[20:05:07] Task 5 zero-shot (pre-train): 0.00%
[20:05:09] task=5  epoch=0  train_loss=1.708
[20:05:20] task=5  epoch=END  time_sec=3.0  acc_task0=37.2  acc_task1=31.0  acc_task2=23.0  acc_task3=33.2  acc_task4=45.2  acc_task5=10.6
[20:05:20] 
============================================================
 Task 7/20  | Classes (30, 35)
============================================================
[20:05:20] Task 6 baseline (chance): 2.86%
[20:05:20] Task 6 zero-shot (pre-train): 0.00%
[20:05:23] task=6  epoch=0  train_loss=1.4874
[20:05:35] task=6  epoch=END  time_sec=2.9  acc_task0=41.6  acc_task1=28.6  acc_task2=22.8  acc_task3=27.2  acc_task4=55.0  acc_task5=8.8  acc_task6=30.8
[20:05:35] 
============================================================
 Task 8/20  | Classes (35, 40)
============================================================
[20:05:35] Task 7 baseline (chance): 2.50%
[20:05:35] Task 7 zero-shot (pre-train): 0.00%
[20:05:38] task=7  epoch=0  train_loss=1.4484
[20:05:52] task=7  epoch=END  time_sec=3.0  acc_task0=36.0  acc_task1=29.0  acc_task2=32.8  acc_task3=27.6  acc_task4=57.8  acc_task5=10.8  acc_task6=35.6  acc_task7=14.6
[20:05:52] 
============================================================
 Task 9/20  | Classes (40, 45)
============================================================
[20:05:52] Task 8 baseline (chance): 2.22%
[20:05:52] Task 8 zero-shot (pre-train): 0.00%
[20:05:55] task=8  epoch=0  train_loss=1.58
[20:06:10] task=8  epoch=END  time_sec=2.9  acc_task0=45.8  acc_task1=23.0  acc_task2=23.4  acc_task3=34.6  acc_task4=50.6  acc_task5=20.4  acc_task6=36.8  acc_task7=30.0  acc_task8=24.8
[20:06:10] 
============================================================
 Task 10/20  | Classes (45, 50)
============================================================
[20:06:10] Task 9 baseline (chance): 2.00%
[20:06:10] Task 9 zero-shot (pre-train): 0.00%
[20:06:13] task=9  epoch=0  train_loss=1.2428
[20:06:30] task=9  epoch=END  time_sec=2.9  acc_task0=39.8  acc_task1=31.0  acc_task2=35.2  acc_task3=39.8  acc_task4=56.8  acc_task5=22.0  acc_task6=40.8  acc_task7=27.2  acc_task8=32.8  acc_task9=35.2
[20:06:30] 
============================================================
 Task 11/20  | Classes (50, 55)
============================================================
[20:06:30] Task 10 baseline (chance): 1.82%
[20:06:30] Task 10 zero-shot (pre-train): 0.00%
[20:06:33] task=10  epoch=0  train_loss=1.1752
[20:06:51] task=10  epoch=END  time_sec=2.9  acc_task0=43.0  acc_task1=43.8  acc_task2=26.2  acc_task3=43.0  acc_task4=62.4  acc_task5=27.4  acc_task6=31.6  acc_task7=41.4  acc_task8=30.6  acc_task9=49.6  acc_task10=44.6
[20:06:51] 
============================================================
 Task 12/20  | Classes (55, 60)
============================================================
[20:06:51] Task 11 baseline (chance): 1.67%
[20:06:51] Task 11 zero-shot (pre-train): 0.00%
[20:06:54] task=11  epoch=0  train_loss=1.2264
[20:07:14] task=11  epoch=END  time_sec=3.0  acc_task0=43.8  acc_task1=44.0  acc_task2=27.0  acc_task3=43.0  acc_task4=61.0  acc_task5=38.6  acc_task6=45.0  acc_task7=33.6  acc_task8=48.4  acc_task9=43.4  acc_task10=36.8  acc_task11=35.6
[20:07:14] 
============================================================
 Task 13/20  | Classes (60, 65)
============================================================
[20:07:14] Task 12 baseline (chance): 1.54%
[20:07:14] Task 12 zero-shot (pre-train): 0.00%
[20:07:17] task=12  epoch=0  train_loss=1.0732
[20:07:39] task=12  epoch=END  time_sec=3.0  acc_task0=47.6  acc_task1=50.2  acc_task2=38.4  acc_task3=46.2  acc_task4=60.8  acc_task5=43.2  acc_task6=53.2  acc_task7=40.6  acc_task8=42.0  acc_task9=45.8  acc_task10=54.8  acc_task11=51.2  acc_task12=44.4
[20:07:39] 
============================================================
 Task 14/20  | Classes (65, 70)
============================================================
[20:07:39] Task 13 baseline (chance): 1.43%
[20:07:39] Task 13 zero-shot (pre-train): 0.00%
[20:07:42] task=13  epoch=0  train_loss=1.2773
[20:08:05] task=13  epoch=END  time_sec=3.0  acc_task0=49.8  acc_task1=51.2  acc_task2=29.4  acc_task3=54.0  acc_task4=64.0  acc_task5=39.8  acc_task6=41.4  acc_task7=47.6  acc_task8=49.2  acc_task9=50.0  acc_task10=51.8  acc_task11=50.8  acc_task12=51.8  acc_task13=39.2
[20:08:05] 
============================================================
 Task 15/20  | Classes (70, 75)
============================================================
[20:08:05] Task 14 baseline (chance): 1.33%
[20:08:05] Task 14 zero-shot (pre-train): 0.00%
[20:08:08] task=14  epoch=0  train_loss=1.3245
[20:08:32] task=14  epoch=END  time_sec=3.0  acc_task0=48.2  acc_task1=60.8  acc_task2=43.6  acc_task3=49.4  acc_task4=63.6  acc_task5=44.2  acc_task6=46.6  acc_task7=46.6  acc_task8=50.0  acc_task9=51.6  acc_task10=54.6  acc_task11=54.2  acc_task12=51.6  acc_task13=48.8  acc_task14=32.2
[20:08:32] 
============================================================
 Task 16/20  | Classes (75, 80)
============================================================
[20:08:32] Task 15 baseline (chance): 1.25%
[20:08:32] Task 15 zero-shot (pre-train): 0.00%
[20:08:35] task=15  epoch=0  train_loss=1.3244
[20:09:01] task=15  epoch=END  time_sec=3.0  acc_task0=39.8  acc_task1=62.2  acc_task2=37.2  acc_task3=49.8  acc_task4=61.2  acc_task5=49.8  acc_task6=45.4  acc_task7=49.6  acc_task8=47.6  acc_task9=43.2  acc_task10=63.6  acc_task11=49.0  acc_task12=51.8  acc_task13=51.6  acc_task14=37.2  acc_task15=46.6
[20:09:01] 
============================================================
 Task 17/20  | Classes (80, 85)
============================================================
[20:09:01] Task 16 baseline (chance): 1.18%
[20:09:01] Task 16 zero-shot (pre-train): 0.00%
[20:09:04] task=16  epoch=0  train_loss=1.3774
[20:09:32] task=16  epoch=END  time_sec=3.0  acc_task0=43.0  acc_task1=63.4  acc_task2=44.2  acc_task3=59.6  acc_task4=65.4  acc_task5=37.2  acc_task6=52.6  acc_task7=48.2  acc_task8=51.0  acc_task9=52.6  acc_task10=47.6  acc_task11=52.4  acc_task12=48.2  acc_task13=48.2  acc_task14=39.8  acc_task15=45.6  acc_task16=39.8
[20:09:32] 
============================================================
 Task 18/20  | Classes (85, 90)
============================================================
[20:09:32] Task 17 baseline (chance): 1.11%
[20:09:32] Task 17 zero-shot (pre-train): 0.00%
[20:09:35] task=17  epoch=0  train_loss=1.3177
[20:10:04] task=17  epoch=END  time_sec=3.0  acc_task0=40.8  acc_task1=58.6  acc_task2=42.8  acc_task3=58.4  acc_task4=58.0  acc_task5=42.4  acc_task6=50.0  acc_task7=48.8  acc_task8=50.2  acc_task9=46.4  acc_task10=48.4  acc_task11=57.4  acc_task12=52.2  acc_task13=56.2  acc_task14=33.8  acc_task15=55.8  acc_task16=37.2  acc_task17=50.6
[20:10:04] 
============================================================
 Task 19/20  | Classes (90, 95)
============================================================
[20:10:04] Task 18 baseline (chance): 1.05%
[20:10:04] Task 18 zero-shot (pre-train): 0.00%
[20:10:07] task=18  epoch=0  train_loss=1.401
[20:10:38] task=18  epoch=END  time_sec=3.0  acc_task0=50.0  acc_task1=55.4  acc_task2=35.0  acc_task3=48.8  acc_task4=63.6  acc_task5=48.4  acc_task6=45.0  acc_task7=52.4  acc_task8=49.0  acc_task9=50.6  acc_task10=62.0  acc_task11=52.2  acc_task12=51.2  acc_task13=50.2  acc_task14=40.6  acc_task15=47.8  acc_task16=40.4  acc_task17=48.8  acc_task18=33.4
[20:10:38] 
============================================================
 Task 20/20  | Classes (95, 100)
============================================================
[20:10:38] Task 19 baseline (chance): 1.00%
[20:10:38] Task 19 zero-shot (pre-train): 0.00%
[20:10:41] task=19  epoch=0  train_loss=1.2521
[20:11:13] task=19  epoch=END  time_sec=3.0  acc_task0=39.0  acc_task1=57.8  acc_task2=45.2  acc_task3=58.0  acc_task4=68.0  acc_task5=39.2  acc_task6=44.2  acc_task7=42.4  acc_task8=50.2  acc_task9=54.2  acc_task10=44.0  acc_task11=54.2  acc_task12=45.8  acc_task13=54.4  acc_task14=39.6  acc_task15=53.8  acc_task16=42.2  acc_task17=53.4  acc_task18=48.2  acc_task19=36.8
[20:11:13] 
Final Metrics:
  avg_accuracy         +48.5300
  forgetting           +4.5895
  backward_transfer    +14.7158
  forward_transfer     -2.7345
[20:11:14] 
Done - run: split_cifar100_joint_training_seed1024
[20:11:14] Metrics: {'avg_accuracy': 48.53, 'forgetting': 4.5895, 'backward_transfer': 14.7158, 'forward_transfer': -2.7345}
