[19:43:15] Starting: split_cifar100_joint_training_seed123
[19:43:15] Config: {'dataset': 'split_cifar100', 'data_root': 'Project/data_local', 'model': 'slim_resnet18', 'pretrained': False, 'method': 'joint_training', 'n_epochs': 1, 'batch_size': 32, 'num_workers': 0, 'lr': 0.03, 'momentum': 0.9, 'weight_decay': 0.0001, 'fp16': True, 'buffer_size': 200, 'ewc_lambda': 100.0, 'fisher_samples': 200, 'si_lambda': 1.0, 'si_xi': 0.1, 'der_alpha': 0.5, 'xder_beta': 0.5, 'lwf_lambda': 1.0, 'lwf_temp': 2.0, 'icarl_distill_w': 1.0, 'icarl_temp': 2.0, 'use_nmc': True, 'agem_mem_batch': 64, 'distill_lambda': 1.0, 'distill_temp': 2.0, 'pc_distill_w': 1.0, 'pc_ewc_lambda': 100.0, 'pc_compress_epochs': 3, 'er_replay_ratio': 0.5, 'joint_replay_epochs': 1, 'disable_tqdm': True, 'disable_checkpoints': True, 'disable_plots': False, 'seeds': [42, 123, 456, 789, 1024], 'results_root': 'results_fwt', 'checkpoint_dir': 'results/checkpoints', 'figure_dir': 'results_fwt\\figures', 'log_dir': 'results_fwt\\raw', 'run_name': 'split_cifar100_joint_training_seed123', 'seed': 123}
[19:43:15] Device: cuda
[19:43:16] Dataset: SplitCIFAR100(tasks=20, classes_per_task=5, scenario=class-il)
[19:43:16] 
============================================================
 Task 1/20  | Classes (0, 5)
============================================================
[19:43:16] Task 0 baseline (chance): 20.00%
[19:43:42] Starting: split_cifar100_joint_training_seed123
[19:43:42] Config: {'dataset': 'split_cifar100', 'data_root': 'Project/data_local', 'model': 'slim_resnet18', 'pretrained': False, 'method': 'joint_training', 'n_epochs': 1, 'batch_size': 32, 'num_workers': 0, 'lr': 0.03, 'momentum': 0.9, 'weight_decay': 0.0001, 'fp16': True, 'buffer_size': 200, 'ewc_lambda': 100.0, 'fisher_samples': 200, 'si_lambda': 1.0, 'si_xi': 0.1, 'der_alpha': 0.5, 'xder_beta': 0.5, 'lwf_lambda': 1.0, 'lwf_temp': 2.0, 'icarl_distill_w': 1.0, 'icarl_temp': 2.0, 'use_nmc': True, 'agem_mem_batch': 64, 'distill_lambda': 1.0, 'distill_temp': 2.0, 'pc_distill_w': 1.0, 'pc_ewc_lambda': 100.0, 'pc_compress_epochs': 3, 'er_replay_ratio': 0.5, 'joint_replay_epochs': 1, 'disable_tqdm': True, 'disable_checkpoints': True, 'disable_plots': False, 'seeds': [42, 123, 456, 789, 1024], 'results_root': 'results_fwt', 'checkpoint_dir': 'results/checkpoints', 'figure_dir': 'results_fwt\\figures', 'log_dir': 'results_fwt\\raw', 'run_name': 'split_cifar100_joint_training_seed123', 'seed': 123}
[19:43:42] Device: cuda
[19:43:43] Dataset: SplitCIFAR100(tasks=20, classes_per_task=5, scenario=class-il)
[19:43:44] 
============================================================
 Task 1/20  | Classes (0, 5)
============================================================
[19:43:44] Task 0 baseline (chance): 20.00%
[19:43:46] task=0  epoch=0  train_loss=1.3618
[19:43:49] task=0  epoch=END  time_sec=3.0  acc_task0=54.4
[19:43:49] 
============================================================
 Task 2/20  | Classes (5, 10)
============================================================
[19:43:49] Task 1 baseline (chance): 10.00%
[19:43:49] Task 1 zero-shot (pre-train): 0.00%
[19:43:52] task=1  epoch=0  train_loss=1.7478
[19:43:56] task=1  epoch=END  time_sec=2.6  acc_task0=43.8  acc_task1=25.8
[19:43:56] 
============================================================
 Task 3/20  | Classes (10, 15)
============================================================
[19:43:56] Task 2 baseline (chance): 6.67%
[19:43:56] Task 2 zero-shot (pre-train): 0.00%
[19:43:59] task=2  epoch=0  train_loss=1.4522
[19:44:05] task=2  epoch=END  time_sec=2.7  acc_task0=31.4  acc_task1=32.6  acc_task2=16.0
[19:44:05] 
============================================================
 Task 4/20  | Classes (15, 20)
============================================================
[19:44:05] Task 3 baseline (chance): 5.00%
[19:44:05] Task 3 zero-shot (pre-train): 0.00%
[19:44:08] task=3  epoch=0  train_loss=1.4831
[19:44:15] task=3  epoch=END  time_sec=2.7  acc_task0=33.2  acc_task1=34.0  acc_task2=20.2  acc_task3=38.0
[19:44:15] 
============================================================
 Task 5/20  | Classes (20, 25)
============================================================
[19:44:15] Task 4 baseline (chance): 4.00%
[19:44:15] Task 4 zero-shot (pre-train): 0.00%
[19:44:18] task=4  epoch=0  train_loss=1.3331
[19:44:27] task=4  epoch=END  time_sec=2.7  acc_task0=28.0  acc_task1=16.8  acc_task2=26.0  acc_task3=28.6  acc_task4=40.8
[19:44:27] 
============================================================
 Task 6/20  | Classes (25, 30)
============================================================
[19:44:27] Task 5 baseline (chance): 3.33%
[19:44:27] Task 5 zero-shot (pre-train): 0.00%
[19:44:30] task=5  epoch=0  train_loss=1.7089
[19:44:40] task=5  epoch=END  time_sec=2.8  acc_task0=35.8  acc_task1=30.4  acc_task2=22.2  acc_task3=36.6  acc_task4=49.2  acc_task5=7.2
[19:44:40] 
============================================================
 Task 7/20  | Classes (30, 35)
============================================================
[19:44:40] Task 6 baseline (chance): 2.86%
[19:44:41] Task 6 zero-shot (pre-train): 0.00%
[19:44:43] task=6  epoch=0  train_loss=1.4954
[19:44:55] task=6  epoch=END  time_sec=2.9  acc_task0=39.2  acc_task1=31.4  acc_task2=20.2  acc_task3=27.6  acc_task4=53.2  acc_task5=7.8  acc_task6=36.2
[19:44:55] 
============================================================
 Task 8/20  | Classes (35, 40)
============================================================
[19:44:55] Task 7 baseline (chance): 2.50%
[19:44:56] Task 7 zero-shot (pre-train): 0.00%
[19:44:59] task=7  epoch=0  train_loss=1.4566
[19:45:12] task=7  epoch=END  time_sec=3.0  acc_task0=27.2  acc_task1=28.8  acc_task2=29.4  acc_task3=36.8  acc_task4=54.0  acc_task5=18.4  acc_task6=27.2  acc_task7=32.2
[19:45:12] 
============================================================
 Task 9/20  | Classes (40, 45)
============================================================
[19:45:12] Task 8 baseline (chance): 2.22%
[19:45:12] Task 8 zero-shot (pre-train): 0.00%
[19:45:15] task=8  epoch=0  train_loss=1.6028
[19:45:30] task=8  epoch=END  time_sec=3.0  acc_task0=33.2  acc_task1=43.8  acc_task2=27.0  acc_task3=32.2  acc_task4=58.2  acc_task5=15.6  acc_task6=36.6  acc_task7=16.2  acc_task8=23.4
[19:45:30] 
============================================================
 Task 10/20  | Classes (45, 50)
============================================================
[19:45:30] Task 9 baseline (chance): 2.00%
[19:45:31] Task 9 zero-shot (pre-train): 0.00%
[19:45:34] task=9  epoch=0  train_loss=1.1969
[19:45:50] task=9  epoch=END  time_sec=3.0  acc_task0=30.2  acc_task1=50.0  acc_task2=29.6  acc_task3=38.6  acc_task4=58.2  acc_task5=17.2  acc_task6=33.0  acc_task7=24.2  acc_task8=38.2  acc_task9=39.2
[19:45:50] 
============================================================
 Task 11/20  | Classes (50, 55)
============================================================
[19:45:50] Task 10 baseline (chance): 1.82%
[19:45:50] Task 10 zero-shot (pre-train): 0.00%
[19:45:53] task=10  epoch=0  train_loss=1.1908
[19:46:12] task=10  epoch=END  time_sec=3.0  acc_task0=29.6  acc_task1=49.4  acc_task2=37.6  acc_task3=43.6  acc_task4=59.8  acc_task5=26.4  acc_task6=37.2  acc_task7=29.8  acc_task8=31.2  acc_task9=52.4  acc_task10=39.8
[19:46:12] 
============================================================
 Task 12/20  | Classes (55, 60)
============================================================
[19:46:12] Task 11 baseline (chance): 1.67%
[19:46:12] Task 11 zero-shot (pre-train): 0.00%
[19:46:15] task=11  epoch=0  train_loss=1.2884
[19:46:35] task=11  epoch=END  time_sec=2.9  acc_task0=28.8  acc_task1=50.8  acc_task2=37.4  acc_task3=38.2  acc_task4=65.0  acc_task5=33.6  acc_task6=37.2  acc_task7=32.8  acc_task8=35.8  acc_task9=36.4  acc_task10=40.2  acc_task11=36.6
[19:46:35] 
============================================================
 Task 13/20  | Classes (60, 65)
============================================================
[19:46:35] Task 12 baseline (chance): 1.54%
[19:46:35] Task 12 zero-shot (pre-train): 0.00%
[19:46:38] task=12  epoch=0  train_loss=1.1603
[19:46:59] task=12  epoch=END  time_sec=3.0  acc_task0=37.0  acc_task1=46.0  acc_task2=32.2  acc_task3=53.0  acc_task4=62.6  acc_task5=31.8  acc_task6=39.2  acc_task7=46.2  acc_task8=37.2  acc_task9=47.0  acc_task10=58.2  acc_task11=47.2  acc_task12=45.2
[19:46:59] 
============================================================
 Task 14/20  | Classes (65, 70)
============================================================
[19:46:59] Task 13 baseline (chance): 1.43%
[19:46:59] Task 13 zero-shot (pre-train): 0.00%
[19:47:02] task=13  epoch=0  train_loss=1.2654
[19:47:25] task=13  epoch=END  time_sec=2.9  acc_task0=40.8  acc_task1=48.8  acc_task2=42.4  acc_task3=52.4  acc_task4=59.8  acc_task5=42.8  acc_task6=50.4  acc_task7=46.8  acc_task8=41.4  acc_task9=45.2  acc_task10=58.4  acc_task11=44.6  acc_task12=53.8  acc_task13=40.8
[19:47:25] 
============================================================
 Task 15/20  | Classes (70, 75)
============================================================
[19:47:25] Task 14 baseline (chance): 1.33%
[19:47:25] Task 14 zero-shot (pre-train): 0.00%
[19:47:28] task=14  epoch=0  train_loss=1.3284
[19:47:53] task=14  epoch=END  time_sec=3.1  acc_task0=45.6  acc_task1=50.2  acc_task2=36.8  acc_task3=50.6  acc_task4=71.2  acc_task5=38.4  acc_task6=39.0  acc_task7=44.6  acc_task8=40.2  acc_task9=40.2  acc_task10=46.8  acc_task11=52.8  acc_task12=47.6  acc_task13=42.8  acc_task14=41.8
[19:47:53] 
============================================================
 Task 16/20  | Classes (75, 80)
============================================================
[19:47:53] Task 15 baseline (chance): 1.25%
[19:47:53] Task 15 zero-shot (pre-train): 0.00%
[19:47:56] task=15  epoch=0  train_loss=1.3734
[19:48:22] task=15  epoch=END  time_sec=2.9  acc_task0=40.6  acc_task1=56.6  acc_task2=37.6  acc_task3=57.6  acc_task4=63.4  acc_task5=42.8  acc_task6=47.8  acc_task7=39.8  acc_task8=49.4  acc_task9=53.2  acc_task10=61.4  acc_task11=51.8  acc_task12=51.8  acc_task13=45.0  acc_task14=29.2  acc_task15=42.0
[19:48:22] 
============================================================
 Task 17/20  | Classes (80, 85)
============================================================
[19:48:22] Task 16 baseline (chance): 1.18%
[19:48:22] Task 16 zero-shot (pre-train): 0.00%
[19:48:25] task=16  epoch=0  train_loss=1.2914
[19:48:52] task=16  epoch=END  time_sec=3.0  acc_task0=40.4  acc_task1=46.0  acc_task2=39.8  acc_task3=53.4  acc_task4=67.2  acc_task5=43.2  acc_task6=43.8  acc_task7=43.0  acc_task8=47.4  acc_task9=55.8  acc_task10=52.2  acc_task11=54.4  acc_task12=51.2  acc_task13=46.4  acc_task14=38.0  acc_task15=46.6  acc_task16=38.2
[19:48:52] 
============================================================
 Task 18/20  | Classes (85, 90)
============================================================
[19:48:52] Task 17 baseline (chance): 1.11%
[19:48:52] Task 17 zero-shot (pre-train): 0.00%
[19:48:55] task=17  epoch=0  train_loss=1.3519
[19:49:24] task=17  epoch=END  time_sec=3.1  acc_task0=36.0  acc_task1=51.4  acc_task2=38.4  acc_task3=45.8  acc_task4=63.6  acc_task5=47.0  acc_task6=47.0  acc_task7=42.0  acc_task8=44.8  acc_task9=51.8  acc_task10=56.6  acc_task11=52.0  acc_task12=50.6  acc_task13=50.6  acc_task14=28.2  acc_task15=40.6  acc_task16=49.6  acc_task17=45.4
[19:49:24] 
============================================================
 Task 19/20  | Classes (90, 95)
============================================================
[19:49:24] Task 18 baseline (chance): 1.05%
[19:49:25] Task 18 zero-shot (pre-train): 0.00%
[19:49:28] task=18  epoch=0  train_loss=1.3922
[19:49:58] task=18  epoch=END  time_sec=3.0  acc_task0=36.6  acc_task1=41.4  acc_task2=37.2  acc_task3=50.6  acc_task4=70.4  acc_task5=37.4  acc_task6=51.8  acc_task7=47.6  acc_task8=49.8  acc_task9=48.6  acc_task10=57.8  acc_task11=43.8  acc_task12=50.0  acc_task13=45.4  acc_task14=33.0  acc_task15=50.2  acc_task16=43.4  acc_task17=48.2  acc_task18=40.4
[19:49:58] 
============================================================
 Task 20/20  | Classes (95, 100)
============================================================
[19:49:58] Task 19 baseline (chance): 1.00%
[19:49:58] Task 19 zero-shot (pre-train): 0.00%
[19:50:01] task=19  epoch=0  train_loss=1.3071
[19:50:33] task=19  epoch=END  time_sec=3.0  acc_task0=34.6  acc_task1=45.4  acc_task2=28.8  acc_task3=56.4  acc_task4=69.2  acc_task5=43.0  acc_task6=33.8  acc_task7=42.2  acc_task8=46.0  acc_task9=57.2  acc_task10=53.4  acc_task11=46.4  acc_task12=48.0  acc_task13=43.2  acc_task14=35.2  acc_task15=46.4  acc_task16=50.0  acc_task17=53.0  acc_task18=34.6  acc_task19=33.4
[19:50:33] 
Final Metrics:
  avg_accuracy         +45.0100
  forgetting           +6.5474
  backward_transfer    +9.6526
  forward_transfer     -2.7345
[19:50:34] 
Done - run: split_cifar100_joint_training_seed123
[19:50:34] Metrics: {'avg_accuracy': 45.01, 'forgetting': 6.5474, 'backward_transfer': 9.6526, 'forward_transfer': -2.7345}
