[16:19:29] Starting: split_cifar10_si_der_buf200_seed123
[16:19:29] Config: {'dataset': 'split_cifar10', 'data_root': 'Project/data_local', 'model': 'slim_resnet18', 'pretrained': False, 'method': 'si_der', 'n_epochs': 1, 'batch_size': 32, 'num_workers': 0, 'lr': 0.03, 'momentum': 0.9, 'weight_decay': 0.0001, 'fp16': False, 'buffer_size': 200, 'ewc_lambda': 100.0, 'fisher_samples': 200, 'si_lambda': 1.0, 'si_xi': 0.1, 'der_alpha': 0.5, 'xder_beta': 0.5, 'lwf_lambda': 1.0, 'lwf_temp': 2.0, 'icarl_distill_w': 1.0, 'icarl_temp': 2.0, 'use_nmc': True, 'agem_mem_batch': 64, 'distill_lambda': 1.0, 'distill_temp': 2.0, 'pc_distill_w': 1.0, 'pc_ewc_lambda': 100.0, 'pc_compress_epochs': 3, 'er_replay_ratio': 0.5, 'joint_replay_epochs': 1, 'disable_tqdm': True, 'disable_checkpoints': True, 'disable_plots': True, 'seeds': [42, 123, 456, 789, 1024], 'results_root': 'results_phase3_ablations', 'checkpoint_dir': 'results/checkpoints', 'figure_dir': 'results_phase3_ablations\\figures', 'log_dir': 'results_phase3_ablations\\raw', 'run_tag': 'buf200', 'run_name': 'split_cifar10_si_der_buf200_seed123', 'seed': 123}
[16:19:29] Device: cuda
[16:19:31] Dataset: SplitCIFAR10(tasks=5, classes_per_task=2, scenario=class-il)
[16:19:31] 
============================================================
 Task 1/5  | Classes (0, 2)
============================================================
[16:19:31] Task 0 baseline (chance): 50.00%
[16:20:00] task=0  epoch=0  train_loss=0.9823
[16:20:01] task=0  epoch=END  time_sec=28.6  acc_task0=85.45
[16:20:01] 
============================================================
 Task 2/5  | Classes (2, 4)
============================================================
[16:20:01] Task 1 baseline (chance): 25.00%
[16:20:01] Task 1 zero-shot (pre-train): 8.60%
[16:20:38] task=1  epoch=0  train_loss=0.8382
[16:20:39] task=1  epoch=END  time_sec=36.2  acc_task0=0.0  acc_task1=73.95
[16:20:39] 
============================================================
 Task 3/5  | Classes (4, 6)
============================================================
[16:20:39] Task 2 baseline (chance): 16.67%
[16:20:40] Task 2 zero-shot (pre-train): 0.00%
[16:21:17] task=2  epoch=0  train_loss=0.9115
[16:21:20] task=2  epoch=END  time_sec=36.6  acc_task0=0.0  acc_task1=0.0  acc_task2=75.3
[16:21:20] 
============================================================
 Task 4/5  | Classes (6, 8)
============================================================
[16:21:20] Task 3 baseline (chance): 12.50%
[16:21:21] Task 3 zero-shot (pre-train): 0.00%
[16:21:57] task=3  epoch=0  train_loss=1.0632
[16:22:00] task=3  epoch=END  time_sec=36.2  acc_task0=0.0  acc_task1=0.0  acc_task2=0.0  acc_task3=85.6
[16:22:00] 
============================================================
 Task 5/5  | Classes (8, 10)
============================================================
[16:22:00] Task 4 baseline (chance): 10.00%
[16:22:01] Task 4 zero-shot (pre-train): 0.00%
[16:22:37] task=4  epoch=0  train_loss=1.2904
[16:22:42] task=4  epoch=END  time_sec=36.1  acc_task0=0.0  acc_task1=0.0  acc_task2=0.0  acc_task3=0.0  acc_task4=81.05
[16:22:42] 
Final Metrics:
  avg_accuracy         +16.2100
  forgetting           +80.0750
  backward_transfer    -80.0750
  forward_transfer     -13.8917
[16:22:42] 
Done - run: split_cifar10_si_der_buf200_seed123
[16:22:42] Metrics: {'avg_accuracy': 16.21, 'forgetting': 80.075, 'backward_transfer': -80.075, 'forward_transfer': -13.8917}
