[22:25:23] Starting: split_cifar100_der_seed456
[22:25:23] Config: {'dataset': 'split_cifar100', 'data_root': 'Project/data_local', 'model': 'slim_resnet18', 'pretrained': False, 'method': 'der', 'n_epochs': 1, 'batch_size': 32, 'num_workers': 0, 'lr': 0.03, 'momentum': 0.9, 'weight_decay': 0.0001, 'fp16': True, 'buffer_size': 200, 'ewc_lambda': 100.0, 'fisher_samples': 200, 'si_lambda': 1.0, 'si_xi': 0.1, 'der_alpha': 0.5, 'xder_beta': 0.5, 'lwf_lambda': 1.0, 'lwf_temp': 2.0, 'icarl_distill_w': 1.0, 'icarl_temp': 2.0, 'use_nmc': True, 'agem_mem_batch': 64, 'distill_lambda': 1.0, 'distill_temp': 2.0, 'pc_distill_w': 1.0, 'pc_ewc_lambda': 100.0, 'pc_compress_epochs': 3, 'er_replay_ratio': 0.5, 'joint_replay_epochs': 1, 'disable_tqdm': True, 'disable_checkpoints': True, 'disable_plots': False, 'seeds': [42, 123, 456, 789, 1024], 'results_root': 'results_phase3_fwt', 'checkpoint_dir': 'results/checkpoints', 'figure_dir': 'results_phase3_fwt/figures', 'log_dir': 'results_phase3_fwt/raw', 'run_name': 'split_cifar100_der_seed456', 'seed': 456}
[22:25:23] Device: cuda
[22:25:25] Dataset: SplitCIFAR100(tasks=20, classes_per_task=5, scenario=class-il)
[22:25:25] 
============================================================
 Task 1/20  | Classes (0, 5)
============================================================
[22:25:25] Task 0 baseline (chance): 20.00%
[22:25:32] task=0  epoch=0  train_loss=1.6041
[22:25:32] task=0  epoch=END  time_sec=6.9  acc_task0=47.2
[22:25:32] 
============================================================
 Task 2/20  | Classes (5, 10)
============================================================
[22:25:32] Task 1 baseline (chance): 10.00%
[22:25:33] Task 1 zero-shot (pre-train): 0.20%
[22:25:39] task=1  epoch=0  train_loss=1.8422
[22:25:40] task=1  epoch=END  time_sec=6.8  acc_task0=0.0  acc_task1=46.0
[22:25:40] 
============================================================
 Task 3/20  | Classes (10, 15)
============================================================
[22:25:40] Task 2 baseline (chance): 6.67%
[22:25:40] Task 2 zero-shot (pre-train): 0.00%
[22:25:47] task=2  epoch=0  train_loss=2.1463
[22:25:48] task=2  epoch=END  time_sec=6.8  acc_task0=0.0  acc_task1=0.0  acc_task2=42.2
[22:25:48] 
============================================================
 Task 4/20  | Classes (15, 20)
============================================================
[22:25:48] Task 3 baseline (chance): 5.00%
[22:25:48] Task 3 zero-shot (pre-train): 0.00%
[22:25:55] task=3  epoch=0  train_loss=2.7448
[22:25:56] task=3  epoch=END  time_sec=6.8  acc_task0=0.0  acc_task1=0.0  acc_task2=0.0  acc_task3=42.6
[22:25:56] 
============================================================
 Task 5/20  | Classes (20, 25)
============================================================
[22:25:56] Task 4 baseline (chance): 4.00%
[22:25:56] Task 4 zero-shot (pre-train): 0.00%
[22:26:03] task=4  epoch=0  train_loss=3.3033
[22:26:04] task=4  epoch=END  time_sec=6.8  acc_task0=0.0  acc_task1=0.0  acc_task2=0.0  acc_task3=0.0  acc_task4=44.8
[22:26:04] 
============================================================
 Task 6/20  | Classes (25, 30)
============================================================
[22:26:04] Task 5 baseline (chance): 3.33%
[22:26:04] Task 5 zero-shot (pre-train): 0.00%
[22:26:11] task=5  epoch=0  train_loss=3.7069
[22:26:12] task=5  epoch=END  time_sec=6.7  acc_task0=0.0  acc_task1=0.0  acc_task2=0.0  acc_task3=0.0  acc_task4=0.0  acc_task5=20.4
[22:26:12] 
============================================================
 Task 7/20  | Classes (30, 35)
============================================================
[22:26:12] Task 6 baseline (chance): 2.86%
[22:26:13] Task 6 zero-shot (pre-train): 0.00%
[22:26:20] task=6  epoch=0  train_loss=3.9949
[22:26:21] task=6  epoch=END  time_sec=6.8  acc_task0=0.0  acc_task1=0.0  acc_task2=0.0  acc_task3=0.0  acc_task4=0.0  acc_task5=0.0  acc_task6=42.2
[22:26:21] 
============================================================
 Task 8/20  | Classes (35, 40)
============================================================
[22:26:21] Task 7 baseline (chance): 2.50%
[22:26:22] Task 7 zero-shot (pre-train): 0.00%
[22:26:28] task=7  epoch=0  train_loss=4.452
[22:26:30] task=7  epoch=END  time_sec=6.9  acc_task0=0.0  acc_task1=0.0  acc_task2=0.0  acc_task3=0.0  acc_task4=0.0  acc_task5=0.0  acc_task6=0.0  acc_task7=36.4
[22:26:30] 
============================================================
 Task 9/20  | Classes (40, 45)
============================================================
[22:26:30] Task 8 baseline (chance): 2.22%
[22:26:31] Task 8 zero-shot (pre-train): 0.00%
[22:26:37] task=8  epoch=0  train_loss=4.6434
[22:26:40] task=8  epoch=END  time_sec=6.9  acc_task0=0.0  acc_task1=0.0  acc_task2=0.0  acc_task3=0.0  acc_task4=0.0  acc_task5=0.0  acc_task6=0.0  acc_task7=0.0  acc_task8=38.6
[22:26:40] 
============================================================
 Task 10/20  | Classes (45, 50)
============================================================
[22:26:40] Task 9 baseline (chance): 2.00%
[22:26:40] Task 9 zero-shot (pre-train): 0.00%
[22:26:47] task=9  epoch=0  train_loss=5.0704
[22:26:49] task=9  epoch=END  time_sec=6.8  acc_task0=0.0  acc_task1=0.0  acc_task2=0.0  acc_task3=0.0  acc_task4=0.0  acc_task5=0.0  acc_task6=0.0  acc_task7=0.0  acc_task8=0.0  acc_task9=35.8
[22:26:49] 
============================================================
 Task 11/20  | Classes (50, 55)
============================================================
[22:26:49] Task 10 baseline (chance): 1.82%
[22:26:49] Task 10 zero-shot (pre-train): 0.00%
[22:26:56] task=10  epoch=0  train_loss=5.5794
[22:26:59] task=10  epoch=END  time_sec=6.8  acc_task0=0.0  acc_task1=0.0  acc_task2=0.0  acc_task3=0.0  acc_task4=0.0  acc_task5=0.0  acc_task6=0.0  acc_task7=0.0  acc_task8=0.0  acc_task9=0.0  acc_task10=53.2
[22:26:59] 
============================================================
 Task 12/20  | Classes (55, 60)
============================================================
[22:26:59] Task 11 baseline (chance): 1.67%
[22:26:59] Task 11 zero-shot (pre-train): 0.00%
[22:27:06] task=11  epoch=0  train_loss=5.4148
[22:27:09] task=11  epoch=END  time_sec=7.0  acc_task0=0.0  acc_task1=0.0  acc_task2=0.0  acc_task3=0.0  acc_task4=0.0  acc_task5=0.0  acc_task6=0.0  acc_task7=0.0  acc_task8=0.0  acc_task9=0.0  acc_task10=0.2  acc_task11=35.6
[22:27:09] 
============================================================
 Task 13/20  | Classes (60, 65)
============================================================
[22:27:09] Task 12 baseline (chance): 1.54%
[22:27:10] Task 12 zero-shot (pre-train): 0.00%
[22:27:16] task=12  epoch=0  train_loss=5.4569
[22:27:20] task=12  epoch=END  time_sec=6.8  acc_task0=0.0  acc_task1=0.0  acc_task2=0.0  acc_task3=0.0  acc_task4=0.0  acc_task5=0.0  acc_task6=0.0  acc_task7=0.0  acc_task8=0.0  acc_task9=0.0  acc_task10=0.0  acc_task11=0.0  acc_task12=51.8
[22:27:20] 
============================================================
 Task 14/20  | Classes (65, 70)
============================================================
[22:27:20] Task 13 baseline (chance): 1.43%
[22:27:20] Task 13 zero-shot (pre-train): 0.00%
[22:27:27] task=13  epoch=0  train_loss=5.6545
[22:27:30] task=13  epoch=END  time_sec=6.8  acc_task0=0.0  acc_task1=0.0  acc_task2=0.0  acc_task3=0.0  acc_task4=0.0  acc_task5=0.0  acc_task6=0.0  acc_task7=0.0  acc_task8=0.0  acc_task9=0.0  acc_task10=0.0  acc_task11=0.0  acc_task12=0.0  acc_task13=40.8
[22:27:30] 
============================================================
 Task 15/20  | Classes (70, 75)
============================================================
[22:27:30] Task 14 baseline (chance): 1.33%
[22:27:31] Task 14 zero-shot (pre-train): 0.00%
[22:27:37] task=14  epoch=0  train_loss=5.7052
[22:27:41] task=14  epoch=END  time_sec=6.8  acc_task0=0.0  acc_task1=0.0  acc_task2=0.0  acc_task3=0.0  acc_task4=0.0  acc_task5=0.0  acc_task6=0.0  acc_task7=0.0  acc_task8=0.0  acc_task9=0.0  acc_task10=0.0  acc_task11=0.0  acc_task12=0.0  acc_task13=0.0  acc_task14=57.0
[22:27:41] 
============================================================
 Task 16/20  | Classes (75, 80)
============================================================
[22:27:41] Task 15 baseline (chance): 1.25%
[22:27:41] Task 15 zero-shot (pre-train): 0.00%
[22:27:48] task=15  epoch=0  train_loss=5.5288
[22:27:52] task=15  epoch=END  time_sec=6.9  acc_task0=0.0  acc_task1=0.0  acc_task2=0.0  acc_task3=0.0  acc_task4=0.0  acc_task5=0.0  acc_task6=0.0  acc_task7=0.0  acc_task8=0.0  acc_task9=0.0  acc_task10=0.0  acc_task11=0.0  acc_task12=0.0  acc_task13=0.0  acc_task14=0.0  acc_task15=40.2
[22:27:52] 
============================================================
 Task 17/20  | Classes (80, 85)
============================================================
[22:27:52] Task 16 baseline (chance): 1.18%
[22:27:53] Task 16 zero-shot (pre-train): 0.00%
[22:27:59] task=16  epoch=0  train_loss=5.5752
[22:28:04] task=16  epoch=END  time_sec=6.9  acc_task0=0.0  acc_task1=0.0  acc_task2=0.0  acc_task3=0.0  acc_task4=0.0  acc_task5=0.0  acc_task6=0.0  acc_task7=0.0  acc_task8=0.0  acc_task9=0.0  acc_task10=0.0  acc_task11=0.0  acc_task12=0.0  acc_task13=0.0  acc_task14=0.0  acc_task15=0.0  acc_task16=39.4
[22:28:04] 
============================================================
 Task 18/20  | Classes (85, 90)
============================================================
[22:28:04] Task 17 baseline (chance): 1.11%
[22:28:04] Task 17 zero-shot (pre-train): 0.00%
[22:28:11] task=17  epoch=0  train_loss=5.7851
[22:28:15] task=17  epoch=END  time_sec=6.9  acc_task0=0.0  acc_task1=0.0  acc_task2=0.0  acc_task3=0.0  acc_task4=0.0  acc_task5=0.0  acc_task6=0.0  acc_task7=0.0  acc_task8=0.0  acc_task9=0.0  acc_task10=0.0  acc_task11=0.0  acc_task12=0.0  acc_task13=0.0  acc_task14=0.0  acc_task15=0.0  acc_task16=0.0  acc_task17=40.6
[22:28:16] 
============================================================
 Task 19/20  | Classes (90, 95)
============================================================
[22:28:16] Task 18 baseline (chance): 1.05%
[22:28:16] Task 18 zero-shot (pre-train): 0.00%
[22:28:23] task=18  epoch=0  train_loss=5.4416
[22:28:27] task=18  epoch=END  time_sec=6.9  acc_task0=0.0  acc_task1=0.0  acc_task2=0.0  acc_task3=0.0  acc_task4=0.0  acc_task5=0.0  acc_task6=0.0  acc_task7=0.0  acc_task8=0.0  acc_task9=0.0  acc_task10=0.0  acc_task11=0.0  acc_task12=0.0  acc_task13=0.0  acc_task14=0.0  acc_task15=0.0  acc_task16=0.0  acc_task17=0.0  acc_task18=47.2
[22:28:27] 
============================================================
 Task 20/20  | Classes (95, 100)
============================================================
[22:28:27] Task 19 baseline (chance): 1.00%
[22:28:28] Task 19 zero-shot (pre-train): 0.00%
[22:28:35] task=19  epoch=0  train_loss=5.2801
[22:28:40] task=19  epoch=END  time_sec=6.9  acc_task0=0.0  acc_task1=0.0  acc_task2=0.0  acc_task3=0.0  acc_task4=0.0  acc_task5=0.0  acc_task6=0.0  acc_task7=0.0  acc_task8=0.0  acc_task9=0.0  acc_task10=0.0  acc_task11=0.0  acc_task12=0.0  acc_task13=0.0  acc_task14=0.0  acc_task15=0.0  acc_task16=0.0  acc_task17=0.0  acc_task18=0.0  acc_task19=60.6
[22:28:40] 
Final Metrics:
  avg_accuracy         +3.0300
  forgetting           +42.2105
  backward_transfer    -42.2105
  forward_transfer     -2.7239
[22:28:41] 
Done - run: split_cifar100_der_seed456
[22:28:41] Metrics: {'avg_accuracy': 3.03, 'forgetting': 42.2105, 'backward_transfer': -42.2105, 'forward_transfer': -2.7239}
