[22:22:05] Starting: split_cifar100_der_seed123
[22:22:05] Config: {'dataset': 'split_cifar100', 'data_root': 'Project/data_local', 'model': 'slim_resnet18', 'pretrained': False, 'method': 'der', 'n_epochs': 1, 'batch_size': 32, 'num_workers': 0, 'lr': 0.03, 'momentum': 0.9, 'weight_decay': 0.0001, 'fp16': True, 'buffer_size': 200, 'ewc_lambda': 100.0, 'fisher_samples': 200, 'si_lambda': 1.0, 'si_xi': 0.1, 'der_alpha': 0.5, 'xder_beta': 0.5, 'lwf_lambda': 1.0, 'lwf_temp': 2.0, 'icarl_distill_w': 1.0, 'icarl_temp': 2.0, 'use_nmc': True, 'agem_mem_batch': 64, 'distill_lambda': 1.0, 'distill_temp': 2.0, 'pc_distill_w': 1.0, 'pc_ewc_lambda': 100.0, 'pc_compress_epochs': 3, 'er_replay_ratio': 0.5, 'joint_replay_epochs': 1, 'disable_tqdm': True, 'disable_checkpoints': True, 'disable_plots': False, 'seeds': [42, 123, 456, 789, 1024], 'results_root': 'results_phase3_fwt', 'checkpoint_dir': 'results/checkpoints', 'figure_dir': 'results_phase3_fwt/figures', 'log_dir': 'results_phase3_fwt/raw', 'run_name': 'split_cifar100_der_seed123', 'seed': 123}
[22:22:05] Device: cuda
[22:22:07] Dataset: SplitCIFAR100(tasks=20, classes_per_task=5, scenario=class-il)
[22:22:07] 
============================================================
 Task 1/20  | Classes (0, 5)
============================================================
[22:22:07] Task 0 baseline (chance): 20.00%
[22:22:14] task=0  epoch=0  train_loss=1.6605
[22:22:14] task=0  epoch=END  time_sec=7.0  acc_task0=50.0
[22:22:14] 
============================================================
 Task 2/20  | Classes (5, 10)
============================================================
[22:22:14] Task 1 baseline (chance): 10.00%
[22:22:15] Task 1 zero-shot (pre-train): 0.20%
[22:22:22] task=1  epoch=0  train_loss=1.9531
[22:22:22] task=1  epoch=END  time_sec=6.8  acc_task0=0.0  acc_task1=43.4
[22:22:22] 
============================================================
 Task 3/20  | Classes (10, 15)
============================================================
[22:22:22] Task 2 baseline (chance): 6.67%
[22:22:22] Task 2 zero-shot (pre-train): 0.00%
[22:22:29] task=2  epoch=0  train_loss=2.3292
[22:22:30] task=2  epoch=END  time_sec=6.7  acc_task0=0.0  acc_task1=0.0  acc_task2=41.6
[22:22:30] 
============================================================
 Task 4/20  | Classes (15, 20)
============================================================
[22:22:30] Task 3 baseline (chance): 5.00%
[22:22:30] Task 3 zero-shot (pre-train): 0.00%
[22:22:37] task=3  epoch=0  train_loss=2.9423
[22:22:38] task=3  epoch=END  time_sec=6.8  acc_task0=0.0  acc_task1=0.0  acc_task2=0.0  acc_task3=46.2
[22:22:38] 
============================================================
 Task 5/20  | Classes (20, 25)
============================================================
[22:22:38] Task 4 baseline (chance): 4.00%
[22:22:38] Task 4 zero-shot (pre-train): 0.00%
[22:22:45] task=4  epoch=0  train_loss=3.2819
[22:22:46] task=4  epoch=END  time_sec=6.8  acc_task0=0.0  acc_task1=0.0  acc_task2=0.0  acc_task3=0.0  acc_task4=56.6
[22:22:46] 
============================================================
 Task 6/20  | Classes (25, 30)
============================================================
[22:22:46] Task 5 baseline (chance): 3.33%
[22:22:46] Task 5 zero-shot (pre-train): 0.00%
[22:22:53] task=5  epoch=0  train_loss=4.2716
[22:22:55] task=5  epoch=END  time_sec=6.8  acc_task0=0.0  acc_task1=0.0  acc_task2=0.0  acc_task3=0.0  acc_task4=0.0  acc_task5=41.4
[22:22:55] 
============================================================
 Task 7/20  | Classes (30, 35)
============================================================
[22:22:55] Task 6 baseline (chance): 2.86%
[22:22:55] Task 6 zero-shot (pre-train): 0.00%
[22:23:02] task=6  epoch=0  train_loss=4.7253
[22:23:04] task=6  epoch=END  time_sec=6.8  acc_task0=0.0  acc_task1=0.0  acc_task2=0.0  acc_task3=0.0  acc_task4=0.0  acc_task5=0.0  acc_task6=52.6
[22:23:04] 
============================================================
 Task 8/20  | Classes (35, 40)
============================================================
[22:23:04] Task 7 baseline (chance): 2.50%
[22:23:04] Task 7 zero-shot (pre-train): 0.00%
[22:23:11] task=7  epoch=0  train_loss=5.328
[22:23:13] task=7  epoch=END  time_sec=6.8  acc_task0=0.0  acc_task1=0.0  acc_task2=0.0  acc_task3=0.0  acc_task4=0.0  acc_task5=0.0  acc_task6=0.0  acc_task7=38.4
[22:23:13] 
============================================================
 Task 9/20  | Classes (40, 45)
============================================================
[22:23:13] Task 8 baseline (chance): 2.22%
[22:23:13] Task 8 zero-shot (pre-train): 0.00%
[22:23:20] task=8  epoch=0  train_loss=5.1174
[22:23:22] task=8  epoch=END  time_sec=6.8  acc_task0=0.0  acc_task1=0.0  acc_task2=0.0  acc_task3=0.0  acc_task4=0.0  acc_task5=0.0  acc_task6=0.0  acc_task7=0.0  acc_task8=43.6
[22:23:22] 
============================================================
 Task 10/20  | Classes (45, 50)
============================================================
[22:23:22] Task 9 baseline (chance): 2.00%
[22:23:22] Task 9 zero-shot (pre-train): 0.00%
[22:23:29] task=9  epoch=0  train_loss=5.6289
[22:23:31] task=9  epoch=END  time_sec=6.8  acc_task0=0.0  acc_task1=0.0  acc_task2=0.0  acc_task3=0.0  acc_task4=0.0  acc_task5=0.0  acc_task6=0.0  acc_task7=0.0  acc_task8=0.0  acc_task9=50.8
[22:23:31] 
============================================================
 Task 11/20  | Classes (50, 55)
============================================================
[22:23:31] Task 10 baseline (chance): 1.82%
[22:23:32] Task 10 zero-shot (pre-train): 0.00%
[22:23:39] task=10  epoch=0  train_loss=5.1805
[22:23:41] task=10  epoch=END  time_sec=6.8  acc_task0=0.0  acc_task1=0.0  acc_task2=0.0  acc_task3=0.0  acc_task4=0.0  acc_task5=0.0  acc_task6=0.0  acc_task7=0.0  acc_task8=0.0  acc_task9=0.0  acc_task10=62.2
[22:23:41] 
============================================================
 Task 12/20  | Classes (55, 60)
============================================================
[22:23:41] Task 11 baseline (chance): 1.67%
[22:23:42] Task 11 zero-shot (pre-train): 0.00%
[22:23:48] task=11  epoch=0  train_loss=5.4778
[22:23:51] task=11  epoch=END  time_sec=6.8  acc_task0=0.0  acc_task1=0.0  acc_task2=0.0  acc_task3=0.0  acc_task4=0.0  acc_task5=0.0  acc_task6=0.0  acc_task7=0.0  acc_task8=0.0  acc_task9=0.0  acc_task10=0.0  acc_task11=46.0
[22:23:51] 
============================================================
 Task 13/20  | Classes (60, 65)
============================================================
[22:23:51] Task 12 baseline (chance): 1.54%
[22:23:52] Task 12 zero-shot (pre-train): 0.00%
[22:23:59] task=12  epoch=0  train_loss=5.366
[22:24:02] task=12  epoch=END  time_sec=6.8  acc_task0=0.0  acc_task1=0.0  acc_task2=0.0  acc_task3=0.0  acc_task4=0.0  acc_task5=0.0  acc_task6=0.0  acc_task7=0.0  acc_task8=0.0  acc_task9=0.0  acc_task10=0.0  acc_task11=0.0  acc_task12=62.0
[22:24:02] 
============================================================
 Task 14/20  | Classes (65, 70)
============================================================
[22:24:02] Task 13 baseline (chance): 1.43%
[22:24:02] Task 13 zero-shot (pre-train): 0.00%
[22:24:09] task=13  epoch=0  train_loss=5.6421
[22:24:13] task=13  epoch=END  time_sec=6.8  acc_task0=0.0  acc_task1=0.0  acc_task2=0.0  acc_task3=0.0  acc_task4=0.0  acc_task5=0.0  acc_task6=0.0  acc_task7=0.0  acc_task8=0.0  acc_task9=0.0  acc_task10=0.0  acc_task11=0.0  acc_task12=0.0  acc_task13=46.4
[22:24:13] 
============================================================
 Task 15/20  | Classes (70, 75)
============================================================
[22:24:13] Task 14 baseline (chance): 1.33%
[22:24:13] Task 14 zero-shot (pre-train): 0.00%
[22:24:20] task=14  epoch=0  train_loss=5.517
[22:24:23] task=14  epoch=END  time_sec=6.7  acc_task0=0.0  acc_task1=0.0  acc_task2=0.0  acc_task3=0.0  acc_task4=0.0  acc_task5=0.0  acc_task6=0.0  acc_task7=0.0  acc_task8=0.0  acc_task9=0.0  acc_task10=0.0  acc_task11=0.0  acc_task12=0.0  acc_task13=0.0  acc_task14=64.4
[22:24:23] 
============================================================
 Task 16/20  | Classes (75, 80)
============================================================
[22:24:23] Task 15 baseline (chance): 1.25%
[22:24:24] Task 15 zero-shot (pre-train): 0.00%
[22:24:30] task=15  epoch=0  train_loss=5.5507
[22:24:34] task=15  epoch=END  time_sec=6.8  acc_task0=0.0  acc_task1=0.0  acc_task2=0.0  acc_task3=0.0  acc_task4=0.0  acc_task5=0.0  acc_task6=0.0  acc_task7=0.0  acc_task8=0.0  acc_task9=0.0  acc_task10=0.0  acc_task11=0.0  acc_task12=0.0  acc_task13=0.0  acc_task14=0.0  acc_task15=47.4
[22:24:34] 
============================================================
 Task 17/20  | Classes (80, 85)
============================================================
[22:24:34] Task 16 baseline (chance): 1.18%
[22:24:35] Task 16 zero-shot (pre-train): 0.00%
[22:24:42] task=16  epoch=0  train_loss=5.8183
[22:24:46] task=16  epoch=END  time_sec=6.8  acc_task0=0.0  acc_task1=0.0  acc_task2=0.0  acc_task3=0.0  acc_task4=0.0  acc_task5=0.0  acc_task6=0.0  acc_task7=0.0  acc_task8=0.0  acc_task9=0.0  acc_task10=0.0  acc_task11=0.0  acc_task12=0.0  acc_task13=0.0  acc_task14=0.0  acc_task15=0.0  acc_task16=54.8
[22:24:46] 
============================================================
 Task 18/20  | Classes (85, 90)
============================================================
[22:24:46] Task 17 baseline (chance): 1.11%
[22:24:46] Task 17 zero-shot (pre-train): 0.00%
[22:24:53] task=17  epoch=0  train_loss=5.5191
[22:24:58] task=17  epoch=END  time_sec=6.8  acc_task0=0.0  acc_task1=0.0  acc_task2=0.0  acc_task3=0.0  acc_task4=0.0  acc_task5=0.0  acc_task6=0.0  acc_task7=0.0  acc_task8=0.0  acc_task9=0.0  acc_task10=0.0  acc_task11=0.0  acc_task12=0.0  acc_task13=0.0  acc_task14=0.0  acc_task15=0.0  acc_task16=0.0  acc_task17=54.8
[22:24:58] 
============================================================
 Task 19/20  | Classes (90, 95)
============================================================
[22:24:58] Task 18 baseline (chance): 1.05%
[22:24:58] Task 18 zero-shot (pre-train): 0.00%
[22:25:05] task=18  epoch=0  train_loss=5.7365
[22:25:09] task=18  epoch=END  time_sec=6.8  acc_task0=0.0  acc_task1=0.0  acc_task2=0.0  acc_task3=0.0  acc_task4=0.0  acc_task5=0.0  acc_task6=0.0  acc_task7=0.0  acc_task8=0.0  acc_task9=0.0  acc_task10=0.0  acc_task11=0.0  acc_task12=0.0  acc_task13=0.0  acc_task14=0.0  acc_task15=0.0  acc_task16=0.0  acc_task17=0.0  acc_task18=57.8
[22:25:09] 
============================================================
 Task 20/20  | Classes (95, 100)
============================================================
[22:25:09] Task 19 baseline (chance): 1.00%
[22:25:10] Task 19 zero-shot (pre-train): 0.00%
[22:25:17] task=19  epoch=0  train_loss=5.2065
[22:25:22] task=19  epoch=END  time_sec=6.9  acc_task0=0.0  acc_task1=0.0  acc_task2=0.0  acc_task3=0.0  acc_task4=0.0  acc_task5=0.0  acc_task6=0.0  acc_task7=0.0  acc_task8=0.0  acc_task9=0.0  acc_task10=0.0  acc_task11=0.0  acc_task12=0.0  acc_task13=0.0  acc_task14=0.0  acc_task15=0.0  acc_task16=0.0  acc_task17=0.0  acc_task18=0.0  acc_task19=65.8
[22:25:22] 
Final Metrics:
  avg_accuracy         +3.2900
  forgetting           +50.5474
  backward_transfer    -50.5474
  forward_transfer     -2.7239
[22:25:23] 
Done - run: split_cifar100_der_seed123
[22:25:23] Metrics: {'avg_accuracy': 3.29, 'forgetting': 50.5474, 'backward_transfer': -50.5474, 'forward_transfer': -2.7239}
