[01:45:41] Starting: split_cifar10_agem_distill_buf500_seed456
[01:45:41] Config: {'dataset': 'split_cifar10', 'data_root': 'F:\\Temp\\cf\\Catastrophic Forgetting\\research_v2\\Project\\data_local', 'dataset_image_size': None, 'dataset_out_channels': None, 'model': 'slim_resnet18', 'pretrained': False, 'model_image_size': None, 'method': 'agem_distill', 'n_epochs': 1, 'batch_size': 32, 'num_workers': 0, 'lr': 0.03, 'momentum': 0.9, 'weight_decay': 0.0001, 'fp16': False, 'buffer_size': 500, 'ewc_lambda': 100.0, 'fisher_samples': 200, 'si_lambda': 1.0, 'si_xi': 0.1, 'der_alpha': 0.5, 'xder_beta': 0.5, 'lwf_lambda': 1.0, 'lwf_temp': 2.0, 'icarl_distill_w': 1.0, 'icarl_temp': 2.0, 'use_nmc': True, 'agem_mem_batch': 64, 'distill_lambda': 1.0, 'distill_temp': 2.0, 'pc_distill_w': 1.0, 'pc_ewc_lambda': 100.0, 'pc_compress_epochs': 3, 'er_replay_ratio': 0.5, 'joint_replay_epochs': 1, 'disable_tqdm': True, 'disable_checkpoints': False, 'disable_plots': True, 'resume': False, 'cleanup_checkpoints_on_success': True, 'result_group': 'ablations', 'ablation_family': 'buffer', 'seeds': [42, 123, 456, 789, 1024], 'results_root': 'F:\\Temp\\cf\\Catastrophic Forgetting\\research_v2\\results', 'run_tag': 'buf500', 'seed': 456, 'run_name': 'split_cifar10_agem_distill_buf500_seed456', 'project_root': 'F:\\Temp\\cf\\Catastrophic Forgetting\\research_v2\\Project', 'workspace_root': 'F:\\Temp\\cf\\Catastrophic Forgetting\\research_v2', 'run_root': 'F:\\Temp\\cf\\Catastrophic Forgetting\\research_v2\\results\\ablations\\epoch_1\\split_cifar10\\buffer\\agem_distill__buf500\\seed_456', 'log_dir': 'F:\\Temp\\cf\\Catastrophic Forgetting\\research_v2\\results\\ablations\\epoch_1\\split_cifar10\\buffer\\agem_distill__buf500\\seed_456\\logs', 'metrics_dir': 'F:\\Temp\\cf\\Catastrophic Forgetting\\research_v2\\results\\ablations\\epoch_1\\split_cifar10\\buffer\\agem_distill__buf500\\seed_456\\metrics', 'checkpoint_dir': 'F:\\Temp\\cf\\Catastrophic Forgetting\\research_v2\\results\\ablations\\epoch_1\\split_cifar10\\buffer\\agem_distill__buf500\\seed_456\\checkpoints', 'artifact_dir': 'F:\\Temp\\cf\\Catastrophic Forgetting\\research_v2\\results\\ablations\\epoch_1\\split_cifar10\\buffer\\agem_distill__buf500\\seed_456\\artifacts', 'figure_dir': 'F:\\Temp\\cf\\Catastrophic Forgetting\\research_v2\\results\\figures\\ablations\\epoch_1\\split_cifar10\\buffer\\agem_distill__buf500\\seed_456'}
[01:45:41] Device: cuda
[01:45:43] Dataset: SplitCIFAR10(tasks=5, classes_per_task=2, scenario=class-il)
[01:45:43] 
============================================================
 Task 1/5  | Classes (0, 2)
============================================================
[01:45:43] Task 0 baseline (chance): 50.00%
[01:45:58] task=0  epoch=0  train_loss=0.5142
[01:45:59] task=0  epoch=END  time_sec=15.5  acc_task0=86.9
[01:46:00] 
============================================================
 Task 2/5  | Classes (2, 4)
============================================================
[01:46:00] Task 1 baseline (chance): 25.00%
[01:46:01] Task 1 zero-shot (pre-train): 5.25%
[01:46:32] task=1  epoch=0  train_loss=0.7065
[01:46:34] task=1  epoch=END  time_sec=31.4  acc_task0=0.0  acc_task1=74.0
[01:46:34] 
============================================================
 Task 3/5  | Classes (4, 6)
============================================================
[01:46:34] Task 2 baseline (chance): 16.67%
[01:46:35] Task 2 zero-shot (pre-train): 0.00%
[01:47:11] task=2  epoch=0  train_loss=0.675
[01:47:14] task=2  epoch=END  time_sec=35.2  acc_task0=0.0  acc_task1=0.0  acc_task2=77.75
[01:47:15] 
============================================================
 Task 4/5  | Classes (6, 8)
============================================================
[01:47:15] Task 3 baseline (chance): 12.50%
[01:47:16] Task 3 zero-shot (pre-train): 0.00%
[01:47:50] task=3  epoch=0  train_loss=0.7869
[01:47:54] task=3  epoch=END  time_sec=34.6  acc_task0=0.0  acc_task1=0.0  acc_task2=0.0  acc_task3=83.5
[01:47:54] 
============================================================
 Task 5/5  | Classes (8, 10)
============================================================
[01:47:54] Task 4 baseline (chance): 10.00%
[01:47:55] Task 4 zero-shot (pre-train): 0.00%
[01:48:31] task=4  epoch=0  train_loss=0.7166
[01:48:37] task=4  epoch=END  time_sec=36.0  acc_task0=0.0  acc_task1=0.0  acc_task2=0.0  acc_task3=0.0  acc_task4=75.5
[01:48:37] 
Final Metrics:
  avg_accuracy         +15.1000
  forgetting           +80.5375
  backward_transfer    -80.5375
  forward_transfer     -14.7292
[01:48:37] 
Done - run: split_cifar10_agem_distill_buf500_seed456
[01:48:37] Metrics: {'avg_accuracy': 15.1, 'forgetting': 80.5375, 'backward_transfer': -80.5375, 'forward_transfer': -14.7292}
[01:48:37] Deleted 5 checkpoint(s) after successful completion.
