[01:37:46] Starting: split_cifar100_er_ewc_seed789
[01:37:46] Config: {'dataset': 'split_cifar100', 'data_root': 'F:\\Temp\\cf\\Catastrophic Forgetting\\research_v2\\Project\\data_local', 'dataset_image_size': None, 'dataset_out_channels': None, 'model': 'slim_resnet18', 'pretrained': False, 'model_image_size': None, 'method': 'er_ewc', 'n_epochs': 1, 'batch_size': 32, 'num_workers': 0, 'lr': 0.03, 'momentum': 0.9, 'weight_decay': 0.0001, 'fp16': True, 'buffer_size': 200, 'ewc_lambda': 100.0, 'fisher_samples': 200, 'si_lambda': 1.0, 'si_xi': 0.1, 'der_alpha': 0.5, 'xder_beta': 0.5, 'lwf_lambda': 1.0, 'lwf_temp': 2.0, 'icarl_distill_w': 1.0, 'icarl_temp': 2.0, 'use_nmc': True, 'agem_mem_batch': 64, 'distill_lambda': 1.0, 'distill_temp': 2.0, 'pc_distill_w': 1.0, 'pc_ewc_lambda': 100.0, 'pc_compress_epochs': 3, 'er_replay_ratio': 0.5, 'joint_replay_epochs': 1, 'disable_tqdm': True, 'disable_checkpoints': False, 'disable_plots': False, 'resume': True, 'cleanup_checkpoints_on_success': True, 'result_group': 'runs', 'ablation_family': None, 'seeds': [42, 123, 456, 789, 1024], 'results_root': 'F:\\Temp\\cf\\Catastrophic Forgetting\\research_v2\\results', 'seed': 789, 'run_name': 'split_cifar100_er_ewc_seed789', 'project_root': 'F:\\Temp\\cf\\Catastrophic Forgetting\\research_v2\\Project', 'workspace_root': 'F:\\Temp\\cf\\Catastrophic Forgetting\\research_v2', 'run_root': 'F:\\Temp\\cf\\Catastrophic Forgetting\\research_v2\\results\\runs\\epoch_1\\split_cifar100\\hybrids\\er_ewc\\seed_789', 'log_dir': 'F:\\Temp\\cf\\Catastrophic Forgetting\\research_v2\\results\\runs\\epoch_1\\split_cifar100\\hybrids\\er_ewc\\seed_789\\logs', 'metrics_dir': 'F:\\Temp\\cf\\Catastrophic Forgetting\\research_v2\\results\\runs\\epoch_1\\split_cifar100\\hybrids\\er_ewc\\seed_789\\metrics', 'checkpoint_dir': 'F:\\Temp\\cf\\Catastrophic Forgetting\\research_v2\\results\\runs\\epoch_1\\split_cifar100\\hybrids\\er_ewc\\seed_789\\checkpoints', 'artifact_dir': 'F:\\Temp\\cf\\Catastrophic Forgetting\\research_v2\\results\\runs\\epoch_1\\split_cifar100\\hybrids\\er_ewc\\seed_789\\artifacts', 'figure_dir': 'F:\\Temp\\cf\\Catastrophic Forgetting\\research_v2\\results\\figures\\epoch_1\\split_cifar100\\hybrids\\er_ewc\\seed_789'}
[01:37:46] Device: cuda
[01:37:49] Dataset: SplitCIFAR100(tasks=20, classes_per_task=5, scenario=class-il)
[01:37:49] 
============================================================
 Task 1/20  | Classes (0, 5)
============================================================
[01:37:49] Task 0 baseline (chance): 20.00%
[01:37:53] task=0  epoch=0  train_loss=1.2471
[01:37:53] task=0  epoch=END  time_sec=4.2  acc_task0=53.6
[01:37:54] 
============================================================
 Task 2/20  | Classes (5, 10)
============================================================
[01:37:54] Task 1 baseline (chance): 10.00%
[01:37:54] Task 1 zero-shot (pre-train): 0.00%
[01:37:59] task=1  epoch=0  train_loss=1.8898
[01:38:00] task=1  epoch=END  time_sec=5.5  acc_task0=7.4  acc_task1=42.8
[01:38:00] 
============================================================
 Task 3/20  | Classes (10, 15)
============================================================
[01:38:00] Task 2 baseline (chance): 6.67%
[01:38:00] Task 2 zero-shot (pre-train): 0.00%
[01:38:07] task=2  epoch=0  train_loss=1.9383
[01:38:08] task=2  epoch=END  time_sec=7.1  acc_task0=7.2  acc_task1=3.4  acc_task2=49.0
[01:38:09] 
============================================================
 Task 4/20  | Classes (15, 20)
============================================================
[01:38:09] Task 3 baseline (chance): 5.00%
[01:38:09] Task 3 zero-shot (pre-train): 0.00%
[01:38:18] task=3  epoch=0  train_loss=1.8989
[01:38:20] task=3  epoch=END  time_sec=9.5  acc_task0=10.8  acc_task1=7.6  acc_task2=5.6  acc_task3=47.8
[01:38:20] 
============================================================
 Task 5/20  | Classes (20, 25)
============================================================
[01:38:20] Task 4 baseline (chance): 4.00%
[01:38:20] Task 4 zero-shot (pre-train): 0.00%
[01:38:31] task=4  epoch=0  train_loss=1.7823
[01:38:33] task=4  epoch=END  time_sec=10.9  acc_task0=7.2  acc_task1=2.4  acc_task2=20.4  acc_task3=13.6  acc_task4=54.2
[01:38:33] 
============================================================
 Task 6/20  | Classes (25, 30)
============================================================
[01:38:33] Task 5 baseline (chance): 3.33%
[01:38:33] Task 5 zero-shot (pre-train): 0.00%
[01:38:46] task=5  epoch=0  train_loss=1.957
[01:38:47] task=5  epoch=END  time_sec=12.5  acc_task0=1.4  acc_task1=1.8  acc_task2=0.2  acc_task3=1.6  acc_task4=10.0  acc_task5=39.6
[01:38:48] 
============================================================
 Task 7/20  | Classes (30, 35)
============================================================
[01:38:48] Task 6 baseline (chance): 2.86%
[01:38:48] Task 6 zero-shot (pre-train): 0.00%
[01:39:01] task=6  epoch=0  train_loss=1.7981
[01:39:03] task=6  epoch=END  time_sec=13.5  acc_task0=0.8  acc_task1=4.2  acc_task2=2.4  acc_task3=1.0  acc_task4=11.0  acc_task5=6.6  acc_task6=51.6
[01:39:04] 
============================================================
 Task 8/20  | Classes (35, 40)
============================================================
[01:39:04] Task 7 baseline (chance): 2.50%
[01:39:04] Task 7 zero-shot (pre-train): 0.00%
[01:39:20] task=7  epoch=0  train_loss=1.8637
[01:39:22] task=7  epoch=END  time_sec=15.7  acc_task0=1.8  acc_task1=2.6  acc_task2=0.2  acc_task3=0.8  acc_task4=10.2  acc_task5=3.4  acc_task6=6.8  acc_task7=48.0
[01:39:22] 
============================================================
 Task 9/20  | Classes (40, 45)
============================================================
[01:39:22] Task 8 baseline (chance): 2.22%
[01:39:22] Task 8 zero-shot (pre-train): 0.00%
[01:39:39] task=8  epoch=0  train_loss=1.861
[01:39:42] task=8  epoch=END  time_sec=17.2  acc_task0=3.0  acc_task1=0.8  acc_task2=0.4  acc_task3=0.8  acc_task4=11.6  acc_task5=1.8  acc_task6=16.6  acc_task7=1.0  acc_task8=56.8
[01:39:42] 
============================================================
 Task 10/20  | Classes (45, 50)
============================================================
[01:39:42] Task 9 baseline (chance): 2.00%
[01:39:42] Task 9 zero-shot (pre-train): 0.00%
[01:40:01] task=9  epoch=0  train_loss=1.6123
[01:40:03] task=9  epoch=END  time_sec=18.5  acc_task0=0.6  acc_task1=3.8  acc_task2=0.8  acc_task3=9.0  acc_task4=7.4  acc_task5=3.0  acc_task6=3.4  acc_task7=0.2  acc_task8=1.4  acc_task9=60.0
[01:40:04] 
============================================================
 Task 11/20  | Classes (50, 55)
============================================================
[01:40:04] Task 10 baseline (chance): 1.82%
[01:40:04] Task 10 zero-shot (pre-train): 0.00%
[01:40:25] task=10  epoch=0  train_loss=1.5505
[01:40:27] task=10  epoch=END  time_sec=20.3  acc_task0=0.4  acc_task1=0.8  acc_task2=0.8  acc_task3=1.2  acc_task4=14.4  acc_task5=3.8  acc_task6=7.0  acc_task7=5.6  acc_task8=3.2  acc_task9=0.2  acc_task10=75.8
[01:40:28] 
============================================================
 Task 12/20  | Classes (55, 60)
============================================================
[01:40:28] Task 11 baseline (chance): 1.67%
[01:40:28] Task 11 zero-shot (pre-train): 0.00%
[01:40:50] task=11  epoch=0  train_loss=1.6838
[01:40:53] task=11  epoch=END  time_sec=21.8  acc_task0=0.2  acc_task1=0.4  acc_task2=0.2  acc_task3=0.2  acc_task4=9.8  acc_task5=0.0  acc_task6=0.6  acc_task7=0.4  acc_task8=0.2  acc_task9=1.6  acc_task10=1.4  acc_task11=48.4
[01:40:53] 
============================================================
 Task 13/20  | Classes (60, 65)
============================================================
[01:40:53] Task 12 baseline (chance): 1.54%
[01:40:54] Task 12 zero-shot (pre-train): 0.00%
[01:41:17] task=12  epoch=0  train_loss=1.483
[01:41:20] task=12  epoch=END  time_sec=23.6  acc_task0=0.2  acc_task1=0.0  acc_task2=0.2  acc_task3=0.6  acc_task4=2.0  acc_task5=1.2  acc_task6=1.4  acc_task7=1.4  acc_task8=0.0  acc_task9=0.8  acc_task10=2.2  acc_task11=0.0  acc_task12=71.0
[01:41:21] 
============================================================
 Task 14/20  | Classes (65, 70)
============================================================
[01:41:21] Task 13 baseline (chance): 1.43%
[01:41:21] Task 13 zero-shot (pre-train): 0.00%
[01:41:47] task=13  epoch=0  train_loss=1.7856
[01:41:50] task=13  epoch=END  time_sec=25.2  acc_task0=0.0  acc_task1=0.0  acc_task2=0.2  acc_task3=0.4  acc_task4=1.0  acc_task5=0.0  acc_task6=0.0  acc_task7=0.8  acc_task8=0.2  acc_task9=1.4  acc_task10=6.6  acc_task11=1.2  acc_task12=13.4  acc_task13=60.0
[01:41:51] 
============================================================
 Task 15/20  | Classes (70, 75)
============================================================
[01:41:51] Task 14 baseline (chance): 1.33%
[01:41:51] Task 14 zero-shot (pre-train): 0.00%
[01:42:17] task=14  epoch=0  train_loss=1.6045
[01:42:21] task=14  epoch=END  time_sec=26.5  acc_task0=0.0  acc_task1=0.2  acc_task2=0.0  acc_task3=0.0  acc_task4=1.2  acc_task5=0.0  acc_task6=0.6  acc_task7=0.4  acc_task8=0.0  acc_task9=0.4  acc_task10=7.6  acc_task11=1.8  acc_task12=0.0  acc_task13=0.0  acc_task14=65.8
[01:42:22] 
============================================================
 Task 16/20  | Classes (75, 80)
============================================================
[01:42:22] Task 15 baseline (chance): 1.25%
[01:42:22] Task 15 zero-shot (pre-train): 0.00%
[01:42:51] task=15  epoch=0  train_loss=1.7693
[01:42:55] task=15  epoch=END  time_sec=29.3  acc_task0=6.8  acc_task1=0.0  acc_task2=0.0  acc_task3=0.0  acc_task4=2.2  acc_task5=0.2  acc_task6=0.2  acc_task7=0.2  acc_task8=0.6  acc_task9=0.2  acc_task10=6.4  acc_task11=1.0  acc_task12=4.8  acc_task13=0.2  acc_task14=7.2  acc_task15=67.0
[01:42:56] 
============================================================
 Task 17/20  | Classes (80, 85)
============================================================
[01:42:56] Task 16 baseline (chance): 1.18%
[01:42:56] Task 16 zero-shot (pre-train): 0.00%
[01:43:26] task=16  epoch=0  train_loss=1.6998
[01:43:29] task=16  epoch=END  time_sec=29.7  acc_task0=0.2  acc_task1=0.0  acc_task2=0.0  acc_task3=0.4  acc_task4=7.0  acc_task5=0.0  acc_task6=0.0  acc_task7=0.0  acc_task8=0.6  acc_task9=0.2  acc_task10=1.4  acc_task11=0.6  acc_task12=0.8  acc_task13=1.0  acc_task14=8.8  acc_task15=12.0  acc_task16=69.6
[01:43:30] 
============================================================
 Task 18/20  | Classes (85, 90)
============================================================
[01:43:30] Task 17 baseline (chance): 1.11%
[01:43:31] Task 17 zero-shot (pre-train): 0.00%
[01:44:01] task=17  epoch=0  train_loss=1.8833
[01:44:05] task=17  epoch=END  time_sec=30.4  acc_task0=0.0  acc_task1=0.0  acc_task2=0.0  acc_task3=0.0  acc_task4=2.8  acc_task5=0.0  acc_task6=0.4  acc_task7=0.0  acc_task8=0.2  acc_task9=0.0  acc_task10=0.6  acc_task11=0.0  acc_task12=1.8  acc_task13=0.0  acc_task14=15.2  acc_task15=1.8  acc_task16=2.0  acc_task17=60.0
[01:44:06] 
============================================================
 Task 19/20  | Classes (90, 95)
============================================================
[01:44:06] Task 18 baseline (chance): 1.05%
[01:44:06] Task 18 zero-shot (pre-train): 0.00%
[01:44:41] task=18  epoch=0  train_loss=1.7417
[01:44:45] task=18  epoch=END  time_sec=34.7  acc_task0=0.0  acc_task1=0.0  acc_task2=0.0  acc_task3=0.0  acc_task4=0.4  acc_task5=0.0  acc_task6=0.0  acc_task7=0.0  acc_task8=0.0  acc_task9=0.0  acc_task10=1.8  acc_task11=0.6  acc_task12=0.4  acc_task13=0.0  acc_task14=5.8  acc_task15=5.2  acc_task16=0.2  acc_task17=0.0  acc_task18=74.6
[01:44:46] 
============================================================
 Task 20/20  | Classes (95, 100)
============================================================
[01:44:46] Task 19 baseline (chance): 1.00%
[01:44:46] Task 19 zero-shot (pre-train): 0.00%
[01:45:21] task=19  epoch=0  train_loss=1.7262
[01:45:25] task=19  epoch=END  time_sec=34.4  acc_task0=0.0  acc_task1=0.0  acc_task2=0.0  acc_task3=0.0  acc_task4=0.0  acc_task5=0.0  acc_task6=0.2  acc_task7=0.4  acc_task8=0.0  acc_task9=1.2  acc_task10=3.6  acc_task11=0.2  acc_task12=1.2  acc_task13=0.0  acc_task14=0.0  acc_task15=1.2  acc_task16=3.2  acc_task17=0.0  acc_task18=2.8  acc_task19=70.0
[01:45:26] 
Final Metrics:
  avg_accuracy         +4.2000
  forgetting           +56.9263
  backward_transfer    -56.9263
  forward_transfer     -2.7345
[01:45:28] 
Done - run: split_cifar100_er_ewc_seed789
[01:45:28] Metrics: {'avg_accuracy': 4.2, 'forgetting': 56.9263, 'backward_transfer': -56.9263, 'forward_transfer': -2.7345}
[01:45:28] Deleted 20 checkpoint(s) after successful completion.
