[05:45:38] Starting: split_cifar10_xder_buf500_seed789
[05:45:38] Config: {'dataset': 'split_cifar10', 'data_root': 'F:\\Temp\\cf\\Catastrophic Forgetting\\research_v2\\Project\\data_local', 'dataset_image_size': None, 'dataset_out_channels': None, 'model': 'slim_resnet18', 'pretrained': False, 'model_image_size': None, 'method': 'xder', 'n_epochs': 1, 'batch_size': 32, 'num_workers': 0, 'lr': 0.03, 'momentum': 0.9, 'weight_decay': 0.0001, 'fp16': False, 'buffer_size': 500, 'ewc_lambda': 100.0, 'fisher_samples': 200, 'si_lambda': 1.0, 'si_xi': 0.1, 'der_alpha': 0.5, 'xder_beta': 0.5, 'lwf_lambda': 1.0, 'lwf_temp': 2.0, 'icarl_distill_w': 1.0, 'icarl_temp': 2.0, 'use_nmc': True, 'agem_mem_batch': 64, 'distill_lambda': 1.0, 'distill_temp': 2.0, 'pc_distill_w': 1.0, 'pc_ewc_lambda': 100.0, 'pc_compress_epochs': 3, 'er_replay_ratio': 0.5, 'joint_replay_epochs': 1, 'disable_tqdm': True, 'disable_checkpoints': False, 'disable_plots': True, 'resume': False, 'cleanup_checkpoints_on_success': True, 'result_group': 'ablations', 'ablation_family': 'buffer', 'seeds': [42, 123, 456, 789, 1024], 'results_root': 'F:\\Temp\\cf\\Catastrophic Forgetting\\research_v2\\results', 'run_tag': 'buf500', 'seed': 789, 'run_name': 'split_cifar10_xder_buf500_seed789', 'project_root': 'F:\\Temp\\cf\\Catastrophic Forgetting\\research_v2\\Project', 'workspace_root': 'F:\\Temp\\cf\\Catastrophic Forgetting\\research_v2', 'run_root': 'F:\\Temp\\cf\\Catastrophic Forgetting\\research_v2\\results\\ablations\\epoch_1\\split_cifar10\\buffer\\xder__buf500\\seed_789', 'log_dir': 'F:\\Temp\\cf\\Catastrophic Forgetting\\research_v2\\results\\ablations\\epoch_1\\split_cifar10\\buffer\\xder__buf500\\seed_789\\logs', 'metrics_dir': 'F:\\Temp\\cf\\Catastrophic Forgetting\\research_v2\\results\\ablations\\epoch_1\\split_cifar10\\buffer\\xder__buf500\\seed_789\\metrics', 'checkpoint_dir': 'F:\\Temp\\cf\\Catastrophic Forgetting\\research_v2\\results\\ablations\\epoch_1\\split_cifar10\\buffer\\xder__buf500\\seed_789\\checkpoints', 'artifact_dir': 'F:\\Temp\\cf\\Catastrophic Forgetting\\research_v2\\results\\ablations\\epoch_1\\split_cifar10\\buffer\\xder__buf500\\seed_789\\artifacts', 'figure_dir': 'F:\\Temp\\cf\\Catastrophic Forgetting\\research_v2\\results\\figures\\ablations\\epoch_1\\split_cifar10\\buffer\\xder__buf500\\seed_789'}
[05:45:38] Device: cuda
[05:45:40] Dataset: SplitCIFAR10(tasks=5, classes_per_task=2, scenario=class-il)
[05:45:40] 
============================================================
 Task 1/5  | Classes (0, 2)
============================================================
[05:45:40] Task 0 baseline (chance): 50.00%
[05:46:03] task=0  epoch=0  train_loss=1.1027
[05:46:07] task=0  epoch=END  time_sec=23.0  acc_task0=87.5
[05:46:07] 
============================================================
 Task 2/5  | Classes (2, 4)
============================================================
[05:46:07] Task 1 baseline (chance): 25.00%
[05:46:08] Task 1 zero-shot (pre-train): 15.85%
[05:46:31] task=1  epoch=0  train_loss=1.5541
[05:46:36] task=1  epoch=END  time_sec=22.7  acc_task0=40.05  acc_task1=72.45
[05:46:36] 
============================================================
 Task 3/5  | Classes (4, 6)
============================================================
[05:46:36] Task 2 baseline (chance): 16.67%
[05:46:37] Task 2 zero-shot (pre-train): 0.05%
[05:47:02] task=2  epoch=0  train_loss=1.7885
[05:47:07] task=2  epoch=END  time_sec=24.6  acc_task0=15.55  acc_task1=0.0  acc_task2=78.4
[05:47:08] 
============================================================
 Task 4/5  | Classes (6, 8)
============================================================
[05:47:08] Task 3 baseline (chance): 12.50%
[05:47:09] Task 3 zero-shot (pre-train): 0.00%
[05:47:35] task=3  epoch=0  train_loss=1.9638
[05:47:41] task=3  epoch=END  time_sec=26.5  acc_task0=27.65  acc_task1=0.45  acc_task2=8.5  acc_task3=88.9
[05:47:41] 
============================================================
 Task 5/5  | Classes (8, 10)
============================================================
[05:47:41] Task 4 baseline (chance): 10.00%
[05:47:42] Task 4 zero-shot (pre-train): 0.00%
[05:48:07] task=4  epoch=0  train_loss=1.6305
[05:48:14] task=4  epoch=END  time_sec=24.6  acc_task0=6.05  acc_task1=3.45  acc_task2=2.6  acc_task3=12.45  acc_task4=86.7
[05:48:14] 
Final Metrics:
  avg_accuracy         +22.2500
  forgetting           +75.6750
  backward_transfer    -75.6750
  forward_transfer     -12.0667
[05:48:14] 
Done - run: split_cifar10_xder_buf500_seed789
[05:48:14] Metrics: {'avg_accuracy': 22.25, 'forgetting': 75.675, 'backward_transfer': -75.675, 'forward_transfer': -12.0667}
[05:48:14] Deleted 5 checkpoint(s) after successful completion.
