[13:26:17] Starting: split_cifar10_er_ewc_noewc_seed123
[13:26:17] Config: {'dataset': 'split_cifar10', 'data_root': 'F:\\Temp\\cf\\Catastrophic Forgetting\\research_v2\\Project\\data_local', 'dataset_image_size': None, 'dataset_out_channels': None, 'model': 'slim_resnet18', 'pretrained': False, 'model_image_size': None, 'method': 'er_ewc', 'n_epochs': 1, 'batch_size': 32, 'num_workers': 0, 'lr': 0.03, 'momentum': 0.9, 'weight_decay': 0.0001, 'fp16': False, 'buffer_size': 200, 'ewc_lambda': 0.0, 'fisher_samples': 200, 'si_lambda': 1.0, 'si_xi': 0.1, 'der_alpha': 0.5, 'xder_beta': 0.5, 'lwf_lambda': 1.0, 'lwf_temp': 2.0, 'icarl_distill_w': 1.0, 'icarl_temp': 2.0, 'use_nmc': True, 'agem_mem_batch': 64, 'distill_lambda': 1.0, 'distill_temp': 2.0, 'pc_distill_w': 1.0, 'pc_ewc_lambda': 100.0, 'pc_compress_epochs': 3, 'er_replay_ratio': 0.5, 'joint_replay_epochs': 1, 'disable_tqdm': True, 'disable_checkpoints': False, 'disable_plots': False, 'resume': False, 'cleanup_checkpoints_on_success': True, 'result_group': 'ablations', 'ablation_family': 'interaction', 'seeds': [42, 123, 456], 'results_root': 'F:\\Temp\\cf\\Catastrophic Forgetting\\research_v2\\results', 'run_tag': 'noewc', 'seed': 123, 'run_name': 'split_cifar10_er_ewc_noewc_seed123', 'project_root': 'F:\\Temp\\cf\\Catastrophic Forgetting\\research_v2\\Project', 'workspace_root': 'F:\\Temp\\cf\\Catastrophic Forgetting\\research_v2', 'run_root': 'F:\\Temp\\cf\\Catastrophic Forgetting\\research_v2\\results\\ablations\\epoch_1\\split_cifar10\\interaction\\er_ewc__noewc\\seed_123', 'log_dir': 'F:\\Temp\\cf\\Catastrophic Forgetting\\research_v2\\results\\ablations\\epoch_1\\split_cifar10\\interaction\\er_ewc__noewc\\seed_123\\logs', 'metrics_dir': 'F:\\Temp\\cf\\Catastrophic Forgetting\\research_v2\\results\\ablations\\epoch_1\\split_cifar10\\interaction\\er_ewc__noewc\\seed_123\\metrics', 'checkpoint_dir': 'F:\\Temp\\cf\\Catastrophic Forgetting\\research_v2\\results\\ablations\\epoch_1\\split_cifar10\\interaction\\er_ewc__noewc\\seed_123\\checkpoints', 'artifact_dir': 'F:\\Temp\\cf\\Catastrophic Forgetting\\research_v2\\results\\ablations\\epoch_1\\split_cifar10\\interaction\\er_ewc__noewc\\seed_123\\artifacts', 'figure_dir': 'F:\\Temp\\cf\\Catastrophic Forgetting\\research_v2\\results\\figures\\ablations\\epoch_1\\split_cifar10\\interaction\\er_ewc__noewc\\seed_123'}
[13:26:17] Device: cuda
[13:26:19] Dataset: SplitCIFAR10(tasks=5, classes_per_task=2, scenario=class-il)
[13:26:19] 
============================================================
 Task 1/5  | Classes (0, 2)
============================================================
[13:26:19] Task 0 baseline (chance): 50.00%
[13:26:31] task=0  epoch=0  train_loss=0.4113
[13:26:32] task=0  epoch=END  time_sec=11.9  acc_task0=89.1
[13:26:32] 
============================================================
 Task 2/5  | Classes (2, 4)
============================================================
[13:26:32] Task 1 baseline (chance): 25.00%
[13:26:32] Task 1 zero-shot (pre-train): 1.85%
[13:26:47] task=1  epoch=0  train_loss=0.6888
[13:26:48] task=1  epoch=END  time_sec=14.4  acc_task0=55.85  acc_task1=66.45
[13:26:49] 
============================================================
 Task 3/5  | Classes (4, 6)
============================================================
[13:26:49] Task 2 baseline (chance): 16.67%
[13:26:49] Task 2 zero-shot (pre-train): 0.00%
[13:27:08] task=2  epoch=0  train_loss=0.6448
[13:27:10] task=2  epoch=END  time_sec=19.0  acc_task0=37.65  acc_task1=0.65  acc_task2=79.45
[13:27:10] 
============================================================
 Task 4/5  | Classes (6, 8)
============================================================
[13:27:10] Task 3 baseline (chance): 12.50%
[13:27:10] Task 3 zero-shot (pre-train): 0.00%
[13:27:34] task=3  epoch=0  train_loss=0.4989
[13:27:36] task=3  epoch=END  time_sec=23.4  acc_task0=44.55  acc_task1=2.05  acc_task2=1.3  acc_task3=87.25
[13:27:36] 
============================================================
 Task 5/5  | Classes (8, 10)
============================================================
[13:27:36] Task 4 baseline (chance): 10.00%
[13:27:37] Task 4 zero-shot (pre-train): 0.00%
[13:28:05] task=4  epoch=0  train_loss=0.4641
[13:28:07] task=4  epoch=END  time_sec=27.8  acc_task0=2.0  acc_task1=5.1  acc_task2=1.2  acc_task3=29.25  acc_task4=90.25
[13:28:08] 
Final Metrics:
  avg_accuracy         +25.5600
  forgetting           +71.1750
  backward_transfer    -71.1750
  forward_transfer     -15.5792
[13:28:09] 
Done - run: split_cifar10_er_ewc_noewc_seed123
[13:28:09] Metrics: {'avg_accuracy': 25.56, 'forgetting': 71.175, 'backward_transfer': -71.175, 'forward_transfer': -15.5792}
[13:28:09] Deleted 5 checkpoint(s) after successful completion.
