[17:38:17] Starting: permuted_mnist_icarl_nonmc_seed456
[17:38:17] Config: {'dataset': 'permuted_mnist', 'data_root': 'Project/data_local', 'model': 'resnet8', 'pretrained': False, 'method': 'icarl', 'n_epochs': 1, 'batch_size': 32, 'num_workers': 0, 'lr': 0.03, 'momentum': 0.9, 'weight_decay': 0.0001, 'fp16': False, 'buffer_size': 200, 'ewc_lambda': 100.0, 'fisher_samples': 200, 'si_lambda': 1.0, 'si_xi': 0.1, 'der_alpha': 0.5, 'xder_beta': 0.5, 'lwf_lambda': 1.0, 'lwf_temp': 2.0, 'icarl_distill_w': 1.0, 'icarl_temp': 2.0, 'use_nmc': False, 'agem_mem_batch': 64, 'distill_lambda': 1.0, 'distill_temp': 2.0, 'pc_distill_w': 1.0, 'pc_ewc_lambda': 100.0, 'pc_compress_epochs': 3, 'er_replay_ratio': 0.5, 'joint_replay_epochs': 1, 'disable_tqdm': True, 'disable_checkpoints': True, 'disable_plots': True, 'seeds': [42, 123, 456], 'results_root': 'results_phase3_interactions', 'checkpoint_dir': 'results/checkpoints', 'figure_dir': 'results_phase3_interactions/figures', 'log_dir': 'results_phase3_interactions/raw', 'run_tag': 'nonmc', 'run_name': 'permuted_mnist_icarl_nonmc_seed456', 'seed': 456}
[17:38:17] Device: cuda
[17:38:17] Dataset: PermutedMNIST(tasks=10, classes_per_task=10, scenario=domain-il)
[17:38:17] 
============================================================
 Task 1/10  | Classes (0, 10)
============================================================
[17:38:17] Task 0 baseline (chance): 10.00%
[17:38:54] task=0  epoch=0  train_loss=0.3176
[17:39:29] task=0  epoch=END  time_sec=37.0  acc_task0=93.56
[17:39:29] 
============================================================
 Task 2/10  | Classes (0, 10)
============================================================
[17:39:29] Task 1 baseline (chance): 10.00%
[17:39:35] Task 1 zero-shot (pre-train): 9.08%
[17:40:20] task=1  epoch=0  train_loss=1.3576
[17:41:00] task=1  epoch=END  time_sec=45.0  acc_task0=89.68  acc_task1=89.86
[17:41:00] 
============================================================
 Task 3/10  | Classes (0, 10)
============================================================
[17:41:00] Task 2 baseline (chance): 10.00%
[17:41:05] Task 2 zero-shot (pre-train): 11.83%
[17:41:51] task=2  epoch=0  train_loss=1.157
[17:42:36] task=2  epoch=END  time_sec=45.5  acc_task0=85.77  acc_task1=64.87  acc_task2=91.52
[17:42:36] 
============================================================
 Task 4/10  | Classes (0, 10)
============================================================
[17:42:36] Task 3 baseline (chance): 10.00%
[17:42:41] Task 3 zero-shot (pre-train): 18.01%
[17:43:26] task=3  epoch=0  train_loss=1.0518
[17:44:15] task=3  epoch=END  time_sec=44.8  acc_task0=82.66  acc_task1=37.0  acc_task2=72.23  acc_task3=94.57
[17:44:15] 
============================================================
 Task 5/10  | Classes (0, 10)
============================================================
[17:44:15] Task 4 baseline (chance): 10.00%
[17:44:20] Task 4 zero-shot (pre-train): 13.25%
[17:45:06] task=4  epoch=0  train_loss=1.0241
[17:46:06] task=4  epoch=END  time_sec=45.8  acc_task0=80.85  acc_task1=33.17  acc_task2=53.12  acc_task3=80.32  acc_task4=95.23
[17:46:06] 
============================================================
 Task 6/10  | Classes (0, 10)
============================================================
[17:46:06] Task 5 baseline (chance): 10.00%
[17:46:11] Task 5 zero-shot (pre-train): 8.78%
[17:46:57] task=5  epoch=0  train_loss=1.0419
[17:47:57] task=5  epoch=END  time_sec=45.5  acc_task0=80.88  acc_task1=26.87  acc_task2=35.9  acc_task3=52.72  acc_task4=86.29  acc_task5=95.54
[17:47:57] 
============================================================
 Task 7/10  | Classes (0, 10)
============================================================
[17:47:57] Task 6 baseline (chance): 10.00%
[17:48:02] Task 6 zero-shot (pre-train): 14.03%
[17:48:47] task=6  epoch=0  train_loss=1.0065
[17:49:53] task=6  epoch=END  time_sec=45.1  acc_task0=81.98  acc_task1=24.39  acc_task2=30.04  acc_task3=38.37  acc_task4=64.09  acc_task5=79.7  acc_task6=95.54
[17:49:53] 
============================================================
 Task 8/10  | Classes (0, 10)
============================================================
[17:49:53] Task 7 baseline (chance): 10.00%
[17:49:58] Task 7 zero-shot (pre-train): 13.21%
[17:50:44] task=7  epoch=0  train_loss=0.9777
[17:51:54] task=7  epoch=END  time_sec=45.4  acc_task0=79.47  acc_task1=22.51  acc_task2=22.71  acc_task3=32.31  acc_task4=41.82  acc_task5=46.53  acc_task6=82.86  acc_task7=95.14
[17:51:54] 
============================================================
 Task 9/10  | Classes (0, 10)
============================================================
[17:51:54] Task 8 baseline (chance): 10.00%
[17:51:59] Task 8 zero-shot (pre-train): 13.12%
[17:52:44] task=8  epoch=0  train_loss=0.9902
[17:54:00] task=8  epoch=END  time_sec=45.5  acc_task0=80.89  acc_task1=21.19  acc_task2=22.38  acc_task3=28.39  acc_task4=33.86  acc_task5=37.72  acc_task6=53.93  acc_task7=85.09  acc_task8=95.79
[17:54:00] 
============================================================
 Task 10/10  | Classes (0, 10)
============================================================
[17:54:00] Task 9 baseline (chance): 10.00%
[17:54:05] Task 9 zero-shot (pre-train): 14.13%
[17:54:50] task=9  epoch=0  train_loss=0.9912
[17:56:13] task=9  epoch=END  time_sec=45.3  acc_task0=80.81  acc_task1=23.69  acc_task2=21.17  acc_task3=25.88  acc_task4=26.25  acc_task5=28.24  acc_task6=48.43  acc_task7=57.83  acc_task8=83.78  acc_task9=94.8
[17:56:13] 
Final Metrics:
  avg_accuracy         +49.0880
  forgetting           +50.0744
  backward_transfer    -50.0744
  forward_transfer     +2.8267
[17:56:13] 
Done - run: permuted_mnist_icarl_nonmc_seed456
[17:56:13] Metrics: {'avg_accuracy': 49.088, 'forgetting': 50.0744, 'backward_transfer': -50.0744, 'forward_transfer': 2.8267}
