[03:30:22] Starting: split_cifar10_ewc_lambda1000_seed789
[03:30:22] Config: {'dataset': 'split_cifar10', 'data_root': 'F:\\Temp\\cf\\Catastrophic Forgetting\\research_v2\\Project\\data_local', 'dataset_image_size': None, 'dataset_out_channels': None, 'model': 'slim_resnet18', 'pretrained': False, 'model_image_size': None, 'method': 'ewc', 'n_epochs': 1, 'batch_size': 32, 'num_workers': 0, 'lr': 0.03, 'momentum': 0.9, 'weight_decay': 0.0001, 'fp16': False, 'buffer_size': 200, 'ewc_lambda': 1000.0, 'fisher_samples': 200, 'si_lambda': 1.0, 'si_xi': 0.1, 'der_alpha': 0.5, 'xder_beta': 0.5, 'lwf_lambda': 1.0, 'lwf_temp': 2.0, 'icarl_distill_w': 1.0, 'icarl_temp': 2.0, 'use_nmc': True, 'agem_mem_batch': 64, 'distill_lambda': 1.0, 'distill_temp': 2.0, 'pc_distill_w': 1.0, 'pc_ewc_lambda': 100.0, 'pc_compress_epochs': 3, 'er_replay_ratio': 0.5, 'joint_replay_epochs': 1, 'disable_tqdm': True, 'disable_checkpoints': False, 'disable_plots': True, 'resume': False, 'cleanup_checkpoints_on_success': True, 'result_group': 'ablations', 'ablation_family': 'lambda', 'seeds': [42, 123, 456, 789, 1024], 'results_root': 'F:\\Temp\\cf\\Catastrophic Forgetting\\research_v2\\results', 'run_tag': 'lambda1000', 'seed': 789, 'run_name': 'split_cifar10_ewc_lambda1000_seed789', 'project_root': 'F:\\Temp\\cf\\Catastrophic Forgetting\\research_v2\\Project', 'workspace_root': 'F:\\Temp\\cf\\Catastrophic Forgetting\\research_v2', 'run_root': 'F:\\Temp\\cf\\Catastrophic Forgetting\\research_v2\\results\\ablations\\epoch_1\\split_cifar10\\lambda\\ewc__lambda1000\\seed_789', 'log_dir': 'F:\\Temp\\cf\\Catastrophic Forgetting\\research_v2\\results\\ablations\\epoch_1\\split_cifar10\\lambda\\ewc__lambda1000\\seed_789\\logs', 'metrics_dir': 'F:\\Temp\\cf\\Catastrophic Forgetting\\research_v2\\results\\ablations\\epoch_1\\split_cifar10\\lambda\\ewc__lambda1000\\seed_789\\metrics', 'checkpoint_dir': 'F:\\Temp\\cf\\Catastrophic Forgetting\\research_v2\\results\\ablations\\epoch_1\\split_cifar10\\lambda\\ewc__lambda1000\\seed_789\\checkpoints', 'artifact_dir': 'F:\\Temp\\cf\\Catastrophic Forgetting\\research_v2\\results\\ablations\\epoch_1\\split_cifar10\\lambda\\ewc__lambda1000\\seed_789\\artifacts', 'figure_dir': 'F:\\Temp\\cf\\Catastrophic Forgetting\\research_v2\\results\\figures\\ablations\\epoch_1\\split_cifar10\\lambda\\ewc__lambda1000\\seed_789'}
[03:30:22] Device: cuda
[03:30:25] Dataset: SplitCIFAR10(tasks=5, classes_per_task=2, scenario=class-il)
[03:30:25] 
============================================================
 Task 1/5  | Classes (0, 2)
============================================================
[03:30:25] Task 0 baseline (chance): 50.00%
[03:30:41] task=0  epoch=0  train_loss=0.5285
[03:30:43] task=0  epoch=END  time_sec=15.8  acc_task0=80.15
[03:30:43] 
============================================================
 Task 2/5  | Classes (2, 4)
============================================================
[03:30:43] Task 1 baseline (chance): 25.00%
[03:30:44] Task 1 zero-shot (pre-train): 4.90%
[03:31:07] task=1  epoch=0  train_loss=0.6371
[03:31:09] task=1  epoch=END  time_sec=23.0  acc_task0=0.0  acc_task1=69.9
[03:31:10] 
============================================================
 Task 3/5  | Classes (4, 6)
============================================================
[03:31:10] Task 2 baseline (chance): 16.67%
[03:31:11] Task 2 zero-shot (pre-train): 0.00%
[03:31:40] task=2  epoch=0  train_loss=0.6772
[03:31:44] task=2  epoch=END  time_sec=29.1  acc_task0=0.0  acc_task1=0.0  acc_task2=76.4
[03:31:44] 
============================================================
 Task 4/5  | Classes (6, 8)
============================================================
[03:31:44] Task 3 baseline (chance): 12.50%
[03:31:45] Task 3 zero-shot (pre-train): 0.00%
[03:32:24] task=3  epoch=0  train_loss=0.706
[03:32:28] task=3  epoch=END  time_sec=38.7  acc_task0=0.0  acc_task1=0.0  acc_task2=0.0  acc_task3=84.4
[03:32:28] 
============================================================
 Task 5/5  | Classes (8, 10)
============================================================
[03:32:28] Task 4 baseline (chance): 10.00%
[03:32:29] Task 4 zero-shot (pre-train): 0.00%
[03:33:44] task=4  epoch=0  train_loss=0.8552
[03:33:50] task=4  epoch=END  time_sec=74.8  acc_task0=0.0  acc_task1=0.0  acc_task2=0.0  acc_task3=0.0  acc_task4=77.9
[03:33:50] 
Final Metrics:
  avg_accuracy         +15.5800
  forgetting           +77.7125
  backward_transfer    -77.7125
  forward_transfer     -14.8167
[03:33:50] 
Done - run: split_cifar10_ewc_lambda1000_seed789
[03:33:50] Metrics: {'avg_accuracy': 15.58, 'forgetting': 77.7125, 'backward_transfer': -77.7125, 'forward_transfer': -14.8167}
[03:33:51] Deleted 5 checkpoint(s) after successful completion.
