[02:06:23] Starting: split_cifar10_der_buf100_seed1024
[02:06:23] Config: {'dataset': 'split_cifar10', 'data_root': 'F:\\Temp\\cf\\Catastrophic Forgetting\\research_v2\\Project\\data_local', 'dataset_image_size': None, 'dataset_out_channels': None, 'model': 'slim_resnet18', 'pretrained': False, 'model_image_size': None, 'method': 'der', 'n_epochs': 1, 'batch_size': 32, 'num_workers': 0, 'lr': 0.03, 'momentum': 0.9, 'weight_decay': 0.0001, 'fp16': False, 'buffer_size': 100, 'ewc_lambda': 100.0, 'fisher_samples': 200, 'si_lambda': 1.0, 'si_xi': 0.1, 'der_alpha': 0.5, 'xder_beta': 0.5, 'lwf_lambda': 1.0, 'lwf_temp': 2.0, 'icarl_distill_w': 1.0, 'icarl_temp': 2.0, 'use_nmc': True, 'agem_mem_batch': 64, 'distill_lambda': 1.0, 'distill_temp': 2.0, 'pc_distill_w': 1.0, 'pc_ewc_lambda': 100.0, 'pc_compress_epochs': 3, 'er_replay_ratio': 0.5, 'joint_replay_epochs': 1, 'disable_tqdm': True, 'disable_checkpoints': False, 'disable_plots': True, 'resume': False, 'cleanup_checkpoints_on_success': True, 'result_group': 'ablations', 'ablation_family': 'buffer', 'seeds': [42, 123, 456, 789, 1024], 'results_root': 'F:\\Temp\\cf\\Catastrophic Forgetting\\research_v2\\results', 'run_tag': 'buf100', 'seed': 1024, 'run_name': 'split_cifar10_der_buf100_seed1024', 'project_root': 'F:\\Temp\\cf\\Catastrophic Forgetting\\research_v2\\Project', 'workspace_root': 'F:\\Temp\\cf\\Catastrophic Forgetting\\research_v2', 'run_root': 'F:\\Temp\\cf\\Catastrophic Forgetting\\research_v2\\results\\ablations\\epoch_1\\split_cifar10\\buffer\\der__buf100\\seed_1024', 'log_dir': 'F:\\Temp\\cf\\Catastrophic Forgetting\\research_v2\\results\\ablations\\epoch_1\\split_cifar10\\buffer\\der__buf100\\seed_1024\\logs', 'metrics_dir': 'F:\\Temp\\cf\\Catastrophic Forgetting\\research_v2\\results\\ablations\\epoch_1\\split_cifar10\\buffer\\der__buf100\\seed_1024\\metrics', 'checkpoint_dir': 'F:\\Temp\\cf\\Catastrophic Forgetting\\research_v2\\results\\ablations\\epoch_1\\split_cifar10\\buffer\\der__buf100\\seed_1024\\checkpoints', 'artifact_dir': 'F:\\Temp\\cf\\Catastrophic Forgetting\\research_v2\\results\\ablations\\epoch_1\\split_cifar10\\buffer\\der__buf100\\seed_1024\\artifacts', 'figure_dir': 'F:\\Temp\\cf\\Catastrophic Forgetting\\research_v2\\results\\figures\\ablations\\epoch_1\\split_cifar10\\buffer\\der__buf100\\seed_1024'}
[02:06:23] Device: cuda
[02:06:25] Dataset: SplitCIFAR10(tasks=5, classes_per_task=2, scenario=class-il)
[02:06:26] 
============================================================
 Task 1/5  | Classes (0, 2)
============================================================
[02:06:26] Task 0 baseline (chance): 50.00%
[02:06:59] task=0  epoch=0  train_loss=0.7394
[02:07:00] task=0  epoch=END  time_sec=33.7  acc_task0=87.65
[02:07:00] 
============================================================
 Task 2/5  | Classes (2, 4)
============================================================
[02:07:00] Task 1 baseline (chance): 25.00%
[02:07:02] Task 1 zero-shot (pre-train): 23.75%
[02:07:34] task=1  epoch=0  train_loss=0.6923
[02:07:36] task=1  epoch=END  time_sec=32.2  acc_task0=0.0  acc_task1=73.85
[02:07:36] 
============================================================
 Task 3/5  | Classes (4, 6)
============================================================
[02:07:36] Task 2 baseline (chance): 16.67%
[02:07:37] Task 2 zero-shot (pre-train): 0.00%
[02:08:07] task=2  epoch=0  train_loss=0.7435
[02:08:10] task=2  epoch=END  time_sec=29.3  acc_task0=0.0  acc_task1=0.0  acc_task2=80.55
[02:08:10] 
============================================================
 Task 4/5  | Classes (6, 8)
============================================================
[02:08:10] Task 3 baseline (chance): 12.50%
[02:08:12] Task 3 zero-shot (pre-train): 0.00%
[02:08:42] task=3  epoch=0  train_loss=0.8409
[02:08:47] task=3  epoch=END  time_sec=30.5  acc_task0=0.0  acc_task1=0.0  acc_task2=0.0  acc_task3=88.1
[02:08:47] 
============================================================
 Task 5/5  | Classes (8, 10)
============================================================
[02:08:47] Task 4 baseline (chance): 10.00%
[02:08:48] Task 4 zero-shot (pre-train): 0.00%
[02:09:20] task=4  epoch=0  train_loss=1.4177
[02:09:24] task=4  epoch=END  time_sec=32.3  acc_task0=0.0  acc_task1=0.0  acc_task2=0.0  acc_task3=0.0  acc_task4=86.6
[02:09:25] 
Final Metrics:
  avg_accuracy         +17.3200
  forgetting           +82.5375
  backward_transfer    -82.5375
  forward_transfer     -10.1042
[02:09:25] 
Done - run: split_cifar10_der_buf100_seed1024
[02:09:25] Metrics: {'avg_accuracy': 17.32, 'forgetting': 82.5375, 'backward_transfer': -82.5375, 'forward_transfer': -10.1042}
[02:09:25] Deleted 5 checkpoint(s) after successful completion.
