[00:56:34] Starting: split_cifar10_der_seed789
[00:56:34] Config: {'dataset': 'split_cifar10', 'data_root': 'F:\\Temp\\cf\\Catastrophic Forgetting\\research_v2\\Project\\data_local', 'dataset_image_size': None, 'dataset_out_channels': None, 'model': 'slim_resnet18', 'pretrained': False, 'model_image_size': None, 'method': 'der', 'n_epochs': 1, 'batch_size': 32, 'num_workers': 0, 'lr': 0.03, 'momentum': 0.9, 'weight_decay': 0.0001, 'fp16': False, 'buffer_size': 200, 'ewc_lambda': 100.0, 'fisher_samples': 200, 'si_lambda': 1.0, 'si_xi': 0.1, 'der_alpha': 0.5, 'xder_beta': 0.5, 'lwf_lambda': 1.0, 'lwf_temp': 2.0, 'icarl_distill_w': 1.0, 'icarl_temp': 2.0, 'use_nmc': True, 'agem_mem_batch': 64, 'distill_lambda': 1.0, 'distill_temp': 2.0, 'pc_distill_w': 1.0, 'pc_ewc_lambda': 100.0, 'pc_compress_epochs': 3, 'er_replay_ratio': 0.5, 'joint_replay_epochs': 1, 'disable_tqdm': True, 'disable_checkpoints': False, 'disable_plots': False, 'resume': True, 'cleanup_checkpoints_on_success': True, 'result_group': 'runs', 'ablation_family': None, 'seeds': [42, 123, 456, 789, 1024], 'results_root': 'F:\\Temp\\cf\\Catastrophic Forgetting\\research_v2\\results', 'seed': 789, 'run_name': 'split_cifar10_der_seed789', 'project_root': 'F:\\Temp\\cf\\Catastrophic Forgetting\\research_v2\\Project', 'workspace_root': 'F:\\Temp\\cf\\Catastrophic Forgetting\\research_v2', 'run_root': 'F:\\Temp\\cf\\Catastrophic Forgetting\\research_v2\\results\\runs\\epoch_1\\split_cifar10\\hybrids\\der\\seed_789', 'log_dir': 'F:\\Temp\\cf\\Catastrophic Forgetting\\research_v2\\results\\runs\\epoch_1\\split_cifar10\\hybrids\\der\\seed_789\\logs', 'metrics_dir': 'F:\\Temp\\cf\\Catastrophic Forgetting\\research_v2\\results\\runs\\epoch_1\\split_cifar10\\hybrids\\der\\seed_789\\metrics', 'checkpoint_dir': 'F:\\Temp\\cf\\Catastrophic Forgetting\\research_v2\\results\\runs\\epoch_1\\split_cifar10\\hybrids\\der\\seed_789\\checkpoints', 'artifact_dir': 'F:\\Temp\\cf\\Catastrophic Forgetting\\research_v2\\results\\runs\\epoch_1\\split_cifar10\\hybrids\\der\\seed_789\\artifacts', 'figure_dir': 'F:\\Temp\\cf\\Catastrophic Forgetting\\research_v2\\results\\figures\\epoch_1\\split_cifar10\\hybrids\\der\\seed_789'}
[00:56:34] Device: cuda
[00:56:36] Dataset: SplitCIFAR10(tasks=5, classes_per_task=2, scenario=class-il)
[00:56:36] 
============================================================
 Task 1/5  | Classes (0, 2)
============================================================
[00:56:36] Task 0 baseline (chance): 50.00%
[00:56:56] task=0  epoch=0  train_loss=0.8606
[00:56:57] task=0  epoch=END  time_sec=20.1  acc_task0=85.8
[00:56:57] 
============================================================
 Task 2/5  | Classes (2, 4)
============================================================
[00:56:57] Task 1 baseline (chance): 25.00%
[00:56:58] Task 1 zero-shot (pre-train): 17.10%
[00:57:18] task=1  epoch=0  train_loss=0.7753
[00:57:20] task=1  epoch=END  time_sec=20.1  acc_task0=0.0  acc_task1=74.0
[00:57:20] 
============================================================
 Task 3/5  | Classes (4, 6)
============================================================
[00:57:20] Task 2 baseline (chance): 16.67%
[00:57:21] Task 2 zero-shot (pre-train): 0.00%
[00:57:40] task=2  epoch=0  train_loss=0.8262
[00:57:42] task=2  epoch=END  time_sec=19.2  acc_task0=0.0  acc_task1=0.0  acc_task2=78.35
[00:57:42] 
============================================================
 Task 4/5  | Classes (6, 8)
============================================================
[00:57:42] Task 3 baseline (chance): 12.50%
[00:57:43] Task 3 zero-shot (pre-train): 0.00%
[00:58:02] task=3  epoch=0  train_loss=1.0636
[00:58:06] task=3  epoch=END  time_sec=19.2  acc_task0=0.0  acc_task1=0.0  acc_task2=0.05  acc_task3=82.65
[00:58:06] 
============================================================
 Task 5/5  | Classes (8, 10)
============================================================
[00:58:06] Task 4 baseline (chance): 10.00%
[00:58:07] Task 4 zero-shot (pre-train): 0.00%
[00:58:27] task=4  epoch=0  train_loss=1.2426
[00:58:31] task=4  epoch=END  time_sec=20.5  acc_task0=0.0  acc_task1=0.0  acc_task2=0.0  acc_task3=0.0  acc_task4=84.4
[00:58:31] 
Final Metrics:
  avg_accuracy         +16.8800
  forgetting           +80.2000
  backward_transfer    -80.2000
  forward_transfer     -11.7667
[00:58:32] 
Done - run: split_cifar10_der_seed789
[00:58:32] Metrics: {'avg_accuracy': 16.88, 'forgetting': 80.2, 'backward_transfer': -80.2, 'forward_transfer': -11.7667}
[00:58:32] Deleted 5 checkpoint(s) after successful completion.
