[02:50:38] Starting: split_cifar10_xder_seed123
[02:50:38] Config: {'dataset': 'split_cifar10', 'data_root': 'F:\\Temp\\cf\\Catastrophic Forgetting\\research_v2\\Project\\data_local', 'dataset_image_size': None, 'dataset_out_channels': None, 'model': 'slim_resnet18', 'pretrained': False, 'model_image_size': None, 'method': 'xder', 'n_epochs': 1, 'batch_size': 32, 'num_workers': 0, 'lr': 0.03, 'momentum': 0.9, 'weight_decay': 0.0001, 'fp16': False, 'buffer_size': 200, 'ewc_lambda': 100.0, 'fisher_samples': 200, 'si_lambda': 1.0, 'si_xi': 0.1, 'der_alpha': 0.5, 'xder_beta': 0.5, 'lwf_lambda': 1.0, 'lwf_temp': 2.0, 'icarl_distill_w': 1.0, 'icarl_temp': 2.0, 'use_nmc': True, 'agem_mem_batch': 64, 'distill_lambda': 1.0, 'distill_temp': 2.0, 'pc_distill_w': 1.0, 'pc_ewc_lambda': 100.0, 'pc_compress_epochs': 3, 'er_replay_ratio': 0.5, 'joint_replay_epochs': 1, 'disable_tqdm': True, 'disable_checkpoints': False, 'disable_plots': False, 'resume': True, 'cleanup_checkpoints_on_success': True, 'result_group': 'runs', 'ablation_family': None, 'seeds': [42, 123, 456, 789, 1024], 'results_root': 'F:\\Temp\\cf\\Catastrophic Forgetting\\research_v2\\results', 'seed': 123, 'run_name': 'split_cifar10_xder_seed123', 'project_root': 'F:\\Temp\\cf\\Catastrophic Forgetting\\research_v2\\Project', 'workspace_root': 'F:\\Temp\\cf\\Catastrophic Forgetting\\research_v2', 'run_root': 'F:\\Temp\\cf\\Catastrophic Forgetting\\research_v2\\results\\runs\\epoch_1\\split_cifar10\\hybrids\\xder\\seed_123', 'log_dir': 'F:\\Temp\\cf\\Catastrophic Forgetting\\research_v2\\results\\runs\\epoch_1\\split_cifar10\\hybrids\\xder\\seed_123\\logs', 'metrics_dir': 'F:\\Temp\\cf\\Catastrophic Forgetting\\research_v2\\results\\runs\\epoch_1\\split_cifar10\\hybrids\\xder\\seed_123\\metrics', 'checkpoint_dir': 'F:\\Temp\\cf\\Catastrophic Forgetting\\research_v2\\results\\runs\\epoch_1\\split_cifar10\\hybrids\\xder\\seed_123\\checkpoints', 'artifact_dir': 'F:\\Temp\\cf\\Catastrophic Forgetting\\research_v2\\results\\runs\\epoch_1\\split_cifar10\\hybrids\\xder\\seed_123\\artifacts', 'figure_dir': 'F:\\Temp\\cf\\Catastrophic Forgetting\\research_v2\\results\\figures\\epoch_1\\split_cifar10\\hybrids\\xder\\seed_123'}
[02:50:38] Device: cuda
[02:50:40] Dataset: SplitCIFAR10(tasks=5, classes_per_task=2, scenario=class-il)
[02:50:41] 
============================================================
 Task 1/5  | Classes (0, 2)
============================================================
[02:50:41] Task 0 baseline (chance): 50.00%
[02:51:03] task=0  epoch=0  train_loss=2.0443
[02:51:05] task=0  epoch=END  time_sec=22.3  acc_task0=80.4
[02:51:05] 
============================================================
 Task 2/5  | Classes (2, 4)
============================================================
[02:51:05] Task 1 baseline (chance): 25.00%
[02:51:06] Task 1 zero-shot (pre-train): 0.00%
[02:51:27] task=1  epoch=0  train_loss=1.6508
[02:51:30] task=1  epoch=END  time_sec=20.8  acc_task0=7.75  acc_task1=70.6
[02:51:30] 
============================================================
 Task 3/5  | Classes (4, 6)
============================================================
[02:51:30] Task 2 baseline (chance): 16.67%
[02:51:31] Task 2 zero-shot (pre-train): 0.00%
[02:51:53] task=2  epoch=0  train_loss=1.9456
[02:51:58] task=2  epoch=END  time_sec=22.7  acc_task0=6.8  acc_task1=0.0  acc_task2=75.45
[02:51:58] 
============================================================
 Task 4/5  | Classes (6, 8)
============================================================
[02:51:58] Task 3 baseline (chance): 12.50%
[02:51:59] Task 3 zero-shot (pre-train): 0.00%
[02:52:20] task=3  epoch=0  train_loss=1.968
[02:52:25] task=3  epoch=END  time_sec=21.4  acc_task0=9.5  acc_task1=0.0  acc_task2=1.2  acc_task3=84.85
[02:52:25] 
============================================================
 Task 5/5  | Classes (8, 10)
============================================================
[02:52:25] Task 4 baseline (chance): 10.00%
[02:52:26] Task 4 zero-shot (pre-train): 0.00%
[02:52:48] task=4  epoch=0  train_loss=1.8917
[02:52:53] task=4  epoch=END  time_sec=21.6  acc_task0=0.7  acc_task1=1.55  acc_task2=3.45  acc_task3=15.1  acc_task4=83.9
[02:52:53] 
Final Metrics:
  avg_accuracy         +20.9400
  forgetting           +72.6250
  backward_transfer    -72.6250
  forward_transfer     -16.0417
[02:52:54] 
Done - run: split_cifar10_xder_seed123
[02:52:54] Metrics: {'avg_accuracy': 20.94, 'forgetting': 72.625, 'backward_transfer': -72.625, 'forward_transfer': -16.0417}
[02:52:54] Deleted 5 checkpoint(s) after successful completion.
