[00:32:52] Starting: split_cifar100_agem_seed123
[00:32:52] Config: {'dataset': 'split_cifar100', 'data_root': 'F:\\Temp\\cf\\Catastrophic Forgetting\\research_v2\\Project\\data_local', 'dataset_image_size': None, 'dataset_out_channels': None, 'model': 'slim_resnet18', 'pretrained': False, 'model_image_size': None, 'method': 'agem', 'n_epochs': 1, 'batch_size': 32, 'num_workers': 0, 'lr': 0.03, 'momentum': 0.9, 'weight_decay': 0.0001, 'fp16': True, 'buffer_size': 200, 'ewc_lambda': 100.0, 'fisher_samples': 200, 'si_lambda': 1.0, 'si_xi': 0.1, 'der_alpha': 0.5, 'xder_beta': 0.5, 'lwf_lambda': 1.0, 'lwf_temp': 2.0, 'icarl_distill_w': 1.0, 'icarl_temp': 2.0, 'use_nmc': True, 'agem_mem_batch': 64, 'distill_lambda': 1.0, 'distill_temp': 2.0, 'pc_distill_w': 1.0, 'pc_ewc_lambda': 100.0, 'pc_compress_epochs': 3, 'er_replay_ratio': 0.5, 'joint_replay_epochs': 1, 'disable_tqdm': True, 'disable_checkpoints': False, 'disable_plots': False, 'resume': True, 'cleanup_checkpoints_on_success': True, 'result_group': 'runs', 'ablation_family': None, 'seeds': [42, 123, 456, 789, 1024], 'results_root': 'F:\\Temp\\cf\\Catastrophic Forgetting\\research_v2\\results', 'seed': 123, 'run_name': 'split_cifar100_agem_seed123', 'project_root': 'F:\\Temp\\cf\\Catastrophic Forgetting\\research_v2\\Project', 'workspace_root': 'F:\\Temp\\cf\\Catastrophic Forgetting\\research_v2', 'run_root': 'F:\\Temp\\cf\\Catastrophic Forgetting\\research_v2\\results\\runs\\epoch_1\\split_cifar100\\baselines\\agem\\seed_123', 'log_dir': 'F:\\Temp\\cf\\Catastrophic Forgetting\\research_v2\\results\\runs\\epoch_1\\split_cifar100\\baselines\\agem\\seed_123\\logs', 'metrics_dir': 'F:\\Temp\\cf\\Catastrophic Forgetting\\research_v2\\results\\runs\\epoch_1\\split_cifar100\\baselines\\agem\\seed_123\\metrics', 'checkpoint_dir': 'F:\\Temp\\cf\\Catastrophic Forgetting\\research_v2\\results\\runs\\epoch_1\\split_cifar100\\baselines\\agem\\seed_123\\checkpoints', 'artifact_dir': 'F:\\Temp\\cf\\Catastrophic Forgetting\\research_v2\\results\\runs\\epoch_1\\split_cifar100\\baselines\\agem\\seed_123\\artifacts', 'figure_dir': 'F:\\Temp\\cf\\Catastrophic Forgetting\\research_v2\\results\\figures\\epoch_1\\split_cifar100\\baselines\\agem\\seed_123'}
[00:32:52] Device: cuda
[00:32:54] Dataset: SplitCIFAR100(tasks=20, classes_per_task=5, scenario=class-il)
[00:32:54] 
============================================================
 Task 1/20  | Classes (0, 5)
============================================================
[00:32:54] Task 0 baseline (chance): 20.00%
[00:32:57] task=0  epoch=0  train_loss=1.452
[00:32:58] task=0  epoch=END  time_sec=3.0  acc_task0=46.4
[00:32:58] 
============================================================
 Task 2/20  | Classes (5, 10)
============================================================
[00:32:58] Task 1 baseline (chance): 10.00%
[00:32:58] Task 1 zero-shot (pre-train): 0.00%
[00:33:03] task=1  epoch=0  train_loss=1.6685
[00:33:04] task=1  epoch=END  time_sec=5.6  acc_task0=0.0  acc_task1=45.6
[00:33:04] 
============================================================
 Task 3/20  | Classes (10, 15)
============================================================
[00:33:04] Task 2 baseline (chance): 6.67%
[00:33:04] Task 2 zero-shot (pre-train): 0.00%
[00:33:10] task=2  epoch=0  train_loss=1.65
[00:33:11] task=2  epoch=END  time_sec=6.5  acc_task0=0.0  acc_task1=0.0  acc_task2=38.2
[00:33:11] 
============================================================
 Task 4/20  | Classes (15, 20)
============================================================
[00:33:11] Task 3 baseline (chance): 5.00%
[00:33:11] Task 3 zero-shot (pre-train): 0.00%
[00:33:17] task=3  epoch=0  train_loss=1.9982
[00:33:17] task=3  epoch=END  time_sec=5.8  acc_task0=0.0  acc_task1=0.0  acc_task2=0.0  acc_task3=40.4
[00:33:17] 
============================================================
 Task 5/20  | Classes (20, 25)
============================================================
[00:33:17] Task 4 baseline (chance): 4.00%
[00:33:18] Task 4 zero-shot (pre-train): 0.00%
[00:33:24] task=4  epoch=0  train_loss=2.0155
[00:33:25] task=4  epoch=END  time_sec=6.5  acc_task0=0.0  acc_task1=0.0  acc_task2=0.0  acc_task3=0.0  acc_task4=41.0
[00:33:25] 
============================================================
 Task 6/20  | Classes (25, 30)
============================================================
[00:33:25] Task 5 baseline (chance): 3.33%
[00:33:25] Task 5 zero-shot (pre-train): 0.00%
[00:33:32] task=5  epoch=0  train_loss=2.1532
[00:33:33] task=5  epoch=END  time_sec=7.2  acc_task0=0.0  acc_task1=0.0  acc_task2=0.0  acc_task3=0.0  acc_task4=0.0  acc_task5=26.2
[00:33:33] 
============================================================
 Task 7/20  | Classes (30, 35)
============================================================
[00:33:33] Task 6 baseline (chance): 2.86%
[00:33:34] Task 6 zero-shot (pre-train): 0.00%
[00:33:41] task=6  epoch=0  train_loss=2.0527
[00:33:43] task=6  epoch=END  time_sec=7.0  acc_task0=0.0  acc_task1=0.0  acc_task2=0.0  acc_task3=0.0  acc_task4=0.0  acc_task5=0.0  acc_task6=41.2
[00:33:43] 
============================================================
 Task 8/20  | Classes (35, 40)
============================================================
[00:33:43] Task 7 baseline (chance): 2.50%
[00:33:44] Task 7 zero-shot (pre-train): 0.00%
[00:33:50] task=7  epoch=0  train_loss=2.2892
[00:33:52] task=7  epoch=END  time_sec=6.4  acc_task0=0.0  acc_task1=0.0  acc_task2=0.0  acc_task3=0.0  acc_task4=0.0  acc_task5=0.0  acc_task6=0.0  acc_task7=29.4
[00:33:52] 
============================================================
 Task 9/20  | Classes (40, 45)
============================================================
[00:33:52] Task 8 baseline (chance): 2.22%
[00:33:52] Task 8 zero-shot (pre-train): 0.00%
[00:33:58] task=8  epoch=0  train_loss=2.2745
[00:34:00] task=8  epoch=END  time_sec=6.4  acc_task0=0.0  acc_task1=0.0  acc_task2=0.0  acc_task3=0.0  acc_task4=0.0  acc_task5=0.0  acc_task6=0.0  acc_task7=0.0  acc_task8=37.6
[00:34:00] 
============================================================
 Task 10/20  | Classes (45, 50)
============================================================
[00:34:00] Task 9 baseline (chance): 2.00%
[00:34:00] Task 9 zero-shot (pre-train): 0.00%
[00:34:06] task=9  epoch=0  train_loss=2.2849
[00:34:09] task=9  epoch=END  time_sec=6.2  acc_task0=0.0  acc_task1=0.0  acc_task2=0.0  acc_task3=0.0  acc_task4=0.0  acc_task5=0.0  acc_task6=0.0  acc_task7=0.0  acc_task8=0.0  acc_task9=42.0
[00:34:09] 
============================================================
 Task 11/20  | Classes (50, 55)
============================================================
[00:34:09] Task 10 baseline (chance): 1.82%
[00:34:09] Task 10 zero-shot (pre-train): 0.00%
[00:34:16] task=10  epoch=0  train_loss=2.1634
[00:34:19] task=10  epoch=END  time_sec=7.3  acc_task0=0.0  acc_task1=0.0  acc_task2=0.0  acc_task3=0.0  acc_task4=0.0  acc_task5=0.0  acc_task6=0.0  acc_task7=0.0  acc_task8=0.0  acc_task9=0.0  acc_task10=54.0
[00:34:19] 
============================================================
 Task 12/20  | Classes (55, 60)
============================================================
[00:34:19] Task 11 baseline (chance): 1.67%
[00:34:19] Task 11 zero-shot (pre-train): 0.00%
[00:34:27] task=11  epoch=0  train_loss=2.1993
[00:34:30] task=11  epoch=END  time_sec=7.8  acc_task0=0.0  acc_task1=0.0  acc_task2=0.0  acc_task3=0.0  acc_task4=0.0  acc_task5=0.0  acc_task6=0.0  acc_task7=0.0  acc_task8=0.0  acc_task9=0.0  acc_task10=0.0  acc_task11=38.2
[00:34:30] 
============================================================
 Task 13/20  | Classes (60, 65)
============================================================
[00:34:30] Task 12 baseline (chance): 1.54%
[00:34:30] Task 12 zero-shot (pre-train): 0.00%
[00:34:37] task=12  epoch=0  train_loss=2.2492
[00:34:39] task=12  epoch=END  time_sec=6.9  acc_task0=0.0  acc_task1=0.0  acc_task2=0.0  acc_task3=0.0  acc_task4=0.0  acc_task5=0.0  acc_task6=0.0  acc_task7=0.0  acc_task8=0.0  acc_task9=0.0  acc_task10=0.0  acc_task11=0.0  acc_task12=59.2
[00:34:39] 
============================================================
 Task 14/20  | Classes (65, 70)
============================================================
[00:34:39] Task 13 baseline (chance): 1.43%
[00:34:39] Task 13 zero-shot (pre-train): 0.00%
[00:34:47] task=13  epoch=0  train_loss=2.1696
[00:34:49] task=13  epoch=END  time_sec=7.1  acc_task0=0.0  acc_task1=0.0  acc_task2=0.0  acc_task3=0.0  acc_task4=0.0  acc_task5=0.0  acc_task6=0.0  acc_task7=0.0  acc_task8=0.0  acc_task9=0.0  acc_task10=0.0  acc_task11=0.0  acc_task12=0.0  acc_task13=43.8
[00:34:49] 
============================================================
 Task 15/20  | Classes (70, 75)
============================================================
[00:34:49] Task 14 baseline (chance): 1.33%
[00:34:50] Task 14 zero-shot (pre-train): 0.00%
[00:34:56] task=14  epoch=0  train_loss=2.3369
[00:34:59] task=14  epoch=END  time_sec=6.7  acc_task0=0.0  acc_task1=0.0  acc_task2=0.0  acc_task3=0.0  acc_task4=0.0  acc_task5=0.0  acc_task6=0.0  acc_task7=0.0  acc_task8=0.0  acc_task9=0.0  acc_task10=0.0  acc_task11=0.0  acc_task12=0.0  acc_task13=0.0  acc_task14=54.8
[00:34:59] 
============================================================
 Task 16/20  | Classes (75, 80)
============================================================
[00:34:59] Task 15 baseline (chance): 1.25%
[00:34:59] Task 15 zero-shot (pre-train): 0.00%
[00:35:07] task=15  epoch=0  train_loss=2.1409
[00:35:10] task=15  epoch=END  time_sec=7.2  acc_task0=0.0  acc_task1=0.0  acc_task2=0.0  acc_task3=0.0  acc_task4=0.0  acc_task5=0.0  acc_task6=0.0  acc_task7=0.0  acc_task8=0.0  acc_task9=0.0  acc_task10=0.0  acc_task11=0.0  acc_task12=0.0  acc_task13=0.0  acc_task14=0.0  acc_task15=35.6
[00:35:10] 
============================================================
 Task 17/20  | Classes (80, 85)
============================================================
[00:35:10] Task 16 baseline (chance): 1.18%
[00:35:10] Task 16 zero-shot (pre-train): 0.00%
[00:35:17] task=16  epoch=0  train_loss=2.5317
[00:35:19] task=16  epoch=END  time_sec=6.7  acc_task0=0.0  acc_task1=0.0  acc_task2=0.0  acc_task3=0.0  acc_task4=0.0  acc_task5=0.0  acc_task6=0.0  acc_task7=0.0  acc_task8=0.0  acc_task9=0.0  acc_task10=0.0  acc_task11=0.0  acc_task12=0.0  acc_task13=0.0  acc_task14=0.0  acc_task15=0.0  acc_task16=38.8
[00:35:19] 
============================================================
 Task 18/20  | Classes (85, 90)
============================================================
[00:35:19] Task 17 baseline (chance): 1.11%
[00:35:19] Task 17 zero-shot (pre-train): 0.00%
[00:35:25] task=17  epoch=0  train_loss=2.3057
[00:35:28] task=17  epoch=END  time_sec=5.4  acc_task0=0.0  acc_task1=0.0  acc_task2=0.0  acc_task3=0.0  acc_task4=0.0  acc_task5=0.0  acc_task6=0.0  acc_task7=0.0  acc_task8=0.0  acc_task9=0.0  acc_task10=0.0  acc_task11=0.0  acc_task12=0.0  acc_task13=0.0  acc_task14=0.0  acc_task15=0.0  acc_task16=0.0  acc_task17=23.6
[00:35:28] 
============================================================
 Task 19/20  | Classes (90, 95)
============================================================
[00:35:28] Task 18 baseline (chance): 1.05%
[00:35:28] Task 18 zero-shot (pre-train): 0.00%
[00:35:35] task=18  epoch=0  train_loss=2.466
[00:35:38] task=18  epoch=END  time_sec=6.6  acc_task0=0.0  acc_task1=0.0  acc_task2=0.0  acc_task3=0.0  acc_task4=0.0  acc_task5=0.0  acc_task6=0.0  acc_task7=0.0  acc_task8=0.0  acc_task9=0.0  acc_task10=0.0  acc_task11=0.0  acc_task12=0.0  acc_task13=0.0  acc_task14=0.0  acc_task15=0.0  acc_task16=0.0  acc_task17=0.0  acc_task18=45.0
[00:35:38] 
============================================================
 Task 20/20  | Classes (95, 100)
============================================================
[00:35:38] Task 19 baseline (chance): 1.00%
[00:35:38] Task 19 zero-shot (pre-train): 0.00%
[00:35:45] task=19  epoch=0  train_loss=2.1227
[00:35:48] task=19  epoch=END  time_sec=6.8  acc_task0=0.0  acc_task1=0.0  acc_task2=0.0  acc_task3=0.0  acc_task4=0.0  acc_task5=0.0  acc_task6=0.0  acc_task7=0.0  acc_task8=0.0  acc_task9=0.0  acc_task10=0.0  acc_task11=0.0  acc_task12=0.0  acc_task13=0.0  acc_task14=0.0  acc_task15=0.0  acc_task16=0.0  acc_task17=0.0  acc_task18=0.0  acc_task19=47.4
[00:35:49] 
Final Metrics:
  avg_accuracy         +2.3700
  forgetting           +41.1053
  backward_transfer    -41.1053
  forward_transfer     -2.7345
[00:35:51] 
Done - run: split_cifar100_agem_seed123
[00:35:51] Metrics: {'avg_accuracy': 2.37, 'forgetting': 41.1053, 'backward_transfer': -41.1053, 'forward_transfer': -2.7345}
[00:35:51] Deleted 20 checkpoint(s) after successful completion.
