[04:48:46] Starting: split_cifar100_xder_seed123
[04:48:46] Config: {'dataset': 'split_cifar100', 'data_root': 'F:\\Temp\\cf\\Catastrophic Forgetting\\research_v2\\Project\\data_local', 'dataset_image_size': None, 'dataset_out_channels': None, 'model': 'slim_resnet18', 'pretrained': False, 'model_image_size': None, 'method': 'xder', 'n_epochs': 1, 'batch_size': 32, 'num_workers': 0, 'lr': 0.03, 'momentum': 0.9, 'weight_decay': 0.0001, 'fp16': True, 'buffer_size': 200, 'ewc_lambda': 100.0, 'fisher_samples': 200, 'si_lambda': 1.0, 'si_xi': 0.1, 'der_alpha': 0.5, 'xder_beta': 0.5, 'lwf_lambda': 1.0, 'lwf_temp': 2.0, 'icarl_distill_w': 1.0, 'icarl_temp': 2.0, 'use_nmc': True, 'agem_mem_batch': 64, 'distill_lambda': 1.0, 'distill_temp': 2.0, 'pc_distill_w': 1.0, 'pc_ewc_lambda': 100.0, 'pc_compress_epochs': 3, 'er_replay_ratio': 0.5, 'joint_replay_epochs': 1, 'disable_tqdm': True, 'disable_checkpoints': False, 'disable_plots': False, 'resume': True, 'cleanup_checkpoints_on_success': True, 'result_group': 'runs', 'ablation_family': None, 'seeds': [42, 123, 456, 789, 1024], 'results_root': 'F:\\Temp\\cf\\Catastrophic Forgetting\\research_v2\\results', 'seed': 123, 'run_name': 'split_cifar100_xder_seed123', 'project_root': 'F:\\Temp\\cf\\Catastrophic Forgetting\\research_v2\\Project', 'workspace_root': 'F:\\Temp\\cf\\Catastrophic Forgetting\\research_v2', 'run_root': 'F:\\Temp\\cf\\Catastrophic Forgetting\\research_v2\\results\\runs\\epoch_1\\split_cifar100\\hybrids\\xder\\seed_123', 'log_dir': 'F:\\Temp\\cf\\Catastrophic Forgetting\\research_v2\\results\\runs\\epoch_1\\split_cifar100\\hybrids\\xder\\seed_123\\logs', 'metrics_dir': 'F:\\Temp\\cf\\Catastrophic Forgetting\\research_v2\\results\\runs\\epoch_1\\split_cifar100\\hybrids\\xder\\seed_123\\metrics', 'checkpoint_dir': 'F:\\Temp\\cf\\Catastrophic Forgetting\\research_v2\\results\\runs\\epoch_1\\split_cifar100\\hybrids\\xder\\seed_123\\checkpoints', 'artifact_dir': 'F:\\Temp\\cf\\Catastrophic Forgetting\\research_v2\\results\\runs\\epoch_1\\split_cifar100\\hybrids\\xder\\seed_123\\artifacts', 'figure_dir': 'F:\\Temp\\cf\\Catastrophic Forgetting\\research_v2\\results\\figures\\epoch_1\\split_cifar100\\hybrids\\xder\\seed_123'}
[04:48:46] Device: cuda
[04:48:48] Dataset: SplitCIFAR100(tasks=20, classes_per_task=5, scenario=class-il)
[04:48:48] 
============================================================
 Task 1/20  | Classes (0, 5)
============================================================
[04:48:48] Task 0 baseline (chance): 20.00%
[04:48:53] task=0  epoch=0  train_loss=2.3842
[04:48:53] task=0  epoch=END  time_sec=4.1  acc_task0=52.8
[04:48:53] 
============================================================
 Task 2/20  | Classes (5, 10)
============================================================
[04:48:53] Task 1 baseline (chance): 10.00%
[04:48:54] Task 1 zero-shot (pre-train): 0.00%
[04:48:57] task=1  epoch=0  train_loss=3.0037
[04:48:58] task=1  epoch=END  time_sec=3.5  acc_task0=8.4  acc_task1=57.4
[04:48:58] 
============================================================
 Task 3/20  | Classes (10, 15)
============================================================
[04:48:58] Task 2 baseline (chance): 6.67%
[04:48:58] Task 2 zero-shot (pre-train): 0.00%
[04:49:02] task=2  epoch=0  train_loss=3.0641
[04:49:04] task=2  epoch=END  time_sec=4.2  acc_task0=4.8  acc_task1=0.4  acc_task2=50.4
[04:49:04] 
============================================================
 Task 4/20  | Classes (15, 20)
============================================================
[04:49:04] Task 3 baseline (chance): 5.00%
[04:49:04] Task 3 zero-shot (pre-train): 0.00%
[04:49:08] task=3  epoch=0  train_loss=3.6641
[04:49:09] task=3  epoch=END  time_sec=3.8  acc_task0=1.8  acc_task1=0.2  acc_task2=1.2  acc_task3=60.8
[04:49:09] 
============================================================
 Task 5/20  | Classes (20, 25)
============================================================
[04:49:09] Task 4 baseline (chance): 4.00%
[04:49:09] Task 4 zero-shot (pre-train): 0.00%
[04:49:13] task=4  epoch=0  train_loss=5.6008
[04:49:14] task=4  epoch=END  time_sec=3.7  acc_task0=1.8  acc_task1=0.0  acc_task2=0.8  acc_task3=12.0  acc_task4=62.2
[04:49:14] 
============================================================
 Task 6/20  | Classes (25, 30)
============================================================
[04:49:14] Task 5 baseline (chance): 3.33%
[04:49:14] Task 5 zero-shot (pre-train): 0.00%
[04:49:19] task=5  epoch=0  train_loss=5.2436
[04:49:20] task=5  epoch=END  time_sec=4.4  acc_task0=1.4  acc_task1=2.0  acc_task2=2.0  acc_task3=0.0  acc_task4=6.2  acc_task5=45.2
[04:49:21] 
============================================================
 Task 7/20  | Classes (30, 35)
============================================================
[04:49:21] Task 6 baseline (chance): 2.86%
[04:49:21] Task 6 zero-shot (pre-train): 0.00%
[04:49:25] task=6  epoch=0  train_loss=4.85
[04:49:27] task=6  epoch=END  time_sec=4.4  acc_task0=0.2  acc_task1=1.6  acc_task2=0.2  acc_task3=0.2  acc_task4=6.8  acc_task5=0.0  acc_task6=57.8
[04:49:27] 
============================================================
 Task 8/20  | Classes (35, 40)
============================================================
[04:49:27] Task 7 baseline (chance): 2.50%
[04:49:27] Task 7 zero-shot (pre-train): 0.00%
[04:49:32] task=7  epoch=0  train_loss=8.2986
[04:49:34] task=7  epoch=END  time_sec=4.5  acc_task0=0.0  acc_task1=3.8  acc_task2=0.2  acc_task3=0.4  acc_task4=2.2  acc_task5=0.0  acc_task6=0.0  acc_task7=57.4
[04:49:34] 
============================================================
 Task 9/20  | Classes (40, 45)
============================================================
[04:49:34] Task 8 baseline (chance): 2.22%
[04:49:34] Task 8 zero-shot (pre-train): 0.00%
[04:49:38] task=8  epoch=0  train_loss=16.4158
[04:49:40] task=8  epoch=END  time_sec=4.5  acc_task0=0.6  acc_task1=0.0  acc_task2=3.0  acc_task3=3.8  acc_task4=10.6  acc_task5=0.0  acc_task6=3.4  acc_task7=7.4  acc_task8=29.8
[04:49:41] 
============================================================
 Task 10/20  | Classes (45, 50)
============================================================
[04:49:41] Task 9 baseline (chance): 2.00%
[04:49:41] Task 9 zero-shot (pre-train): 0.00%
[04:49:45] task=9  epoch=0  train_loss=92.9019
[04:49:47] task=9  epoch=END  time_sec=4.4  acc_task0=0.0  acc_task1=0.0  acc_task2=0.0  acc_task3=0.0  acc_task4=0.0  acc_task5=0.0  acc_task6=1.2  acc_task7=6.0  acc_task8=0.6  acc_task9=32.6
[04:49:47] 
============================================================
 Task 11/20  | Classes (50, 55)
============================================================
[04:49:47] Task 10 baseline (chance): 1.82%
[04:49:48] Task 10 zero-shot (pre-train): 0.00%
[04:49:52] task=10  epoch=0  train_loss=232.3847
[04:49:54] task=10  epoch=END  time_sec=4.1  acc_task0=0.0  acc_task1=0.0  acc_task2=0.0  acc_task3=0.0  acc_task4=0.0  acc_task5=0.0  acc_task6=1.4  acc_task7=0.8  acc_task8=0.0  acc_task9=0.0  acc_task10=40.8
[04:49:54] 
============================================================
 Task 12/20  | Classes (55, 60)
============================================================
[04:49:54] Task 11 baseline (chance): 1.67%
[04:49:54] Task 11 zero-shot (pre-train): 0.00%
[04:49:59] task=11  epoch=0  train_loss=8.4096
[04:50:01] task=11  epoch=END  time_sec=4.4  acc_task0=0.0  acc_task1=0.0  acc_task2=0.0  acc_task3=0.0  acc_task4=0.0  acc_task5=0.0  acc_task6=0.0  acc_task7=0.0  acc_task8=0.0  acc_task9=0.0  acc_task10=1.0  acc_task11=32.8
[04:50:01] 
============================================================
 Task 13/20  | Classes (60, 65)
============================================================
[04:50:01] Task 12 baseline (chance): 1.54%
[04:50:02] Task 12 zero-shot (pre-train): 0.00%
[04:50:06] task=12  epoch=0  train_loss=9.3324
[04:50:09] task=12  epoch=END  time_sec=4.5  acc_task0=0.0  acc_task1=0.0  acc_task2=0.0  acc_task3=0.0  acc_task4=0.0  acc_task5=0.0  acc_task6=0.0  acc_task7=0.0  acc_task8=0.0  acc_task9=0.0  acc_task10=0.4  acc_task11=0.8  acc_task12=50.4
[04:50:09] 
============================================================
 Task 14/20  | Classes (65, 70)
============================================================
[04:50:09] Task 13 baseline (chance): 1.43%
[04:50:09] Task 13 zero-shot (pre-train): 0.00%
[04:50:13] task=13  epoch=0  train_loss=8.624
[04:50:16] task=13  epoch=END  time_sec=4.4  acc_task0=0.0  acc_task1=2.8  acc_task2=0.0  acc_task3=0.0  acc_task4=0.0  acc_task5=0.0  acc_task6=0.0  acc_task7=0.0  acc_task8=0.0  acc_task9=0.0  acc_task10=0.8  acc_task11=0.4  acc_task12=0.0  acc_task13=43.0
[04:50:16] 
============================================================
 Task 15/20  | Classes (70, 75)
============================================================
[04:50:16] Task 14 baseline (chance): 1.33%
[04:50:16] Task 14 zero-shot (pre-train): 0.00%
[04:50:21] task=14  epoch=0  train_loss=15.7392
[04:50:24] task=14  epoch=END  time_sec=4.5  acc_task0=0.0  acc_task1=0.2  acc_task2=0.0  acc_task3=0.6  acc_task4=0.0  acc_task5=0.0  acc_task6=0.0  acc_task7=0.0  acc_task8=0.0  acc_task9=0.0  acc_task10=0.6  acc_task11=7.8  acc_task12=0.0  acc_task13=0.0  acc_task14=37.8
[04:50:24] 
============================================================
 Task 16/20  | Classes (75, 80)
============================================================
[04:50:24] Task 15 baseline (chance): 1.25%
[04:50:24] Task 15 zero-shot (pre-train): 0.00%
[04:50:28] task=15  epoch=0  train_loss=15.2888
[04:50:32] task=15  epoch=END  time_sec=4.4  acc_task0=0.0  acc_task1=0.0  acc_task2=0.0  acc_task3=0.8  acc_task4=0.6  acc_task5=0.0  acc_task6=0.0  acc_task7=0.2  acc_task8=0.0  acc_task9=0.0  acc_task10=6.2  acc_task11=3.4  acc_task12=0.0  acc_task13=0.0  acc_task14=0.0  acc_task15=30.8
[04:50:32] 
============================================================
 Task 17/20  | Classes (80, 85)
============================================================
[04:50:32] Task 16 baseline (chance): 1.18%
[04:50:32] Task 16 zero-shot (pre-train): 0.00%
[04:50:36] task=16  epoch=0  train_loss=18.5844
[04:50:40] task=16  epoch=END  time_sec=4.5  acc_task0=0.0  acc_task1=0.0  acc_task2=0.2  acc_task3=0.0  acc_task4=0.0  acc_task5=0.0  acc_task6=0.0  acc_task7=0.0  acc_task8=0.0  acc_task9=0.0  acc_task10=0.4  acc_task11=0.0  acc_task12=0.0  acc_task13=0.2  acc_task14=0.0  acc_task15=0.0  acc_task16=41.8
[04:50:40] 
============================================================
 Task 18/20  | Classes (85, 90)
============================================================
[04:50:40] Task 17 baseline (chance): 1.11%
[04:50:40] Task 17 zero-shot (pre-train): 0.00%
[04:50:44] task=17  epoch=0  train_loss=10.139
[04:50:48] task=17  epoch=END  time_sec=4.3  acc_task0=0.0  acc_task1=0.2  acc_task2=1.4  acc_task3=0.2  acc_task4=0.0  acc_task5=0.0  acc_task6=0.0  acc_task7=0.0  acc_task8=0.0  acc_task9=0.0  acc_task10=2.0  acc_task11=2.0  acc_task12=0.2  acc_task13=0.0  acc_task14=0.0  acc_task15=0.0  acc_task16=0.0  acc_task17=39.8
[04:50:48] 
============================================================
 Task 19/20  | Classes (90, 95)
============================================================
[04:50:48] Task 18 baseline (chance): 1.05%
[04:50:48] Task 18 zero-shot (pre-train): 0.00%
[04:50:53] task=18  epoch=0  train_loss=12.2365
[04:50:56] task=18  epoch=END  time_sec=4.6  acc_task0=0.0  acc_task1=0.2  acc_task2=0.0  acc_task3=1.2  acc_task4=0.0  acc_task5=0.0  acc_task6=0.0  acc_task7=0.0  acc_task8=0.0  acc_task9=0.0  acc_task10=0.6  acc_task11=0.4  acc_task12=0.0  acc_task13=0.0  acc_task14=0.0  acc_task15=0.0  acc_task16=0.0  acc_task17=0.0  acc_task18=35.4
[04:50:56] 
============================================================
 Task 20/20  | Classes (95, 100)
============================================================
[04:50:56] Task 19 baseline (chance): 1.00%
[04:50:57] Task 19 zero-shot (pre-train): 0.00%
[04:51:01] task=19  epoch=0  train_loss=10.3628
[04:51:05] task=19  epoch=END  time_sec=4.4  acc_task0=0.0  acc_task1=0.0  acc_task2=2.2  acc_task3=0.0  acc_task4=0.0  acc_task5=0.0  acc_task6=0.0  acc_task7=0.0  acc_task8=0.0  acc_task9=0.0  acc_task10=0.0  acc_task11=0.2  acc_task12=0.0  acc_task13=0.0  acc_task14=0.0  acc_task15=0.0  acc_task16=0.0  acc_task17=0.0  acc_task18=0.0  acc_task19=47.4
[04:51:05] 
Final Metrics:
  avg_accuracy         +2.4900
  forgetting           +45.0842
  backward_transfer    -45.0842
  forward_transfer     -2.7345
[04:51:07] 
Done - run: split_cifar100_xder_seed123
[04:51:07] Metrics: {'avg_accuracy': 2.49, 'forgetting': 45.0842, 'backward_transfer': -45.0842, 'forward_transfer': -2.7345}
[04:51:07] Deleted 20 checkpoint(s) after successful completion.
