[03:51:47] Starting: split_cifar100_progress_compress_seed42
[03:51:47] Config: {'dataset': 'split_cifar100', 'data_root': 'F:\\Temp\\cf\\Catastrophic Forgetting\\research_v2\\Project\\data_local', 'dataset_image_size': None, 'dataset_out_channels': None, 'model': 'slim_resnet18', 'pretrained': False, 'model_image_size': None, 'method': 'progress_compress', 'n_epochs': 1, 'batch_size': 32, 'num_workers': 0, 'lr': 0.03, 'momentum': 0.9, 'weight_decay': 0.0001, 'fp16': True, 'buffer_size': 200, 'ewc_lambda': 100.0, 'fisher_samples': 200, 'si_lambda': 1.0, 'si_xi': 0.1, 'der_alpha': 0.5, 'xder_beta': 0.5, 'lwf_lambda': 1.0, 'lwf_temp': 2.0, 'icarl_distill_w': 1.0, 'icarl_temp': 2.0, 'use_nmc': True, 'agem_mem_batch': 64, 'distill_lambda': 1.0, 'distill_temp': 2.0, 'pc_distill_w': 1.0, 'pc_ewc_lambda': 100.0, 'pc_compress_epochs': 3, 'er_replay_ratio': 0.5, 'joint_replay_epochs': 1, 'disable_tqdm': True, 'disable_checkpoints': False, 'disable_plots': False, 'resume': True, 'cleanup_checkpoints_on_success': True, 'result_group': 'runs', 'ablation_family': None, 'seeds': [42, 123, 456, 789, 1024], 'results_root': 'F:\\Temp\\cf\\Catastrophic Forgetting\\research_v2\\results', 'seed': 42, 'run_name': 'split_cifar100_progress_compress_seed42', 'project_root': 'F:\\Temp\\cf\\Catastrophic Forgetting\\research_v2\\Project', 'workspace_root': 'F:\\Temp\\cf\\Catastrophic Forgetting\\research_v2', 'run_root': 'F:\\Temp\\cf\\Catastrophic Forgetting\\research_v2\\results\\runs\\epoch_1\\split_cifar100\\hybrids\\progress_compress\\seed_42', 'log_dir': 'F:\\Temp\\cf\\Catastrophic Forgetting\\research_v2\\results\\runs\\epoch_1\\split_cifar100\\hybrids\\progress_compress\\seed_42\\logs', 'metrics_dir': 'F:\\Temp\\cf\\Catastrophic Forgetting\\research_v2\\results\\runs\\epoch_1\\split_cifar100\\hybrids\\progress_compress\\seed_42\\metrics', 'checkpoint_dir': 'F:\\Temp\\cf\\Catastrophic Forgetting\\research_v2\\results\\runs\\epoch_1\\split_cifar100\\hybrids\\progress_compress\\seed_42\\checkpoints', 'artifact_dir': 'F:\\Temp\\cf\\Catastrophic Forgetting\\research_v2\\results\\runs\\epoch_1\\split_cifar100\\hybrids\\progress_compress\\seed_42\\artifacts', 'figure_dir': 'F:\\Temp\\cf\\Catastrophic Forgetting\\research_v2\\results\\figures\\epoch_1\\split_cifar100\\hybrids\\progress_compress\\seed_42'}
[03:51:47] Device: cuda
[03:51:48] Dataset: SplitCIFAR100(tasks=20, classes_per_task=5, scenario=class-il)
[03:51:49] 
============================================================
 Task 1/20  | Classes (0, 5)
============================================================
[03:51:49] Task 0 baseline (chance): 20.00%
[03:51:52] task=0  epoch=0  train_loss=1.5732
[03:52:01] task=0  epoch=END  time_sec=3.1  acc_task0=37.2
[03:52:01] 
============================================================
 Task 2/20  | Classes (5, 10)
============================================================
[03:52:01] Task 1 baseline (chance): 10.00%
[03:52:01] Task 1 zero-shot (pre-train): 0.00%
[03:52:04] task=1  epoch=0  train_loss=2.2625
[03:52:16] task=1  epoch=END  time_sec=2.7  acc_task0=0.6  acc_task1=32.4
[03:52:16] 
============================================================
 Task 3/20  | Classes (10, 15)
============================================================
[03:52:16] Task 2 baseline (chance): 6.67%
[03:52:16] Task 2 zero-shot (pre-train): 0.00%
[03:52:19] task=2  epoch=0  train_loss=2.1967
[03:52:32] task=2  epoch=END  time_sec=3.1  acc_task0=0.0  acc_task1=0.2  acc_task2=45.4
[03:52:32] 
============================================================
 Task 4/20  | Classes (15, 20)
============================================================
[03:52:32] Task 3 baseline (chance): 5.00%
[03:52:32] Task 3 zero-shot (pre-train): 0.00%
[03:52:35] task=3  epoch=0  train_loss=2.4039
[03:52:54] task=3  epoch=END  time_sec=3.1  acc_task0=0.0  acc_task1=0.0  acc_task2=0.0  acc_task3=55.2
[03:52:54] 
============================================================
 Task 5/20  | Classes (20, 25)
============================================================
[03:52:54] Task 4 baseline (chance): 4.00%
[03:52:55] Task 4 zero-shot (pre-train): 0.00%
[03:52:59] task=4  epoch=0  train_loss=2.4156
[03:53:18] task=4  epoch=END  time_sec=4.2  acc_task0=0.0  acc_task1=0.0  acc_task2=0.0  acc_task3=0.0  acc_task4=60.2
[03:53:18] 
============================================================
 Task 6/20  | Classes (25, 30)
============================================================
[03:53:18] Task 5 baseline (chance): 3.33%
[03:53:19] Task 5 zero-shot (pre-train): 0.00%
[03:53:23] task=5  epoch=0  train_loss=2.785
[03:53:42] task=5  epoch=END  time_sec=4.5  acc_task0=0.0  acc_task1=0.0  acc_task2=0.0  acc_task3=0.0  acc_task4=10.4  acc_task5=40.8
[03:53:42] 
============================================================
 Task 7/20  | Classes (30, 35)
============================================================
[03:53:42] Task 6 baseline (chance): 2.86%
[03:53:42] Task 6 zero-shot (pre-train): 0.00%
[03:53:46] task=6  epoch=0  train_loss=2.6895
[03:53:59] task=6  epoch=END  time_sec=4.1  acc_task0=0.0  acc_task1=0.0  acc_task2=0.0  acc_task3=0.0  acc_task4=0.0  acc_task5=6.6  acc_task6=54.2
[03:53:59] 
============================================================
 Task 8/20  | Classes (35, 40)
============================================================
[03:53:59] Task 7 baseline (chance): 2.50%
[03:53:59] Task 7 zero-shot (pre-train): 0.00%
[03:54:03] task=7  epoch=0  train_loss=2.7848
[03:54:15] task=7  epoch=END  time_sec=3.2  acc_task0=0.0  acc_task1=0.0  acc_task2=0.0  acc_task3=0.0  acc_task4=0.0  acc_task5=0.0  acc_task6=0.0  acc_task7=53.0
[03:54:15] 
============================================================
 Task 9/20  | Classes (40, 45)
============================================================
[03:54:15] Task 8 baseline (chance): 2.22%
[03:54:15] Task 8 zero-shot (pre-train): 0.00%
[03:54:18] task=8  epoch=0  train_loss=2.9768
[03:54:31] task=8  epoch=END  time_sec=3.3  acc_task0=0.0  acc_task1=0.0  acc_task2=0.0  acc_task3=0.0  acc_task4=0.0  acc_task5=0.0  acc_task6=0.0  acc_task7=10.6  acc_task8=41.0
[03:54:31] 
============================================================
 Task 10/20  | Classes (45, 50)
============================================================
[03:54:31] Task 9 baseline (chance): 2.00%
[03:54:32] Task 9 zero-shot (pre-train): 0.00%
[03:54:36] task=9  epoch=0  train_loss=2.9087
[03:54:50] task=9  epoch=END  time_sec=4.8  acc_task0=0.0  acc_task1=0.0  acc_task2=0.0  acc_task3=0.0  acc_task4=0.0  acc_task5=0.0  acc_task6=0.0  acc_task7=0.0  acc_task8=0.2  acc_task9=53.2
[03:54:50] 
============================================================
 Task 11/20  | Classes (50, 55)
============================================================
[03:54:50] Task 10 baseline (chance): 1.82%
[03:54:50] Task 10 zero-shot (pre-train): 0.00%
[03:54:53] task=10  epoch=0  train_loss=2.9114
[03:55:09] task=10  epoch=END  time_sec=3.2  acc_task0=0.0  acc_task1=0.0  acc_task2=0.0  acc_task3=0.0  acc_task4=0.0  acc_task5=0.0  acc_task6=0.0  acc_task7=0.0  acc_task8=0.0  acc_task9=10.0  acc_task10=60.8
[03:55:09] 
============================================================
 Task 12/20  | Classes (55, 60)
============================================================
[03:55:09] Task 11 baseline (chance): 1.67%
[03:55:10] Task 11 zero-shot (pre-train): 0.00%
[03:55:14] task=11  epoch=0  train_loss=3.1021
[03:55:31] task=11  epoch=END  time_sec=3.9  acc_task0=0.0  acc_task1=0.0  acc_task2=0.0  acc_task3=0.0  acc_task4=0.0  acc_task5=0.0  acc_task6=0.0  acc_task7=0.0  acc_task8=0.0  acc_task9=1.8  acc_task10=0.6  acc_task11=49.8
[03:55:32] 
============================================================
 Task 13/20  | Classes (60, 65)
============================================================
[03:55:32] Task 12 baseline (chance): 1.54%
[03:55:32] Task 12 zero-shot (pre-train): 0.00%
[03:55:37] task=12  epoch=0  train_loss=2.8501
[03:56:00] task=12  epoch=END  time_sec=5.5  acc_task0=0.0  acc_task1=0.0  acc_task2=0.0  acc_task3=0.0  acc_task4=0.0  acc_task5=0.0  acc_task6=0.0  acc_task7=0.0  acc_task8=0.0  acc_task9=0.0  acc_task10=0.0  acc_task11=5.4  acc_task12=64.8
[03:56:00] 
============================================================
 Task 14/20  | Classes (65, 70)
============================================================
[03:56:00] Task 13 baseline (chance): 1.43%
[03:56:00] Task 13 zero-shot (pre-train): 0.00%
[03:56:04] task=13  epoch=0  train_loss=3.1133
[03:56:20] task=13  epoch=END  time_sec=3.7  acc_task0=0.0  acc_task1=0.0  acc_task2=0.0  acc_task3=0.0  acc_task4=0.0  acc_task5=0.0  acc_task6=0.0  acc_task7=0.0  acc_task8=0.0  acc_task9=0.0  acc_task10=0.0  acc_task11=0.0  acc_task12=1.6  acc_task13=51.0
[03:56:20] 
============================================================
 Task 15/20  | Classes (70, 75)
============================================================
[03:56:20] Task 14 baseline (chance): 1.33%
[03:56:20] Task 14 zero-shot (pre-train): 0.00%
[03:56:24] task=14  epoch=0  train_loss=3.0319
[03:56:40] task=14  epoch=END  time_sec=3.6  acc_task0=0.0  acc_task1=0.0  acc_task2=0.0  acc_task3=0.0  acc_task4=0.0  acc_task5=0.0  acc_task6=0.0  acc_task7=0.0  acc_task8=0.0  acc_task9=0.0  acc_task10=0.0  acc_task11=0.0  acc_task12=0.0  acc_task13=2.4  acc_task14=63.0
[03:56:40] 
============================================================
 Task 16/20  | Classes (75, 80)
============================================================
[03:56:40] Task 15 baseline (chance): 1.25%
[03:56:40] Task 15 zero-shot (pre-train): 0.00%
[03:56:44] task=15  epoch=0  train_loss=3.3369
[03:57:00] task=15  epoch=END  time_sec=3.5  acc_task0=0.0  acc_task1=0.0  acc_task2=0.0  acc_task3=0.0  acc_task4=0.0  acc_task5=0.0  acc_task6=0.0  acc_task7=0.0  acc_task8=0.0  acc_task9=0.0  acc_task10=0.0  acc_task11=0.0  acc_task12=0.0  acc_task13=0.0  acc_task14=7.2  acc_task15=43.0
[03:57:00] 
============================================================
 Task 17/20  | Classes (80, 85)
============================================================
[03:57:00] Task 16 baseline (chance): 1.18%
[03:57:00] Task 16 zero-shot (pre-train): 0.00%
[03:57:04] task=16  epoch=0  train_loss=3.165
[03:57:22] task=16  epoch=END  time_sec=3.8  acc_task0=0.0  acc_task1=0.0  acc_task2=0.0  acc_task3=0.0  acc_task4=0.0  acc_task5=0.0  acc_task6=0.0  acc_task7=0.0  acc_task8=0.0  acc_task9=0.0  acc_task10=0.0  acc_task11=0.0  acc_task12=0.0  acc_task13=0.0  acc_task14=0.0  acc_task15=0.0  acc_task16=64.8
[03:57:22] 
============================================================
 Task 18/20  | Classes (85, 90)
============================================================
[03:57:22] Task 17 baseline (chance): 1.11%
[03:57:23] Task 17 zero-shot (pre-train): 0.00%
[03:57:26] task=17  epoch=0  train_loss=3.3134
[03:57:46] task=17  epoch=END  time_sec=3.7  acc_task0=0.0  acc_task1=0.0  acc_task2=0.0  acc_task3=0.0  acc_task4=0.0  acc_task5=0.0  acc_task6=0.0  acc_task7=0.0  acc_task8=0.0  acc_task9=0.0  acc_task10=0.0  acc_task11=0.0  acc_task12=0.0  acc_task13=0.0  acc_task14=0.0  acc_task15=0.0  acc_task16=15.2  acc_task17=50.0
[03:57:46] 
============================================================
 Task 19/20  | Classes (90, 95)
============================================================
[03:57:46] Task 18 baseline (chance): 1.05%
[03:57:46] Task 18 zero-shot (pre-train): 0.00%
[03:57:50] task=18  epoch=0  train_loss=3.2196
[03:58:10] task=18  epoch=END  time_sec=4.0  acc_task0=0.0  acc_task1=0.0  acc_task2=0.0  acc_task3=0.0  acc_task4=0.0  acc_task5=0.0  acc_task6=0.0  acc_task7=0.0  acc_task8=0.0  acc_task9=0.0  acc_task10=0.0  acc_task11=0.0  acc_task12=0.0  acc_task13=0.0  acc_task14=0.0  acc_task15=0.0  acc_task16=0.0  acc_task17=4.0  acc_task18=60.4
[03:58:10] 
============================================================
 Task 20/20  | Classes (95, 100)
============================================================
[03:58:10] Task 19 baseline (chance): 1.00%
[03:58:10] Task 19 zero-shot (pre-train): 0.00%
[03:58:14] task=19  epoch=0  train_loss=3.1972
[03:58:34] task=19  epoch=END  time_sec=4.1  acc_task0=0.0  acc_task1=0.0  acc_task2=0.0  acc_task3=0.0  acc_task4=0.0  acc_task5=0.0  acc_task6=0.0  acc_task7=0.0  acc_task8=0.0  acc_task9=0.0  acc_task10=0.0  acc_task11=0.0  acc_task12=0.0  acc_task13=0.0  acc_task14=0.0  acc_task15=0.0  acc_task16=0.0  acc_task17=0.2  acc_task18=8.6  acc_task19=60.2
[03:58:34] 
Final Metrics:
  avg_accuracy         +3.4500
  forgetting           +51.1263
  backward_transfer    -51.1263
  forward_transfer     -2.7345
[03:58:39] 
Done - run: split_cifar100_progress_compress_seed42
[03:58:39] Metrics: {'avg_accuracy': 3.45, 'forgetting': 51.1263, 'backward_transfer': -51.1263, 'forward_transfer': -2.7345}
[03:58:39] Deleted 20 checkpoint(s) after successful completion.
