[00:54:39] Starting: split_cifar10_der_seed456
[00:54:39] Config: {'dataset': 'split_cifar10', 'data_root': 'F:\\Temp\\cf\\Catastrophic Forgetting\\research_v2\\Project\\data_local', 'dataset_image_size': None, 'dataset_out_channels': None, 'model': 'slim_resnet18', 'pretrained': False, 'model_image_size': None, 'method': 'der', 'n_epochs': 1, 'batch_size': 32, 'num_workers': 0, 'lr': 0.03, 'momentum': 0.9, 'weight_decay': 0.0001, 'fp16': False, 'buffer_size': 200, 'ewc_lambda': 100.0, 'fisher_samples': 200, 'si_lambda': 1.0, 'si_xi': 0.1, 'der_alpha': 0.5, 'xder_beta': 0.5, 'lwf_lambda': 1.0, 'lwf_temp': 2.0, 'icarl_distill_w': 1.0, 'icarl_temp': 2.0, 'use_nmc': True, 'agem_mem_batch': 64, 'distill_lambda': 1.0, 'distill_temp': 2.0, 'pc_distill_w': 1.0, 'pc_ewc_lambda': 100.0, 'pc_compress_epochs': 3, 'er_replay_ratio': 0.5, 'joint_replay_epochs': 1, 'disable_tqdm': True, 'disable_checkpoints': False, 'disable_plots': False, 'resume': True, 'cleanup_checkpoints_on_success': True, 'result_group': 'runs', 'ablation_family': None, 'seeds': [42, 123, 456, 789, 1024], 'results_root': 'F:\\Temp\\cf\\Catastrophic Forgetting\\research_v2\\results', 'seed': 456, 'run_name': 'split_cifar10_der_seed456', 'project_root': 'F:\\Temp\\cf\\Catastrophic Forgetting\\research_v2\\Project', 'workspace_root': 'F:\\Temp\\cf\\Catastrophic Forgetting\\research_v2', 'run_root': 'F:\\Temp\\cf\\Catastrophic Forgetting\\research_v2\\results\\runs\\epoch_1\\split_cifar10\\hybrids\\der\\seed_456', 'log_dir': 'F:\\Temp\\cf\\Catastrophic Forgetting\\research_v2\\results\\runs\\epoch_1\\split_cifar10\\hybrids\\der\\seed_456\\logs', 'metrics_dir': 'F:\\Temp\\cf\\Catastrophic Forgetting\\research_v2\\results\\runs\\epoch_1\\split_cifar10\\hybrids\\der\\seed_456\\metrics', 'checkpoint_dir': 'F:\\Temp\\cf\\Catastrophic Forgetting\\research_v2\\results\\runs\\epoch_1\\split_cifar10\\hybrids\\der\\seed_456\\checkpoints', 'artifact_dir': 'F:\\Temp\\cf\\Catastrophic Forgetting\\research_v2\\results\\runs\\epoch_1\\split_cifar10\\hybrids\\der\\seed_456\\artifacts', 'figure_dir': 'F:\\Temp\\cf\\Catastrophic Forgetting\\research_v2\\results\\figures\\epoch_1\\split_cifar10\\hybrids\\der\\seed_456'}
[00:54:39] Device: cuda
[00:54:41] Dataset: SplitCIFAR10(tasks=5, classes_per_task=2, scenario=class-il)
[00:54:41] 
============================================================
 Task 1/5  | Classes (0, 2)
============================================================
[00:54:41] Task 0 baseline (chance): 50.00%
[00:55:01] task=0  epoch=0  train_loss=0.7282
[00:55:02] task=0  epoch=END  time_sec=19.2  acc_task0=86.6
[00:55:02] 
============================================================
 Task 2/5  | Classes (2, 4)
============================================================
[00:55:02] Task 1 baseline (chance): 25.00%
[00:55:03] Task 1 zero-shot (pre-train): 27.30%
[00:55:22] task=1  epoch=0  train_loss=0.7382
[00:55:24] task=1  epoch=END  time_sec=20.0  acc_task0=0.0  acc_task1=74.25
[00:55:24] 
============================================================
 Task 3/5  | Classes (4, 6)
============================================================
[00:55:24] Task 2 baseline (chance): 16.67%
[00:55:25] Task 2 zero-shot (pre-train): 0.00%
[00:55:43] task=2  epoch=0  train_loss=0.8883
[00:55:46] task=2  epoch=END  time_sec=18.6  acc_task0=0.0  acc_task1=0.0  acc_task2=79.9
[00:55:46] 
============================================================
 Task 4/5  | Classes (6, 8)
============================================================
[00:55:46] Task 3 baseline (chance): 12.50%
[00:55:47] Task 3 zero-shot (pre-train): 0.00%
[00:56:06] task=3  epoch=0  train_loss=1.0833
[00:56:09] task=3  epoch=END  time_sec=19.4  acc_task0=0.0  acc_task1=0.0  acc_task2=0.1  acc_task3=86.95
[00:56:09] 
============================================================
 Task 5/5  | Classes (8, 10)
============================================================
[00:56:09] Task 4 baseline (chance): 10.00%
[00:56:10] Task 4 zero-shot (pre-train): 0.00%
[00:56:29] task=4  epoch=0  train_loss=1.3581
[00:56:33] task=4  epoch=END  time_sec=19.1  acc_task0=0.0  acc_task1=0.0  acc_task2=0.05  acc_task3=0.0  acc_task4=81.5
[00:56:33] 
Final Metrics:
  avg_accuracy         +16.3100
  forgetting           +81.9125
  backward_transfer    -81.9125
  forward_transfer     -9.2167
[00:56:34] 
Done - run: split_cifar10_der_seed456
[00:56:34] Metrics: {'avg_accuracy': 16.31, 'forgetting': 81.9125, 'backward_transfer': -81.9125, 'forward_transfer': -9.2167}
[00:56:34] Deleted 5 checkpoint(s) after successful completion.
