[18:33:36] Starting: split_cifar10_er_ewc_lambda1000_seed456
[18:33:36] Config: {'dataset': 'split_cifar10', 'data_root': 'Project/data_local', 'model': 'slim_resnet18', 'pretrained': False, 'method': 'er_ewc', 'n_epochs': 1, 'batch_size': 32, 'num_workers': 0, 'lr': 0.03, 'momentum': 0.9, 'weight_decay': 0.0001, 'fp16': False, 'buffer_size': 200, 'ewc_lambda': 1000.0, 'fisher_samples': 200, 'si_lambda': 1.0, 'si_xi': 0.1, 'der_alpha': 0.5, 'xder_beta': 0.5, 'lwf_lambda': 1.0, 'lwf_temp': 2.0, 'icarl_distill_w': 1.0, 'icarl_temp': 2.0, 'use_nmc': True, 'agem_mem_batch': 64, 'distill_lambda': 1.0, 'distill_temp': 2.0, 'pc_distill_w': 1.0, 'pc_ewc_lambda': 100.0, 'pc_compress_epochs': 3, 'er_replay_ratio': 0.5, 'joint_replay_epochs': 1, 'disable_tqdm': True, 'disable_checkpoints': True, 'disable_plots': True, 'seeds': [42, 123, 456, 789, 1024], 'results_root': 'results_phase3_ablations', 'checkpoint_dir': 'results/checkpoints', 'figure_dir': 'results_phase3_ablations\\figures', 'log_dir': 'results_phase3_ablations\\raw', 'run_tag': 'lambda1000', 'run_name': 'split_cifar10_er_ewc_lambda1000_seed456', 'seed': 456}
[18:33:36] Device: cuda
[18:33:38] Dataset: SplitCIFAR10(tasks=5, classes_per_task=2, scenario=class-il)
[18:33:38] 
============================================================
 Task 1/5  | Classes (0, 2)
============================================================
[18:33:38] Task 0 baseline (chance): 50.00%
[18:33:53] task=0  epoch=0  train_loss=0.3887
[18:33:54] task=0  epoch=END  time_sec=14.8  acc_task0=90.1
[18:33:54] 
============================================================
 Task 2/5  | Classes (2, 4)
============================================================
[18:33:54] Task 1 baseline (chance): 25.00%
[18:33:55] Task 1 zero-shot (pre-train): 0.25%
[18:34:17] task=1  epoch=0  train_loss=0.6705
[18:34:19] task=1  epoch=END  time_sec=22.2  acc_task0=52.75  acc_task1=74.0
[18:34:19] 
============================================================
 Task 3/5  | Classes (4, 6)
============================================================
[18:34:19] Task 2 baseline (chance): 16.67%
[18:34:20] Task 2 zero-shot (pre-train): 0.00%
[18:34:50] task=2  epoch=0  train_loss=0.6507
[18:34:53] task=2  epoch=END  time_sec=30.0  acc_task0=32.6  acc_task1=3.4  acc_task2=78.6
[18:34:53] 
============================================================
 Task 4/5  | Classes (6, 8)
============================================================
[18:34:53] Task 3 baseline (chance): 12.50%
[18:34:53] Task 3 zero-shot (pre-train): 0.00%
[18:35:30] task=3  epoch=0  train_loss=0.5868
[18:35:34] task=3  epoch=END  time_sec=37.0  acc_task0=32.05  acc_task1=0.55  acc_task2=2.2  acc_task3=87.95
[18:35:34] 
============================================================
 Task 5/5  | Classes (8, 10)
============================================================
[18:35:34] Task 4 baseline (chance): 10.00%
[18:35:35] Task 4 zero-shot (pre-train): 0.00%
[18:36:20] task=4  epoch=0  train_loss=0.5572
[18:36:24] task=4  epoch=END  time_sec=44.4  acc_task0=1.6  acc_task1=4.55  acc_task2=10.45  acc_task3=12.85  acc_task4=89.1
[18:36:24] 
Final Metrics:
  avg_accuracy         +23.7100
  forgetting           +75.3000
  backward_transfer    -75.3000
  forward_transfer     -15.9792
[18:36:24] 
Done - run: split_cifar10_er_ewc_lambda1000_seed456
[18:36:24] Metrics: {'avg_accuracy': 23.71, 'forgetting': 75.3, 'backward_transfer': -75.3, 'forward_transfer': -15.9792}
