[18:39:12] Starting: split_cifar10_er_ewc_lambda1000_seed1024
[18:39:12] Config: {'dataset': 'split_cifar10', 'data_root': 'Project/data_local', 'model': 'slim_resnet18', 'pretrained': False, 'method': 'er_ewc', 'n_epochs': 1, 'batch_size': 32, 'num_workers': 0, 'lr': 0.03, 'momentum': 0.9, 'weight_decay': 0.0001, 'fp16': False, 'buffer_size': 200, 'ewc_lambda': 1000.0, 'fisher_samples': 200, 'si_lambda': 1.0, 'si_xi': 0.1, 'der_alpha': 0.5, 'xder_beta': 0.5, 'lwf_lambda': 1.0, 'lwf_temp': 2.0, 'icarl_distill_w': 1.0, 'icarl_temp': 2.0, 'use_nmc': True, 'agem_mem_batch': 64, 'distill_lambda': 1.0, 'distill_temp': 2.0, 'pc_distill_w': 1.0, 'pc_ewc_lambda': 100.0, 'pc_compress_epochs': 3, 'er_replay_ratio': 0.5, 'joint_replay_epochs': 1, 'disable_tqdm': True, 'disable_checkpoints': True, 'disable_plots': True, 'seeds': [42, 123, 456, 789, 1024], 'results_root': 'results_phase3_ablations', 'checkpoint_dir': 'results/checkpoints', 'figure_dir': 'results_phase3_ablations\\figures', 'log_dir': 'results_phase3_ablations\\raw', 'run_tag': 'lambda1000', 'run_name': 'split_cifar10_er_ewc_lambda1000_seed1024', 'seed': 1024}
[18:39:12] Device: cuda
[18:39:14] Dataset: SplitCIFAR10(tasks=5, classes_per_task=2, scenario=class-il)
[18:39:14] 
============================================================
 Task 1/5  | Classes (0, 2)
============================================================
[18:39:14] Task 0 baseline (chance): 50.00%
[18:39:29] task=0  epoch=0  train_loss=0.377
[18:39:30] task=0  epoch=END  time_sec=14.7  acc_task0=84.9
[18:39:30] 
============================================================
 Task 2/5  | Classes (2, 4)
============================================================
[18:39:30] Task 1 baseline (chance): 25.00%
[18:39:31] Task 1 zero-shot (pre-train): 0.00%
[18:39:53] task=1  epoch=0  train_loss=0.6687
[18:39:55] task=1  epoch=END  time_sec=22.1  acc_task0=67.9  acc_task1=67.95
[18:39:55] 
============================================================
 Task 3/5  | Classes (4, 6)
============================================================
[18:39:55] Task 2 baseline (chance): 16.67%
[18:39:56] Task 2 zero-shot (pre-train): 0.00%
[18:40:26] task=2  epoch=0  train_loss=0.6937
[18:40:29] task=2  epoch=END  time_sec=30.1  acc_task0=45.55  acc_task1=4.0  acc_task2=69.7
[18:40:29] 
============================================================
 Task 4/5  | Classes (6, 8)
============================================================
[18:40:29] Task 3 baseline (chance): 12.50%
[18:40:30] Task 3 zero-shot (pre-train): 0.00%
[18:41:07] task=3  epoch=0  train_loss=0.5645
[18:41:11] task=3  epoch=END  time_sec=37.4  acc_task0=34.1  acc_task1=0.15  acc_task2=3.65  acc_task3=90.45
[18:41:11] 
============================================================
 Task 5/5  | Classes (8, 10)
============================================================
[18:41:11] Task 4 baseline (chance): 10.00%
[18:41:12] Task 4 zero-shot (pre-train): 0.00%
[18:41:57] task=4  epoch=0  train_loss=0.5523
[18:42:01] task=4  epoch=END  time_sec=44.7  acc_task0=3.2  acc_task1=0.8  acc_task2=5.05  acc_task3=33.1  acc_task4=90.3
[18:42:01] 
Final Metrics:
  avg_accuracy         +26.4900
  forgetting           +67.7125
  backward_transfer    -67.7125
  forward_transfer     -16.0417
[18:42:01] 
Done - run: split_cifar10_er_ewc_lambda1000_seed1024
[18:42:01] Metrics: {'avg_accuracy': 26.49, 'forgetting': 67.7125, 'backward_transfer': -67.7125, 'forward_transfer': -16.0417}
