[18:36:24] Starting: split_cifar10_er_ewc_lambda1000_seed789
[18:36:24] Config: {'dataset': 'split_cifar10', 'data_root': 'Project/data_local', 'model': 'slim_resnet18', 'pretrained': False, 'method': 'er_ewc', 'n_epochs': 1, 'batch_size': 32, 'num_workers': 0, 'lr': 0.03, 'momentum': 0.9, 'weight_decay': 0.0001, 'fp16': False, 'buffer_size': 200, 'ewc_lambda': 1000.0, 'fisher_samples': 200, 'si_lambda': 1.0, 'si_xi': 0.1, 'der_alpha': 0.5, 'xder_beta': 0.5, 'lwf_lambda': 1.0, 'lwf_temp': 2.0, 'icarl_distill_w': 1.0, 'icarl_temp': 2.0, 'use_nmc': True, 'agem_mem_batch': 64, 'distill_lambda': 1.0, 'distill_temp': 2.0, 'pc_distill_w': 1.0, 'pc_ewc_lambda': 100.0, 'pc_compress_epochs': 3, 'er_replay_ratio': 0.5, 'joint_replay_epochs': 1, 'disable_tqdm': True, 'disable_checkpoints': True, 'disable_plots': True, 'seeds': [42, 123, 456, 789, 1024], 'results_root': 'results_phase3_ablations', 'checkpoint_dir': 'results/checkpoints', 'figure_dir': 'results_phase3_ablations\\figures', 'log_dir': 'results_phase3_ablations\\raw', 'run_tag': 'lambda1000', 'run_name': 'split_cifar10_er_ewc_lambda1000_seed789', 'seed': 789}
[18:36:24] Device: cuda
[18:36:26] Dataset: SplitCIFAR10(tasks=5, classes_per_task=2, scenario=class-il)
[18:36:26] 
============================================================
 Task 1/5  | Classes (0, 2)
============================================================
[18:36:26] Task 0 baseline (chance): 50.00%
[18:36:41] task=0  epoch=0  train_loss=0.3811
[18:36:42] task=0  epoch=END  time_sec=14.7  acc_task0=89.9
[18:36:42] 
============================================================
 Task 2/5  | Classes (2, 4)
============================================================
[18:36:42] Task 1 baseline (chance): 25.00%
[18:36:43] Task 1 zero-shot (pre-train): 1.50%
[18:37:05] task=1  epoch=0  train_loss=0.6933
[18:37:07] task=1  epoch=END  time_sec=22.3  acc_task0=47.6  acc_task1=73.5
[18:37:07] 
============================================================
 Task 3/5  | Classes (4, 6)
============================================================
[18:37:07] Task 2 baseline (chance): 16.67%
[18:37:08] Task 2 zero-shot (pre-train): 0.00%
[18:37:38] task=2  epoch=0  train_loss=0.7306
[18:37:41] task=2  epoch=END  time_sec=29.8  acc_task0=42.5  acc_task1=1.85  acc_task2=78.7
[18:37:41] 
============================================================
 Task 4/5  | Classes (6, 8)
============================================================
[18:37:41] Task 3 baseline (chance): 12.50%
[18:37:42] Task 3 zero-shot (pre-train): 0.00%
[18:38:18] task=3  epoch=0  train_loss=0.6072
[18:38:22] task=3  epoch=END  time_sec=36.3  acc_task0=34.6  acc_task1=0.7  acc_task2=1.6  acc_task3=89.05
[18:38:22] 
============================================================
 Task 5/5  | Classes (8, 10)
============================================================
[18:38:22] Task 4 baseline (chance): 10.00%
[18:38:23] Task 4 zero-shot (pre-train): 0.00%
[18:39:08] task=4  epoch=0  train_loss=0.543
[18:39:12] task=4  epoch=END  time_sec=45.2  acc_task0=5.7  acc_task1=0.95  acc_task2=7.75  acc_task3=27.9  acc_task4=90.85
[18:39:12] 
Final Metrics:
  avg_accuracy         +26.6300
  forgetting           +72.2125
  backward_transfer    -72.2125
  forward_transfer     -15.6667
[18:39:12] 
Done - run: split_cifar10_er_ewc_lambda1000_seed789
[18:39:12] Metrics: {'avg_accuracy': 26.63, 'forgetting': 72.2125, 'backward_transfer': -72.2125, 'forward_transfer': -15.6667}
