[04:28:51] Starting: split_cifar100_si_der_seed42
[04:28:51] Config: {'dataset': 'split_cifar100', 'data_root': 'F:\\Temp\\cf\\Catastrophic Forgetting\\research_v2\\Project\\data_local', 'dataset_image_size': None, 'dataset_out_channels': None, 'model': 'slim_resnet18', 'pretrained': False, 'model_image_size': None, 'method': 'si_der', 'n_epochs': 1, 'batch_size': 32, 'num_workers': 0, 'lr': 0.03, 'momentum': 0.9, 'weight_decay': 0.0001, 'fp16': True, 'buffer_size': 200, 'ewc_lambda': 100.0, 'fisher_samples': 200, 'si_lambda': 1.0, 'si_xi': 0.1, 'der_alpha': 0.5, 'xder_beta': 0.5, 'lwf_lambda': 1.0, 'lwf_temp': 2.0, 'icarl_distill_w': 1.0, 'icarl_temp': 2.0, 'use_nmc': True, 'agem_mem_batch': 64, 'distill_lambda': 1.0, 'distill_temp': 2.0, 'pc_distill_w': 1.0, 'pc_ewc_lambda': 100.0, 'pc_compress_epochs': 3, 'er_replay_ratio': 0.5, 'joint_replay_epochs': 1, 'disable_tqdm': True, 'disable_checkpoints': False, 'disable_plots': False, 'resume': True, 'cleanup_checkpoints_on_success': True, 'result_group': 'runs', 'ablation_family': None, 'seeds': [42, 123, 456, 789, 1024], 'results_root': 'F:\\Temp\\cf\\Catastrophic Forgetting\\research_v2\\results', 'seed': 42, 'run_name': 'split_cifar100_si_der_seed42', 'project_root': 'F:\\Temp\\cf\\Catastrophic Forgetting\\research_v2\\Project', 'workspace_root': 'F:\\Temp\\cf\\Catastrophic Forgetting\\research_v2', 'run_root': 'F:\\Temp\\cf\\Catastrophic Forgetting\\research_v2\\results\\runs\\epoch_1\\split_cifar100\\hybrids\\si_der\\seed_42', 'log_dir': 'F:\\Temp\\cf\\Catastrophic Forgetting\\research_v2\\results\\runs\\epoch_1\\split_cifar100\\hybrids\\si_der\\seed_42\\logs', 'metrics_dir': 'F:\\Temp\\cf\\Catastrophic Forgetting\\research_v2\\results\\runs\\epoch_1\\split_cifar100\\hybrids\\si_der\\seed_42\\metrics', 'checkpoint_dir': 'F:\\Temp\\cf\\Catastrophic Forgetting\\research_v2\\results\\runs\\epoch_1\\split_cifar100\\hybrids\\si_der\\seed_42\\checkpoints', 'artifact_dir': 'F:\\Temp\\cf\\Catastrophic Forgetting\\research_v2\\results\\runs\\epoch_1\\split_cifar100\\hybrids\\si_der\\seed_42\\artifacts', 'figure_dir': 'F:\\Temp\\cf\\Catastrophic Forgetting\\research_v2\\results\\figures\\epoch_1\\split_cifar100\\hybrids\\si_der\\seed_42'}
[04:28:51] Device: cuda
[04:28:53] Dataset: SplitCIFAR100(tasks=20, classes_per_task=5, scenario=class-il)
[04:28:53] 
============================================================
 Task 1/20  | Classes (0, 5)
============================================================
[04:28:53] Task 0 baseline (chance): 20.00%
[04:29:00] task=0  epoch=0  train_loss=1.7349
[04:29:00] task=0  epoch=END  time_sec=7.3  acc_task0=39.4
[04:29:01] 
============================================================
 Task 2/20  | Classes (5, 10)
============================================================
[04:29:01] Task 1 baseline (chance): 10.00%
[04:29:01] Task 1 zero-shot (pre-train): 0.20%
[04:29:09] task=1  epoch=0  train_loss=1.9321
[04:29:09] task=1  epoch=END  time_sec=8.0  acc_task0=0.0  acc_task1=46.4
[04:29:09] 
============================================================
 Task 3/20  | Classes (10, 15)
============================================================
[04:29:09] Task 2 baseline (chance): 6.67%
[04:29:09] Task 2 zero-shot (pre-train): 0.00%
[04:29:17] task=2  epoch=0  train_loss=2.3368
[04:29:18] task=2  epoch=END  time_sec=7.8  acc_task0=0.0  acc_task1=0.0  acc_task2=41.0
[04:29:18] 
============================================================
 Task 4/20  | Classes (15, 20)
============================================================
[04:29:18] Task 3 baseline (chance): 5.00%
[04:29:18] Task 3 zero-shot (pre-train): 0.00%
[04:29:26] task=3  epoch=0  train_loss=2.9675
[04:29:26] task=3  epoch=END  time_sec=7.6  acc_task0=0.0  acc_task1=0.0  acc_task2=0.0  acc_task3=38.0
[04:29:27] 
============================================================
 Task 5/20  | Classes (20, 25)
============================================================
[04:29:27] Task 4 baseline (chance): 4.00%
[04:29:27] Task 4 zero-shot (pre-train): 0.00%
[04:29:35] task=4  epoch=0  train_loss=3.2404
[04:29:36] task=4  epoch=END  time_sec=8.0  acc_task0=0.0  acc_task1=0.0  acc_task2=0.0  acc_task3=0.0  acc_task4=48.8
[04:29:36] 
============================================================
 Task 6/20  | Classes (25, 30)
============================================================
[04:29:36] Task 5 baseline (chance): 3.33%
[04:29:36] Task 5 zero-shot (pre-train): 0.00%
[04:29:45] task=5  epoch=0  train_loss=3.7992
[04:29:46] task=5  epoch=END  time_sec=8.6  acc_task0=0.0  acc_task1=0.0  acc_task2=0.0  acc_task3=0.0  acc_task4=0.0  acc_task5=23.2
[04:29:46] 
============================================================
 Task 7/20  | Classes (30, 35)
============================================================
[04:29:46] Task 6 baseline (chance): 2.86%
[04:29:46] Task 6 zero-shot (pre-train): 0.00%
[04:29:55] task=6  epoch=0  train_loss=4.208
[04:29:56] task=6  epoch=END  time_sec=8.2  acc_task0=0.0  acc_task1=0.0  acc_task2=0.0  acc_task3=0.0  acc_task4=0.0  acc_task5=0.0  acc_task6=35.6
[04:29:56] 
============================================================
 Task 8/20  | Classes (35, 40)
============================================================
[04:29:56] Task 7 baseline (chance): 2.50%
[04:29:56] Task 7 zero-shot (pre-train): 0.00%
[04:30:05] task=7  epoch=0  train_loss=4.3657
[04:30:06] task=7  epoch=END  time_sec=8.3  acc_task0=0.0  acc_task1=0.0  acc_task2=0.0  acc_task3=0.0  acc_task4=0.0  acc_task5=0.0  acc_task6=0.0  acc_task7=35.2
[04:30:06] 
============================================================
 Task 9/20  | Classes (40, 45)
============================================================
[04:30:07] Task 8 baseline (chance): 2.22%
[04:30:07] Task 8 zero-shot (pre-train): 0.00%
[04:30:15] task=8  epoch=0  train_loss=4.9122
[04:30:17] task=8  epoch=END  time_sec=8.5  acc_task0=0.0  acc_task1=0.0  acc_task2=0.0  acc_task3=0.0  acc_task4=0.0  acc_task5=0.0  acc_task6=0.0  acc_task7=0.0  acc_task8=30.8
[04:30:17] 
============================================================
 Task 10/20  | Classes (45, 50)
============================================================
[04:30:17] Task 9 baseline (chance): 2.00%
[04:30:17] Task 9 zero-shot (pre-train): 0.00%
[04:30:26] task=9  epoch=0  train_loss=5.1929
[04:30:27] task=9  epoch=END  time_sec=8.3  acc_task0=0.0  acc_task1=0.0  acc_task2=0.0  acc_task3=0.0  acc_task4=0.0  acc_task5=0.0  acc_task6=0.0  acc_task7=0.0  acc_task8=0.0  acc_task9=34.2
[04:30:28] 
============================================================
 Task 11/20  | Classes (50, 55)
============================================================
[04:30:28] Task 10 baseline (chance): 1.82%
[04:30:28] Task 10 zero-shot (pre-train): 0.00%
[04:30:36] task=10  epoch=0  train_loss=5.5869
[04:30:38] task=10  epoch=END  time_sec=8.5  acc_task0=0.0  acc_task1=0.0  acc_task2=0.0  acc_task3=0.0  acc_task4=0.0  acc_task5=0.0  acc_task6=0.0  acc_task7=0.0  acc_task8=0.0  acc_task9=0.0  acc_task10=50.6
[04:30:39] 
============================================================
 Task 12/20  | Classes (55, 60)
============================================================
[04:30:39] Task 11 baseline (chance): 1.67%
[04:30:39] Task 11 zero-shot (pre-train): 0.00%
[04:30:47] task=11  epoch=0  train_loss=6.4102
[04:30:49] task=11  epoch=END  time_sec=7.9  acc_task0=0.0  acc_task1=0.0  acc_task2=0.0  acc_task3=0.0  acc_task4=0.0  acc_task5=0.0  acc_task6=0.0  acc_task7=0.0  acc_task8=0.0  acc_task9=0.0  acc_task10=0.0  acc_task11=36.2
[04:30:49] 
============================================================
 Task 13/20  | Classes (60, 65)
============================================================
[04:30:49] Task 12 baseline (chance): 1.54%
[04:30:49] Task 12 zero-shot (pre-train): 0.00%
[04:30:58] task=12  epoch=0  train_loss=6.1279
[04:31:00] task=12  epoch=END  time_sec=8.6  acc_task0=0.0  acc_task1=0.0  acc_task2=0.0  acc_task3=0.0  acc_task4=0.0  acc_task5=0.0  acc_task6=0.0  acc_task7=0.0  acc_task8=0.0  acc_task9=0.0  acc_task10=0.0  acc_task11=0.0  acc_task12=54.8
[04:31:00] 
============================================================
 Task 14/20  | Classes (65, 70)
============================================================
[04:31:00] Task 13 baseline (chance): 1.43%
[04:31:01] Task 13 zero-shot (pre-train): 0.00%
[04:31:09] task=13  epoch=0  train_loss=6.3259
[04:31:12] task=13  epoch=END  time_sec=8.5  acc_task0=0.0  acc_task1=0.0  acc_task2=0.0  acc_task3=0.0  acc_task4=0.0  acc_task5=0.0  acc_task6=0.0  acc_task7=0.0  acc_task8=0.0  acc_task9=0.0  acc_task10=0.0  acc_task11=0.0  acc_task12=0.0  acc_task13=46.2
[04:31:12] 
============================================================
 Task 15/20  | Classes (70, 75)
============================================================
[04:31:12] Task 14 baseline (chance): 1.33%
[04:31:12] Task 14 zero-shot (pre-train): 0.00%
[04:31:21] task=14  epoch=0  train_loss=6.2165
[04:31:25] task=14  epoch=END  time_sec=8.6  acc_task0=0.0  acc_task1=0.0  acc_task2=0.0  acc_task3=0.0  acc_task4=0.0  acc_task5=0.0  acc_task6=0.0  acc_task7=0.0  acc_task8=0.0  acc_task9=0.0  acc_task10=0.0  acc_task11=0.0  acc_task12=0.0  acc_task13=0.0  acc_task14=55.8
[04:31:25] 
============================================================
 Task 16/20  | Classes (75, 80)
============================================================
[04:31:25] Task 15 baseline (chance): 1.25%
[04:31:25] Task 15 zero-shot (pre-train): 0.00%
[04:31:37] task=15  epoch=0  train_loss=6.314
[04:31:41] task=15  epoch=END  time_sec=12.2  acc_task0=0.0  acc_task1=0.0  acc_task2=0.0  acc_task3=0.0  acc_task4=0.0  acc_task5=0.0  acc_task6=0.0  acc_task7=0.0  acc_task8=0.0  acc_task9=0.0  acc_task10=0.0  acc_task11=0.0  acc_task12=0.0  acc_task13=0.0  acc_task14=0.0  acc_task15=34.4
[04:31:42] 
============================================================
 Task 17/20  | Classes (80, 85)
============================================================
[04:31:42] Task 16 baseline (chance): 1.18%
[04:31:42] Task 16 zero-shot (pre-train): 0.00%
[04:31:55] task=16  epoch=0  train_loss=6.4457
[04:32:00] task=16  epoch=END  time_sec=13.5  acc_task0=0.0  acc_task1=0.0  acc_task2=0.0  acc_task3=0.0  acc_task4=0.0  acc_task5=0.0  acc_task6=0.0  acc_task7=0.0  acc_task8=0.0  acc_task9=0.0  acc_task10=0.0  acc_task11=0.0  acc_task12=0.0  acc_task13=0.0  acc_task14=0.0  acc_task15=0.0  acc_task16=46.8
[04:32:00] 
============================================================
 Task 18/20  | Classes (85, 90)
============================================================
[04:32:00] Task 17 baseline (chance): 1.11%
[04:32:01] Task 17 zero-shot (pre-train): 0.00%
[04:32:13] task=17  epoch=0  train_loss=6.3172
[04:32:17] task=17  epoch=END  time_sec=11.9  acc_task0=0.0  acc_task1=0.0  acc_task2=0.0  acc_task3=0.0  acc_task4=0.0  acc_task5=0.0  acc_task6=0.0  acc_task7=0.0  acc_task8=0.0  acc_task9=0.0  acc_task10=0.0  acc_task11=0.0  acc_task12=0.0  acc_task13=0.0  acc_task14=0.0  acc_task15=0.0  acc_task16=0.0  acc_task17=43.4
[04:32:17] 
============================================================
 Task 19/20  | Classes (90, 95)
============================================================
[04:32:17] Task 18 baseline (chance): 1.05%
[04:32:18] Task 18 zero-shot (pre-train): 0.00%
[04:32:29] task=18  epoch=0  train_loss=6.3111
[04:32:33] task=18  epoch=END  time_sec=11.1  acc_task0=0.0  acc_task1=0.0  acc_task2=0.0  acc_task3=0.0  acc_task4=0.0  acc_task5=0.0  acc_task6=0.0  acc_task7=0.0  acc_task8=0.0  acc_task9=0.0  acc_task10=0.0  acc_task11=0.0  acc_task12=0.0  acc_task13=0.0  acc_task14=0.0  acc_task15=0.0  acc_task16=0.0  acc_task17=0.0  acc_task18=60.2
[04:32:34] 
============================================================
 Task 20/20  | Classes (95, 100)
============================================================
[04:32:34] Task 19 baseline (chance): 1.00%
[04:32:34] Task 19 zero-shot (pre-train): 0.00%
[04:32:44] task=19  epoch=0  train_loss=6.7795
[04:32:48] task=19  epoch=END  time_sec=10.0  acc_task0=0.0  acc_task1=0.0  acc_task2=0.0  acc_task3=0.0  acc_task4=0.0  acc_task5=0.0  acc_task6=0.0  acc_task7=0.0  acc_task8=0.0  acc_task9=0.0  acc_task10=0.0  acc_task11=0.0  acc_task12=0.0  acc_task13=0.0  acc_task14=0.0  acc_task15=0.0  acc_task16=0.0  acc_task17=0.0  acc_task18=0.0  acc_task19=55.2
[04:32:48] 
Final Metrics:
  avg_accuracy         +2.7600
  forgetting           +42.1579
  backward_transfer    -42.1579
  forward_transfer     -2.7239
[04:32:51] 
Done - run: split_cifar100_si_der_seed42
[04:32:51] Metrics: {'avg_accuracy': 2.76, 'forgetting': 42.1579, 'backward_transfer': -42.1579, 'forward_transfer': -2.7239}
[04:32:51] Deleted 20 checkpoint(s) after successful completion.
