[18:13:47] Starting: split_cifar10_er_ewc_seed1024
[18:13:47] Config: {'dataset': 'split_cifar10', 'data_root': 'Project/data_local', 'model': 'slim_resnet18', 'pretrained': False, 'method': 'er_ewc', 'n_epochs': 1, 'batch_size': 32, 'num_workers': 0, 'lr': 0.03, 'momentum': 0.9, 'weight_decay': 0.0001, 'fp16': False, 'buffer_size': 200, 'ewc_lambda': 100.0, 'fisher_samples': 200, 'si_lambda': 1.0, 'si_xi': 0.1, 'der_alpha': 0.5, 'xder_beta': 0.5, 'lwf_lambda': 1.0, 'lwf_temp': 2.0, 'icarl_distill_w': 1.0, 'icarl_temp': 2.0, 'use_nmc': True, 'agem_mem_batch': 64, 'distill_lambda': 1.0, 'distill_temp': 2.0, 'pc_distill_w': 1.0, 'pc_ewc_lambda': 100.0, 'pc_compress_epochs': 3, 'er_replay_ratio': 0.5, 'joint_replay_epochs': 1, 'disable_tqdm': True, 'disable_checkpoints': True, 'disable_plots': False, 'seeds': [42, 123, 456, 789, 1024], 'results_root': 'results_phase3_fwt', 'checkpoint_dir': 'results/checkpoints', 'figure_dir': 'results_phase3_fwt/figures', 'log_dir': 'results_phase3_fwt/raw', 'run_name': 'split_cifar10_er_ewc_seed1024', 'seed': 1024}
[18:13:47] Device: cuda
[18:13:49] Dataset: SplitCIFAR10(tasks=5, classes_per_task=2, scenario=class-il)
[18:13:49] 
============================================================
 Task 1/5  | Classes (0, 2)
============================================================
[18:13:49] Task 0 baseline (chance): 50.00%
[18:14:01] task=0  epoch=0  train_loss=0.377
[18:14:02] task=0  epoch=END  time_sec=12.4  acc_task0=84.9
[18:14:02] 
============================================================
 Task 2/5  | Classes (2, 4)
============================================================
[18:14:02] Task 1 baseline (chance): 25.00%
[18:14:03] Task 1 zero-shot (pre-train): 0.00%
[18:14:22] task=1  epoch=0  train_loss=0.6564
[18:14:24] task=1  epoch=END  time_sec=19.5  acc_task0=62.7  acc_task1=67.7
[18:14:24] 
============================================================
 Task 3/5  | Classes (4, 6)
============================================================
[18:14:24] Task 2 baseline (chance): 16.67%
[18:14:25] Task 2 zero-shot (pre-train): 0.00%
[18:14:53] task=2  epoch=0  train_loss=0.6403
[18:14:56] task=2  epoch=END  time_sec=28.0  acc_task0=32.45  acc_task1=5.75  acc_task2=80.95
[18:14:56] 
============================================================
 Task 4/5  | Classes (6, 8)
============================================================
[18:14:56] Task 3 baseline (chance): 12.50%
[18:14:56] Task 3 zero-shot (pre-train): 0.00%
[18:15:32] task=3  epoch=0  train_loss=0.4743
[18:15:36] task=3  epoch=END  time_sec=35.9  acc_task0=35.3  acc_task1=0.75  acc_task2=2.5  acc_task3=94.0
[18:15:36] 
============================================================
 Task 5/5  | Classes (8, 10)
============================================================
[18:15:36] Task 4 baseline (chance): 10.00%
[18:15:37] Task 4 zero-shot (pre-train): 0.00%
[18:16:20] task=4  epoch=0  train_loss=0.4413
[18:16:25] task=4  epoch=END  time_sec=43.3  acc_task0=6.9  acc_task1=3.0  acc_task2=3.05  acc_task3=29.0  acc_task4=90.9
[18:16:25] 
Final Metrics:
  avg_accuracy         +26.5700
  forgetting           +71.4000
  backward_transfer    -71.4000
  forward_transfer     -16.0417
[18:16:25] 
Done - run: split_cifar10_er_ewc_seed1024
[18:16:25] Metrics: {'avg_accuracy': 26.57, 'forgetting': 71.4, 'backward_transfer': -71.4, 'forward_transfer': -16.0417}
