[18:05:55] Starting: split_cifar10_er_ewc_seed123
[18:05:55] Config: {'dataset': 'split_cifar10', 'data_root': 'Project/data_local', 'model': 'slim_resnet18', 'pretrained': False, 'method': 'er_ewc', 'n_epochs': 1, 'batch_size': 32, 'num_workers': 0, 'lr': 0.03, 'momentum': 0.9, 'weight_decay': 0.0001, 'fp16': False, 'buffer_size': 200, 'ewc_lambda': 100.0, 'fisher_samples': 200, 'si_lambda': 1.0, 'si_xi': 0.1, 'der_alpha': 0.5, 'xder_beta': 0.5, 'lwf_lambda': 1.0, 'lwf_temp': 2.0, 'icarl_distill_w': 1.0, 'icarl_temp': 2.0, 'use_nmc': True, 'agem_mem_batch': 64, 'distill_lambda': 1.0, 'distill_temp': 2.0, 'pc_distill_w': 1.0, 'pc_ewc_lambda': 100.0, 'pc_compress_epochs': 3, 'er_replay_ratio': 0.5, 'joint_replay_epochs': 1, 'disable_tqdm': True, 'disable_checkpoints': True, 'disable_plots': False, 'seeds': [42, 123, 456, 789, 1024], 'results_root': 'results_phase3_fwt', 'checkpoint_dir': 'results/checkpoints', 'figure_dir': 'results_phase3_fwt/figures', 'log_dir': 'results_phase3_fwt/raw', 'run_name': 'split_cifar10_er_ewc_seed123', 'seed': 123}
[18:05:55] Device: cuda
[18:05:57] Dataset: SplitCIFAR10(tasks=5, classes_per_task=2, scenario=class-il)
[18:05:57] 
============================================================
 Task 1/5  | Classes (0, 2)
============================================================
[18:05:57] Task 0 baseline (chance): 50.00%
[18:06:09] task=0  epoch=0  train_loss=0.4347
[18:06:10] task=0  epoch=END  time_sec=12.4  acc_task0=86.75
[18:06:10] 
============================================================
 Task 2/5  | Classes (2, 4)
============================================================
[18:06:10] Task 1 baseline (chance): 25.00%
[18:06:11] Task 1 zero-shot (pre-train): 3.45%
[18:06:31] task=1  epoch=0  train_loss=0.6454
[18:06:33] task=1  epoch=END  time_sec=19.6  acc_task0=57.95  acc_task1=69.25
[18:06:33] 
============================================================
 Task 3/5  | Classes (4, 6)
============================================================
[18:06:33] Task 2 baseline (chance): 16.67%
[18:06:33] Task 2 zero-shot (pre-train): 0.00%
[18:07:01] task=2  epoch=0  train_loss=0.7327
[18:07:03] task=2  epoch=END  time_sec=27.4  acc_task0=27.4  acc_task1=4.35  acc_task2=78.05
[18:07:03] 
============================================================
 Task 4/5  | Classes (6, 8)
============================================================
[18:07:03] Task 3 baseline (chance): 12.50%
[18:07:04] Task 3 zero-shot (pre-train): 0.00%
[18:07:41] task=3  epoch=0  train_loss=0.5155
[18:07:44] task=3  epoch=END  time_sec=36.3  acc_task0=28.15  acc_task1=1.75  acc_task2=1.0  acc_task3=88.85
[18:07:44] 
============================================================
 Task 5/5  | Classes (8, 10)
============================================================
[18:07:44] Task 4 baseline (chance): 10.00%
[18:07:45] Task 4 zero-shot (pre-train): 0.00%
[18:08:28] task=4  epoch=0  train_loss=0.4635
[18:08:32] task=4  epoch=END  time_sec=42.7  acc_task0=8.95  acc_task1=2.95  acc_task2=10.55  acc_task3=31.75  acc_task4=83.4
[18:08:32] 
Final Metrics:
  avg_accuracy         +27.5200
  forgetting           +67.1750
  backward_transfer    -67.1750
  forward_transfer     -15.1792
[18:08:32] 
Done - run: split_cifar10_er_ewc_seed123
[18:08:32] Metrics: {'avg_accuracy': 27.52, 'forgetting': 67.175, 'backward_transfer': -67.175, 'forward_transfer': -15.1792}
