[18:08:32] Starting: split_cifar10_er_ewc_seed456
[18:08:32] Config: {'dataset': 'split_cifar10', 'data_root': 'Project/data_local', 'model': 'slim_resnet18', 'pretrained': False, 'method': 'er_ewc', 'n_epochs': 1, 'batch_size': 32, 'num_workers': 0, 'lr': 0.03, 'momentum': 0.9, 'weight_decay': 0.0001, 'fp16': False, 'buffer_size': 200, 'ewc_lambda': 100.0, 'fisher_samples': 200, 'si_lambda': 1.0, 'si_xi': 0.1, 'der_alpha': 0.5, 'xder_beta': 0.5, 'lwf_lambda': 1.0, 'lwf_temp': 2.0, 'icarl_distill_w': 1.0, 'icarl_temp': 2.0, 'use_nmc': True, 'agem_mem_batch': 64, 'distill_lambda': 1.0, 'distill_temp': 2.0, 'pc_distill_w': 1.0, 'pc_ewc_lambda': 100.0, 'pc_compress_epochs': 3, 'er_replay_ratio': 0.5, 'joint_replay_epochs': 1, 'disable_tqdm': True, 'disable_checkpoints': True, 'disable_plots': False, 'seeds': [42, 123, 456, 789, 1024], 'results_root': 'results_phase3_fwt', 'checkpoint_dir': 'results/checkpoints', 'figure_dir': 'results_phase3_fwt/figures', 'log_dir': 'results_phase3_fwt/raw', 'run_name': 'split_cifar10_er_ewc_seed456', 'seed': 456}
[18:08:32] Device: cuda
[18:08:34] Dataset: SplitCIFAR10(tasks=5, classes_per_task=2, scenario=class-il)
[18:08:34] 
============================================================
 Task 1/5  | Classes (0, 2)
============================================================
[18:08:34] Task 0 baseline (chance): 50.00%
[18:08:46] task=0  epoch=0  train_loss=0.3887
[18:08:47] task=0  epoch=END  time_sec=12.4  acc_task0=90.1
[18:08:47] 
============================================================
 Task 2/5  | Classes (2, 4)
============================================================
[18:08:47] Task 1 baseline (chance): 25.00%
[18:08:48] Task 1 zero-shot (pre-train): 0.25%
[18:09:08] task=1  epoch=0  train_loss=0.6632
[18:09:10] task=1  epoch=END  time_sec=19.8  acc_task0=64.0  acc_task1=71.9
[18:09:10] 
============================================================
 Task 3/5  | Classes (4, 6)
============================================================
[18:09:10] Task 2 baseline (chance): 16.67%
[18:09:11] Task 2 zero-shot (pre-train): 0.05%
[18:09:38] task=2  epoch=0  train_loss=0.6208
[18:09:41] task=2  epoch=END  time_sec=27.5  acc_task0=19.25  acc_task1=2.95  acc_task2=78.4
[18:09:41] 
============================================================
 Task 4/5  | Classes (6, 8)
============================================================
[18:09:41] Task 3 baseline (chance): 12.50%
[18:09:42] Task 3 zero-shot (pre-train): 0.00%
[18:10:18] task=3  epoch=0  train_loss=0.5309
[18:10:21] task=3  epoch=END  time_sec=36.1  acc_task0=22.15  acc_task1=0.1  acc_task2=4.95  acc_task3=89.9
[18:10:21] 
============================================================
 Task 5/5  | Classes (8, 10)
============================================================
[18:10:21] Task 4 baseline (chance): 10.00%
[18:10:22] Task 4 zero-shot (pre-train): 0.00%
[18:11:05] task=4  epoch=0  train_loss=0.5022
[18:11:10] task=4  epoch=END  time_sec=43.0  acc_task0=1.0  acc_task1=4.1  acc_task2=7.7  acc_task3=26.6  acc_task4=91.75
[18:11:10] 
Final Metrics:
  avg_accuracy         +26.2300
  forgetting           +72.7250
  backward_transfer    -72.7250
  forward_transfer     -15.9667
[18:11:10] 
Done - run: split_cifar10_er_ewc_seed456
[18:11:10] Metrics: {'avg_accuracy': 26.23, 'forgetting': 72.725, 'backward_transfer': -72.725, 'forward_transfer': -15.9667}
