[18:03:18] Starting: split_cifar10_er_ewc_seed42
[18:03:18] Config: {'dataset': 'split_cifar10', 'data_root': 'Project/data_local', 'model': 'slim_resnet18', 'pretrained': False, 'method': 'er_ewc', 'n_epochs': 1, 'batch_size': 32, 'num_workers': 0, 'lr': 0.03, 'momentum': 0.9, 'weight_decay': 0.0001, 'fp16': False, 'buffer_size': 200, 'ewc_lambda': 100.0, 'fisher_samples': 200, 'si_lambda': 1.0, 'si_xi': 0.1, 'der_alpha': 0.5, 'xder_beta': 0.5, 'lwf_lambda': 1.0, 'lwf_temp': 2.0, 'icarl_distill_w': 1.0, 'icarl_temp': 2.0, 'use_nmc': True, 'agem_mem_batch': 64, 'distill_lambda': 1.0, 'distill_temp': 2.0, 'pc_distill_w': 1.0, 'pc_ewc_lambda': 100.0, 'pc_compress_epochs': 3, 'er_replay_ratio': 0.5, 'joint_replay_epochs': 1, 'disable_tqdm': True, 'disable_checkpoints': True, 'disable_plots': False, 'seeds': [42, 123, 456, 789, 1024], 'results_root': 'results_phase3_fwt', 'checkpoint_dir': 'results/checkpoints', 'figure_dir': 'results_phase3_fwt/figures', 'log_dir': 'results_phase3_fwt/raw', 'run_name': 'split_cifar10_er_ewc_seed42', 'seed': 42}
[18:03:18] Device: cuda
[18:03:20] Dataset: SplitCIFAR10(tasks=5, classes_per_task=2, scenario=class-il)
[18:03:20] 
============================================================
 Task 1/5  | Classes (0, 2)
============================================================
[18:03:20] Task 0 baseline (chance): 50.00%
[18:03:32] task=0  epoch=0  train_loss=0.4102
[18:03:34] task=0  epoch=END  time_sec=12.6  acc_task0=86.6
[18:03:34] 
============================================================
 Task 2/5  | Classes (2, 4)
============================================================
[18:03:34] Task 1 baseline (chance): 25.00%
[18:03:34] Task 1 zero-shot (pre-train): 0.65%
[18:03:54] task=1  epoch=0  train_loss=0.6825
[18:03:56] task=1  epoch=END  time_sec=19.4  acc_task0=24.3  acc_task1=72.95
[18:03:56] 
============================================================
 Task 3/5  | Classes (4, 6)
============================================================
[18:03:56] Task 2 baseline (chance): 16.67%
[18:03:57] Task 2 zero-shot (pre-train): 0.00%
[18:04:24] task=2  epoch=0  train_loss=0.7145
[18:04:27] task=2  epoch=END  time_sec=27.4  acc_task0=51.05  acc_task1=3.2  acc_task2=75.35
[18:04:27] 
============================================================
 Task 4/5  | Classes (6, 8)
============================================================
[18:04:27] Task 3 baseline (chance): 12.50%
[18:04:27] Task 3 zero-shot (pre-train): 0.00%
[18:05:03] task=3  epoch=0  train_loss=0.5151
[18:05:07] task=3  epoch=END  time_sec=35.9  acc_task0=31.55  acc_task1=1.0  acc_task2=2.5  acc_task3=91.7
[18:05:07] 
============================================================
 Task 5/5  | Classes (8, 10)
============================================================
[18:05:07] Task 4 baseline (chance): 10.00%
[18:05:08] Task 4 zero-shot (pre-train): 0.00%
[18:05:50] task=4  epoch=0  train_loss=0.5334
[18:05:55] task=4  epoch=END  time_sec=42.9  acc_task0=2.55  acc_task1=5.6  acc_task2=8.1  acc_task3=36.35  acc_task4=89.85
[18:05:55] 
Final Metrics:
  avg_accuracy         +28.4900
  forgetting           +68.5000
  backward_transfer    -68.5000
  forward_transfer     -15.8792
[18:05:55] 
Done - run: split_cifar10_er_ewc_seed42
[18:05:55] Metrics: {'avg_accuracy': 28.49, 'forgetting': 68.5, 'backward_transfer': -68.5, 'forward_transfer': -15.8792}
