[03:17:16] Starting: split_cifar100_joint_training_seed456
[03:17:16] Config: {'dataset': 'split_cifar100', 'data_root': 'F:\\Temp\\cf\\Catastrophic Forgetting\\research_v2\\Project\\data_local', 'dataset_image_size': None, 'dataset_out_channels': None, 'model': 'slim_resnet18', 'pretrained': False, 'model_image_size': None, 'method': 'joint_training', 'n_epochs': 1, 'batch_size': 32, 'num_workers': 0, 'lr': 0.03, 'momentum': 0.9, 'weight_decay': 0.0001, 'fp16': True, 'buffer_size': 200, 'ewc_lambda': 100.0, 'fisher_samples': 200, 'si_lambda': 1.0, 'si_xi': 0.1, 'der_alpha': 0.5, 'xder_beta': 0.5, 'lwf_lambda': 1.0, 'lwf_temp': 2.0, 'icarl_distill_w': 1.0, 'icarl_temp': 2.0, 'use_nmc': True, 'agem_mem_batch': 64, 'distill_lambda': 1.0, 'distill_temp': 2.0, 'pc_distill_w': 1.0, 'pc_ewc_lambda': 100.0, 'pc_compress_epochs': 3, 'er_replay_ratio': 0.5, 'joint_replay_epochs': 1, 'disable_tqdm': True, 'disable_checkpoints': False, 'disable_plots': False, 'resume': True, 'cleanup_checkpoints_on_success': True, 'result_group': 'runs', 'ablation_family': None, 'seeds': [42, 123, 456, 789, 1024], 'results_root': 'F:\\Temp\\cf\\Catastrophic Forgetting\\research_v2\\results', 'seed': 456, 'run_name': 'split_cifar100_joint_training_seed456', 'project_root': 'F:\\Temp\\cf\\Catastrophic Forgetting\\research_v2\\Project', 'workspace_root': 'F:\\Temp\\cf\\Catastrophic Forgetting\\research_v2', 'run_root': 'F:\\Temp\\cf\\Catastrophic Forgetting\\research_v2\\results\\runs\\epoch_1\\split_cifar100\\baselines\\joint_training\\seed_456', 'log_dir': 'F:\\Temp\\cf\\Catastrophic Forgetting\\research_v2\\results\\runs\\epoch_1\\split_cifar100\\baselines\\joint_training\\seed_456\\logs', 'metrics_dir': 'F:\\Temp\\cf\\Catastrophic Forgetting\\research_v2\\results\\runs\\epoch_1\\split_cifar100\\baselines\\joint_training\\seed_456\\metrics', 'checkpoint_dir': 'F:\\Temp\\cf\\Catastrophic Forgetting\\research_v2\\results\\runs\\epoch_1\\split_cifar100\\baselines\\joint_training\\seed_456\\checkpoints', 'artifact_dir': 'F:\\Temp\\cf\\Catastrophic Forgetting\\research_v2\\results\\runs\\epoch_1\\split_cifar100\\baselines\\joint_training\\seed_456\\artifacts', 'figure_dir': 'F:\\Temp\\cf\\Catastrophic Forgetting\\research_v2\\results\\figures\\epoch_1\\split_cifar100\\baselines\\joint_training\\seed_456'}
[03:17:16] Device: cuda
[03:17:18] Dataset: SplitCIFAR100(tasks=20, classes_per_task=5, scenario=class-il)
[03:17:18] 
============================================================
 Task 1/20  | Classes (0, 5)
============================================================
[03:17:18] Task 0 baseline (chance): 20.00%
[03:17:21] task=0  epoch=0  train_loss=1.5424
[03:17:25] task=0  epoch=END  time_sec=3.3  acc_task0=55.6
[03:17:25] 
============================================================
 Task 2/20  | Classes (5, 10)
============================================================
[03:17:25] Task 1 baseline (chance): 10.00%
[03:17:25] Task 1 zero-shot (pre-train): 0.00%
[03:17:28] task=1  epoch=0  train_loss=1.6436
[03:17:33] task=1  epoch=END  time_sec=3.1  acc_task0=51.4  acc_task1=27.8
[03:17:33] 
============================================================
 Task 3/20  | Classes (10, 15)
============================================================
[03:17:33] Task 2 baseline (chance): 6.67%
[03:17:33] Task 2 zero-shot (pre-train): 0.00%
[03:17:36] task=2  epoch=0  train_loss=1.4902
[03:17:43] task=2  epoch=END  time_sec=3.2  acc_task0=49.0  acc_task1=21.4  acc_task2=16.8
[03:17:43] 
============================================================
 Task 4/20  | Classes (15, 20)
============================================================
[03:17:43] Task 3 baseline (chance): 5.00%
[03:17:43] Task 3 zero-shot (pre-train): 0.00%
[03:17:46] task=3  epoch=0  train_loss=1.5263
[03:17:54] task=3  epoch=END  time_sec=3.2  acc_task0=40.6  acc_task1=19.4  acc_task2=19.6  acc_task3=24.4
[03:17:54] 
============================================================
 Task 5/20  | Classes (20, 25)
============================================================
[03:17:54] Task 4 baseline (chance): 4.00%
[03:17:54] Task 4 zero-shot (pre-train): 0.00%
[03:17:58] task=4  epoch=0  train_loss=1.4132
[03:18:07] task=4  epoch=END  time_sec=3.1  acc_task0=46.8  acc_task1=29.2  acc_task2=19.0  acc_task3=23.6  acc_task4=40.2
[03:18:07] 
============================================================
 Task 6/20  | Classes (25, 30)
============================================================
[03:18:07] Task 5 baseline (chance): 3.33%
[03:18:07] Task 5 zero-shot (pre-train): 0.00%
[03:18:10] task=5  epoch=0  train_loss=1.6699
[03:18:22] task=5  epoch=END  time_sec=3.0  acc_task0=38.8  acc_task1=18.8  acc_task2=18.4  acc_task3=38.0  acc_task4=47.2  acc_task5=9.0
[03:18:22] 
============================================================
 Task 7/20  | Classes (30, 35)
============================================================
[03:18:22] Task 6 baseline (chance): 2.86%
[03:18:22] Task 6 zero-shot (pre-train): 0.00%
[03:18:25] task=6  epoch=0  train_loss=1.4996
[03:18:39] task=6  epoch=END  time_sec=3.1  acc_task0=42.0  acc_task1=22.8  acc_task2=25.6  acc_task3=35.2  acc_task4=46.8  acc_task5=11.6  acc_task6=24.4
[03:18:39] 
============================================================
 Task 8/20  | Classes (35, 40)
============================================================
[03:18:39] Task 7 baseline (chance): 2.50%
[03:18:39] Task 7 zero-shot (pre-train): 0.00%
[03:18:43] task=7  epoch=0  train_loss=1.4351
[03:18:58] task=7  epoch=END  time_sec=3.2  acc_task0=31.2  acc_task1=29.2  acc_task2=26.2  acc_task3=22.2  acc_task4=52.4  acc_task5=13.0  acc_task6=34.4  acc_task7=20.8
[03:18:58] 
============================================================
 Task 9/20  | Classes (40, 45)
============================================================
[03:18:58] Task 8 baseline (chance): 2.22%
[03:18:58] Task 8 zero-shot (pre-train): 0.00%
[03:19:01] task=8  epoch=0  train_loss=1.556
[03:19:17] task=8  epoch=END  time_sec=3.2  acc_task0=40.6  acc_task1=31.8  acc_task2=30.2  acc_task3=23.4  acc_task4=57.6  acc_task5=17.2  acc_task6=29.2  acc_task7=33.6  acc_task8=24.6
[03:19:17] 
============================================================
 Task 10/20  | Classes (45, 50)
============================================================
[03:19:17] Task 9 baseline (chance): 2.00%
[03:19:18] Task 9 zero-shot (pre-train): 0.00%
[03:19:21] task=9  epoch=0  train_loss=1.2313
[03:19:39] task=9  epoch=END  time_sec=3.0  acc_task0=33.6  acc_task1=28.2  acc_task2=28.2  acc_task3=35.0  acc_task4=56.6  acc_task5=24.6  acc_task6=42.2  acc_task7=30.8  acc_task8=34.4  acc_task9=37.6
[03:19:39] 
============================================================
 Task 11/20  | Classes (50, 55)
============================================================
[03:19:39] Task 10 baseline (chance): 1.82%
[03:19:39] Task 10 zero-shot (pre-train): 0.00%
[03:19:43] task=10  epoch=0  train_loss=1.2195
[03:20:03] task=10  epoch=END  time_sec=3.2  acc_task0=40.0  acc_task1=42.4  acc_task2=32.4  acc_task3=33.8  acc_task4=54.0  acc_task5=29.8  acc_task6=38.2  acc_task7=30.2  acc_task8=33.8  acc_task9=33.4  acc_task10=43.2
[03:20:03] 
============================================================
 Task 12/20  | Classes (55, 60)
============================================================
[03:20:03] Task 11 baseline (chance): 1.67%
[03:20:04] Task 11 zero-shot (pre-train): 0.00%
[03:20:07] task=11  epoch=0  train_loss=1.2604
[03:20:28] task=11  epoch=END  time_sec=3.1  acc_task0=35.2  acc_task1=34.4  acc_task2=33.6  acc_task3=47.6  acc_task4=65.2  acc_task5=36.8  acc_task6=47.8  acc_task7=33.4  acc_task8=41.6  acc_task9=40.0  acc_task10=42.2  acc_task11=22.6
[03:20:28] 
============================================================
 Task 13/20  | Classes (60, 65)
============================================================
[03:20:28] Task 12 baseline (chance): 1.54%
[03:20:28] Task 12 zero-shot (pre-train): 0.00%
[03:20:32] task=12  epoch=0  train_loss=1.182
[03:20:54] task=12  epoch=END  time_sec=3.1  acc_task0=33.8  acc_task1=42.2  acc_task2=35.2  acc_task3=48.8  acc_task4=69.2  acc_task5=37.2  acc_task6=50.2  acc_task7=46.8  acc_task8=45.8  acc_task9=44.4  acc_task10=36.2  acc_task11=40.0  acc_task12=38.4
[03:20:55] 
============================================================
 Task 14/20  | Classes (65, 70)
============================================================
[03:20:55] Task 13 baseline (chance): 1.43%
[03:20:55] Task 13 zero-shot (pre-train): 0.00%
[03:20:58] task=13  epoch=0  train_loss=1.2862
[03:21:26] task=13  epoch=END  time_sec=3.4  acc_task0=39.4  acc_task1=45.6  acc_task2=34.6  acc_task3=47.2  acc_task4=67.8  acc_task5=38.0  acc_task6=40.4  acc_task7=43.4  acc_task8=54.2  acc_task9=48.6  acc_task10=53.2  acc_task11=44.8  acc_task12=54.2  acc_task13=39.4
[03:21:26] 
============================================================
 Task 15/20  | Classes (70, 75)
============================================================
[03:21:26] Task 14 baseline (chance): 1.33%
[03:21:27] Task 14 zero-shot (pre-train): 0.00%
[03:21:31] task=14  epoch=0  train_loss=1.2605
[03:22:01] task=14  epoch=END  time_sec=4.8  acc_task0=49.0  acc_task1=47.0  acc_task2=34.2  acc_task3=55.2  acc_task4=66.2  acc_task5=35.2  acc_task6=50.2  acc_task7=36.8  acc_task8=34.4  acc_task9=49.0  acc_task10=53.4  acc_task11=53.8  acc_task12=45.8  acc_task13=46.0  acc_task14=27.4
[03:22:03] 
============================================================
 Task 16/20  | Classes (75, 80)
============================================================
[03:22:03] Task 15 baseline (chance): 1.25%
[03:22:03] Task 15 zero-shot (pre-train): 0.00%
[03:22:06] task=15  epoch=0  train_loss=1.3566
[03:22:36] task=15  epoch=END  time_sec=2.9  acc_task0=41.6  acc_task1=53.6  acc_task2=43.6  acc_task3=56.4  acc_task4=68.2  acc_task5=41.6  acc_task6=43.6  acc_task7=48.4  acc_task8=50.2  acc_task9=45.0  acc_task10=54.6  acc_task11=57.0  acc_task12=59.8  acc_task13=39.6  acc_task14=39.2  acc_task15=36.8
[03:22:37] 
============================================================
 Task 17/20  | Classes (80, 85)
============================================================
[03:22:37] Task 16 baseline (chance): 1.18%
[03:22:37] Task 16 zero-shot (pre-train): 0.00%
[03:22:40] task=16  epoch=0  train_loss=1.3988
[03:23:12] task=16  epoch=END  time_sec=3.2  acc_task0=39.2  acc_task1=55.8  acc_task2=35.4  acc_task3=50.8  acc_task4=61.6  acc_task5=44.0  acc_task6=57.0  acc_task7=50.0  acc_task8=54.2  acc_task9=46.6  acc_task10=60.2  acc_task11=47.6  acc_task12=51.8  acc_task13=46.4  acc_task14=37.8  acc_task15=50.2  acc_task16=40.0
[03:23:12] 
============================================================
 Task 18/20  | Classes (85, 90)
============================================================
[03:23:12] Task 17 baseline (chance): 1.11%
[03:23:13] Task 17 zero-shot (pre-train): 0.00%
[03:23:15] task=17  epoch=0  train_loss=1.3447
[03:23:46] task=17  epoch=END  time_sec=2.7  acc_task0=40.4  acc_task1=50.8  acc_task2=45.2  acc_task3=46.2  acc_task4=68.4  acc_task5=31.4  acc_task6=44.8  acc_task7=47.2  acc_task8=43.2  acc_task9=52.4  acc_task10=56.0  acc_task11=46.8  acc_task12=49.4  acc_task13=52.2  acc_task14=30.0  acc_task15=47.8  acc_task16=45.8  acc_task17=43.6
[03:23:47] 
============================================================
 Task 19/20  | Classes (90, 95)
============================================================
[03:23:47] Task 18 baseline (chance): 1.05%
[03:23:47] Task 18 zero-shot (pre-train): 0.00%
[03:23:51] task=18  epoch=0  train_loss=1.3856
[03:24:25] task=18  epoch=END  time_sec=3.4  acc_task0=43.8  acc_task1=53.8  acc_task2=41.2  acc_task3=50.6  acc_task4=64.6  acc_task5=37.6  acc_task6=45.2  acc_task7=43.2  acc_task8=52.6  acc_task9=55.0  acc_task10=55.8  acc_task11=53.6  acc_task12=51.6  acc_task13=55.6  acc_task14=34.4  acc_task15=49.4  acc_task16=37.4  acc_task17=56.2  acc_task18=47.6
[03:24:26] 
============================================================
 Task 20/20  | Classes (95, 100)
============================================================
[03:24:26] Task 19 baseline (chance): 1.00%
[03:24:26] Task 19 zero-shot (pre-train): 0.00%
[03:24:30] task=19  epoch=0  train_loss=1.2815
[03:25:06] task=19  epoch=END  time_sec=3.6  acc_task0=49.4  acc_task1=47.0  acc_task2=37.6  acc_task3=46.8  acc_task4=66.0  acc_task5=47.2  acc_task6=50.0  acc_task7=47.0  acc_task8=49.8  acc_task9=59.2  acc_task10=51.6  acc_task11=49.8  acc_task12=50.4  acc_task13=45.8  acc_task14=41.8  acc_task15=52.4  acc_task16=46.4  acc_task17=48.4  acc_task18=40.4  acc_task19=35.0
[03:25:07] 
Final Metrics:
  avg_accuracy         +48.1000
  forgetting           +5.2526
  backward_transfer    +16.1474
  forward_transfer     -2.7345
[03:25:08] 
Done - run: split_cifar100_joint_training_seed456
[03:25:08] Metrics: {'avg_accuracy': 48.1, 'forgetting': 5.2526, 'backward_transfer': 16.1474, 'forward_transfer': -2.7345}
[03:25:09] Deleted 20 checkpoint(s) after successful completion.
