[13:37:34] Starting: split_cifar10_si_der_nosi_seed123
[13:37:34] Config: {'dataset': 'split_cifar10', 'data_root': 'F:\\Temp\\cf\\Catastrophic Forgetting\\research_v2\\Project\\data_local', 'dataset_image_size': None, 'dataset_out_channels': None, 'model': 'slim_resnet18', 'pretrained': False, 'model_image_size': None, 'method': 'si_der', 'n_epochs': 1, 'batch_size': 32, 'num_workers': 0, 'lr': 0.03, 'momentum': 0.9, 'weight_decay': 0.0001, 'fp16': False, 'buffer_size': 200, 'ewc_lambda': 100.0, 'fisher_samples': 200, 'si_lambda': 0.0, 'si_xi': 0.1, 'der_alpha': 0.5, 'xder_beta': 0.5, 'lwf_lambda': 1.0, 'lwf_temp': 2.0, 'icarl_distill_w': 1.0, 'icarl_temp': 2.0, 'use_nmc': True, 'agem_mem_batch': 64, 'distill_lambda': 1.0, 'distill_temp': 2.0, 'pc_distill_w': 1.0, 'pc_ewc_lambda': 100.0, 'pc_compress_epochs': 3, 'er_replay_ratio': 0.5, 'joint_replay_epochs': 1, 'disable_tqdm': True, 'disable_checkpoints': False, 'disable_plots': False, 'resume': False, 'cleanup_checkpoints_on_success': True, 'result_group': 'ablations', 'ablation_family': 'interaction', 'seeds': [42, 123, 456], 'results_root': 'F:\\Temp\\cf\\Catastrophic Forgetting\\research_v2\\results', 'run_tag': 'nosi', 'seed': 123, 'run_name': 'split_cifar10_si_der_nosi_seed123', 'project_root': 'F:\\Temp\\cf\\Catastrophic Forgetting\\research_v2\\Project', 'workspace_root': 'F:\\Temp\\cf\\Catastrophic Forgetting\\research_v2', 'run_root': 'F:\\Temp\\cf\\Catastrophic Forgetting\\research_v2\\results\\ablations\\epoch_1\\split_cifar10\\interaction\\si_der__nosi\\seed_123', 'log_dir': 'F:\\Temp\\cf\\Catastrophic Forgetting\\research_v2\\results\\ablations\\epoch_1\\split_cifar10\\interaction\\si_der__nosi\\seed_123\\logs', 'metrics_dir': 'F:\\Temp\\cf\\Catastrophic Forgetting\\research_v2\\results\\ablations\\epoch_1\\split_cifar10\\interaction\\si_der__nosi\\seed_123\\metrics', 'checkpoint_dir': 'F:\\Temp\\cf\\Catastrophic Forgetting\\research_v2\\results\\ablations\\epoch_1\\split_cifar10\\interaction\\si_der__nosi\\seed_123\\checkpoints', 'artifact_dir': 'F:\\Temp\\cf\\Catastrophic Forgetting\\research_v2\\results\\ablations\\epoch_1\\split_cifar10\\interaction\\si_der__nosi\\seed_123\\artifacts', 'figure_dir': 'F:\\Temp\\cf\\Catastrophic Forgetting\\research_v2\\results\\figures\\ablations\\epoch_1\\split_cifar10\\interaction\\si_der__nosi\\seed_123'}
[13:37:34] Device: cuda
[13:37:36] Dataset: SplitCIFAR10(tasks=5, classes_per_task=2, scenario=class-il)
[13:37:36] 
============================================================
 Task 1/5  | Classes (0, 2)
============================================================
[13:37:36] Task 0 baseline (chance): 50.00%
[13:38:00] task=0  epoch=0  train_loss=0.9154
[13:38:01] task=0  epoch=END  time_sec=24.7  acc_task0=82.95
[13:38:01] 
============================================================
 Task 2/5  | Classes (2, 4)
============================================================
[13:38:01] Task 1 baseline (chance): 25.00%
[13:38:02] Task 1 zero-shot (pre-train): 0.00%
[13:38:31] task=1  epoch=0  train_loss=0.8214
[13:38:32] task=1  epoch=END  time_sec=28.9  acc_task0=0.0  acc_task1=72.85
[13:38:32] 
============================================================
 Task 3/5  | Classes (4, 6)
============================================================
[13:38:32] Task 2 baseline (chance): 16.67%
[13:38:32] Task 2 zero-shot (pre-train): 0.00%
[13:39:01] task=2  epoch=0  train_loss=0.8633
[13:39:03] task=2  epoch=END  time_sec=28.9  acc_task0=0.0  acc_task1=0.0  acc_task2=76.15
[13:39:03] 
============================================================
 Task 4/5  | Classes (6, 8)
============================================================
[13:39:03] Task 3 baseline (chance): 12.50%
[13:39:04] Task 3 zero-shot (pre-train): 0.00%
[13:39:33] task=3  epoch=0  train_loss=1.068
[13:39:35] task=3  epoch=END  time_sec=29.1  acc_task0=0.0  acc_task1=0.0  acc_task2=0.0  acc_task3=86.0
[13:39:36] 
============================================================
 Task 5/5  | Classes (8, 10)
============================================================
[13:39:36] Task 4 baseline (chance): 10.00%
[13:39:36] Task 4 zero-shot (pre-train): 0.00%
[13:40:05] task=4  epoch=0  train_loss=1.0837
[13:40:08] task=4  epoch=END  time_sec=29.1  acc_task0=0.0  acc_task1=0.0  acc_task2=0.0  acc_task3=0.0  acc_task4=85.55
[13:40:08] 
Final Metrics:
  avg_accuracy         +17.1100
  forgetting           +79.4875
  backward_transfer    -79.4875
  forward_transfer     -16.0417
[13:40:09] 
Done - run: split_cifar10_si_der_nosi_seed123
[13:40:09] Metrics: {'avg_accuracy': 17.11, 'forgetting': 79.4875, 'backward_transfer': -79.4875, 'forward_transfer': -16.0417}
[13:40:09] Deleted 5 checkpoint(s) after successful completion.
