[19:04:03] Starting: split_cifar10_si_der_seed123
[19:04:03] Config: {'dataset': 'split_cifar10', 'data_root': 'Project/data_local', 'model': 'slim_resnet18', 'pretrained': False, 'method': 'si_der', 'n_epochs': 1, 'batch_size': 32, 'num_workers': 0, 'lr': 0.03, 'momentum': 0.9, 'weight_decay': 0.0001, 'fp16': False, 'buffer_size': 200, 'ewc_lambda': 100.0, 'fisher_samples': 200, 'si_lambda': 1.0, 'si_xi': 0.1, 'der_alpha': 0.5, 'xder_beta': 0.5, 'lwf_lambda': 1.0, 'lwf_temp': 2.0, 'icarl_distill_w': 1.0, 'icarl_temp': 2.0, 'use_nmc': True, 'agem_mem_batch': 64, 'distill_lambda': 1.0, 'distill_temp': 2.0, 'pc_distill_w': 1.0, 'pc_ewc_lambda': 100.0, 'pc_compress_epochs': 3, 'er_replay_ratio': 0.5, 'joint_replay_epochs': 1, 'disable_tqdm': True, 'disable_checkpoints': True, 'disable_plots': False, 'seeds': [42, 123, 456, 789, 1024], 'results_root': 'results_phase3_fwt', 'checkpoint_dir': 'results/checkpoints', 'figure_dir': 'results_phase3_fwt/figures', 'log_dir': 'results_phase3_fwt/raw', 'run_name': 'split_cifar10_si_der_seed123', 'seed': 123}
[19:04:03] Device: cuda
[19:04:04] Dataset: SplitCIFAR10(tasks=5, classes_per_task=2, scenario=class-il)
[19:04:04] 
============================================================
 Task 1/5  | Classes (0, 2)
============================================================
[19:04:04] Task 0 baseline (chance): 50.00%
[19:04:25] task=0  epoch=0  train_loss=0.9823
[19:04:26] task=0  epoch=END  time_sec=20.7  acc_task0=85.45
[19:04:26] 
============================================================
 Task 2/5  | Classes (2, 4)
============================================================
[19:04:26] Task 1 baseline (chance): 25.00%
[19:04:27] Task 1 zero-shot (pre-train): 8.60%
[19:04:55] task=1  epoch=0  train_loss=0.8382
[19:04:57] task=1  epoch=END  time_sec=28.4  acc_task0=0.0  acc_task1=73.95
[19:04:57] 
============================================================
 Task 3/5  | Classes (4, 6)
============================================================
[19:04:57] Task 2 baseline (chance): 16.67%
[19:04:58] Task 2 zero-shot (pre-train): 0.00%
[19:05:26] task=2  epoch=0  train_loss=0.9115
[19:05:29] task=2  epoch=END  time_sec=28.6  acc_task0=0.0  acc_task1=0.0  acc_task2=75.3
[19:05:29] 
============================================================
 Task 4/5  | Classes (6, 8)
============================================================
[19:05:29] Task 3 baseline (chance): 12.50%
[19:05:30] Task 3 zero-shot (pre-train): 0.00%
[19:05:58] task=3  epoch=0  train_loss=1.0632
[19:06:01] task=3  epoch=END  time_sec=28.3  acc_task0=0.0  acc_task1=0.0  acc_task2=0.0  acc_task3=85.6
[19:06:01] 
============================================================
 Task 5/5  | Classes (8, 10)
============================================================
[19:06:01] Task 4 baseline (chance): 10.00%
[19:06:02] Task 4 zero-shot (pre-train): 0.00%
[19:06:30] task=4  epoch=0  train_loss=1.2904
[19:06:35] task=4  epoch=END  time_sec=28.2  acc_task0=0.0  acc_task1=0.0  acc_task2=0.0  acc_task3=0.0  acc_task4=81.05
[19:06:35] 
Final Metrics:
  avg_accuracy         +16.2100
  forgetting           +80.0750
  backward_transfer    -80.0750
  forward_transfer     -13.8917
[19:06:35] 
Done - run: split_cifar10_si_der_seed123
[19:06:35] Metrics: {'avg_accuracy': 16.21, 'forgetting': 80.075, 'backward_transfer': -80.075, 'forward_transfer': -13.8917}
