[19:09:06] Starting: split_cifar10_si_der_seed789
[19:09:06] Config: {'dataset': 'split_cifar10', 'data_root': 'Project/data_local', 'model': 'slim_resnet18', 'pretrained': False, 'method': 'si_der', 'n_epochs': 1, 'batch_size': 32, 'num_workers': 0, 'lr': 0.03, 'momentum': 0.9, 'weight_decay': 0.0001, 'fp16': False, 'buffer_size': 200, 'ewc_lambda': 100.0, 'fisher_samples': 200, 'si_lambda': 1.0, 'si_xi': 0.1, 'der_alpha': 0.5, 'xder_beta': 0.5, 'lwf_lambda': 1.0, 'lwf_temp': 2.0, 'icarl_distill_w': 1.0, 'icarl_temp': 2.0, 'use_nmc': True, 'agem_mem_batch': 64, 'distill_lambda': 1.0, 'distill_temp': 2.0, 'pc_distill_w': 1.0, 'pc_ewc_lambda': 100.0, 'pc_compress_epochs': 3, 'er_replay_ratio': 0.5, 'joint_replay_epochs': 1, 'disable_tqdm': True, 'disable_checkpoints': True, 'disable_plots': False, 'seeds': [42, 123, 456, 789, 1024], 'results_root': 'results_phase3_fwt', 'checkpoint_dir': 'results/checkpoints', 'figure_dir': 'results_phase3_fwt/figures', 'log_dir': 'results_phase3_fwt/raw', 'run_name': 'split_cifar10_si_der_seed789', 'seed': 789}
[19:09:06] Device: cuda
[19:09:08] Dataset: SplitCIFAR10(tasks=5, classes_per_task=2, scenario=class-il)
[19:09:08] 
============================================================
 Task 1/5  | Classes (0, 2)
============================================================
[19:09:08] Task 0 baseline (chance): 50.00%
[19:09:29] task=0  epoch=0  train_loss=1.0642
[19:09:30] task=0  epoch=END  time_sec=21.1  acc_task0=77.05
[19:09:30] 
============================================================
 Task 2/5  | Classes (2, 4)
============================================================
[19:09:30] Task 1 baseline (chance): 25.00%
[19:09:31] Task 1 zero-shot (pre-train): 1.60%
[19:09:59] task=1  epoch=0  train_loss=0.8166
[19:10:01] task=1  epoch=END  time_sec=28.5  acc_task0=0.0  acc_task1=72.05
[19:10:01] 
============================================================
 Task 3/5  | Classes (4, 6)
============================================================
[19:10:01] Task 2 baseline (chance): 16.67%
[19:10:02] Task 2 zero-shot (pre-train): 0.00%
[19:10:30] task=2  epoch=0  train_loss=0.8652
[19:10:33] task=2  epoch=END  time_sec=28.4  acc_task0=0.0  acc_task1=0.0  acc_task2=77.95
[19:10:33] 
============================================================
 Task 4/5  | Classes (6, 8)
============================================================
[19:10:33] Task 3 baseline (chance): 12.50%
[19:10:34] Task 3 zero-shot (pre-train): 0.00%
[19:11:02] task=3  epoch=0  train_loss=1.1091
[19:11:05] task=3  epoch=END  time_sec=28.4  acc_task0=0.0  acc_task1=0.0  acc_task2=0.0  acc_task3=88.15
[19:11:05] 
============================================================
 Task 5/5  | Classes (8, 10)
============================================================
[19:11:05] Task 4 baseline (chance): 10.00%
[19:11:06] Task 4 zero-shot (pre-train): 0.00%
[19:11:35] task=4  epoch=0  train_loss=1.2551
[19:11:39] task=4  epoch=END  time_sec=28.4  acc_task0=0.0  acc_task1=0.0  acc_task2=0.0  acc_task3=0.0  acc_task4=85.8
[19:11:39] 
Final Metrics:
  avg_accuracy         +17.1600
  forgetting           +78.8000
  backward_transfer    -78.8000
  forward_transfer     -15.6417
[19:11:40] 
Done - run: split_cifar10_si_der_seed789
[19:11:40] Metrics: {'avg_accuracy': 17.16, 'forgetting': 78.8, 'backward_transfer': -78.8, 'forward_transfer': -15.6417}
