[19:06:35] Starting: split_cifar10_si_der_seed456
[19:06:35] Config: {'dataset': 'split_cifar10', 'data_root': 'Project/data_local', 'model': 'slim_resnet18', 'pretrained': False, 'method': 'si_der', 'n_epochs': 1, 'batch_size': 32, 'num_workers': 0, 'lr': 0.03, 'momentum': 0.9, 'weight_decay': 0.0001, 'fp16': False, 'buffer_size': 200, 'ewc_lambda': 100.0, 'fisher_samples': 200, 'si_lambda': 1.0, 'si_xi': 0.1, 'der_alpha': 0.5, 'xder_beta': 0.5, 'lwf_lambda': 1.0, 'lwf_temp': 2.0, 'icarl_distill_w': 1.0, 'icarl_temp': 2.0, 'use_nmc': True, 'agem_mem_batch': 64, 'distill_lambda': 1.0, 'distill_temp': 2.0, 'pc_distill_w': 1.0, 'pc_ewc_lambda': 100.0, 'pc_compress_epochs': 3, 'er_replay_ratio': 0.5, 'joint_replay_epochs': 1, 'disable_tqdm': True, 'disable_checkpoints': True, 'disable_plots': False, 'seeds': [42, 123, 456, 789, 1024], 'results_root': 'results_phase3_fwt', 'checkpoint_dir': 'results/checkpoints', 'figure_dir': 'results_phase3_fwt/figures', 'log_dir': 'results_phase3_fwt/raw', 'run_name': 'split_cifar10_si_der_seed456', 'seed': 456}
[19:06:35] Device: cuda
[19:06:37] Dataset: SplitCIFAR10(tasks=5, classes_per_task=2, scenario=class-il)
[19:06:37] 
============================================================
 Task 1/5  | Classes (0, 2)
============================================================
[19:06:37] Task 0 baseline (chance): 50.00%
[19:06:57] task=0  epoch=0  train_loss=0.7252
[19:06:58] task=0  epoch=END  time_sec=20.6  acc_task0=86.55
[19:06:58] 
============================================================
 Task 2/5  | Classes (2, 4)
============================================================
[19:06:58] Task 1 baseline (chance): 25.00%
[19:06:59] Task 1 zero-shot (pre-train): 1.90%
[19:07:27] task=1  epoch=0  train_loss=0.7593
[19:07:29] task=1  epoch=END  time_sec=28.1  acc_task0=0.0  acc_task1=68.7
[19:07:29] 
============================================================
 Task 3/5  | Classes (4, 6)
============================================================
[19:07:29] Task 2 baseline (chance): 16.67%
[19:07:30] Task 2 zero-shot (pre-train): 0.00%
[19:07:58] task=2  epoch=0  train_loss=0.9282
[19:08:00] task=2  epoch=END  time_sec=28.1  acc_task0=0.0  acc_task1=0.0  acc_task2=79.25
[19:08:00] 
============================================================
 Task 4/5  | Classes (6, 8)
============================================================
[19:08:00] Task 3 baseline (chance): 12.50%
[19:08:01] Task 3 zero-shot (pre-train): 0.00%
[19:08:29] task=3  epoch=0  train_loss=1.3355
[19:08:33] task=3  epoch=END  time_sec=28.2  acc_task0=0.0  acc_task1=0.0  acc_task2=0.05  acc_task3=86.4
[19:08:33] 
============================================================
 Task 5/5  | Classes (8, 10)
============================================================
[19:08:33] Task 4 baseline (chance): 10.00%
[19:08:34] Task 4 zero-shot (pre-train): 0.00%
[19:09:01] task=4  epoch=0  train_loss=1.5331
[19:09:06] task=4  epoch=END  time_sec=27.8  acc_task0=0.0  acc_task1=0.0  acc_task2=0.0  acc_task3=0.0  acc_task4=83.05
[19:09:06] 
Final Metrics:
  avg_accuracy         +16.6100
  forgetting           +80.2250
  backward_transfer    -80.2250
  forward_transfer     -15.5667
[19:09:06] 
Done - run: split_cifar10_si_der_seed456
[19:09:06] Metrics: {'avg_accuracy': 16.61, 'forgetting': 80.225, 'backward_transfer': -80.225, 'forward_transfer': -15.5667}
