[02:08:21] Starting: split_cifar10_er_ewc_lambda1000_seed42
[02:08:21] Config: {'dataset': 'split_cifar10', 'data_root': 'F:\\Temp\\cf\\Catastrophic Forgetting\\research_v2\\Project\\data_local', 'dataset_image_size': None, 'dataset_out_channels': None, 'model': 'slim_resnet18', 'pretrained': False, 'model_image_size': None, 'method': 'er_ewc', 'n_epochs': 1, 'batch_size': 32, 'num_workers': 0, 'lr': 0.03, 'momentum': 0.9, 'weight_decay': 0.0001, 'fp16': False, 'buffer_size': 200, 'ewc_lambda': 1000.0, 'fisher_samples': 200, 'si_lambda': 1.0, 'si_xi': 0.1, 'der_alpha': 0.5, 'xder_beta': 0.5, 'lwf_lambda': 1.0, 'lwf_temp': 2.0, 'icarl_distill_w': 1.0, 'icarl_temp': 2.0, 'use_nmc': True, 'agem_mem_batch': 64, 'distill_lambda': 1.0, 'distill_temp': 2.0, 'pc_distill_w': 1.0, 'pc_ewc_lambda': 100.0, 'pc_compress_epochs': 3, 'er_replay_ratio': 0.5, 'joint_replay_epochs': 1, 'disable_tqdm': True, 'disable_checkpoints': False, 'disable_plots': True, 'resume': False, 'cleanup_checkpoints_on_success': True, 'result_group': 'ablations', 'ablation_family': 'lambda', 'seeds': [42, 123, 456, 789, 1024], 'results_root': 'F:\\Temp\\cf\\Catastrophic Forgetting\\research_v2\\results', 'run_tag': 'lambda1000', 'seed': 42, 'run_name': 'split_cifar10_er_ewc_lambda1000_seed42', 'project_root': 'F:\\Temp\\cf\\Catastrophic Forgetting\\research_v2\\Project', 'workspace_root': 'F:\\Temp\\cf\\Catastrophic Forgetting\\research_v2', 'run_root': 'F:\\Temp\\cf\\Catastrophic Forgetting\\research_v2\\results\\ablations\\epoch_1\\split_cifar10\\lambda\\er_ewc__lambda1000\\seed_42', 'log_dir': 'F:\\Temp\\cf\\Catastrophic Forgetting\\research_v2\\results\\ablations\\epoch_1\\split_cifar10\\lambda\\er_ewc__lambda1000\\seed_42\\logs', 'metrics_dir': 'F:\\Temp\\cf\\Catastrophic Forgetting\\research_v2\\results\\ablations\\epoch_1\\split_cifar10\\lambda\\er_ewc__lambda1000\\seed_42\\metrics', 'checkpoint_dir': 'F:\\Temp\\cf\\Catastrophic Forgetting\\research_v2\\results\\ablations\\epoch_1\\split_cifar10\\lambda\\er_ewc__lambda1000\\seed_42\\checkpoints', 'artifact_dir': 'F:\\Temp\\cf\\Catastrophic Forgetting\\research_v2\\results\\ablations\\epoch_1\\split_cifar10\\lambda\\er_ewc__lambda1000\\seed_42\\artifacts', 'figure_dir': 'F:\\Temp\\cf\\Catastrophic Forgetting\\research_v2\\results\\figures\\ablations\\epoch_1\\split_cifar10\\lambda\\er_ewc__lambda1000\\seed_42'}
[02:08:21] Device: cuda
[02:08:24] Dataset: SplitCIFAR10(tasks=5, classes_per_task=2, scenario=class-il)
[02:08:24] 
============================================================
 Task 1/5  | Classes (0, 2)
============================================================
[02:08:24] Task 0 baseline (chance): 50.00%
[02:08:45] task=0  epoch=0  train_loss=0.4839
[02:08:46] task=0  epoch=END  time_sec=20.8  acc_task0=87.65
[02:08:46] 
============================================================
 Task 2/5  | Classes (2, 4)
============================================================
[02:08:46] Task 1 baseline (chance): 25.00%
[02:08:47] Task 1 zero-shot (pre-train): 2.10%
[02:09:20] task=1  epoch=0  train_loss=0.7263
[02:09:23] task=1  epoch=END  time_sec=33.3  acc_task0=58.35  acc_task1=65.85
[02:09:23] 
============================================================
 Task 3/5  | Classes (4, 6)
============================================================
[02:09:23] Task 2 baseline (chance): 16.67%
[02:09:24] Task 2 zero-shot (pre-train): 0.00%
[02:10:03] task=2  epoch=0  train_loss=0.7595
[02:10:06] task=2  epoch=END  time_sec=39.2  acc_task0=27.85  acc_task1=1.1  acc_task2=78.35
[02:10:07] 
============================================================
 Task 4/5  | Classes (6, 8)
============================================================
[02:10:07] Task 3 baseline (chance): 12.50%
[02:10:08] Task 3 zero-shot (pre-train): 0.00%
[02:11:06] task=3  epoch=0  train_loss=0.6333
[02:11:11] task=3  epoch=END  time_sec=58.1  acc_task0=23.2  acc_task1=0.4  acc_task2=6.1  acc_task3=87.95
[02:11:11] 
============================================================
 Task 5/5  | Classes (8, 10)
============================================================
[02:11:11] Task 4 baseline (chance): 10.00%
[02:11:12] Task 4 zero-shot (pre-train): 0.00%
[02:12:18] task=4  epoch=0  train_loss=0.6014
[02:12:23] task=4  epoch=END  time_sec=65.5  acc_task0=3.55  acc_task1=1.25  acc_task2=6.7  acc_task3=32.5  acc_task4=86.65
[02:12:23] 
Final Metrics:
  avg_accuracy         +26.1300
  forgetting           +68.9500
  backward_transfer    -68.9500
  forward_transfer     -15.5167
[02:12:23] 
Done - run: split_cifar10_er_ewc_lambda1000_seed42
[02:12:23] Metrics: {'avg_accuracy': 26.13, 'forgetting': 68.95, 'backward_transfer': -68.95, 'forward_transfer': -15.5167}
[02:12:23] Deleted 5 checkpoint(s) after successful completion.
