[13:21:08] Starting: split_cifar10_der_nodistill_seed123
[13:21:08] Config: {'dataset': 'split_cifar10', 'data_root': 'F:\\Temp\\cf\\Catastrophic Forgetting\\research_v2\\Project\\data_local', 'dataset_image_size': None, 'dataset_out_channels': None, 'model': 'slim_resnet18', 'pretrained': False, 'model_image_size': None, 'method': 'der', 'n_epochs': 1, 'batch_size': 32, 'num_workers': 0, 'lr': 0.03, 'momentum': 0.9, 'weight_decay': 0.0001, 'fp16': False, 'buffer_size': 200, 'ewc_lambda': 100.0, 'fisher_samples': 200, 'si_lambda': 1.0, 'si_xi': 0.1, 'der_alpha': 0.0, 'xder_beta': 0.5, 'lwf_lambda': 1.0, 'lwf_temp': 2.0, 'icarl_distill_w': 1.0, 'icarl_temp': 2.0, 'use_nmc': True, 'agem_mem_batch': 64, 'distill_lambda': 1.0, 'distill_temp': 2.0, 'pc_distill_w': 1.0, 'pc_ewc_lambda': 100.0, 'pc_compress_epochs': 3, 'er_replay_ratio': 0.5, 'joint_replay_epochs': 1, 'disable_tqdm': True, 'disable_checkpoints': False, 'disable_plots': False, 'resume': False, 'cleanup_checkpoints_on_success': True, 'result_group': 'ablations', 'ablation_family': 'interaction', 'seeds': [42, 123, 456], 'results_root': 'F:\\Temp\\cf\\Catastrophic Forgetting\\research_v2\\results', 'run_tag': 'nodistill', 'seed': 123, 'run_name': 'split_cifar10_der_nodistill_seed123', 'project_root': 'F:\\Temp\\cf\\Catastrophic Forgetting\\research_v2\\Project', 'workspace_root': 'F:\\Temp\\cf\\Catastrophic Forgetting\\research_v2', 'run_root': 'F:\\Temp\\cf\\Catastrophic Forgetting\\research_v2\\results\\ablations\\epoch_1\\split_cifar10\\interaction\\der__nodistill\\seed_123', 'log_dir': 'F:\\Temp\\cf\\Catastrophic Forgetting\\research_v2\\results\\ablations\\epoch_1\\split_cifar10\\interaction\\der__nodistill\\seed_123\\logs', 'metrics_dir': 'F:\\Temp\\cf\\Catastrophic Forgetting\\research_v2\\results\\ablations\\epoch_1\\split_cifar10\\interaction\\der__nodistill\\seed_123\\metrics', 'checkpoint_dir': 'F:\\Temp\\cf\\Catastrophic Forgetting\\research_v2\\results\\ablations\\epoch_1\\split_cifar10\\interaction\\der__nodistill\\seed_123\\checkpoints', 'artifact_dir': 'F:\\Temp\\cf\\Catastrophic Forgetting\\research_v2\\results\\ablations\\epoch_1\\split_cifar10\\interaction\\der__nodistill\\seed_123\\artifacts', 'figure_dir': 'F:\\Temp\\cf\\Catastrophic Forgetting\\research_v2\\results\\figures\\ablations\\epoch_1\\split_cifar10\\interaction\\der__nodistill\\seed_123'}
[13:21:08] Device: cuda
[13:21:09] Dataset: SplitCIFAR10(tasks=5, classes_per_task=2, scenario=class-il)
[13:21:10] 
============================================================
 Task 1/5  | Classes (0, 2)
============================================================
[13:21:10] Task 0 baseline (chance): 50.00%
[13:21:22] task=0  epoch=0  train_loss=0.5361
[13:21:23] task=0  epoch=END  time_sec=12.9  acc_task0=85.5
[13:21:23] 
============================================================
 Task 2/5  | Classes (2, 4)
============================================================
[13:21:23] Task 1 baseline (chance): 25.00%
[13:21:23] Task 1 zero-shot (pre-train): 0.05%
[13:21:41] task=1  epoch=0  train_loss=0.5987
[13:21:43] task=1  epoch=END  time_sec=18.0  acc_task0=0.0  acc_task1=73.95
[13:21:43] 
============================================================
 Task 3/5  | Classes (4, 6)
============================================================
[13:21:43] Task 2 baseline (chance): 16.67%
[13:21:44] Task 2 zero-shot (pre-train): 0.00%
[13:22:01] task=2  epoch=0  train_loss=0.6102
[13:22:02] task=2  epoch=END  time_sec=17.3  acc_task0=0.0  acc_task1=0.0  acc_task2=80.45
[13:22:02] 
============================================================
 Task 4/5  | Classes (6, 8)
============================================================
[13:22:02] Task 3 baseline (chance): 12.50%
[13:22:03] Task 3 zero-shot (pre-train): 0.00%
[13:22:14] task=3  epoch=0  train_loss=0.6282
[13:22:16] task=3  epoch=END  time_sec=11.6  acc_task0=0.0  acc_task1=0.0  acc_task2=0.0  acc_task3=86.3
[13:22:16] 
============================================================
 Task 5/5  | Classes (8, 10)
============================================================
[13:22:16] Task 4 baseline (chance): 10.00%
[13:22:17] Task 4 zero-shot (pre-train): 0.00%
[13:22:35] task=4  epoch=0  train_loss=0.6063
[13:22:38] task=4  epoch=END  time_sec=17.9  acc_task0=0.0  acc_task1=0.0  acc_task2=0.0  acc_task3=0.0  acc_task4=84.75
[13:22:38] 
Final Metrics:
  avg_accuracy         +16.9500
  forgetting           +81.5500
  backward_transfer    -81.5500
  forward_transfer     -16.0292
[13:22:39] 
Done - run: split_cifar10_der_nodistill_seed123
[13:22:39] Metrics: {'avg_accuracy': 16.95, 'forgetting': 81.55, 'backward_transfer': -81.55, 'forward_transfer': -16.0292}
[13:22:39] Deleted 5 checkpoint(s) after successful completion.
