[02:35:11] Starting: split_cifar10_der_buf500_seed1024
[02:35:11] Config: {'dataset': 'split_cifar10', 'data_root': 'F:\\Temp\\cf\\Catastrophic Forgetting\\research_v2\\Project\\data_local', 'dataset_image_size': None, 'dataset_out_channels': None, 'model': 'slim_resnet18', 'pretrained': False, 'model_image_size': None, 'method': 'der', 'n_epochs': 1, 'batch_size': 32, 'num_workers': 0, 'lr': 0.03, 'momentum': 0.9, 'weight_decay': 0.0001, 'fp16': False, 'buffer_size': 500, 'ewc_lambda': 100.0, 'fisher_samples': 200, 'si_lambda': 1.0, 'si_xi': 0.1, 'der_alpha': 0.5, 'xder_beta': 0.5, 'lwf_lambda': 1.0, 'lwf_temp': 2.0, 'icarl_distill_w': 1.0, 'icarl_temp': 2.0, 'use_nmc': True, 'agem_mem_batch': 64, 'distill_lambda': 1.0, 'distill_temp': 2.0, 'pc_distill_w': 1.0, 'pc_ewc_lambda': 100.0, 'pc_compress_epochs': 3, 'er_replay_ratio': 0.5, 'joint_replay_epochs': 1, 'disable_tqdm': True, 'disable_checkpoints': False, 'disable_plots': True, 'resume': False, 'cleanup_checkpoints_on_success': True, 'result_group': 'ablations', 'ablation_family': 'buffer', 'seeds': [42, 123, 456, 789, 1024], 'results_root': 'F:\\Temp\\cf\\Catastrophic Forgetting\\research_v2\\results', 'run_tag': 'buf500', 'seed': 1024, 'run_name': 'split_cifar10_der_buf500_seed1024', 'project_root': 'F:\\Temp\\cf\\Catastrophic Forgetting\\research_v2\\Project', 'workspace_root': 'F:\\Temp\\cf\\Catastrophic Forgetting\\research_v2', 'run_root': 'F:\\Temp\\cf\\Catastrophic Forgetting\\research_v2\\results\\ablations\\epoch_1\\split_cifar10\\buffer\\der__buf500\\seed_1024', 'log_dir': 'F:\\Temp\\cf\\Catastrophic Forgetting\\research_v2\\results\\ablations\\epoch_1\\split_cifar10\\buffer\\der__buf500\\seed_1024\\logs', 'metrics_dir': 'F:\\Temp\\cf\\Catastrophic Forgetting\\research_v2\\results\\ablations\\epoch_1\\split_cifar10\\buffer\\der__buf500\\seed_1024\\metrics', 'checkpoint_dir': 'F:\\Temp\\cf\\Catastrophic Forgetting\\research_v2\\results\\ablations\\epoch_1\\split_cifar10\\buffer\\der__buf500\\seed_1024\\checkpoints', 'artifact_dir': 'F:\\Temp\\cf\\Catastrophic Forgetting\\research_v2\\results\\ablations\\epoch_1\\split_cifar10\\buffer\\der__buf500\\seed_1024\\artifacts', 'figure_dir': 'F:\\Temp\\cf\\Catastrophic Forgetting\\research_v2\\results\\figures\\ablations\\epoch_1\\split_cifar10\\buffer\\der__buf500\\seed_1024'}
[02:35:11] Device: cuda
[02:35:13] Dataset: SplitCIFAR10(tasks=5, classes_per_task=2, scenario=class-il)
[02:35:13] 
============================================================
 Task 1/5  | Classes (0, 2)
============================================================
[02:35:13] Task 0 baseline (chance): 50.00%
[02:35:42] task=0  epoch=0  train_loss=0.7778
[02:35:43] task=0  epoch=END  time_sec=29.0  acc_task0=86.9
[02:35:43] 
============================================================
 Task 2/5  | Classes (2, 4)
============================================================
[02:35:43] Task 1 baseline (chance): 25.00%
[02:35:44] Task 1 zero-shot (pre-train): 12.00%
[02:36:08] task=1  epoch=0  train_loss=0.7611
[02:36:10] task=1  epoch=END  time_sec=23.5  acc_task0=0.0  acc_task1=71.8
[02:36:10] 
============================================================
 Task 3/5  | Classes (4, 6)
============================================================
[02:36:10] Task 2 baseline (chance): 16.67%
[02:36:11] Task 2 zero-shot (pre-train): 0.00%
[02:36:36] task=2  epoch=0  train_loss=0.8983
[02:36:39] task=2  epoch=END  time_sec=25.3  acc_task0=0.0  acc_task1=0.0  acc_task2=79.5
[02:36:40] 
============================================================
 Task 4/5  | Classes (6, 8)
============================================================
[02:36:40] Task 3 baseline (chance): 12.50%
[02:36:41] Task 3 zero-shot (pre-train): 0.00%
[02:37:06] task=3  epoch=0  train_loss=1.007
[02:37:10] task=3  epoch=END  time_sec=24.9  acc_task0=0.0  acc_task1=0.0  acc_task2=0.0  acc_task3=88.95
[02:37:11] 
============================================================
 Task 5/5  | Classes (8, 10)
============================================================
[02:37:11] Task 4 baseline (chance): 10.00%
[02:37:12] Task 4 zero-shot (pre-train): 0.00%
[02:37:38] task=4  epoch=0  train_loss=1.3195
[02:37:44] task=4  epoch=END  time_sec=26.2  acc_task0=0.0  acc_task1=0.0  acc_task2=0.0  acc_task3=0.0  acc_task4=86.3
[02:37:44] 
Final Metrics:
  avg_accuracy         +17.2600
  forgetting           +81.7875
  backward_transfer    -81.7875
  forward_transfer     -13.0417
[02:37:44] 
Done - run: split_cifar10_der_buf500_seed1024
[02:37:44] Metrics: {'avg_accuracy': 17.26, 'forgetting': 81.7875, 'backward_transfer': -81.7875, 'forward_transfer': -13.0417}
[02:37:44] Deleted 5 checkpoint(s) after successful completion.
