[01:52:19] Starting: permuted_mnist_agem_distill_seed789
[01:52:19] Config: {'dataset': 'permuted_mnist', 'data_root': 'Project/data_local', 'model': 'resnet8', 'pretrained': False, 'method': 'agem_distill', 'n_epochs': 1, 'batch_size': 32, 'num_workers': 0, 'lr': 0.03, 'momentum': 0.9, 'weight_decay': 0.0001, 'fp16': False, 'buffer_size': 200, 'ewc_lambda': 100.0, 'fisher_samples': 200, 'si_lambda': 1.0, 'si_xi': 0.1, 'der_alpha': 0.5, 'xder_beta': 0.5, 'lwf_lambda': 1.0, 'lwf_temp': 2.0, 'icarl_distill_w': 1.0, 'icarl_temp': 2.0, 'use_nmc': True, 'agem_mem_batch': 64, 'distill_lambda': 1.0, 'distill_temp': 2.0, 'pc_distill_w': 1.0, 'pc_ewc_lambda': 100.0, 'pc_compress_epochs': 3, 'er_replay_ratio': 0.5, 'joint_replay_epochs': 1, 'disable_tqdm': True, 'disable_checkpoints': True, 'disable_plots': False, 'seeds': [42, 123, 456, 789, 1024], 'results_root': 'd:\\Catastrophic Forgetting\\results_phase3_fwt', 'checkpoint_dir': 'results/checkpoints', 'figure_dir': 'd:\\Catastrophic Forgetting\\results_phase3_fwt\\figures', 'log_dir': 'd:\\Catastrophic Forgetting\\results_phase3_fwt\\raw', 'run_name': 'permuted_mnist_agem_distill_seed789', 'seed': 789}
[01:52:19] Device: cuda
[01:52:19] Dataset: PermutedMNIST(tasks=10, classes_per_task=10, scenario=domain-il)
[01:52:19] 
============================================================
 Task 1/10  | Classes (0, 10)
============================================================
[01:52:19] Task 0 baseline (chance): 10.00%
[01:53:08] task=0  epoch=0  train_loss=0.6501
[01:53:12] task=0  epoch=END  time_sec=49.1  acc_task0=82.6
[01:53:12] 
============================================================
 Task 2/10  | Classes (0, 10)
============================================================
[01:53:12] Task 1 baseline (chance): 10.00%
[01:53:16] Task 1 zero-shot (pre-train): 9.64%
[01:54:10] task=1  epoch=0  train_loss=7.9934
[01:54:18] task=1  epoch=END  time_sec=54.4  acc_task0=76.45  acc_task1=70.01
[01:54:18] 
============================================================
 Task 3/10  | Classes (0, 10)
============================================================
[01:54:18] Task 2 baseline (chance): 10.00%
[01:54:22] Task 2 zero-shot (pre-train): 16.79%
[01:55:16] task=2  epoch=0  train_loss=6.3561
[01:55:28] task=2  epoch=END  time_sec=54.3  acc_task0=72.32  acc_task1=63.56  acc_task2=63.13
[01:55:28] 
============================================================
 Task 4/10  | Classes (0, 10)
============================================================
[01:55:28] Task 3 baseline (chance): 10.00%
[01:55:32] Task 3 zero-shot (pre-train): 17.66%
[01:56:27] task=3  epoch=0  train_loss=4.838
[01:56:42] task=3  epoch=END  time_sec=54.5  acc_task0=69.05  acc_task1=64.16  acc_task2=63.54  acc_task3=49.62
[01:56:42] 
============================================================
 Task 5/10  | Classes (0, 10)
============================================================
[01:56:42] Task 4 baseline (chance): 10.00%
[01:56:46] Task 4 zero-shot (pre-train): 18.07%
[01:57:41] task=4  epoch=0  train_loss=4.8316
[01:58:00] task=4  epoch=END  time_sec=54.6  acc_task0=61.2  acc_task1=59.65  acc_task2=60.73  acc_task3=46.43  acc_task4=54.89
[01:58:00] 
============================================================
 Task 6/10  | Classes (0, 10)
============================================================
[01:58:00] Task 5 baseline (chance): 10.00%
[01:58:04] Task 5 zero-shot (pre-train): 13.88%
[01:58:59] task=5  epoch=0  train_loss=5.3424
[01:59:23] task=5  epoch=END  time_sec=54.6  acc_task0=58.99  acc_task1=56.53  acc_task2=59.65  acc_task3=47.15  acc_task4=47.96  acc_task5=43.34
[01:59:23] 
============================================================
 Task 7/10  | Classes (0, 10)
============================================================
[01:59:23] Task 6 baseline (chance): 10.00%
[01:59:27] Task 6 zero-shot (pre-train): 18.10%
[02:00:21] task=6  epoch=0  train_loss=4.8749
[02:00:49] task=6  epoch=END  time_sec=54.6  acc_task0=54.33  acc_task1=53.77  acc_task2=55.33  acc_task3=47.21  acc_task4=45.62  acc_task5=41.01  acc_task6=49.52
[02:00:49] 
============================================================
 Task 8/10  | Classes (0, 10)
============================================================
[02:00:49] Task 7 baseline (chance): 10.00%
[02:00:53] Task 7 zero-shot (pre-train): 17.54%
[02:01:47] task=7  epoch=0  train_loss=4.2086
[02:02:19] task=7  epoch=END  time_sec=54.6  acc_task0=50.7  acc_task1=54.26  acc_task2=51.8  acc_task3=46.34  acc_task4=45.2  acc_task5=39.99  acc_task6=42.95  acc_task7=46.49
[02:02:19] 
============================================================
 Task 9/10  | Classes (0, 10)
============================================================
[02:02:19] Task 8 baseline (chance): 10.00%
[02:02:23] Task 8 zero-shot (pre-train): 21.60%
[02:03:18] task=8  epoch=0  train_loss=4.1477
[02:03:53] task=8  epoch=END  time_sec=54.7  acc_task0=47.83  acc_task1=50.89  acc_task2=51.2  acc_task3=46.7  acc_task4=40.4  acc_task5=38.61  acc_task6=43.48  acc_task7=43.73  acc_task8=36.97
[02:03:53] 
============================================================
 Task 10/10  | Classes (0, 10)
============================================================
[02:03:53] Task 9 baseline (chance): 10.00%
[02:03:57] Task 9 zero-shot (pre-train): 21.27%
[02:04:52] task=9  epoch=0  train_loss=4.403
[02:05:32] task=9  epoch=END  time_sec=54.5  acc_task0=47.99  acc_task1=45.78  acc_task2=48.41  acc_task3=44.25  acc_task4=40.97  acc_task5=40.69  acc_task6=41.96  acc_task7=41.26  acc_task8=32.46  acc_task9=35.45
[02:05:32] 
Final Metrics:
  avg_accuracy         +41.9220
  forgetting           +12.5789
  backward_transfer    -12.5333
  forward_transfer     +7.1722
[02:05:32] 
Done - run: permuted_mnist_agem_distill_seed789
[02:05:32] Metrics: {'avg_accuracy': 41.922, 'forgetting': 12.5789, 'backward_transfer': -12.5333, 'forward_transfer': 7.1722}
