[02:05:46] Starting: permuted_mnist_agem_distill_seed1024
[02:05:46] Config: {'dataset': 'permuted_mnist', 'data_root': 'Project/data_local', 'model': 'resnet8', 'pretrained': False, 'method': 'agem_distill', 'n_epochs': 1, 'batch_size': 32, 'num_workers': 0, 'lr': 0.03, 'momentum': 0.9, 'weight_decay': 0.0001, 'fp16': False, 'buffer_size': 200, 'ewc_lambda': 100.0, 'fisher_samples': 200, 'si_lambda': 1.0, 'si_xi': 0.1, 'der_alpha': 0.5, 'xder_beta': 0.5, 'lwf_lambda': 1.0, 'lwf_temp': 2.0, 'icarl_distill_w': 1.0, 'icarl_temp': 2.0, 'use_nmc': True, 'agem_mem_batch': 64, 'distill_lambda': 1.0, 'distill_temp': 2.0, 'pc_distill_w': 1.0, 'pc_ewc_lambda': 100.0, 'pc_compress_epochs': 3, 'er_replay_ratio': 0.5, 'joint_replay_epochs': 1, 'disable_tqdm': True, 'disable_checkpoints': True, 'disable_plots': False, 'seeds': [42, 123, 456, 789, 1024], 'results_root': 'd:\\Catastrophic Forgetting\\results_phase3_fwt', 'checkpoint_dir': 'results/checkpoints', 'figure_dir': 'd:\\Catastrophic Forgetting\\results_phase3_fwt\\figures', 'log_dir': 'd:\\Catastrophic Forgetting\\results_phase3_fwt\\raw', 'run_name': 'permuted_mnist_agem_distill_seed1024', 'seed': 1024}
[02:05:46] Device: cuda
[02:05:46] Dataset: PermutedMNIST(tasks=10, classes_per_task=10, scenario=domain-il)
[02:05:46] 
============================================================
 Task 1/10  | Classes (0, 10)
============================================================
[02:05:46] Task 0 baseline (chance): 10.00%
[02:06:36] task=0  epoch=0  train_loss=0.629
[02:06:39] task=0  epoch=END  time_sec=49.6  acc_task0=81.98
[02:06:39] 
============================================================
 Task 2/10  | Classes (0, 10)
============================================================
[02:06:39] Task 1 baseline (chance): 10.00%
[02:06:43] Task 1 zero-shot (pre-train): 14.43%
[02:07:38] task=1  epoch=0  train_loss=6.9323
[02:07:46] task=1  epoch=END  time_sec=54.7  acc_task0=79.49  acc_task1=69.77
[02:07:46] 
============================================================
 Task 3/10  | Classes (0, 10)
============================================================
[02:07:46] Task 2 baseline (chance): 10.00%
[02:07:50] Task 2 zero-shot (pre-train): 19.26%
[02:08:44] task=2  epoch=0  train_loss=5.8759
[02:08:56] task=2  epoch=END  time_sec=54.6  acc_task0=70.51  acc_task1=64.49  acc_task2=57.21
[02:08:56] 
============================================================
 Task 4/10  | Classes (0, 10)
============================================================
[02:08:56] Task 3 baseline (chance): 10.00%
[02:09:00] Task 3 zero-shot (pre-train): 16.51%
[02:09:55] task=3  epoch=0  train_loss=5.5053
[02:10:10] task=3  epoch=END  time_sec=54.6  acc_task0=66.84  acc_task1=65.07  acc_task2=59.69  acc_task3=53.38
[02:10:10] 
============================================================
 Task 5/10  | Classes (0, 10)
============================================================
[02:10:10] Task 4 baseline (chance): 10.00%
[02:10:14] Task 4 zero-shot (pre-train): 23.45%
[02:11:09] task=4  epoch=0  train_loss=4.385
[02:11:29] task=4  epoch=END  time_sec=54.8  acc_task0=61.07  acc_task1=56.38  acc_task2=53.83  acc_task3=48.74  acc_task4=51.05
[02:11:29] 
============================================================
 Task 6/10  | Classes (0, 10)
============================================================
[02:11:29] Task 5 baseline (chance): 10.00%
[02:11:33] Task 5 zero-shot (pre-train): 14.87%
[02:12:27] task=5  epoch=0  train_loss=5.4203
[02:12:51] task=5  epoch=END  time_sec=54.7  acc_task0=60.97  acc_task1=57.7  acc_task2=53.88  acc_task3=44.44  acc_task4=53.11  acc_task5=44.48
[02:12:51] 
============================================================
 Task 7/10  | Classes (0, 10)
============================================================
[02:12:51] Task 6 baseline (chance): 10.00%
[02:12:55] Task 6 zero-shot (pre-train): 18.21%
[02:13:50] task=6  epoch=0  train_loss=5.371
[02:14:18] task=6  epoch=END  time_sec=54.9  acc_task0=53.46  acc_task1=50.68  acc_task2=50.31  acc_task3=41.38  acc_task4=47.77  acc_task5=35.97  acc_task6=45.31
[02:14:18] 
============================================================
 Task 8/10  | Classes (0, 10)
============================================================
[02:14:18] Task 7 baseline (chance): 10.00%
[02:14:22] Task 7 zero-shot (pre-train): 19.69%
[02:15:17] task=7  epoch=0  train_loss=4.5402
[02:15:48] task=7  epoch=END  time_sec=54.8  acc_task0=52.22  acc_task1=48.79  acc_task2=50.91  acc_task3=41.29  acc_task4=48.59  acc_task5=36.83  acc_task6=40.74  acc_task7=42.0
[02:15:48] 
============================================================
 Task 9/10  | Classes (0, 10)
============================================================
[02:15:48] Task 8 baseline (chance): 10.00%
[02:15:52] Task 8 zero-shot (pre-train): 20.10%
[02:16:47] task=8  epoch=0  train_loss=4.4803
[02:17:23] task=8  epoch=END  time_sec=54.7  acc_task0=48.59  acc_task1=47.48  acc_task2=49.2  acc_task3=40.25  acc_task4=44.36  acc_task5=34.66  acc_task6=37.9  acc_task7=40.08  acc_task8=43.87
[02:17:23] 
============================================================
 Task 10/10  | Classes (0, 10)
============================================================
[02:17:23] Task 9 baseline (chance): 10.00%
[02:17:27] Task 9 zero-shot (pre-train): 17.39%
[02:18:22] task=9  epoch=0  train_loss=4.9179
[02:19:02] task=9  epoch=END  time_sec=55.0  acc_task0=42.77  acc_task1=45.61  acc_task2=45.15  acc_task3=33.78  acc_task4=41.05  acc_task5=33.52  acc_task6=37.77  acc_task7=39.37  acc_task8=39.89  acc_task9=34.3
[02:19:02] 
Final Metrics:
  avg_accuracy         +39.3210
  forgetting           +14.9644
  backward_transfer    -14.4600
  forward_transfer     +8.2122
[02:19:02] 
Done - run: permuted_mnist_agem_distill_seed1024
[02:19:02] Metrics: {'avg_accuracy': 39.321, 'forgetting': 14.9644, 'backward_transfer': -14.46, 'forward_transfer': 8.2122}
