[12:29:59] Starting: split_cifar10_der_buf500_seed42
[12:29:59] Config: {'dataset': 'split_cifar10', 'data_root': 'Project/data_local', 'model': 'slim_resnet18', 'pretrained': False, 'method': 'der', 'n_epochs': 1, 'batch_size': 32, 'num_workers': 0, 'lr': 0.03, 'momentum': 0.9, 'weight_decay': 0.0001, 'fp16': False, 'buffer_size': 500, 'ewc_lambda': 100.0, 'fisher_samples': 200, 'si_lambda': 1.0, 'si_xi': 0.1, 'der_alpha': 0.5, 'xder_beta': 0.5, 'lwf_lambda': 1.0, 'lwf_temp': 2.0, 'icarl_distill_w': 1.0, 'icarl_temp': 2.0, 'use_nmc': True, 'agem_mem_batch': 64, 'distill_lambda': 1.0, 'distill_temp': 2.0, 'pc_distill_w': 1.0, 'pc_ewc_lambda': 100.0, 'pc_compress_epochs': 3, 'er_replay_ratio': 0.5, 'joint_replay_epochs': 1, 'disable_tqdm': True, 'disable_checkpoints': True, 'disable_plots': True, 'seeds': [42, 123, 456, 789, 1024], 'results_root': 'd:\\Catastrophic Forgetting\\results_phase3_ablations', 'checkpoint_dir': 'results/checkpoints', 'figure_dir': 'd:\\Catastrophic Forgetting\\results_phase3_ablations\\figures', 'log_dir': 'd:\\Catastrophic Forgetting\\results_phase3_ablations\\raw', 'run_tag': 'buf500', 'run_name': 'split_cifar10_der_buf500_seed42', 'seed': 42}
[12:29:59] Device: cuda
[12:30:01] Dataset: SplitCIFAR10(tasks=5, classes_per_task=2, scenario=class-il)
[12:30:01] 
============================================================
 Task 1/5  | Classes (0, 2)
============================================================
[12:30:01] Task 0 baseline (chance): 50.00%
[12:30:22] task=0  epoch=0  train_loss=1.083
[12:30:23] task=0  epoch=END  time_sec=21.7  acc_task0=85.05
[12:30:23] 
============================================================
 Task 2/5  | Classes (2, 4)
============================================================
[12:30:23] Task 1 baseline (chance): 25.00%
[12:30:24] Task 1 zero-shot (pre-train): 0.00%
[12:30:46] task=1  epoch=0  train_loss=0.9066
[12:30:48] task=1  epoch=END  time_sec=21.5  acc_task0=0.0  acc_task1=73.0
[12:30:48] 
============================================================
 Task 3/5  | Classes (4, 6)
============================================================
[12:30:48] Task 2 baseline (chance): 16.67%
[12:30:48] Task 2 zero-shot (pre-train): 0.00%
[12:31:10] task=2  epoch=0  train_loss=1.0686
[12:31:13] task=2  epoch=END  time_sec=21.6  acc_task0=0.0  acc_task1=0.0  acc_task2=77.25
[12:31:13] 
============================================================
 Task 4/5  | Classes (6, 8)
============================================================
[12:31:13] Task 3 baseline (chance): 12.50%
[12:31:14] Task 3 zero-shot (pre-train): 0.00%
[12:31:35] task=3  epoch=0  train_loss=1.4585
[12:31:39] task=3  epoch=END  time_sec=21.6  acc_task0=0.0  acc_task1=0.0  acc_task2=0.0  acc_task3=80.1
[12:31:39] 
============================================================
 Task 5/5  | Classes (8, 10)
============================================================
[12:31:39] Task 4 baseline (chance): 10.00%
[12:31:40] Task 4 zero-shot (pre-train): 0.00%
[12:32:01] task=4  epoch=0  train_loss=2.0269
[12:32:06] task=4  epoch=END  time_sec=21.6  acc_task0=0.0  acc_task1=0.0  acc_task2=0.0  acc_task3=0.0  acc_task4=77.4
[12:32:06] 
Final Metrics:
  avg_accuracy         +15.4800
  forgetting           +78.8500
  backward_transfer    -78.8500
  forward_transfer     -16.0417
[12:32:06] 
Done - run: split_cifar10_der_buf500_seed42
[12:32:06] Metrics: {'avg_accuracy': 15.48, 'forgetting': 78.85, 'backward_transfer': -78.85, 'forward_transfer': -16.0417}
