[07:08:44] Starting: permuted_mnist_icarl_seed456
[07:08:44] Config: {'dataset': 'permuted_mnist', 'data_root': 'F:\\Temp\\cf\\Catastrophic Forgetting\\research_v2\\Project\\data_local', 'dataset_image_size': None, 'dataset_out_channels': None, 'model': 'resnet8', 'pretrained': False, 'model_image_size': None, 'method': 'icarl', 'n_epochs': 1, 'batch_size': 32, 'num_workers': 0, 'lr': 0.03, 'momentum': 0.9, 'weight_decay': 0.0001, 'fp16': False, 'buffer_size': 500, 'ewc_lambda': 100.0, 'fisher_samples': 200, 'si_lambda': 1.0, 'si_xi': 0.1, 'der_alpha': 0.5, 'xder_beta': 0.5, 'lwf_lambda': 1.0, 'lwf_temp': 2.0, 'icarl_distill_w': 1.0, 'icarl_temp': 2.0, 'use_nmc': True, 'agem_mem_batch': 64, 'distill_lambda': 1.0, 'distill_temp': 2.0, 'pc_distill_w': 1.0, 'pc_ewc_lambda': 100.0, 'pc_compress_epochs': 3, 'er_replay_ratio': 0.5, 'joint_replay_epochs': 1, 'disable_tqdm': True, 'disable_checkpoints': False, 'disable_plots': False, 'resume': True, 'cleanup_checkpoints_on_success': True, 'result_group': 'runs', 'ablation_family': None, 'seeds': [42, 123, 456, 789, 1024], 'results_root': 'F:\\Temp\\cf\\Catastrophic Forgetting\\research_v2\\results', 'seed': 456, 'run_name': 'permuted_mnist_icarl_seed456', 'project_root': 'F:\\Temp\\cf\\Catastrophic Forgetting\\research_v2\\Project', 'workspace_root': 'F:\\Temp\\cf\\Catastrophic Forgetting\\research_v2', 'run_root': 'F:\\Temp\\cf\\Catastrophic Forgetting\\research_v2\\results\\runs\\epoch_1\\permuted_mnist\\hybrids\\icarl\\seed_456', 'log_dir': 'F:\\Temp\\cf\\Catastrophic Forgetting\\research_v2\\results\\runs\\epoch_1\\permuted_mnist\\hybrids\\icarl\\seed_456\\logs', 'metrics_dir': 'F:\\Temp\\cf\\Catastrophic Forgetting\\research_v2\\results\\runs\\epoch_1\\permuted_mnist\\hybrids\\icarl\\seed_456\\metrics', 'checkpoint_dir': 'F:\\Temp\\cf\\Catastrophic Forgetting\\research_v2\\results\\runs\\epoch_1\\permuted_mnist\\hybrids\\icarl\\seed_456\\checkpoints', 'artifact_dir': 'F:\\Temp\\cf\\Catastrophic Forgetting\\research_v2\\results\\runs\\epoch_1\\permuted_mnist\\hybrids\\icarl\\seed_456\\artifacts', 'figure_dir': 'F:\\Temp\\cf\\Catastrophic Forgetting\\research_v2\\results\\figures\\epoch_1\\permuted_mnist\\hybrids\\icarl\\seed_456'}
[07:08:44] Device: cuda
[07:08:44] Dataset: PermutedMNIST(tasks=10, classes_per_task=10, scenario=domain-il)
[07:08:44] 
============================================================
 Task 1/10  | Classes (0, 10)
============================================================
[07:08:44] Task 0 baseline (chance): 10.00%
[07:09:03] task=0  epoch=0  train_loss=0.3123
[07:09:17] task=0  epoch=END  time_sec=18.7  acc_task0=94.98
[07:09:17] 
============================================================
 Task 2/10  | Classes (0, 10)
============================================================
[07:09:17] Task 1 baseline (chance): 10.00%
[07:09:18] Task 1 zero-shot (pre-train): 9.70%
[07:09:44] task=1  epoch=0  train_loss=1.3054
[07:09:59] task=1  epoch=END  time_sec=25.6  acc_task0=92.99  acc_task1=31.23
[07:09:59] 
============================================================
 Task 3/10  | Classes (0, 10)
============================================================
[07:09:59] Task 2 baseline (chance): 10.00%
[07:10:01] Task 2 zero-shot (pre-train): 9.18%
[07:10:25] task=2  epoch=0  train_loss=1.1808
[07:10:42] task=2  epoch=END  time_sec=23.5  acc_task0=91.51  acc_task1=28.42  acc_task2=42.7
[07:10:42] 
============================================================
 Task 4/10  | Classes (0, 10)
============================================================
[07:10:42] Task 3 baseline (chance): 10.00%
[07:10:44] Task 3 zero-shot (pre-train): 9.83%
[07:11:09] task=3  epoch=0  train_loss=1.065
[07:11:28] task=3  epoch=END  time_sec=24.6  acc_task0=90.45  acc_task1=23.68  acc_task2=32.79  acc_task3=50.67
[07:11:28] 
============================================================
 Task 5/10  | Classes (0, 10)
============================================================
[07:11:28] Task 4 baseline (chance): 10.00%
[07:11:30] Task 4 zero-shot (pre-train): 11.68%
[07:11:53] task=4  epoch=0  train_loss=1.0267
[07:12:14] task=4  epoch=END  time_sec=23.6  acc_task0=89.44  acc_task1=17.35  acc_task2=25.45  acc_task3=31.08  acc_task4=47.46
[07:12:14] 
============================================================
 Task 6/10  | Classes (0, 10)
============================================================
[07:12:14] Task 5 baseline (chance): 10.00%
[07:12:16] Task 5 zero-shot (pre-train): 6.56%
[07:12:39] task=5  epoch=0  train_loss=1.0202
[07:13:02] task=5  epoch=END  time_sec=23.0  acc_task0=88.89  acc_task1=12.98  acc_task2=17.04  acc_task3=19.53  acc_task4=25.69  acc_task5=29.64
[07:13:02] 
============================================================
 Task 7/10  | Classes (0, 10)
============================================================
[07:13:02] Task 6 baseline (chance): 10.00%
[07:13:04] Task 6 zero-shot (pre-train): 11.84%
[07:13:30] task=6  epoch=0  train_loss=1.0116
[07:13:54] task=6  epoch=END  time_sec=25.6  acc_task0=88.43  acc_task1=12.67  acc_task2=17.7  acc_task3=18.19  acc_task4=22.96  acc_task5=29.75  acc_task6=35.94
[07:13:54] 
============================================================
 Task 8/10  | Classes (0, 10)
============================================================
[07:13:54] Task 7 baseline (chance): 10.00%
[07:13:56] Task 7 zero-shot (pre-train): 11.13%
[07:14:19] task=7  epoch=0  train_loss=1.0397
[07:14:45] task=7  epoch=END  time_sec=23.0  acc_task0=88.27  acc_task1=11.44  acc_task2=11.78  acc_task3=11.23  acc_task4=11.73  acc_task5=13.02  acc_task6=15.37  acc_task7=17.7
[07:14:46] 
============================================================
 Task 9/10  | Classes (0, 10)
============================================================
[07:14:46] Task 8 baseline (chance): 10.00%
[07:14:47] Task 8 zero-shot (pre-train): 10.31%
[07:15:14] task=8  epoch=0  train_loss=1.0263
[07:15:41] task=8  epoch=END  time_sec=26.2  acc_task0=88.26  acc_task1=11.49  acc_task2=10.22  acc_task3=11.25  acc_task4=12.21  acc_task5=14.19  acc_task6=13.86  acc_task7=16.54  acc_task8=19.18
[07:15:41] 
============================================================
 Task 10/10  | Classes (0, 10)
============================================================
[07:15:41] Task 9 baseline (chance): 10.00%
[07:15:43] Task 9 zero-shot (pre-train): 13.94%
[07:16:08] task=9  epoch=0  train_loss=0.9911
[07:16:38] task=9  epoch=END  time_sec=25.3  acc_task0=87.34  acc_task1=10.44  acc_task2=10.77  acc_task3=10.51  acc_task4=10.44  acc_task5=10.45  acc_task6=11.06  acc_task7=11.77  acc_task8=12.73  acc_task9=16.7
[07:16:38] 
Final Metrics:
  avg_accuracy         +19.2210
  forgetting           +21.5667
  backward_transfer    -21.5544
  forward_transfer     +0.4633
[07:16:39] 
Done - run: permuted_mnist_icarl_seed456
[07:16:39] Metrics: {'avg_accuracy': 19.221, 'forgetting': 21.5667, 'backward_transfer': -21.5544, 'forward_transfer': 0.4633}
[07:16:39] Deleted 10 checkpoint(s) after successful completion.
[08:24:59] Starting: permuted_mnist_icarl_seed456
[08:24:59] Config: {'dataset': 'permuted_mnist', 'data_root': 'F:\\Temp\\cf\\Catastrophic Forgetting\\research_v2\\Project\\data_local', 'dataset_image_size': 32, 'dataset_out_channels': None, 'model': 'slim_resnet18', 'pretrained': False, 'model_image_size': None, 'method': 'icarl', 'n_epochs': 1, 'batch_size': 32, 'num_workers': 2, 'lr': 0.03, 'momentum': 0.9, 'weight_decay': 0.0001, 'fp16': False, 'buffer_size': 500, 'ewc_lambda': 100.0, 'fisher_samples': 200, 'si_lambda': 1.0, 'si_xi': 0.1, 'der_alpha': 0.5, 'xder_beta': 0.5, 'lwf_lambda': 1.0, 'lwf_temp': 2.0, 'icarl_distill_w': 1.0, 'icarl_temp': 2.0, 'use_nmc': True, 'agem_mem_batch': 64, 'distill_lambda': 1.0, 'distill_temp': 2.0, 'pc_distill_w': 1.0, 'pc_ewc_lambda': 100.0, 'pc_compress_epochs': 3, 'er_replay_ratio': 0.5, 'joint_replay_epochs': 1, 'disable_tqdm': True, 'disable_checkpoints': False, 'disable_plots': False, 'resume': True, 'cleanup_checkpoints_on_success': True, 'result_group': 'runs', 'ablation_family': None, 'seeds': [42, 123, 456, 789, 1024], 'results_root': 'F:\\Temp\\cf\\Catastrophic Forgetting\\research_v2\\results', 'seed': 456, 'run_name': 'permuted_mnist_icarl_seed456', 'project_root': 'F:\\Temp\\cf\\Catastrophic Forgetting\\research_v2\\Project', 'workspace_root': 'F:\\Temp\\cf\\Catastrophic Forgetting\\research_v2', 'run_root': 'F:\\Temp\\cf\\Catastrophic Forgetting\\research_v2\\results\\runs\\epoch_1\\permuted_mnist\\hybrids\\icarl\\seed_456', 'log_dir': 'F:\\Temp\\cf\\Catastrophic Forgetting\\research_v2\\results\\runs\\epoch_1\\permuted_mnist\\hybrids\\icarl\\seed_456\\logs', 'metrics_dir': 'F:\\Temp\\cf\\Catastrophic Forgetting\\research_v2\\results\\runs\\epoch_1\\permuted_mnist\\hybrids\\icarl\\seed_456\\metrics', 'checkpoint_dir': 'F:\\Temp\\cf\\Catastrophic Forgetting\\research_v2\\results\\runs\\epoch_1\\permuted_mnist\\hybrids\\icarl\\seed_456\\checkpoints', 'artifact_dir': 'F:\\Temp\\cf\\Catastrophic Forgetting\\research_v2\\results\\runs\\epoch_1\\permuted_mnist\\hybrids\\icarl\\seed_456\\artifacts', 'figure_dir': 'F:\\Temp\\cf\\Catastrophic Forgetting\\research_v2\\results\\figures\\epoch_1\\permuted_mnist\\hybrids\\icarl\\seed_456'}
[08:24:59] Device: cuda
[08:24:59] Dataset: PermutedMNIST(tasks=10, classes_per_task=10, scenario=domain-il)
[08:25:00] 
============================================================
 Task 1/10  | Classes (0, 10)
============================================================
[08:25:00] Task 0 baseline (chance): 10.00%
[08:25:51] task=0  epoch=0  train_loss=0.2686
[08:26:31] task=0  epoch=END  time_sec=51.2  acc_task0=91.97
[08:26:31] 
============================================================
 Task 2/10  | Classes (0, 10)
============================================================
[08:26:31] Task 1 baseline (chance): 10.00%
[08:26:42] Task 1 zero-shot (pre-train): 9.82%
[08:28:18] task=1  epoch=0  train_loss=0.9474
[08:29:12] task=1  epoch=END  time_sec=95.4  acc_task0=88.22  acc_task1=11.46
[08:29:13] 
============================================================
 Task 3/10  | Classes (0, 10)
============================================================
[08:29:13] Task 2 baseline (chance): 10.00%
[08:29:26] Task 2 zero-shot (pre-train): 10.28%
[08:31:12] task=2  epoch=0  train_loss=0.8726
[08:32:15] task=2  epoch=END  time_sec=106.2  acc_task0=87.0  acc_task1=10.28  acc_task2=10.28
[08:32:16] 
============================================================
 Task 4/10  | Classes (0, 10)
============================================================
[08:32:16] Task 3 baseline (chance): 10.00%
[08:32:29] Task 3 zero-shot (pre-train): 10.28%
[08:34:02] task=3  epoch=0  train_loss=0.8926
[08:35:16] task=3  epoch=END  time_sec=92.5  acc_task0=86.92  acc_task1=10.28  acc_task2=10.3  acc_task3=10.28
[08:35:17] 
============================================================
 Task 5/10  | Classes (0, 10)
============================================================
[08:35:17] Task 4 baseline (chance): 10.00%
[08:35:32] Task 4 zero-shot (pre-train): 10.28%
[08:36:44] task=4  epoch=0  train_loss=0.8721
[08:38:14] task=4  epoch=END  time_sec=72.6  acc_task0=86.11  acc_task1=10.28  acc_task2=10.38  acc_task3=13.39  acc_task4=18.56
[08:38:14] 
============================================================
 Task 6/10  | Classes (0, 10)
============================================================
[08:38:14] Task 5 baseline (chance): 10.00%
[08:38:26] Task 5 zero-shot (pre-train): 10.08%
[08:40:00] task=5  epoch=0  train_loss=0.9509
[08:41:48] task=5  epoch=END  time_sec=93.7  acc_task0=86.02  acc_task1=10.31  acc_task2=11.08  acc_task3=10.89  acc_task4=12.53  acc_task5=21.12
[08:41:49] 
============================================================
 Task 7/10  | Classes (0, 10)
============================================================
[08:41:49] Task 6 baseline (chance): 10.00%
[08:42:02] Task 6 zero-shot (pre-train): 10.06%
[08:43:34] task=6  epoch=0  train_loss=0.8733
[08:45:26] task=6  epoch=END  time_sec=92.9  acc_task0=85.34  acc_task1=10.45  acc_task2=10.93  acc_task3=11.24  acc_task4=14.44  acc_task5=23.68  acc_task6=25.34
[08:45:27] 
============================================================
 Task 8/10  | Classes (0, 10)
============================================================
[08:45:27] Task 7 baseline (chance): 10.00%
[08:45:40] Task 7 zero-shot (pre-train): 10.38%
[08:47:14] task=7  epoch=0  train_loss=0.9246
[08:49:21] task=7  epoch=END  time_sec=94.4  acc_task0=84.95  acc_task1=10.27  acc_task2=10.55  acc_task3=10.65  acc_task4=10.37  acc_task5=13.33  acc_task6=16.18  acc_task7=17.52
[08:49:22] 
============================================================
 Task 9/10  | Classes (0, 10)
============================================================
[08:49:22] Task 8 baseline (chance): 10.00%
[08:49:33] Task 8 zero-shot (pre-train): 10.35%
[08:51:12] task=8  epoch=0  train_loss=0.9389
[08:53:37] task=8  epoch=END  time_sec=99.1  acc_task0=85.42  acc_task1=10.28  acc_task2=10.26  acc_task3=10.28  acc_task4=10.28  acc_task5=10.4  acc_task6=10.46  acc_task7=10.93  acc_task8=14.83
[08:53:38] 
============================================================
 Task 10/10  | Classes (0, 10)
============================================================
[08:53:38] Task 9 baseline (chance): 10.00%
[08:53:51] Task 9 zero-shot (pre-train): 10.16%
[08:55:19] task=9  epoch=0  train_loss=0.9228
[08:57:50] task=9  epoch=END  time_sec=87.2  acc_task0=84.6  acc_task1=10.28  acc_task2=10.28  acc_task3=10.31  acc_task4=10.3  acc_task5=11.03  acc_task6=10.31  acc_task7=10.45  acc_task8=16.5  acc_task9=21.99
[08:57:51] 
Final Metrics:
  avg_accuracy         +19.6050
  forgetting           +6.1600
  backward_transfer    -5.2556
  forward_transfer     +0.1878
[08:57:52] 
Done - run: permuted_mnist_icarl_seed456
[08:57:52] Metrics: {'avg_accuracy': 19.605, 'forgetting': 6.16, 'backward_transfer': -5.2556, 'forward_transfer': 0.1878}
[08:57:52] Deleted 10 checkpoint(s) after successful completion.
