[19:32:30] Starting: permuted_mnist_lwf_seed456
[19:32:30] Config: {'dataset': 'permuted_mnist', 'data_root': 'Project/data', 'model': 'resnet8', 'pretrained': False, 'method': 'lwf', 'n_epochs': 1, 'batch_size': 32, 'num_workers': 0, 'lr': 0.03, 'momentum': 0.9, 'weight_decay': 0.0001, 'fp16': False, 'buffer_size': 200, 'ewc_lambda': 100.0, 'fisher_samples': 200, 'si_lambda': 1.0, 'si_xi': 0.1, 'der_alpha': 0.5, 'xder_beta': 0.5, 'lwf_lambda': 1.0, 'lwf_temp': 2.0, 'icarl_distill_w': 1.0, 'icarl_temp': 2.0, 'use_nmc': True, 'agem_mem_batch': 64, 'distill_lambda': 1.0, 'distill_temp': 2.0, 'pc_distill_w': 1.0, 'pc_ewc_lambda': 100.0, 'pc_compress_epochs': 3, 'er_replay_ratio': 0.5, 'joint_replay_epochs': 1, 'disable_tqdm': True, 'seeds': [42, 123, 456, 789, 1024], 'checkpoint_dir': 'results/checkpoints', 'figure_dir': 'results/figures', 'log_dir': 'results/raw', 'run_name': 'permuted_mnist_lwf_seed456', 'seed': 456}
[19:32:30] Device: cuda
[19:32:30] Dataset: PermutedMNIST(tasks=10, classes_per_task=10, scenario=domain-il)
[19:32:30] 
============================================================
 Task 1/10  | Classes (0, 10)
============================================================
[19:32:30] Task 0 baseline (before training): 0.00%
[19:32:56] task=0  epoch=0  train_loss=0.3176
[19:32:58] task=0  epoch=END  time_sec=25.9  acc_task0=93.56
[19:32:58] 
============================================================
 Task 2/10  | Classes (0, 10)
============================================================
[19:33:02] Task 1 baseline (before training): 9.08%
[19:33:32] task=1  epoch=0  train_loss=1.8564
[19:33:39] task=1  epoch=END  time_sec=30.2  acc_task0=84.89  acc_task1=77.87
[19:33:39] 
============================================================
 Task 3/10  | Classes (0, 10)
============================================================
[19:33:42] Task 2 baseline (before training): 8.55%
[19:34:13] task=2  epoch=0  train_loss=1.5011
[19:34:23] task=2  epoch=END  time_sec=30.3  acc_task0=78.16  acc_task1=52.69  acc_task2=86.2
[19:34:23] 
============================================================
 Task 4/10  | Classes (0, 10)
============================================================
[19:34:26] Task 3 baseline (before training): 9.10%
[19:34:56] task=3  epoch=0  train_loss=1.2837
[19:35:10] task=3  epoch=END  time_sec=30.4  acc_task0=61.26  acc_task1=36.28  acc_task2=63.99  acc_task3=93.19
[19:35:10] 
============================================================
 Task 5/10  | Classes (0, 10)
============================================================
[19:35:13] Task 4 baseline (before training): 6.29%
[19:35:43] task=4  epoch=0  train_loss=1.2813
[19:36:00] task=4  epoch=END  time_sec=30.1  acc_task0=43.24  acc_task1=27.13  acc_task2=50.19  acc_task3=70.79  acc_task4=95.35
[19:36:00] 
============================================================
 Task 6/10  | Classes (0, 10)
============================================================
[19:36:04] Task 5 baseline (before training): 9.68%
[19:36:34] task=5  epoch=0  train_loss=1.2303
[19:36:54] task=5  epoch=END  time_sec=30.4  acc_task0=35.32  acc_task1=20.33  acc_task2=31.42  acc_task3=41.69  acc_task4=82.12  acc_task5=95.5
[19:36:54] 
============================================================
 Task 7/10  | Classes (0, 10)
============================================================
[19:36:57] Task 6 baseline (before training): 12.11%
[19:37:26] task=6  epoch=0  train_loss=1.2109
[19:37:48] task=6  epoch=END  time_sec=29.0  acc_task0=28.44  acc_task1=14.75  acc_task2=22.06  acc_task3=27.41  acc_task4=53.92  acc_task5=81.58  acc_task6=95.97
[19:37:48] 
============================================================
 Task 8/10  | Classes (0, 10)
============================================================
[19:37:51] Task 7 baseline (before training): 10.68%
[19:38:21] task=7  epoch=0  train_loss=1.1897
[19:38:48] task=7  epoch=END  time_sec=30.2  acc_task0=21.8  acc_task1=15.95  acc_task2=17.67  acc_task3=17.67  acc_task4=37.62  acc_task5=48.98  acc_task6=83.34  acc_task7=95.52
[19:38:48] 
============================================================
 Task 9/10  | Classes (0, 10)
============================================================
[19:38:51] Task 8 baseline (before training): 12.94%
[19:39:21] task=8  epoch=0  train_loss=1.1974
[19:39:52] task=8  epoch=END  time_sec=30.0  acc_task0=20.05  acc_task1=11.87  acc_task2=11.91  acc_task3=21.27  acc_task4=26.55  acc_task5=40.13  acc_task6=60.17  acc_task7=77.53  acc_task8=95.75
[19:39:52] 
============================================================
 Task 10/10  | Classes (0, 10)
============================================================
[19:39:55] Task 9 baseline (before training): 11.84%
[19:40:25] task=9  epoch=0  train_loss=1.185
[19:40:59] task=9  epoch=END  time_sec=30.4  acc_task0=15.88  acc_task1=12.01  acc_task2=11.07  acc_task3=16.83  acc_task4=23.23  acc_task5=28.73  acc_task6=37.49  acc_task7=44.16  acc_task8=79.12  acc_task9=95.56
[19:40:59] 
Final Metrics:
  avg_accuracy         +36.4080
  forgetting           +62.2656
  backward_transfer    -62.2656
  forward_transfer     +0.0000
[19:41:00] 
Done - run: permuted_mnist_lwf_seed456
[19:41:00] Metrics: {'avg_accuracy': 36.408, 'forgetting': 62.2656, 'backward_transfer': -62.2656, 'forward_transfer': 0.0}
