[19:41:00] Starting: permuted_mnist_lwf_seed789
[19:41:00] Config: {'dataset': 'permuted_mnist', 'data_root': 'Project/data', 'model': 'resnet8', 'pretrained': False, 'method': 'lwf', 'n_epochs': 1, 'batch_size': 32, 'num_workers': 0, 'lr': 0.03, 'momentum': 0.9, 'weight_decay': 0.0001, 'fp16': False, 'buffer_size': 200, 'ewc_lambda': 100.0, 'fisher_samples': 200, 'si_lambda': 1.0, 'si_xi': 0.1, 'der_alpha': 0.5, 'xder_beta': 0.5, 'lwf_lambda': 1.0, 'lwf_temp': 2.0, 'icarl_distill_w': 1.0, 'icarl_temp': 2.0, 'use_nmc': True, 'agem_mem_batch': 64, 'distill_lambda': 1.0, 'distill_temp': 2.0, 'pc_distill_w': 1.0, 'pc_ewc_lambda': 100.0, 'pc_compress_epochs': 3, 'er_replay_ratio': 0.5, 'joint_replay_epochs': 1, 'disable_tqdm': True, 'seeds': [42, 123, 456, 789, 1024], 'checkpoint_dir': 'results/checkpoints', 'figure_dir': 'results/figures', 'log_dir': 'results/raw', 'run_name': 'permuted_mnist_lwf_seed789', 'seed': 789}
[19:41:00] Device: cuda
[19:41:00] Dataset: PermutedMNIST(tasks=10, classes_per_task=10, scenario=domain-il)
[19:41:00] 
============================================================
 Task 1/10  | Classes (0, 10)
============================================================
[19:41:00] Task 0 baseline (before training): 0.00%
[19:41:25] task=0  epoch=0  train_loss=0.3135
[19:41:27] task=0  epoch=END  time_sec=24.9  acc_task0=94.32
[19:41:27] 
============================================================
 Task 2/10  | Classes (0, 10)
============================================================
[19:41:31] Task 1 baseline (before training): 8.82%
[19:42:00] task=1  epoch=0  train_loss=1.8809
[19:42:05] task=1  epoch=END  time_sec=29.1  acc_task0=89.68  acc_task1=75.87
[19:42:05] 
============================================================
 Task 3/10  | Classes (0, 10)
============================================================
[19:42:09] Task 2 baseline (before training): 10.52%
[19:42:39] task=2  epoch=0  train_loss=1.471
[19:42:49] task=2  epoch=END  time_sec=30.3  acc_task0=74.11  acc_task1=56.15  acc_task2=86.89
[19:42:49] 
============================================================
 Task 4/10  | Classes (0, 10)
============================================================
[19:42:52] Task 3 baseline (before training): 12.93%
[19:43:23] task=3  epoch=0  train_loss=1.264
[19:43:36] task=3  epoch=END  time_sec=30.3  acc_task0=59.05  acc_task1=44.64  acc_task2=58.76  acc_task3=95.35
[19:43:36] 
============================================================
 Task 5/10  | Classes (0, 10)
============================================================
[19:43:39] Task 4 baseline (before training): 11.49%
[19:44:10] task=4  epoch=0  train_loss=1.271
[19:44:27] task=4  epoch=END  time_sec=30.3  acc_task0=38.44  acc_task1=34.35  acc_task2=41.06  acc_task3=72.39  acc_task4=95.09
[19:44:27] 
============================================================
 Task 6/10  | Classes (0, 10)
============================================================
[19:44:30] Task 5 baseline (before training): 9.55%
[19:45:01] task=5  epoch=0  train_loss=1.2348
[19:45:21] task=5  epoch=END  time_sec=30.5  acc_task0=28.07  acc_task1=17.82  acc_task2=23.11  acc_task3=38.12  acc_task4=76.79  acc_task5=95.3
[19:45:21] 
============================================================
 Task 7/10  | Classes (0, 10)
============================================================
[19:45:24] Task 6 baseline (before training): 10.78%
[19:45:55] task=6  epoch=0  train_loss=1.2543
[19:46:18] task=6  epoch=END  time_sec=30.4  acc_task0=26.5  acc_task1=12.07  acc_task2=24.21  acc_task3=26.73  acc_task4=42.39  acc_task5=65.03  acc_task6=95.12
[19:46:18] 
============================================================
 Task 8/10  | Classes (0, 10)
============================================================
[19:46:22] Task 7 baseline (before training): 9.91%
[19:46:52] task=7  epoch=0  train_loss=1.2183
[19:47:20] task=7  epoch=END  time_sec=30.6  acc_task0=19.96  acc_task1=13.9  acc_task2=22.75  acc_task3=19.57  acc_task4=29.62  acc_task5=44.29  acc_task6=83.15  acc_task7=95.6
[19:47:20] 
============================================================
 Task 9/10  | Classes (0, 10)
============================================================
[19:47:23] Task 8 baseline (before training): 11.81%
[19:47:53] task=8  epoch=0  train_loss=1.2062
[19:48:23] task=8  epoch=END  time_sec=30.4  acc_task0=12.69  acc_task1=11.89  acc_task2=16.48  acc_task3=15.01  acc_task4=18.19  acc_task5=23.02  acc_task6=37.16  acc_task7=68.46  acc_task8=95.46
[19:48:23] 
============================================================
 Task 10/10  | Classes (0, 10)
============================================================
[19:48:26] Task 9 baseline (before training): 13.04%
[19:48:56] task=9  epoch=0  train_loss=1.2336
[19:49:27] task=9  epoch=END  time_sec=29.2  acc_task0=15.14  acc_task1=12.61  acc_task2=14.27  acc_task3=18.61  acc_task4=14.11  acc_task5=16.83  acc_task6=24.43  acc_task7=35.19  acc_task8=69.35  acc_task9=95.65
[19:49:27] 
Final Metrics:
  avg_accuracy         +31.6190
  forgetting           +67.6067
  backward_transfer    -67.6067
  forward_transfer     +0.0000
[19:49:27] 
Done - run: permuted_mnist_lwf_seed789
[19:49:27] Metrics: {'avg_accuracy': 31.619, 'forgetting': 67.6067, 'backward_transfer': -67.6067, 'forward_transfer': 0.0}
