[09:01:47] Starting: split_mini_imagenet_der_seed789
[09:01:47] Config: {'dataset': 'split_mini_imagenet', 'data_root': 'F:\\Temp\\cf\\Catastrophic Forgetting\\research_v2\\Project\\data_local\\mini-imagenet', 'dataset_image_size': None, 'dataset_out_channels': None, 'model': 'slim_resnet18', 'pretrained': False, 'model_image_size': None, 'method': 'der', 'n_epochs': 1, 'batch_size': 32, 'num_workers': 0, 'lr': 0.03, 'momentum': 0.9, 'weight_decay': 0.0001, 'fp16': True, 'buffer_size': 200, 'ewc_lambda': 100.0, 'fisher_samples': 200, 'si_lambda': 1.0, 'si_xi': 0.1, 'der_alpha': 0.5, 'xder_beta': 0.5, 'lwf_lambda': 1.0, 'lwf_temp': 2.0, 'icarl_distill_w': 1.0, 'icarl_temp': 2.0, 'use_nmc': True, 'agem_mem_batch': 64, 'distill_lambda': 1.0, 'distill_temp': 2.0, 'pc_distill_w': 1.0, 'pc_ewc_lambda': 100.0, 'pc_compress_epochs': 3, 'er_replay_ratio': 0.5, 'joint_replay_epochs': 1, 'disable_tqdm': True, 'disable_checkpoints': False, 'disable_plots': False, 'resume': True, 'cleanup_checkpoints_on_success': True, 'result_group': 'runs', 'ablation_family': None, 'seeds': [42, 123, 456, 789, 1024], 'results_root': 'F:\\Temp\\cf\\Catastrophic Forgetting\\research_v2\\results', 'seed': 789, 'run_name': 'split_mini_imagenet_der_seed789', 'project_root': 'F:\\Temp\\cf\\Catastrophic Forgetting\\research_v2\\Project', 'workspace_root': 'F:\\Temp\\cf\\Catastrophic Forgetting\\research_v2', 'run_root': 'F:\\Temp\\cf\\Catastrophic Forgetting\\research_v2\\results\\runs\\epoch_1\\split_mini_imagenet\\hybrids\\der\\seed_789', 'log_dir': 'F:\\Temp\\cf\\Catastrophic Forgetting\\research_v2\\results\\runs\\epoch_1\\split_mini_imagenet\\hybrids\\der\\seed_789\\logs', 'metrics_dir': 'F:\\Temp\\cf\\Catastrophic Forgetting\\research_v2\\results\\runs\\epoch_1\\split_mini_imagenet\\hybrids\\der\\seed_789\\metrics', 'checkpoint_dir': 'F:\\Temp\\cf\\Catastrophic Forgetting\\research_v2\\results\\runs\\epoch_1\\split_mini_imagenet\\hybrids\\der\\seed_789\\checkpoints', 'artifact_dir': 'F:\\Temp\\cf\\Catastrophic Forgetting\\research_v2\\results\\runs\\epoch_1\\split_mini_imagenet\\hybrids\\der\\seed_789\\artifacts', 'figure_dir': 'F:\\Temp\\cf\\Catastrophic Forgetting\\research_v2\\results\\figures\\epoch_1\\split_mini_imagenet\\hybrids\\der\\seed_789'}
[09:01:47] Device: cuda
[09:01:49] Dataset: SplitMiniImageNet(tasks=20, classes_per_task=5, scenario=class-il)
[09:01:49] 
============================================================
 Task 1/20  | Classes (0, 5)
============================================================
[09:01:49] Task 0 baseline (chance): 20.00%
[09:02:07] task=0  epoch=0  train_loss=1.8501
[09:02:10] task=0  epoch=END  time_sec=18.0  acc_task0=36.0
[09:02:10] 
============================================================
 Task 2/20  | Classes (5, 10)
============================================================
[09:02:10] Task 1 baseline (chance): 10.00%
[09:02:13] Task 1 zero-shot (pre-train): 3.67%
[09:02:31] task=1  epoch=0  train_loss=1.6867
[09:02:36] task=1  epoch=END  time_sec=18.2  acc_task0=0.0  acc_task1=58.67
[09:02:36] 
============================================================
 Task 3/20  | Classes (10, 15)
============================================================
[09:02:36] Task 2 baseline (chance): 6.67%
[09:02:39] Task 2 zero-shot (pre-train): 0.00%
[09:02:54] task=2  epoch=0  train_loss=2.0556
[09:03:01] task=2  epoch=END  time_sec=15.6  acc_task0=0.0  acc_task1=0.0  acc_task2=38.5
[09:03:01] 
============================================================
 Task 4/20  | Classes (15, 20)
============================================================
[09:03:01] Task 3 baseline (chance): 5.00%
[09:03:04] Task 3 zero-shot (pre-train): 0.00%
[09:03:20] task=3  epoch=0  train_loss=2.6776
[09:03:29] task=3  epoch=END  time_sec=15.9  acc_task0=0.0  acc_task1=0.0  acc_task2=4.67  acc_task3=30.83
[09:03:29] 
============================================================
 Task 5/20  | Classes (20, 25)
============================================================
[09:03:29] Task 4 baseline (chance): 4.00%
[09:03:31] Task 4 zero-shot (pre-train): 0.00%
[09:03:48] task=4  epoch=0  train_loss=3.2689
[09:03:59] task=4  epoch=END  time_sec=16.6  acc_task0=0.0  acc_task1=0.0  acc_task2=0.0  acc_task3=0.0  acc_task4=24.67
[09:03:59] 
============================================================
 Task 6/20  | Classes (25, 30)
============================================================
[09:03:59] Task 5 baseline (chance): 3.33%
[09:04:02] Task 5 zero-shot (pre-train): 0.00%
[09:04:19] task=5  epoch=0  train_loss=3.6317
[09:04:32] task=5  epoch=END  time_sec=17.6  acc_task0=0.0  acc_task1=0.0  acc_task2=0.0  acc_task3=0.0  acc_task4=0.0  acc_task5=40.33
[09:04:33] 
============================================================
 Task 7/20  | Classes (30, 35)
============================================================
[09:04:33] Task 6 baseline (chance): 2.86%
[09:04:35] Task 6 zero-shot (pre-train): 0.00%
[09:04:52] task=6  epoch=0  train_loss=4.074
[09:05:07] task=6  epoch=END  time_sec=16.5  acc_task0=0.0  acc_task1=0.0  acc_task2=0.0  acc_task3=0.0  acc_task4=0.0  acc_task5=0.0  acc_task6=33.5
[09:05:07] 
============================================================
 Task 8/20  | Classes (35, 40)
============================================================
[09:05:07] Task 7 baseline (chance): 2.50%
[09:05:10] Task 7 zero-shot (pre-train): 0.00%
[09:05:28] task=7  epoch=0  train_loss=4.1927
[09:05:48] task=7  epoch=END  time_sec=17.6  acc_task0=0.0  acc_task1=0.0  acc_task2=0.0  acc_task3=0.0  acc_task4=0.0  acc_task5=0.0  acc_task6=0.0  acc_task7=34.67
[09:05:48] 
============================================================
 Task 9/20  | Classes (40, 45)
============================================================
[09:05:48] Task 8 baseline (chance): 2.22%
[09:05:53] Task 8 zero-shot (pre-train): 0.00%
[09:06:13] task=8  epoch=0  train_loss=4.3119
[09:06:36] task=8  epoch=END  time_sec=19.9  acc_task0=0.0  acc_task1=0.0  acc_task2=0.0  acc_task3=0.0  acc_task4=0.0  acc_task5=0.0  acc_task6=0.0  acc_task7=0.0  acc_task8=39.17
[09:06:36] 
============================================================
 Task 10/20  | Classes (45, 50)
============================================================
[09:06:36] Task 9 baseline (chance): 2.00%
[09:06:39] Task 9 zero-shot (pre-train): 0.00%
[09:06:55] task=9  epoch=0  train_loss=4.7514
[09:07:21] task=9  epoch=END  time_sec=16.1  acc_task0=0.0  acc_task1=0.0  acc_task2=0.0  acc_task3=0.0  acc_task4=0.0  acc_task5=0.0  acc_task6=0.0  acc_task7=0.0  acc_task8=0.0  acc_task9=27.83
[09:07:22] 
============================================================
 Task 11/20  | Classes (50, 55)
============================================================
[09:07:22] Task 10 baseline (chance): 1.82%
[09:07:25] Task 10 zero-shot (pre-train): 0.00%
[09:07:42] task=10  epoch=0  train_loss=5.2593
[09:08:10] task=10  epoch=END  time_sec=17.8  acc_task0=0.0  acc_task1=0.0  acc_task2=0.0  acc_task3=0.0  acc_task4=0.0  acc_task5=0.0  acc_task6=0.0  acc_task7=0.0  acc_task8=0.0  acc_task9=0.0  acc_task10=34.17
[09:08:11] 
============================================================
 Task 12/20  | Classes (55, 60)
============================================================
[09:08:11] Task 11 baseline (chance): 1.67%
[09:08:14] Task 11 zero-shot (pre-train): 0.00%
[09:08:32] task=11  epoch=0  train_loss=5.4886
[09:09:01] task=11  epoch=END  time_sec=17.5  acc_task0=0.0  acc_task1=0.0  acc_task2=0.0  acc_task3=0.0  acc_task4=0.0  acc_task5=0.0  acc_task6=0.0  acc_task7=0.0  acc_task8=0.0  acc_task9=0.0  acc_task10=0.0  acc_task11=23.33
[09:09:02] 
============================================================
 Task 13/20  | Classes (60, 65)
============================================================
[09:09:02] Task 12 baseline (chance): 1.54%
[09:09:05] Task 12 zero-shot (pre-train): 0.00%
[09:09:21] task=12  epoch=0  train_loss=6.1146
[09:09:53] task=12  epoch=END  time_sec=16.7  acc_task0=0.0  acc_task1=0.0  acc_task2=0.0  acc_task3=0.0  acc_task4=0.0  acc_task5=0.0  acc_task6=0.0  acc_task7=0.0  acc_task8=0.0  acc_task9=0.0  acc_task10=0.0  acc_task11=0.0  acc_task12=29.5
[09:09:54] 
============================================================
 Task 14/20  | Classes (65, 70)
============================================================
[09:09:54] Task 13 baseline (chance): 1.43%
[09:09:57] Task 13 zero-shot (pre-train): 0.00%
[09:10:13] task=13  epoch=0  train_loss=5.9689
[09:10:47] task=13  epoch=END  time_sec=16.4  acc_task0=0.0  acc_task1=0.0  acc_task2=0.0  acc_task3=0.0  acc_task4=0.0  acc_task5=0.0  acc_task6=0.0  acc_task7=0.0  acc_task8=0.0  acc_task9=0.0  acc_task10=0.0  acc_task11=0.0  acc_task12=0.0  acc_task13=26.33
[09:10:48] 
============================================================
 Task 15/20  | Classes (70, 75)
============================================================
[09:10:48] Task 14 baseline (chance): 1.33%
[09:10:51] Task 14 zero-shot (pre-train): 0.00%
[09:11:08] task=14  epoch=0  train_loss=6.1999
[09:11:44] task=14  epoch=END  time_sec=16.9  acc_task0=0.0  acc_task1=0.0  acc_task2=0.0  acc_task3=0.0  acc_task4=0.0  acc_task5=0.0  acc_task6=0.0  acc_task7=0.0  acc_task8=0.0  acc_task9=0.0  acc_task10=0.0  acc_task11=0.0  acc_task12=0.0  acc_task13=0.0  acc_task14=23.5
[09:11:45] 
============================================================
 Task 16/20  | Classes (75, 80)
============================================================
[09:11:45] Task 15 baseline (chance): 1.25%
[09:11:48] Task 15 zero-shot (pre-train): 0.00%
[09:12:06] task=15  epoch=0  train_loss=6.0359
[09:12:46] task=15  epoch=END  time_sec=17.9  acc_task0=0.0  acc_task1=0.0  acc_task2=0.0  acc_task3=0.0  acc_task4=0.0  acc_task5=0.0  acc_task6=0.0  acc_task7=0.0  acc_task8=0.0  acc_task9=0.0  acc_task10=0.0  acc_task11=0.0  acc_task12=0.0  acc_task13=0.0  acc_task14=0.0  acc_task15=30.33
[09:12:46] 
============================================================
 Task 17/20  | Classes (80, 85)
============================================================
[09:12:46] Task 16 baseline (chance): 1.18%
[09:12:49] Task 16 zero-shot (pre-train): 0.00%
[09:13:07] task=16  epoch=0  train_loss=5.7619
[09:13:51] task=16  epoch=END  time_sec=18.3  acc_task0=0.0  acc_task1=0.0  acc_task2=0.0  acc_task3=0.0  acc_task4=0.0  acc_task5=0.0  acc_task6=0.0  acc_task7=0.0  acc_task8=0.0  acc_task9=0.0  acc_task10=0.0  acc_task11=0.0  acc_task12=0.0  acc_task13=0.0  acc_task14=0.0  acc_task15=0.0  acc_task16=31.67
[09:13:51] 
============================================================
 Task 18/20  | Classes (85, 90)
============================================================
[09:13:51] Task 17 baseline (chance): 1.11%
[09:13:54] Task 17 zero-shot (pre-train): 0.00%
[09:14:11] task=17  epoch=0  train_loss=6.133
[09:14:56] task=17  epoch=END  time_sec=17.0  acc_task0=0.0  acc_task1=0.0  acc_task2=0.0  acc_task3=0.0  acc_task4=0.0  acc_task5=0.0  acc_task6=0.0  acc_task7=0.0  acc_task8=0.0  acc_task9=0.0  acc_task10=0.0  acc_task11=0.0  acc_task12=0.0  acc_task13=0.0  acc_task14=0.0  acc_task15=0.0  acc_task16=0.0  acc_task17=29.67
[09:14:56] 
============================================================
 Task 19/20  | Classes (90, 95)
============================================================
[09:14:56] Task 18 baseline (chance): 1.05%
[09:14:59] Task 18 zero-shot (pre-train): 0.00%
[09:15:16] task=18  epoch=0  train_loss=5.9245
[09:16:04] task=18  epoch=END  time_sec=16.6  acc_task0=0.0  acc_task1=0.0  acc_task2=0.0  acc_task3=0.0  acc_task4=0.0  acc_task5=0.0  acc_task6=0.0  acc_task7=0.0  acc_task8=0.0  acc_task9=0.0  acc_task10=0.0  acc_task11=0.0  acc_task12=0.0  acc_task13=0.0  acc_task14=0.0  acc_task15=0.0  acc_task16=0.0  acc_task17=0.0  acc_task18=32.83
[09:16:05] 
============================================================
 Task 20/20  | Classes (95, 100)
============================================================
[09:16:05] Task 19 baseline (chance): 1.00%
[09:16:08] Task 19 zero-shot (pre-train): 0.00%
[09:16:24] task=19  epoch=0  train_loss=6.0841
[09:17:14] task=19  epoch=END  time_sec=16.6  acc_task0=0.0  acc_task1=0.0  acc_task2=0.0  acc_task3=0.0  acc_task4=0.0  acc_task5=0.0  acc_task6=0.0  acc_task7=0.0  acc_task8=0.0  acc_task9=0.0  acc_task10=0.0  acc_task11=0.0  acc_task12=0.0  acc_task13=0.0  acc_task14=0.0  acc_task15=0.0  acc_task16=0.0  acc_task17=0.0  acc_task18=0.0  acc_task19=41.17
[09:17:15] 
Final Metrics:
  avg_accuracy         +2.0583
  forgetting           +32.9211
  backward_transfer    -32.9211
  forward_transfer     -2.5415
[09:17:17] 
Done - run: split_mini_imagenet_der_seed789
[09:17:17] Metrics: {'avg_accuracy': 2.0583, 'forgetting': 32.9211, 'backward_transfer': -32.9211, 'forward_transfer': -2.5415}
[09:17:17] Deleted 20 checkpoint(s) after successful completion.
