[02:53:54] Starting: split_cifar100_icarl_seed789
[02:53:54] Config: {'dataset': 'split_cifar100', 'data_root': 'F:\\Temp\\cf\\Catastrophic Forgetting\\research_v2\\Project\\data_local', 'dataset_image_size': None, 'dataset_out_channels': None, 'model': 'slim_resnet18', 'pretrained': False, 'model_image_size': None, 'method': 'icarl', 'n_epochs': 1, 'batch_size': 32, 'num_workers': 0, 'lr': 0.03, 'momentum': 0.9, 'weight_decay': 0.0001, 'fp16': True, 'buffer_size': 500, 'ewc_lambda': 100.0, 'fisher_samples': 200, 'si_lambda': 1.0, 'si_xi': 0.1, 'der_alpha': 0.5, 'xder_beta': 0.5, 'lwf_lambda': 1.0, 'lwf_temp': 2.0, 'icarl_distill_w': 1.0, 'icarl_temp': 2.0, 'use_nmc': True, 'agem_mem_batch': 64, 'distill_lambda': 1.0, 'distill_temp': 2.0, 'pc_distill_w': 1.0, 'pc_ewc_lambda': 100.0, 'pc_compress_epochs': 3, 'er_replay_ratio': 0.5, 'joint_replay_epochs': 1, 'disable_tqdm': True, 'disable_checkpoints': False, 'disable_plots': False, 'resume': True, 'cleanup_checkpoints_on_success': True, 'result_group': 'runs', 'ablation_family': None, 'seeds': [42, 123, 456, 789, 1024], 'results_root': 'F:\\Temp\\cf\\Catastrophic Forgetting\\research_v2\\results', 'seed': 789, 'run_name': 'split_cifar100_icarl_seed789', 'project_root': 'F:\\Temp\\cf\\Catastrophic Forgetting\\research_v2\\Project', 'workspace_root': 'F:\\Temp\\cf\\Catastrophic Forgetting\\research_v2', 'run_root': 'F:\\Temp\\cf\\Catastrophic Forgetting\\research_v2\\results\\runs\\epoch_1\\split_cifar100\\hybrids\\icarl\\seed_789', 'log_dir': 'F:\\Temp\\cf\\Catastrophic Forgetting\\research_v2\\results\\runs\\epoch_1\\split_cifar100\\hybrids\\icarl\\seed_789\\logs', 'metrics_dir': 'F:\\Temp\\cf\\Catastrophic Forgetting\\research_v2\\results\\runs\\epoch_1\\split_cifar100\\hybrids\\icarl\\seed_789\\metrics', 'checkpoint_dir': 'F:\\Temp\\cf\\Catastrophic Forgetting\\research_v2\\results\\runs\\epoch_1\\split_cifar100\\hybrids\\icarl\\seed_789\\checkpoints', 'artifact_dir': 'F:\\Temp\\cf\\Catastrophic Forgetting\\research_v2\\results\\runs\\epoch_1\\split_cifar100\\hybrids\\icarl\\seed_789\\artifacts', 'figure_dir': 'F:\\Temp\\cf\\Catastrophic Forgetting\\research_v2\\results\\figures\\epoch_1\\split_cifar100\\hybrids\\icarl\\seed_789'}
[02:53:54] Device: cuda
[02:53:56] Dataset: SplitCIFAR100(tasks=20, classes_per_task=5, scenario=class-il)
[02:53:57] 
============================================================
 Task 1/20  | Classes (0, 5)
============================================================
[02:53:57] Task 0 baseline (chance): 20.00%
[02:54:01] task=0  epoch=0  train_loss=1.5232
[02:54:05] task=0  epoch=END  time_sec=4.7  acc_task0=51.6
[02:54:05] 
============================================================
 Task 2/20  | Classes (5, 10)
============================================================
[02:54:05] Task 1 baseline (chance): 10.00%
[02:54:06] Task 1 zero-shot (pre-train): 0.00%
[02:54:12] task=1  epoch=0  train_loss=1.7326
[02:54:15] task=1  epoch=END  time_sec=5.8  acc_task0=38.4  acc_task1=25.6
[02:54:16] 
============================================================
 Task 3/20  | Classes (10, 15)
============================================================
[02:54:16] Task 2 baseline (chance): 6.67%
[02:54:16] Task 2 zero-shot (pre-train): 0.00%
[02:54:22] task=2  epoch=0  train_loss=1.7769
[02:54:27] task=2  epoch=END  time_sec=6.3  acc_task0=28.4  acc_task1=16.8  acc_task2=25.2
[02:54:27] 
============================================================
 Task 4/20  | Classes (15, 20)
============================================================
[02:54:27] Task 3 baseline (chance): 5.00%
[02:54:27] Task 3 zero-shot (pre-train): 0.00%
[02:54:33] task=3  epoch=0  train_loss=2.5051
[02:54:37] task=3  epoch=END  time_sec=5.4  acc_task0=25.2  acc_task1=4.6  acc_task2=11.6  acc_task3=29.4
[02:54:37] 
============================================================
 Task 5/20  | Classes (20, 25)
============================================================
[02:54:37] Task 4 baseline (chance): 4.00%
[02:54:37] Task 4 zero-shot (pre-train): 0.00%
[02:54:42] task=4  epoch=0  train_loss=2.5941
[02:54:46] task=4  epoch=END  time_sec=4.8  acc_task0=18.4  acc_task1=2.4  acc_task2=5.4  acc_task3=24.4  acc_task4=33.4
[02:54:46] 
============================================================
 Task 6/20  | Classes (25, 30)
============================================================
[02:54:46] Task 5 baseline (chance): 3.33%
[02:54:46] Task 5 zero-shot (pre-train): 0.00%
[02:54:51] task=5  epoch=0  train_loss=3.1996
[02:54:55] task=5  epoch=END  time_sec=4.7  acc_task0=16.4  acc_task1=4.6  acc_task2=2.4  acc_task3=27.8  acc_task4=31.0  acc_task5=1.0
[02:54:55] 
============================================================
 Task 7/20  | Classes (30, 35)
============================================================
[02:54:55] Task 6 baseline (chance): 2.86%
[02:54:55] Task 6 zero-shot (pre-train): 0.00%
[02:55:00] task=6  epoch=0  train_loss=3.1322
[02:55:05] task=6  epoch=END  time_sec=5.0  acc_task0=15.0  acc_task1=3.4  acc_task2=3.4  acc_task3=22.0  acc_task4=23.6  acc_task5=0.2  acc_task6=16.6
[02:55:06] 
============================================================
 Task 8/20  | Classes (35, 40)
============================================================
[02:55:06] Task 7 baseline (chance): 2.50%
[02:55:06] Task 7 zero-shot (pre-train): 0.00%
[02:55:12] task=7  epoch=0  train_loss=3.3806
[02:55:17] task=7  epoch=END  time_sec=5.5  acc_task0=14.0  acc_task1=5.4  acc_task2=5.6  acc_task3=20.4  acc_task4=18.2  acc_task5=0.0  acc_task6=15.4  acc_task7=4.2
[02:55:18] 
============================================================
 Task 9/20  | Classes (40, 45)
============================================================
[02:55:18] Task 8 baseline (chance): 2.22%
[02:55:18] Task 8 zero-shot (pre-train): 0.00%
[02:55:23] task=8  epoch=0  train_loss=3.6332
[02:55:29] task=8  epoch=END  time_sec=5.4  acc_task0=15.2  acc_task1=0.6  acc_task2=1.4  acc_task3=20.2  acc_task4=11.4  acc_task5=0.4  acc_task6=18.4  acc_task7=11.2  acc_task8=6.4
[02:55:29] 
============================================================
 Task 10/20  | Classes (45, 50)
============================================================
[02:55:29] Task 9 baseline (chance): 2.00%
[02:55:30] Task 9 zero-shot (pre-train): 0.00%
[02:55:35] task=9  epoch=0  train_loss=3.5473
[02:55:41] task=9  epoch=END  time_sec=5.3  acc_task0=8.0  acc_task1=0.8  acc_task2=3.0  acc_task3=19.2  acc_task4=25.2  acc_task5=0.6  acc_task6=5.2  acc_task7=7.4  acc_task8=3.2  acc_task9=1.6
[02:55:41] 
============================================================
 Task 11/20  | Classes (50, 55)
============================================================
[02:55:41] Task 10 baseline (chance): 1.82%
[02:55:41] Task 10 zero-shot (pre-train): 0.00%
[02:55:47] task=10  epoch=0  train_loss=3.646
[02:55:53] task=10  epoch=END  time_sec=5.6  acc_task0=6.8  acc_task1=0.8  acc_task2=4.6  acc_task3=14.2  acc_task4=15.0  acc_task5=0.4  acc_task6=17.4  acc_task7=6.4  acc_task8=3.4  acc_task9=7.2  acc_task10=24.6
[02:55:54] 
============================================================
 Task 12/20  | Classes (55, 60)
============================================================
[02:55:54] Task 11 baseline (chance): 1.67%
[02:55:54] Task 11 zero-shot (pre-train): 0.00%
[02:56:00] task=11  epoch=0  train_loss=4.0665
[02:56:06] task=11  epoch=END  time_sec=5.5  acc_task0=7.0  acc_task1=0.6  acc_task2=3.2  acc_task3=11.0  acc_task4=11.0  acc_task5=0.6  acc_task6=12.4  acc_task7=5.8  acc_task8=3.8  acc_task9=7.8  acc_task10=30.4  acc_task11=5.0
[02:56:07] 
============================================================
 Task 13/20  | Classes (60, 65)
============================================================
[02:56:07] Task 12 baseline (chance): 1.54%
[02:56:07] Task 12 zero-shot (pre-train): 0.00%
[02:56:15] task=12  epoch=0  train_loss=3.6995
[02:56:23] task=12  epoch=END  time_sec=7.3  acc_task0=8.4  acc_task1=0.4  acc_task2=1.6  acc_task3=7.2  acc_task4=11.4  acc_task5=0.8  acc_task6=19.4  acc_task7=6.4  acc_task8=5.8  acc_task9=8.4  acc_task10=21.2  acc_task11=4.0  acc_task12=4.8
[02:56:24] 
============================================================
 Task 14/20  | Classes (65, 70)
============================================================
[02:56:24] Task 13 baseline (chance): 1.43%
[02:56:24] Task 13 zero-shot (pre-train): 0.00%
[02:56:30] task=13  epoch=0  train_loss=4.0019
[02:56:37] task=13  epoch=END  time_sec=5.8  acc_task0=3.4  acc_task1=0.4  acc_task2=4.2  acc_task3=10.8  acc_task4=10.8  acc_task5=0.0  acc_task6=20.8  acc_task7=10.0  acc_task8=6.0  acc_task9=5.0  acc_task10=22.2  acc_task11=2.8  acc_task12=5.4  acc_task13=1.6
[02:56:40] 
============================================================
 Task 15/20  | Classes (70, 75)
============================================================
[02:56:40] Task 14 baseline (chance): 1.33%
[02:56:40] Task 14 zero-shot (pre-train): 0.00%
[02:56:47] task=14  epoch=0  train_loss=3.9735
[02:56:54] task=14  epoch=END  time_sec=6.8  acc_task0=2.0  acc_task1=1.4  acc_task2=5.8  acc_task3=3.6  acc_task4=7.2  acc_task5=0.0  acc_task6=16.4  acc_task7=6.0  acc_task8=4.0  acc_task9=7.2  acc_task10=18.6  acc_task11=2.6  acc_task12=13.8  acc_task13=4.0  acc_task14=6.0
[02:56:54] 
============================================================
 Task 16/20  | Classes (75, 80)
============================================================
[02:56:54] Task 15 baseline (chance): 1.25%
[02:56:54] Task 15 zero-shot (pre-train): 0.00%
[02:57:00] task=15  epoch=0  train_loss=4.3667
[02:57:05] task=15  epoch=END  time_sec=5.1  acc_task0=2.2  acc_task1=1.6  acc_task2=3.8  acc_task3=6.8  acc_task4=4.0  acc_task5=0.0  acc_task6=12.4  acc_task7=6.2  acc_task8=5.2  acc_task9=8.0  acc_task10=16.8  acc_task11=1.4  acc_task12=17.0  acc_task13=1.2  acc_task14=10.2  acc_task15=2.8
[02:57:06] 
============================================================
 Task 17/20  | Classes (80, 85)
============================================================
[02:57:06] Task 16 baseline (chance): 1.18%
[02:57:06] Task 16 zero-shot (pre-train): 0.00%
[02:57:12] task=16  epoch=0  train_loss=4.3069
[02:57:19] task=16  epoch=END  time_sec=5.5  acc_task0=2.8  acc_task1=2.0  acc_task2=0.8  acc_task3=15.6  acc_task4=6.8  acc_task5=0.2  acc_task6=15.0  acc_task7=4.8  acc_task8=3.2  acc_task9=7.4  acc_task10=20.0  acc_task11=0.0  acc_task12=8.2  acc_task13=1.4  acc_task14=3.8  acc_task15=1.6  acc_task16=5.4
[02:57:19] 
============================================================
 Task 18/20  | Classes (85, 90)
============================================================
[02:57:19] Task 17 baseline (chance): 1.11%
[02:57:19] Task 17 zero-shot (pre-train): 0.00%
[02:57:25] task=17  epoch=0  train_loss=4.5113
[02:57:32] task=17  epoch=END  time_sec=6.0  acc_task0=4.6  acc_task1=0.6  acc_task2=1.2  acc_task3=13.8  acc_task4=8.2  acc_task5=0.8  acc_task6=14.4  acc_task7=5.0  acc_task8=0.4  acc_task9=5.0  acc_task10=15.2  acc_task11=1.2  acc_task12=14.8  acc_task13=1.0  acc_task14=2.4  acc_task15=0.8  acc_task16=4.8  acc_task17=4.4
[02:57:33] 
============================================================
 Task 19/20  | Classes (90, 95)
============================================================
[02:57:33] Task 18 baseline (chance): 1.05%
[02:57:33] Task 18 zero-shot (pre-train): 0.00%
[02:57:39] task=18  epoch=0  train_loss=4.515
[02:57:46] task=18  epoch=END  time_sec=5.1  acc_task0=3.8  acc_task1=0.6  acc_task2=2.4  acc_task3=10.0  acc_task4=10.0  acc_task5=1.0  acc_task6=11.0  acc_task7=4.2  acc_task8=0.8  acc_task9=5.2  acc_task10=12.4  acc_task11=2.4  acc_task12=12.2  acc_task13=1.0  acc_task14=9.0  acc_task15=2.0  acc_task16=3.4  acc_task17=5.6  acc_task18=6.4
[02:57:47] 
============================================================
 Task 20/20  | Classes (95, 100)
============================================================
[02:57:47] Task 19 baseline (chance): 1.00%
[02:57:47] Task 19 zero-shot (pre-train): 0.00%
[02:57:53] task=19  epoch=0  train_loss=4.3786
[02:57:59] task=19  epoch=END  time_sec=5.8  acc_task0=4.0  acc_task1=0.6  acc_task2=2.6  acc_task3=8.6  acc_task4=6.6  acc_task5=1.8  acc_task6=5.2  acc_task7=3.2  acc_task8=2.4  acc_task9=5.4  acc_task10=13.2  acc_task11=2.2  acc_task12=11.0  acc_task13=2.4  acc_task14=11.8  acc_task15=3.2  acc_task16=2.6  acc_task17=6.6  acc_task18=5.0  acc_task19=7.4
[02:58:00] 
Final Metrics:
  avg_accuracy         +5.2900
  forgetting           +10.8000
  backward_transfer    -8.2947
  forward_transfer     -2.7345
[02:58:02] 
Done - run: split_cifar100_icarl_seed789
[02:58:02] Metrics: {'avg_accuracy': 5.29, 'forgetting': 10.8, 'backward_transfer': -8.2947, 'forward_transfer': -2.7345}
[02:58:02] Deleted 20 checkpoint(s) after successful completion.
