[00:13:51] Starting: permuted_mnist_der_seed789
[00:13:51] Config: {'dataset': 'permuted_mnist', 'data_root': 'Project/data_local', 'model': 'resnet8', 'pretrained': False, 'method': 'der', 'n_epochs': 1, 'batch_size': 32, 'num_workers': 0, 'lr': 0.03, 'momentum': 0.9, 'weight_decay': 0.0001, 'fp16': False, 'buffer_size': 200, 'ewc_lambda': 100.0, 'fisher_samples': 200, 'si_lambda': 1.0, 'si_xi': 0.1, 'der_alpha': 0.5, 'xder_beta': 0.5, 'lwf_lambda': 1.0, 'lwf_temp': 2.0, 'icarl_distill_w': 1.0, 'icarl_temp': 2.0, 'use_nmc': True, 'agem_mem_batch': 64, 'distill_lambda': 1.0, 'distill_temp': 2.0, 'pc_distill_w': 1.0, 'pc_ewc_lambda': 100.0, 'pc_compress_epochs': 3, 'er_replay_ratio': 0.5, 'joint_replay_epochs': 1, 'disable_tqdm': True, 'disable_checkpoints': True, 'disable_plots': False, 'seeds': [42, 123, 456, 789, 1024], 'results_root': 'results_phase3_fwt', 'checkpoint_dir': 'results/checkpoints', 'figure_dir': 'results_phase3_fwt\\figures', 'log_dir': 'results_phase3_fwt\\raw', 'run_name': 'permuted_mnist_der_seed789', 'seed': 789}
[00:13:51] Device: cuda
[00:13:51] Dataset: PermutedMNIST(tasks=10, classes_per_task=10, scenario=domain-il)
[00:13:51] 
============================================================
 Task 1/10  | Classes (0, 10)
============================================================
[00:13:51] Task 0 baseline (chance): 10.00%
[00:14:34] task=0  epoch=0  train_loss=0.4364
[00:14:37] task=0  epoch=END  time_sec=43.0  acc_task0=96.04
[00:14:37] 
============================================================
 Task 2/10  | Classes (0, 10)
============================================================
[00:14:37] Task 1 baseline (chance): 10.00%
[00:14:41] Task 1 zero-shot (pre-train): 10.94%
[00:15:24] task=1  epoch=0  train_loss=0.3422
[00:15:31] task=1  epoch=END  time_sec=43.1  acc_task0=86.39  acc_task1=96.05
[00:15:31] 
============================================================
 Task 3/10  | Classes (0, 10)
============================================================
[00:15:31] Task 2 baseline (chance): 10.00%
[00:15:35] Task 2 zero-shot (pre-train): 11.70%
[00:16:19] task=2  epoch=0  train_loss=0.3434
[00:16:30] task=2  epoch=END  time_sec=43.3  acc_task0=77.08  acc_task1=86.04  acc_task2=96.32
[00:16:30] 
============================================================
 Task 4/10  | Classes (0, 10)
============================================================
[00:16:30] Task 3 baseline (chance): 10.00%
[00:16:33] Task 3 zero-shot (pre-train): 16.19%
[00:17:17] task=3  epoch=0  train_loss=0.3242
[00:17:31] task=3  epoch=END  time_sec=43.1  acc_task0=68.89  acc_task1=77.73  acc_task2=88.83  acc_task3=96.22
[00:17:31] 
============================================================
 Task 5/10  | Classes (0, 10)
============================================================
[00:17:31] Task 4 baseline (chance): 10.00%
[00:17:35] Task 4 zero-shot (pre-train): 10.30%
[00:18:18] task=4  epoch=0  train_loss=0.3215
[00:18:37] task=4  epoch=END  time_sec=42.7  acc_task0=60.83  acc_task1=72.11  acc_task2=76.56  acc_task3=85.05  acc_task4=96.26
[00:18:37] 
============================================================
 Task 6/10  | Classes (0, 10)
============================================================
[00:18:37] Task 5 baseline (chance): 10.00%
[00:18:41] Task 5 zero-shot (pre-train): 8.92%
[00:19:24] task=5  epoch=0  train_loss=0.3176
[00:19:46] task=5  epoch=END  time_sec=43.0  acc_task0=51.37  acc_task1=55.35  acc_task2=68.87  acc_task3=64.97  acc_task4=86.85  acc_task5=96.3
[00:19:46] 
============================================================
 Task 7/10  | Classes (0, 10)
============================================================
[00:19:46] Task 6 baseline (chance): 10.00%
[00:19:50] Task 6 zero-shot (pre-train): 12.37%
[00:20:33] task=6  epoch=0  train_loss=0.3111
[00:20:59] task=6  epoch=END  time_sec=43.1  acc_task0=48.09  acc_task1=51.31  acc_task2=61.11  acc_task3=62.14  acc_task4=76.79  acc_task5=83.8  acc_task6=96.36
[00:20:59] 
============================================================
 Task 8/10  | Classes (0, 10)
============================================================
[00:20:59] Task 7 baseline (chance): 10.00%
[00:21:03] Task 7 zero-shot (pre-train): 9.05%
[00:21:47] task=7  epoch=0  train_loss=0.3064
[00:22:17] task=7  epoch=END  time_sec=43.4  acc_task0=46.11  acc_task1=44.54  acc_task2=60.2  acc_task3=59.76  acc_task4=70.42  acc_task5=67.98  acc_task6=85.51  acc_task7=96.18
[00:22:17] 
============================================================
 Task 9/10  | Classes (0, 10)
============================================================
[00:22:17] Task 8 baseline (chance): 10.00%
[00:22:21] Task 8 zero-shot (pre-train): 13.77%
[00:23:04] task=8  epoch=0  train_loss=0.2972
[00:23:37] task=8  epoch=END  time_sec=43.1  acc_task0=41.61  acc_task1=42.47  acc_task2=55.09  acc_task3=56.23  acc_task4=60.39  acc_task5=60.79  acc_task6=73.9  acc_task7=85.62  acc_task8=96.59
[00:23:37] 
============================================================
 Task 10/10  | Classes (0, 10)
============================================================
[00:23:37] Task 9 baseline (chance): 10.00%
[00:23:41] Task 9 zero-shot (pre-train): 13.87%
[00:24:24] task=9  epoch=0  train_loss=0.2909
[00:25:02] task=9  epoch=END  time_sec=43.2  acc_task0=38.03  acc_task1=35.22  acc_task2=48.95  acc_task3=48.93  acc_task4=51.16  acc_task5=47.91  acc_task6=56.04  acc_task7=61.92  acc_task8=84.53  acc_task9=95.67
[00:25:02] 
Final Metrics:
  avg_accuracy         +56.8360
  forgetting           +43.7367
  backward_transfer    -43.7367
  forward_transfer     +1.9011
[00:25:03] 
Done - run: permuted_mnist_der_seed789
[00:25:03] Metrics: {'avg_accuracy': 56.836, 'forgetting': 43.7367, 'backward_transfer': -43.7367, 'forward_transfer': 1.9011}
