[00:25:03] Starting: permuted_mnist_der_seed1024
[00:25:03] Config: {'dataset': 'permuted_mnist', 'data_root': 'Project/data_local', 'model': 'resnet8', 'pretrained': False, 'method': 'der', 'n_epochs': 1, 'batch_size': 32, 'num_workers': 0, 'lr': 0.03, 'momentum': 0.9, 'weight_decay': 0.0001, 'fp16': False, 'buffer_size': 200, 'ewc_lambda': 100.0, 'fisher_samples': 200, 'si_lambda': 1.0, 'si_xi': 0.1, 'der_alpha': 0.5, 'xder_beta': 0.5, 'lwf_lambda': 1.0, 'lwf_temp': 2.0, 'icarl_distill_w': 1.0, 'icarl_temp': 2.0, 'use_nmc': True, 'agem_mem_batch': 64, 'distill_lambda': 1.0, 'distill_temp': 2.0, 'pc_distill_w': 1.0, 'pc_ewc_lambda': 100.0, 'pc_compress_epochs': 3, 'er_replay_ratio': 0.5, 'joint_replay_epochs': 1, 'disable_tqdm': True, 'disable_checkpoints': True, 'disable_plots': False, 'seeds': [42, 123, 456, 789, 1024], 'results_root': 'results_phase3_fwt', 'checkpoint_dir': 'results/checkpoints', 'figure_dir': 'results_phase3_fwt\\figures', 'log_dir': 'results_phase3_fwt\\raw', 'run_name': 'permuted_mnist_der_seed1024', 'seed': 1024}
[00:25:03] Device: cuda
[00:25:03] Dataset: PermutedMNIST(tasks=10, classes_per_task=10, scenario=domain-il)
[00:25:03] 
============================================================
 Task 1/10  | Classes (0, 10)
============================================================
[00:25:03] Task 0 baseline (chance): 10.00%
[00:25:46] task=0  epoch=0  train_loss=0.4383
[00:25:49] task=0  epoch=END  time_sec=43.1  acc_task0=95.74
[00:25:49] 
============================================================
 Task 2/10  | Classes (0, 10)
============================================================
[00:25:49] Task 1 baseline (chance): 10.00%
[00:25:53] Task 1 zero-shot (pre-train): 7.64%
[00:26:36] task=1  epoch=0  train_loss=0.342
[00:26:43] task=1  epoch=END  time_sec=42.8  acc_task0=86.18  acc_task1=96.01
[00:26:43] 
============================================================
 Task 3/10  | Classes (0, 10)
============================================================
[00:26:43] Task 2 baseline (chance): 10.00%
[00:26:47] Task 2 zero-shot (pre-train): 9.71%
[00:27:30] task=2  epoch=0  train_loss=0.3382
[00:27:41] task=2  epoch=END  time_sec=43.3  acc_task0=76.5  acc_task1=87.96  acc_task2=96.34
[00:27:41] 
============================================================
 Task 4/10  | Classes (0, 10)
============================================================
[00:27:41] Task 3 baseline (chance): 10.00%
[00:27:45] Task 3 zero-shot (pre-train): 11.31%
[00:28:28] task=3  epoch=0  train_loss=0.3236
[00:28:43] task=3  epoch=END  time_sec=43.1  acc_task0=66.81  acc_task1=76.2  acc_task2=84.84  acc_task3=96.06
[00:28:43] 
============================================================
 Task 5/10  | Classes (0, 10)
============================================================
[00:28:43] Task 4 baseline (chance): 10.00%
[00:28:46] Task 4 zero-shot (pre-train): 15.87%
[00:29:29] task=4  epoch=0  train_loss=0.3134
[00:29:48] task=4  epoch=END  time_sec=43.0  acc_task0=61.47  acc_task1=68.6  acc_task2=74.6  acc_task3=87.49  acc_task4=96.09
[00:29:48] 
============================================================
 Task 6/10  | Classes (0, 10)
============================================================
[00:29:48] Task 5 baseline (chance): 10.00%
[00:29:52] Task 5 zero-shot (pre-train): 9.77%
[00:30:35] task=5  epoch=0  train_loss=0.3105
[00:30:58] task=5  epoch=END  time_sec=43.2  acc_task0=55.6  acc_task1=66.67  acc_task2=67.39  acc_task3=75.98  acc_task4=84.89  acc_task5=96.23
[00:30:58] 
============================================================
 Task 7/10  | Classes (0, 10)
============================================================
[00:30:58] Task 6 baseline (chance): 10.00%
[00:31:02] Task 6 zero-shot (pre-train): 13.08%
[00:31:44] task=6  epoch=0  train_loss=0.3035
[00:32:10] task=6  epoch=END  time_sec=42.9  acc_task0=53.59  acc_task1=60.67  acc_task2=61.12  acc_task3=62.85  acc_task4=70.86  acc_task5=87.21  acc_task6=96.41
[00:32:10] 
============================================================
 Task 8/10  | Classes (0, 10)
============================================================
[00:32:10] Task 7 baseline (chance): 10.00%
[00:32:14] Task 7 zero-shot (pre-train): 9.49%
[00:32:57] task=7  epoch=0  train_loss=0.2998
[00:33:27] task=7  epoch=END  time_sec=42.9  acc_task0=48.46  acc_task1=57.91  acc_task2=55.47  acc_task3=52.58  acc_task4=61.08  acc_task5=69.87  acc_task6=88.65  acc_task7=96.33
[00:33:27] 
============================================================
 Task 9/10  | Classes (0, 10)
============================================================
[00:33:27] Task 8 baseline (chance): 10.00%
[00:33:31] Task 8 zero-shot (pre-train): 10.37%
[00:34:14] task=8  epoch=0  train_loss=0.2939
[00:34:48] task=8  epoch=END  time_sec=43.1  acc_task0=45.21  acc_task1=52.0  acc_task2=55.52  acc_task3=53.03  acc_task4=52.67  acc_task5=58.1  acc_task6=76.79  acc_task7=86.72  acc_task8=96.18
[00:34:48] 
============================================================
 Task 10/10  | Classes (0, 10)
============================================================
[00:34:48] Task 9 baseline (chance): 10.00%
[00:34:52] Task 9 zero-shot (pre-train): 18.01%
[00:35:35] task=9  epoch=0  train_loss=0.2928
[00:36:12] task=9  epoch=END  time_sec=42.7  acc_task0=38.97  acc_task1=53.71  acc_task2=51.11  acc_task3=47.73  acc_task4=48.85  acc_task5=51.78  acc_task6=66.41  acc_task7=70.47  acc_task8=87.86  acc_task9=96.36
[00:36:12] 
Final Metrics:
  avg_accuracy         +61.3250
  forgetting           +38.7222
  backward_transfer    -38.7222
  forward_transfer     +1.6944
[00:36:13] 
Done - run: permuted_mnist_der_seed1024
[00:36:13] Metrics: {'avg_accuracy': 61.325, 'forgetting': 38.7222, 'backward_transfer': -38.7222, 'forward_transfer': 1.6944}
