[00:02:38] Starting: permuted_mnist_der_seed456
[00:02:38] Config: {'dataset': 'permuted_mnist', 'data_root': 'Project/data_local', 'model': 'resnet8', 'pretrained': False, 'method': 'der', 'n_epochs': 1, 'batch_size': 32, 'num_workers': 0, 'lr': 0.03, 'momentum': 0.9, 'weight_decay': 0.0001, 'fp16': False, 'buffer_size': 200, 'ewc_lambda': 100.0, 'fisher_samples': 200, 'si_lambda': 1.0, 'si_xi': 0.1, 'der_alpha': 0.5, 'xder_beta': 0.5, 'lwf_lambda': 1.0, 'lwf_temp': 2.0, 'icarl_distill_w': 1.0, 'icarl_temp': 2.0, 'use_nmc': True, 'agem_mem_batch': 64, 'distill_lambda': 1.0, 'distill_temp': 2.0, 'pc_distill_w': 1.0, 'pc_ewc_lambda': 100.0, 'pc_compress_epochs': 3, 'er_replay_ratio': 0.5, 'joint_replay_epochs': 1, 'disable_tqdm': True, 'disable_checkpoints': True, 'disable_plots': False, 'seeds': [42, 123, 456, 789, 1024], 'results_root': 'results_phase3_fwt', 'checkpoint_dir': 'results/checkpoints', 'figure_dir': 'results_phase3_fwt\\figures', 'log_dir': 'results_phase3_fwt\\raw', 'run_name': 'permuted_mnist_der_seed456', 'seed': 456}
[00:02:38] Device: cuda
[00:02:38] Dataset: PermutedMNIST(tasks=10, classes_per_task=10, scenario=domain-il)
[00:02:38] 
============================================================
 Task 1/10  | Classes (0, 10)
============================================================
[00:02:38] Task 0 baseline (chance): 10.00%
[00:03:21] task=0  epoch=0  train_loss=0.4333
[00:03:24] task=0  epoch=END  time_sec=43.1  acc_task0=96.06
[00:03:24] 
============================================================
 Task 2/10  | Classes (0, 10)
============================================================
[00:03:24] Task 1 baseline (chance): 10.00%
[00:03:28] Task 1 zero-shot (pre-train): 7.70%
[00:04:11] task=1  epoch=0  train_loss=0.3301
[00:04:18] task=1  epoch=END  time_sec=43.1  acc_task0=84.97  acc_task1=95.58
[00:04:18] 
============================================================
 Task 3/10  | Classes (0, 10)
============================================================
[00:04:18] Task 2 baseline (chance): 10.00%
[00:04:22] Task 2 zero-shot (pre-train): 16.79%
[00:05:05] task=2  epoch=0  train_loss=0.3292
[00:05:16] task=2  epoch=END  time_sec=43.1  acc_task0=74.47  acc_task1=86.96  acc_task2=95.76
[00:05:16] 
============================================================
 Task 4/10  | Classes (0, 10)
============================================================
[00:05:16] Task 3 baseline (chance): 10.00%
[00:05:20] Task 3 zero-shot (pre-train): 9.02%
[00:06:03] task=3  epoch=0  train_loss=0.3278
[00:06:18] task=3  epoch=END  time_sec=43.1  acc_task0=65.25  acc_task1=79.85  acc_task2=87.94  acc_task3=96.14
[00:06:18] 
============================================================
 Task 5/10  | Classes (0, 10)
============================================================
[00:06:18] Task 4 baseline (chance): 10.00%
[00:06:22] Task 4 zero-shot (pre-train): 12.10%
[00:07:05] task=4  epoch=0  train_loss=0.318
[00:07:24] task=4  epoch=END  time_sec=43.4  acc_task0=63.57  acc_task1=74.75  acc_task2=76.21  acc_task3=87.49  acc_task4=96.45
[00:07:24] 
============================================================
 Task 6/10  | Classes (0, 10)
============================================================
[00:07:24] Task 5 baseline (chance): 10.00%
[00:07:28] Task 5 zero-shot (pre-train): 8.82%
[00:08:11] task=5  epoch=0  train_loss=0.3143
[00:08:34] task=5  epoch=END  time_sec=43.2  acc_task0=58.45  acc_task1=70.35  acc_task2=68.8  acc_task3=74.6  acc_task4=88.34  acc_task5=96.15
[00:08:34] 
============================================================
 Task 7/10  | Classes (0, 10)
============================================================
[00:08:34] Task 6 baseline (chance): 10.00%
[00:08:37] Task 6 zero-shot (pre-train): 11.76%
[00:09:21] task=6  epoch=0  train_loss=0.3183
[00:09:47] task=6  epoch=END  time_sec=43.2  acc_task0=53.41  acc_task1=62.63  acc_task2=55.72  acc_task3=64.04  acc_task4=74.12  acc_task5=85.86  acc_task6=96.33
[00:09:47] 
============================================================
 Task 8/10  | Classes (0, 10)
============================================================
[00:09:47] Task 7 baseline (chance): 10.00%
[00:09:51] Task 7 zero-shot (pre-train): 15.03%
[00:10:34] task=7  epoch=0  train_loss=0.3016
[00:11:04] task=7  epoch=END  time_sec=43.0  acc_task0=47.63  acc_task1=54.06  acc_task2=40.96  acc_task3=54.25  acc_task4=58.49  acc_task5=68.9  acc_task6=85.78  acc_task7=96.21
[00:11:04] 
============================================================
 Task 9/10  | Classes (0, 10)
============================================================
[00:11:04] Task 8 baseline (chance): 10.00%
[00:11:08] Task 8 zero-shot (pre-train): 10.51%
[00:11:51] task=8  epoch=0  train_loss=0.3048
[00:12:25] task=8  epoch=END  time_sec=43.2  acc_task0=49.13  acc_task1=51.48  acc_task2=40.69  acc_task3=50.38  acc_task4=59.89  acc_task5=64.39  acc_task6=76.84  acc_task7=85.91  acc_task8=96.18
[00:12:25] 
============================================================
 Task 10/10  | Classes (0, 10)
============================================================
[00:12:25] Task 9 baseline (chance): 10.00%
[00:12:29] Task 9 zero-shot (pre-train): 15.53%
[00:13:12] task=9  epoch=0  train_loss=0.2949
[00:13:50] task=9  epoch=END  time_sec=43.2  acc_task0=45.17  acc_task1=46.2  acc_task2=36.57  acc_task3=50.19  acc_task4=54.21  acc_task5=53.26  acc_task6=65.53  acc_task7=73.33  acc_task8=87.24  acc_task9=96.36
[00:13:50] 
Final Metrics:
  avg_accuracy         +60.8060
  forgetting           +39.2400
  backward_transfer    -39.2400
  forward_transfer     +1.9178
[00:13:51] 
Done - run: permuted_mnist_der_seed456
[00:13:51] Metrics: {'avg_accuracy': 60.806, 'forgetting': 39.24, 'backward_transfer': -39.24, 'forward_transfer': 1.9178}
