[01:54:50] Starting: split_cifar10_der_buf100_seed42
[01:54:50] Config: {'dataset': 'split_cifar10', 'data_root': 'F:\\Temp\\cf\\Catastrophic Forgetting\\research_v2\\Project\\data_local', 'dataset_image_size': None, 'dataset_out_channels': None, 'model': 'slim_resnet18', 'pretrained': False, 'model_image_size': None, 'method': 'der', 'n_epochs': 1, 'batch_size': 32, 'num_workers': 0, 'lr': 0.03, 'momentum': 0.9, 'weight_decay': 0.0001, 'fp16': False, 'buffer_size': 100, 'ewc_lambda': 100.0, 'fisher_samples': 200, 'si_lambda': 1.0, 'si_xi': 0.1, 'der_alpha': 0.5, 'xder_beta': 0.5, 'lwf_lambda': 1.0, 'lwf_temp': 2.0, 'icarl_distill_w': 1.0, 'icarl_temp': 2.0, 'use_nmc': True, 'agem_mem_batch': 64, 'distill_lambda': 1.0, 'distill_temp': 2.0, 'pc_distill_w': 1.0, 'pc_ewc_lambda': 100.0, 'pc_compress_epochs': 3, 'er_replay_ratio': 0.5, 'joint_replay_epochs': 1, 'disable_tqdm': True, 'disable_checkpoints': False, 'disable_plots': True, 'resume': False, 'cleanup_checkpoints_on_success': True, 'result_group': 'ablations', 'ablation_family': 'buffer', 'seeds': [42, 123, 456, 789, 1024], 'results_root': 'F:\\Temp\\cf\\Catastrophic Forgetting\\research_v2\\results', 'run_tag': 'buf100', 'seed': 42, 'run_name': 'split_cifar10_der_buf100_seed42', 'project_root': 'F:\\Temp\\cf\\Catastrophic Forgetting\\research_v2\\Project', 'workspace_root': 'F:\\Temp\\cf\\Catastrophic Forgetting\\research_v2', 'run_root': 'F:\\Temp\\cf\\Catastrophic Forgetting\\research_v2\\results\\ablations\\epoch_1\\split_cifar10\\buffer\\der__buf100\\seed_42', 'log_dir': 'F:\\Temp\\cf\\Catastrophic Forgetting\\research_v2\\results\\ablations\\epoch_1\\split_cifar10\\buffer\\der__buf100\\seed_42\\logs', 'metrics_dir': 'F:\\Temp\\cf\\Catastrophic Forgetting\\research_v2\\results\\ablations\\epoch_1\\split_cifar10\\buffer\\der__buf100\\seed_42\\metrics', 'checkpoint_dir': 'F:\\Temp\\cf\\Catastrophic Forgetting\\research_v2\\results\\ablations\\epoch_1\\split_cifar10\\buffer\\der__buf100\\seed_42\\checkpoints', 'artifact_dir': 'F:\\Temp\\cf\\Catastrophic Forgetting\\research_v2\\results\\ablations\\epoch_1\\split_cifar10\\buffer\\der__buf100\\seed_42\\artifacts', 'figure_dir': 'F:\\Temp\\cf\\Catastrophic Forgetting\\research_v2\\results\\figures\\ablations\\epoch_1\\split_cifar10\\buffer\\der__buf100\\seed_42'}
[01:54:50] Device: cuda
[01:54:52] Dataset: SplitCIFAR10(tasks=5, classes_per_task=2, scenario=class-il)
[01:54:52] 
============================================================
 Task 1/5  | Classes (0, 2)
============================================================
[01:54:52] Task 0 baseline (chance): 50.00%
[01:55:27] task=0  epoch=0  train_loss=1.4092
[01:55:28] task=0  epoch=END  time_sec=34.5  acc_task0=81.4
[01:55:28] 
============================================================
 Task 2/5  | Classes (2, 4)
============================================================
[01:55:28] Task 1 baseline (chance): 25.00%
[01:55:29] Task 1 zero-shot (pre-train): 0.45%
[01:56:03] task=1  epoch=0  train_loss=0.8191
[01:56:05] task=1  epoch=END  time_sec=33.7  acc_task0=0.0  acc_task1=72.1
[01:56:05] 
============================================================
 Task 3/5  | Classes (4, 6)
============================================================
[01:56:05] Task 2 baseline (chance): 16.67%
[01:56:07] Task 2 zero-shot (pre-train): 0.00%
[01:56:35] task=2  epoch=0  train_loss=0.8306
[01:56:38] task=2  epoch=END  time_sec=28.0  acc_task0=0.0  acc_task1=0.0  acc_task2=78.4
[01:56:38] 
============================================================
 Task 4/5  | Classes (6, 8)
============================================================
[01:56:38] Task 3 baseline (chance): 12.50%
[01:56:39] Task 3 zero-shot (pre-train): 0.00%
[01:57:03] task=3  epoch=0  train_loss=1.0508
[01:57:08] task=3  epoch=END  time_sec=24.2  acc_task0=0.0  acc_task1=0.0  acc_task2=0.1  acc_task3=87.9
[01:57:08] 
============================================================
 Task 5/5  | Classes (8, 10)
============================================================
[01:57:08] Task 4 baseline (chance): 10.00%
[01:57:09] Task 4 zero-shot (pre-train): 0.00%
[01:57:35] task=4  epoch=0  train_loss=1.0212
[01:57:41] task=4  epoch=END  time_sec=26.6  acc_task0=0.0  acc_task1=0.0  acc_task2=0.0  acc_task3=0.0  acc_task4=85.0
[01:57:41] 
Final Metrics:
  avg_accuracy         +17.0000
  forgetting           +79.9500
  backward_transfer    -79.9500
  forward_transfer     -15.9292
[01:57:41] 
Done - run: split_cifar10_der_buf100_seed42
[01:57:41] Metrics: {'avg_accuracy': 17.0, 'forgetting': 79.95, 'backward_transfer': -79.95, 'forward_transfer': -15.9292}
[01:57:41] Deleted 5 checkpoint(s) after successful completion.
