[19:23:49] Starting: split_mini_imagenet_ewc_seed123
[19:23:49] Config: {'dataset': 'split_mini_imagenet', 'data_root': 'F:\\Temp\\cf\\Catastrophic Forgetting\\research_v2\\Project\\data_local\\mini-imagenet', 'dataset_image_size': None, 'dataset_out_channels': None, 'model': 'slim_resnet18', 'pretrained': False, 'model_image_size': None, 'method': 'ewc', 'n_epochs': 1, 'batch_size': 32, 'num_workers': 0, 'lr': 0.03, 'momentum': 0.9, 'weight_decay': 0.0001, 'fp16': True, 'buffer_size': 200, 'ewc_lambda': 100.0, 'fisher_samples': 200, 'si_lambda': 1.0, 'si_xi': 0.1, 'der_alpha': 0.5, 'xder_beta': 0.5, 'lwf_lambda': 1.0, 'lwf_temp': 2.0, 'icarl_distill_w': 1.0, 'icarl_temp': 2.0, 'use_nmc': True, 'agem_mem_batch': 64, 'distill_lambda': 1.0, 'distill_temp': 2.0, 'pc_distill_w': 1.0, 'pc_ewc_lambda': 100.0, 'pc_compress_epochs': 3, 'er_replay_ratio': 0.5, 'joint_replay_epochs': 1, 'disable_tqdm': True, 'disable_checkpoints': False, 'disable_plots': False, 'resume': True, 'cleanup_checkpoints_on_success': True, 'result_group': 'runs', 'ablation_family': None, 'seeds': [42, 123, 456, 789, 1024], 'results_root': 'F:\\Temp\\cf\\Catastrophic Forgetting\\research_v2\\results', 'seed': 123, 'run_name': 'split_mini_imagenet_ewc_seed123', 'project_root': 'F:\\Temp\\cf\\Catastrophic Forgetting\\research_v2\\Project', 'workspace_root': 'F:\\Temp\\cf\\Catastrophic Forgetting\\research_v2', 'run_root': 'F:\\Temp\\cf\\Catastrophic Forgetting\\research_v2\\results\\runs\\epoch_1\\split_mini_imagenet\\baselines\\ewc\\seed_123', 'log_dir': 'F:\\Temp\\cf\\Catastrophic Forgetting\\research_v2\\results\\runs\\epoch_1\\split_mini_imagenet\\baselines\\ewc\\seed_123\\logs', 'metrics_dir': 'F:\\Temp\\cf\\Catastrophic Forgetting\\research_v2\\results\\runs\\epoch_1\\split_mini_imagenet\\baselines\\ewc\\seed_123\\metrics', 'checkpoint_dir': 'F:\\Temp\\cf\\Catastrophic Forgetting\\research_v2\\results\\runs\\epoch_1\\split_mini_imagenet\\baselines\\ewc\\seed_123\\checkpoints', 'artifact_dir': 'F:\\Temp\\cf\\Catastrophic Forgetting\\research_v2\\results\\runs\\epoch_1\\split_mini_imagenet\\baselines\\ewc\\seed_123\\artifacts', 'figure_dir': 'F:\\Temp\\cf\\Catastrophic Forgetting\\research_v2\\results\\figures\\epoch_1\\split_mini_imagenet\\baselines\\ewc\\seed_123'}
[19:23:49] Device: cuda
[19:23:51] Dataset: SplitMiniImageNet(tasks=20, classes_per_task=5, scenario=class-il)
[19:23:51] 
============================================================
 Task 1/20  | Classes (0, 5)
============================================================
[19:23:51] Task 0 baseline (chance): 20.00%
[19:24:11] task=0  epoch=0  train_loss=1.6882
[19:24:16] task=0  epoch=END  time_sec=19.8  acc_task0=35.17
[19:24:16] 
============================================================
 Task 2/20  | Classes (5, 10)
============================================================
[19:24:16] Task 1 baseline (chance): 10.00%
[19:24:20] Task 1 zero-shot (pre-train): 0.00%
[19:24:40] task=1  epoch=0  train_loss=1.3896
[19:24:48] task=1  epoch=END  time_sec=20.4  acc_task0=0.0  acc_task1=54.83
[19:24:48] 
============================================================
 Task 3/20  | Classes (10, 15)
============================================================
[19:24:48] Task 2 baseline (chance): 6.67%
[19:24:51] Task 2 zero-shot (pre-train): 0.00%
[19:25:10] task=2  epoch=0  train_loss=1.6389
[19:25:20] task=2  epoch=END  time_sec=18.4  acc_task0=0.0  acc_task1=0.0  acc_task2=43.0
[19:25:20] 
============================================================
 Task 4/20  | Classes (15, 20)
============================================================
[19:25:20] Task 3 baseline (chance): 5.00%
[19:25:23] Task 3 zero-shot (pre-train): 0.00%
[19:25:44] task=3  epoch=0  train_loss=2.1123
[19:25:57] task=3  epoch=END  time_sec=20.2  acc_task0=0.0  acc_task1=0.0  acc_task2=0.0  acc_task3=33.17
[19:25:57] 
============================================================
 Task 5/20  | Classes (20, 25)
============================================================
[19:25:57] Task 4 baseline (chance): 4.00%
[19:26:00] Task 4 zero-shot (pre-train): 0.00%
[19:26:22] task=4  epoch=0  train_loss=2.3153
[19:26:40] task=4  epoch=END  time_sec=21.5  acc_task0=0.0  acc_task1=0.0  acc_task2=0.0  acc_task3=0.0  acc_task4=21.0
[19:26:41] 
============================================================
 Task 6/20  | Classes (25, 30)
============================================================
[19:26:41] Task 5 baseline (chance): 3.33%
[19:26:44] Task 5 zero-shot (pre-train): 0.00%
[19:27:08] task=5  epoch=0  train_loss=2.4151
[19:27:29] task=5  epoch=END  time_sec=23.8  acc_task0=0.0  acc_task1=0.0  acc_task2=0.0  acc_task3=0.0  acc_task4=0.0  acc_task5=28.67
[19:27:29] 
============================================================
 Task 7/20  | Classes (30, 35)
============================================================
[19:27:29] Task 6 baseline (chance): 2.86%
[19:27:32] Task 6 zero-shot (pre-train): 0.00%
[19:27:56] task=6  epoch=0  train_loss=2.7661
[19:28:20] task=6  epoch=END  time_sec=23.7  acc_task0=0.0  acc_task1=0.0  acc_task2=0.0  acc_task3=0.0  acc_task4=0.0  acc_task5=0.0  acc_task6=24.0
[19:28:20] 
============================================================
 Task 8/20  | Classes (35, 40)
============================================================
[19:28:20] Task 7 baseline (chance): 2.50%
[19:28:24] Task 7 zero-shot (pre-train): 0.00%
[19:28:50] task=7  epoch=0  train_loss=3.0997
[19:29:17] task=7  epoch=END  time_sec=26.2  acc_task0=0.0  acc_task1=0.0  acc_task2=0.0  acc_task3=0.0  acc_task4=0.0  acc_task5=0.0  acc_task6=0.0  acc_task7=24.33
[19:29:18] 
============================================================
 Task 9/20  | Classes (40, 45)
============================================================
[19:29:18] Task 8 baseline (chance): 2.22%
[19:29:22] Task 8 zero-shot (pre-train): 0.00%
[19:29:51] task=8  epoch=0  train_loss=2.8047
[19:30:22] task=8  epoch=END  time_sec=29.0  acc_task0=0.0  acc_task1=0.0  acc_task2=0.0  acc_task3=0.0  acc_task4=0.0  acc_task5=0.0  acc_task6=0.0  acc_task7=0.0  acc_task8=23.83
[19:30:22] 
============================================================
 Task 10/20  | Classes (45, 50)
============================================================
[19:30:22] Task 9 baseline (chance): 2.00%
[19:30:25] Task 9 zero-shot (pre-train): 0.00%
[19:30:52] task=9  epoch=0  train_loss=3.2417
[19:31:24] task=9  epoch=END  time_sec=27.4  acc_task0=0.0  acc_task1=0.0  acc_task2=0.0  acc_task3=0.0  acc_task4=0.0  acc_task5=0.0  acc_task6=0.0  acc_task7=0.0  acc_task8=0.0  acc_task9=20.0
[19:31:24] 
============================================================
 Task 11/20  | Classes (50, 55)
============================================================
[19:31:24] Task 10 baseline (chance): 1.82%
[19:31:28] Task 10 zero-shot (pre-train): 0.00%
[19:31:58] task=10  epoch=0  train_loss=3.4022
[19:32:35] task=10  epoch=END  time_sec=30.7  acc_task0=0.0  acc_task1=0.0  acc_task2=0.0  acc_task3=0.0  acc_task4=0.0  acc_task5=0.0  acc_task6=0.0  acc_task7=0.0  acc_task8=0.0  acc_task9=0.0  acc_task10=24.17
[19:32:36] 
============================================================
 Task 12/20  | Classes (55, 60)
============================================================
[19:32:36] Task 11 baseline (chance): 1.67%
[19:32:39] Task 11 zero-shot (pre-train): 0.00%
[19:33:11] task=11  epoch=0  train_loss=3.2427
[19:33:52] task=11  epoch=END  time_sec=31.1  acc_task0=0.0  acc_task1=0.0  acc_task2=0.0  acc_task3=0.0  acc_task4=0.0  acc_task5=0.0  acc_task6=0.0  acc_task7=0.0  acc_task8=0.0  acc_task9=0.0  acc_task10=0.0  acc_task11=20.0
[19:33:52] 
============================================================
 Task 13/20  | Classes (60, 65)
============================================================
[19:33:52] Task 12 baseline (chance): 1.54%
[19:33:55] Task 12 zero-shot (pre-train): 0.00%
[19:34:28] task=12  epoch=0  train_loss=4.2842
[19:35:10] task=12  epoch=END  time_sec=32.1  acc_task0=0.0  acc_task1=0.0  acc_task2=0.0  acc_task3=0.0  acc_task4=0.0  acc_task5=0.0  acc_task6=0.0  acc_task7=0.0  acc_task8=0.0  acc_task9=0.0  acc_task10=0.0  acc_task11=0.0  acc_task12=21.0
[19:35:11] 
============================================================
 Task 14/20  | Classes (65, 70)
============================================================
[19:35:11] Task 13 baseline (chance): 1.43%
[19:35:14] Task 13 zero-shot (pre-train): 0.00%
[19:35:48] task=13  epoch=0  train_loss=3.2068
[19:36:34] task=13  epoch=END  time_sec=33.4  acc_task0=0.0  acc_task1=0.0  acc_task2=0.0  acc_task3=0.0  acc_task4=0.0  acc_task5=0.0  acc_task6=0.0  acc_task7=0.0  acc_task8=0.0  acc_task9=0.0  acc_task10=0.0  acc_task11=0.0  acc_task12=0.0  acc_task13=20.17
[19:36:35] 
============================================================
 Task 15/20  | Classes (70, 75)
============================================================
[19:36:35] Task 14 baseline (chance): 1.33%
[19:36:38] Task 14 zero-shot (pre-train): 0.00%
[19:37:13] task=14  epoch=0  train_loss=4.3441
[19:38:09] task=14  epoch=END  time_sec=34.5  acc_task0=0.0  acc_task1=0.0  acc_task2=0.0  acc_task3=0.0  acc_task4=0.0  acc_task5=0.0  acc_task6=0.0  acc_task7=0.0  acc_task8=0.0  acc_task9=0.0  acc_task10=0.0  acc_task11=0.0  acc_task12=0.0  acc_task13=0.0  acc_task14=19.5
[19:38:10] 
============================================================
 Task 16/20  | Classes (75, 80)
============================================================
[19:38:10] Task 15 baseline (chance): 1.25%
[19:38:15] Task 15 zero-shot (pre-train): 0.00%
[19:38:57] task=15  epoch=0  train_loss=3.6215
[19:39:53] task=15  epoch=END  time_sec=41.9  acc_task0=0.0  acc_task1=0.0  acc_task2=0.0  acc_task3=0.0  acc_task4=0.0  acc_task5=0.0  acc_task6=0.0  acc_task7=0.0  acc_task8=0.0  acc_task9=0.0  acc_task10=0.0  acc_task11=0.0  acc_task12=0.0  acc_task13=0.0  acc_task14=0.0  acc_task15=26.67
[19:39:54] 
============================================================
 Task 17/20  | Classes (80, 85)
============================================================
[19:39:54] Task 16 baseline (chance): 1.18%
[19:39:57] Task 16 zero-shot (pre-train): 0.00%
[19:40:37] task=16  epoch=0  train_loss=4.4279
[19:41:30] task=16  epoch=END  time_sec=39.3  acc_task0=0.0  acc_task1=0.0  acc_task2=0.0  acc_task3=0.0  acc_task4=0.0  acc_task5=0.0  acc_task6=0.0  acc_task7=0.0  acc_task8=0.0  acc_task9=0.0  acc_task10=0.0  acc_task11=0.0  acc_task12=0.0  acc_task13=0.0  acc_task14=0.0  acc_task15=0.0  acc_task16=23.5
[19:41:31] 
============================================================
 Task 18/20  | Classes (85, 90)
============================================================
[19:41:31] Task 17 baseline (chance): 1.11%
[19:41:34] Task 17 zero-shot (pre-train): 0.00%
[19:42:07] task=17  epoch=0  train_loss=3.692
[19:43:01] task=17  epoch=END  time_sec=32.9  acc_task0=0.0  acc_task1=0.0  acc_task2=0.0  acc_task3=0.0  acc_task4=0.0  acc_task5=0.0  acc_task6=0.0  acc_task7=0.0  acc_task8=0.0  acc_task9=0.0  acc_task10=0.0  acc_task11=0.0  acc_task12=0.0  acc_task13=0.0  acc_task14=0.0  acc_task15=0.0  acc_task16=0.0  acc_task17=24.67
[19:43:02] 
============================================================
 Task 19/20  | Classes (90, 95)
============================================================
[19:43:02] Task 18 baseline (chance): 1.05%
[19:43:05] Task 18 zero-shot (pre-train): 0.00%
[19:43:40] task=18  epoch=0  train_loss=4.0582
[19:44:44] task=18  epoch=END  time_sec=35.0  acc_task0=0.0  acc_task1=0.0  acc_task2=0.0  acc_task3=0.0  acc_task4=0.0  acc_task5=0.0  acc_task6=0.0  acc_task7=0.0  acc_task8=0.0  acc_task9=0.0  acc_task10=0.0  acc_task11=0.0  acc_task12=0.0  acc_task13=0.0  acc_task14=0.0  acc_task15=0.0  acc_task16=0.0  acc_task17=0.0  acc_task18=33.0
[19:44:45] 
============================================================
 Task 20/20  | Classes (95, 100)
============================================================
[19:44:45] Task 19 baseline (chance): 1.00%
[19:44:48] Task 19 zero-shot (pre-train): 0.00%
[19:45:25] task=19  epoch=0  train_loss=4.1768
[19:46:25] task=19  epoch=END  time_sec=36.4  acc_task0=0.0  acc_task1=0.0  acc_task2=0.0  acc_task3=0.0  acc_task4=0.0  acc_task5=0.0  acc_task6=0.0  acc_task7=0.0  acc_task8=0.0  acc_task9=0.0  acc_task10=0.0  acc_task11=0.0  acc_task12=0.0  acc_task13=0.0  acc_task14=0.0  acc_task15=0.0  acc_task16=0.0  acc_task17=0.0  acc_task18=0.0  acc_task19=38.67
[19:46:26] 
Final Metrics:
  avg_accuracy         +1.9333
  forgetting           +27.4035
  backward_transfer    -27.4035
  forward_transfer     -2.7345
[19:46:30] 
Done - run: split_mini_imagenet_ewc_seed123
[19:46:30] Metrics: {'avg_accuracy': 1.9333, 'forgetting': 27.4035, 'backward_transfer': -27.4035, 'forward_transfer': -2.7345}
[19:46:30] Deleted 20 checkpoint(s) after successful completion.
