[14:31:20] Starting: split_mini_imagenet_si_der_seed123
[14:31:20] Config: {'dataset': 'split_mini_imagenet', 'data_root': 'F:\\Temp\\cf\\Catastrophic Forgetting\\research_v2\\Project\\data_local\\mini-imagenet', 'dataset_image_size': None, 'dataset_out_channels': None, 'model': 'slim_resnet18', 'pretrained': False, 'model_image_size': None, 'method': 'si_der', 'n_epochs': 1, 'batch_size': 32, 'num_workers': 0, 'lr': 0.03, 'momentum': 0.9, 'weight_decay': 0.0001, 'fp16': True, 'buffer_size': 200, 'ewc_lambda': 100.0, 'fisher_samples': 200, 'si_lambda': 1.0, 'si_xi': 0.1, 'der_alpha': 0.5, 'xder_beta': 0.5, 'lwf_lambda': 1.0, 'lwf_temp': 2.0, 'icarl_distill_w': 1.0, 'icarl_temp': 2.0, 'use_nmc': True, 'agem_mem_batch': 64, 'distill_lambda': 1.0, 'distill_temp': 2.0, 'pc_distill_w': 1.0, 'pc_ewc_lambda': 100.0, 'pc_compress_epochs': 3, 'er_replay_ratio': 0.5, 'joint_replay_epochs': 1, 'disable_tqdm': True, 'disable_checkpoints': False, 'disable_plots': False, 'resume': True, 'cleanup_checkpoints_on_success': True, 'result_group': 'runs', 'ablation_family': None, 'seeds': [42, 123, 456, 789, 1024], 'results_root': 'F:\\Temp\\cf\\Catastrophic Forgetting\\research_v2\\results', 'seed': 123, 'run_name': 'split_mini_imagenet_si_der_seed123', 'project_root': 'F:\\Temp\\cf\\Catastrophic Forgetting\\research_v2\\Project', 'workspace_root': 'F:\\Temp\\cf\\Catastrophic Forgetting\\research_v2', 'run_root': 'F:\\Temp\\cf\\Catastrophic Forgetting\\research_v2\\results\\runs\\epoch_1\\split_mini_imagenet\\hybrids\\si_der\\seed_123', 'log_dir': 'F:\\Temp\\cf\\Catastrophic Forgetting\\research_v2\\results\\runs\\epoch_1\\split_mini_imagenet\\hybrids\\si_der\\seed_123\\logs', 'metrics_dir': 'F:\\Temp\\cf\\Catastrophic Forgetting\\research_v2\\results\\runs\\epoch_1\\split_mini_imagenet\\hybrids\\si_der\\seed_123\\metrics', 'checkpoint_dir': 'F:\\Temp\\cf\\Catastrophic Forgetting\\research_v2\\results\\runs\\epoch_1\\split_mini_imagenet\\hybrids\\si_der\\seed_123\\checkpoints', 'artifact_dir': 'F:\\Temp\\cf\\Catastrophic Forgetting\\research_v2\\results\\runs\\epoch_1\\split_mini_imagenet\\hybrids\\si_der\\seed_123\\artifacts', 'figure_dir': 'F:\\Temp\\cf\\Catastrophic Forgetting\\research_v2\\results\\figures\\epoch_1\\split_mini_imagenet\\hybrids\\si_der\\seed_123'}
[14:31:20] Device: cuda
[14:31:22] Dataset: SplitMiniImageNet(tasks=20, classes_per_task=5, scenario=class-il)
[14:31:22] 
============================================================
 Task 1/20  | Classes (0, 5)
============================================================
[14:31:22] Task 0 baseline (chance): 20.00%
[14:31:49] task=0  epoch=0  train_loss=1.8565
[14:31:52] task=0  epoch=END  time_sec=26.8  acc_task0=38.67
[14:31:53] 
============================================================
 Task 2/20  | Classes (5, 10)
============================================================
[14:31:53] Task 1 baseline (chance): 10.00%
[14:31:57] Task 1 zero-shot (pre-train): 0.17%
[14:32:27] task=1  epoch=0  train_loss=1.6988
[14:32:34] task=1  epoch=END  time_sec=30.1  acc_task0=0.0  acc_task1=52.5
[14:32:34] 
============================================================
 Task 3/20  | Classes (10, 15)
============================================================
[14:32:34] Task 2 baseline (chance): 6.67%
[14:32:38] Task 2 zero-shot (pre-train): 0.00%
[14:33:06] task=2  epoch=0  train_loss=2.1345
[14:33:17] task=2  epoch=END  time_sec=28.4  acc_task0=0.0  acc_task1=0.0  acc_task2=39.17
[14:33:17] 
============================================================
 Task 4/20  | Classes (15, 20)
============================================================
[14:33:17] Task 3 baseline (chance): 5.00%
[14:33:21] Task 3 zero-shot (pre-train): 0.00%
[14:33:49] task=3  epoch=0  train_loss=2.8194
[14:34:03] task=3  epoch=END  time_sec=28.4  acc_task0=0.0  acc_task1=0.0  acc_task2=0.0  acc_task3=30.67
[14:34:03] 
============================================================
 Task 5/20  | Classes (20, 25)
============================================================
[14:34:03] Task 4 baseline (chance): 4.00%
[14:34:07] Task 4 zero-shot (pre-train): 0.00%
[14:34:36] task=4  epoch=0  train_loss=3.3741
[14:34:53] task=4  epoch=END  time_sec=28.9  acc_task0=0.0  acc_task1=0.0  acc_task2=0.0  acc_task3=0.0  acc_task4=29.5
[14:34:53] 
============================================================
 Task 6/20  | Classes (25, 30)
============================================================
[14:34:53] Task 5 baseline (chance): 3.33%
[14:34:58] Task 5 zero-shot (pre-train): 0.00%
[14:35:28] task=5  epoch=0  train_loss=4.0626
[14:35:49] task=5  epoch=END  time_sec=30.4  acc_task0=0.0  acc_task1=0.0  acc_task2=0.0  acc_task3=0.0  acc_task4=0.0  acc_task5=40.5
[14:35:49] 
============================================================
 Task 7/20  | Classes (30, 35)
============================================================
[14:35:49] Task 6 baseline (chance): 2.86%
[14:35:53] Task 6 zero-shot (pre-train): 0.00%
[14:36:21] task=6  epoch=0  train_loss=4.356
[14:36:45] task=6  epoch=END  time_sec=28.6  acc_task0=0.0  acc_task1=0.0  acc_task2=0.0  acc_task3=0.0  acc_task4=0.0  acc_task5=0.0  acc_task6=33.0
[14:36:45] 
============================================================
 Task 8/20  | Classes (35, 40)
============================================================
[14:36:45] Task 7 baseline (chance): 2.50%
[14:36:49] Task 7 zero-shot (pre-train): 0.00%
[14:37:19] task=7  epoch=0  train_loss=4.7073
[14:37:46] task=7  epoch=END  time_sec=29.6  acc_task0=0.0  acc_task1=0.0  acc_task2=0.0  acc_task3=0.0  acc_task4=0.0  acc_task5=0.0  acc_task6=0.0  acc_task7=36.33
[14:37:46] 
============================================================
 Task 9/20  | Classes (40, 45)
============================================================
[14:37:46] Task 8 baseline (chance): 2.22%
[14:37:51] Task 8 zero-shot (pre-train): 0.00%
[14:38:22] task=8  epoch=0  train_loss=4.8405
[14:38:53] task=8  epoch=END  time_sec=31.6  acc_task0=0.0  acc_task1=0.0  acc_task2=0.0  acc_task3=0.0  acc_task4=0.0  acc_task5=0.0  acc_task6=0.0  acc_task7=0.0  acc_task8=44.17
[14:38:54] 
============================================================
 Task 10/20  | Classes (45, 50)
============================================================
[14:38:54] Task 9 baseline (chance): 2.00%
[14:38:57] Task 9 zero-shot (pre-train): 0.00%
[14:39:25] task=9  epoch=0  train_loss=5.2845
[14:39:58] task=9  epoch=END  time_sec=27.5  acc_task0=0.0  acc_task1=0.0  acc_task2=0.0  acc_task3=0.0  acc_task4=0.0  acc_task5=0.0  acc_task6=0.0  acc_task7=0.0  acc_task8=0.0  acc_task9=29.33
[14:39:59] 
============================================================
 Task 11/20  | Classes (50, 55)
============================================================
[14:39:59] Task 10 baseline (chance): 1.82%
[14:40:03] Task 10 zero-shot (pre-train): 0.00%
[14:40:32] task=10  epoch=0  train_loss=5.3476
[14:41:09] task=10  epoch=END  time_sec=29.0  acc_task0=0.0  acc_task1=0.0  acc_task2=0.0  acc_task3=0.0  acc_task4=0.0  acc_task5=0.0  acc_task6=0.0  acc_task7=0.0  acc_task8=0.0  acc_task9=0.0  acc_task10=36.67
[14:41:09] 
============================================================
 Task 12/20  | Classes (55, 60)
============================================================
[14:41:09] Task 11 baseline (chance): 1.67%
[14:41:13] Task 11 zero-shot (pre-train): 0.00%
[14:41:43] task=11  epoch=0  train_loss=5.3152
[14:42:23] task=11  epoch=END  time_sec=29.4  acc_task0=0.0  acc_task1=0.0  acc_task2=0.0  acc_task3=0.0  acc_task4=0.0  acc_task5=0.0  acc_task6=0.0  acc_task7=0.0  acc_task8=0.0  acc_task9=0.0  acc_task10=0.0  acc_task11=27.33
[14:42:29] 
============================================================
 Task 13/20  | Classes (60, 65)
============================================================
[14:42:29] Task 12 baseline (chance): 1.54%
[14:42:33] Task 12 zero-shot (pre-train): 0.00%
[14:43:01] task=12  epoch=0  train_loss=5.3926
[14:43:44] task=12  epoch=END  time_sec=27.9  acc_task0=0.0  acc_task1=0.0  acc_task2=0.0  acc_task3=0.0  acc_task4=0.0  acc_task5=0.0  acc_task6=0.0  acc_task7=0.0  acc_task8=0.0  acc_task9=0.0  acc_task10=0.0  acc_task11=0.0  acc_task12=30.17
[14:43:45] 
============================================================
 Task 14/20  | Classes (65, 70)
============================================================
[14:43:45] Task 13 baseline (chance): 1.43%
[14:43:49] Task 13 zero-shot (pre-train): 0.00%
[14:44:17] task=13  epoch=0  train_loss=5.7424
[14:45:04] task=13  epoch=END  time_sec=28.6  acc_task0=0.0  acc_task1=0.0  acc_task2=0.0  acc_task3=0.0  acc_task4=0.0  acc_task5=0.0  acc_task6=0.0  acc_task7=0.0  acc_task8=0.0  acc_task9=0.0  acc_task10=0.0  acc_task11=0.0  acc_task12=0.0  acc_task13=30.17
[14:45:05] 
============================================================
 Task 15/20  | Classes (70, 75)
============================================================
[14:45:05] Task 14 baseline (chance): 1.33%
[14:45:08] Task 14 zero-shot (pre-train): 0.00%
[14:45:37] task=14  epoch=0  train_loss=5.7342
[14:46:26] task=14  epoch=END  time_sec=28.8  acc_task0=0.0  acc_task1=0.0  acc_task2=0.0  acc_task3=0.0  acc_task4=0.0  acc_task5=0.0  acc_task6=0.0  acc_task7=0.0  acc_task8=0.0  acc_task9=0.0  acc_task10=0.0  acc_task11=0.0  acc_task12=0.0  acc_task13=0.0  acc_task14=35.83
[14:46:27] 
============================================================
 Task 16/20  | Classes (75, 80)
============================================================
[14:46:27] Task 15 baseline (chance): 1.25%
[14:46:31] Task 15 zero-shot (pre-train): 0.00%
[14:47:02] task=15  epoch=0  train_loss=5.6881
[14:47:56] task=15  epoch=END  time_sec=30.4  acc_task0=0.0  acc_task1=0.0  acc_task2=0.0  acc_task3=0.0  acc_task4=0.0  acc_task5=0.0  acc_task6=0.0  acc_task7=0.0  acc_task8=0.0  acc_task9=0.0  acc_task10=0.0  acc_task11=0.0  acc_task12=0.0  acc_task13=0.0  acc_task14=0.0  acc_task15=31.33
[14:47:56] 
============================================================
 Task 17/20  | Classes (80, 85)
============================================================
[14:47:56] Task 16 baseline (chance): 1.18%
[14:48:00] Task 16 zero-shot (pre-train): 0.00%
[14:48:31] task=16  epoch=0  train_loss=5.5155
[14:49:36] task=16  epoch=END  time_sec=30.9  acc_task0=0.0  acc_task1=0.0  acc_task2=0.0  acc_task3=0.0  acc_task4=0.0  acc_task5=0.0  acc_task6=0.0  acc_task7=0.0  acc_task8=0.0  acc_task9=0.0  acc_task10=0.0  acc_task11=0.0  acc_task12=0.0  acc_task13=0.0  acc_task14=0.0  acc_task15=0.0  acc_task16=45.5
[14:49:37] 
============================================================
 Task 18/20  | Classes (85, 90)
============================================================
[14:49:37] Task 17 baseline (chance): 1.11%
[14:49:41] Task 17 zero-shot (pre-train): 0.00%
[14:50:10] task=17  epoch=0  train_loss=6.087
[14:51:12] task=17  epoch=END  time_sec=29.8  acc_task0=0.0  acc_task1=0.0  acc_task2=0.0  acc_task3=0.0  acc_task4=0.0  acc_task5=0.0  acc_task6=0.0  acc_task7=0.0  acc_task8=0.0  acc_task9=0.0  acc_task10=0.0  acc_task11=0.0  acc_task12=0.0  acc_task13=0.0  acc_task14=0.0  acc_task15=0.0  acc_task16=0.0  acc_task17=32.5
[14:51:13] 
============================================================
 Task 19/20  | Classes (90, 95)
============================================================
[14:51:13] Task 18 baseline (chance): 1.05%
[14:51:17] Task 18 zero-shot (pre-train): 0.00%
[14:51:46] task=18  epoch=0  train_loss=5.857
[14:52:56] task=18  epoch=END  time_sec=28.9  acc_task0=0.0  acc_task1=0.0  acc_task2=0.0  acc_task3=0.0  acc_task4=0.0  acc_task5=0.0  acc_task6=0.0  acc_task7=0.0  acc_task8=0.0  acc_task9=0.0  acc_task10=0.0  acc_task11=0.0  acc_task12=0.0  acc_task13=0.0  acc_task14=0.0  acc_task15=0.0  acc_task16=0.0  acc_task17=0.0  acc_task18=40.67
[14:52:57] 
============================================================
 Task 20/20  | Classes (95, 100)
============================================================
[14:52:57] Task 19 baseline (chance): 1.00%
[14:53:01] Task 19 zero-shot (pre-train): 0.00%
[14:53:33] task=19  epoch=0  train_loss=6.1
[14:54:48] task=19  epoch=END  time_sec=31.2  acc_task0=0.0  acc_task1=0.0  acc_task2=0.0  acc_task3=0.0  acc_task4=0.0  acc_task5=0.0  acc_task6=0.0  acc_task7=0.0  acc_task8=0.0  acc_task9=0.0  acc_task10=0.0  acc_task11=0.0  acc_task12=0.0  acc_task13=0.0  acc_task14=0.0  acc_task15=0.0  acc_task16=0.0  acc_task17=0.0  acc_task18=0.0  acc_task19=42.5
[14:54:49] 
Final Metrics:
  avg_accuracy         +2.1250
  forgetting           +36.0000
  backward_transfer    -36.0000
  forward_transfer     -2.7257
[14:54:51] 
Done - run: split_mini_imagenet_si_der_seed123
[14:54:51] Metrics: {'avg_accuracy': 2.125, 'forgetting': 36.0, 'backward_transfer': -36.0, 'forward_transfer': -2.7257}
[14:54:51] Deleted 20 checkpoint(s) after successful completion.
