[00:30:05] Starting: split_cifar10_agem_seed42
[00:30:05] Config: {'dataset': 'split_cifar10', 'data_root': 'F:\\Temp\\cf\\Catastrophic Forgetting\\research_v2\\Project\\data_local', 'dataset_image_size': None, 'dataset_out_channels': None, 'model': 'slim_resnet18', 'pretrained': False, 'model_image_size': None, 'method': 'agem', 'n_epochs': 1, 'batch_size': 32, 'num_workers': 0, 'lr': 0.03, 'momentum': 0.9, 'weight_decay': 0.0001, 'fp16': False, 'buffer_size': 200, 'ewc_lambda': 100.0, 'fisher_samples': 200, 'si_lambda': 1.0, 'si_xi': 0.1, 'der_alpha': 0.5, 'xder_beta': 0.5, 'lwf_lambda': 1.0, 'lwf_temp': 2.0, 'icarl_distill_w': 1.0, 'icarl_temp': 2.0, 'use_nmc': True, 'agem_mem_batch': 64, 'distill_lambda': 1.0, 'distill_temp': 2.0, 'pc_distill_w': 1.0, 'pc_ewc_lambda': 100.0, 'pc_compress_epochs': 3, 'er_replay_ratio': 0.5, 'joint_replay_epochs': 1, 'disable_tqdm': True, 'disable_checkpoints': False, 'disable_plots': False, 'resume': True, 'cleanup_checkpoints_on_success': True, 'result_group': 'runs', 'ablation_family': None, 'seeds': [42, 123, 456, 789, 1024], 'results_root': 'F:\\Temp\\cf\\Catastrophic Forgetting\\research_v2\\results', 'seed': 42, 'run_name': 'split_cifar10_agem_seed42', 'project_root': 'F:\\Temp\\cf\\Catastrophic Forgetting\\research_v2\\Project', 'workspace_root': 'F:\\Temp\\cf\\Catastrophic Forgetting\\research_v2', 'run_root': 'F:\\Temp\\cf\\Catastrophic Forgetting\\research_v2\\results\\runs\\epoch_1\\split_cifar10\\baselines\\agem\\seed_42', 'log_dir': 'F:\\Temp\\cf\\Catastrophic Forgetting\\research_v2\\results\\runs\\epoch_1\\split_cifar10\\baselines\\agem\\seed_42\\logs', 'metrics_dir': 'F:\\Temp\\cf\\Catastrophic Forgetting\\research_v2\\results\\runs\\epoch_1\\split_cifar10\\baselines\\agem\\seed_42\\metrics', 'checkpoint_dir': 'F:\\Temp\\cf\\Catastrophic Forgetting\\research_v2\\results\\runs\\epoch_1\\split_cifar10\\baselines\\agem\\seed_42\\checkpoints', 'artifact_dir': 'F:\\Temp\\cf\\Catastrophic Forgetting\\research_v2\\results\\runs\\epoch_1\\split_cifar10\\baselines\\agem\\seed_42\\artifacts', 'figure_dir': 'F:\\Temp\\cf\\Catastrophic Forgetting\\research_v2\\results\\figures\\epoch_1\\split_cifar10\\baselines\\agem\\seed_42'}
[00:30:07] Device: cuda
[00:30:08] Dataset: SplitCIFAR10(tasks=5, classes_per_task=2, scenario=class-il)
[00:30:08] 
============================================================
 Task 1/5  | Classes (0, 2)
============================================================
[00:30:08] Task 0 baseline (chance): 50.00%
[00:30:16] task=0  epoch=0  train_loss=0.5767
[00:30:16] task=0  epoch=END  time_sec=7.3  acc_task0=75.25
[00:30:16] 
============================================================
 Task 2/5  | Classes (2, 4)
============================================================
[00:30:16] Task 1 baseline (chance): 25.00%
[00:30:17] Task 1 zero-shot (pre-train): 0.15%
[00:30:35] task=1  epoch=0  train_loss=0.6273
[00:30:36] task=1  epoch=END  time_sec=17.9  acc_task0=0.0  acc_task1=71.65
[00:30:36] 
============================================================
 Task 3/5  | Classes (4, 6)
============================================================
[00:30:36] Task 2 baseline (chance): 16.67%
[00:30:36] Task 2 zero-shot (pre-train): 0.00%
[00:30:56] task=2  epoch=0  train_loss=0.6033
[00:30:58] task=2  epoch=END  time_sec=20.0  acc_task0=0.0  acc_task1=0.0  acc_task2=76.15
[00:30:58] 
============================================================
 Task 4/5  | Classes (6, 8)
============================================================
[00:30:58] Task 3 baseline (chance): 12.50%
[00:30:59] Task 3 zero-shot (pre-train): 0.00%
[00:31:20] task=3  epoch=0  train_loss=0.6628
[00:31:22] task=3  epoch=END  time_sec=21.4  acc_task0=0.0  acc_task1=0.0  acc_task2=0.0  acc_task3=81.45
[00:31:22] 
============================================================
 Task 5/5  | Classes (8, 10)
============================================================
[00:31:22] Task 4 baseline (chance): 10.00%
[00:31:23] Task 4 zero-shot (pre-train): 0.00%
[00:31:48] task=4  epoch=0  train_loss=0.7415
[00:31:51] task=4  epoch=END  time_sec=24.6  acc_task0=0.0  acc_task1=0.0  acc_task2=0.0  acc_task3=0.0  acc_task4=80.35
[00:31:51] 
Final Metrics:
  avg_accuracy         +16.0700
  forgetting           +76.1250
  backward_transfer    -76.1250
  forward_transfer     -16.0042
[00:31:53] 
Done - run: split_cifar10_agem_seed42
[00:31:53] Metrics: {'avg_accuracy': 16.07, 'forgetting': 76.125, 'backward_transfer': -76.125, 'forward_transfer': -16.0042}
[00:31:53] Deleted 5 checkpoint(s) after successful completion.
