[21:53:46] Starting: permuted_mnist_der_ntasks5_seed1024
[21:53:46] Config: {'dataset': 'permuted_mnist', 'data_root': 'Project/data_local', 'model': 'resnet8', 'pretrained': False, 'method': 'der', 'n_epochs': 1, 'batch_size': 32, 'num_workers': 0, 'lr': 0.03, 'momentum': 0.9, 'weight_decay': 0.0001, 'fp16': False, 'buffer_size': 200, 'ewc_lambda': 100.0, 'fisher_samples': 200, 'si_lambda': 1.0, 'si_xi': 0.1, 'der_alpha': 0.5, 'xder_beta': 0.5, 'lwf_lambda': 1.0, 'lwf_temp': 2.0, 'icarl_distill_w': 1.0, 'icarl_temp': 2.0, 'use_nmc': True, 'agem_mem_batch': 64, 'distill_lambda': 1.0, 'distill_temp': 2.0, 'pc_distill_w': 1.0, 'pc_ewc_lambda': 100.0, 'pc_compress_epochs': 3, 'er_replay_ratio': 0.5, 'joint_replay_epochs': 1, 'disable_tqdm': True, 'disable_checkpoints': True, 'disable_plots': True, 'seeds': [42, 123, 456, 789, 1024], 'results_root': 'results', 'checkpoint_dir': 'results/checkpoints', 'figure_dir': 'results/figures', 'log_dir': 'results/raw', 'n_tasks': 5, 'run_tag': 'ntasks5', 'run_name': 'permuted_mnist_der_ntasks5_seed1024', 'seed': 1024}
[21:53:46] Device: cuda
[21:53:46] Dataset: PermutedMNIST(tasks=5, classes_per_task=10, scenario=domain-il)
[21:53:46] 
============================================================
 Task 1/5  | Classes (0, 10)
============================================================
[21:53:46] Task 0 baseline (chance): 10.00%
[21:55:01] task=0  epoch=0  train_loss=0.4383
[21:55:06] task=0  epoch=END  time_sec=74.5  acc_task0=95.74
[21:55:06] 
============================================================
 Task 2/5  | Classes (0, 10)
============================================================
[21:55:06] Task 1 baseline (chance): 10.00%
[21:55:12] Task 1 zero-shot (pre-train): 7.64%
[21:56:25] task=1  epoch=0  train_loss=0.342
[21:56:36] task=1  epoch=END  time_sec=73.9  acc_task0=86.18  acc_task1=96.01
[21:56:36] 
============================================================
 Task 3/5  | Classes (0, 10)
============================================================
[21:56:36] Task 2 baseline (chance): 10.00%
[21:56:42] Task 2 zero-shot (pre-train): 9.71%
[21:57:56] task=2  epoch=0  train_loss=0.3382
[21:58:12] task=2  epoch=END  time_sec=73.7  acc_task0=76.5  acc_task1=87.96  acc_task2=96.34
[21:58:12] 
============================================================
 Task 4/5  | Classes (0, 10)
============================================================
[21:58:12] Task 3 baseline (chance): 10.00%
[21:58:17] Task 3 zero-shot (pre-train): 11.31%
[21:59:31] task=3  epoch=0  train_loss=0.3236
[21:59:53] task=3  epoch=END  time_sec=74.3  acc_task0=66.81  acc_task1=76.2  acc_task2=84.84  acc_task3=96.06
[21:59:53] 
============================================================
 Task 5/5  | Classes (0, 10)
============================================================
[21:59:53] Task 4 baseline (chance): 10.00%
[21:59:59] Task 4 zero-shot (pre-train): 15.87%
[22:01:14] task=4  epoch=0  train_loss=0.3134
[22:01:42] task=4  epoch=END  time_sec=75.1  acc_task0=61.47  acc_task1=68.6  acc_task2=74.6  acc_task3=87.49  acc_task4=96.09
[22:01:42] 
Final Metrics:
  avg_accuracy         +77.6500
  forgetting           +22.9975
  backward_transfer    -22.9975
  forward_transfer     +1.1325
[22:01:42] 
Done - run: permuted_mnist_der_ntasks5_seed1024
[22:01:42] Metrics: {'avg_accuracy': 77.65, 'forgetting': 22.9975, 'backward_transfer': -22.9975, 'forward_transfer': 1.1325}
