[21:29:23] Starting: permuted_mnist_der_ntasks5_seed123
[21:29:23] Config: {'dataset': 'permuted_mnist', 'data_root': 'Project/data_local', 'model': 'resnet8', 'pretrained': False, 'method': 'der', 'n_epochs': 1, 'batch_size': 32, 'num_workers': 0, 'lr': 0.03, 'momentum': 0.9, 'weight_decay': 0.0001, 'fp16': False, 'buffer_size': 200, 'ewc_lambda': 100.0, 'fisher_samples': 200, 'si_lambda': 1.0, 'si_xi': 0.1, 'der_alpha': 0.5, 'xder_beta': 0.5, 'lwf_lambda': 1.0, 'lwf_temp': 2.0, 'icarl_distill_w': 1.0, 'icarl_temp': 2.0, 'use_nmc': True, 'agem_mem_batch': 64, 'distill_lambda': 1.0, 'distill_temp': 2.0, 'pc_distill_w': 1.0, 'pc_ewc_lambda': 100.0, 'pc_compress_epochs': 3, 'er_replay_ratio': 0.5, 'joint_replay_epochs': 1, 'disable_tqdm': True, 'disable_checkpoints': True, 'disable_plots': True, 'seeds': [42, 123, 456, 789, 1024], 'results_root': 'results', 'checkpoint_dir': 'results/checkpoints', 'figure_dir': 'results/figures', 'log_dir': 'results/raw', 'n_tasks': 5, 'run_tag': 'ntasks5', 'run_name': 'permuted_mnist_der_ntasks5_seed123', 'seed': 123}
[21:29:23] Device: cuda
[21:29:23] Dataset: PermutedMNIST(tasks=5, classes_per_task=10, scenario=domain-il)
[21:29:23] 
============================================================
 Task 1/5  | Classes (0, 10)
============================================================
[21:29:23] Task 0 baseline (chance): 10.00%
[21:30:39] task=0  epoch=0  train_loss=0.43
[21:30:44] task=0  epoch=END  time_sec=76.0  acc_task0=95.37
[21:30:44] 
============================================================
 Task 2/5  | Classes (0, 10)
============================================================
[21:30:44] Task 1 baseline (chance): 10.00%
[21:30:50] Task 1 zero-shot (pre-train): 6.57%
[21:32:06] task=1  epoch=0  train_loss=0.3343
[21:32:17] task=1  epoch=END  time_sec=75.7  acc_task0=87.68  acc_task1=96.02
[21:32:17] 
============================================================
 Task 3/5  | Classes (0, 10)
============================================================
[21:32:17] Task 2 baseline (chance): 10.00%
[21:32:23] Task 2 zero-shot (pre-train): 10.42%
[21:33:38] task=2  epoch=0  train_loss=0.3281
[21:33:55] task=2  epoch=END  time_sec=75.2  acc_task0=77.87  acc_task1=87.32  acc_task2=95.92
[21:33:55] 
============================================================
 Task 4/5  | Classes (0, 10)
============================================================
[21:33:55] Task 3 baseline (chance): 10.00%
[21:34:00] Task 3 zero-shot (pre-train): 10.75%
[21:35:15] task=3  epoch=0  train_loss=0.3235
[21:35:37] task=3  epoch=END  time_sec=74.5  acc_task0=70.92  acc_task1=78.85  acc_task2=85.87  acc_task3=96.3
[21:35:37] 
============================================================
 Task 5/5  | Classes (0, 10)
============================================================
[21:35:37] Task 4 baseline (chance): 10.00%
[21:35:42] Task 4 zero-shot (pre-train): 9.93%
[21:36:57] task=4  epoch=0  train_loss=0.3219
[21:37:27] task=4  epoch=END  time_sec=74.5  acc_task0=61.78  acc_task1=72.63  acc_task2=78.93  acc_task3=86.29  acc_task4=95.93
[21:37:27] 
Final Metrics:
  avg_accuracy         +79.1120
  forgetting           +20.9950
  backward_transfer    -20.9950
  forward_transfer     -0.5825
[21:37:27] 
Done - run: permuted_mnist_der_ntasks5_seed123
[21:37:27] Metrics: {'avg_accuracy': 79.112, 'forgetting': 20.995, 'backward_transfer': -20.995, 'forward_transfer': -0.5825}
