[01:40:57] Starting: split_cifar10_joint_training_seed42
[01:40:57] Config: {'dataset': 'split_cifar10', 'data_root': 'F:\\Temp\\cf\\Catastrophic Forgetting\\research_v2\\Project\\data_local', 'dataset_image_size': None, 'dataset_out_channels': None, 'model': 'slim_resnet18', 'pretrained': False, 'model_image_size': None, 'method': 'joint_training', 'n_epochs': 1, 'batch_size': 32, 'num_workers': 0, 'lr': 0.03, 'momentum': 0.9, 'weight_decay': 0.0001, 'fp16': False, 'buffer_size': 200, 'ewc_lambda': 100.0, 'fisher_samples': 200, 'si_lambda': 1.0, 'si_xi': 0.1, 'der_alpha': 0.5, 'xder_beta': 0.5, 'lwf_lambda': 1.0, 'lwf_temp': 2.0, 'icarl_distill_w': 1.0, 'icarl_temp': 2.0, 'use_nmc': True, 'agem_mem_batch': 64, 'distill_lambda': 1.0, 'distill_temp': 2.0, 'pc_distill_w': 1.0, 'pc_ewc_lambda': 100.0, 'pc_compress_epochs': 3, 'er_replay_ratio': 0.5, 'joint_replay_epochs': 1, 'disable_tqdm': True, 'disable_checkpoints': False, 'disable_plots': False, 'resume': True, 'cleanup_checkpoints_on_success': True, 'result_group': 'runs', 'ablation_family': None, 'seeds': [42, 123, 456, 789, 1024], 'results_root': 'F:\\Temp\\cf\\Catastrophic Forgetting\\research_v2\\results', 'seed': 42, 'run_name': 'split_cifar10_joint_training_seed42', 'project_root': 'F:\\Temp\\cf\\Catastrophic Forgetting\\research_v2\\Project', 'workspace_root': 'F:\\Temp\\cf\\Catastrophic Forgetting\\research_v2', 'run_root': 'F:\\Temp\\cf\\Catastrophic Forgetting\\research_v2\\results\\runs\\epoch_1\\split_cifar10\\baselines\\joint_training\\seed_42', 'log_dir': 'F:\\Temp\\cf\\Catastrophic Forgetting\\research_v2\\results\\runs\\epoch_1\\split_cifar10\\baselines\\joint_training\\seed_42\\logs', 'metrics_dir': 'F:\\Temp\\cf\\Catastrophic Forgetting\\research_v2\\results\\runs\\epoch_1\\split_cifar10\\baselines\\joint_training\\seed_42\\metrics', 'checkpoint_dir': 'F:\\Temp\\cf\\Catastrophic Forgetting\\research_v2\\results\\runs\\epoch_1\\split_cifar10\\baselines\\joint_training\\seed_42\\checkpoints', 'artifact_dir': 'F:\\Temp\\cf\\Catastrophic Forgetting\\research_v2\\results\\runs\\epoch_1\\split_cifar10\\baselines\\joint_training\\seed_42\\artifacts', 'figure_dir': 'F:\\Temp\\cf\\Catastrophic Forgetting\\research_v2\\results\\figures\\epoch_1\\split_cifar10\\baselines\\joint_training\\seed_42'}
[01:40:57] Device: cuda
[01:40:59] Dataset: SplitCIFAR10(tasks=5, classes_per_task=2, scenario=class-il)
[01:40:59] 
============================================================
 Task 1/5  | Classes (0, 2)
============================================================
[01:40:59] Task 0 baseline (chance): 50.00%
[01:41:10] task=0  epoch=0  train_loss=0.5767
[01:41:23] task=0  epoch=END  time_sec=10.9  acc_task0=90.4
[01:41:23] 
============================================================
 Task 2/5  | Classes (2, 4)
============================================================
[01:41:23] Task 1 baseline (chance): 25.00%
[01:41:24] Task 1 zero-shot (pre-train): 1.10%
[01:41:35] task=1  epoch=0  train_loss=0.5832
[01:41:54] task=1  epoch=END  time_sec=10.8  acc_task0=83.0  acc_task1=59.55
[01:41:55] 
============================================================
 Task 3/5  | Classes (4, 6)
============================================================
[01:41:55] Task 2 baseline (chance): 16.67%
[01:41:56] Task 2 zero-shot (pre-train): 0.00%
[01:42:06] task=2  epoch=0  train_loss=0.5255
[01:42:33] task=2  epoch=END  time_sec=10.8  acc_task0=86.4  acc_task1=49.35  acc_task2=45.85
[01:42:33] 
============================================================
 Task 4/5  | Classes (6, 8)
============================================================
[01:42:33] Task 3 baseline (chance): 12.50%
[01:42:34] Task 3 zero-shot (pre-train): 0.00%
[01:42:45] task=3  epoch=0  train_loss=0.3552
[01:43:20] task=3  epoch=END  time_sec=11.2  acc_task0=75.2  acc_task1=55.2  acc_task2=30.85  acc_task3=62.1
[01:43:21] 
============================================================
 Task 5/5  | Classes (8, 10)
============================================================
[01:43:21] Task 4 baseline (chance): 10.00%
[01:43:22] Task 4 zero-shot (pre-train): 0.00%
[01:43:33] task=4  epoch=0  train_loss=0.294
[01:44:12] task=4  epoch=END  time_sec=11.1  acc_task0=67.3  acc_task1=57.2  acc_task2=44.1  acc_task3=67.1  acc_task4=79.75
[01:44:13] 
Final Metrics:
  avg_accuracy         +63.0900
  forgetting           +6.8000
  backward_transfer    -5.5500
  forward_transfer     -15.7667
[01:44:14] 
Done - run: split_cifar10_joint_training_seed42
[01:44:14] Metrics: {'avg_accuracy': 63.09, 'forgetting': 6.8, 'backward_transfer': -5.55, 'forward_transfer': -15.7667}
[01:44:14] Deleted 5 checkpoint(s) after successful completion.
