[01:48:08] Starting: split_cifar10_er_ewc_lambda100_seed42
[01:48:08] Config: {'dataset': 'split_cifar10', 'data_root': 'F:\\Temp\\cf\\Catastrophic Forgetting\\research_v2\\Project\\data_local', 'dataset_image_size': None, 'dataset_out_channels': None, 'model': 'slim_resnet18', 'pretrained': False, 'model_image_size': None, 'method': 'er_ewc', 'n_epochs': 1, 'batch_size': 32, 'num_workers': 0, 'lr': 0.03, 'momentum': 0.9, 'weight_decay': 0.0001, 'fp16': False, 'buffer_size': 200, 'ewc_lambda': 100.0, 'fisher_samples': 200, 'si_lambda': 1.0, 'si_xi': 0.1, 'der_alpha': 0.5, 'xder_beta': 0.5, 'lwf_lambda': 1.0, 'lwf_temp': 2.0, 'icarl_distill_w': 1.0, 'icarl_temp': 2.0, 'use_nmc': True, 'agem_mem_batch': 64, 'distill_lambda': 1.0, 'distill_temp': 2.0, 'pc_distill_w': 1.0, 'pc_ewc_lambda': 100.0, 'pc_compress_epochs': 3, 'er_replay_ratio': 0.5, 'joint_replay_epochs': 1, 'disable_tqdm': True, 'disable_checkpoints': False, 'disable_plots': True, 'resume': False, 'cleanup_checkpoints_on_success': True, 'result_group': 'ablations', 'ablation_family': 'lambda', 'seeds': [42, 123, 456, 789, 1024], 'results_root': 'F:\\Temp\\cf\\Catastrophic Forgetting\\research_v2\\results', 'run_tag': 'lambda100', 'seed': 42, 'run_name': 'split_cifar10_er_ewc_lambda100_seed42', 'project_root': 'F:\\Temp\\cf\\Catastrophic Forgetting\\research_v2\\Project', 'workspace_root': 'F:\\Temp\\cf\\Catastrophic Forgetting\\research_v2', 'run_root': 'F:\\Temp\\cf\\Catastrophic Forgetting\\research_v2\\results\\ablations\\epoch_1\\split_cifar10\\lambda\\er_ewc__lambda100\\seed_42', 'log_dir': 'F:\\Temp\\cf\\Catastrophic Forgetting\\research_v2\\results\\ablations\\epoch_1\\split_cifar10\\lambda\\er_ewc__lambda100\\seed_42\\logs', 'metrics_dir': 'F:\\Temp\\cf\\Catastrophic Forgetting\\research_v2\\results\\ablations\\epoch_1\\split_cifar10\\lambda\\er_ewc__lambda100\\seed_42\\metrics', 'checkpoint_dir': 'F:\\Temp\\cf\\Catastrophic Forgetting\\research_v2\\results\\ablations\\epoch_1\\split_cifar10\\lambda\\er_ewc__lambda100\\seed_42\\checkpoints', 'artifact_dir': 'F:\\Temp\\cf\\Catastrophic Forgetting\\research_v2\\results\\ablations\\epoch_1\\split_cifar10\\lambda\\er_ewc__lambda100\\seed_42\\artifacts', 'figure_dir': 'F:\\Temp\\cf\\Catastrophic Forgetting\\research_v2\\results\\figures\\ablations\\epoch_1\\split_cifar10\\lambda\\er_ewc__lambda100\\seed_42'}
[01:48:08] Device: cuda
[01:48:11] Dataset: SplitCIFAR10(tasks=5, classes_per_task=2, scenario=class-il)
[01:48:11] 
============================================================
 Task 1/5  | Classes (0, 2)
============================================================
[01:48:11] Task 0 baseline (chance): 50.00%
[01:48:31] task=0  epoch=0  train_loss=0.4839
[01:48:33] task=0  epoch=END  time_sec=20.5  acc_task0=87.65
[01:48:33] 
============================================================
 Task 2/5  | Classes (2, 4)
============================================================
[01:48:33] Task 1 baseline (chance): 25.00%
[01:48:34] Task 1 zero-shot (pre-train): 2.10%
[01:49:10] task=1  epoch=0  train_loss=0.7252
[01:49:13] task=1  epoch=END  time_sec=36.1  acc_task0=60.85  acc_task1=63.3
[01:49:13] 
============================================================
 Task 3/5  | Classes (4, 6)
============================================================
[01:49:13] Task 2 baseline (chance): 16.67%
[01:49:14] Task 2 zero-shot (pre-train): 0.00%
[01:50:06] task=2  epoch=0  train_loss=0.7169
[01:50:10] task=2  epoch=END  time_sec=51.3  acc_task0=38.15  acc_task1=4.55  acc_task2=78.55
[01:50:10] 
============================================================
 Task 4/5  | Classes (6, 8)
============================================================
[01:50:10] Task 3 baseline (chance): 12.50%
[01:50:11] Task 3 zero-shot (pre-train): 0.00%
[01:51:03] task=3  epoch=0  train_loss=0.5669
[01:51:08] task=3  epoch=END  time_sec=51.9  acc_task0=25.6  acc_task1=0.65  acc_task2=4.75  acc_task3=90.0
[01:51:08] 
============================================================
 Task 5/5  | Classes (8, 10)
============================================================
[01:51:08] Task 4 baseline (chance): 10.00%
[01:51:09] Task 4 zero-shot (pre-train): 0.00%
[01:51:56] task=4  epoch=0  train_loss=0.5077
[01:52:01] task=4  epoch=END  time_sec=46.8  acc_task0=2.9  acc_task1=2.9  acc_task2=8.8  acc_task3=12.65  acc_task4=87.45
[01:52:02] 
Final Metrics:
  avg_accuracy         +22.9400
  forgetting           +73.0625
  backward_transfer    -73.0625
  forward_transfer     -15.5167
[01:52:02] 
Done - run: split_cifar10_er_ewc_lambda100_seed42
[01:52:02] Metrics: {'avg_accuracy': 22.94, 'forgetting': 73.0625, 'backward_transfer': -73.0625, 'forward_transfer': -15.5167}
[01:52:02] Deleted 5 checkpoint(s) after successful completion.
