[01:53:48] Starting: permuted_mnist_der_ntasks10_seed123
[01:53:48] Config: {'dataset': 'permuted_mnist', 'data_root': 'F:\\Temp\\cf\\Catastrophic Forgetting\\research_v2\\Project\\data_local', 'dataset_image_size': 32, 'dataset_out_channels': None, 'model': 'slim_resnet18', 'pretrained': False, 'model_image_size': None, 'method': 'der', 'n_epochs': 1, 'batch_size': 32, 'num_workers': 2, 'lr': 0.03, 'momentum': 0.9, 'weight_decay': 0.0001, 'fp16': False, 'buffer_size': 200, 'ewc_lambda': 100.0, 'fisher_samples': 200, 'si_lambda': 1.0, 'si_xi': 0.1, 'der_alpha': 0.5, 'xder_beta': 0.5, 'lwf_lambda': 1.0, 'lwf_temp': 2.0, 'icarl_distill_w': 1.0, 'icarl_temp': 2.0, 'use_nmc': True, 'agem_mem_batch': 64, 'distill_lambda': 1.0, 'distill_temp': 2.0, 'pc_distill_w': 1.0, 'pc_ewc_lambda': 100.0, 'pc_compress_epochs': 3, 'er_replay_ratio': 0.5, 'joint_replay_epochs': 1, 'disable_tqdm': True, 'disable_checkpoints': False, 'disable_plots': True, 'resume': False, 'cleanup_checkpoints_on_success': True, 'result_group': 'ablations', 'ablation_family': 'tasklen', 'seeds': [42, 123, 456, 789, 1024], 'results_root': 'F:\\Temp\\cf\\Catastrophic Forgetting\\research_v2\\results', 'n_tasks': 10, 'run_tag': 'ntasks10', 'seed': 123, 'run_name': 'permuted_mnist_der_ntasks10_seed123', 'project_root': 'F:\\Temp\\cf\\Catastrophic Forgetting\\research_v2\\Project', 'workspace_root': 'F:\\Temp\\cf\\Catastrophic Forgetting\\research_v2', 'run_root': 'F:\\Temp\\cf\\Catastrophic Forgetting\\research_v2\\results\\ablations\\epoch_1\\permuted_mnist\\tasklen\\der__ntasks10\\seed_123', 'log_dir': 'F:\\Temp\\cf\\Catastrophic Forgetting\\research_v2\\results\\ablations\\epoch_1\\permuted_mnist\\tasklen\\der__ntasks10\\seed_123\\logs', 'metrics_dir': 'F:\\Temp\\cf\\Catastrophic Forgetting\\research_v2\\results\\ablations\\epoch_1\\permuted_mnist\\tasklen\\der__ntasks10\\seed_123\\metrics', 'checkpoint_dir': 'F:\\Temp\\cf\\Catastrophic Forgetting\\research_v2\\results\\ablations\\epoch_1\\permuted_mnist\\tasklen\\der__ntasks10\\seed_123\\checkpoints', 'artifact_dir': 'F:\\Temp\\cf\\Catastrophic Forgetting\\research_v2\\results\\ablations\\epoch_1\\permuted_mnist\\tasklen\\der__ntasks10\\seed_123\\artifacts', 'figure_dir': 'F:\\Temp\\cf\\Catastrophic Forgetting\\research_v2\\results\\figures\\ablations\\epoch_1\\permuted_mnist\\tasklen\\der__ntasks10\\seed_123'}
[01:53:48] Device: cuda
[01:53:48] Dataset: PermutedMNIST(tasks=10, classes_per_task=10, scenario=domain-il)
[01:53:48] 
============================================================
 Task 1/10  | Classes (0, 10)
============================================================
[01:53:48] Task 0 baseline (chance): 10.00%
[01:56:40] task=0  epoch=0  train_loss=0.3407
[01:56:56] task=0  epoch=END  time_sec=171.8  acc_task0=97.05
[01:56:56] 
============================================================
 Task 2/10  | Classes (0, 10)
============================================================
[01:56:56] Task 1 baseline (chance): 10.00%
[01:57:14] Task 1 zero-shot (pre-train): 14.37%
[01:59:53] task=1  epoch=0  train_loss=0.2459
[02:00:25] task=1  epoch=END  time_sec=159.7  acc_task0=93.33  acc_task1=97.25
[02:00:26] 
============================================================
 Task 3/10  | Classes (0, 10)
============================================================
[02:00:26] Task 2 baseline (chance): 10.00%
[02:00:42] Task 2 zero-shot (pre-train): 10.49%
[02:03:38] task=2  epoch=0  train_loss=0.2198
[02:04:21] task=2  epoch=END  time_sec=176.6  acc_task0=88.06  acc_task1=93.17  acc_task2=97.02
[02:04:22] 
============================================================
 Task 4/10  | Classes (0, 10)
============================================================
[02:04:22] Task 3 baseline (chance): 10.00%
[02:04:37] Task 3 zero-shot (pre-train): 14.97%
[02:07:25] task=3  epoch=0  train_loss=0.2019
[02:08:27] task=3  epoch=END  time_sec=167.3  acc_task0=82.8  acc_task1=86.21  acc_task2=94.12  acc_task3=97.46
[02:08:27] 
============================================================
 Task 5/10  | Classes (0, 10)
============================================================
[02:08:27] Task 4 baseline (chance): 10.00%
[02:08:44] Task 4 zero-shot (pre-train): 11.11%
[02:11:26] task=4  epoch=0  train_loss=0.1949
[02:12:43] task=4  epoch=END  time_sec=162.2  acc_task0=78.6  acc_task1=80.32  acc_task2=88.69  acc_task3=93.4  acc_task4=97.3
[02:12:44] 
============================================================
 Task 6/10  | Classes (0, 10)
============================================================
[02:12:44] Task 5 baseline (chance): 10.00%
[02:13:01] Task 5 zero-shot (pre-train): 9.43%
[02:15:29] task=5  epoch=0  train_loss=0.1875
[02:17:06] task=5  epoch=END  time_sec=147.9  acc_task0=70.79  acc_task1=73.34  acc_task2=81.82  acc_task3=86.93  acc_task4=94.08  acc_task5=97.62
[02:17:06] 
============================================================
 Task 7/10  | Classes (0, 10)
============================================================
[02:17:06] Task 6 baseline (chance): 10.00%
[02:17:22] Task 6 zero-shot (pre-train): 10.62%
[02:20:05] task=6  epoch=0  train_loss=0.1807
[02:21:55] task=6  epoch=END  time_sec=162.4  acc_task0=70.91  acc_task1=70.54  acc_task2=79.48  acc_task3=80.91  acc_task4=87.58  acc_task5=93.92  acc_task6=97.45
[02:21:55] 
============================================================
 Task 8/10  | Classes (0, 10)
============================================================
[02:21:55] Task 7 baseline (chance): 10.00%
[02:22:11] Task 7 zero-shot (pre-train): 11.53%
[02:24:58] task=7  epoch=0  train_loss=0.1784
[02:27:12] task=7  epoch=END  time_sec=167.5  acc_task0=61.37  acc_task1=61.77  acc_task2=73.33  acc_task3=72.24  acc_task4=77.77  acc_task5=76.01  acc_task6=93.01  acc_task7=97.03
[02:27:12] 
============================================================
 Task 9/10  | Classes (0, 10)
============================================================
[02:27:12] Task 8 baseline (chance): 10.00%
[02:27:28] Task 8 zero-shot (pre-train): 10.95%
[02:30:15] task=8  epoch=0  train_loss=0.1756
[02:32:39] task=8  epoch=END  time_sec=166.8  acc_task0=57.29  acc_task1=59.41  acc_task2=68.48  acc_task3=69.89  acc_task4=62.55  acc_task5=67.02  acc_task6=84.31  acc_task7=93.25  acc_task8=97.66
[02:32:39] 
============================================================
 Task 10/10  | Classes (0, 10)
============================================================
[02:32:39] Task 9 baseline (chance): 10.00%
[02:32:55] Task 9 zero-shot (pre-train): 11.45%
[02:35:43] task=9  epoch=0  train_loss=0.1745
[02:38:29] task=9  epoch=END  time_sec=168.6  acc_task0=54.45  acc_task1=61.27  acc_task2=65.92  acc_task3=64.55  acc_task4=61.81  acc_task5=59.33  acc_task6=69.46  acc_task7=83.76  acc_task8=94.09  acc_task9=97.53
[02:38:29] 
Final Metrics:
  avg_accuracy         +71.2170
  forgetting           +29.0222
  backward_transfer    -29.0222
  forward_transfer     +1.6578
[02:38:29] 
Done - run: permuted_mnist_der_ntasks10_seed123
[02:38:29] Metrics: {'avg_accuracy': 71.217, 'forgetting': 29.0222, 'backward_transfer': -29.0222, 'forward_transfer': 1.6578}
[02:38:29] Deleted 10 checkpoint(s) after successful completion.
