[01:13:42] Starting: split_cifar10_agem_distill_buf100_seed456
[01:13:42] Config: {'dataset': 'split_cifar10', 'data_root': 'F:\\Temp\\cf\\Catastrophic Forgetting\\research_v2\\Project\\data_local', 'dataset_image_size': None, 'dataset_out_channels': None, 'model': 'slim_resnet18', 'pretrained': False, 'model_image_size': None, 'method': 'agem_distill', 'n_epochs': 1, 'batch_size': 32, 'num_workers': 0, 'lr': 0.03, 'momentum': 0.9, 'weight_decay': 0.0001, 'fp16': False, 'buffer_size': 100, 'ewc_lambda': 100.0, 'fisher_samples': 200, 'si_lambda': 1.0, 'si_xi': 0.1, 'der_alpha': 0.5, 'xder_beta': 0.5, 'lwf_lambda': 1.0, 'lwf_temp': 2.0, 'icarl_distill_w': 1.0, 'icarl_temp': 2.0, 'use_nmc': True, 'agem_mem_batch': 64, 'distill_lambda': 1.0, 'distill_temp': 2.0, 'pc_distill_w': 1.0, 'pc_ewc_lambda': 100.0, 'pc_compress_epochs': 3, 'er_replay_ratio': 0.5, 'joint_replay_epochs': 1, 'disable_tqdm': True, 'disable_checkpoints': False, 'disable_plots': True, 'resume': False, 'cleanup_checkpoints_on_success': True, 'result_group': 'ablations', 'ablation_family': 'buffer', 'seeds': [42, 123, 456, 789, 1024], 'results_root': 'F:\\Temp\\cf\\Catastrophic Forgetting\\research_v2\\results', 'run_tag': 'buf100', 'seed': 456, 'run_name': 'split_cifar10_agem_distill_buf100_seed456', 'project_root': 'F:\\Temp\\cf\\Catastrophic Forgetting\\research_v2\\Project', 'workspace_root': 'F:\\Temp\\cf\\Catastrophic Forgetting\\research_v2', 'run_root': 'F:\\Temp\\cf\\Catastrophic Forgetting\\research_v2\\results\\ablations\\epoch_1\\split_cifar10\\buffer\\agem_distill__buf100\\seed_456', 'log_dir': 'F:\\Temp\\cf\\Catastrophic Forgetting\\research_v2\\results\\ablations\\epoch_1\\split_cifar10\\buffer\\agem_distill__buf100\\seed_456\\logs', 'metrics_dir': 'F:\\Temp\\cf\\Catastrophic Forgetting\\research_v2\\results\\ablations\\epoch_1\\split_cifar10\\buffer\\agem_distill__buf100\\seed_456\\metrics', 'checkpoint_dir': 'F:\\Temp\\cf\\Catastrophic Forgetting\\research_v2\\results\\ablations\\epoch_1\\split_cifar10\\buffer\\agem_distill__buf100\\seed_456\\checkpoints', 'artifact_dir': 'F:\\Temp\\cf\\Catastrophic Forgetting\\research_v2\\results\\ablations\\epoch_1\\split_cifar10\\buffer\\agem_distill__buf100\\seed_456\\artifacts', 'figure_dir': 'F:\\Temp\\cf\\Catastrophic Forgetting\\research_v2\\results\\figures\\ablations\\epoch_1\\split_cifar10\\buffer\\agem_distill__buf100\\seed_456'}
[01:13:42] Device: cuda
[01:13:45] Dataset: SplitCIFAR10(tasks=5, classes_per_task=2, scenario=class-il)
[01:13:45] 
============================================================
 Task 1/5  | Classes (0, 2)
============================================================
[01:13:45] Task 0 baseline (chance): 50.00%
[01:14:03] task=0  epoch=0  train_loss=0.5142
[01:14:04] task=0  epoch=END  time_sec=18.0  acc_task0=86.9
[01:14:04] 
============================================================
 Task 2/5  | Classes (2, 4)
============================================================
[01:14:04] Task 1 baseline (chance): 25.00%
[01:14:06] Task 1 zero-shot (pre-train): 5.25%
[01:14:42] task=1  epoch=0  train_loss=0.7153
[01:14:45] task=1  epoch=END  time_sec=36.1  acc_task0=0.0  acc_task1=75.35
[01:14:45] 
============================================================
 Task 3/5  | Classes (4, 6)
============================================================
[01:14:45] Task 2 baseline (chance): 16.67%
[01:14:46] Task 2 zero-shot (pre-train): 0.00%
[01:15:26] task=2  epoch=0  train_loss=0.6956
[01:15:31] task=2  epoch=END  time_sec=40.5  acc_task0=0.0  acc_task1=0.0  acc_task2=79.6
[01:15:31] 
============================================================
 Task 4/5  | Classes (6, 8)
============================================================
[01:15:31] Task 3 baseline (chance): 12.50%
[01:15:32] Task 3 zero-shot (pre-train): 0.00%
[01:16:16] task=3  epoch=0  train_loss=0.7882
[01:16:22] task=3  epoch=END  time_sec=44.1  acc_task0=0.0  acc_task1=0.0  acc_task2=0.0  acc_task3=84.05
[01:16:22] 
============================================================
 Task 5/5  | Classes (8, 10)
============================================================
[01:16:22] Task 4 baseline (chance): 10.00%
[01:16:23] Task 4 zero-shot (pre-train): 0.00%
[01:17:06] task=4  epoch=0  train_loss=0.7609
[01:17:10] task=4  epoch=END  time_sec=42.3  acc_task0=0.0  acc_task1=0.0  acc_task2=0.0  acc_task3=0.0  acc_task4=86.05
[01:17:10] 
Final Metrics:
  avg_accuracy         +17.2100
  forgetting           +81.4750
  backward_transfer    -81.4750
  forward_transfer     -14.7292
[01:17:10] 
Done - run: split_cifar10_agem_distill_buf100_seed456
[01:17:10] Metrics: {'avg_accuracy': 17.21, 'forgetting': 81.475, 'backward_transfer': -81.475, 'forward_transfer': -14.7292}
[01:17:10] Deleted 5 checkpoint(s) after successful completion.
