[18:25:48] Starting: split_cifar10_xder_norevision_seed42
[18:25:48] Config: {'dataset': 'split_cifar10', 'data_root': 'Project/data_local', 'model': 'slim_resnet18', 'pretrained': False, 'method': 'xder', 'n_epochs': 1, 'batch_size': 32, 'num_workers': 0, 'lr': 0.03, 'momentum': 0.9, 'weight_decay': 0.0001, 'fp16': False, 'buffer_size': 200, 'ewc_lambda': 100.0, 'fisher_samples': 200, 'si_lambda': 1.0, 'si_xi': 0.1, 'der_alpha': 0.5, 'xder_beta': 0.0, 'lwf_lambda': 1.0, 'lwf_temp': 2.0, 'icarl_distill_w': 1.0, 'icarl_temp': 2.0, 'use_nmc': True, 'agem_mem_batch': 64, 'distill_lambda': 1.0, 'distill_temp': 2.0, 'pc_distill_w': 1.0, 'pc_ewc_lambda': 100.0, 'pc_compress_epochs': 3, 'er_replay_ratio': 0.5, 'joint_replay_epochs': 1, 'disable_tqdm': True, 'disable_checkpoints': False, 'disable_plots': False, 'seeds': [42, 123, 456], 'results_root': 'results_phase3_interactions_plots', 'checkpoint_dir': 'results/checkpoints', 'figure_dir': 'results_phase3_interactions_plots/figures', 'log_dir': 'results_phase3_interactions_plots/raw', 'run_tag': 'norevision', 'run_name': 'split_cifar10_xder_norevision_seed42', 'seed': 42}
[18:25:48] Device: cuda
[18:25:49] Dataset: SplitCIFAR10(tasks=5, classes_per_task=2, scenario=class-il)
[18:25:50] 
============================================================
 Task 1/5  | Classes (0, 2)
============================================================
[18:25:50] Task 0 baseline (chance): 50.00%
[18:26:06] task=0  epoch=0  train_loss=0.9812
[18:26:07] task=0  epoch=END  time_sec=16.4  acc_task0=83.5
[18:26:07] 
============================================================
 Task 2/5  | Classes (2, 4)
============================================================
[18:26:07] Task 1 baseline (chance): 25.00%
[18:26:08] Task 1 zero-shot (pre-train): 0.00%
[18:26:25] task=1  epoch=0  train_loss=0.8194
[18:26:27] task=1  epoch=END  time_sec=16.5  acc_task0=0.0  acc_task1=74.9
[18:26:27] 
============================================================
 Task 3/5  | Classes (4, 6)
============================================================
[18:26:27] Task 2 baseline (chance): 16.67%
[18:26:28] Task 2 zero-shot (pre-train): 0.00%
[18:26:44] task=2  epoch=0  train_loss=0.8243
[18:26:47] task=2  epoch=END  time_sec=16.6  acc_task0=0.0  acc_task1=0.0  acc_task2=76.6
[18:26:47] 
============================================================
 Task 4/5  | Classes (6, 8)
============================================================
[18:26:47] Task 3 baseline (chance): 12.50%
[18:26:48] Task 3 zero-shot (pre-train): 0.00%
[18:27:05] task=3  epoch=0  train_loss=1.231
[18:27:08] task=3  epoch=END  time_sec=16.7  acc_task0=0.0  acc_task1=0.0  acc_task2=0.0  acc_task3=84.8
[18:27:09] 
============================================================
 Task 5/5  | Classes (8, 10)
============================================================
[18:27:09] Task 4 baseline (chance): 10.00%
[18:27:09] Task 4 zero-shot (pre-train): 0.00%
[18:27:26] task=4  epoch=0  train_loss=2.0495
[18:27:31] task=4  epoch=END  time_sec=16.9  acc_task0=0.0  acc_task1=0.0  acc_task2=0.0  acc_task3=0.0  acc_task4=83.6
[18:27:31] 
Final Metrics:
  avg_accuracy         +16.7200
  forgetting           +79.9500
  backward_transfer    -79.9500
  forward_transfer     -16.0417
[18:27:31] 
Done - run: split_cifar10_xder_norevision_seed42
[18:27:31] Metrics: {'avg_accuracy': 16.72, 'forgetting': 79.95, 'backward_transfer': -79.95, 'forward_transfer': -16.0417}
