[18:29:15] Starting: split_cifar10_xder_norevision_seed456
[18:29:15] Config: {'dataset': 'split_cifar10', 'data_root': 'Project/data_local', 'model': 'slim_resnet18', 'pretrained': False, 'method': 'xder', 'n_epochs': 1, 'batch_size': 32, 'num_workers': 0, 'lr': 0.03, 'momentum': 0.9, 'weight_decay': 0.0001, 'fp16': False, 'buffer_size': 200, 'ewc_lambda': 100.0, 'fisher_samples': 200, 'si_lambda': 1.0, 'si_xi': 0.1, 'der_alpha': 0.5, 'xder_beta': 0.0, 'lwf_lambda': 1.0, 'lwf_temp': 2.0, 'icarl_distill_w': 1.0, 'icarl_temp': 2.0, 'use_nmc': True, 'agem_mem_batch': 64, 'distill_lambda': 1.0, 'distill_temp': 2.0, 'pc_distill_w': 1.0, 'pc_ewc_lambda': 100.0, 'pc_compress_epochs': 3, 'er_replay_ratio': 0.5, 'joint_replay_epochs': 1, 'disable_tqdm': True, 'disable_checkpoints': False, 'disable_plots': False, 'seeds': [42, 123, 456], 'results_root': 'results_phase3_interactions_plots', 'checkpoint_dir': 'results/checkpoints', 'figure_dir': 'results_phase3_interactions_plots/figures', 'log_dir': 'results_phase3_interactions_plots/raw', 'run_tag': 'norevision', 'run_name': 'split_cifar10_xder_norevision_seed456', 'seed': 456}
[18:29:15] Device: cuda
[18:29:17] Dataset: SplitCIFAR10(tasks=5, classes_per_task=2, scenario=class-il)
[18:29:17] 
============================================================
 Task 1/5  | Classes (0, 2)
============================================================
[18:29:17] Task 0 baseline (chance): 50.00%
[18:29:34] task=0  epoch=0  train_loss=0.7252
[18:29:35] task=0  epoch=END  time_sec=17.0  acc_task0=86.55
[18:29:35] 
============================================================
 Task 2/5  | Classes (2, 4)
============================================================
[18:29:35] Task 1 baseline (chance): 25.00%
[18:29:36] Task 1 zero-shot (pre-train): 1.90%
[18:29:53] task=1  epoch=0  train_loss=0.75
[18:29:55] task=1  epoch=END  time_sec=16.9  acc_task0=0.0  acc_task1=70.2
[18:29:55] 
============================================================
 Task 3/5  | Classes (4, 6)
============================================================
[18:29:55] Task 2 baseline (chance): 16.67%
[18:29:56] Task 2 zero-shot (pre-train): 0.00%
[18:30:13] task=2  epoch=0  train_loss=1.0701
[18:30:16] task=2  epoch=END  time_sec=16.8  acc_task0=0.0  acc_task1=0.0  acc_task2=79.4
[18:30:16] 
============================================================
 Task 4/5  | Classes (6, 8)
============================================================
[18:30:16] Task 3 baseline (chance): 12.50%
[18:30:17] Task 3 zero-shot (pre-train): 0.00%
[18:30:33] task=3  epoch=0  train_loss=1.6725
[18:30:37] task=3  epoch=END  time_sec=16.7  acc_task0=0.0  acc_task1=0.0  acc_task2=0.1  acc_task3=84.15
[18:30:37] 
============================================================
 Task 5/5  | Classes (8, 10)
============================================================
[18:30:37] Task 4 baseline (chance): 10.00%
[18:30:38] Task 4 zero-shot (pre-train): 0.00%
[18:30:54] task=4  epoch=0  train_loss=2.7302
[18:30:59] task=4  epoch=END  time_sec=16.7  acc_task0=0.0  acc_task1=0.0  acc_task2=0.0  acc_task3=0.0  acc_task4=76.4
[18:30:59] 
Final Metrics:
  avg_accuracy         +15.2800
  forgetting           +80.0750
  backward_transfer    -80.0750
  forward_transfer     -15.5667
[18:31:00] 
Done - run: split_cifar10_xder_norevision_seed456
[18:31:00] Metrics: {'avg_accuracy': 15.28, 'forgetting': 80.075, 'backward_transfer': -80.075, 'forward_transfer': -15.5667}
