[18:27:31] Starting: split_cifar10_xder_norevision_seed123
[18:27:31] Config: {'dataset': 'split_cifar10', 'data_root': 'Project/data_local', 'model': 'slim_resnet18', 'pretrained': False, 'method': 'xder', 'n_epochs': 1, 'batch_size': 32, 'num_workers': 0, 'lr': 0.03, 'momentum': 0.9, 'weight_decay': 0.0001, 'fp16': False, 'buffer_size': 200, 'ewc_lambda': 100.0, 'fisher_samples': 200, 'si_lambda': 1.0, 'si_xi': 0.1, 'der_alpha': 0.5, 'xder_beta': 0.0, 'lwf_lambda': 1.0, 'lwf_temp': 2.0, 'icarl_distill_w': 1.0, 'icarl_temp': 2.0, 'use_nmc': True, 'agem_mem_batch': 64, 'distill_lambda': 1.0, 'distill_temp': 2.0, 'pc_distill_w': 1.0, 'pc_ewc_lambda': 100.0, 'pc_compress_epochs': 3, 'er_replay_ratio': 0.5, 'joint_replay_epochs': 1, 'disable_tqdm': True, 'disable_checkpoints': False, 'disable_plots': False, 'seeds': [42, 123, 456], 'results_root': 'results_phase3_interactions_plots', 'checkpoint_dir': 'results/checkpoints', 'figure_dir': 'results_phase3_interactions_plots/figures', 'log_dir': 'results_phase3_interactions_plots/raw', 'run_tag': 'norevision', 'run_name': 'split_cifar10_xder_norevision_seed123', 'seed': 123}
[18:27:31] Device: cuda
[18:27:33] Dataset: SplitCIFAR10(tasks=5, classes_per_task=2, scenario=class-il)
[18:27:33] 
============================================================
 Task 1/5  | Classes (0, 2)
============================================================
[18:27:33] Task 0 baseline (chance): 50.00%
[18:27:49] task=0  epoch=0  train_loss=0.9823
[18:27:51] task=0  epoch=END  time_sec=16.7  acc_task0=85.45
[18:27:51] 
============================================================
 Task 2/5  | Classes (2, 4)
============================================================
[18:27:51] Task 1 baseline (chance): 25.00%
[18:27:52] Task 1 zero-shot (pre-train): 8.60%
[18:28:09] task=1  epoch=0  train_loss=0.8166
[18:28:11] task=1  epoch=END  time_sec=16.7  acc_task0=0.0  acc_task1=72.8
[18:28:11] 
============================================================
 Task 3/5  | Classes (4, 6)
============================================================
[18:28:11] Task 2 baseline (chance): 16.67%
[18:28:12] Task 2 zero-shot (pre-train): 0.00%
[18:28:28] task=2  epoch=0  train_loss=0.8967
[18:28:31] task=2  epoch=END  time_sec=16.7  acc_task0=0.0  acc_task1=0.0  acc_task2=77.5
[18:28:31] 
============================================================
 Task 4/5  | Classes (6, 8)
============================================================
[18:28:31] Task 3 baseline (chance): 12.50%
[18:28:32] Task 3 zero-shot (pre-train): 0.00%
[18:28:49] task=3  epoch=0  train_loss=1.1633
[18:28:52] task=3  epoch=END  time_sec=16.6  acc_task0=0.0  acc_task1=0.0  acc_task2=0.0  acc_task3=83.15
[18:28:53] 
============================================================
 Task 5/5  | Classes (8, 10)
============================================================
[18:28:53] Task 4 baseline (chance): 10.00%
[18:28:53] Task 4 zero-shot (pre-train): 0.00%
[18:29:10] task=4  epoch=0  train_loss=1.773
[18:29:15] task=4  epoch=END  time_sec=16.8  acc_task0=0.0  acc_task1=0.0  acc_task2=0.0  acc_task3=0.0  acc_task4=82.95
[18:29:15] 
Final Metrics:
  avg_accuracy         +16.5900
  forgetting           +79.7250
  backward_transfer    -79.7250
  forward_transfer     -13.8917
[18:29:15] 
Done - run: split_cifar10_xder_norevision_seed123
[18:29:15] Metrics: {'avg_accuracy': 16.59, 'forgetting': 79.725, 'backward_transfer': -79.725, 'forward_transfer': -13.8917}
