[02:01:26] Starting: split_cifar10_lwf_seed789
[02:01:26] Config: {'dataset': 'split_cifar10', 'data_root': 'F:\\Temp\\cf\\Catastrophic Forgetting\\research_v2\\Project\\data_local', 'dataset_image_size': None, 'dataset_out_channels': None, 'model': 'slim_resnet18', 'pretrained': False, 'model_image_size': None, 'method': 'lwf', 'n_epochs': 1, 'batch_size': 32, 'num_workers': 0, 'lr': 0.03, 'momentum': 0.9, 'weight_decay': 0.0001, 'fp16': False, 'buffer_size': 200, 'ewc_lambda': 100.0, 'fisher_samples': 200, 'si_lambda': 1.0, 'si_xi': 0.1, 'der_alpha': 0.5, 'xder_beta': 0.5, 'lwf_lambda': 1.0, 'lwf_temp': 2.0, 'icarl_distill_w': 1.0, 'icarl_temp': 2.0, 'use_nmc': True, 'agem_mem_batch': 64, 'distill_lambda': 1.0, 'distill_temp': 2.0, 'pc_distill_w': 1.0, 'pc_ewc_lambda': 100.0, 'pc_compress_epochs': 3, 'er_replay_ratio': 0.5, 'joint_replay_epochs': 1, 'disable_tqdm': True, 'disable_checkpoints': False, 'disable_plots': False, 'resume': True, 'cleanup_checkpoints_on_success': True, 'result_group': 'runs', 'ablation_family': None, 'seeds': [42, 123, 456, 789, 1024], 'results_root': 'F:\\Temp\\cf\\Catastrophic Forgetting\\research_v2\\results', 'seed': 789, 'run_name': 'split_cifar10_lwf_seed789', 'project_root': 'F:\\Temp\\cf\\Catastrophic Forgetting\\research_v2\\Project', 'workspace_root': 'F:\\Temp\\cf\\Catastrophic Forgetting\\research_v2', 'run_root': 'F:\\Temp\\cf\\Catastrophic Forgetting\\research_v2\\results\\runs\\epoch_1\\split_cifar10\\baselines\\lwf\\seed_789', 'log_dir': 'F:\\Temp\\cf\\Catastrophic Forgetting\\research_v2\\results\\runs\\epoch_1\\split_cifar10\\baselines\\lwf\\seed_789\\logs', 'metrics_dir': 'F:\\Temp\\cf\\Catastrophic Forgetting\\research_v2\\results\\runs\\epoch_1\\split_cifar10\\baselines\\lwf\\seed_789\\metrics', 'checkpoint_dir': 'F:\\Temp\\cf\\Catastrophic Forgetting\\research_v2\\results\\runs\\epoch_1\\split_cifar10\\baselines\\lwf\\seed_789\\checkpoints', 'artifact_dir': 'F:\\Temp\\cf\\Catastrophic Forgetting\\research_v2\\results\\runs\\epoch_1\\split_cifar10\\baselines\\lwf\\seed_789\\artifacts', 'figure_dir': 'F:\\Temp\\cf\\Catastrophic Forgetting\\research_v2\\results\\figures\\epoch_1\\split_cifar10\\baselines\\lwf\\seed_789'}
[02:01:26] Device: cuda
[02:01:28] Dataset: SplitCIFAR10(tasks=5, classes_per_task=2, scenario=class-il)
[02:01:28] 
============================================================
 Task 1/5  | Classes (0, 2)
============================================================
[02:01:28] Task 0 baseline (chance): 50.00%
[02:01:39] task=0  epoch=0  train_loss=0.5285
[02:01:40] task=0  epoch=END  time_sec=10.6  acc_task0=80.15
[02:01:40] 
============================================================
 Task 2/5  | Classes (2, 4)
============================================================
[02:01:40] Task 1 baseline (chance): 25.00%
[02:01:41] Task 1 zero-shot (pre-train): 4.90%
[02:01:53] task=1  epoch=0  train_loss=0.7111
[02:01:54] task=1  epoch=END  time_sec=12.5  acc_task0=0.0  acc_task1=69.2
[02:01:55] 
============================================================
 Task 3/5  | Classes (4, 6)
============================================================
[02:01:55] Task 2 baseline (chance): 16.67%
[02:01:55] Task 2 zero-shot (pre-train): 0.00%
[02:02:08] task=2  epoch=0  train_loss=0.7111
[02:02:11] task=2  epoch=END  time_sec=12.8  acc_task0=0.0  acc_task1=0.0  acc_task2=76.1
[02:02:11] 
============================================================
 Task 4/5  | Classes (6, 8)
============================================================
[02:02:11] Task 3 baseline (chance): 12.50%
[02:02:11] Task 3 zero-shot (pre-train): 0.00%
[02:02:24] task=3  epoch=0  train_loss=0.7629
[02:02:28] task=3  epoch=END  time_sec=13.0  acc_task0=0.0  acc_task1=0.0  acc_task2=0.0  acc_task3=79.3
[02:02:28] 
============================================================
 Task 5/5  | Classes (8, 10)
============================================================
[02:02:28] Task 4 baseline (chance): 10.00%
[02:02:29] Task 4 zero-shot (pre-train): 0.00%
[02:02:42] task=4  epoch=0  train_loss=1.1131
[02:02:46] task=4  epoch=END  time_sec=13.1  acc_task0=0.0  acc_task1=0.0  acc_task2=0.0  acc_task3=0.0  acc_task4=81.1
[02:02:46] 
Final Metrics:
  avg_accuracy         +16.2200
  forgetting           +76.1875
  backward_transfer    -76.1875
  forward_transfer     -14.8167
[02:02:47] 
Done - run: split_cifar10_lwf_seed789
[02:02:47] Metrics: {'avg_accuracy': 16.22, 'forgetting': 76.1875, 'backward_transfer': -76.1875, 'forward_transfer': -14.8167}
[02:02:47] Deleted 5 checkpoint(s) after successful completion.
