[02:30:48] Starting: split_cifar100_fine_tune_seed42
[02:30:48] Config: {'dataset': 'split_cifar100', 'data_root': 'F:\\Temp\\cf\\Catastrophic Forgetting\\research_v2\\Project\\data_local', 'dataset_image_size': None, 'dataset_out_channels': None, 'model': 'slim_resnet18', 'pretrained': False, 'model_image_size': None, 'method': 'fine_tune', 'n_epochs': 1, 'batch_size': 32, 'num_workers': 0, 'lr': 0.03, 'momentum': 0.9, 'weight_decay': 0.0001, 'fp16': True, 'buffer_size': 200, 'ewc_lambda': 100.0, 'fisher_samples': 200, 'si_lambda': 1.0, 'si_xi': 0.1, 'der_alpha': 0.5, 'xder_beta': 0.5, 'lwf_lambda': 1.0, 'lwf_temp': 2.0, 'icarl_distill_w': 1.0, 'icarl_temp': 2.0, 'use_nmc': True, 'agem_mem_batch': 64, 'distill_lambda': 1.0, 'distill_temp': 2.0, 'pc_distill_w': 1.0, 'pc_ewc_lambda': 100.0, 'pc_compress_epochs': 3, 'er_replay_ratio': 0.5, 'joint_replay_epochs': 1, 'disable_tqdm': True, 'disable_checkpoints': False, 'disable_plots': False, 'resume': True, 'cleanup_checkpoints_on_success': True, 'result_group': 'runs', 'ablation_family': None, 'seeds': [42, 123, 456, 789, 1024], 'results_root': 'F:\\Temp\\cf\\Catastrophic Forgetting\\research_v2\\results', 'seed': 42, 'run_name': 'split_cifar100_fine_tune_seed42', 'project_root': 'F:\\Temp\\cf\\Catastrophic Forgetting\\research_v2\\Project', 'workspace_root': 'F:\\Temp\\cf\\Catastrophic Forgetting\\research_v2', 'run_root': 'F:\\Temp\\cf\\Catastrophic Forgetting\\research_v2\\results\\runs\\epoch_1\\split_cifar100\\baselines\\fine_tune\\seed_42', 'log_dir': 'F:\\Temp\\cf\\Catastrophic Forgetting\\research_v2\\results\\runs\\epoch_1\\split_cifar100\\baselines\\fine_tune\\seed_42\\logs', 'metrics_dir': 'F:\\Temp\\cf\\Catastrophic Forgetting\\research_v2\\results\\runs\\epoch_1\\split_cifar100\\baselines\\fine_tune\\seed_42\\metrics', 'checkpoint_dir': 'F:\\Temp\\cf\\Catastrophic Forgetting\\research_v2\\results\\runs\\epoch_1\\split_cifar100\\baselines\\fine_tune\\seed_42\\checkpoints', 'artifact_dir': 'F:\\Temp\\cf\\Catastrophic Forgetting\\research_v2\\results\\runs\\epoch_1\\split_cifar100\\baselines\\fine_tune\\seed_42\\artifacts', 'figure_dir': 'F:\\Temp\\cf\\Catastrophic Forgetting\\research_v2\\results\\figures\\epoch_1\\split_cifar100\\baselines\\fine_tune\\seed_42'}
[02:30:48] Device: cuda
[02:30:50] Dataset: SplitCIFAR100(tasks=20, classes_per_task=5, scenario=class-il)
[02:30:50] 
============================================================
 Task 1/20  | Classes (0, 5)
============================================================
[02:30:50] Task 0 baseline (chance): 20.00%
[02:30:53] task=0  epoch=0  train_loss=1.563
[02:30:54] task=0  epoch=END  time_sec=3.3  acc_task0=50.2
[02:30:54] 
============================================================
 Task 2/20  | Classes (5, 10)
============================================================
[02:30:54] Task 1 baseline (chance): 10.00%
[02:30:54] Task 1 zero-shot (pre-train): 0.00%
[02:30:57] task=1  epoch=0  train_loss=1.814
[02:30:57] task=1  epoch=END  time_sec=3.0  acc_task0=0.0  acc_task1=38.8
[02:30:57] 
============================================================
 Task 3/20  | Classes (10, 15)
============================================================
[02:30:57] Task 2 baseline (chance): 6.67%
[02:30:57] Task 2 zero-shot (pre-train): 0.00%
[02:31:01] task=2  epoch=0  train_loss=1.7507
[02:31:01] task=2  epoch=END  time_sec=3.6  acc_task0=0.0  acc_task1=0.0  acc_task2=43.2
[02:31:01] 
============================================================
 Task 4/20  | Classes (15, 20)
============================================================
[02:31:01] Task 3 baseline (chance): 5.00%
[02:31:01] Task 3 zero-shot (pre-train): 0.00%
[02:31:05] task=3  epoch=0  train_loss=2.0787
[02:31:06] task=3  epoch=END  time_sec=3.4  acc_task0=0.0  acc_task1=0.0  acc_task2=0.0  acc_task3=29.8
[02:31:06] 
============================================================
 Task 5/20  | Classes (20, 25)
============================================================
[02:31:06] Task 4 baseline (chance): 4.00%
[02:31:06] Task 4 zero-shot (pre-train): 0.00%
[02:31:09] task=4  epoch=0  train_loss=2.1574
[02:31:10] task=4  epoch=END  time_sec=3.2  acc_task0=0.0  acc_task1=0.0  acc_task2=0.0  acc_task3=0.0  acc_task4=34.4
[02:31:10] 
============================================================
 Task 6/20  | Classes (25, 30)
============================================================
[02:31:10] Task 5 baseline (chance): 3.33%
[02:31:10] Task 5 zero-shot (pre-train): 0.00%
[02:31:14] task=5  epoch=0  train_loss=2.2941
[02:31:15] task=5  epoch=END  time_sec=3.4  acc_task0=0.0  acc_task1=0.0  acc_task2=0.0  acc_task3=0.0  acc_task4=0.0  acc_task5=21.6
[02:31:15] 
============================================================
 Task 7/20  | Classes (30, 35)
============================================================
[02:31:15] Task 6 baseline (chance): 2.86%
[02:31:15] Task 6 zero-shot (pre-train): 0.00%
[02:31:19] task=6  epoch=0  train_loss=2.1626
[02:31:20] task=6  epoch=END  time_sec=3.6  acc_task0=0.0  acc_task1=0.0  acc_task2=0.0  acc_task3=0.0  acc_task4=0.0  acc_task5=0.0  acc_task6=24.2
[02:31:20] 
============================================================
 Task 8/20  | Classes (35, 40)
============================================================
[02:31:20] Task 7 baseline (chance): 2.50%
[02:31:20] Task 7 zero-shot (pre-train): 0.00%
[02:31:23] task=7  epoch=0  train_loss=2.4992
[02:31:24] task=7  epoch=END  time_sec=3.2  acc_task0=0.0  acc_task1=0.0  acc_task2=0.0  acc_task3=0.0  acc_task4=0.0  acc_task5=0.0  acc_task6=0.0  acc_task7=30.8
[02:31:24] 
============================================================
 Task 9/20  | Classes (40, 45)
============================================================
[02:31:24] Task 8 baseline (chance): 2.22%
[02:31:25] Task 8 zero-shot (pre-train): 0.00%
[02:31:28] task=8  epoch=0  train_loss=2.1636
[02:31:29] task=8  epoch=END  time_sec=3.1  acc_task0=0.0  acc_task1=0.0  acc_task2=0.0  acc_task3=0.0  acc_task4=0.0  acc_task5=0.0  acc_task6=0.0  acc_task7=0.0  acc_task8=25.2
[02:31:29] 
============================================================
 Task 10/20  | Classes (45, 50)
============================================================
[02:31:29] Task 9 baseline (chance): 2.00%
[02:31:29] Task 9 zero-shot (pre-train): 0.00%
[02:31:32] task=9  epoch=0  train_loss=2.3455
[02:31:34] task=9  epoch=END  time_sec=3.0  acc_task0=0.0  acc_task1=0.0  acc_task2=0.0  acc_task3=0.0  acc_task4=0.0  acc_task5=0.0  acc_task6=0.0  acc_task7=0.0  acc_task8=0.0  acc_task9=33.8
[02:31:34] 
============================================================
 Task 11/20  | Classes (50, 55)
============================================================
[02:31:34] Task 10 baseline (chance): 1.82%
[02:31:34] Task 10 zero-shot (pre-train): 0.00%
[02:31:37] task=10  epoch=0  train_loss=2.0379
[02:31:39] task=10  epoch=END  time_sec=3.1  acc_task0=0.0  acc_task1=0.0  acc_task2=0.0  acc_task3=0.0  acc_task4=0.0  acc_task5=0.0  acc_task6=0.0  acc_task7=0.0  acc_task8=0.0  acc_task9=0.0  acc_task10=54.8
[02:31:39] 
============================================================
 Task 12/20  | Classes (55, 60)
============================================================
[02:31:39] Task 11 baseline (chance): 1.67%
[02:31:39] Task 11 zero-shot (pre-train): 0.00%
[02:31:42] task=11  epoch=0  train_loss=2.3573
[02:31:44] task=11  epoch=END  time_sec=3.0  acc_task0=0.0  acc_task1=0.0  acc_task2=0.0  acc_task3=0.0  acc_task4=0.0  acc_task5=0.0  acc_task6=0.0  acc_task7=0.0  acc_task8=0.0  acc_task9=0.0  acc_task10=0.0  acc_task11=35.6
[02:31:44] 
============================================================
 Task 13/20  | Classes (60, 65)
============================================================
[02:31:44] Task 12 baseline (chance): 1.54%
[02:31:44] Task 12 zero-shot (pre-train): 0.00%
[02:31:47] task=12  epoch=0  train_loss=2.1446
[02:31:50] task=12  epoch=END  time_sec=3.4  acc_task0=0.0  acc_task1=0.0  acc_task2=0.0  acc_task3=0.0  acc_task4=0.0  acc_task5=0.0  acc_task6=0.0  acc_task7=0.0  acc_task8=0.0  acc_task9=0.0  acc_task10=0.0  acc_task11=0.0  acc_task12=51.8
[02:31:50] 
============================================================
 Task 14/20  | Classes (65, 70)
============================================================
[02:31:50] Task 13 baseline (chance): 1.43%
[02:31:50] Task 13 zero-shot (pre-train): 0.00%
[02:31:53] task=13  epoch=0  train_loss=2.5216
[02:31:55] task=13  epoch=END  time_sec=2.9  acc_task0=0.0  acc_task1=0.0  acc_task2=0.0  acc_task3=0.0  acc_task4=0.0  acc_task5=0.0  acc_task6=0.0  acc_task7=0.0  acc_task8=0.0  acc_task9=0.0  acc_task10=0.0  acc_task11=0.0  acc_task12=0.0  acc_task13=30.6
[02:31:55] 
============================================================
 Task 15/20  | Classes (70, 75)
============================================================
[02:31:55] Task 14 baseline (chance): 1.33%
[02:31:55] Task 14 zero-shot (pre-train): 0.00%
[02:31:58] task=14  epoch=0  train_loss=2.2268
[02:32:01] task=14  epoch=END  time_sec=3.3  acc_task0=0.0  acc_task1=0.0  acc_task2=0.0  acc_task3=0.0  acc_task4=0.0  acc_task5=0.0  acc_task6=0.0  acc_task7=0.0  acc_task8=0.0  acc_task9=0.0  acc_task10=0.0  acc_task11=0.0  acc_task12=0.0  acc_task13=0.0  acc_task14=31.6
[02:32:01] 
============================================================
 Task 16/20  | Classes (75, 80)
============================================================
[02:32:01] Task 15 baseline (chance): 1.25%
[02:32:01] Task 15 zero-shot (pre-train): 0.00%
[02:32:05] task=15  epoch=0  train_loss=2.9182
[02:32:07] task=15  epoch=END  time_sec=3.3  acc_task0=0.0  acc_task1=0.0  acc_task2=0.0  acc_task3=0.0  acc_task4=0.0  acc_task5=0.0  acc_task6=0.0  acc_task7=0.0  acc_task8=0.0  acc_task9=0.0  acc_task10=0.0  acc_task11=0.0  acc_task12=0.0  acc_task13=0.0  acc_task14=0.0  acc_task15=29.4
[02:32:08] 
============================================================
 Task 17/20  | Classes (80, 85)
============================================================
[02:32:08] Task 16 baseline (chance): 1.18%
[02:32:08] Task 16 zero-shot (pre-train): 0.00%
[02:32:11] task=16  epoch=0  train_loss=2.3902
[02:32:14] task=16  epoch=END  time_sec=3.4  acc_task0=0.0  acc_task1=0.0  acc_task2=0.0  acc_task3=0.0  acc_task4=0.0  acc_task5=0.0  acc_task6=0.0  acc_task7=0.0  acc_task8=0.0  acc_task9=0.0  acc_task10=0.0  acc_task11=0.0  acc_task12=0.0  acc_task13=0.0  acc_task14=0.0  acc_task15=0.0  acc_task16=21.0
[02:32:14] 
============================================================
 Task 18/20  | Classes (85, 90)
============================================================
[02:32:14] Task 17 baseline (chance): 1.11%
[02:32:14] Task 17 zero-shot (pre-train): 0.00%
[02:32:18] task=17  epoch=0  train_loss=3.2174
[02:32:20] task=17  epoch=END  time_sec=3.1  acc_task0=0.0  acc_task1=0.0  acc_task2=0.0  acc_task3=0.0  acc_task4=0.0  acc_task5=0.0  acc_task6=0.0  acc_task7=0.0  acc_task8=0.0  acc_task9=0.0  acc_task10=0.0  acc_task11=0.0  acc_task12=0.0  acc_task13=0.0  acc_task14=0.0  acc_task15=0.0  acc_task16=0.0  acc_task17=29.4
[02:32:20] 
============================================================
 Task 19/20  | Classes (90, 95)
============================================================
[02:32:20] Task 18 baseline (chance): 1.05%
[02:32:21] Task 18 zero-shot (pre-train): 0.00%
[02:32:24] task=18  epoch=0  train_loss=2.3028
[02:32:27] task=18  epoch=END  time_sec=3.2  acc_task0=0.0  acc_task1=0.0  acc_task2=0.0  acc_task3=0.0  acc_task4=0.0  acc_task5=0.0  acc_task6=0.0  acc_task7=0.0  acc_task8=0.0  acc_task9=0.0  acc_task10=0.0  acc_task11=0.0  acc_task12=0.0  acc_task13=0.0  acc_task14=0.0  acc_task15=0.0  acc_task16=0.0  acc_task17=0.0  acc_task18=36.4
[02:32:27] 
============================================================
 Task 20/20  | Classes (95, 100)
============================================================
[02:32:27] Task 19 baseline (chance): 1.00%
[02:32:27] Task 19 zero-shot (pre-train): 0.00%
[02:32:30] task=19  epoch=0  train_loss=2.7598
[02:32:34] task=19  epoch=END  time_sec=3.1  acc_task0=0.0  acc_task1=0.0  acc_task2=0.0  acc_task3=0.0  acc_task4=0.0  acc_task5=0.0  acc_task6=0.0  acc_task7=0.0  acc_task8=0.0  acc_task9=0.0  acc_task10=0.0  acc_task11=0.0  acc_task12=0.0  acc_task13=0.0  acc_task14=0.0  acc_task15=0.0  acc_task16=0.0  acc_task17=0.0  acc_task18=0.0  acc_task19=34.0
[02:32:34] 
Final Metrics:
  avg_accuracy         +1.7000
  forgetting           +34.3474
  backward_transfer    -34.3474
  forward_transfer     -2.7345
[02:32:36] 
Done - run: split_cifar100_fine_tune_seed42
[02:32:36] Metrics: {'avg_accuracy': 1.7, 'forgetting': 34.3474, 'backward_transfer': -34.3474, 'forward_transfer': -2.7345}
[02:32:36] Deleted 20 checkpoint(s) after successful completion.
