[19:00:29] Starting: split_cifar100_ewc_seed123
[19:00:29] Config: {'dataset': 'split_cifar100', 'data_root': 'Project/data_local', 'model': 'slim_resnet18', 'pretrained': False, 'method': 'ewc', 'n_epochs': 1, 'batch_size': 32, 'num_workers': 0, 'lr': 0.03, 'momentum': 0.9, 'weight_decay': 0.0001, 'fp16': True, 'buffer_size': 200, 'ewc_lambda': 100.0, 'fisher_samples': 200, 'si_lambda': 1.0, 'si_xi': 0.1, 'der_alpha': 0.5, 'xder_beta': 0.5, 'lwf_lambda': 1.0, 'lwf_temp': 2.0, 'icarl_distill_w': 1.0, 'icarl_temp': 2.0, 'use_nmc': True, 'agem_mem_batch': 64, 'distill_lambda': 1.0, 'distill_temp': 2.0, 'pc_distill_w': 1.0, 'pc_ewc_lambda': 100.0, 'pc_compress_epochs': 3, 'er_replay_ratio': 0.5, 'joint_replay_epochs': 1, 'disable_tqdm': True, 'disable_checkpoints': True, 'disable_plots': False, 'seeds': [42, 123, 456, 789, 1024], 'results_root': 'results_fwt', 'checkpoint_dir': 'results/checkpoints', 'figure_dir': 'results_fwt\\figures', 'log_dir': 'results_fwt\\raw', 'run_name': 'split_cifar100_ewc_seed123', 'seed': 123}
[19:00:29] Device: cuda
[19:00:30] Dataset: SplitCIFAR100(tasks=20, classes_per_task=5, scenario=class-il)
[19:00:30] 
============================================================
 Task 1/20  | Classes (0, 5)
============================================================
[19:00:30] Task 0 baseline (chance): 20.00%
[19:00:33] task=0  epoch=0  train_loss=1.3618
[19:00:34] task=0  epoch=END  time_sec=3.1  acc_task0=47.4
[19:00:34] 
============================================================
 Task 2/20  | Classes (5, 10)
============================================================
[19:00:34] Task 1 baseline (chance): 10.00%
[19:00:34] Task 1 zero-shot (pre-train): 0.00%
[19:00:39] task=1  epoch=0  train_loss=1.6847
[19:00:39] task=1  epoch=END  time_sec=4.7  acc_task0=0.0  acc_task1=42.0
[19:00:39] 
============================================================
 Task 3/20  | Classes (10, 15)
============================================================
[19:00:39] Task 2 baseline (chance): 6.67%
[19:00:39] Task 2 zero-shot (pre-train): 0.00%
[19:00:46] task=2  epoch=0  train_loss=1.8224
[19:00:46] task=2  epoch=END  time_sec=6.4  acc_task0=0.0  acc_task1=0.0  acc_task2=43.4
[19:00:46] 
============================================================
 Task 4/20  | Classes (15, 20)
============================================================
[19:00:46] Task 3 baseline (chance): 5.00%
[19:00:47] Task 3 zero-shot (pre-train): 0.00%
[19:00:55] task=3  epoch=0  train_loss=2.1936
[19:00:56] task=3  epoch=END  time_sec=8.1  acc_task0=0.0  acc_task1=0.0  acc_task2=0.0  acc_task3=43.2
[19:00:56] 
============================================================
 Task 5/20  | Classes (20, 25)
============================================================
[19:00:56] Task 4 baseline (chance): 4.00%
[19:00:56] Task 4 zero-shot (pre-train): 0.00%
[19:01:05] task=4  epoch=0  train_loss=2.4423
[19:01:07] task=4  epoch=END  time_sec=9.6  acc_task0=0.0  acc_task1=0.0  acc_task2=0.0  acc_task3=0.0  acc_task4=37.6
[19:01:07] 
============================================================
 Task 6/20  | Classes (25, 30)
============================================================
[19:01:07] Task 5 baseline (chance): 3.33%
[19:01:07] Task 5 zero-shot (pre-train): 0.00%
[19:01:18] task=5  epoch=0  train_loss=2.4571
[19:01:19] task=5  epoch=END  time_sec=11.4  acc_task0=0.0  acc_task1=0.0  acc_task2=0.0  acc_task3=0.0  acc_task4=0.0  acc_task5=25.2
[19:01:19] 
============================================================
 Task 7/20  | Classes (30, 35)
============================================================
[19:01:19] Task 6 baseline (chance): 2.86%
[19:01:20] Task 6 zero-shot (pre-train): 0.00%
[19:01:33] task=6  epoch=0  train_loss=2.9574
[19:01:34] task=6  epoch=END  time_sec=12.9  acc_task0=0.0  acc_task1=0.0  acc_task2=0.0  acc_task3=0.0  acc_task4=0.0  acc_task5=0.0  acc_task6=22.2
[19:01:34] 
============================================================
 Task 8/20  | Classes (35, 40)
============================================================
[19:01:34] Task 7 baseline (chance): 2.50%
[19:01:34] Task 7 zero-shot (pre-train): 0.00%
[19:01:49] task=7  epoch=0  train_loss=2.8817
[19:01:50] task=7  epoch=END  time_sec=14.4  acc_task0=0.0  acc_task1=0.0  acc_task2=0.0  acc_task3=0.0  acc_task4=0.0  acc_task5=0.0  acc_task6=0.0  acc_task7=23.8
[19:01:50] 
============================================================
 Task 9/20  | Classes (40, 45)
============================================================
[19:01:50] Task 8 baseline (chance): 2.22%
[19:01:51] Task 8 zero-shot (pre-train): 0.00%
[19:02:07] task=8  epoch=0  train_loss=3.5155
[19:02:08] task=8  epoch=END  time_sec=16.0  acc_task0=0.0  acc_task1=0.0  acc_task2=0.0  acc_task3=0.0  acc_task4=0.0  acc_task5=0.0  acc_task6=0.0  acc_task7=0.0  acc_task8=23.2
[19:02:08] 
============================================================
 Task 10/20  | Classes (45, 50)
============================================================
[19:02:08] Task 9 baseline (chance): 2.00%
[19:02:09] Task 9 zero-shot (pre-train): 0.00%
[19:02:26] task=9  epoch=0  train_loss=3.0077
[19:02:28] task=9  epoch=END  time_sec=17.4  acc_task0=0.0  acc_task1=0.0  acc_task2=0.0  acc_task3=0.0  acc_task4=0.0  acc_task5=0.0  acc_task6=0.0  acc_task7=0.0  acc_task8=0.0  acc_task9=24.2
[19:02:28] 
============================================================
 Task 11/20  | Classes (50, 55)
============================================================
[19:02:28] Task 10 baseline (chance): 1.82%
[19:02:28] Task 10 zero-shot (pre-train): 0.00%
[19:02:47] task=10  epoch=0  train_loss=3.9564
[19:02:49] task=10  epoch=END  time_sec=19.0  acc_task0=0.0  acc_task1=0.0  acc_task2=0.0  acc_task3=0.0  acc_task4=0.0  acc_task5=0.0  acc_task6=0.0  acc_task7=0.0  acc_task8=0.0  acc_task9=0.0  acc_task10=34.6
[19:02:49] 
============================================================
 Task 12/20  | Classes (55, 60)
============================================================
[19:02:49] Task 11 baseline (chance): 1.67%
[19:02:50] Task 11 zero-shot (pre-train): 0.00%
[19:03:10] task=11  epoch=0  train_loss=2.9447
[19:03:12] task=11  epoch=END  time_sec=20.5  acc_task0=0.0  acc_task1=0.0  acc_task2=0.0  acc_task3=0.0  acc_task4=0.0  acc_task5=0.0  acc_task6=0.0  acc_task7=0.0  acc_task8=0.0  acc_task9=0.0  acc_task10=0.0  acc_task11=33.6
[19:03:12] 
============================================================
 Task 13/20  | Classes (60, 65)
============================================================
[19:03:12] Task 12 baseline (chance): 1.54%
[19:03:12] Task 12 zero-shot (pre-train): 0.00%
[19:03:35] task=12  epoch=0  train_loss=3.1921
[19:03:37] task=12  epoch=END  time_sec=22.3  acc_task0=0.0  acc_task1=0.0  acc_task2=0.0  acc_task3=0.0  acc_task4=0.0  acc_task5=0.0  acc_task6=0.0  acc_task7=0.0  acc_task8=0.0  acc_task9=0.0  acc_task10=0.0  acc_task11=0.0  acc_task12=34.2
[19:03:37] 
============================================================
 Task 14/20  | Classes (65, 70)
============================================================
[19:03:37] Task 13 baseline (chance): 1.43%
[19:03:37] Task 13 zero-shot (pre-train): 0.00%
[19:04:01] task=13  epoch=0  train_loss=3.7285
[19:04:04] task=13  epoch=END  time_sec=24.0  acc_task0=0.0  acc_task1=0.0  acc_task2=0.0  acc_task3=0.0  acc_task4=0.0  acc_task5=0.0  acc_task6=0.0  acc_task7=0.0  acc_task8=0.0  acc_task9=0.0  acc_task10=0.0  acc_task11=0.0  acc_task12=0.0  acc_task13=27.0
[19:04:04] 
============================================================
 Task 15/20  | Classes (70, 75)
============================================================
[19:04:04] Task 14 baseline (chance): 1.33%
[19:04:04] Task 14 zero-shot (pre-train): 0.00%
[19:04:29] task=14  epoch=0  train_loss=3.1728
[19:04:32] task=14  epoch=END  time_sec=24.5  acc_task0=0.0  acc_task1=0.0  acc_task2=0.0  acc_task3=0.0  acc_task4=0.0  acc_task5=0.0  acc_task6=0.0  acc_task7=0.0  acc_task8=0.0  acc_task9=0.0  acc_task10=0.0  acc_task11=0.0  acc_task12=0.0  acc_task13=0.0  acc_task14=36.0
[19:04:32] 
============================================================
 Task 16/20  | Classes (75, 80)
============================================================
[19:04:32] Task 15 baseline (chance): 1.25%
[19:04:32] Task 15 zero-shot (pre-train): 0.00%
[19:04:59] task=15  epoch=0  train_loss=3.8247
[19:05:02] task=15  epoch=END  time_sec=26.9  acc_task0=0.0  acc_task1=0.0  acc_task2=0.0  acc_task3=0.0  acc_task4=0.0  acc_task5=0.0  acc_task6=0.0  acc_task7=0.0  acc_task8=0.0  acc_task9=0.0  acc_task10=0.0  acc_task11=0.0  acc_task12=0.0  acc_task13=0.0  acc_task14=0.0  acc_task15=37.2
[19:05:02] 
============================================================
 Task 17/20  | Classes (80, 85)
============================================================
[19:05:02] Task 16 baseline (chance): 1.18%
[19:05:02] Task 16 zero-shot (pre-train): 0.00%
[19:05:30] task=16  epoch=0  train_loss=3.2056
[19:05:33] task=16  epoch=END  time_sec=28.1  acc_task0=0.0  acc_task1=0.0  acc_task2=0.0  acc_task3=0.0  acc_task4=0.0  acc_task5=0.0  acc_task6=0.0  acc_task7=0.0  acc_task8=0.0  acc_task9=0.0  acc_task10=0.0  acc_task11=0.0  acc_task12=0.0  acc_task13=0.0  acc_task14=0.0  acc_task15=0.0  acc_task16=40.2
[19:05:33] 
============================================================
 Task 18/20  | Classes (85, 90)
============================================================
[19:05:33] Task 17 baseline (chance): 1.11%
[19:05:33] Task 17 zero-shot (pre-train): 0.00%
[19:06:03] task=17  epoch=0  train_loss=3.5556
[19:06:06] task=17  epoch=END  time_sec=29.6  acc_task0=0.0  acc_task1=0.0  acc_task2=0.0  acc_task3=0.0  acc_task4=0.0  acc_task5=0.0  acc_task6=0.0  acc_task7=0.0  acc_task8=0.0  acc_task9=0.0  acc_task10=0.0  acc_task11=0.0  acc_task12=0.0  acc_task13=0.0  acc_task14=0.0  acc_task15=0.0  acc_task16=0.0  acc_task17=40.0
[19:06:06] 
============================================================
 Task 19/20  | Classes (90, 95)
============================================================
[19:06:06] Task 18 baseline (chance): 1.05%
[19:06:06] Task 18 zero-shot (pre-train): 0.00%
[19:06:37] task=18  epoch=0  train_loss=3.8481
[19:06:40] task=18  epoch=END  time_sec=31.0  acc_task0=0.0  acc_task1=0.0  acc_task2=0.0  acc_task3=0.0  acc_task4=0.0  acc_task5=0.0  acc_task6=0.0  acc_task7=0.0  acc_task8=0.0  acc_task9=0.0  acc_task10=0.0  acc_task11=0.0  acc_task12=0.0  acc_task13=0.0  acc_task14=0.0  acc_task15=0.0  acc_task16=0.0  acc_task17=0.0  acc_task18=52.4
[19:06:40] 
============================================================
 Task 20/20  | Classes (95, 100)
============================================================
[19:06:40] Task 19 baseline (chance): 1.00%
[19:06:40] Task 19 zero-shot (pre-train): 0.00%
[19:07:13] task=19  epoch=0  train_loss=3.4047
[19:07:17] task=19  epoch=END  time_sec=32.8  acc_task0=0.0  acc_task1=0.0  acc_task2=0.0  acc_task3=0.0  acc_task4=0.0  acc_task5=0.0  acc_task6=0.0  acc_task7=0.0  acc_task8=0.0  acc_task9=0.0  acc_task10=0.0  acc_task11=0.0  acc_task12=0.0  acc_task13=0.0  acc_task14=0.0  acc_task15=0.0  acc_task16=0.0  acc_task17=0.0  acc_task18=0.0  acc_task19=57.4
[19:07:17] 
Final Metrics:
  avg_accuracy         +2.8700
  forgetting           +35.1263
  backward_transfer    -35.1263
  forward_transfer     -2.7345
[19:07:17] 
Done - run: split_cifar100_ewc_seed123
[19:07:17] Metrics: {'avg_accuracy': 2.87, 'forgetting': 35.1263, 'backward_transfer': -35.1263, 'forward_transfer': -2.7345}
