[19:07:17] Starting: split_cifar100_ewc_seed456
[19:07:17] Config: {'dataset': 'split_cifar100', 'data_root': 'Project/data_local', 'model': 'slim_resnet18', 'pretrained': False, 'method': 'ewc', 'n_epochs': 1, 'batch_size': 32, 'num_workers': 0, 'lr': 0.03, 'momentum': 0.9, 'weight_decay': 0.0001, 'fp16': True, 'buffer_size': 200, 'ewc_lambda': 100.0, 'fisher_samples': 200, 'si_lambda': 1.0, 'si_xi': 0.1, 'der_alpha': 0.5, 'xder_beta': 0.5, 'lwf_lambda': 1.0, 'lwf_temp': 2.0, 'icarl_distill_w': 1.0, 'icarl_temp': 2.0, 'use_nmc': True, 'agem_mem_batch': 64, 'distill_lambda': 1.0, 'distill_temp': 2.0, 'pc_distill_w': 1.0, 'pc_ewc_lambda': 100.0, 'pc_compress_epochs': 3, 'er_replay_ratio': 0.5, 'joint_replay_epochs': 1, 'disable_tqdm': True, 'disable_checkpoints': True, 'disable_plots': False, 'seeds': [42, 123, 456, 789, 1024], 'results_root': 'results_fwt', 'checkpoint_dir': 'results/checkpoints', 'figure_dir': 'results_fwt\\figures', 'log_dir': 'results_fwt\\raw', 'run_name': 'split_cifar100_ewc_seed456', 'seed': 456}
[19:07:17] Device: cuda
[19:07:18] Dataset: SplitCIFAR100(tasks=20, classes_per_task=5, scenario=class-il)
[19:07:19] 
============================================================
 Task 1/20  | Classes (0, 5)
============================================================
[19:07:19] Task 0 baseline (chance): 20.00%
[19:07:22] task=0  epoch=0  train_loss=1.2978
[19:07:22] task=0  epoch=END  time_sec=3.1  acc_task0=39.4
[19:07:22] 
============================================================
 Task 2/20  | Classes (5, 10)
============================================================
[19:07:22] Task 1 baseline (chance): 10.00%
[19:07:22] Task 1 zero-shot (pre-train): 0.00%
[19:07:27] task=1  epoch=0  train_loss=1.7444
[19:07:27] task=1  epoch=END  time_sec=4.4  acc_task0=0.0  acc_task1=39.2
[19:07:27] 
============================================================
 Task 3/20  | Classes (10, 15)
============================================================
[19:07:27] Task 2 baseline (chance): 6.67%
[19:07:27] Task 2 zero-shot (pre-train): 0.00%
[19:07:34] task=2  epoch=0  train_loss=2.027
[19:07:35] task=2  epoch=END  time_sec=6.4  acc_task0=0.0  acc_task1=0.0  acc_task2=43.0
[19:07:35] 
============================================================
 Task 4/20  | Classes (15, 20)
============================================================
[19:07:35] Task 3 baseline (chance): 5.00%
[19:07:35] Task 3 zero-shot (pre-train): 0.00%
[19:07:43] task=3  epoch=0  train_loss=2.2876
[19:07:44] task=3  epoch=END  time_sec=7.9  acc_task0=0.0  acc_task1=0.0  acc_task2=0.0  acc_task3=44.2
[19:07:44] 
============================================================
 Task 5/20  | Classes (20, 25)
============================================================
[19:07:44] Task 4 baseline (chance): 4.00%
[19:07:44] Task 4 zero-shot (pre-train): 0.00%
[19:07:53] task=4  epoch=0  train_loss=2.2169
[19:07:55] task=4  epoch=END  time_sec=9.6  acc_task0=0.0  acc_task1=0.0  acc_task2=0.0  acc_task3=0.0  acc_task4=45.8
[19:07:55] 
============================================================
 Task 6/20  | Classes (25, 30)
============================================================
[19:07:55] Task 5 baseline (chance): 3.33%
[19:07:55] Task 5 zero-shot (pre-train): 0.00%
[19:08:06] task=5  epoch=0  train_loss=2.5453
[19:08:08] task=5  epoch=END  time_sec=11.5  acc_task0=0.0  acc_task1=0.0  acc_task2=0.0  acc_task3=0.0  acc_task4=0.0  acc_task5=27.2
[19:08:08] 
============================================================
 Task 7/20  | Classes (30, 35)
============================================================
[19:08:08] Task 6 baseline (chance): 2.86%
[19:08:08] Task 6 zero-shot (pre-train): 0.00%
[19:08:21] task=6  epoch=0  train_loss=2.6037
[19:08:22] task=6  epoch=END  time_sec=13.1  acc_task0=0.0  acc_task1=0.0  acc_task2=0.0  acc_task3=0.0  acc_task4=0.0  acc_task5=0.0  acc_task6=24.4
[19:08:22] 
============================================================
 Task 8/20  | Classes (35, 40)
============================================================
[19:08:22] Task 7 baseline (chance): 2.50%
[19:08:22] Task 7 zero-shot (pre-train): 0.00%
[19:08:37] task=7  epoch=0  train_loss=3.1278
[19:08:39] task=7  epoch=END  time_sec=14.5  acc_task0=0.0  acc_task1=0.0  acc_task2=0.0  acc_task3=0.0  acc_task4=0.0  acc_task5=0.0  acc_task6=0.0  acc_task7=21.2
[19:08:39] 
============================================================
 Task 9/20  | Classes (40, 45)
============================================================
[19:08:39] Task 8 baseline (chance): 2.22%
[19:08:39] Task 8 zero-shot (pre-train): 0.00%
[19:08:55] task=8  epoch=0  train_loss=2.7561
[19:08:57] task=8  epoch=END  time_sec=16.3  acc_task0=0.0  acc_task1=0.0  acc_task2=0.0  acc_task3=0.0  acc_task4=0.0  acc_task5=0.0  acc_task6=0.0  acc_task7=0.0  acc_task8=28.8
[19:08:57] 
============================================================
 Task 10/20  | Classes (45, 50)
============================================================
[19:08:57] Task 9 baseline (chance): 2.00%
[19:08:57] Task 9 zero-shot (pre-train): 0.00%
[19:09:15] task=9  epoch=0  train_loss=3.8652
[19:09:17] task=9  epoch=END  time_sec=17.6  acc_task0=0.0  acc_task1=0.0  acc_task2=0.0  acc_task3=0.0  acc_task4=0.0  acc_task5=0.0  acc_task6=0.0  acc_task7=0.0  acc_task8=0.0  acc_task9=27.2
[19:09:17] 
============================================================
 Task 11/20  | Classes (50, 55)
============================================================
[19:09:17] Task 10 baseline (chance): 1.82%
[19:09:17] Task 10 zero-shot (pre-train): 0.00%
[19:09:36] task=10  epoch=0  train_loss=3.0269
[19:09:38] task=10  epoch=END  time_sec=18.9  acc_task0=0.0  acc_task1=0.0  acc_task2=0.0  acc_task3=0.0  acc_task4=0.0  acc_task5=0.0  acc_task6=0.0  acc_task7=0.0  acc_task8=0.0  acc_task9=0.0  acc_task10=31.8
[19:09:38] 
============================================================
 Task 12/20  | Classes (55, 60)
============================================================
[19:09:38] Task 11 baseline (chance): 1.67%
[19:09:38] Task 11 zero-shot (pre-train): 0.00%
[19:09:59] task=11  epoch=0  train_loss=3.3895
[19:10:01] task=11  epoch=END  time_sec=20.5  acc_task0=0.0  acc_task1=0.0  acc_task2=0.0  acc_task3=0.0  acc_task4=0.0  acc_task5=0.0  acc_task6=0.0  acc_task7=0.0  acc_task8=0.0  acc_task9=0.0  acc_task10=0.0  acc_task11=26.4
[19:10:01] 
============================================================
 Task 13/20  | Classes (60, 65)
============================================================
[19:10:01] Task 12 baseline (chance): 1.54%
[19:10:01] Task 12 zero-shot (pre-train): 0.00%
[19:10:23] task=12  epoch=0  train_loss=3.7545
[19:10:26] task=12  epoch=END  time_sec=22.1  acc_task0=0.0  acc_task1=0.0  acc_task2=0.0  acc_task3=0.0  acc_task4=0.0  acc_task5=0.0  acc_task6=0.0  acc_task7=0.0  acc_task8=0.0  acc_task9=0.0  acc_task10=0.0  acc_task11=0.0  acc_task12=44.8
[19:10:26] 
============================================================
 Task 14/20  | Classes (65, 70)
============================================================
[19:10:26] Task 13 baseline (chance): 1.43%
[19:10:26] Task 13 zero-shot (pre-train): 0.00%
[19:10:50] task=13  epoch=0  train_loss=3.4322
[19:10:53] task=13  epoch=END  time_sec=24.1  acc_task0=0.0  acc_task1=0.0  acc_task2=0.0  acc_task3=0.0  acc_task4=0.0  acc_task5=0.0  acc_task6=0.0  acc_task7=0.0  acc_task8=0.0  acc_task9=0.0  acc_task10=0.0  acc_task11=0.0  acc_task12=0.0  acc_task13=38.2
[19:10:53] 
============================================================
 Task 15/20  | Classes (70, 75)
============================================================
[19:10:53] Task 14 baseline (chance): 1.33%
[19:10:53] Task 14 zero-shot (pre-train): 0.00%
[19:11:19] task=14  epoch=0  train_loss=3.2976
[19:11:22] task=14  epoch=END  time_sec=25.3  acc_task0=0.0  acc_task1=0.0  acc_task2=0.0  acc_task3=0.0  acc_task4=0.0  acc_task5=0.0  acc_task6=0.0  acc_task7=0.0  acc_task8=0.0  acc_task9=0.0  acc_task10=0.0  acc_task11=0.0  acc_task12=0.0  acc_task13=0.0  acc_task14=33.6
[19:11:22] 
============================================================
 Task 16/20  | Classes (75, 80)
============================================================
[19:11:22] Task 15 baseline (chance): 1.25%
[19:11:22] Task 15 zero-shot (pre-train): 0.00%
[19:11:49] task=15  epoch=0  train_loss=4.303
[19:11:52] task=15  epoch=END  time_sec=27.1  acc_task0=0.0  acc_task1=0.0  acc_task2=0.0  acc_task3=0.0  acc_task4=0.0  acc_task5=0.0  acc_task6=0.0  acc_task7=0.0  acc_task8=0.0  acc_task9=0.0  acc_task10=0.0  acc_task11=0.0  acc_task12=0.0  acc_task13=0.0  acc_task14=0.0  acc_task15=35.6
[19:11:52] 
============================================================
 Task 17/20  | Classes (80, 85)
============================================================
[19:11:52] Task 16 baseline (chance): 1.18%
[19:11:52] Task 16 zero-shot (pre-train): 0.00%
[19:12:21] task=16  epoch=0  train_loss=3.7217
[19:12:24] task=16  epoch=END  time_sec=28.5  acc_task0=0.0  acc_task1=0.0  acc_task2=0.0  acc_task3=0.0  acc_task4=0.0  acc_task5=0.0  acc_task6=0.0  acc_task7=0.0  acc_task8=0.0  acc_task9=0.0  acc_task10=0.0  acc_task11=0.0  acc_task12=0.0  acc_task13=0.0  acc_task14=0.0  acc_task15=0.0  acc_task16=23.0
[19:12:24] 
============================================================
 Task 18/20  | Classes (85, 90)
============================================================
[19:12:24] Task 17 baseline (chance): 1.11%
[19:12:24] Task 17 zero-shot (pre-train): 0.00%
[19:12:54] task=17  epoch=0  train_loss=4.1369
[19:12:58] task=17  epoch=END  time_sec=30.1  acc_task0=0.0  acc_task1=0.0  acc_task2=0.0  acc_task3=0.0  acc_task4=0.0  acc_task5=0.0  acc_task6=0.0  acc_task7=0.0  acc_task8=0.0  acc_task9=0.0  acc_task10=0.0  acc_task11=0.0  acc_task12=0.0  acc_task13=0.0  acc_task14=0.0  acc_task15=0.0  acc_task16=0.0  acc_task17=37.2
[19:12:58] 
============================================================
 Task 19/20  | Classes (90, 95)
============================================================
[19:12:58] Task 18 baseline (chance): 1.05%
[19:12:58] Task 18 zero-shot (pre-train): 0.00%
[19:13:30] task=18  epoch=0  train_loss=3.9625
[19:13:33] task=18  epoch=END  time_sec=31.9  acc_task0=0.0  acc_task1=0.0  acc_task2=0.0  acc_task3=0.0  acc_task4=0.0  acc_task5=0.0  acc_task6=0.0  acc_task7=0.0  acc_task8=0.0  acc_task9=0.0  acc_task10=0.0  acc_task11=0.0  acc_task12=0.0  acc_task13=0.0  acc_task14=0.0  acc_task15=0.0  acc_task16=0.0  acc_task17=0.0  acc_task18=30.2
[19:13:33] 
============================================================
 Task 20/20  | Classes (95, 100)
============================================================
[19:13:33] Task 19 baseline (chance): 1.00%
[19:13:34] Task 19 zero-shot (pre-train): 0.00%
[19:14:06] task=19  epoch=0  train_loss=4.7512
[19:14:10] task=19  epoch=END  time_sec=32.8  acc_task0=0.0  acc_task1=0.0  acc_task2=0.0  acc_task3=0.0  acc_task4=0.0  acc_task5=0.0  acc_task6=0.0  acc_task7=0.0  acc_task8=0.0  acc_task9=0.0  acc_task10=0.0  acc_task11=0.0  acc_task12=0.0  acc_task13=0.0  acc_task14=0.0  acc_task15=0.0  acc_task16=0.0  acc_task17=0.0  acc_task18=0.0  acc_task19=31.4
[19:14:10] 
Final Metrics:
  avg_accuracy         +1.5700
  forgetting           +33.7474
  backward_transfer    -33.7474
  forward_transfer     -2.7345
[19:14:11] 
Done - run: split_cifar100_ewc_seed456
[19:14:11] Metrics: {'avg_accuracy': 1.57, 'forgetting': 33.7474, 'backward_transfer': -33.7474, 'forward_transfer': -2.7345}
