[06:21:51] Starting: split_mini_imagenet_agem_seed1024
[06:21:51] Config: {'dataset': 'split_mini_imagenet', 'data_root': 'F:\\Temp\\cf\\Catastrophic Forgetting\\research_v2\\Project\\data_local\\mini-imagenet', 'dataset_image_size': None, 'dataset_out_channels': None, 'model': 'slim_resnet18', 'pretrained': False, 'model_image_size': None, 'method': 'agem', 'n_epochs': 1, 'batch_size': 32, 'num_workers': 0, 'lr': 0.03, 'momentum': 0.9, 'weight_decay': 0.0001, 'fp16': True, 'buffer_size': 200, 'ewc_lambda': 100.0, 'fisher_samples': 200, 'si_lambda': 1.0, 'si_xi': 0.1, 'der_alpha': 0.5, 'xder_beta': 0.5, 'lwf_lambda': 1.0, 'lwf_temp': 2.0, 'icarl_distill_w': 1.0, 'icarl_temp': 2.0, 'use_nmc': True, 'agem_mem_batch': 64, 'distill_lambda': 1.0, 'distill_temp': 2.0, 'pc_distill_w': 1.0, 'pc_ewc_lambda': 100.0, 'pc_compress_epochs': 3, 'er_replay_ratio': 0.5, 'joint_replay_epochs': 1, 'disable_tqdm': True, 'disable_checkpoints': False, 'disable_plots': False, 'resume': True, 'cleanup_checkpoints_on_success': True, 'result_group': 'runs', 'ablation_family': None, 'seeds': [42, 123, 456, 789, 1024], 'results_root': 'F:\\Temp\\cf\\Catastrophic Forgetting\\research_v2\\results', 'seed': 1024, 'run_name': 'split_mini_imagenet_agem_seed1024', 'project_root': 'F:\\Temp\\cf\\Catastrophic Forgetting\\research_v2\\Project', 'workspace_root': 'F:\\Temp\\cf\\Catastrophic Forgetting\\research_v2', 'run_root': 'F:\\Temp\\cf\\Catastrophic Forgetting\\research_v2\\results\\runs\\epoch_1\\split_mini_imagenet\\baselines\\agem\\seed_1024', 'log_dir': 'F:\\Temp\\cf\\Catastrophic Forgetting\\research_v2\\results\\runs\\epoch_1\\split_mini_imagenet\\baselines\\agem\\seed_1024\\logs', 'metrics_dir': 'F:\\Temp\\cf\\Catastrophic Forgetting\\research_v2\\results\\runs\\epoch_1\\split_mini_imagenet\\baselines\\agem\\seed_1024\\metrics', 'checkpoint_dir': 'F:\\Temp\\cf\\Catastrophic Forgetting\\research_v2\\results\\runs\\epoch_1\\split_mini_imagenet\\baselines\\agem\\seed_1024\\checkpoints', 'artifact_dir': 'F:\\Temp\\cf\\Catastrophic Forgetting\\research_v2\\results\\runs\\epoch_1\\split_mini_imagenet\\baselines\\agem\\seed_1024\\artifacts', 'figure_dir': 'F:\\Temp\\cf\\Catastrophic Forgetting\\research_v2\\results\\figures\\epoch_1\\split_mini_imagenet\\baselines\\agem\\seed_1024'}
[06:21:51] Device: cuda
[06:21:53] Dataset: SplitMiniImageNet(tasks=20, classes_per_task=5, scenario=class-il)
[06:21:53] 
============================================================
 Task 1/20  | Classes (0, 5)
============================================================
[06:21:53] Task 0 baseline (chance): 20.00%
[06:22:11] task=0  epoch=0  train_loss=1.7116
[06:22:15] task=0  epoch=END  time_sec=17.7  acc_task0=34.5
[06:22:15] 
============================================================
 Task 2/20  | Classes (5, 10)
============================================================
[06:22:15] Task 1 baseline (chance): 10.00%
[06:22:18] Task 1 zero-shot (pre-train): 0.33%
[06:22:47] task=1  epoch=0  train_loss=1.4086
[06:22:53] task=1  epoch=END  time_sec=29.2  acc_task0=0.0  acc_task1=53.33
[06:22:53] 
============================================================
 Task 3/20  | Classes (10, 15)
============================================================
[06:22:53] Task 2 baseline (chance): 6.67%
[06:22:56] Task 2 zero-shot (pre-train): 0.00%
[06:23:18] task=2  epoch=0  train_loss=1.6116
[06:23:25] task=2  epoch=END  time_sec=22.7  acc_task0=0.0  acc_task1=0.0  acc_task2=42.33
[06:23:25] 
============================================================
 Task 4/20  | Classes (15, 20)
============================================================
[06:23:25] Task 3 baseline (chance): 5.00%
[06:23:28] Task 3 zero-shot (pre-train): 0.00%
[06:23:57] task=3  epoch=0  train_loss=1.9478
[06:24:06] task=3  epoch=END  time_sec=29.0  acc_task0=0.0  acc_task1=0.0  acc_task2=0.0  acc_task3=39.5
[06:24:06] 
============================================================
 Task 5/20  | Classes (20, 25)
============================================================
[06:24:06] Task 4 baseline (chance): 4.00%
[06:24:09] Task 4 zero-shot (pre-train): 0.00%
[06:24:39] task=4  epoch=0  train_loss=2.1108
[06:24:50] task=4  epoch=END  time_sec=29.1  acc_task0=0.0  acc_task1=0.0  acc_task2=0.0  acc_task3=0.0  acc_task4=31.17
[06:24:51] 
============================================================
 Task 6/20  | Classes (25, 30)
============================================================
[06:24:51] Task 5 baseline (chance): 3.33%
[06:24:54] Task 5 zero-shot (pre-train): 0.00%
[06:25:21] task=5  epoch=0  train_loss=2.1643
[06:25:34] task=5  epoch=END  time_sec=27.4  acc_task0=0.0  acc_task1=0.0  acc_task2=0.0  acc_task3=0.0  acc_task4=0.0  acc_task5=40.5
[06:25:34] 
============================================================
 Task 7/20  | Classes (30, 35)
============================================================
[06:25:34] Task 6 baseline (chance): 2.86%
[06:25:37] Task 6 zero-shot (pre-train): 0.00%
[06:26:06] task=6  epoch=0  train_loss=2.2435
[06:26:22] task=6  epoch=END  time_sec=29.0  acc_task0=0.0  acc_task1=0.0  acc_task2=0.0  acc_task3=0.0  acc_task4=0.0  acc_task5=0.0  acc_task6=36.17
[06:26:22] 
============================================================
 Task 8/20  | Classes (35, 40)
============================================================
[06:26:22] Task 7 baseline (chance): 2.50%
[06:26:26] Task 7 zero-shot (pre-train): 0.00%
[06:26:56] task=7  epoch=0  train_loss=2.1715
[06:27:14] task=7  epoch=END  time_sec=30.2  acc_task0=0.0  acc_task1=0.0  acc_task2=0.0  acc_task3=0.0  acc_task4=0.0  acc_task5=0.0  acc_task6=0.0  acc_task7=20.83
[06:27:14] 
============================================================
 Task 9/20  | Classes (40, 45)
============================================================
[06:27:14] Task 8 baseline (chance): 2.22%
[06:27:18] Task 8 zero-shot (pre-train): 0.00%
[06:27:46] task=8  epoch=0  train_loss=2.5501
[06:28:05] task=8  epoch=END  time_sec=28.0  acc_task0=0.0  acc_task1=0.0  acc_task2=0.0  acc_task3=0.0  acc_task4=0.0  acc_task5=0.0  acc_task6=0.0  acc_task7=0.0  acc_task8=36.67
[06:28:05] 
============================================================
 Task 10/20  | Classes (45, 50)
============================================================
[06:28:05] Task 9 baseline (chance): 2.00%
[06:28:07] Task 9 zero-shot (pre-train): 0.00%
[06:28:32] task=9  epoch=0  train_loss=2.1876
[06:28:57] task=9  epoch=END  time_sec=24.3  acc_task0=0.0  acc_task1=0.0  acc_task2=0.0  acc_task3=0.0  acc_task4=0.0  acc_task5=0.0  acc_task6=0.0  acc_task7=0.0  acc_task8=0.0  acc_task9=33.33
[06:28:57] 
============================================================
 Task 11/20  | Classes (50, 55)
============================================================
[06:28:57] Task 10 baseline (chance): 1.82%
[06:29:00] Task 10 zero-shot (pre-train): 0.00%
[06:29:27] task=10  epoch=0  train_loss=2.5827
[06:29:58] task=10  epoch=END  time_sec=27.0  acc_task0=0.0  acc_task1=0.0  acc_task2=0.0  acc_task3=0.0  acc_task4=0.0  acc_task5=0.0  acc_task6=0.0  acc_task7=0.0  acc_task8=0.0  acc_task9=0.0  acc_task10=26.33
[06:29:58] 
============================================================
 Task 12/20  | Classes (55, 60)
============================================================
[06:29:58] Task 11 baseline (chance): 1.67%
[06:30:00] Task 11 zero-shot (pre-train): 0.00%
[06:30:25] task=11  epoch=0  train_loss=2.2866
[06:30:54] task=11  epoch=END  time_sec=24.2  acc_task0=0.0  acc_task1=0.0  acc_task2=0.0  acc_task3=0.0  acc_task4=0.0  acc_task5=0.0  acc_task6=0.0  acc_task7=0.0  acc_task8=0.0  acc_task9=0.0  acc_task10=0.0  acc_task11=27.67
[06:30:54] 
============================================================
 Task 13/20  | Classes (60, 65)
============================================================
[06:30:54] Task 12 baseline (chance): 1.54%
[06:30:56] Task 12 zero-shot (pre-train): 0.00%
[06:31:19] task=12  epoch=0  train_loss=2.7065
[06:31:51] task=12  epoch=END  time_sec=22.8  acc_task0=0.0  acc_task1=0.0  acc_task2=0.0  acc_task3=0.0  acc_task4=0.0  acc_task5=0.0  acc_task6=0.0  acc_task7=0.0  acc_task8=0.0  acc_task9=0.0  acc_task10=0.0  acc_task11=0.0  acc_task12=23.17
[06:31:51] 
============================================================
 Task 14/20  | Classes (65, 70)
============================================================
[06:31:51] Task 13 baseline (chance): 1.43%
[06:31:54] Task 13 zero-shot (pre-train): 0.00%
[06:32:18] task=13  epoch=0  train_loss=2.4374
[06:32:52] task=13  epoch=END  time_sec=24.4  acc_task0=0.0  acc_task1=0.0  acc_task2=0.0  acc_task3=0.0  acc_task4=0.0  acc_task5=0.0  acc_task6=0.0  acc_task7=0.0  acc_task8=0.0  acc_task9=0.0  acc_task10=0.0  acc_task11=0.0  acc_task12=0.0  acc_task13=21.83
[06:32:52] 
============================================================
 Task 15/20  | Classes (70, 75)
============================================================
[06:32:52] Task 14 baseline (chance): 1.33%
[06:32:54] Task 14 zero-shot (pre-train): 0.00%
[06:33:18] task=14  epoch=0  train_loss=2.6592
[06:33:54] task=14  epoch=END  time_sec=24.1  acc_task0=0.0  acc_task1=0.0  acc_task2=0.0  acc_task3=0.0  acc_task4=0.0  acc_task5=0.0  acc_task6=0.0  acc_task7=0.0  acc_task8=0.0  acc_task9=0.0  acc_task10=0.0  acc_task11=0.0  acc_task12=0.0  acc_task13=0.0  acc_task14=47.83
[06:33:54] 
============================================================
 Task 16/20  | Classes (75, 80)
============================================================
[06:33:54] Task 15 baseline (chance): 1.25%
[06:33:57] Task 15 zero-shot (pre-train): 0.00%
[06:34:22] task=15  epoch=0  train_loss=2.5006
[06:35:02] task=15  epoch=END  time_sec=25.3  acc_task0=0.0  acc_task1=0.0  acc_task2=0.0  acc_task3=0.0  acc_task4=0.0  acc_task5=0.0  acc_task6=0.0  acc_task7=0.0  acc_task8=0.0  acc_task9=0.0  acc_task10=0.0  acc_task11=0.0  acc_task12=0.0  acc_task13=0.0  acc_task14=0.0  acc_task15=38.0
[06:35:02] 
============================================================
 Task 17/20  | Classes (80, 85)
============================================================
[06:35:02] Task 16 baseline (chance): 1.18%
[06:35:05] Task 16 zero-shot (pre-train): 0.00%
[06:35:30] task=16  epoch=0  train_loss=2.0606
[06:36:14] task=16  epoch=END  time_sec=25.6  acc_task0=0.0  acc_task1=0.0  acc_task2=0.0  acc_task3=0.0  acc_task4=0.0  acc_task5=0.0  acc_task6=0.0  acc_task7=0.0  acc_task8=0.0  acc_task9=0.0  acc_task10=0.0  acc_task11=0.0  acc_task12=0.0  acc_task13=0.0  acc_task14=0.0  acc_task15=0.0  acc_task16=48.17
[06:36:14] 
============================================================
 Task 18/20  | Classes (85, 90)
============================================================
[06:36:14] Task 17 baseline (chance): 1.11%
[06:36:17] Task 17 zero-shot (pre-train): 0.00%
[06:36:42] task=17  epoch=0  train_loss=2.538
[06:37:23] task=17  epoch=END  time_sec=24.8  acc_task0=0.0  acc_task1=0.0  acc_task2=0.0  acc_task3=0.0  acc_task4=0.0  acc_task5=0.0  acc_task6=0.0  acc_task7=0.0  acc_task8=0.0  acc_task9=0.0  acc_task10=0.0  acc_task11=0.0  acc_task12=0.0  acc_task13=0.0  acc_task14=0.0  acc_task15=0.0  acc_task16=0.0  acc_task17=36.17
[06:37:24] 
============================================================
 Task 19/20  | Classes (90, 95)
============================================================
[06:37:24] Task 18 baseline (chance): 1.05%
[06:37:26] Task 18 zero-shot (pre-train): 0.00%
[06:37:51] task=18  epoch=0  train_loss=2.2619
[06:38:38] task=18  epoch=END  time_sec=25.0  acc_task0=0.0  acc_task1=0.0  acc_task2=0.0  acc_task3=0.0  acc_task4=0.0  acc_task5=0.0  acc_task6=0.0  acc_task7=0.0  acc_task8=0.0  acc_task9=0.0  acc_task10=0.0  acc_task11=0.0  acc_task12=0.0  acc_task13=0.0  acc_task14=0.0  acc_task15=0.0  acc_task16=0.0  acc_task17=0.0  acc_task18=41.0
[06:38:38] 
============================================================
 Task 20/20  | Classes (95, 100)
============================================================
[06:38:38] Task 19 baseline (chance): 1.00%
[06:38:41] Task 19 zero-shot (pre-train): 0.00%
[06:39:07] task=19  epoch=0  train_loss=2.2838
[06:39:56] task=19  epoch=END  time_sec=25.8  acc_task0=0.0  acc_task1=0.0  acc_task2=0.0  acc_task3=0.0  acc_task4=0.0  acc_task5=0.0  acc_task6=0.0  acc_task7=0.0  acc_task8=0.0  acc_task9=0.0  acc_task10=0.0  acc_task11=0.0  acc_task12=0.0  acc_task13=0.0  acc_task14=0.0  acc_task15=0.0  acc_task16=0.0  acc_task17=0.0  acc_task18=0.0  acc_task19=42.17
[06:39:56] 
Final Metrics:
  avg_accuracy         +2.1083
  forgetting           +35.7105
  backward_transfer    -35.7105
  forward_transfer     -2.7169
[06:39:57] 
Done - run: split_mini_imagenet_agem_seed1024
[06:39:57] Metrics: {'avg_accuracy': 2.1083, 'forgetting': 35.7105, 'backward_transfer': -35.7105, 'forward_transfer': -2.7169}
[06:39:57] Deleted 20 checkpoint(s) after successful completion.
