[20:10:15] Starting: split_mini_imagenet_ewc_seed789
[20:10:15] Config: {'dataset': 'split_mini_imagenet', 'data_root': 'F:\\Temp\\cf\\Catastrophic Forgetting\\research_v2\\Project\\data_local\\mini-imagenet', 'dataset_image_size': None, 'dataset_out_channels': None, 'model': 'slim_resnet18', 'pretrained': False, 'model_image_size': None, 'method': 'ewc', 'n_epochs': 1, 'batch_size': 32, 'num_workers': 0, 'lr': 0.03, 'momentum': 0.9, 'weight_decay': 0.0001, 'fp16': True, 'buffer_size': 200, 'ewc_lambda': 100.0, 'fisher_samples': 200, 'si_lambda': 1.0, 'si_xi': 0.1, 'der_alpha': 0.5, 'xder_beta': 0.5, 'lwf_lambda': 1.0, 'lwf_temp': 2.0, 'icarl_distill_w': 1.0, 'icarl_temp': 2.0, 'use_nmc': True, 'agem_mem_batch': 64, 'distill_lambda': 1.0, 'distill_temp': 2.0, 'pc_distill_w': 1.0, 'pc_ewc_lambda': 100.0, 'pc_compress_epochs': 3, 'er_replay_ratio': 0.5, 'joint_replay_epochs': 1, 'disable_tqdm': True, 'disable_checkpoints': False, 'disable_plots': False, 'resume': True, 'cleanup_checkpoints_on_success': True, 'result_group': 'runs', 'ablation_family': None, 'seeds': [42, 123, 456, 789, 1024], 'results_root': 'F:\\Temp\\cf\\Catastrophic Forgetting\\research_v2\\results', 'seed': 789, 'run_name': 'split_mini_imagenet_ewc_seed789', 'project_root': 'F:\\Temp\\cf\\Catastrophic Forgetting\\research_v2\\Project', 'workspace_root': 'F:\\Temp\\cf\\Catastrophic Forgetting\\research_v2', 'run_root': 'F:\\Temp\\cf\\Catastrophic Forgetting\\research_v2\\results\\runs\\epoch_1\\split_mini_imagenet\\baselines\\ewc\\seed_789', 'log_dir': 'F:\\Temp\\cf\\Catastrophic Forgetting\\research_v2\\results\\runs\\epoch_1\\split_mini_imagenet\\baselines\\ewc\\seed_789\\logs', 'metrics_dir': 'F:\\Temp\\cf\\Catastrophic Forgetting\\research_v2\\results\\runs\\epoch_1\\split_mini_imagenet\\baselines\\ewc\\seed_789\\metrics', 'checkpoint_dir': 'F:\\Temp\\cf\\Catastrophic Forgetting\\research_v2\\results\\runs\\epoch_1\\split_mini_imagenet\\baselines\\ewc\\seed_789\\checkpoints', 'artifact_dir': 'F:\\Temp\\cf\\Catastrophic Forgetting\\research_v2\\results\\runs\\epoch_1\\split_mini_imagenet\\baselines\\ewc\\seed_789\\artifacts', 'figure_dir': 'F:\\Temp\\cf\\Catastrophic Forgetting\\research_v2\\results\\figures\\epoch_1\\split_mini_imagenet\\baselines\\ewc\\seed_789'}
[20:10:15] Device: cuda
[20:10:17] Dataset: SplitMiniImageNet(tasks=20, classes_per_task=5, scenario=class-il)
[20:10:18] 
============================================================
 Task 1/20  | Classes (0, 5)
============================================================
[20:10:18] Task 0 baseline (chance): 20.00%
[20:10:36] task=0  epoch=0  train_loss=1.7349
[20:10:41] task=0  epoch=END  time_sec=18.6  acc_task0=30.5
[20:10:41] 
============================================================
 Task 2/20  | Classes (5, 10)
============================================================
[20:10:41] Task 1 baseline (chance): 10.00%
[20:10:44] Task 1 zero-shot (pre-train): 0.00%
[20:11:04] task=1  epoch=0  train_loss=1.434
[20:11:11] task=1  epoch=END  time_sec=19.6  acc_task0=0.0  acc_task1=47.33
[20:11:11] 
============================================================
 Task 3/20  | Classes (10, 15)
============================================================
[20:11:11] Task 2 baseline (chance): 6.67%
[20:11:14] Task 2 zero-shot (pre-train): 0.00%
[20:11:32] task=2  epoch=0  train_loss=1.7284
[20:11:42] task=2  epoch=END  time_sec=17.8  acc_task0=0.0  acc_task1=0.0  acc_task2=42.5
[20:11:42] 
============================================================
 Task 4/20  | Classes (15, 20)
============================================================
[20:11:42] Task 3 baseline (chance): 5.00%
[20:11:45] Task 3 zero-shot (pre-train): 0.00%
[20:12:05] task=3  epoch=0  train_loss=2.1367
[20:12:18] task=3  epoch=END  time_sec=19.9  acc_task0=0.0  acc_task1=0.0  acc_task2=0.0  acc_task3=22.17
[20:12:18] 
============================================================
 Task 5/20  | Classes (20, 25)
============================================================
[20:12:18] Task 4 baseline (chance): 4.00%
[20:12:21] Task 4 zero-shot (pre-train): 0.00%
[20:12:43] task=4  epoch=0  train_loss=2.3154
[20:12:58] task=4  epoch=END  time_sec=21.2  acc_task0=0.0  acc_task1=0.0  acc_task2=0.0  acc_task3=0.0  acc_task4=27.83
[20:12:58] 
============================================================
 Task 6/20  | Classes (25, 30)
============================================================
[20:12:58] Task 5 baseline (chance): 3.33%
[20:13:02] Task 5 zero-shot (pre-train): 0.00%
[20:13:24] task=5  epoch=0  train_loss=2.4967
[20:13:42] task=5  epoch=END  time_sec=22.9  acc_task0=0.0  acc_task1=0.0  acc_task2=0.0  acc_task3=0.0  acc_task4=0.0  acc_task5=20.0
[20:13:42] 
============================================================
 Task 7/20  | Classes (30, 35)
============================================================
[20:13:42] Task 6 baseline (chance): 2.86%
[20:13:45] Task 6 zero-shot (pre-train): 0.00%
[20:14:06] task=6  epoch=0  train_loss=2.5405
[20:14:26] task=6  epoch=END  time_sec=21.0  acc_task0=0.0  acc_task1=0.0  acc_task2=0.0  acc_task3=0.0  acc_task4=0.0  acc_task5=0.0  acc_task6=21.33
[20:14:26] 
============================================================
 Task 8/20  | Classes (35, 40)
============================================================
[20:14:26] Task 7 baseline (chance): 2.50%
[20:14:29] Task 7 zero-shot (pre-train): 0.00%
[20:14:53] task=7  epoch=0  train_loss=3.0146
[20:15:18] task=7  epoch=END  time_sec=23.7  acc_task0=0.0  acc_task1=0.0  acc_task2=0.0  acc_task3=0.0  acc_task4=0.0  acc_task5=0.0  acc_task6=0.0  acc_task7=32.67
[20:15:19] 
============================================================
 Task 9/20  | Classes (40, 45)
============================================================
[20:15:19] Task 8 baseline (chance): 2.22%
[20:15:23] Task 8 zero-shot (pre-train): 0.00%
[20:15:51] task=8  epoch=0  train_loss=3.4401
[20:16:22] task=8  epoch=END  time_sec=28.3  acc_task0=0.0  acc_task1=0.0  acc_task2=0.0  acc_task3=0.0  acc_task4=0.0  acc_task5=0.0  acc_task6=0.0  acc_task7=0.0  acc_task8=31.83
[20:16:23] 
============================================================
 Task 10/20  | Classes (45, 50)
============================================================
[20:16:23] Task 9 baseline (chance): 2.00%
[20:16:26] Task 9 zero-shot (pre-train): 0.00%
[20:16:51] task=9  epoch=0  train_loss=2.9569
[20:17:19] task=9  epoch=END  time_sec=25.0  acc_task0=0.0  acc_task1=0.0  acc_task2=0.0  acc_task3=0.0  acc_task4=0.0  acc_task5=0.0  acc_task6=0.0  acc_task7=0.0  acc_task8=0.0  acc_task9=20.0
[20:17:20] 
============================================================
 Task 11/20  | Classes (50, 55)
============================================================
[20:17:20] Task 10 baseline (chance): 1.82%
[20:17:23] Task 10 zero-shot (pre-train): 0.00%
[20:17:52] task=10  epoch=0  train_loss=3.402
[20:18:26] task=10  epoch=END  time_sec=29.0  acc_task0=0.0  acc_task1=0.0  acc_task2=0.0  acc_task3=0.0  acc_task4=0.0  acc_task5=0.0  acc_task6=0.0  acc_task7=0.0  acc_task8=0.0  acc_task9=0.0  acc_task10=25.17
[20:18:26] 
============================================================
 Task 12/20  | Classes (55, 60)
============================================================
[20:18:26] Task 11 baseline (chance): 1.67%
[20:18:30] Task 11 zero-shot (pre-train): 0.00%
[20:19:00] task=11  epoch=0  train_loss=3.3494
[20:19:38] task=11  epoch=END  time_sec=30.2  acc_task0=0.0  acc_task1=0.0  acc_task2=0.0  acc_task3=0.0  acc_task4=0.0  acc_task5=0.0  acc_task6=0.0  acc_task7=0.0  acc_task8=0.0  acc_task9=0.0  acc_task10=0.0  acc_task11=26.5
[20:19:39] 
============================================================
 Task 13/20  | Classes (60, 65)
============================================================
[20:19:39] Task 12 baseline (chance): 1.54%
[20:19:42] Task 12 zero-shot (pre-train): 0.00%
[20:20:11] task=12  epoch=0  train_loss=3.8166
[20:20:54] task=12  epoch=END  time_sec=29.7  acc_task0=0.0  acc_task1=0.0  acc_task2=0.0  acc_task3=0.0  acc_task4=0.0  acc_task5=0.0  acc_task6=0.0  acc_task7=0.0  acc_task8=0.0  acc_task9=0.0  acc_task10=0.0  acc_task11=0.0  acc_task12=31.0
[20:20:56] 
============================================================
 Task 14/20  | Classes (65, 70)
============================================================
[20:20:56] Task 13 baseline (chance): 1.43%
[20:21:00] Task 13 zero-shot (pre-train): 0.00%
[20:21:32] task=13  epoch=0  train_loss=3.4209
[20:22:19] task=13  epoch=END  time_sec=32.4  acc_task0=0.0  acc_task1=0.0  acc_task2=0.0  acc_task3=0.0  acc_task4=0.0  acc_task5=0.0  acc_task6=0.0  acc_task7=0.0  acc_task8=0.0  acc_task9=0.0  acc_task10=0.0  acc_task11=0.0  acc_task12=0.0  acc_task13=28.83
[20:22:19] 
============================================================
 Task 15/20  | Classes (70, 75)
============================================================
[20:22:19] Task 14 baseline (chance): 1.33%
[20:22:23] Task 14 zero-shot (pre-train): 0.00%
[20:22:57] task=14  epoch=0  train_loss=5.0162
[20:23:45] task=14  epoch=END  time_sec=33.9  acc_task0=0.0  acc_task1=0.0  acc_task2=0.0  acc_task3=0.0  acc_task4=0.0  acc_task5=0.0  acc_task6=0.0  acc_task7=0.0  acc_task8=0.0  acc_task9=0.0  acc_task10=0.0  acc_task11=0.0  acc_task12=0.0  acc_task13=0.0  acc_task14=26.0
[20:23:46] 
============================================================
 Task 16/20  | Classes (75, 80)
============================================================
[20:23:46] Task 15 baseline (chance): 1.25%
[20:23:50] Task 15 zero-shot (pre-train): 0.00%
[20:24:26] task=15  epoch=0  train_loss=3.751
[20:25:18] task=15  epoch=END  time_sec=36.6  acc_task0=0.0  acc_task1=0.0  acc_task2=0.0  acc_task3=0.0  acc_task4=0.0  acc_task5=0.0  acc_task6=0.0  acc_task7=0.0  acc_task8=0.0  acc_task9=0.0  acc_task10=0.0  acc_task11=0.0  acc_task12=0.0  acc_task13=0.0  acc_task14=0.0  acc_task15=24.0
[20:25:19] 
============================================================
 Task 17/20  | Classes (80, 85)
============================================================
[20:25:19] Task 16 baseline (chance): 1.18%
[20:25:22] Task 16 zero-shot (pre-train): 0.00%
[20:25:59] task=16  epoch=0  train_loss=3.8767
[20:26:55] task=16  epoch=END  time_sec=36.5  acc_task0=0.0  acc_task1=0.0  acc_task2=0.0  acc_task3=0.0  acc_task4=0.0  acc_task5=0.0  acc_task6=0.0  acc_task7=0.0  acc_task8=0.0  acc_task9=0.0  acc_task10=0.0  acc_task11=0.0  acc_task12=0.0  acc_task13=0.0  acc_task14=0.0  acc_task15=0.0  acc_task16=24.5
[20:26:56] 
============================================================
 Task 18/20  | Classes (85, 90)
============================================================
[20:26:56] Task 17 baseline (chance): 1.11%
[20:26:59] Task 17 zero-shot (pre-train): 0.00%
[20:27:36] task=17  epoch=0  train_loss=3.9039
[20:28:34] task=17  epoch=END  time_sec=36.5  acc_task0=0.0  acc_task1=0.0  acc_task2=0.0  acc_task3=0.0  acc_task4=0.0  acc_task5=0.0  acc_task6=0.0  acc_task7=0.0  acc_task8=0.0  acc_task9=0.0  acc_task10=0.0  acc_task11=0.0  acc_task12=0.0  acc_task13=0.0  acc_task14=0.0  acc_task15=0.0  acc_task16=0.0  acc_task17=23.67
[20:28:35] 
============================================================
 Task 19/20  | Classes (90, 95)
============================================================
[20:28:35] Task 18 baseline (chance): 1.05%
[20:28:39] Task 18 zero-shot (pre-train): 0.00%
[20:29:17] task=18  epoch=0  train_loss=4.475
[20:30:20] task=18  epoch=END  time_sec=38.4  acc_task0=0.0  acc_task1=0.0  acc_task2=0.0  acc_task3=0.0  acc_task4=0.0  acc_task5=0.0  acc_task6=0.0  acc_task7=0.0  acc_task8=0.0  acc_task9=0.0  acc_task10=0.0  acc_task11=0.0  acc_task12=0.0  acc_task13=0.0  acc_task14=0.0  acc_task15=0.0  acc_task16=0.0  acc_task17=0.0  acc_task18=26.0
[20:30:20] 
============================================================
 Task 20/20  | Classes (95, 100)
============================================================
[20:30:20] Task 19 baseline (chance): 1.00%
[20:30:24] Task 19 zero-shot (pre-train): 0.00%
[20:31:06] task=19  epoch=0  train_loss=3.7025
[20:32:11] task=19  epoch=END  time_sec=41.1  acc_task0=0.0  acc_task1=0.0  acc_task2=0.0  acc_task3=0.0  acc_task4=0.0  acc_task5=0.0  acc_task6=0.0  acc_task7=0.0  acc_task8=0.0  acc_task9=0.0  acc_task10=0.0  acc_task11=0.0  acc_task12=0.0  acc_task13=0.0  acc_task14=0.0  acc_task15=0.0  acc_task16=0.0  acc_task17=0.0  acc_task18=0.0  acc_task19=41.17
[20:32:12] 
Final Metrics:
  avg_accuracy         +2.0583
  forgetting           +27.9912
  backward_transfer    -27.9912
  forward_transfer     -2.7345
[20:32:14] 
Done - run: split_mini_imagenet_ewc_seed789
[20:32:14] Metrics: {'avg_accuracy': 2.0583, 'forgetting': 27.9912, 'backward_transfer': -27.9912, 'forward_transfer': -2.7345}
[20:32:14] Deleted 20 checkpoint(s) after successful completion.
