[13:40:09] Starting: split_cifar10_si_der_nosi_seed456
[13:40:09] Config: {'dataset': 'split_cifar10', 'data_root': 'F:\\Temp\\cf\\Catastrophic Forgetting\\research_v2\\Project\\data_local', 'dataset_image_size': None, 'dataset_out_channels': None, 'model': 'slim_resnet18', 'pretrained': False, 'model_image_size': None, 'method': 'si_der', 'n_epochs': 1, 'batch_size': 32, 'num_workers': 0, 'lr': 0.03, 'momentum': 0.9, 'weight_decay': 0.0001, 'fp16': False, 'buffer_size': 200, 'ewc_lambda': 100.0, 'fisher_samples': 200, 'si_lambda': 0.0, 'si_xi': 0.1, 'der_alpha': 0.5, 'xder_beta': 0.5, 'lwf_lambda': 1.0, 'lwf_temp': 2.0, 'icarl_distill_w': 1.0, 'icarl_temp': 2.0, 'use_nmc': True, 'agem_mem_batch': 64, 'distill_lambda': 1.0, 'distill_temp': 2.0, 'pc_distill_w': 1.0, 'pc_ewc_lambda': 100.0, 'pc_compress_epochs': 3, 'er_replay_ratio': 0.5, 'joint_replay_epochs': 1, 'disable_tqdm': True, 'disable_checkpoints': False, 'disable_plots': False, 'resume': False, 'cleanup_checkpoints_on_success': True, 'result_group': 'ablations', 'ablation_family': 'interaction', 'seeds': [42, 123, 456], 'results_root': 'F:\\Temp\\cf\\Catastrophic Forgetting\\research_v2\\results', 'run_tag': 'nosi', 'seed': 456, 'run_name': 'split_cifar10_si_der_nosi_seed456', 'project_root': 'F:\\Temp\\cf\\Catastrophic Forgetting\\research_v2\\Project', 'workspace_root': 'F:\\Temp\\cf\\Catastrophic Forgetting\\research_v2', 'run_root': 'F:\\Temp\\cf\\Catastrophic Forgetting\\research_v2\\results\\ablations\\epoch_1\\split_cifar10\\interaction\\si_der__nosi\\seed_456', 'log_dir': 'F:\\Temp\\cf\\Catastrophic Forgetting\\research_v2\\results\\ablations\\epoch_1\\split_cifar10\\interaction\\si_der__nosi\\seed_456\\logs', 'metrics_dir': 'F:\\Temp\\cf\\Catastrophic Forgetting\\research_v2\\results\\ablations\\epoch_1\\split_cifar10\\interaction\\si_der__nosi\\seed_456\\metrics', 'checkpoint_dir': 'F:\\Temp\\cf\\Catastrophic Forgetting\\research_v2\\results\\ablations\\epoch_1\\split_cifar10\\interaction\\si_der__nosi\\seed_456\\checkpoints', 'artifact_dir': 'F:\\Temp\\cf\\Catastrophic Forgetting\\research_v2\\results\\ablations\\epoch_1\\split_cifar10\\interaction\\si_der__nosi\\seed_456\\artifacts', 'figure_dir': 'F:\\Temp\\cf\\Catastrophic Forgetting\\research_v2\\results\\figures\\ablations\\epoch_1\\split_cifar10\\interaction\\si_der__nosi\\seed_456'}
[13:40:09] Device: cuda
[13:40:10] Dataset: SplitCIFAR10(tasks=5, classes_per_task=2, scenario=class-il)
[13:40:10] 
============================================================
 Task 1/5  | Classes (0, 2)
============================================================
[13:40:10] Task 0 baseline (chance): 50.00%
[13:40:36] task=0  epoch=0  train_loss=0.7282
[13:40:36] task=0  epoch=END  time_sec=25.1  acc_task0=86.6
[13:40:36] 
============================================================
 Task 2/5  | Classes (2, 4)
============================================================
[13:40:36] Task 1 baseline (chance): 25.00%
[13:40:37] Task 1 zero-shot (pre-train): 27.30%
[13:41:06] task=1  epoch=0  train_loss=0.7382
[13:41:07] task=1  epoch=END  time_sec=29.1  acc_task0=0.0  acc_task1=74.25
[13:41:07] 
============================================================
 Task 3/5  | Classes (4, 6)
============================================================
[13:41:07] Task 2 baseline (chance): 16.67%
[13:41:08] Task 2 zero-shot (pre-train): 0.00%
[13:41:37] task=2  epoch=0  train_loss=0.8883
[13:41:38] task=2  epoch=END  time_sec=28.8  acc_task0=0.0  acc_task1=0.0  acc_task2=79.9
[13:41:39] 
============================================================
 Task 4/5  | Classes (6, 8)
============================================================
[13:41:39] Task 3 baseline (chance): 12.50%
[13:41:39] Task 3 zero-shot (pre-train): 0.00%
[13:42:05] task=3  epoch=0  train_loss=1.0833
[13:42:07] task=3  epoch=END  time_sec=25.7  acc_task0=0.0  acc_task1=0.0  acc_task2=0.1  acc_task3=86.95
[13:42:07] 
============================================================
 Task 5/5  | Classes (8, 10)
============================================================
[13:42:07] Task 4 baseline (chance): 10.00%
[13:42:07] Task 4 zero-shot (pre-train): 0.00%
[13:42:30] task=4  epoch=0  train_loss=1.3581
[13:42:33] task=4  epoch=END  time_sec=22.9  acc_task0=0.0  acc_task1=0.0  acc_task2=0.05  acc_task3=0.0  acc_task4=81.5
[13:42:33] 
Final Metrics:
  avg_accuracy         +16.3100
  forgetting           +81.9125
  backward_transfer    -81.9125
  forward_transfer     -9.2167
[13:42:34] 
Done - run: split_cifar10_si_der_nosi_seed456
[13:42:34] Metrics: {'avg_accuracy': 16.31, 'forgetting': 81.9125, 'backward_transfer': -81.9125, 'forward_transfer': -9.2167}
[13:42:34] Deleted 5 checkpoint(s) after successful completion.
