[20:22:48] Starting: permuted_mnist_si_der_seed1024
[20:22:48] Config: {'dataset': 'permuted_mnist', 'data_root': 'F:\\Temp\\cf\\Catastrophic Forgetting\\research_v2\\Project\\data_local', 'dataset_image_size': None, 'dataset_out_channels': None, 'model': 'resnet8', 'pretrained': False, 'model_image_size': None, 'method': 'si_der', 'n_epochs': 1, 'batch_size': 32, 'num_workers': 0, 'lr': 0.03, 'momentum': 0.9, 'weight_decay': 0.0001, 'fp16': False, 'buffer_size': 200, 'ewc_lambda': 100.0, 'fisher_samples': 200, 'si_lambda': 1.0, 'si_xi': 0.1, 'der_alpha': 0.5, 'xder_beta': 0.5, 'lwf_lambda': 1.0, 'lwf_temp': 2.0, 'icarl_distill_w': 1.0, 'icarl_temp': 2.0, 'use_nmc': True, 'agem_mem_batch': 64, 'distill_lambda': 1.0, 'distill_temp': 2.0, 'pc_distill_w': 1.0, 'pc_ewc_lambda': 100.0, 'pc_compress_epochs': 3, 'er_replay_ratio': 0.5, 'joint_replay_epochs': 1, 'disable_tqdm': True, 'disable_checkpoints': False, 'disable_plots': False, 'resume': True, 'cleanup_checkpoints_on_success': True, 'result_group': 'runs', 'ablation_family': None, 'seeds': [42, 123, 456, 789, 1024], 'results_root': 'F:\\Temp\\cf\\Catastrophic Forgetting\\research_v2\\results', 'seed': 1024, 'run_name': 'permuted_mnist_si_der_seed1024', 'project_root': 'F:\\Temp\\cf\\Catastrophic Forgetting\\research_v2\\Project', 'workspace_root': 'F:\\Temp\\cf\\Catastrophic Forgetting\\research_v2', 'run_root': 'F:\\Temp\\cf\\Catastrophic Forgetting\\research_v2\\results\\runs\\epoch_1\\permuted_mnist\\hybrids\\si_der\\seed_1024', 'log_dir': 'F:\\Temp\\cf\\Catastrophic Forgetting\\research_v2\\results\\runs\\epoch_1\\permuted_mnist\\hybrids\\si_der\\seed_1024\\logs', 'metrics_dir': 'F:\\Temp\\cf\\Catastrophic Forgetting\\research_v2\\results\\runs\\epoch_1\\permuted_mnist\\hybrids\\si_der\\seed_1024\\metrics', 'checkpoint_dir': 'F:\\Temp\\cf\\Catastrophic Forgetting\\research_v2\\results\\runs\\epoch_1\\permuted_mnist\\hybrids\\si_der\\seed_1024\\checkpoints', 'artifact_dir': 'F:\\Temp\\cf\\Catastrophic Forgetting\\research_v2\\results\\runs\\epoch_1\\permuted_mnist\\hybrids\\si_der\\seed_1024\\artifacts', 'figure_dir': 'F:\\Temp\\cf\\Catastrophic Forgetting\\research_v2\\results\\figures\\epoch_1\\permuted_mnist\\hybrids\\si_der\\seed_1024'}
[20:22:48] Device: cuda
[20:22:48] Dataset: PermutedMNIST(tasks=10, classes_per_task=10, scenario=domain-il)
[20:22:48] 
============================================================
 Task 1/10  | Classes (0, 10)
============================================================
[20:22:48] Task 0 baseline (chance): 10.00%
[20:23:50] task=0  epoch=0  train_loss=0.438
[20:23:53] task=0  epoch=END  time_sec=61.7  acc_task0=95.95
[20:23:53] 
============================================================
 Task 2/10  | Classes (0, 10)
============================================================
[20:23:53] Task 1 baseline (chance): 10.00%
[20:23:56] Task 1 zero-shot (pre-train): 10.58%
[20:25:14] task=1  epoch=0  train_loss=0.3448
[20:25:19] task=1  epoch=END  time_sec=78.4  acc_task0=87.57  acc_task1=95.98
[20:25:19] 
============================================================
 Task 3/10  | Classes (0, 10)
============================================================
[20:25:19] Task 2 baseline (chance): 10.00%
[20:25:22] Task 2 zero-shot (pre-train): 10.78%
[20:26:40] task=2  epoch=0  train_loss=0.3726
[20:26:48] task=2  epoch=END  time_sec=78.3  acc_task0=78.64  acc_task1=88.73  acc_task2=96.06
[20:26:48] 
============================================================
 Task 4/10  | Classes (0, 10)
============================================================
[20:26:48] Task 3 baseline (chance): 10.00%
[20:26:51] Task 3 zero-shot (pre-train): 13.45%
[20:28:09] task=3  epoch=0  train_loss=0.3756
[20:28:18] task=3  epoch=END  time_sec=78.0  acc_task0=70.42  acc_task1=79.42  acc_task2=89.13  acc_task3=95.92
[20:28:19] 
============================================================
 Task 5/10  | Classes (0, 10)
============================================================
[20:28:19] Task 4 baseline (chance): 10.00%
[20:28:21] Task 4 zero-shot (pre-train): 11.62%
[20:29:40] task=4  epoch=0  train_loss=0.3804
[20:29:53] task=4  epoch=END  time_sec=79.2  acc_task0=66.09  acc_task1=73.38  acc_task2=81.18  acc_task3=88.52  acc_task4=95.7
[20:29:53] 
============================================================
 Task 6/10  | Classes (0, 10)
============================================================
[20:29:53] Task 5 baseline (chance): 10.00%
[20:29:56] Task 5 zero-shot (pre-train): 8.70%
[20:31:14] task=5  epoch=0  train_loss=0.3912
[20:31:29] task=5  epoch=END  time_sec=78.5  acc_task0=64.24  acc_task1=65.75  acc_task2=74.6  acc_task3=76.21  acc_task4=88.51  acc_task5=96.0
[20:31:29] 
============================================================
 Task 7/10  | Classes (0, 10)
============================================================
[20:31:29] Task 6 baseline (chance): 10.00%
[20:31:32] Task 6 zero-shot (pre-train): 18.19%
[20:32:51] task=6  epoch=0  train_loss=0.3982
[20:33:08] task=6  epoch=END  time_sec=79.2  acc_task0=56.05  acc_task1=59.79  acc_task2=62.59  acc_task3=58.59  acc_task4=75.68  acc_task5=87.17  acc_task6=95.43
[20:33:08] 
============================================================
 Task 8/10  | Classes (0, 10)
============================================================
[20:33:08] Task 7 baseline (chance): 10.00%
[20:33:11] Task 7 zero-shot (pre-train): 11.74%
[20:34:31] task=7  epoch=0  train_loss=0.3969
[20:34:51] task=7  epoch=END  time_sec=79.6  acc_task0=54.3  acc_task1=53.17  acc_task2=57.38  acc_task3=55.16  acc_task4=67.26  acc_task5=77.19  acc_task6=89.21  acc_task7=95.67
[20:34:51] 
============================================================
 Task 9/10  | Classes (0, 10)
============================================================
[20:34:51] Task 8 baseline (chance): 10.00%
[20:34:54] Task 8 zero-shot (pre-train): 14.24%
[20:36:13] task=8  epoch=0  train_loss=0.3982
[20:36:36] task=8  epoch=END  time_sec=79.0  acc_task0=52.96  acc_task1=56.68  acc_task2=56.98  acc_task3=56.66  acc_task4=59.05  acc_task5=69.9  acc_task6=80.88  acc_task7=87.38  acc_task8=95.51
[20:36:36] 
============================================================
 Task 10/10  | Classes (0, 10)
============================================================
[20:36:36] Task 9 baseline (chance): 10.00%
[20:36:39] Task 9 zero-shot (pre-train): 13.82%
[20:37:59] task=9  epoch=0  train_loss=0.4094
[20:38:24] task=9  epoch=END  time_sec=79.8  acc_task0=49.34  acc_task1=55.93  acc_task2=55.47  acc_task3=52.43  acc_task4=54.85  acc_task5=60.01  acc_task6=70.68  acc_task7=77.71  acc_task8=87.84  acc_task9=95.53
[20:38:24] 
Final Metrics:
  avg_accuracy         +65.9790
  forgetting           +33.1067
  backward_transfer    -33.1067
  forward_transfer     +2.5689
[20:38:26] 
Done - run: permuted_mnist_si_der_seed1024
[20:38:26] Metrics: {'avg_accuracy': 65.979, 'forgetting': 33.1067, 'backward_transfer': -33.1067, 'forward_transfer': 2.5689}
[20:38:26] Deleted 10 checkpoint(s) after successful completion.
[21:29:17] Starting: permuted_mnist_si_der_seed1024
[21:29:17] Config: {'dataset': 'permuted_mnist', 'data_root': 'F:\\Temp\\cf\\Catastrophic Forgetting\\research_v2\\Project\\data_local', 'dataset_image_size': 32, 'dataset_out_channels': None, 'model': 'slim_resnet18', 'pretrained': False, 'model_image_size': None, 'method': 'si_der', 'n_epochs': 1, 'batch_size': 32, 'num_workers': 2, 'lr': 0.03, 'momentum': 0.9, 'weight_decay': 0.0001, 'fp16': False, 'buffer_size': 200, 'ewc_lambda': 100.0, 'fisher_samples': 200, 'si_lambda': 1.0, 'si_xi': 0.1, 'der_alpha': 0.5, 'xder_beta': 0.5, 'lwf_lambda': 1.0, 'lwf_temp': 2.0, 'icarl_distill_w': 1.0, 'icarl_temp': 2.0, 'use_nmc': True, 'agem_mem_batch': 64, 'distill_lambda': 1.0, 'distill_temp': 2.0, 'pc_distill_w': 1.0, 'pc_ewc_lambda': 100.0, 'pc_compress_epochs': 3, 'er_replay_ratio': 0.5, 'joint_replay_epochs': 1, 'disable_tqdm': True, 'disable_checkpoints': False, 'disable_plots': False, 'resume': True, 'cleanup_checkpoints_on_success': True, 'result_group': 'runs', 'ablation_family': None, 'seeds': [42, 123, 456, 789, 1024], 'results_root': 'F:\\Temp\\cf\\Catastrophic Forgetting\\research_v2\\results', 'seed': 1024, 'run_name': 'permuted_mnist_si_der_seed1024', 'project_root': 'F:\\Temp\\cf\\Catastrophic Forgetting\\research_v2\\Project', 'workspace_root': 'F:\\Temp\\cf\\Catastrophic Forgetting\\research_v2', 'run_root': 'F:\\Temp\\cf\\Catastrophic Forgetting\\research_v2\\results\\runs\\epoch_1\\permuted_mnist\\hybrids\\si_der\\seed_1024', 'log_dir': 'F:\\Temp\\cf\\Catastrophic Forgetting\\research_v2\\results\\runs\\epoch_1\\permuted_mnist\\hybrids\\si_der\\seed_1024\\logs', 'metrics_dir': 'F:\\Temp\\cf\\Catastrophic Forgetting\\research_v2\\results\\runs\\epoch_1\\permuted_mnist\\hybrids\\si_der\\seed_1024\\metrics', 'checkpoint_dir': 'F:\\Temp\\cf\\Catastrophic Forgetting\\research_v2\\results\\runs\\epoch_1\\permuted_mnist\\hybrids\\si_der\\seed_1024\\checkpoints', 'artifact_dir': 'F:\\Temp\\cf\\Catastrophic Forgetting\\research_v2\\results\\runs\\epoch_1\\permuted_mnist\\hybrids\\si_der\\seed_1024\\artifacts', 'figure_dir': 'F:\\Temp\\cf\\Catastrophic Forgetting\\research_v2\\results\\figures\\epoch_1\\permuted_mnist\\hybrids\\si_der\\seed_1024'}
[21:29:17] Device: cuda
[21:29:17] Dataset: PermutedMNIST(tasks=10, classes_per_task=10, scenario=domain-il)
[21:29:17] 
============================================================
 Task 1/10  | Classes (0, 10)
============================================================
[21:29:17] Task 0 baseline (chance): 10.00%
[21:30:28] task=0  epoch=0  train_loss=0.3333
[21:30:36] task=0  epoch=END  time_sec=71.3  acc_task0=97.08
[21:30:36] 
============================================================
 Task 2/10  | Classes (0, 10)
============================================================
[21:30:36] Task 1 baseline (chance): 10.00%
[21:30:44] Task 1 zero-shot (pre-train): 11.37%
[21:32:17] task=1  epoch=0  train_loss=0.2465
[21:32:32] task=1  epoch=END  time_sec=93.3  acc_task0=93.5  acc_task1=96.89
[21:32:32] 
============================================================
 Task 3/10  | Classes (0, 10)
============================================================
[21:32:32] Task 2 baseline (chance): 10.00%
[21:32:40] Task 2 zero-shot (pre-train): 9.49%
[21:34:13] task=2  epoch=0  train_loss=0.2209
[21:34:36] task=2  epoch=END  time_sec=93.4  acc_task0=89.75  acc_task1=93.72  acc_task2=96.82
[21:34:36] 
============================================================
 Task 4/10  | Classes (0, 10)
============================================================
[21:34:36] Task 3 baseline (chance): 10.00%
[21:34:43] Task 3 zero-shot (pre-train): 10.23%
[21:36:17] task=3  epoch=0  train_loss=0.2081
[21:36:47] task=3  epoch=END  time_sec=93.3  acc_task0=83.24  acc_task1=89.46  acc_task2=93.96  acc_task3=97.56
[21:36:47] 
============================================================
 Task 5/10  | Classes (0, 10)
============================================================
[21:36:47] Task 4 baseline (chance): 10.00%
[21:36:54] Task 4 zero-shot (pre-train): 8.13%
[21:38:27] task=4  epoch=0  train_loss=0.2043
[21:39:05] task=4  epoch=END  time_sec=92.5  acc_task0=80.38  acc_task1=84.91  acc_task2=87.84  acc_task3=93.39  acc_task4=97.54
[21:39:05] 
============================================================
 Task 6/10  | Classes (0, 10)
============================================================
[21:39:05] Task 5 baseline (chance): 10.00%
[21:39:12] Task 5 zero-shot (pre-train): 9.35%
[21:40:44] task=5  epoch=0  train_loss=0.1956
[21:41:29] task=5  epoch=END  time_sec=91.9  acc_task0=78.7  acc_task1=80.52  acc_task2=80.09  acc_task3=85.68  acc_task4=93.17  acc_task5=97.25
[21:41:29] 
============================================================
 Task 7/10  | Classes (0, 10)
============================================================
[21:41:29] Task 6 baseline (chance): 10.00%
[21:41:36] Task 6 zero-shot (pre-train): 10.43%
[21:43:09] task=6  epoch=0  train_loss=0.2009
[21:44:01] task=6  epoch=END  time_sec=93.1  acc_task0=74.96  acc_task1=75.0  acc_task2=78.06  acc_task3=79.35  acc_task4=85.0  acc_task5=94.82  acc_task6=97.09
[21:44:02] 
============================================================
 Task 8/10  | Classes (0, 10)
============================================================
[21:44:02] Task 7 baseline (chance): 10.00%
[21:44:09] Task 7 zero-shot (pre-train): 9.90%
[21:45:42] task=7  epoch=0  train_loss=0.198
[21:46:43] task=7  epoch=END  time_sec=93.4  acc_task0=69.14  acc_task1=71.59  acc_task2=73.82  acc_task3=70.31  acc_task4=66.68  acc_task5=85.22  acc_task6=93.61  acc_task7=97.19
[21:46:43] 
============================================================
 Task 9/10  | Classes (0, 10)
============================================================
[21:46:43] Task 8 baseline (chance): 10.00%
[21:46:50] Task 8 zero-shot (pre-train): 12.56%
[21:48:24] task=8  epoch=0  train_loss=0.194
[21:49:31] task=8  epoch=END  time_sec=93.4  acc_task0=65.24  acc_task1=66.75  acc_task2=67.56  acc_task3=65.01  acc_task4=58.98  acc_task5=77.12  acc_task6=88.05  acc_task7=94.63  acc_task8=97.01
[21:49:31] 
============================================================
 Task 10/10  | Classes (0, 10)
============================================================
[21:49:31] Task 9 baseline (chance): 10.00%
[21:49:38] Task 9 zero-shot (pre-train): 10.74%
[21:51:11] task=9  epoch=0  train_loss=0.1927
[21:52:25] task=9  epoch=END  time_sec=92.4  acc_task0=59.5  acc_task1=65.91  acc_task2=57.52  acc_task3=62.28  acc_task4=54.59  acc_task5=62.45  acc_task6=78.8  acc_task7=86.01  acc_task8=93.98  acc_task9=97.04
[21:52:25] 
Final Metrics:
  avg_accuracy         +71.8080
  forgetting           +28.1544
  backward_transfer    -28.1544
  forward_transfer     +0.2444
[21:52:26] 
Done - run: permuted_mnist_si_der_seed1024
[21:52:26] Metrics: {'avg_accuracy': 71.808, 'forgetting': 28.1544, 'backward_transfer': -28.1544, 'forward_transfer': 0.2444}
[21:52:26] Deleted 10 checkpoint(s) after successful completion.
