[16:12:50] Starting: permuted_mnist_si_der_seed456
[16:12:50] Config: {'dataset': 'permuted_mnist', 'data_root': 'Project/data_local', 'model': 'resnet8', 'pretrained': False, 'method': 'si_der', 'n_epochs': 1, 'batch_size': 32, 'num_workers': 0, 'lr': 0.03, 'momentum': 0.9, 'weight_decay': 0.0001, 'fp16': False, 'buffer_size': 200, 'ewc_lambda': 100.0, 'fisher_samples': 200, 'si_lambda': 1.0, 'si_xi': 0.1, 'der_alpha': 0.5, 'xder_beta': 0.5, 'lwf_lambda': 1.0, 'lwf_temp': 2.0, 'icarl_distill_w': 1.0, 'icarl_temp': 2.0, 'use_nmc': True, 'agem_mem_batch': 64, 'distill_lambda': 1.0, 'distill_temp': 2.0, 'pc_distill_w': 1.0, 'pc_ewc_lambda': 100.0, 'pc_compress_epochs': 3, 'er_replay_ratio': 0.5, 'joint_replay_epochs': 1, 'disable_tqdm': True, 'disable_checkpoints': True, 'disable_plots': False, 'seeds': [42, 123, 456, 789, 1024], 'results_root': 'results_phase3_fwt', 'checkpoint_dir': 'results/checkpoints', 'figure_dir': 'results_phase3_fwt/figures', 'log_dir': 'results_phase3_fwt/raw', 'run_name': 'permuted_mnist_si_der_seed456', 'seed': 456}
[16:12:50] Device: cuda
[16:12:50] Dataset: PermutedMNIST(tasks=10, classes_per_task=10, scenario=domain-il)
[16:12:50] 
============================================================
 Task 1/10  | Classes (0, 10)
============================================================
[16:12:50] Task 0 baseline (chance): 10.00%
[16:14:15] task=0  epoch=0  train_loss=0.4333
[16:14:19] task=0  epoch=END  time_sec=84.3  acc_task0=96.06
[16:14:19] 
============================================================
 Task 2/10  | Classes (0, 10)
============================================================
[16:14:19] Task 1 baseline (chance): 10.00%
[16:14:25] Task 1 zero-shot (pre-train): 7.70%
[16:16:19] task=1  epoch=0  train_loss=0.3418
[16:16:30] task=1  epoch=END  time_sec=114.3  acc_task0=84.85  acc_task1=95.38
[16:16:30] 
============================================================
 Task 3/10  | Classes (0, 10)
============================================================
[16:16:30] Task 2 baseline (chance): 10.00%
[16:16:35] Task 2 zero-shot (pre-train): 18.49%
[16:18:29] task=2  epoch=0  train_loss=0.3645
[16:18:45] task=2  epoch=END  time_sec=114.2  acc_task0=75.61  acc_task1=87.98  acc_task2=95.68
[16:18:45] 
============================================================
 Task 4/10  | Classes (0, 10)
============================================================
[16:18:45] Task 3 baseline (chance): 10.00%
[16:18:51] Task 3 zero-shot (pre-train): 9.42%
[16:20:46] task=3  epoch=0  train_loss=0.3818
[16:21:07] task=3  epoch=END  time_sec=114.9  acc_task0=68.13  acc_task1=79.1  acc_task2=87.76  acc_task3=95.76
[16:21:07] 
============================================================
 Task 5/10  | Classes (0, 10)
============================================================
[16:21:07] Task 4 baseline (chance): 10.00%
[16:21:12] Task 4 zero-shot (pre-train): 10.40%
[16:23:07] task=4  epoch=0  train_loss=0.3816
[16:23:34] task=4  epoch=END  time_sec=114.8  acc_task0=65.76  acc_task1=77.08  acc_task2=79.47  acc_task3=88.59  acc_task4=95.51
[16:23:34] 
============================================================
 Task 6/10  | Classes (0, 10)
============================================================
[16:23:34] Task 5 baseline (chance): 10.00%
[16:23:40] Task 5 zero-shot (pre-train): 7.86%
[16:25:35] task=5  epoch=0  train_loss=0.4028
[16:26:08] task=5  epoch=END  time_sec=115.4  acc_task0=59.35  acc_task1=73.58  acc_task2=70.41  acc_task3=73.39  acc_task4=87.91  acc_task5=95.64
[16:26:08] 
============================================================
 Task 7/10  | Classes (0, 10)
============================================================
[16:26:08] Task 6 baseline (chance): 10.00%
[16:26:13] Task 6 zero-shot (pre-train): 12.68%
[16:28:09] task=6  epoch=0  train_loss=0.4058
[16:28:46] task=6  epoch=END  time_sec=115.5  acc_task0=53.2  acc_task1=69.82  acc_task2=60.2  acc_task3=65.88  acc_task4=74.47  acc_task5=88.21  acc_task6=95.74
[16:28:46] 
============================================================
 Task 8/10  | Classes (0, 10)
============================================================
[16:28:46] Task 7 baseline (chance): 10.00%
[16:28:52] Task 7 zero-shot (pre-train): 9.30%
[16:30:46] task=7  epoch=0  train_loss=0.398
[16:31:29] task=7  epoch=END  time_sec=114.6  acc_task0=49.14  acc_task1=60.47  acc_task2=46.32  acc_task3=58.42  acc_task4=66.04  acc_task5=73.93  acc_task6=85.49  acc_task7=95.23
[16:31:29] 
============================================================
 Task 9/10  | Classes (0, 10)
============================================================
[16:31:29] Task 8 baseline (chance): 10.00%
[16:31:35] Task 8 zero-shot (pre-train): 14.39%
[16:33:30] task=8  epoch=0  train_loss=0.4185
[16:34:18] task=8  epoch=END  time_sec=114.6  acc_task0=51.8  acc_task1=60.71  acc_task2=53.71  acc_task3=59.74  acc_task4=68.0  acc_task5=67.22  acc_task6=80.62  acc_task7=88.53  acc_task8=95.57
[16:34:18] 
============================================================
 Task 10/10  | Classes (0, 10)
============================================================
[16:34:18] Task 9 baseline (chance): 10.00%
[16:34:23] Task 9 zero-shot (pre-train): 10.15%
[16:36:20] task=9  epoch=0  train_loss=0.4164
[16:37:15] task=9  epoch=END  time_sec=116.6  acc_task0=49.55  acc_task1=55.66  acc_task2=44.83  acc_task3=50.24  acc_task4=62.28  acc_task5=63.15  acc_task6=75.75  acc_task7=78.73  acc_task8=89.59  acc_task9=95.31
[16:37:15] 
Final Metrics:
  avg_accuracy         +66.5090
  forgetting           +32.3100
  backward_transfer    -32.3100
  forward_transfer     +1.1544
[16:37:16] 
Done - run: permuted_mnist_si_der_seed456
[16:37:16] Metrics: {'avg_accuracy': 66.509, 'forgetting': 32.31, 'backward_transfer': -32.31, 'forward_transfer': 1.1544}
