[15:59:37] Starting: permuted_mnist_si_der_seed456
[15:59:37] Config: {'dataset': 'permuted_mnist', 'data_root': 'Project/data_local', 'model': 'resnet8', 'pretrained': False, 'method': 'si_der', 'n_epochs': 1, 'batch_size': 32, 'num_workers': 0, 'lr': 0.03, 'momentum': 0.9, 'weight_decay': 0.0001, 'fp16': False, 'buffer_size': 200, 'ewc_lambda': 100.0, 'fisher_samples': 200, 'si_lambda': 1.0, 'si_xi': 0.1, 'der_alpha': 0.5, 'xder_beta': 0.5, 'lwf_lambda': 1.0, 'lwf_temp': 2.0, 'icarl_distill_w': 1.0, 'icarl_temp': 2.0, 'use_nmc': True, 'agem_mem_batch': 64, 'distill_lambda': 1.0, 'distill_temp': 2.0, 'pc_distill_w': 1.0, 'pc_ewc_lambda': 100.0, 'pc_compress_epochs': 3, 'er_replay_ratio': 0.5, 'joint_replay_epochs': 1, 'disable_tqdm': True, 'disable_checkpoints': True, 'disable_plots': False, 'seeds': [42, 123, 456, 789, 1024], 'results_root': 'results_phase3_fwt', 'checkpoint_dir': 'results/checkpoints', 'figure_dir': 'results_phase3_fwt/figures', 'log_dir': 'results_phase3_fwt/raw', 'run_name': 'permuted_mnist_si_der_seed456', 'seed': 456}
[15:59:37] Device: cuda
[15:59:37] Dataset: PermutedMNIST(tasks=10, classes_per_task=10, scenario=domain-il)
[15:59:37] 
============================================================
 Task 1/10  | Classes (0, 10)
============================================================
[15:59:37] Task 0 baseline (chance): 10.00%
[16:01:02] task=0  epoch=0  train_loss=0.4333
[16:01:07] task=0  epoch=END  time_sec=85.4  acc_task0=96.06
[16:01:07] 
============================================================
 Task 2/10  | Classes (0, 10)
============================================================
[16:01:07] Task 1 baseline (chance): 10.00%
[16:01:13] Task 1 zero-shot (pre-train): 7.70%
[16:03:08] task=1  epoch=0  train_loss=0.3418
[16:03:17] task=1  epoch=END  time_sec=114.9  acc_task0=84.85  acc_task1=95.38
[16:03:17] 
============================================================
 Task 3/10  | Classes (0, 10)
============================================================
[16:03:17] Task 2 baseline (chance): 10.00%
[16:03:22] Task 2 zero-shot (pre-train): 18.49%
[16:05:18] task=2  epoch=0  train_loss=0.3645
[16:05:34] task=2  epoch=END  time_sec=115.5  acc_task0=75.61  acc_task1=87.98  acc_task2=95.68
[16:05:34] 
============================================================
 Task 4/10  | Classes (0, 10)
============================================================
[16:05:34] Task 3 baseline (chance): 10.00%
[16:05:40] Task 3 zero-shot (pre-train): 9.42%
[16:07:39] task=3  epoch=0  train_loss=0.3818
[16:08:01] task=3  epoch=END  time_sec=118.4  acc_task0=68.13  acc_task1=79.1  acc_task2=87.76  acc_task3=95.76
[16:08:01] 
============================================================
 Task 5/10  | Classes (0, 10)
============================================================
[16:08:01] Task 4 baseline (chance): 10.00%
[16:08:06] Task 4 zero-shot (pre-train): 10.40%
[16:10:01] task=4  epoch=0  train_loss=0.3816
[16:10:28] task=4  epoch=END  time_sec=115.1  acc_task0=65.76  acc_task1=77.08  acc_task2=79.47  acc_task3=88.59  acc_task4=95.51
[16:10:28] 
============================================================
 Task 6/10  | Classes (0, 10)
============================================================
[16:10:28] Task 5 baseline (chance): 10.00%
[16:10:34] Task 5 zero-shot (pre-train): 7.86%
