[01:23:14] Starting: split_cifar100_agem_seed123
[01:23:14] Config: {'dataset': 'split_cifar100', 'data_root': 'Project/data_local', 'model': 'slim_resnet18', 'pretrained': False, 'method': 'agem', 'n_epochs': 1, 'batch_size': 32, 'num_workers': 0, 'lr': 0.03, 'momentum': 0.9, 'weight_decay': 0.0001, 'fp16': True, 'buffer_size': 200, 'ewc_lambda': 100.0, 'fisher_samples': 200, 'si_lambda': 1.0, 'si_xi': 0.1, 'der_alpha': 0.5, 'xder_beta': 0.5, 'lwf_lambda': 1.0, 'lwf_temp': 2.0, 'icarl_distill_w': 1.0, 'icarl_temp': 2.0, 'use_nmc': True, 'agem_mem_batch': 64, 'distill_lambda': 1.0, 'distill_temp': 2.0, 'pc_distill_w': 1.0, 'pc_ewc_lambda': 100.0, 'pc_compress_epochs': 3, 'er_replay_ratio': 0.5, 'joint_replay_epochs': 1, 'disable_tqdm': True, 'seeds': [42, 123, 456, 789, 1024], 'checkpoint_dir': 'results/checkpoints', 'figure_dir': 'results/figures', 'log_dir': 'results/raw', 'run_name': 'split_cifar100_agem_seed123', 'seed': 123}
[01:23:14] Device: cuda
[01:23:16] Dataset: SplitCIFAR100(tasks=20, classes_per_task=5, scenario=class-il)
[01:23:16] 
============================================================
 Task 1/20  | Classes (0, 5)
============================================================
[01:23:16] Task 0 baseline (before training): 0.00%
[01:23:19] task=0  epoch=0  train_loss=1.4072
[01:23:19] task=0  epoch=END  time_sec=3.3  acc_task0=41.8
[01:23:19] 
============================================================
 Task 2/20  | Classes (5, 10)
============================================================
[01:23:20] Task 1 baseline (before training): 0.00%
[01:23:24] task=1  epoch=0  train_loss=12.0089
[01:23:25] task=1  epoch=END  time_sec=4.7  acc_task0=60.6  acc_task1=0.0
[01:23:25] 
============================================================
 Task 3/20  | Classes (10, 15)
============================================================
[01:23:25] Task 2 baseline (before training): 0.00%
[01:23:30] task=2  epoch=0  train_loss=10.0455
[01:23:30] task=2  epoch=END  time_sec=4.7  acc_task0=48.0  acc_task1=22.4  acc_task2=0.0
[01:23:30] 
============================================================
 Task 4/20  | Classes (15, 20)
============================================================
[01:23:30] Task 3 baseline (before training): 0.00%
[01:23:35] task=3  epoch=0  train_loss=9.6228
[01:23:36] task=3  epoch=END  time_sec=4.7  acc_task0=46.6  acc_task1=13.2  acc_task2=9.4  acc_task3=0.0
[01:23:36] 
============================================================
 Task 5/20  | Classes (20, 25)
============================================================
[01:23:36] Task 4 baseline (before training): 0.00%
[01:23:41] task=4  epoch=0  train_loss=9.7638
[01:23:41] task=4  epoch=END  time_sec=4.7  acc_task0=40.4  acc_task1=14.6  acc_task2=5.6  acc_task3=13.4  acc_task4=0.0
[01:23:42] 
============================================================
 Task 6/20  | Classes (25, 30)
============================================================
[01:23:42] Task 5 baseline (before training): 0.00%
[01:23:46] task=5  epoch=0  train_loss=9.3567
[01:23:47] task=5  epoch=END  time_sec=4.6  acc_task0=30.6  acc_task1=17.2  acc_task2=6.0  acc_task3=8.8  acc_task4=9.6  acc_task5=0.0
[01:23:47] 
============================================================
 Task 7/20  | Classes (30, 35)
============================================================
[01:23:48] Task 6 baseline (before training): 0.00%
[01:23:52] task=6  epoch=0  train_loss=9.7395
[01:23:54] task=6  epoch=END  time_sec=4.8  acc_task0=32.2  acc_task1=13.6  acc_task2=6.2  acc_task3=5.8  acc_task4=10.2  acc_task5=5.2  acc_task6=0.0
[01:23:54] 
============================================================
 Task 8/20  | Classes (35, 40)
============================================================
[01:23:54] Task 7 baseline (before training): 0.00%
[01:23:58] task=7  epoch=0  train_loss=9.2118
[01:24:00] task=7  epoch=END  time_sec=4.6  acc_task0=31.0  acc_task1=12.2  acc_task2=3.8  acc_task3=5.6  acc_task4=9.4  acc_task5=3.4  acc_task6=11.6  acc_task7=0.0
[01:24:00] 
============================================================
 Task 9/20  | Classes (40, 45)
============================================================
[01:24:00] Task 8 baseline (before training): 0.00%
[01:24:05] task=8  epoch=0  train_loss=9.2787
[01:24:06] task=8  epoch=END  time_sec=4.7  acc_task0=32.2  acc_task1=10.4  acc_task2=2.8  acc_task3=5.0  acc_task4=7.6  acc_task5=1.6  acc_task6=10.8  acc_task7=8.0  acc_task8=0.0
[01:24:06] 
============================================================
 Task 10/20  | Classes (45, 50)
============================================================
[01:24:06] Task 9 baseline (before training): 0.00%
[01:24:11] task=9  epoch=0  train_loss=8.5835
[01:24:13] task=9  epoch=END  time_sec=4.7  acc_task0=30.2  acc_task1=13.4  acc_task2=2.6  acc_task3=4.2  acc_task4=7.0  acc_task5=2.0  acc_task6=9.4  acc_task7=5.4  acc_task8=2.0  acc_task9=0.0
[01:24:13] 
============================================================
 Task 11/20  | Classes (50, 55)
============================================================
[01:24:13] Task 10 baseline (before training): 0.00%
[01:24:18] task=10  epoch=0  train_loss=8.9044
[01:24:19] task=10  epoch=END  time_sec=4.7  acc_task0=25.8  acc_task1=12.2  acc_task2=1.4  acc_task3=4.6  acc_task4=7.8  acc_task5=1.6  acc_task6=10.0  acc_task7=3.0  acc_task8=1.2  acc_task9=7.6  acc_task10=0.0
[01:24:20] 
============================================================
 Task 12/20  | Classes (55, 60)
============================================================
[01:24:20] Task 11 baseline (before training): 0.00%
[01:24:24] task=11  epoch=0  train_loss=8.6445
[01:24:26] task=11  epoch=END  time_sec=4.7  acc_task0=28.0  acc_task1=11.0  acc_task2=2.6  acc_task3=4.6  acc_task4=8.2  acc_task5=1.8  acc_task6=6.8  acc_task7=2.8  acc_task8=1.2  acc_task9=6.8  acc_task10=4.8  acc_task11=0.0
[01:24:26] 
============================================================
 Task 13/20  | Classes (60, 65)
============================================================
[01:24:27] Task 12 baseline (before training): 0.00%
[01:24:31] task=12  epoch=0  train_loss=8.7545
[01:24:33] task=12  epoch=END  time_sec=4.6  acc_task0=24.6  acc_task1=11.6  acc_task2=2.4  acc_task3=4.8  acc_task4=6.2  acc_task5=1.6  acc_task6=7.4  acc_task7=3.0  acc_task8=0.6  acc_task9=5.4  acc_task10=1.6  acc_task11=9.4  acc_task12=0.0
[01:24:33] 
============================================================
 Task 14/20  | Classes (65, 70)
============================================================
[01:24:34] Task 13 baseline (before training): 0.00%
[01:24:38] task=13  epoch=0  train_loss=8.4603
[01:24:41] task=13  epoch=END  time_sec=4.7  acc_task0=26.8  acc_task1=12.6  acc_task2=2.6  acc_task3=3.8  acc_task4=6.0  acc_task5=1.4  acc_task6=7.6  acc_task7=2.6  acc_task8=0.6  acc_task9=3.2  acc_task10=0.8  acc_task11=5.4  acc_task12=8.8  acc_task13=0.0
[01:24:41] 
============================================================
 Task 15/20  | Classes (70, 75)
============================================================
[01:24:41] Task 14 baseline (before training): 0.00%
[01:24:46] task=14  epoch=0  train_loss=8.5838
[01:24:48] task=14  epoch=END  time_sec=4.7  acc_task0=22.6  acc_task1=11.0  acc_task2=2.8  acc_task3=3.4  acc_task4=4.2  acc_task5=1.6  acc_task6=3.0  acc_task7=1.4  acc_task8=0.2  acc_task9=2.8  acc_task10=1.0  acc_task11=4.4  acc_task12=8.4  acc_task13=11.4  acc_task14=0.0
[01:24:48] 
============================================================
 Task 16/20  | Classes (75, 80)
============================================================
[01:24:48] Task 15 baseline (before training): 0.00%
[01:24:53] task=15  epoch=0  train_loss=8.4835
[01:24:56] task=15  epoch=END  time_sec=4.7  acc_task0=25.0  acc_task1=11.6  acc_task2=2.8  acc_task3=4.2  acc_task4=3.4  acc_task5=1.2  acc_task6=2.6  acc_task7=2.6  acc_task8=0.2  acc_task9=2.2  acc_task10=1.0  acc_task11=4.8  acc_task12=8.0  acc_task13=11.6  acc_task14=0.6  acc_task15=0.0
[01:24:56] 
============================================================
 Task 17/20  | Classes (80, 85)
============================================================
[01:24:56] Task 16 baseline (before training): 0.00%
[01:25:00] task=16  epoch=0  train_loss=8.2403
[01:25:03] task=16  epoch=END  time_sec=4.6  acc_task0=21.8  acc_task1=11.2  acc_task2=2.0  acc_task3=3.8  acc_task4=4.6  acc_task5=0.8  acc_task6=3.8  acc_task7=1.8  acc_task8=0.4  acc_task9=4.0  acc_task10=1.8  acc_task11=3.6  acc_task12=6.6  acc_task13=10.0  acc_task14=0.0  acc_task15=2.2  acc_task16=0.0
[01:25:03] 
============================================================
 Task 18/20  | Classes (85, 90)
============================================================
[01:25:04] Task 17 baseline (before training): 0.00%
[01:25:08] task=17  epoch=0  train_loss=8.0597
[01:25:11] task=17  epoch=END  time_sec=4.7  acc_task0=27.6  acc_task1=10.4  acc_task2=2.2  acc_task3=4.2  acc_task4=4.2  acc_task5=1.8  acc_task6=3.8  acc_task7=1.4  acc_task8=0.2  acc_task9=3.6  acc_task10=0.8  acc_task11=2.2  acc_task12=7.2  acc_task13=10.2  acc_task14=0.4  acc_task15=0.8  acc_task16=2.8  acc_task17=0.0
[01:25:11] 
============================================================
 Task 19/20  | Classes (90, 95)
============================================================
[01:25:12] Task 18 baseline (before training): 0.00%
[01:25:16] task=18  epoch=0  train_loss=8.6097
[01:25:20] task=18  epoch=END  time_sec=4.7  acc_task0=23.4  acc_task1=11.8  acc_task2=2.0  acc_task3=3.8  acc_task4=4.6  acc_task5=1.2  acc_task6=3.6  acc_task7=2.0  acc_task8=0.2  acc_task9=2.8  acc_task10=0.8  acc_task11=3.2  acc_task12=7.4  acc_task13=7.2  acc_task14=0.2  acc_task15=0.6  acc_task16=0.8  acc_task17=4.4  acc_task18=0.0
[01:25:20] 
============================================================
 Task 20/20  | Classes (95, 100)
============================================================
[01:25:20] Task 19 baseline (before training): 0.00%
[01:25:25] task=19  epoch=0  train_loss=8.0087
[01:25:28] task=19  epoch=END  time_sec=4.7  acc_task0=23.4  acc_task1=11.0  acc_task2=2.4  acc_task3=4.0  acc_task4=3.8  acc_task5=1.0  acc_task6=2.8  acc_task7=1.4  acc_task8=0.2  acc_task9=2.6  acc_task10=0.2  acc_task11=2.4  acc_task12=8.0  acc_task13=7.2  acc_task14=0.4  acc_task15=0.4  acc_task16=1.0  acc_task17=2.2  acc_task18=3.2  acc_task19=0.0
[01:26:09] Starting: split_cifar100_agem_seed123
[01:26:09] Config: {'dataset': 'split_cifar100', 'data_root': 'Project/data_local', 'model': 'slim_resnet18', 'pretrained': False, 'method': 'agem', 'n_epochs': 1, 'batch_size': 32, 'num_workers': 0, 'lr': 0.03, 'momentum': 0.9, 'weight_decay': 0.0001, 'fp16': True, 'buffer_size': 200, 'ewc_lambda': 100.0, 'fisher_samples': 200, 'si_lambda': 1.0, 'si_xi': 0.1, 'der_alpha': 0.5, 'xder_beta': 0.5, 'lwf_lambda': 1.0, 'lwf_temp': 2.0, 'icarl_distill_w': 1.0, 'icarl_temp': 2.0, 'use_nmc': True, 'agem_mem_batch': 64, 'distill_lambda': 1.0, 'distill_temp': 2.0, 'pc_distill_w': 1.0, 'pc_ewc_lambda': 100.0, 'pc_compress_epochs': 3, 'er_replay_ratio': 0.5, 'joint_replay_epochs': 1, 'disable_tqdm': True, 'disable_checkpoints': True, 'seeds': [42, 123, 456, 789, 1024], 'checkpoint_dir': 'results/checkpoints', 'figure_dir': 'results/figures', 'log_dir': 'results/raw', 'run_name': 'split_cifar100_agem_seed123', 'seed': 123}
[01:26:09] Device: cuda
[01:26:10] Dataset: SplitCIFAR100(tasks=20, classes_per_task=5, scenario=class-il)
[01:26:10] 
============================================================
 Task 1/20  | Classes (0, 5)
============================================================
[01:26:10] Task 0 baseline (before training): 0.00%
[01:26:13] task=0  epoch=0  train_loss=1.4072
[01:26:14] task=0  epoch=END  time_sec=3.0  acc_task0=41.8
[01:26:14] 
============================================================
 Task 2/20  | Classes (5, 10)
============================================================
[01:26:14] Task 1 baseline (before training): 0.00%
[01:26:18] task=1  epoch=0  train_loss=12.0089
[01:26:18] task=1  epoch=END  time_sec=4.1  acc_task0=60.6  acc_task1=0.0
[01:26:18] 
============================================================
 Task 3/20  | Classes (10, 15)
============================================================
[01:26:19] Task 2 baseline (before training): 0.00%
[01:26:23] task=2  epoch=0  train_loss=10.0455
[01:26:23] task=2  epoch=END  time_sec=4.2  acc_task0=48.0  acc_task1=22.4  acc_task2=0.0
[01:26:23] 
============================================================
 Task 4/20  | Classes (15, 20)
============================================================
[01:26:23] Task 3 baseline (before training): 0.00%
[01:26:28] task=3  epoch=0  train_loss=9.6228
[01:26:28] task=3  epoch=END  time_sec=4.2  acc_task0=46.6  acc_task1=13.2  acc_task2=9.4  acc_task3=0.0
[01:26:28] 
============================================================
 Task 5/20  | Classes (20, 25)
============================================================
[01:26:28] Task 4 baseline (before training): 0.00%
[01:26:33] task=4  epoch=0  train_loss=9.7638
[01:26:34] task=4  epoch=END  time_sec=4.4  acc_task0=40.4  acc_task1=14.6  acc_task2=5.6  acc_task3=13.4  acc_task4=0.0
[01:26:34] 
============================================================
 Task 6/20  | Classes (25, 30)
============================================================
[01:26:34] Task 5 baseline (before training): 0.00%
[01:26:38] task=5  epoch=0  train_loss=9.3567
[01:26:39] task=5  epoch=END  time_sec=4.4  acc_task0=30.6  acc_task1=17.2  acc_task2=6.0  acc_task3=8.8  acc_task4=9.6  acc_task5=0.0
[01:26:39] 
============================================================
 Task 7/20  | Classes (30, 35)
============================================================
[01:26:39] Task 6 baseline (before training): 0.00%
[01:26:44] task=6  epoch=0  train_loss=9.7395
[01:26:45] task=6  epoch=END  time_sec=4.5  acc_task0=32.2  acc_task1=13.6  acc_task2=6.2  acc_task3=5.8  acc_task4=10.2  acc_task5=5.2  acc_task6=0.0
[01:26:45] 
============================================================
 Task 8/20  | Classes (35, 40)
============================================================
[01:26:45] Task 7 baseline (before training): 0.00%
[01:26:50] task=7  epoch=0  train_loss=9.2118
[01:26:51] task=7  epoch=END  time_sec=4.6  acc_task0=31.0  acc_task1=12.2  acc_task2=3.8  acc_task3=5.6  acc_task4=9.4  acc_task5=3.4  acc_task6=11.6  acc_task7=0.0
[01:26:51] 
============================================================
 Task 9/20  | Classes (40, 45)
============================================================
[01:26:51] Task 8 baseline (before training): 0.00%
[01:26:56] task=8  epoch=0  train_loss=9.2787
[01:26:57] task=8  epoch=END  time_sec=4.6  acc_task0=32.2  acc_task1=10.4  acc_task2=2.8  acc_task3=5.0  acc_task4=7.6  acc_task5=1.6  acc_task6=10.8  acc_task7=8.0  acc_task8=0.0
[01:26:57] 
============================================================
 Task 10/20  | Classes (45, 50)
============================================================
[01:26:57] Task 9 baseline (before training): 0.00%
[01:27:02] task=9  epoch=0  train_loss=8.5835
[01:27:04] task=9  epoch=END  time_sec=4.5  acc_task0=30.2  acc_task1=13.4  acc_task2=2.6  acc_task3=4.2  acc_task4=7.0  acc_task5=2.0  acc_task6=9.4  acc_task7=5.4  acc_task8=2.0  acc_task9=0.0
[01:27:04] 
============================================================
 Task 11/20  | Classes (50, 55)
============================================================
[01:27:04] Task 10 baseline (before training): 0.00%
[01:27:09] task=10  epoch=0  train_loss=8.9044
[01:27:10] task=10  epoch=END  time_sec=4.7  acc_task0=25.8  acc_task1=12.2  acc_task2=1.4  acc_task3=4.6  acc_task4=7.8  acc_task5=1.6  acc_task6=10.0  acc_task7=3.0  acc_task8=1.2  acc_task9=7.6  acc_task10=0.0
[01:27:10] 
============================================================
 Task 12/20  | Classes (55, 60)
============================================================
[01:27:11] Task 11 baseline (before training): 0.00%
[01:27:15] task=11  epoch=0  train_loss=8.6445
[01:27:17] task=11  epoch=END  time_sec=4.6  acc_task0=28.0  acc_task1=11.0  acc_task2=2.6  acc_task3=4.6  acc_task4=8.2  acc_task5=1.8  acc_task6=6.8  acc_task7=2.8  acc_task8=1.2  acc_task9=6.8  acc_task10=4.8  acc_task11=0.0
[01:27:17] 
============================================================
 Task 13/20  | Classes (60, 65)
============================================================
[01:27:17] Task 12 baseline (before training): 0.00%
[01:27:22] task=12  epoch=0  train_loss=8.7545
[01:27:24] task=12  epoch=END  time_sec=4.6  acc_task0=24.6  acc_task1=11.6  acc_task2=2.4  acc_task3=4.8  acc_task4=6.2  acc_task5=1.6  acc_task6=7.4  acc_task7=3.0  acc_task8=0.6  acc_task9=5.4  acc_task10=1.6  acc_task11=9.4  acc_task12=0.0
[01:27:24] 
============================================================
 Task 14/20  | Classes (65, 70)
============================================================
[01:27:24] Task 13 baseline (before training): 0.00%
[01:27:29] task=13  epoch=0  train_loss=8.4603
[01:27:31] task=13  epoch=END  time_sec=4.7  acc_task0=26.8  acc_task1=12.6  acc_task2=2.6  acc_task3=3.8  acc_task4=6.0  acc_task5=1.4  acc_task6=7.6  acc_task7=2.6  acc_task8=0.6  acc_task9=3.2  acc_task10=0.8  acc_task11=5.4  acc_task12=8.8  acc_task13=0.0
[01:27:31] 
============================================================
 Task 15/20  | Classes (70, 75)
============================================================
[01:27:31] Task 14 baseline (before training): 0.00%
[01:27:36] task=14  epoch=0  train_loss=8.5838
[01:27:39] task=14  epoch=END  time_sec=4.6  acc_task0=22.6  acc_task1=11.0  acc_task2=2.8  acc_task3=3.4  acc_task4=4.2  acc_task5=1.6  acc_task6=3.0  acc_task7=1.4  acc_task8=0.2  acc_task9=2.8  acc_task10=1.0  acc_task11=4.4  acc_task12=8.4  acc_task13=11.4  acc_task14=0.0
[01:27:39] 
============================================================
 Task 16/20  | Classes (75, 80)
============================================================
[01:27:39] Task 15 baseline (before training): 0.00%
[01:27:44] task=15  epoch=0  train_loss=8.4835
[01:27:46] task=15  epoch=END  time_sec=4.8  acc_task0=25.0  acc_task1=11.6  acc_task2=2.8  acc_task3=4.2  acc_task4=3.4  acc_task5=1.2  acc_task6=2.6  acc_task7=2.6  acc_task8=0.2  acc_task9=2.2  acc_task10=1.0  acc_task11=4.8  acc_task12=8.0  acc_task13=11.6  acc_task14=0.6  acc_task15=0.0
[01:27:46] 
============================================================
 Task 17/20  | Classes (80, 85)
============================================================
[01:27:46] Task 16 baseline (before training): 0.00%
[01:27:51] task=16  epoch=0  train_loss=8.2403
[01:27:54] task=16  epoch=END  time_sec=4.8  acc_task0=21.8  acc_task1=11.2  acc_task2=2.0  acc_task3=3.8  acc_task4=4.6  acc_task5=0.8  acc_task6=3.8  acc_task7=1.8  acc_task8=0.4  acc_task9=4.0  acc_task10=1.8  acc_task11=3.6  acc_task12=6.6  acc_task13=10.0  acc_task14=0.0  acc_task15=2.2  acc_task16=0.0
[01:27:54] 
============================================================
 Task 18/20  | Classes (85, 90)
============================================================
[01:27:54] Task 17 baseline (before training): 0.00%
[01:27:59] task=17  epoch=0  train_loss=8.0597
[01:28:02] task=17  epoch=END  time_sec=4.7  acc_task0=27.6  acc_task1=10.4  acc_task2=2.2  acc_task3=4.2  acc_task4=4.2  acc_task5=1.8  acc_task6=3.8  acc_task7=1.4  acc_task8=0.2  acc_task9=3.6  acc_task10=0.8  acc_task11=2.2  acc_task12=7.2  acc_task13=10.2  acc_task14=0.4  acc_task15=0.8  acc_task16=2.8  acc_task17=0.0
[01:28:02] 
============================================================
 Task 19/20  | Classes (90, 95)
============================================================
[01:28:02] Task 18 baseline (before training): 0.00%
[01:28:07] task=18  epoch=0  train_loss=8.6097
[01:28:10] task=18  epoch=END  time_sec=4.7  acc_task0=23.4  acc_task1=11.8  acc_task2=2.0  acc_task3=3.8  acc_task4=4.6  acc_task5=1.2  acc_task6=3.6  acc_task7=2.0  acc_task8=0.2  acc_task9=2.8  acc_task10=0.8  acc_task11=3.2  acc_task12=7.4  acc_task13=7.2  acc_task14=0.2  acc_task15=0.6  acc_task16=0.8  acc_task17=4.4  acc_task18=0.0
[01:28:10] 
============================================================
 Task 20/20  | Classes (95, 100)
============================================================
[01:28:10] Task 19 baseline (before training): 0.00%
[01:28:15] task=19  epoch=0  train_loss=8.0087
[01:28:18] task=19  epoch=END  time_sec=4.6  acc_task0=23.4  acc_task1=11.0  acc_task2=2.4  acc_task3=4.0  acc_task4=3.8  acc_task5=1.0  acc_task6=2.8  acc_task7=1.4  acc_task8=0.2  acc_task9=2.6  acc_task10=0.2  acc_task11=2.4  acc_task12=8.0  acc_task13=7.2  acc_task14=0.4  acc_task15=0.4  acc_task16=1.0  acc_task17=2.2  acc_task18=3.2  acc_task19=0.0
[01:28:18] 
Final Metrics:
  avg_accuracy         +3.8800
  forgetting           +6.3474
  backward_transfer    +1.8842
  forward_transfer     +0.0000
[01:28:19] 
Done - run: split_cifar100_agem_seed123
[01:28:19] Metrics: {'avg_accuracy': 3.88, 'forgetting': 6.3474, 'backward_transfer': 1.8842, 'forward_transfer': 0.0}
