[01:30:32] Starting: split_cifar100_agem_seed789
[01:30:32] Config: {'dataset': 'split_cifar100', 'data_root': 'Project/data_local', 'model': 'slim_resnet18', 'pretrained': False, 'method': 'agem', 'n_epochs': 1, 'batch_size': 32, 'num_workers': 0, 'lr': 0.03, 'momentum': 0.9, 'weight_decay': 0.0001, 'fp16': True, 'buffer_size': 200, 'ewc_lambda': 100.0, 'fisher_samples': 200, 'si_lambda': 1.0, 'si_xi': 0.1, 'der_alpha': 0.5, 'xder_beta': 0.5, 'lwf_lambda': 1.0, 'lwf_temp': 2.0, 'icarl_distill_w': 1.0, 'icarl_temp': 2.0, 'use_nmc': True, 'agem_mem_batch': 64, 'distill_lambda': 1.0, 'distill_temp': 2.0, 'pc_distill_w': 1.0, 'pc_ewc_lambda': 100.0, 'pc_compress_epochs': 3, 'er_replay_ratio': 0.5, 'joint_replay_epochs': 1, 'disable_tqdm': True, 'disable_checkpoints': True, 'seeds': [42, 123, 456, 789, 1024], 'checkpoint_dir': 'results/checkpoints', 'figure_dir': 'results/figures', 'log_dir': 'results/raw', 'run_name': 'split_cifar100_agem_seed789', 'seed': 789}
[01:30:32] Device: cuda
[01:30:33] Dataset: SplitCIFAR100(tasks=20, classes_per_task=5, scenario=class-il)
[01:30:33] 
============================================================
 Task 1/20  | Classes (0, 5)
============================================================
[01:30:33] Task 0 baseline (before training): 0.00%
[01:30:36] task=0  epoch=0  train_loss=1.5092
[01:30:37] task=0  epoch=END  time_sec=3.2  acc_task0=44.4
[01:30:37] 
============================================================
 Task 2/20  | Classes (5, 10)
============================================================
[01:30:37] Task 1 baseline (before training): 0.00%
[01:30:42] task=1  epoch=0  train_loss=9.9093
[01:30:42] task=1  epoch=END  time_sec=4.6  acc_task0=56.6  acc_task1=0.0
[01:30:42] 
============================================================
 Task 3/20  | Classes (10, 15)
============================================================
[01:30:42] Task 2 baseline (before training): 0.00%
[01:30:47] task=2  epoch=0  train_loss=8.7806
[01:30:47] task=2  epoch=END  time_sec=4.6  acc_task0=44.8  acc_task1=19.8  acc_task2=0.0
[01:30:47] 
============================================================
 Task 4/20  | Classes (15, 20)
============================================================
[01:30:48] Task 3 baseline (before training): 0.00%
[01:30:52] task=3  epoch=0  train_loss=8.9556
[01:30:53] task=3  epoch=END  time_sec=4.6  acc_task0=44.2  acc_task1=11.0  acc_task2=8.6  acc_task3=0.0
[01:30:53] 
============================================================
 Task 5/20  | Classes (20, 25)
============================================================
[01:30:53] Task 4 baseline (before training): 0.00%
[01:30:58] task=4  epoch=0  train_loss=8.96
[01:30:59] task=4  epoch=END  time_sec=4.7  acc_task0=41.6  acc_task1=12.8  acc_task2=5.6  acc_task3=19.4  acc_task4=0.0
[01:30:59] 
============================================================
 Task 6/20  | Classes (25, 30)
============================================================
[01:30:59] Task 5 baseline (before training): 0.00%
[01:31:04] task=5  epoch=0  train_loss=8.9192
[01:31:05] task=5  epoch=END  time_sec=4.7  acc_task0=43.0  acc_task1=10.4  acc_task2=4.6  acc_task3=15.4  acc_task4=13.4  acc_task5=0.0
[01:31:05] 
============================================================
 Task 7/20  | Classes (30, 35)
============================================================
[01:31:05] Task 6 baseline (before training): 0.00%
[01:31:09] task=6  epoch=0  train_loss=8.7012
[01:31:11] task=6  epoch=END  time_sec=4.7  acc_task0=39.2  acc_task1=9.4  acc_task2=3.8  acc_task3=14.0  acc_task4=6.2  acc_task5=12.8  acc_task6=0.0
[01:31:11] 
============================================================
 Task 8/20  | Classes (35, 40)
============================================================
[01:31:11] Task 7 baseline (before training): 0.00%
[01:31:16] task=7  epoch=0  train_loss=8.6043
[01:31:17] task=7  epoch=END  time_sec=4.7  acc_task0=41.4  acc_task1=11.0  acc_task2=3.2  acc_task3=8.8  acc_task4=7.6  acc_task5=9.6  acc_task6=7.0  acc_task7=0.0
[01:31:17] 
============================================================
 Task 9/20  | Classes (40, 45)
============================================================
[01:31:17] Task 8 baseline (before training): 0.00%
[01:31:22] task=8  epoch=0  train_loss=7.8119
[01:31:23] task=8  epoch=END  time_sec=4.7  acc_task0=38.0  acc_task1=9.0  acc_task2=2.8  acc_task3=9.4  acc_task4=6.4  acc_task5=7.6  acc_task6=2.6  acc_task7=11.6  acc_task8=0.0
[01:31:23] 
============================================================
 Task 10/20  | Classes (45, 50)
============================================================
[01:31:23] Task 9 baseline (before training): 0.00%
[01:31:28] task=9  epoch=0  train_loss=8.8607
[01:31:30] task=9  epoch=END  time_sec=4.7  acc_task0=42.6  acc_task1=9.4  acc_task2=3.8  acc_task3=9.2  acc_task4=6.8  acc_task5=6.4  acc_task6=2.0  acc_task7=7.0  acc_task8=5.8  acc_task9=0.0
[01:31:30] 
============================================================
 Task 11/20  | Classes (50, 55)
============================================================
[01:31:30] Task 10 baseline (before training): 0.00%
[01:31:35] task=10  epoch=0  train_loss=8.4982
[01:31:37] task=10  epoch=END  time_sec=4.7  acc_task0=35.6  acc_task1=7.6  acc_task2=2.6  acc_task3=9.8  acc_task4=9.4  acc_task5=8.0  acc_task6=1.8  acc_task7=4.8  acc_task8=4.6  acc_task9=7.8  acc_task10=0.0
[01:31:37] 
============================================================
 Task 12/20  | Classes (55, 60)
============================================================
[01:31:37] Task 11 baseline (before training): 0.00%
[01:31:41] task=11  epoch=0  train_loss=8.4342
[01:31:43] task=11  epoch=END  time_sec=4.7  acc_task0=35.4  acc_task1=7.8  acc_task2=2.2  acc_task3=6.6  acc_task4=9.0  acc_task5=8.2  acc_task6=1.4  acc_task7=5.2  acc_task8=6.4  acc_task9=2.2  acc_task10=16.8  acc_task11=0.0
[01:31:43] 
============================================================
 Task 13/20  | Classes (60, 65)
============================================================
[01:31:44] Task 12 baseline (before training): 0.00%
[01:31:48] task=12  epoch=0  train_loss=7.9982
[01:31:50] task=12  epoch=END  time_sec=4.7  acc_task0=31.0  acc_task1=9.4  acc_task2=1.8  acc_task3=7.8  acc_task4=7.0  acc_task5=8.0  acc_task6=1.4  acc_task7=4.0  acc_task8=5.4  acc_task9=2.0  acc_task10=9.2  acc_task11=10.6  acc_task12=0.0
[01:31:50] 
============================================================
 Task 14/20  | Classes (65, 70)
============================================================
[01:31:51] Task 13 baseline (before training): 0.00%
[01:31:55] task=13  epoch=0  train_loss=8.1976
[01:31:58] task=13  epoch=END  time_sec=4.6  acc_task0=30.4  acc_task1=8.4  acc_task2=1.4  acc_task3=7.2  acc_task4=7.2  acc_task5=7.4  acc_task6=1.4  acc_task7=3.8  acc_task8=3.6  acc_task9=1.4  acc_task10=17.4  acc_task11=7.0  acc_task12=5.2  acc_task13=0.0
[01:31:58] 
============================================================
 Task 15/20  | Classes (70, 75)
============================================================
[01:31:58] Task 14 baseline (before training): 0.00%
[01:32:03] task=14  epoch=0  train_loss=8.5071
[01:32:05] task=14  epoch=END  time_sec=4.7  acc_task0=28.2  acc_task1=8.8  acc_task2=2.2  acc_task3=7.6  acc_task4=4.4  acc_task5=6.4  acc_task6=0.4  acc_task7=4.4  acc_task8=4.0  acc_task9=1.0  acc_task10=10.8  acc_task11=6.2  acc_task12=1.6  acc_task13=14.4  acc_task14=0.0
[01:32:05] 
============================================================
 Task 16/20  | Classes (75, 80)
============================================================
[01:32:05] Task 15 baseline (before training): 0.00%
[01:32:10] task=15  epoch=0  train_loss=7.8397
[01:32:13] task=15  epoch=END  time_sec=4.7  acc_task0=33.4  acc_task1=7.6  acc_task2=1.4  acc_task3=8.6  acc_task4=5.2  acc_task5=6.0  acc_task6=0.8  acc_task7=4.4  acc_task8=3.6  acc_task9=1.0  acc_task10=11.2  acc_task11=3.6  acc_task12=1.6  acc_task13=7.4  acc_task14=5.0  acc_task15=0.0
[01:32:13] 
============================================================
 Task 17/20  | Classes (80, 85)
============================================================
[01:32:13] Task 16 baseline (before training): 0.00%
[01:32:18] task=16  epoch=0  train_loss=7.6757
[01:32:20] task=16  epoch=END  time_sec=4.7  acc_task0=31.0  acc_task1=7.4  acc_task2=1.0  acc_task3=8.8  acc_task4=6.6  acc_task5=6.0  acc_task6=1.8  acc_task7=3.6  acc_task8=2.2  acc_task9=1.2  acc_task10=6.0  acc_task11=0.6  acc_task12=1.6  acc_task13=7.0  acc_task14=3.0  acc_task15=3.2  acc_task16=0.0
[01:32:20] 
============================================================
 Task 18/20  | Classes (85, 90)
============================================================
[01:32:21] Task 17 baseline (before training): 0.00%
[01:32:25] task=17  epoch=0  train_loss=7.6129
[01:32:28] task=17  epoch=END  time_sec=4.7  acc_task0=33.8  acc_task1=8.2  acc_task2=0.8  acc_task3=10.0  acc_task4=4.8  acc_task5=6.0  acc_task6=1.2  acc_task7=4.0  acc_task8=1.8  acc_task9=1.2  acc_task10=9.0  acc_task11=0.8  acc_task12=1.2  acc_task13=5.8  acc_task14=2.4  acc_task15=2.4  acc_task16=8.0  acc_task17=0.0
[01:32:28] 
============================================================
 Task 19/20  | Classes (90, 95)
============================================================
[01:32:28] Task 18 baseline (before training): 0.00%
[01:32:33] task=18  epoch=0  train_loss=8.0529
[01:32:36] task=18  epoch=END  time_sec=4.7  acc_task0=29.8  acc_task1=7.4  acc_task2=2.2  acc_task3=8.8  acc_task4=5.8  acc_task5=6.4  acc_task6=1.2  acc_task7=4.2  acc_task8=1.6  acc_task9=1.0  acc_task10=5.6  acc_task11=0.6  acc_task12=1.0  acc_task13=6.8  acc_task14=2.2  acc_task15=1.0  acc_task16=4.0  acc_task17=9.8  acc_task18=0.0
[01:32:36] 
============================================================
 Task 20/20  | Classes (95, 100)
============================================================
[01:32:37] Task 19 baseline (before training): 0.00%
[01:32:41] task=19  epoch=0  train_loss=7.9357
[01:32:45] task=19  epoch=END  time_sec=4.7  acc_task0=31.2  acc_task1=9.0  acc_task2=0.2  acc_task3=7.6  acc_task4=4.6  acc_task5=6.4  acc_task6=1.0  acc_task7=3.8  acc_task8=1.0  acc_task9=1.2  acc_task10=8.2  acc_task11=0.4  acc_task12=1.4  acc_task13=5.8  acc_task14=1.8  acc_task15=1.6  acc_task16=2.2  acc_task17=6.6  acc_task18=3.4  acc_task19=0.0
[01:32:45] 
Final Metrics:
  avg_accuracy         +4.8700
  forgetting           +7.5263
  backward_transfer    +2.7895
  forward_transfer     +0.0000
[01:32:46] 
Done - run: split_cifar100_agem_seed789
[01:32:46] Metrics: {'avg_accuracy': 4.87, 'forgetting': 7.5263, 'backward_transfer': 2.7895, 'forward_transfer': 0.0}
