[01:32:46] Starting: split_cifar100_agem_seed1024
[01:32:46] Config: {'dataset': 'split_cifar100', 'data_root': 'Project/data_local', 'model': 'slim_resnet18', 'pretrained': False, 'method': 'agem', 'n_epochs': 1, 'batch_size': 32, 'num_workers': 0, 'lr': 0.03, 'momentum': 0.9, 'weight_decay': 0.0001, 'fp16': True, 'buffer_size': 200, 'ewc_lambda': 100.0, 'fisher_samples': 200, 'si_lambda': 1.0, 'si_xi': 0.1, 'der_alpha': 0.5, 'xder_beta': 0.5, 'lwf_lambda': 1.0, 'lwf_temp': 2.0, 'icarl_distill_w': 1.0, 'icarl_temp': 2.0, 'use_nmc': True, 'agem_mem_batch': 64, 'distill_lambda': 1.0, 'distill_temp': 2.0, 'pc_distill_w': 1.0, 'pc_ewc_lambda': 100.0, 'pc_compress_epochs': 3, 'er_replay_ratio': 0.5, 'joint_replay_epochs': 1, 'disable_tqdm': True, 'disable_checkpoints': True, 'seeds': [42, 123, 456, 789, 1024], 'checkpoint_dir': 'results/checkpoints', 'figure_dir': 'results/figures', 'log_dir': 'results/raw', 'run_name': 'split_cifar100_agem_seed1024', 'seed': 1024}
[01:32:46] Device: cuda
[01:32:47] Dataset: SplitCIFAR100(tasks=20, classes_per_task=5, scenario=class-il)
[01:32:47] 
============================================================
 Task 1/20  | Classes (0, 5)
============================================================
[01:32:47] Task 0 baseline (before training): 0.00%
[01:32:50] task=0  epoch=0  train_loss=1.5069
[01:32:50] task=0  epoch=END  time_sec=3.3  acc_task0=53.6
[01:32:50] 
============================================================
 Task 2/20  | Classes (5, 10)
============================================================
[01:32:51] Task 1 baseline (before training): 0.00%
[01:32:55] task=1  epoch=0  train_loss=9.9812
[01:32:56] task=1  epoch=END  time_sec=4.7  acc_task0=58.6  acc_task1=0.0
[01:32:56] 
============================================================
 Task 3/20  | Classes (10, 15)
============================================================
[01:32:56] Task 2 baseline (before training): 0.00%
[01:33:01] task=2  epoch=0  train_loss=9.4262
[01:33:01] task=2  epoch=END  time_sec=4.7  acc_task0=44.8  acc_task1=18.0  acc_task2=0.0
[01:33:01] 
============================================================
 Task 4/20  | Classes (15, 20)
============================================================
[01:33:01] Task 3 baseline (before training): 0.00%
[01:33:06] task=3  epoch=0  train_loss=9.1859
[01:33:07] task=3  epoch=END  time_sec=4.7  acc_task0=39.0  acc_task1=12.4  acc_task2=8.0  acc_task3=0.0
[01:33:07] 
============================================================
 Task 5/20  | Classes (20, 25)
============================================================
[01:33:07] Task 4 baseline (before training): 0.00%
[01:33:12] task=4  epoch=0  train_loss=8.6287
[01:33:12] task=4  epoch=END  time_sec=4.7  acc_task0=41.6  acc_task1=6.4  acc_task2=4.6  acc_task3=20.8  acc_task4=0.0
[01:33:12] 
============================================================
 Task 6/20  | Classes (25, 30)
============================================================
[01:33:13] Task 5 baseline (before training): 0.00%
[01:33:17] task=5  epoch=0  train_loss=8.6953
[01:33:18] task=5  epoch=END  time_sec=4.8  acc_task0=37.2  acc_task1=6.2  acc_task2=4.4  acc_task3=16.4  acc_task4=16.0  acc_task5=0.0
[01:33:18] 
============================================================
 Task 7/20  | Classes (30, 35)
============================================================
[01:33:19] Task 6 baseline (before training): 0.00%
[01:33:23] task=6  epoch=0  train_loss=8.728
[01:33:24] task=6  epoch=END  time_sec=4.7  acc_task0=37.6  acc_task1=4.2  acc_task2=2.0  acc_task3=13.0  acc_task4=7.0  acc_task5=6.4  acc_task6=0.0
[01:33:25] 
============================================================
 Task 8/20  | Classes (35, 40)
============================================================
[01:33:25] Task 7 baseline (before training): 0.00%
[01:33:29] task=7  epoch=0  train_loss=8.3626
[01:33:31] task=7  epoch=END  time_sec=4.7  acc_task0=35.6  acc_task1=7.0  acc_task2=2.6  acc_task3=11.8  acc_task4=10.4  acc_task5=6.0  acc_task6=11.0  acc_task7=0.0
[01:33:31] 
============================================================
 Task 9/20  | Classes (40, 45)
============================================================
[01:33:31] Task 8 baseline (before training): 0.00%
[01:33:36] task=8  epoch=0  train_loss=8.3619
[01:33:37] task=8  epoch=END  time_sec=4.7  acc_task0=36.8  acc_task1=4.8  acc_task2=2.6  acc_task3=12.6  acc_task4=9.0  acc_task5=3.0  acc_task6=10.4  acc_task7=7.6  acc_task8=0.0
[01:33:37] 
============================================================
 Task 10/20  | Classes (45, 50)
============================================================
[01:33:37] Task 9 baseline (before training): 0.00%
[01:33:42] task=9  epoch=0  train_loss=8.2945
[01:33:44] task=9  epoch=END  time_sec=4.7  acc_task0=33.6  acc_task1=5.0  acc_task2=1.6  acc_task3=11.4  acc_task4=7.4  acc_task5=1.8  acc_task6=8.8  acc_task7=2.6  acc_task8=9.2  acc_task9=0.0
[01:33:44] 
============================================================
 Task 11/20  | Classes (50, 55)
============================================================
[01:33:44] Task 10 baseline (before training): 0.00%
[01:33:49] task=10  epoch=0  train_loss=8.5918
[01:33:50] task=10  epoch=END  time_sec=4.7  acc_task0=29.0  acc_task1=5.6  acc_task2=1.0  acc_task3=12.2  acc_task4=9.0  acc_task5=4.6  acc_task6=7.4  acc_task7=1.8  acc_task8=5.0  acc_task9=12.2  acc_task10=0.0
[01:33:50] 
============================================================
 Task 12/20  | Classes (55, 60)
============================================================
[01:33:51] Task 11 baseline (before training): 0.00%
[01:33:55] task=11  epoch=0  train_loss=8.3745
[01:33:57] task=11  epoch=END  time_sec=4.7  acc_task0=35.2  acc_task1=3.0  acc_task2=1.0  acc_task3=8.6  acc_task4=6.8  acc_task5=2.0  acc_task6=6.8  acc_task7=2.2  acc_task8=4.6  acc_task9=6.4  acc_task10=12.2  acc_task11=0.0
[01:33:57] 
============================================================
 Task 13/20  | Classes (60, 65)
============================================================
[01:33:57] Task 12 baseline (before training): 0.00%
[01:34:02] task=12  epoch=0  train_loss=8.8169
[01:34:04] task=12  epoch=END  time_sec=4.7  acc_task0=32.6  acc_task1=3.2  acc_task2=0.8  acc_task3=9.8  acc_task4=4.6  acc_task5=1.8  acc_task6=5.0  acc_task7=2.0  acc_task8=4.4  acc_task9=4.0  acc_task10=14.2  acc_task11=2.2  acc_task12=0.0
[01:34:04] 
============================================================
 Task 14/20  | Classes (65, 70)
============================================================
[01:34:04] Task 13 baseline (before training): 0.00%
[01:34:09] task=13  epoch=0  train_loss=8.6974
[01:34:12] task=13  epoch=END  time_sec=4.7  acc_task0=35.0  acc_task1=3.2  acc_task2=0.6  acc_task3=9.8  acc_task4=5.6  acc_task5=1.2  acc_task6=5.4  acc_task7=2.8  acc_task8=1.8  acc_task9=3.8  acc_task10=11.6  acc_task11=2.8  acc_task12=2.0  acc_task13=0.0
[01:34:12] 
============================================================
 Task 15/20  | Classes (70, 75)
============================================================
[01:34:12] Task 14 baseline (before training): 0.00%
[01:34:16] task=14  epoch=0  train_loss=8.5113
[01:34:19] task=14  epoch=END  time_sec=4.5  acc_task0=30.0  acc_task1=3.4  acc_task2=0.8  acc_task3=11.6  acc_task4=1.8  acc_task5=2.0  acc_task6=3.0  acc_task7=2.2  acc_task8=3.0  acc_task9=4.8  acc_task10=12.4  acc_task11=1.2  acc_task12=1.2  acc_task13=2.2  acc_task14=0.0
[01:34:19] 
============================================================
 Task 16/20  | Classes (75, 80)
============================================================
[01:34:19] Task 15 baseline (before training): 0.00%
[01:34:24] task=15  epoch=0  train_loss=8.3497
[01:34:26] task=15  epoch=END  time_sec=4.6  acc_task0=32.4  acc_task1=3.0  acc_task2=0.8  acc_task3=9.0  acc_task4=2.2  acc_task5=1.8  acc_task6=5.4  acc_task7=2.6  acc_task8=2.0  acc_task9=3.4  acc_task10=10.6  acc_task11=1.0  acc_task12=1.4  acc_task13=2.2  acc_task14=3.6  acc_task15=0.0
[01:34:26] 
============================================================
 Task 17/20  | Classes (80, 85)
============================================================
[01:34:26] Task 16 baseline (before training): 0.00%
[01:34:31] task=16  epoch=0  train_loss=8.7298
[01:34:34] task=16  epoch=END  time_sec=4.7  acc_task0=30.0  acc_task1=4.4  acc_task2=0.6  acc_task3=6.8  acc_task4=2.0  acc_task5=3.0  acc_task6=4.4  acc_task7=1.4  acc_task8=3.0  acc_task9=2.8  acc_task10=9.4  acc_task11=0.8  acc_task12=1.6  acc_task13=3.4  acc_task14=3.0  acc_task15=2.8  acc_task16=0.0
[01:34:34] 
============================================================
 Task 18/20  | Classes (85, 90)
============================================================
[01:34:34] Task 17 baseline (before training): 0.00%
[01:34:39] task=17  epoch=0  train_loss=8.5515
[01:34:42] task=17  epoch=END  time_sec=4.7  acc_task0=34.0  acc_task1=3.4  acc_task2=0.6  acc_task3=10.0  acc_task4=1.6  acc_task5=2.0  acc_task6=4.6  acc_task7=0.8  acc_task8=1.8  acc_task9=1.4  acc_task10=9.2  acc_task11=0.6  acc_task12=1.6  acc_task13=2.6  acc_task14=2.4  acc_task15=2.0  acc_task16=5.0  acc_task17=0.0
[01:34:42] 
============================================================
 Task 19/20  | Classes (90, 95)
============================================================
[01:34:42] Task 18 baseline (before training): 0.00%
[01:34:47] task=18  epoch=0  train_loss=8.6337
[01:34:50] task=18  epoch=END  time_sec=4.7  acc_task0=29.4  acc_task1=4.4  acc_task2=0.6  acc_task3=10.2  acc_task4=2.0  acc_task5=2.6  acc_task6=5.0  acc_task7=0.8  acc_task8=2.4  acc_task9=2.6  acc_task10=10.4  acc_task11=1.0  acc_task12=1.2  acc_task13=2.8  acc_task14=1.6  acc_task15=1.4  acc_task16=4.2  acc_task17=2.0  acc_task18=0.0
[01:34:50] 
============================================================
 Task 20/20  | Classes (95, 100)
============================================================
[01:34:50] Task 19 baseline (before training): 0.00%
[01:34:55] task=19  epoch=0  train_loss=8.5796
[01:34:58] task=19  epoch=END  time_sec=4.7  acc_task0=29.8  acc_task1=5.4  acc_task2=0.4  acc_task3=12.4  acc_task4=1.6  acc_task5=2.0  acc_task6=4.2  acc_task7=2.8  acc_task8=1.0  acc_task9=3.2  acc_task10=7.6  acc_task11=0.8  acc_task12=1.2  acc_task13=2.6  acc_task14=1.8  acc_task15=1.2  acc_task16=3.0  acc_task17=0.4  acc_task18=2.2  acc_task19=0.0
[01:34:58] 
Final Metrics:
  avg_accuracy         +4.1800
  forgetting           +6.4316
  backward_transfer    +1.5789
  forward_transfer     +0.0000
[01:34:59] 
Done - run: split_cifar100_agem_seed1024
[01:34:59] Metrics: {'avg_accuracy': 4.18, 'forgetting': 6.4316, 'backward_transfer': 1.5789, 'forward_transfer': 0.0}
