[01:21:01] Starting: split_cifar100_agem_seed42
[01:21:01] Config: {'dataset': 'split_cifar100', 'data_root': 'Project/data_local', 'model': 'slim_resnet18', 'pretrained': False, 'method': 'agem', 'n_epochs': 1, 'batch_size': 32, 'num_workers': 0, 'lr': 0.03, 'momentum': 0.9, 'weight_decay': 0.0001, 'fp16': True, 'buffer_size': 200, 'ewc_lambda': 100.0, 'fisher_samples': 200, 'si_lambda': 1.0, 'si_xi': 0.1, 'der_alpha': 0.5, 'xder_beta': 0.5, 'lwf_lambda': 1.0, 'lwf_temp': 2.0, 'icarl_distill_w': 1.0, 'icarl_temp': 2.0, 'use_nmc': True, 'agem_mem_batch': 64, 'distill_lambda': 1.0, 'distill_temp': 2.0, 'pc_distill_w': 1.0, 'pc_ewc_lambda': 100.0, 'pc_compress_epochs': 3, 'er_replay_ratio': 0.5, 'joint_replay_epochs': 1, 'disable_tqdm': True, 'seeds': [42, 123, 456, 789, 1024], 'checkpoint_dir': 'results/checkpoints', 'figure_dir': 'results/figures', 'log_dir': 'results/raw', 'run_name': 'split_cifar100_agem_seed42', 'seed': 42}
[01:21:01] Device: cuda
[01:21:02] Dataset: SplitCIFAR100(tasks=20, classes_per_task=5, scenario=class-il)
[01:21:02] 
============================================================
 Task 1/20  | Classes (0, 5)
============================================================
[01:21:02] Task 0 baseline (before training): 0.00%
[01:21:05] task=0  epoch=0  train_loss=1.5884
[01:21:05] task=0  epoch=END  time_sec=3.0  acc_task0=50.6
[01:21:05] 
============================================================
 Task 2/20  | Classes (5, 10)
============================================================
[01:21:06] Task 1 baseline (before training): 0.00%
[01:21:10] task=1  epoch=0  train_loss=9.1054
[01:21:11] task=1  epoch=END  time_sec=4.5  acc_task0=57.2  acc_task1=0.0
[01:21:11] 
============================================================
 Task 3/20  | Classes (10, 15)
============================================================
[01:21:11] Task 2 baseline (before training): 0.00%
[01:21:15] task=2  epoch=0  train_loss=8.6125
[01:21:16] task=2  epoch=END  time_sec=4.6  acc_task0=45.2  acc_task1=28.0  acc_task2=0.0
[01:21:16] 
============================================================
 Task 4/20  | Classes (15, 20)
============================================================
[01:21:16] Task 3 baseline (before training): 0.00%
[01:21:21] task=3  epoch=0  train_loss=8.7148
[01:21:21] task=3  epoch=END  time_sec=4.6  acc_task0=40.6  acc_task1=18.4  acc_task2=13.4  acc_task3=0.0
[01:21:21] 
============================================================
 Task 5/20  | Classes (20, 25)
============================================================
[01:21:22] Task 4 baseline (before training): 0.00%
[01:21:26] task=4  epoch=0  train_loss=8.5142
[01:21:27] task=4  epoch=END  time_sec=4.7  acc_task0=38.2  acc_task1=15.0  acc_task2=7.0  acc_task3=11.8  acc_task4=0.0
[01:21:27] 
============================================================
 Task 6/20  | Classes (25, 30)
============================================================
[01:21:27] Task 5 baseline (before training): 0.00%
[01:21:32] task=5  epoch=0  train_loss=8.1893
[01:21:33] task=5  epoch=END  time_sec=4.6  acc_task0=35.6  acc_task1=16.8  acc_task2=6.2  acc_task3=6.8  acc_task4=10.6  acc_task5=0.0
[01:21:33] 
============================================================
 Task 7/20  | Classes (30, 35)
============================================================
[01:21:33] Task 6 baseline (before training): 0.00%
[01:21:38] task=6  epoch=0  train_loss=7.957
[01:21:39] task=6  epoch=END  time_sec=4.7  acc_task0=34.4  acc_task1=13.8  acc_task2=5.2  acc_task3=5.4  acc_task4=7.2  acc_task5=4.2  acc_task6=0.0
[01:21:39] 
============================================================
 Task 8/20  | Classes (35, 40)
============================================================
[01:21:39] Task 7 baseline (before training): 0.00%
[01:21:44] task=7  epoch=0  train_loss=7.9911
[01:21:45] task=7  epoch=END  time_sec=4.6  acc_task0=36.4  acc_task1=11.4  acc_task2=5.8  acc_task3=4.6  acc_task4=7.6  acc_task5=1.6  acc_task6=12.6  acc_task7=0.0
[01:21:45] 
============================================================
 Task 9/20  | Classes (40, 45)
============================================================
[01:21:45] Task 8 baseline (before training): 0.00%
[01:21:50] task=8  epoch=0  train_loss=7.9355
[01:21:51] task=8  epoch=END  time_sec=4.6  acc_task0=37.4  acc_task1=8.8  acc_task2=5.4  acc_task3=5.0  acc_task4=4.2  acc_task5=0.8  acc_task6=6.2  acc_task7=8.4  acc_task8=0.0
[01:21:51] 
============================================================
 Task 10/20  | Classes (45, 50)
============================================================
[01:21:52] Task 9 baseline (before training): 0.00%
[01:21:56] task=9  epoch=0  train_loss=7.9852
[01:21:58] task=9  epoch=END  time_sec=4.7  acc_task0=32.4  acc_task1=9.6  acc_task2=5.6  acc_task3=6.4  acc_task4=3.4  acc_task5=1.6  acc_task6=5.4  acc_task7=3.2  acc_task8=4.8  acc_task9=0.0
[01:21:58] 
============================================================
 Task 11/20  | Classes (50, 55)
============================================================
[01:21:58] Task 10 baseline (before training): 0.00%
[01:22:03] task=10  epoch=0  train_loss=8.1045
[01:22:05] task=10  epoch=END  time_sec=4.8  acc_task0=29.6  acc_task1=12.2  acc_task2=5.2  acc_task3=5.4  acc_task4=2.8  acc_task5=0.2  acc_task6=7.0  acc_task7=2.4  acc_task8=2.2  acc_task9=7.0  acc_task10=0.0
[01:22:05] 
============================================================
 Task 12/20  | Classes (55, 60)
============================================================
[01:22:05] Task 11 baseline (before training): 0.00%
[01:22:10] task=11  epoch=0  train_loss=7.8246
[01:22:12] task=11  epoch=END  time_sec=4.6  acc_task0=31.4  acc_task1=10.0  acc_task2=5.2  acc_task3=6.2  acc_task4=3.4  acc_task5=0.4  acc_task6=4.8  acc_task7=2.8  acc_task8=1.0  acc_task9=4.2  acc_task10=16.6  acc_task11=0.0
[01:22:12] 
============================================================
 Task 13/20  | Classes (60, 65)
============================================================
[01:22:12] Task 12 baseline (before training): 0.00%
[01:22:16] task=12  epoch=0  train_loss=8.3527
[01:22:19] task=12  epoch=END  time_sec=4.6  acc_task0=24.6  acc_task1=10.4  acc_task2=5.2  acc_task3=1.6  acc_task4=5.2  acc_task5=0.4  acc_task6=3.0  acc_task7=1.6  acc_task8=0.8  acc_task9=2.0  acc_task10=12.2  acc_task11=16.6  acc_task12=0.0
[01:22:19] 
============================================================
 Task 14/20  | Classes (65, 70)
============================================================
[01:22:19] Task 13 baseline (before training): 0.00%
[01:22:23] task=13  epoch=0  train_loss=8.0969
[01:22:26] task=13  epoch=END  time_sec=4.6  acc_task0=29.8  acc_task1=6.8  acc_task2=5.8  acc_task3=2.2  acc_task4=4.0  acc_task5=0.0  acc_task6=2.8  acc_task7=1.2  acc_task8=0.6  acc_task9=3.2  acc_task10=8.2  acc_task11=11.6  acc_task12=7.4  acc_task13=0.0
[01:22:26] 
============================================================
 Task 15/20  | Classes (70, 75)
============================================================
[01:22:26] Task 14 baseline (before training): 0.00%
[01:22:31] task=14  epoch=0  train_loss=7.8906
[01:22:33] task=14  epoch=END  time_sec=4.6  acc_task0=25.0  acc_task1=9.4  acc_task2=4.8  acc_task3=1.8  acc_task4=2.0  acc_task5=0.0  acc_task6=1.8  acc_task7=2.2  acc_task8=1.2  acc_task9=2.2  acc_task10=10.6  acc_task11=11.4  acc_task12=4.6  acc_task13=6.0  acc_task14=0.0
[01:22:33] 
============================================================
 Task 16/20  | Classes (75, 80)
============================================================
[01:22:33] Task 15 baseline (before training): 0.00%
[01:22:38] task=15  epoch=0  train_loss=8.0693
[01:22:41] task=15  epoch=END  time_sec=4.8  acc_task0=31.2  acc_task1=7.4  acc_task2=4.8  acc_task3=1.8  acc_task4=5.0  acc_task5=0.6  acc_task6=2.0  acc_task7=1.0  acc_task8=0.4  acc_task9=3.4  acc_task10=9.0  acc_task11=9.6  acc_task12=2.6  acc_task13=6.0  acc_task14=9.0  acc_task15=0.0
[01:22:41] 
============================================================
 Task 17/20  | Classes (80, 85)
============================================================
[01:22:41] Task 16 baseline (before training): 0.00%
[01:22:46] task=16  epoch=0  train_loss=7.578
[01:22:49] task=16  epoch=END  time_sec=4.7  acc_task0=25.6  acc_task1=8.0  acc_task2=3.4  acc_task3=1.0  acc_task4=2.6  acc_task5=0.6  acc_task6=2.0  acc_task7=0.6  acc_task8=0.6  acc_task9=2.4  acc_task10=9.2  acc_task11=7.6  acc_task12=4.0  acc_task13=4.4  acc_task14=6.4  acc_task15=9.4  acc_task16=0.0
[01:22:49] 
============================================================
 Task 18/20  | Classes (85, 90)
============================================================
[01:22:49] Task 17 baseline (before training): 0.00%
[01:22:54] task=17  epoch=0  train_loss=7.9009
[01:22:57] task=17  epoch=END  time_sec=4.8  acc_task0=25.2  acc_task1=8.0  acc_task2=2.6  acc_task3=2.0  acc_task4=2.6  acc_task5=0.6  acc_task6=2.0  acc_task7=1.2  acc_task8=0.4  acc_task9=3.4  acc_task10=9.0  acc_task11=9.4  acc_task12=2.6  acc_task13=3.0  acc_task14=9.0  acc_task15=5.6  acc_task16=4.8  acc_task17=0.0
[01:22:57] 
============================================================
 Task 19/20  | Classes (90, 95)
============================================================
[01:22:57] Task 18 baseline (before training): 0.00%
[01:23:02] task=18  epoch=0  train_loss=8.2507
[01:23:05] task=18  epoch=END  time_sec=4.8  acc_task0=25.4  acc_task1=9.2  acc_task2=3.2  acc_task3=2.2  acc_task4=2.2  acc_task5=0.2  acc_task6=2.4  acc_task7=0.8  acc_task8=0.4  acc_task9=1.8  acc_task10=7.8  acc_task11=11.0  acc_task12=2.8  acc_task13=4.0  acc_task14=4.4  acc_task15=4.8  acc_task16=2.8  acc_task17=0.0  acc_task18=0.0
[01:23:05] 
============================================================
 Task 20/20  | Classes (95, 100)
============================================================
[01:23:05] Task 19 baseline (before training): 0.00%
[01:23:10] task=19  epoch=0  train_loss=8.0403
[01:23:14] task=19  epoch=END  time_sec=4.8  acc_task0=24.2  acc_task1=8.0  acc_task2=3.8  acc_task3=1.8  acc_task4=1.8  acc_task5=0.2  acc_task6=2.2  acc_task7=0.6  acc_task8=0.4  acc_task9=2.4  acc_task10=9.0  acc_task11=9.2  acc_task12=4.2  acc_task13=3.6  acc_task14=7.8  acc_task15=4.0  acc_task16=1.2  acc_task17=0.0  acc_task18=5.0  acc_task19=0.0
[01:23:14] 
Final Metrics:
  avg_accuracy         +4.4700
  forgetting           +7.5474
  backward_transfer    +2.0421
  forward_transfer     +0.0000
[01:23:14] 
Done - run: split_cifar100_agem_seed42
[01:23:14] Metrics: {'avg_accuracy': 4.47, 'forgetting': 7.5474, 'backward_transfer': 2.0421, 'forward_transfer': 0.0}
