[03:25:08] Starting: split_cifar10_er_ewc_buf500_seed789
[03:25:08] Config: {'dataset': 'split_cifar10', 'data_root': 'F:\\Temp\\cf\\Catastrophic Forgetting\\research_v2\\Project\\data_local', 'dataset_image_size': None, 'dataset_out_channels': None, 'model': 'slim_resnet18', 'pretrained': False, 'model_image_size': None, 'method': 'er_ewc', 'n_epochs': 1, 'batch_size': 32, 'num_workers': 0, 'lr': 0.03, 'momentum': 0.9, 'weight_decay': 0.0001, 'fp16': False, 'buffer_size': 500, 'ewc_lambda': 100.0, 'fisher_samples': 200, 'si_lambda': 1.0, 'si_xi': 0.1, 'der_alpha': 0.5, 'xder_beta': 0.5, 'lwf_lambda': 1.0, 'lwf_temp': 2.0, 'icarl_distill_w': 1.0, 'icarl_temp': 2.0, 'use_nmc': True, 'agem_mem_batch': 64, 'distill_lambda': 1.0, 'distill_temp': 2.0, 'pc_distill_w': 1.0, 'pc_ewc_lambda': 100.0, 'pc_compress_epochs': 3, 'er_replay_ratio': 0.5, 'joint_replay_epochs': 1, 'disable_tqdm': True, 'disable_checkpoints': False, 'disable_plots': True, 'resume': False, 'cleanup_checkpoints_on_success': True, 'result_group': 'ablations', 'ablation_family': 'buffer', 'seeds': [42, 123, 456, 789, 1024], 'results_root': 'F:\\Temp\\cf\\Catastrophic Forgetting\\research_v2\\results', 'run_tag': 'buf500', 'seed': 789, 'run_name': 'split_cifar10_er_ewc_buf500_seed789', 'project_root': 'F:\\Temp\\cf\\Catastrophic Forgetting\\research_v2\\Project', 'workspace_root': 'F:\\Temp\\cf\\Catastrophic Forgetting\\research_v2', 'run_root': 'F:\\Temp\\cf\\Catastrophic Forgetting\\research_v2\\results\\ablations\\epoch_1\\split_cifar10\\buffer\\er_ewc__buf500\\seed_789', 'log_dir': 'F:\\Temp\\cf\\Catastrophic Forgetting\\research_v2\\results\\ablations\\epoch_1\\split_cifar10\\buffer\\er_ewc__buf500\\seed_789\\logs', 'metrics_dir': 'F:\\Temp\\cf\\Catastrophic Forgetting\\research_v2\\results\\ablations\\epoch_1\\split_cifar10\\buffer\\er_ewc__buf500\\seed_789\\metrics', 'checkpoint_dir': 'F:\\Temp\\cf\\Catastrophic Forgetting\\research_v2\\results\\ablations\\epoch_1\\split_cifar10\\buffer\\er_ewc__buf500\\seed_789\\checkpoints', 'artifact_dir': 'F:\\Temp\\cf\\Catastrophic Forgetting\\research_v2\\results\\ablations\\epoch_1\\split_cifar10\\buffer\\er_ewc__buf500\\seed_789\\artifacts', 'figure_dir': 'F:\\Temp\\cf\\Catastrophic Forgetting\\research_v2\\results\\figures\\ablations\\epoch_1\\split_cifar10\\buffer\\er_ewc__buf500\\seed_789'}
[03:25:08] Device: cuda
[03:25:11] Dataset: SplitCIFAR10(tasks=5, classes_per_task=2, scenario=class-il)
[03:25:11] 
============================================================
 Task 1/5  | Classes (0, 2)
============================================================
[03:25:11] Task 0 baseline (chance): 50.00%
[03:25:27] task=0  epoch=0  train_loss=0.4022
[03:25:28] task=0  epoch=END  time_sec=16.2  acc_task0=77.45
[03:25:28] 
============================================================
 Task 2/5  | Classes (2, 4)
============================================================
[03:25:28] Task 1 baseline (chance): 25.00%
[03:25:29] Task 1 zero-shot (pre-train): 3.40%
[03:25:58] task=1  epoch=0  train_loss=0.7422
[03:26:00] task=1  epoch=END  time_sec=28.3  acc_task0=52.2  acc_task1=70.05
[03:26:00] 
============================================================
 Task 3/5  | Classes (4, 6)
============================================================
[03:26:00] Task 2 baseline (chance): 16.67%
[03:26:01] Task 2 zero-shot (pre-train): 0.20%
[03:26:39] task=2  epoch=0  train_loss=0.8925
[03:26:43] task=2  epoch=END  time_sec=38.5  acc_task0=71.1  acc_task1=12.5  acc_task2=68.25
[03:26:44] 
============================================================
 Task 4/5  | Classes (6, 8)
============================================================
[03:26:44] Task 3 baseline (chance): 12.50%
[03:26:45] Task 3 zero-shot (pre-train): 0.00%
[03:27:51] task=3  epoch=0  train_loss=0.6941
[03:27:55] task=3  epoch=END  time_sec=66.6  acc_task0=40.6  acc_task1=1.35  acc_task2=5.95  acc_task3=91.05
[03:27:56] 
============================================================
 Task 5/5  | Classes (8, 10)
============================================================
[03:27:56] Task 4 baseline (chance): 10.00%
[03:27:57] Task 4 zero-shot (pre-train): 0.00%
[03:28:55] task=4  epoch=0  train_loss=0.5562
[03:29:01] task=4  epoch=END  time_sec=58.1  acc_task0=7.6  acc_task1=5.3  acc_task2=21.25  acc_task3=63.6  acc_task4=86.4
[03:29:02] 
Final Metrics:
  avg_accuracy         +36.8300
  forgetting           +52.2625
  backward_transfer    -52.2625
  forward_transfer     -15.1417
[03:29:02] 
Done - run: split_cifar10_er_ewc_buf500_seed789
[03:29:02] Metrics: {'avg_accuracy': 36.83, 'forgetting': 52.2625, 'backward_transfer': -52.2625, 'forward_transfer': -15.1417}
[03:29:02] Deleted 5 checkpoint(s) after successful completion.
