[18:37:33] Starting: split_cifar10_progress_compress_seed789
[18:37:33] Config: {'dataset': 'split_cifar10', 'data_root': 'Project/data_local', 'model': 'slim_resnet18', 'pretrained': False, 'method': 'progress_compress', 'n_epochs': 1, 'batch_size': 32, 'num_workers': 0, 'lr': 0.03, 'momentum': 0.9, 'weight_decay': 0.0001, 'fp16': False, 'buffer_size': 200, 'ewc_lambda': 100.0, 'fisher_samples': 200, 'si_lambda': 1.0, 'si_xi': 0.1, 'der_alpha': 0.5, 'xder_beta': 0.5, 'lwf_lambda': 1.0, 'lwf_temp': 2.0, 'icarl_distill_w': 1.0, 'icarl_temp': 2.0, 'use_nmc': True, 'agem_mem_batch': 64, 'distill_lambda': 1.0, 'distill_temp': 2.0, 'pc_distill_w': 1.0, 'pc_ewc_lambda': 100.0, 'pc_compress_epochs': 3, 'er_replay_ratio': 0.5, 'joint_replay_epochs': 1, 'disable_tqdm': True, 'disable_checkpoints': True, 'disable_plots': False, 'seeds': [42, 123, 456, 789, 1024], 'results_root': 'results_phase3_fwt', 'checkpoint_dir': 'results/checkpoints', 'figure_dir': 'results_phase3_fwt/figures', 'log_dir': 'results_phase3_fwt/raw', 'run_name': 'split_cifar10_progress_compress_seed789', 'seed': 789}
[18:37:33] Device: cuda
[18:37:35] Dataset: SplitCIFAR10(tasks=5, classes_per_task=2, scenario=class-il)
[18:37:35] 
============================================================
 Task 1/5  | Classes (0, 2)
============================================================
[18:37:35] Task 0 baseline (chance): 50.00%
[18:37:47] task=0  epoch=0  train_loss=0.6609
[18:38:23] task=0  epoch=END  time_sec=12.7  acc_task0=71.5
[18:38:23] 
============================================================
 Task 2/5  | Classes (2, 4)
============================================================
[18:38:23] Task 1 baseline (chance): 25.00%
[18:38:24] Task 1 zero-shot (pre-train): 0.90%
[18:38:37] task=1  epoch=0  train_loss=0.9369
[18:39:36] task=1  epoch=END  time_sec=12.7  acc_task0=0.0  acc_task1=70.6
[18:39:36] 
============================================================
 Task 3/5  | Classes (4, 6)
============================================================
[18:39:36] Task 2 baseline (chance): 16.67%
[18:39:37] Task 2 zero-shot (pre-train): 0.00%
[18:39:50] task=2  epoch=0  train_loss=1.4002
[18:40:50] task=2  epoch=END  time_sec=12.7  acc_task0=0.0  acc_task1=0.0  acc_task2=80.6
[18:40:50] 
============================================================
 Task 4/5  | Classes (6, 8)
============================================================
[18:40:50] Task 3 baseline (chance): 12.50%
[18:40:51] Task 3 zero-shot (pre-train): 0.00%
[18:41:04] task=3  epoch=0  train_loss=1.4872
[18:42:05] task=3  epoch=END  time_sec=12.8  acc_task0=0.0  acc_task1=0.0  acc_task2=0.4  acc_task3=89.1
[18:42:05] 
============================================================
 Task 5/5  | Classes (8, 10)
============================================================
[18:42:05] Task 4 baseline (chance): 10.00%
[18:42:06] Task 4 zero-shot (pre-train): 0.00%
[18:42:19] task=4  epoch=0  train_loss=1.4285
[18:43:21] task=4  epoch=END  time_sec=12.7  acc_task0=0.0  acc_task1=0.0  acc_task2=0.0  acc_task3=2.3  acc_task4=89.7
[18:43:21] 
Final Metrics:
  avg_accuracy         +18.4000
  forgetting           +77.3750
  backward_transfer    -77.3750
  forward_transfer     -15.8167
[18:43:21] 
Done - run: split_cifar10_progress_compress_seed789
[18:43:21] Metrics: {'avg_accuracy': 18.4, 'forgetting': 77.375, 'backward_transfer': -77.375, 'forward_transfer': -15.8167}
