[18:43:21] Starting: split_cifar10_progress_compress_seed1024
[18:43:21] Config: {'dataset': 'split_cifar10', 'data_root': 'Project/data_local', 'model': 'slim_resnet18', 'pretrained': False, 'method': 'progress_compress', 'n_epochs': 1, 'batch_size': 32, 'num_workers': 0, 'lr': 0.03, 'momentum': 0.9, 'weight_decay': 0.0001, 'fp16': False, 'buffer_size': 200, 'ewc_lambda': 100.0, 'fisher_samples': 200, 'si_lambda': 1.0, 'si_xi': 0.1, 'der_alpha': 0.5, 'xder_beta': 0.5, 'lwf_lambda': 1.0, 'lwf_temp': 2.0, 'icarl_distill_w': 1.0, 'icarl_temp': 2.0, 'use_nmc': True, 'agem_mem_batch': 64, 'distill_lambda': 1.0, 'distill_temp': 2.0, 'pc_distill_w': 1.0, 'pc_ewc_lambda': 100.0, 'pc_compress_epochs': 3, 'er_replay_ratio': 0.5, 'joint_replay_epochs': 1, 'disable_tqdm': True, 'disable_checkpoints': True, 'disable_plots': False, 'seeds': [42, 123, 456, 789, 1024], 'results_root': 'results_phase3_fwt', 'checkpoint_dir': 'results/checkpoints', 'figure_dir': 'results_phase3_fwt/figures', 'log_dir': 'results_phase3_fwt/raw', 'run_name': 'split_cifar10_progress_compress_seed1024', 'seed': 1024}
[18:43:21] Device: cuda
[18:43:22] Dataset: SplitCIFAR10(tasks=5, classes_per_task=2, scenario=class-il)
[18:43:23] 
============================================================
 Task 1/5  | Classes (0, 2)
============================================================
[18:43:23] Task 0 baseline (chance): 50.00%
[18:43:35] task=0  epoch=0  train_loss=0.6584
[18:44:11] task=0  epoch=END  time_sec=12.8  acc_task0=87.0
[18:44:11] 
============================================================
 Task 2/5  | Classes (2, 4)
============================================================
[18:44:11] Task 1 baseline (chance): 25.00%
[18:44:12] Task 1 zero-shot (pre-train): 1.55%
[18:44:24] task=1  epoch=0  train_loss=1.134
[18:45:24] task=1  epoch=END  time_sec=12.6  acc_task0=0.0  acc_task1=73.2
[18:45:24] 
============================================================
 Task 3/5  | Classes (4, 6)
============================================================
[18:45:24] Task 2 baseline (chance): 16.67%
[18:45:24] Task 2 zero-shot (pre-train): 0.10%
[18:45:37] task=2  epoch=0  train_loss=1.0663
[18:46:37] task=2  epoch=END  time_sec=12.6  acc_task0=0.0  acc_task1=0.0  acc_task2=77.6
[18:46:37] 
============================================================
 Task 4/5  | Classes (6, 8)
============================================================
[18:46:37] Task 3 baseline (chance): 12.50%
[18:46:38] Task 3 zero-shot (pre-train): 0.00%
[18:46:51] task=3  epoch=0  train_loss=1.4927
[18:47:51] task=3  epoch=END  time_sec=12.7  acc_task0=0.0  acc_task1=0.0  acc_task2=1.1  acc_task3=85.55
[18:47:51] 
============================================================
 Task 5/5  | Classes (8, 10)
============================================================
[18:47:51] Task 4 baseline (chance): 10.00%
[18:47:52] Task 4 zero-shot (pre-train): 0.00%
[18:48:05] task=4  epoch=0  train_loss=1.5193
[18:49:06] task=4  epoch=END  time_sec=12.6  acc_task0=0.0  acc_task1=0.0  acc_task2=0.0  acc_task3=1.35  acc_task4=88.15
[18:49:06] 
Final Metrics:
  avg_accuracy         +17.9000
  forgetting           +80.5000
  backward_transfer    -80.5000
  forward_transfer     -15.6292
[18:49:07] 
Done - run: split_cifar10_progress_compress_seed1024
[18:49:07] Metrics: {'avg_accuracy': 17.9, 'forgetting': 80.5, 'backward_transfer': -80.5, 'forward_transfer': -15.6292}
