[18:26:00] Starting: split_cifar10_progress_compress_seed123
[18:26:00] Config: {'dataset': 'split_cifar10', 'data_root': 'Project/data_local', 'model': 'slim_resnet18', 'pretrained': False, 'method': 'progress_compress', 'n_epochs': 1, 'batch_size': 32, 'num_workers': 0, 'lr': 0.03, 'momentum': 0.9, 'weight_decay': 0.0001, 'fp16': False, 'buffer_size': 200, 'ewc_lambda': 100.0, 'fisher_samples': 200, 'si_lambda': 1.0, 'si_xi': 0.1, 'der_alpha': 0.5, 'xder_beta': 0.5, 'lwf_lambda': 1.0, 'lwf_temp': 2.0, 'icarl_distill_w': 1.0, 'icarl_temp': 2.0, 'use_nmc': True, 'agem_mem_batch': 64, 'distill_lambda': 1.0, 'distill_temp': 2.0, 'pc_distill_w': 1.0, 'pc_ewc_lambda': 100.0, 'pc_compress_epochs': 3, 'er_replay_ratio': 0.5, 'joint_replay_epochs': 1, 'disable_tqdm': True, 'disable_checkpoints': True, 'disable_plots': False, 'seeds': [42, 123, 456, 789, 1024], 'results_root': 'results_phase3_fwt', 'checkpoint_dir': 'results/checkpoints', 'figure_dir': 'results_phase3_fwt/figures', 'log_dir': 'results_phase3_fwt/raw', 'run_name': 'split_cifar10_progress_compress_seed123', 'seed': 123}
[18:26:01] Device: cuda
[18:26:02] Dataset: SplitCIFAR10(tasks=5, classes_per_task=2, scenario=class-il)
[18:26:02] 
============================================================
 Task 1/5  | Classes (0, 2)
============================================================
[18:26:02] Task 0 baseline (chance): 50.00%
[18:26:15] task=0  epoch=0  train_loss=0.6616
[18:26:51] task=0  epoch=END  time_sec=12.8  acc_task0=83.35
[18:26:51] 
============================================================
 Task 2/5  | Classes (2, 4)
============================================================
[18:26:51] Task 1 baseline (chance): 25.00%
[18:26:52] Task 1 zero-shot (pre-train): 8.95%
[18:27:05] task=1  epoch=0  train_loss=1.0553
[18:28:04] task=1  epoch=END  time_sec=12.8  acc_task0=0.0  acc_task1=69.25
[18:28:04] 
============================================================
 Task 3/5  | Classes (4, 6)
============================================================
[18:28:04] Task 2 baseline (chance): 16.67%
[18:28:05] Task 2 zero-shot (pre-train): 0.00%
[18:28:18] task=2  epoch=0  train_loss=1.2441
[18:29:17] task=2  epoch=END  time_sec=12.6  acc_task0=0.0  acc_task1=0.0  acc_task2=79.7
[18:29:17] 
============================================================
 Task 4/5  | Classes (6, 8)
============================================================
[18:29:17] Task 3 baseline (chance): 12.50%
[18:29:18] Task 3 zero-shot (pre-train): 0.00%
[18:29:31] task=3  epoch=0  train_loss=1.6177
[18:30:31] task=3  epoch=END  time_sec=12.6  acc_task0=0.0  acc_task1=0.0  acc_task2=0.85  acc_task3=85.2
[18:30:31] 
============================================================
 Task 5/5  | Classes (8, 10)
============================================================
[18:30:31] Task 4 baseline (chance): 10.00%
[18:30:32] Task 4 zero-shot (pre-train): 0.00%
[18:30:45] task=4  epoch=0  train_loss=1.6639
[18:31:47] task=4  epoch=END  time_sec=12.6  acc_task0=0.0  acc_task1=0.0  acc_task2=0.0  acc_task3=15.85  acc_task4=87.4
[18:31:47] 
Final Metrics:
  avg_accuracy         +20.6500
  forgetting           +75.4125
  backward_transfer    -75.4125
  forward_transfer     -13.8042
[18:31:47] 
Done - run: split_cifar10_progress_compress_seed123
[18:31:47] Metrics: {'avg_accuracy': 20.65, 'forgetting': 75.4125, 'backward_transfer': -75.4125, 'forward_transfer': -13.8042}
