[14:13:16] Starting: split_cifar10_icarl_buf500_seed123
[14:13:16] Config: {'dataset': 'split_cifar10', 'data_root': 'Project/data_local', 'model': 'slim_resnet18', 'pretrained': False, 'method': 'icarl', 'n_epochs': 1, 'batch_size': 32, 'num_workers': 0, 'lr': 0.03, 'momentum': 0.9, 'weight_decay': 0.0001, 'fp16': False, 'buffer_size': 500, 'ewc_lambda': 100.0, 'fisher_samples': 200, 'si_lambda': 1.0, 'si_xi': 0.1, 'der_alpha': 0.5, 'xder_beta': 0.5, 'lwf_lambda': 1.0, 'lwf_temp': 2.0, 'icarl_distill_w': 1.0, 'icarl_temp': 2.0, 'use_nmc': True, 'agem_mem_batch': 64, 'distill_lambda': 1.0, 'distill_temp': 2.0, 'pc_distill_w': 1.0, 'pc_ewc_lambda': 100.0, 'pc_compress_epochs': 3, 'er_replay_ratio': 0.5, 'joint_replay_epochs': 1, 'disable_tqdm': True, 'disable_checkpoints': True, 'disable_plots': True, 'seeds': [42, 123, 456, 789, 1024], 'results_root': 'results_phase3_ablations', 'checkpoint_dir': 'results/checkpoints', 'figure_dir': 'results_phase3_ablations\\figures', 'log_dir': 'results_phase3_ablations\\raw', 'run_tag': 'buf500', 'run_name': 'split_cifar10_icarl_buf500_seed123', 'seed': 123}
[14:13:16] Device: cuda
[14:13:18] Dataset: SplitCIFAR10(tasks=5, classes_per_task=2, scenario=class-il)
[14:13:18] 
============================================================
 Task 1/5  | Classes (0, 2)
============================================================
[14:13:18] Task 0 baseline (chance): 50.00%
[14:13:30] task=0  epoch=0  train_loss=0.5108
[14:13:38] task=0  epoch=END  time_sec=12.1  acc_task0=83.0
[14:13:38] 
============================================================
 Task 2/5  | Classes (2, 4)
============================================================
[14:13:38] Task 1 baseline (chance): 25.00%
[14:13:39] Task 1 zero-shot (pre-train): 0.00%
[14:13:59] task=1  epoch=0  train_loss=0.6571
[14:14:07] task=1  epoch=END  time_sec=19.8  acc_task0=21.35  acc_task1=67.0
[14:14:07] 
============================================================
 Task 3/5  | Classes (4, 6)
============================================================
[14:14:07] Task 2 baseline (chance): 16.67%
[14:14:08] Task 2 zero-shot (pre-train): 0.00%
[14:14:28] task=2  epoch=0  train_loss=0.6703
[14:14:38] task=2  epoch=END  time_sec=19.9  acc_task0=7.05  acc_task1=1.8  acc_task2=75.55
[14:14:38] 
============================================================
 Task 4/5  | Classes (6, 8)
============================================================
[14:14:38] Task 3 baseline (chance): 12.50%
[14:14:39] Task 3 zero-shot (pre-train): 0.00%
[14:14:59] task=3  epoch=0  train_loss=0.6978
[14:15:09] task=3  epoch=END  time_sec=19.8  acc_task0=4.0  acc_task1=2.5  acc_task2=4.9  acc_task3=82.1
[14:15:09] 
============================================================
 Task 5/5  | Classes (8, 10)
============================================================
[14:15:09] Task 4 baseline (chance): 10.00%
[14:15:10] Task 4 zero-shot (pre-train): 0.00%
[14:15:30] task=4  epoch=0  train_loss=0.8219
[14:15:44] task=4  epoch=END  time_sec=19.9  acc_task0=0.3  acc_task1=1.7  acc_task2=0.0  acc_task3=0.0  acc_task4=86.35
[14:15:44] 
Final Metrics:
  avg_accuracy         +17.6700
  forgetting           +76.4125
  backward_transfer    -76.4125
  forward_transfer     -16.0417
[14:15:44] 
Done - run: split_cifar10_icarl_buf500_seed123
[14:15:44] Metrics: {'avg_accuracy': 17.67, 'forgetting': 76.4125, 'backward_transfer': -76.4125, 'forward_transfer': -16.0417}
