[13:22:26] Starting: permuted_mnist_ewc_seed1024
[13:22:26] Config: {'dataset': 'permuted_mnist', 'data_root': 'Project/data_local', 'model': 'resnet8', 'pretrained': False, 'method': 'ewc', 'n_epochs': 1, 'batch_size': 32, 'num_workers': 0, 'lr': 0.03, 'momentum': 0.9, 'weight_decay': 0.0001, 'fp16': False, 'buffer_size': 200, 'ewc_lambda': 100.0, 'fisher_samples': 200, 'si_lambda': 1.0, 'si_xi': 0.1, 'der_alpha': 0.5, 'xder_beta': 0.5, 'lwf_lambda': 1.0, 'lwf_temp': 2.0, 'icarl_distill_w': 1.0, 'icarl_temp': 2.0, 'use_nmc': True, 'agem_mem_batch': 64, 'distill_lambda': 1.0, 'distill_temp': 2.0, 'pc_distill_w': 1.0, 'pc_ewc_lambda': 100.0, 'pc_compress_epochs': 3, 'er_replay_ratio': 0.5, 'joint_replay_epochs': 1, 'disable_tqdm': True, 'disable_checkpoints': True, 'disable_plots': False, 'seeds': [42, 123, 456, 789, 1024], 'results_root': 'results_fwt', 'checkpoint_dir': 'results/checkpoints', 'figure_dir': 'results_fwt\\figures', 'log_dir': 'results_fwt\\raw', 'run_name': 'permuted_mnist_ewc_seed1024', 'seed': 1024}
[13:22:26] Device: cuda
[13:22:26] Dataset: PermutedMNIST(tasks=10, classes_per_task=10, scenario=domain-il)
[13:22:26] 
============================================================
 Task 1/10  | Classes (0, 10)
============================================================
[13:22:26] Task 0 baseline (chance): 10.00%
[13:23:16] task=0  epoch=0  train_loss=0.3189
[13:23:21] task=0  epoch=END  time_sec=50.0  acc_task0=92.85
[13:23:21] 
============================================================
 Task 2/10  | Classes (0, 10)
============================================================
[13:23:21] Task 1 baseline (chance): 10.00%
[13:23:26] Task 1 zero-shot (pre-train): 6.05%
[13:24:48] task=1  epoch=0  train_loss=0.29
[13:24:57] task=1  epoch=END  time_sec=82.5  acc_task0=39.95  acc_task1=93.61
[13:24:57] 
============================================================
 Task 3/10  | Classes (0, 10)
============================================================
[13:24:57] Task 2 baseline (chance): 10.00%
[13:25:02] Task 2 zero-shot (pre-train): 16.19%
[13:26:32] task=2  epoch=0  train_loss=0.3382
[13:26:43] task=2  epoch=END  time_sec=89.2  acc_task0=28.09  acc_task1=51.68  acc_task2=95.29
[13:26:43] 
============================================================
 Task 4/10  | Classes (0, 10)
============================================================
[13:26:43] Task 3 baseline (chance): 10.00%
[13:26:46] Task 3 zero-shot (pre-train): 16.98%
[13:28:52] task=3  epoch=0  train_loss=0.3706
[13:29:15] task=3  epoch=END  time_sec=125.7  acc_task0=16.5  acc_task1=23.83  acc_task2=47.93  acc_task3=94.93
[13:29:15] 
============================================================
 Task 5/10  | Classes (0, 10)
============================================================
[13:29:15] Task 4 baseline (chance): 10.00%
[13:29:19] Task 4 zero-shot (pre-train): 15.04%
[13:31:53] task=4  epoch=0  train_loss=0.4142
[13:32:12] task=4  epoch=END  time_sec=154.1  acc_task0=17.63  acc_task1=21.07  acc_task2=27.59  acc_task3=50.23  acc_task4=94.87
[13:32:12] 
============================================================
 Task 6/10  | Classes (0, 10)
============================================================
[13:32:12] Task 5 baseline (chance): 10.00%
[13:32:16] Task 5 zero-shot (pre-train): 8.85%
[13:35:39] task=5  epoch=0  train_loss=0.4478
[13:36:11] task=5  epoch=END  time_sec=203.9  acc_task0=11.48  acc_task1=13.3  acc_task2=12.78  acc_task3=18.25  acc_task4=34.38  acc_task5=94.56
[13:36:11] 
============================================================
 Task 7/10  | Classes (0, 10)
============================================================
[13:36:11] Task 6 baseline (chance): 10.00%
[13:36:15] Task 6 zero-shot (pre-train): 5.99%
