[12:19:12] Starting: permuted_mnist_ewc_seed123
[12:19:12] Config: {'dataset': 'permuted_mnist', 'data_root': 'Project/data_local', 'model': 'resnet8', 'pretrained': False, 'method': 'ewc', 'n_epochs': 1, 'batch_size': 32, 'num_workers': 0, 'lr': 0.03, 'momentum': 0.9, 'weight_decay': 0.0001, 'fp16': False, 'buffer_size': 200, 'ewc_lambda': 100.0, 'fisher_samples': 200, 'si_lambda': 1.0, 'si_xi': 0.1, 'der_alpha': 0.5, 'xder_beta': 0.5, 'lwf_lambda': 1.0, 'lwf_temp': 2.0, 'icarl_distill_w': 1.0, 'icarl_temp': 2.0, 'use_nmc': True, 'agem_mem_batch': 64, 'distill_lambda': 1.0, 'distill_temp': 2.0, 'pc_distill_w': 1.0, 'pc_ewc_lambda': 100.0, 'pc_compress_epochs': 3, 'er_replay_ratio': 0.5, 'joint_replay_epochs': 1, 'disable_tqdm': True, 'disable_checkpoints': True, 'disable_plots': False, 'seeds': [42, 123, 456, 789, 1024], 'results_root': 'results_fwt', 'checkpoint_dir': 'results/checkpoints', 'figure_dir': 'results_fwt\\figures', 'log_dir': 'results_fwt\\raw', 'run_name': 'permuted_mnist_ewc_seed123', 'seed': 123}
[12:19:12] Device: cuda
[12:19:12] Dataset: PermutedMNIST(tasks=10, classes_per_task=10, scenario=domain-il)
[12:19:12] 
============================================================
 Task 1/10  | Classes (0, 10)
============================================================
[12:19:12] Task 0 baseline (chance): 10.00%
[12:19:37] task=0  epoch=0  train_loss=0.3171
[12:19:40] task=0  epoch=END  time_sec=24.5  acc_task0=91.96
[12:19:40] 
============================================================
 Task 2/10  | Classes (0, 10)
============================================================
[12:19:40] Task 1 baseline (chance): 10.00%
[12:19:43] Task 1 zero-shot (pre-train): 10.93%
[12:20:29] task=1  epoch=0  train_loss=0.2789
[12:20:36] task=1  epoch=END  time_sec=45.5  acc_task0=43.21  acc_task1=95.54
[12:20:36] 
============================================================
 Task 3/10  | Classes (0, 10)
============================================================
[12:20:36] Task 2 baseline (chance): 10.00%
[12:20:40] Task 2 zero-shot (pre-train): 9.80%
[12:21:47] task=2  epoch=0  train_loss=0.3112
[12:21:58] task=2  epoch=END  time_sec=67.0  acc_task0=17.48  acc_task1=39.88  acc_task2=94.02
[12:21:58] 
============================================================
 Task 4/10  | Classes (0, 10)
============================================================
[12:21:58] Task 3 baseline (chance): 10.00%
[12:22:02] Task 3 zero-shot (pre-train): 13.91%
[12:23:28] task=3  epoch=0  train_loss=0.353
[12:23:43] task=3  epoch=END  time_sec=86.8  acc_task0=12.89  acc_task1=27.92  acc_task2=44.62  acc_task3=93.39
[12:23:43] 
============================================================
 Task 5/10  | Classes (0, 10)
============================================================
[12:23:43] Task 4 baseline (chance): 10.00%
[12:23:47] Task 4 zero-shot (pre-train): 12.69%
[12:26:27] task=4  epoch=0  train_loss=0.3949
[12:26:51] task=4  epoch=END  time_sec=159.8  acc_task0=15.98  acc_task1=25.16  acc_task2=29.29  acc_task3=44.87  acc_task4=94.41
[12:26:51] 
============================================================
 Task 6/10  | Classes (0, 10)
============================================================
[12:26:51] Task 5 baseline (chance): 10.00%
[12:26:55] Task 5 zero-shot (pre-train): 7.67%
[12:30:17] task=5  epoch=0  train_loss=0.4399
[12:30:46] task=5  epoch=END  time_sec=202.2  acc_task0=15.8  acc_task1=21.85  acc_task2=21.4  acc_task3=29.09  acc_task4=39.55  acc_task5=94.91
[12:30:46] 
============================================================
 Task 7/10  | Classes (0, 10)
============================================================
[12:30:46] Task 6 baseline (chance): 10.00%
[12:30:50] Task 6 zero-shot (pre-train): 13.62%
[12:34:16] task=6  epoch=0  train_loss=0.4545
[12:34:42] task=6  epoch=END  time_sec=205.6  acc_task0=14.11  acc_task1=18.65  acc_task2=18.0  acc_task3=18.33  acc_task4=22.8  acc_task5=35.8  acc_task6=94.88
[12:34:42] 
============================================================
 Task 8/10  | Classes (0, 10)
============================================================
[12:34:42] Task 7 baseline (chance): 10.00%
[12:34:46] Task 7 zero-shot (pre-train): 9.86%
