[12:37:09] Starting: permuted_mnist_ewc_seed456
[12:37:09] Config: {'dataset': 'permuted_mnist', 'data_root': 'Project/data_local', 'model': 'resnet8', 'pretrained': False, 'method': 'ewc', 'n_epochs': 1, 'batch_size': 32, 'num_workers': 0, 'lr': 0.03, 'momentum': 0.9, 'weight_decay': 0.0001, 'fp16': False, 'buffer_size': 200, 'ewc_lambda': 100.0, 'fisher_samples': 200, 'si_lambda': 1.0, 'si_xi': 0.1, 'der_alpha': 0.5, 'xder_beta': 0.5, 'lwf_lambda': 1.0, 'lwf_temp': 2.0, 'icarl_distill_w': 1.0, 'icarl_temp': 2.0, 'use_nmc': True, 'agem_mem_batch': 64, 'distill_lambda': 1.0, 'distill_temp': 2.0, 'pc_distill_w': 1.0, 'pc_ewc_lambda': 100.0, 'pc_compress_epochs': 3, 'er_replay_ratio': 0.5, 'joint_replay_epochs': 1, 'disable_tqdm': True, 'disable_checkpoints': True, 'disable_plots': False, 'seeds': [42, 123, 456, 789, 1024], 'results_root': 'results_fwt', 'checkpoint_dir': 'results/checkpoints', 'figure_dir': 'results_fwt\\figures', 'log_dir': 'results_fwt\\raw', 'run_name': 'permuted_mnist_ewc_seed456', 'seed': 456}
[12:37:09] Device: cuda
[12:37:09] Dataset: PermutedMNIST(tasks=10, classes_per_task=10, scenario=domain-il)
[12:37:09] 
============================================================
 Task 1/10  | Classes (0, 10)
============================================================
[12:37:09] Task 0 baseline (chance): 10.00%
[12:37:35] task=0  epoch=0  train_loss=0.3176
[12:37:38] task=0  epoch=END  time_sec=26.2  acc_task0=93.56
[12:37:38] 
============================================================
 Task 2/10  | Classes (0, 10)
============================================================
[12:37:38] Task 1 baseline (chance): 10.00%
[12:37:42] Task 1 zero-shot (pre-train): 9.08%
[12:38:28] task=1  epoch=0  train_loss=0.2829
[12:38:35] task=1  epoch=END  time_sec=45.4  acc_task0=47.74  acc_task1=95.07
[12:38:35] 
============================================================
 Task 3/10  | Classes (0, 10)
============================================================
[12:38:35] Task 2 baseline (chance): 10.00%
[12:38:39] Task 2 zero-shot (pre-train): 10.12%
[12:39:45] task=2  epoch=0  train_loss=0.326
[12:39:56] task=2  epoch=END  time_sec=66.1  acc_task0=22.45  acc_task1=40.76  acc_task2=94.95
[12:39:56] 
============================================================
 Task 4/10  | Classes (0, 10)
============================================================
[12:39:56] Task 3 baseline (chance): 10.00%
[12:40:00] Task 3 zero-shot (pre-train): 12.35%
[12:41:27] task=3  epoch=0  train_loss=0.3518
[12:41:42] task=3  epoch=END  time_sec=87.5  acc_task0=16.54  acc_task1=14.5  acc_task2=35.36  acc_task3=94.39
[12:41:42] 
============================================================
 Task 5/10  | Classes (0, 10)
============================================================
[12:41:42] Task 4 baseline (chance): 10.00%
[12:41:46] Task 4 zero-shot (pre-train): 12.48%
[12:43:28] task=4  epoch=0  train_loss=0.3772
[12:43:48] task=4  epoch=END  time_sec=102.6  acc_task0=16.93  acc_task1=20.79  acc_task2=24.1  acc_task3=51.3  acc_task4=94.45
[12:43:48] 
============================================================
 Task 6/10  | Classes (0, 10)
============================================================
[12:43:48] Task 5 baseline (chance): 10.00%
[12:43:52] Task 5 zero-shot (pre-train): 7.16%
[12:45:49] task=5  epoch=0  train_loss=0.4124
[12:46:11] task=5  epoch=END  time_sec=117.6  acc_task0=21.18  acc_task1=14.92  acc_task2=19.6  acc_task3=19.29  acc_task4=34.3  acc_task5=93.73
[12:46:11] 
============================================================
 Task 7/10  | Classes (0, 10)
============================================================
[12:46:11] Task 6 baseline (chance): 10.00%
[12:46:15] Task 6 zero-shot (pre-train): 14.07%
[12:48:46] task=6  epoch=0  train_loss=0.4467
[12:49:12] task=6  epoch=END  time_sec=150.5  acc_task0=15.47  acc_task1=11.6  acc_task2=12.92  acc_task3=17.51  acc_task4=23.03  acc_task5=39.34  acc_task6=94.92
[12:49:12] 
============================================================
 Task 8/10  | Classes (0, 10)
============================================================
[12:49:12] Task 7 baseline (chance): 10.00%
[12:49:16] Task 7 zero-shot (pre-train): 9.32%
[12:51:40] task=7  epoch=0  train_loss=0.4733
[12:52:11] task=7  epoch=END  time_sec=144.8  acc_task0=13.88  acc_task1=15.12  acc_task2=12.69  acc_task3=19.85  acc_task4=23.83  acc_task5=24.94  acc_task6=33.38  acc_task7=94.47
[12:52:11] 
============================================================
 Task 9/10  | Classes (0, 10)
============================================================
[12:52:11] Task 8 baseline (chance): 10.00%
[12:52:15] Task 8 zero-shot (pre-train): 14.51%
[12:54:54] task=8  epoch=0  train_loss=0.5048
[12:55:28] task=8  epoch=END  time_sec=159.7  acc_task0=12.04  acc_task1=14.15  acc_task2=13.23  acc_task3=19.16  acc_task4=16.93  acc_task5=16.76  acc_task6=21.18  acc_task7=34.57  acc_task8=94.2
[12:55:28] 
============================================================
 Task 10/10  | Classes (0, 10)
============================================================
[12:55:28] Task 9 baseline (chance): 10.00%
[12:55:32] Task 9 zero-shot (pre-train): 13.70%
[12:58:26] task=9  epoch=0  train_loss=0.5279
[12:59:04] task=9  epoch=END  time_sec=174.3  acc_task0=16.07  acc_task1=13.98  acc_task2=15.38  acc_task3=14.99  acc_task4=15.9  acc_task5=12.01  acc_task6=16.01  acc_task7=15.93  acc_task8=35.09  acc_task9=93.68
[12:59:04] 
Final Metrics:
  avg_accuracy         +24.9040
  forgetting           +77.1533
  backward_transfer    -77.1533
  forward_transfer     +1.4211
[12:59:05] 
Done - run: permuted_mnist_ewc_seed456
[12:59:05] Metrics: {'avg_accuracy': 24.904, 'forgetting': 77.1533, 'backward_transfer': -77.1533, 'forward_transfer': 1.4211}
