[11:57:32] Starting: permuted_mnist_ewc_seed42
[11:57:32] Config: {'dataset': 'permuted_mnist', 'data_root': 'Project/data_local', 'model': 'resnet8', 'pretrained': False, 'method': 'ewc', 'n_epochs': 1, 'batch_size': 32, 'num_workers': 0, 'lr': 0.03, 'momentum': 0.9, 'weight_decay': 0.0001, 'fp16': False, 'buffer_size': 200, 'ewc_lambda': 100.0, 'fisher_samples': 200, 'si_lambda': 1.0, 'si_xi': 0.1, 'der_alpha': 0.5, 'xder_beta': 0.5, 'lwf_lambda': 1.0, 'lwf_temp': 2.0, 'icarl_distill_w': 1.0, 'icarl_temp': 2.0, 'use_nmc': True, 'agem_mem_batch': 64, 'distill_lambda': 1.0, 'distill_temp': 2.0, 'pc_distill_w': 1.0, 'pc_ewc_lambda': 100.0, 'pc_compress_epochs': 3, 'er_replay_ratio': 0.5, 'joint_replay_epochs': 1, 'disable_tqdm': True, 'disable_checkpoints': True, 'disable_plots': False, 'seeds': [42, 123, 456, 789, 1024], 'results_root': 'results_fwt', 'checkpoint_dir': 'results/checkpoints', 'figure_dir': 'results_fwt\\figures', 'log_dir': 'results_fwt\\raw', 'run_name': 'permuted_mnist_ewc_seed42', 'seed': 42}
[11:57:32] Device: cuda
[11:57:32] Dataset: PermutedMNIST(tasks=10, classes_per_task=10, scenario=domain-il)
[11:57:32] 
============================================================
 Task 1/10  | Classes (0, 10)
============================================================
[11:57:32] Task 0 baseline (chance): 10.00%
[11:57:58] task=0  epoch=0  train_loss=0.3245
[11:58:02] task=0  epoch=END  time_sec=26.3  acc_task0=94.59
[11:58:02] 
============================================================
 Task 2/10  | Classes (0, 10)
============================================================
[11:58:02] Task 1 baseline (chance): 10.00%
[11:58:06] Task 1 zero-shot (pre-train): 8.10%
[11:58:51] task=1  epoch=0  train_loss=0.271
[11:58:58] task=1  epoch=END  time_sec=45.5  acc_task0=31.39  acc_task1=94.76
[11:58:58] 
============================================================
 Task 3/10  | Classes (0, 10)
============================================================
[11:58:58] Task 2 baseline (chance): 10.00%
[11:59:02] Task 2 zero-shot (pre-train): 11.71%
[12:00:09] task=2  epoch=0  train_loss=0.2861
[12:00:20] task=2  epoch=END  time_sec=66.6  acc_task0=13.26  acc_task1=36.86  acc_task2=95.23
[12:00:20] 
============================================================
 Task 4/10  | Classes (0, 10)
============================================================
[12:00:20] Task 3 baseline (chance): 10.00%
[12:00:24] Task 3 zero-shot (pre-train): 9.08%
[12:01:50] task=3  epoch=0  train_loss=0.3121
[12:02:05] task=3  epoch=END  time_sec=86.5  acc_task0=11.66  acc_task1=16.2  acc_task2=46.77  acc_task3=95.14
[12:02:05] 
============================================================
 Task 5/10  | Classes (0, 10)
============================================================
[12:02:05] Task 4 baseline (chance): 10.00%
[12:02:09] Task 4 zero-shot (pre-train): 8.60%
[12:03:50] task=4  epoch=0  train_loss=0.3361
[12:04:09] task=4  epoch=END  time_sec=101.6  acc_task0=9.07  acc_task1=14.73  acc_task2=25.66  acc_task3=46.61  acc_task4=94.34
[12:04:09] 
============================================================
 Task 6/10  | Classes (0, 10)
============================================================
[12:04:09] Task 5 baseline (chance): 10.00%
[12:04:12] Task 5 zero-shot (pre-train): 10.04%
[12:06:09] task=5  epoch=0  train_loss=0.3723
[12:06:32] task=5  epoch=END  time_sec=116.9  acc_task0=14.57  acc_task1=8.78  acc_task2=13.67  acc_task3=25.3  acc_task4=45.72  acc_task5=95.09
[12:06:32] 
============================================================
 Task 7/10  | Classes (0, 10)
============================================================
[12:06:32] Task 6 baseline (chance): 10.00%
[12:06:35] Task 6 zero-shot (pre-train): 12.24%
[12:08:48] task=6  epoch=0  train_loss=0.4009
[12:09:14] task=6  epoch=END  time_sec=132.4  acc_task0=14.86  acc_task1=9.71  acc_task2=16.83  acc_task3=16.46  acc_task4=22.85  acc_task5=37.78  acc_task6=94.68
[12:09:14] 
============================================================
 Task 8/10  | Classes (0, 10)
============================================================
[12:09:14] Task 7 baseline (chance): 10.00%
[12:09:18] Task 7 zero-shot (pre-train): 9.18%
[12:11:45] task=7  epoch=0  train_loss=0.4272
[12:12:15] task=7  epoch=END  time_sec=147.2  acc_task0=12.89  acc_task1=10.0  acc_task2=18.7  acc_task3=19.07  acc_task4=23.4  acc_task5=23.56  acc_task6=47.28  acc_task7=93.86
[12:12:15] 
============================================================
 Task 9/10  | Classes (0, 10)
============================================================
[12:12:15] Task 8 baseline (chance): 10.00%
[12:12:19] Task 8 zero-shot (pre-train): 15.34%
[12:15:00] task=8  epoch=0  train_loss=0.4561
[12:15:34] task=8  epoch=END  time_sec=161.7  acc_task0=14.66  acc_task1=16.1  acc_task2=14.35  acc_task3=22.6  acc_task4=15.86  acc_task5=12.0  acc_task6=26.37  acc_task7=40.56  acc_task8=94.89
[12:15:34] 
============================================================
 Task 10/10  | Classes (0, 10)
============================================================
[12:15:34] Task 9 baseline (chance): 10.00%
[12:15:38] Task 9 zero-shot (pre-train): 12.90%
[12:18:34] task=9  epoch=0  train_loss=0.4899
[12:19:12] task=9  epoch=END  time_sec=176.1  acc_task0=11.38  acc_task1=14.63  acc_task2=10.82  acc_task3=20.21  acc_task4=14.18  acc_task5=13.0  acc_task6=17.39  acc_task7=17.27  acc_task8=39.44  acc_task9=94.24
[12:19:12] 
Final Metrics:
  avg_accuracy         +25.2560
  forgetting           +77.1400
  backward_transfer    -77.1400
  forward_transfer     +0.7989
[12:19:12] 
Done - run: permuted_mnist_ewc_seed42
[12:19:12] Metrics: {'avg_accuracy': 25.256, 'forgetting': 77.14, 'backward_transfer': -77.14, 'forward_transfer': 0.7989}
