[18:04:24] Starting: split_cifar10_er_ewc_noewc_seed42
[18:04:24] Config: {'dataset': 'split_cifar10', 'data_root': 'Project/data_local', 'model': 'slim_resnet18', 'pretrained': False, 'method': 'er_ewc', 'n_epochs': 1, 'batch_size': 32, 'num_workers': 0, 'lr': 0.03, 'momentum': 0.9, 'weight_decay': 0.0001, 'fp16': False, 'buffer_size': 200, 'ewc_lambda': 0.0, 'fisher_samples': 200, 'si_lambda': 1.0, 'si_xi': 0.1, 'der_alpha': 0.5, 'xder_beta': 0.5, 'lwf_lambda': 1.0, 'lwf_temp': 2.0, 'icarl_distill_w': 1.0, 'icarl_temp': 2.0, 'use_nmc': True, 'agem_mem_batch': 64, 'distill_lambda': 1.0, 'distill_temp': 2.0, 'pc_distill_w': 1.0, 'pc_ewc_lambda': 100.0, 'pc_compress_epochs': 3, 'er_replay_ratio': 0.5, 'joint_replay_epochs': 1, 'disable_tqdm': True, 'disable_checkpoints': False, 'disable_plots': False, 'seeds': [42, 123, 456], 'results_root': 'results_phase3_interactions_plots', 'checkpoint_dir': 'results/checkpoints', 'figure_dir': 'results_phase3_interactions_plots/figures', 'log_dir': 'results_phase3_interactions_plots/raw', 'run_tag': 'noewc', 'run_name': 'split_cifar10_er_ewc_noewc_seed42', 'seed': 42}
[18:04:24] Device: cuda
[18:04:26] Dataset: SplitCIFAR10(tasks=5, classes_per_task=2, scenario=class-il)
[18:04:26] 
============================================================
 Task 1/5  | Classes (0, 2)
============================================================
[18:04:26] Task 0 baseline (chance): 50.00%
[18:04:37] task=0  epoch=0  train_loss=0.4102
[18:04:38] task=0  epoch=END  time_sec=11.1  acc_task0=86.6
[18:04:38] 
============================================================
 Task 2/5  | Classes (2, 4)
============================================================
[18:04:38] Task 1 baseline (chance): 25.00%
[18:04:39] Task 1 zero-shot (pre-train): 0.65%
[18:04:56] task=1  epoch=0  train_loss=0.6823
[18:04:57] task=1  epoch=END  time_sec=17.2  acc_task0=38.75  acc_task1=72.75
[18:04:57] 
============================================================
 Task 3/5  | Classes (4, 6)
============================================================
[18:04:57] Task 2 baseline (chance): 16.67%
[18:04:58] Task 2 zero-shot (pre-train): 0.00%
[18:05:22] task=2  epoch=0  train_loss=0.7103
[18:05:25] task=2  epoch=END  time_sec=24.3  acc_task0=42.1  acc_task1=4.9  acc_task2=78.0
[18:05:25] 
============================================================
 Task 4/5  | Classes (6, 8)
============================================================
[18:05:25] Task 3 baseline (chance): 12.50%
[18:05:26] Task 3 zero-shot (pre-train): 0.00%
[18:05:57] task=3  epoch=0  train_loss=0.4865
[18:06:00] task=3  epoch=END  time_sec=31.1  acc_task0=28.15  acc_task1=2.0  acc_task2=8.7  acc_task3=84.95
[18:06:00] 
============================================================
 Task 5/5  | Classes (8, 10)
============================================================
[18:06:00] Task 4 baseline (chance): 10.00%
[18:06:00] Task 4 zero-shot (pre-train): 0.00%
[18:06:39] task=4  epoch=0  train_loss=0.4578
[18:06:42] task=4  epoch=END  time_sec=38.4  acc_task0=1.45  acc_task1=2.05  acc_task2=3.65  acc_task3=25.7  acc_task4=91.05
[18:06:43] 
Final Metrics:
  avg_accuracy         +24.7800
  forgetting           +72.3625
  backward_transfer    -72.3625
  forward_transfer     -15.8792
[18:06:43] 
Done - run: split_cifar10_er_ewc_noewc_seed42
[18:06:43] Metrics: {'avg_accuracy': 24.78, 'forgetting': 72.3625, 'backward_transfer': -72.3625, 'forward_transfer': -15.8792}
