[18:09:03] Starting: split_cifar10_er_ewc_noewc_seed456
[18:09:03] Config: {'dataset': 'split_cifar10', 'data_root': 'Project/data_local', 'model': 'slim_resnet18', 'pretrained': False, 'method': 'er_ewc', 'n_epochs': 1, 'batch_size': 32, 'num_workers': 0, 'lr': 0.03, 'momentum': 0.9, 'weight_decay': 0.0001, 'fp16': False, 'buffer_size': 200, 'ewc_lambda': 0.0, 'fisher_samples': 200, 'si_lambda': 1.0, 'si_xi': 0.1, 'der_alpha': 0.5, 'xder_beta': 0.5, 'lwf_lambda': 1.0, 'lwf_temp': 2.0, 'icarl_distill_w': 1.0, 'icarl_temp': 2.0, 'use_nmc': True, 'agem_mem_batch': 64, 'distill_lambda': 1.0, 'distill_temp': 2.0, 'pc_distill_w': 1.0, 'pc_ewc_lambda': 100.0, 'pc_compress_epochs': 3, 'er_replay_ratio': 0.5, 'joint_replay_epochs': 1, 'disable_tqdm': True, 'disable_checkpoints': False, 'disable_plots': False, 'seeds': [42, 123, 456], 'results_root': 'results_phase3_interactions_plots', 'checkpoint_dir': 'results/checkpoints', 'figure_dir': 'results_phase3_interactions_plots/figures', 'log_dir': 'results_phase3_interactions_plots/raw', 'run_tag': 'noewc', 'run_name': 'split_cifar10_er_ewc_noewc_seed456', 'seed': 456}
[18:09:03] Device: cuda
[18:09:04] Dataset: SplitCIFAR10(tasks=5, classes_per_task=2, scenario=class-il)
[18:09:04] 
============================================================
 Task 1/5  | Classes (0, 2)
============================================================
[18:09:04] Task 0 baseline (chance): 50.00%
[18:09:15] task=0  epoch=0  train_loss=0.3887
[18:09:16] task=0  epoch=END  time_sec=11.0  acc_task0=90.1
[18:09:16] 
============================================================
 Task 2/5  | Classes (2, 4)
============================================================
[18:09:16] Task 1 baseline (chance): 25.00%
[18:09:17] Task 1 zero-shot (pre-train): 0.25%
[18:09:34] task=1  epoch=0  train_loss=0.6681
[18:09:35] task=1  epoch=END  time_sec=17.3  acc_task0=55.1  acc_task1=73.9
[18:09:36] 
============================================================
 Task 3/5  | Classes (4, 6)
============================================================
[18:09:36] Task 2 baseline (chance): 16.67%
[18:09:36] Task 2 zero-shot (pre-train): 0.00%
[18:10:00] task=2  epoch=0  train_loss=0.5965
[18:10:03] task=2  epoch=END  time_sec=24.2  acc_task0=15.25  acc_task1=2.2  acc_task2=82.45
[18:10:03] 
============================================================
 Task 4/5  | Classes (6, 8)
============================================================
[18:10:03] Task 3 baseline (chance): 12.50%
[18:10:04] Task 3 zero-shot (pre-train): 0.00%
[18:10:35] task=3  epoch=0  train_loss=0.5022
[18:10:38] task=3  epoch=END  time_sec=31.4  acc_task0=29.25  acc_task1=0.15  acc_task2=1.15  acc_task3=92.0
[18:10:38] 
============================================================
 Task 5/5  | Classes (8, 10)
============================================================
[18:10:38] Task 4 baseline (chance): 10.00%
[18:10:39] Task 4 zero-shot (pre-train): 0.00%
[18:11:17] task=4  epoch=0  train_loss=0.4511
[18:11:21] task=4  epoch=END  time_sec=38.3  acc_task0=1.95  acc_task1=2.05  acc_task2=13.7  acc_task3=9.55  acc_task4=90.0
[18:11:21] 
Final Metrics:
  avg_accuracy         +23.4500
  forgetting           +77.8000
  backward_transfer    -77.8000
  forward_transfer     -15.9792
[18:11:21] 
Done - run: split_cifar10_er_ewc_noewc_seed456
[18:11:21] Metrics: {'avg_accuracy': 23.45, 'forgetting': 77.8, 'backward_transfer': -77.8, 'forward_transfer': -15.9792}
