[18:06:43] Starting: split_cifar10_er_ewc_noewc_seed123
[18:06:43] Config: {'dataset': 'split_cifar10', 'data_root': 'Project/data_local', 'model': 'slim_resnet18', 'pretrained': False, 'method': 'er_ewc', 'n_epochs': 1, 'batch_size': 32, 'num_workers': 0, 'lr': 0.03, 'momentum': 0.9, 'weight_decay': 0.0001, 'fp16': False, 'buffer_size': 200, 'ewc_lambda': 0.0, 'fisher_samples': 200, 'si_lambda': 1.0, 'si_xi': 0.1, 'der_alpha': 0.5, 'xder_beta': 0.5, 'lwf_lambda': 1.0, 'lwf_temp': 2.0, 'icarl_distill_w': 1.0, 'icarl_temp': 2.0, 'use_nmc': True, 'agem_mem_batch': 64, 'distill_lambda': 1.0, 'distill_temp': 2.0, 'pc_distill_w': 1.0, 'pc_ewc_lambda': 100.0, 'pc_compress_epochs': 3, 'er_replay_ratio': 0.5, 'joint_replay_epochs': 1, 'disable_tqdm': True, 'disable_checkpoints': False, 'disable_plots': False, 'seeds': [42, 123, 456], 'results_root': 'results_phase3_interactions_plots', 'checkpoint_dir': 'results/checkpoints', 'figure_dir': 'results_phase3_interactions_plots/figures', 'log_dir': 'results_phase3_interactions_plots/raw', 'run_tag': 'noewc', 'run_name': 'split_cifar10_er_ewc_noewc_seed123', 'seed': 123}
[18:06:43] Device: cuda
[18:06:44] Dataset: SplitCIFAR10(tasks=5, classes_per_task=2, scenario=class-il)
[18:06:44] 
============================================================
 Task 1/5  | Classes (0, 2)
============================================================
[18:06:44] Task 0 baseline (chance): 50.00%
[18:06:55] task=0  epoch=0  train_loss=0.4347
[18:06:56] task=0  epoch=END  time_sec=11.0  acc_task0=86.75
[18:06:56] 
============================================================
 Task 2/5  | Classes (2, 4)
============================================================
[18:06:56] Task 1 baseline (chance): 25.00%
[18:06:57] Task 1 zero-shot (pre-train): 3.45%
[18:07:14] task=1  epoch=0  train_loss=0.6572
[18:07:16] task=1  epoch=END  time_sec=17.2  acc_task0=54.2  acc_task1=71.0
[18:07:16] 
============================================================
 Task 3/5  | Classes (4, 6)
============================================================
[18:07:16] Task 2 baseline (chance): 16.67%
[18:07:17] Task 2 zero-shot (pre-train): 0.00%
[18:07:41] task=2  epoch=0  train_loss=0.7142
[18:07:43] task=2  epoch=END  time_sec=24.3  acc_task0=32.85  acc_task1=2.85  acc_task2=80.1
[18:07:43] 
============================================================
 Task 4/5  | Classes (6, 8)
============================================================
[18:07:43] Task 3 baseline (chance): 12.50%
[18:07:44] Task 3 zero-shot (pre-train): 0.00%
[18:08:16] task=3  epoch=0  train_loss=0.4895
[18:08:19] task=3  epoch=END  time_sec=31.7  acc_task0=27.5  acc_task1=1.5  acc_task2=4.55  acc_task3=91.35
[18:08:19] 
============================================================
 Task 5/5  | Classes (8, 10)
============================================================
[18:08:19] Task 4 baseline (chance): 10.00%
[18:08:20] Task 4 zero-shot (pre-train): 0.00%
[18:08:58] task=4  epoch=0  train_loss=0.4258
[18:09:02] task=4  epoch=END  time_sec=38.8  acc_task0=5.0  acc_task1=3.95  acc_task2=15.2  acc_task3=33.0  acc_task4=88.4
[18:09:02] 
Final Metrics:
  avg_accuracy         +29.1100
  forgetting           +68.0125
  backward_transfer    -68.0125
  forward_transfer     -15.1792
[18:09:03] 
Done - run: split_cifar10_er_ewc_noewc_seed123
[18:09:03] Metrics: {'avg_accuracy': 29.11, 'forgetting': 68.0125, 'backward_transfer': -68.0125, 'forward_transfer': -15.1792}
