[11:35:34] Starting: permuted_mnist_der_nodistill_seed42
[11:35:34] Config: {'dataset': 'permuted_mnist', 'data_root': 'Project/data_local', 'model': 'resnet8', 'pretrained': False, 'method': 'der', 'n_epochs': 1, 'batch_size': 32, 'num_workers': 0, 'lr': 0.03, 'momentum': 0.9, 'weight_decay': 0.0001, 'fp16': False, 'buffer_size': 200, 'ewc_lambda': 100.0, 'fisher_samples': 200, 'si_lambda': 1.0, 'si_xi': 0.1, 'der_alpha': 0.0, 'xder_beta': 0.5, 'lwf_lambda': 1.0, 'lwf_temp': 2.0, 'icarl_distill_w': 1.0, 'icarl_temp': 2.0, 'use_nmc': True, 'agem_mem_batch': 64, 'distill_lambda': 1.0, 'distill_temp': 2.0, 'pc_distill_w': 1.0, 'pc_ewc_lambda': 100.0, 'pc_compress_epochs': 3, 'er_replay_ratio': 0.5, 'joint_replay_epochs': 1, 'disable_tqdm': True, 'disable_checkpoints': True, 'disable_plots': True, 'seeds': [42, 123, 456], 'results_root': 'results_phase3_interactions', 'checkpoint_dir': 'results/checkpoints', 'figure_dir': 'results_phase3_interactions\\figures', 'log_dir': 'results_phase3_interactions\\raw', 'run_tag': 'nodistill', 'run_name': 'permuted_mnist_der_nodistill_seed42', 'seed': 42}
[11:35:34] Device: cuda
[11:35:34] Dataset: PermutedMNIST(tasks=10, classes_per_task=10, scenario=domain-il)
[11:35:34] 
============================================================
 Task 1/10  | Classes (0, 10)
============================================================
[11:35:34] Task 0 baseline (chance): 10.00%
[11:36:23] task=0  epoch=0  train_loss=0.3245
[11:36:25] task=0  epoch=END  time_sec=48.4  acc_task0=94.96
[11:36:25] 
============================================================
 Task 2/10  | Classes (0, 10)
============================================================
[11:36:25] Task 1 baseline (chance): 10.00%
[11:36:29] Task 1 zero-shot (pre-train): 8.22%
[11:37:18] task=1  epoch=0  train_loss=0.2528
[11:37:26] task=1  epoch=END  time_sec=48.5  acc_task0=38.29  acc_task1=95.57
[11:37:26] 
============================================================
 Task 3/10  | Classes (0, 10)
============================================================
[11:37:26] Task 2 baseline (chance): 10.00%
[11:37:30] Task 2 zero-shot (pre-train): 11.18%
[11:38:33] task=2  epoch=0  train_loss=0.2461
[11:38:48] task=2  epoch=END  time_sec=62.9  acc_task0=14.12  acc_task1=44.83  acc_task2=96.08
[11:38:48] 
============================================================
 Task 4/10  | Classes (0, 10)
============================================================
[11:38:48] Task 3 baseline (chance): 10.00%
[11:38:53] Task 3 zero-shot (pre-train): 10.96%
[11:39:56] task=3  epoch=0  train_loss=0.2404
[11:40:15] task=3  epoch=END  time_sec=63.5  acc_task0=11.23  acc_task1=15.6  acc_task2=46.77  acc_task3=95.8
[11:40:15] 
============================================================
 Task 5/10  | Classes (0, 10)
============================================================
[11:40:15] Task 4 baseline (chance): 10.00%
[11:40:19] Task 4 zero-shot (pre-train): 9.05%
[11:41:09] task=4  epoch=0  train_loss=0.233
[11:41:26] task=4  epoch=END  time_sec=49.8  acc_task0=11.28  acc_task1=14.91  acc_task2=25.69  acc_task3=59.22  acc_task4=95.65
[11:41:26] 
============================================================
 Task 6/10  | Classes (0, 10)
============================================================
[11:41:26] Task 5 baseline (chance): 10.00%
[11:41:30] Task 5 zero-shot (pre-train): 9.19%
[11:42:24] task=5  epoch=0  train_loss=0.2435
[11:42:50] task=5  epoch=END  time_sec=54.3  acc_task0=13.14  acc_task1=7.68  acc_task2=17.32  acc_task3=24.18  acc_task4=53.8  acc_task5=95.89
[11:42:50] 
============================================================
 Task 7/10  | Classes (0, 10)
============================================================
[11:42:50] Task 6 baseline (chance): 10.00%
[11:42:55] Task 6 zero-shot (pre-train): 15.81%
[11:43:59] task=6  epoch=0  train_loss=0.2444
[11:44:33] task=6  epoch=END  time_sec=64.4  acc_task0=16.74  acc_task1=12.82  acc_task2=16.24  acc_task3=15.22  acc_task4=29.81  acc_task5=59.55  acc_task6=94.72
[11:44:33] 
============================================================
 Task 8/10  | Classes (0, 10)
============================================================
[11:44:33] Task 7 baseline (chance): 10.00%
[11:44:37] Task 7 zero-shot (pre-train): 10.77%
[11:45:41] task=7  epoch=0  train_loss=0.2395
[11:46:16] task=7  epoch=END  time_sec=63.5  acc_task0=14.54  acc_task1=16.05  acc_task2=17.19  acc_task3=16.79  acc_task4=21.1  acc_task5=31.5  acc_task6=57.2  acc_task7=95.17
[11:46:16] 
============================================================
 Task 9/10  | Classes (0, 10)
============================================================
[11:46:16] Task 8 baseline (chance): 10.00%
[11:46:21] Task 8 zero-shot (pre-train): 16.46%
[11:47:25] task=8  epoch=0  train_loss=0.2455
[11:48:10] task=8  epoch=END  time_sec=64.6  acc_task0=14.73  acc_task1=13.73  acc_task2=11.51  acc_task3=16.28  acc_task4=13.7  acc_task5=15.52  acc_task6=27.74  acc_task7=47.64  acc_task8=95.3
[11:48:10] 
============================================================
 Task 10/10  | Classes (0, 10)
============================================================
[11:48:10] Task 9 baseline (chance): 10.00%
[11:48:15] Task 9 zero-shot (pre-train): 15.65%
[11:49:19] task=9  epoch=0  train_loss=0.2358
[11:50:07] task=9  epoch=END  time_sec=64.7  acc_task0=12.14  acc_task1=10.84  acc_task2=12.61  acc_task3=14.8  acc_task4=13.09  acc_task5=10.59  acc_task6=16.71  acc_task7=25.9  acc_task8=51.28  acc_task9=95.82
[11:50:07] 
Final Metrics:
  avg_accuracy         +26.3780
  forgetting           +76.7978
  backward_transfer    -76.7978
  forward_transfer     +1.9211
[11:50:07] 
Done - run: permuted_mnist_der_nodistill_seed42
[11:50:07] Metrics: {'avg_accuracy': 26.378, 'forgetting': 76.7978, 'backward_transfer': -76.7978, 'forward_transfer': 1.9211}
