[22:35:32] Starting: permuted_mnist_si_der_nosi_seed42
[22:35:32] Config: {'dataset': 'permuted_mnist', 'data_root': 'Project/data_local', 'model': 'resnet8', 'pretrained': False, 'method': 'si_der', 'n_epochs': 1, 'batch_size': 32, 'num_workers': 0, 'lr': 0.03, 'momentum': 0.9, 'weight_decay': 0.0001, 'fp16': False, 'buffer_size': 200, 'ewc_lambda': 100.0, 'fisher_samples': 200, 'si_lambda': 0.0, 'si_xi': 0.1, 'der_alpha': 0.5, 'xder_beta': 0.5, 'lwf_lambda': 1.0, 'lwf_temp': 2.0, 'icarl_distill_w': 1.0, 'icarl_temp': 2.0, 'use_nmc': True, 'agem_mem_batch': 64, 'distill_lambda': 1.0, 'distill_temp': 2.0, 'pc_distill_w': 1.0, 'pc_ewc_lambda': 100.0, 'pc_compress_epochs': 3, 'er_replay_ratio': 0.5, 'joint_replay_epochs': 1, 'disable_tqdm': True, 'disable_checkpoints': False, 'disable_plots': False, 'seeds': [42, 123, 456], 'results_root': 'results_phase3_interactions_plots', 'checkpoint_dir': 'results/checkpoints', 'figure_dir': 'results_phase3_interactions_plots/figures', 'log_dir': 'results_phase3_interactions_plots/raw', 'run_tag': 'nosi', 'run_name': 'permuted_mnist_si_der_nosi_seed42', 'seed': 42}
[22:35:32] Device: cuda
[22:35:32] Dataset: PermutedMNIST(tasks=10, classes_per_task=10, scenario=domain-il)
[22:35:33] 
============================================================
 Task 1/10  | Classes (0, 10)
============================================================
[22:35:33] Task 0 baseline (chance): 10.00%
[22:37:21] task=0  epoch=0  train_loss=0.4353
[22:37:26] task=0  epoch=END  time_sec=108.2  acc_task0=95.9
[22:37:26] 
============================================================
 Task 2/10  | Classes (0, 10)
============================================================
[22:37:26] Task 1 baseline (chance): 10.00%
[22:37:32] Task 1 zero-shot (pre-train): 10.18%
[22:39:58] task=1  epoch=0  train_loss=0.3451
[22:40:09] task=1  epoch=END  time_sec=146.1  acc_task0=87.79  acc_task1=96.14
[22:40:09] 
============================================================
 Task 3/10  | Classes (0, 10)
============================================================
[22:40:09] Task 2 baseline (chance): 10.00%
[22:40:15] Task 2 zero-shot (pre-train): 12.32%
[22:42:38] task=2  epoch=0  train_loss=0.3388
[22:42:55] task=2  epoch=END  time_sec=143.6  acc_task0=71.59  acc_task1=89.3  acc_task2=96.32
[22:42:55] 
============================================================
 Task 4/10  | Classes (0, 10)
============================================================
[22:42:55] Task 3 baseline (chance): 10.00%
[22:43:01] Task 3 zero-shot (pre-train): 17.17%
[22:45:27] task=3  epoch=0  train_loss=0.3251
[22:45:49] task=3  epoch=END  time_sec=146.3  acc_task0=59.79  acc_task1=77.43  acc_task2=85.65  acc_task3=96.17
[22:45:49] 
============================================================
 Task 5/10  | Classes (0, 10)
============================================================
[22:45:49] Task 4 baseline (chance): 10.00%
[22:45:55] Task 4 zero-shot (pre-train): 14.06%
[22:48:22] task=4  epoch=0  train_loss=0.3247
[22:48:45] task=4  epoch=END  time_sec=146.9  acc_task0=57.04  acc_task1=73.44  acc_task2=76.54  acc_task3=86.51  acc_task4=96.03
[22:48:45] 
============================================================
 Task 6/10  | Classes (0, 10)
============================================================
[22:48:45] Task 5 baseline (chance): 10.00%
[22:48:50] Task 5 zero-shot (pre-train): 9.51%
[22:51:06] task=5  epoch=0  train_loss=0.323
[22:51:36] task=5  epoch=END  time_sec=136.6  acc_task0=51.31  acc_task1=68.35  acc_task2=71.13  acc_task3=76.75  acc_task4=85.46  acc_task5=95.91
[22:51:36] 
============================================================
 Task 7/10  | Classes (0, 10)
============================================================
[22:51:36] Task 6 baseline (chance): 10.00%
[22:51:42] Task 6 zero-shot (pre-train): 17.82%
[22:54:04] task=6  epoch=0  train_loss=0.3076
[22:54:37] task=6  epoch=END  time_sec=142.7  acc_task0=50.22  acc_task1=64.22  acc_task2=64.54  acc_task3=66.07  acc_task4=69.47  acc_task5=86.8  acc_task6=95.99
[22:54:37] 
============================================================
 Task 8/10  | Classes (0, 10)
============================================================
[22:54:37] Task 7 baseline (chance): 10.00%
[22:54:41] Task 7 zero-shot (pre-train): 12.15%
[22:57:05] task=7  epoch=0  train_loss=0.3013
[22:57:47] task=7  epoch=END  time_sec=143.4  acc_task0=45.62  acc_task1=59.24  acc_task2=58.19  acc_task3=61.75  acc_task4=59.86  acc_task5=75.62  acc_task6=88.04  acc_task7=96.11
[22:57:47] 
============================================================
 Task 9/10  | Classes (0, 10)
============================================================
[22:57:47] Task 8 baseline (chance): 10.00%
[22:57:53] Task 8 zero-shot (pre-train): 11.95%
[23:00:21] task=8  epoch=0  train_loss=0.3049
[23:01:08] task=8  epoch=END  time_sec=148.0  acc_task0=42.01  acc_task1=57.73  acc_task2=55.21  acc_task3=53.18  acc_task4=51.18  acc_task5=63.96  acc_task6=73.32  acc_task7=85.91  acc_task8=96.16
[23:01:09] 
============================================================
 Task 10/10  | Classes (0, 10)
============================================================
[23:01:09] Task 9 baseline (chance): 10.00%
[23:01:14] Task 9 zero-shot (pre-train): 12.97%
[23:03:34] task=9  epoch=0  train_loss=0.3001
[23:04:22] task=9  epoch=END  time_sec=140.0  acc_task0=40.27  acc_task1=52.49  acc_task2=49.72  acc_task3=50.25  acc_task4=47.97  acc_task5=54.11  acc_task6=66.42  acc_task7=70.87  acc_task8=87.59  acc_task9=95.91
[23:04:22] 
Final Metrics:
  avg_accuracy         +61.5600
  forgetting           +38.3378
  backward_transfer    -38.3378
  forward_transfer     +3.1256
[23:04:24] 
Done - run: permuted_mnist_si_der_nosi_seed42
[23:04:24] Metrics: {'avg_accuracy': 61.56, 'forgetting': 38.3378, 'backward_transfer': -38.3378, 'forward_transfer': 3.1256}
