[09:51:42] Starting: split_mini_imagenet_er_ewc_seed123
[09:51:42] Config: {'dataset': 'split_mini_imagenet', 'data_root': 'F:\\Temp\\cf\\Catastrophic Forgetting\\research_v2\\Project\\data_local\\mini-imagenet', 'dataset_image_size': None, 'dataset_out_channels': None, 'model': 'slim_resnet18', 'pretrained': False, 'model_image_size': None, 'method': 'er_ewc', 'n_epochs': 1, 'batch_size': 32, 'num_workers': 0, 'lr': 0.03, 'momentum': 0.9, 'weight_decay': 0.0001, 'fp16': True, 'buffer_size': 200, 'ewc_lambda': 100.0, 'fisher_samples': 200, 'si_lambda': 1.0, 'si_xi': 0.1, 'der_alpha': 0.5, 'xder_beta': 0.5, 'lwf_lambda': 1.0, 'lwf_temp': 2.0, 'icarl_distill_w': 1.0, 'icarl_temp': 2.0, 'use_nmc': True, 'agem_mem_batch': 64, 'distill_lambda': 1.0, 'distill_temp': 2.0, 'pc_distill_w': 1.0, 'pc_ewc_lambda': 100.0, 'pc_compress_epochs': 3, 'er_replay_ratio': 0.5, 'joint_replay_epochs': 1, 'disable_tqdm': True, 'disable_checkpoints': False, 'disable_plots': False, 'resume': True, 'cleanup_checkpoints_on_success': True, 'result_group': 'runs', 'ablation_family': None, 'seeds': [42, 123, 456, 789, 1024], 'results_root': 'F:\\Temp\\cf\\Catastrophic Forgetting\\research_v2\\results', 'seed': 123, 'run_name': 'split_mini_imagenet_er_ewc_seed123', 'project_root': 'F:\\Temp\\cf\\Catastrophic Forgetting\\research_v2\\Project', 'workspace_root': 'F:\\Temp\\cf\\Catastrophic Forgetting\\research_v2', 'run_root': 'F:\\Temp\\cf\\Catastrophic Forgetting\\research_v2\\results\\runs\\epoch_1\\split_mini_imagenet\\hybrids\\er_ewc\\seed_123', 'log_dir': 'F:\\Temp\\cf\\Catastrophic Forgetting\\research_v2\\results\\runs\\epoch_1\\split_mini_imagenet\\hybrids\\er_ewc\\seed_123\\logs', 'metrics_dir': 'F:\\Temp\\cf\\Catastrophic Forgetting\\research_v2\\results\\runs\\epoch_1\\split_mini_imagenet\\hybrids\\er_ewc\\seed_123\\metrics', 'checkpoint_dir': 'F:\\Temp\\cf\\Catastrophic Forgetting\\research_v2\\results\\runs\\epoch_1\\split_mini_imagenet\\hybrids\\er_ewc\\seed_123\\checkpoints', 'artifact_dir': 'F:\\Temp\\cf\\Catastrophic Forgetting\\research_v2\\results\\runs\\epoch_1\\split_mini_imagenet\\hybrids\\er_ewc\\seed_123\\artifacts', 'figure_dir': 'F:\\Temp\\cf\\Catastrophic Forgetting\\research_v2\\results\\figures\\epoch_1\\split_mini_imagenet\\hybrids\\er_ewc\\seed_123'}
[09:51:42] Device: cuda
[09:51:44] Dataset: SplitMiniImageNet(tasks=20, classes_per_task=5, scenario=class-il)
[09:51:44] 
============================================================
 Task 1/20  | Classes (0, 5)
============================================================
[09:51:44] Task 0 baseline (chance): 20.00%
[09:52:02] task=0  epoch=0  train_loss=1.6323
[09:52:06] task=0  epoch=END  time_sec=17.9  acc_task0=36.5
[09:52:06] 
============================================================
 Task 2/20  | Classes (5, 10)
============================================================
[09:52:06] Task 1 baseline (chance): 10.00%
[09:52:09] Task 1 zero-shot (pre-train): 0.00%
[09:52:27] task=1  epoch=0  train_loss=1.8188
[09:52:33] task=1  epoch=END  time_sec=18.1  acc_task0=5.67  acc_task1=50.83
[09:52:33] 
============================================================
 Task 3/20  | Classes (10, 15)
============================================================
[09:52:34] Task 2 baseline (chance): 6.67%
[09:52:36] Task 2 zero-shot (pre-train): 0.00%
[09:52:53] task=2  epoch=0  train_loss=2.0616
[09:53:00] task=2  epoch=END  time_sec=16.9  acc_task0=2.5  acc_task1=16.83  acc_task2=38.0
[09:53:01] 
============================================================
 Task 4/20  | Classes (15, 20)
============================================================
[09:53:01] Task 3 baseline (chance): 5.00%
[09:53:03] Task 3 zero-shot (pre-train): 0.00%
[09:53:21] task=3  epoch=0  train_loss=2.3328
[09:53:31] task=3  epoch=END  time_sec=17.4  acc_task0=0.17  acc_task1=12.83  acc_task2=11.5  acc_task3=36.67
[09:53:31] 
============================================================
 Task 5/20  | Classes (20, 25)
============================================================
[09:53:31] Task 4 baseline (chance): 4.00%
[09:53:34] Task 4 zero-shot (pre-train): 0.00%
[09:53:53] task=4  epoch=0  train_loss=2.4497
[09:54:06] task=4  epoch=END  time_sec=19.4  acc_task0=0.0  acc_task1=18.0  acc_task2=12.17  acc_task3=0.0  acc_task4=36.5
[09:54:07] 
============================================================
 Task 6/20  | Classes (25, 30)
============================================================
[09:54:07] Task 5 baseline (chance): 3.33%
[09:54:10] Task 5 zero-shot (pre-train): 0.00%
[09:54:31] task=5  epoch=0  train_loss=2.5287
[09:54:47] task=5  epoch=END  time_sec=21.2  acc_task0=0.0  acc_task1=19.67  acc_task2=9.83  acc_task3=0.0  acc_task4=1.5  acc_task5=44.17
[09:54:48] 
============================================================
 Task 7/20  | Classes (30, 35)
============================================================
[09:54:48] Task 6 baseline (chance): 2.86%
[09:54:51] Task 6 zero-shot (pre-train): 0.00%
[09:55:11] task=6  epoch=0  train_loss=2.6445
[09:55:28] task=6  epoch=END  time_sec=19.8  acc_task0=0.0  acc_task1=12.67  acc_task2=3.83  acc_task3=0.0  acc_task4=0.0  acc_task5=0.0  acc_task6=42.0
[09:55:29] 
============================================================
 Task 8/20  | Classes (35, 40)
============================================================
[09:55:29] Task 7 baseline (chance): 2.50%
[09:55:32] Task 7 zero-shot (pre-train): 0.00%
[09:55:55] task=7  epoch=0  train_loss=2.6906
[09:56:17] task=7  epoch=END  time_sec=23.3  acc_task0=0.0  acc_task1=7.17  acc_task2=7.0  acc_task3=0.0  acc_task4=0.0  acc_task5=5.83  acc_task6=0.0  acc_task7=41.17
[09:56:18] 
============================================================
 Task 9/20  | Classes (40, 45)
============================================================
[09:56:18] Task 8 baseline (chance): 2.22%
[09:56:22] Task 8 zero-shot (pre-train): 0.00%
[09:56:47] task=8  epoch=0  train_loss=2.6795
[09:57:13] task=8  epoch=END  time_sec=25.5  acc_task0=0.0  acc_task1=7.67  acc_task2=3.17  acc_task3=0.0  acc_task4=0.0  acc_task5=1.17  acc_task6=0.0  acc_task7=0.0  acc_task8=54.0
[09:57:14] 
============================================================
 Task 10/20  | Classes (45, 50)
============================================================
[09:57:14] Task 9 baseline (chance): 2.00%
[09:57:16] Task 9 zero-shot (pre-train): 0.00%
[09:57:39] task=9  epoch=0  train_loss=3.0047
[09:58:06] task=9  epoch=END  time_sec=22.3  acc_task0=0.0  acc_task1=10.5  acc_task2=5.17  acc_task3=0.0  acc_task4=0.0  acc_task5=0.0  acc_task6=2.17  acc_task7=0.0  acc_task8=0.0  acc_task9=35.17
[09:58:07] 
============================================================
 Task 11/20  | Classes (50, 55)
============================================================
[09:58:07] Task 10 baseline (chance): 1.82%
[09:58:10] Task 10 zero-shot (pre-train): 0.00%
[09:58:35] task=10  epoch=0  train_loss=3.1192
[09:59:05] task=10  epoch=END  time_sec=25.4  acc_task0=0.0  acc_task1=6.67  acc_task2=3.0  acc_task3=0.0  acc_task4=0.0  acc_task5=0.0  acc_task6=0.0  acc_task7=0.0  acc_task8=0.0  acc_task9=0.0  acc_task10=38.33
[09:59:06] 
============================================================
 Task 12/20  | Classes (55, 60)
============================================================
[09:59:06] Task 11 baseline (chance): 1.67%
[09:59:09] Task 11 zero-shot (pre-train): 0.00%
[09:59:34] task=11  epoch=0  train_loss=3.213
[10:00:06] task=11  epoch=END  time_sec=25.5  acc_task0=0.0  acc_task1=6.83  acc_task2=6.5  acc_task3=0.0  acc_task4=0.0  acc_task5=2.17  acc_task6=4.0  acc_task7=0.17  acc_task8=0.0  acc_task9=0.17  acc_task10=0.0  acc_task11=37.5
[10:00:07] 
============================================================
 Task 13/20  | Classes (60, 65)
============================================================
[10:00:07] Task 12 baseline (chance): 1.54%
[10:00:09] Task 12 zero-shot (pre-train): 0.00%
[10:00:37] task=12  epoch=0  train_loss=3.1521
[10:01:12] task=12  epoch=END  time_sec=27.2  acc_task0=1.0  acc_task1=7.67  acc_task2=7.0  acc_task3=0.5  acc_task4=0.0  acc_task5=1.83  acc_task6=2.17  acc_task7=0.0  acc_task8=0.0  acc_task9=0.0  acc_task10=0.0  acc_task11=0.0  acc_task12=35.5
[10:01:13] 
============================================================
 Task 14/20  | Classes (65, 70)
============================================================
[10:01:13] Task 13 baseline (chance): 1.43%
[10:01:16] Task 13 zero-shot (pre-train): 0.00%
[10:01:42] task=13  epoch=0  train_loss=3.1796
[10:02:18] task=13  epoch=END  time_sec=25.8  acc_task0=2.83  acc_task1=8.17  acc_task2=5.33  acc_task3=0.0  acc_task4=0.0  acc_task5=0.0  acc_task6=0.33  acc_task7=0.0  acc_task8=0.0  acc_task9=0.0  acc_task10=0.0  acc_task11=0.0  acc_task12=0.0  acc_task13=38.67
[10:02:19] 
============================================================
 Task 15/20  | Classes (70, 75)
============================================================
[10:02:19] Task 14 baseline (chance): 1.33%
[10:02:22] Task 14 zero-shot (pre-train): 0.00%
[10:02:49] task=14  epoch=0  train_loss=3.1423
[10:03:29] task=14  epoch=END  time_sec=27.2  acc_task0=0.67  acc_task1=8.5  acc_task2=0.67  acc_task3=0.0  acc_task4=0.0  acc_task5=0.33  acc_task6=0.83  acc_task7=0.0  acc_task8=0.0  acc_task9=0.5  acc_task10=0.0  acc_task11=0.0  acc_task12=0.0  acc_task13=0.0  acc_task14=54.83
[10:03:31] 
============================================================
 Task 16/20  | Classes (75, 80)
============================================================
[10:03:31] Task 15 baseline (chance): 1.25%
[10:03:34] Task 15 zero-shot (pre-train): 0.00%
[10:04:02] task=15  epoch=0  train_loss=3.0781
[10:04:44] task=15  epoch=END  time_sec=28.0  acc_task0=0.0  acc_task1=5.0  acc_task2=0.0  acc_task3=0.83  acc_task4=0.0  acc_task5=0.17  acc_task6=0.0  acc_task7=0.0  acc_task8=0.0  acc_task9=1.33  acc_task10=0.0  acc_task11=0.0  acc_task12=0.0  acc_task13=0.5  acc_task14=0.0  acc_task15=58.17
[10:04:45] 
============================================================
 Task 17/20  | Classes (80, 85)
============================================================
[10:04:45] Task 16 baseline (chance): 1.18%
[10:04:48] Task 16 zero-shot (pre-train): 0.00%
[10:05:21] task=16  epoch=0  train_loss=3.1649
[10:06:21] task=16  epoch=END  time_sec=32.6  acc_task0=0.0  acc_task1=6.67  acc_task2=7.0  acc_task3=0.0  acc_task4=0.0  acc_task5=0.0  acc_task6=4.5  acc_task7=0.0  acc_task8=0.0  acc_task9=0.0  acc_task10=0.0  acc_task11=0.83  acc_task12=0.0  acc_task13=0.0  acc_task14=0.0  acc_task15=0.0  acc_task16=44.33
[10:06:23] 
============================================================
 Task 18/20  | Classes (85, 90)
============================================================
[10:06:23] Task 17 baseline (chance): 1.11%
[10:06:27] Task 17 zero-shot (pre-train): 0.00%
[10:07:04] task=17  epoch=0  train_loss=3.221
[10:07:55] task=17  epoch=END  time_sec=36.8  acc_task0=0.0  acc_task1=7.67  acc_task2=6.0  acc_task3=0.0  acc_task4=0.0  acc_task5=0.0  acc_task6=0.0  acc_task7=0.0  acc_task8=0.0  acc_task9=0.67  acc_task10=0.0  acc_task11=0.17  acc_task12=0.0  acc_task13=0.0  acc_task14=0.5  acc_task15=0.67  acc_task16=0.0  acc_task17=48.33
[10:07:57] 
============================================================
 Task 19/20  | Classes (90, 95)
============================================================
[10:07:57] Task 18 baseline (chance): 1.05%
[10:08:01] Task 18 zero-shot (pre-train): 0.00%
[10:08:36] task=18  epoch=0  train_loss=3.1169
[10:09:32] task=18  epoch=END  time_sec=35.3  acc_task0=0.17  acc_task1=11.33  acc_task2=1.5  acc_task3=0.0  acc_task4=0.0  acc_task5=0.0  acc_task6=0.0  acc_task7=0.0  acc_task8=0.0  acc_task9=0.0  acc_task10=0.0  acc_task11=0.0  acc_task12=0.0  acc_task13=0.0  acc_task14=0.17  acc_task15=0.0  acc_task16=0.5  acc_task17=0.0  acc_task18=53.33
[10:09:33] 
============================================================
 Task 20/20  | Classes (95, 100)
============================================================
[10:09:33] Task 19 baseline (chance): 1.00%
[10:09:36] Task 19 zero-shot (pre-train): 0.00%
[10:10:14] task=19  epoch=0  train_loss=3.1826
[10:11:18] task=19  epoch=END  time_sec=38.0  acc_task0=0.0  acc_task1=3.33  acc_task2=0.0  acc_task3=0.0  acc_task4=0.0  acc_task5=0.0  acc_task6=0.0  acc_task7=0.33  acc_task8=0.0  acc_task9=0.0  acc_task10=0.0  acc_task11=0.0  acc_task12=0.0  acc_task13=0.0  acc_task14=0.0  acc_task15=0.0  acc_task16=0.0  acc_task17=0.0  acc_task18=0.0  acc_task19=56.83
[10:11:19] 
Final Metrics:
  avg_accuracy         +3.0250
  forgetting           +43.1754
  backward_transfer    -43.1754
  forward_transfer     -2.7345
[10:11:23] 
Done - run: split_mini_imagenet_er_ewc_seed123
[10:11:23] Metrics: {'avg_accuracy': 3.025, 'forgetting': 43.1754, 'backward_transfer': -43.1754, 'forward_transfer': -2.7345}
[10:11:23] Deleted 20 checkpoint(s) after successful completion.
