[00:05:25] Starting: split_cifar100_icarl_seed123
[00:05:25] Config: {'dataset': 'split_cifar100', 'data_root': 'Project/data_local', 'model': 'slim_resnet18', 'pretrained': False, 'method': 'icarl', 'n_epochs': 1, 'batch_size': 32, 'num_workers': 0, 'lr': 0.03, 'momentum': 0.9, 'weight_decay': 0.0001, 'fp16': True, 'buffer_size': 500, 'ewc_lambda': 100.0, 'fisher_samples': 200, 'si_lambda': 1.0, 'si_xi': 0.1, 'der_alpha': 0.5, 'xder_beta': 0.5, 'lwf_lambda': 1.0, 'lwf_temp': 2.0, 'icarl_distill_w': 1.0, 'icarl_temp': 2.0, 'use_nmc': True, 'agem_mem_batch': 64, 'distill_lambda': 1.0, 'distill_temp': 2.0, 'pc_distill_w': 1.0, 'pc_ewc_lambda': 100.0, 'pc_compress_epochs': 3, 'er_replay_ratio': 0.5, 'joint_replay_epochs': 1, 'disable_tqdm': True, 'disable_checkpoints': True, 'disable_plots': False, 'seeds': [42, 123, 456, 789, 1024], 'results_root': 'results_phase3_fwt', 'checkpoint_dir': 'results/checkpoints', 'figure_dir': 'results_phase3_fwt/figures', 'log_dir': 'results_phase3_fwt/raw', 'run_name': 'split_cifar100_icarl_seed123', 'seed': 123}
[00:05:25] Device: cuda
[00:05:27] Dataset: SplitCIFAR100(tasks=20, classes_per_task=5, scenario=class-il)
[00:05:27] 
============================================================
 Task 1/20  | Classes (0, 5)
============================================================
[00:05:27] Task 0 baseline (chance): 20.00%
[00:05:31] task=0  epoch=0  train_loss=1.3618
[00:05:34] task=0  epoch=END  time_sec=4.0  acc_task0=49.0
[00:05:34] 
============================================================
 Task 2/20  | Classes (5, 10)
============================================================
[00:05:34] Task 1 baseline (chance): 10.00%
[00:05:34] Task 1 zero-shot (pre-train): 0.00%
[00:05:39] task=1  epoch=0  train_loss=1.8831
[00:05:42] task=1  epoch=END  time_sec=4.6  acc_task0=4.0  acc_task1=43.6
[00:05:42] 
============================================================
 Task 3/20  | Classes (10, 15)
============================================================
[00:05:42] Task 2 baseline (chance): 6.67%
[00:05:42] Task 2 zero-shot (pre-train): 0.00%
[00:05:47] task=2  epoch=0  train_loss=1.9142
[00:05:51] task=2  epoch=END  time_sec=4.7  acc_task0=0.6  acc_task1=2.6  acc_task2=43.0
[00:05:51] 
============================================================
 Task 4/20  | Classes (15, 20)
============================================================
[00:05:51] Task 3 baseline (chance): 5.00%
[00:05:51] Task 3 zero-shot (pre-train): 0.00%
[00:05:55] task=3  epoch=0  train_loss=2.1835
[00:05:59] task=3  epoch=END  time_sec=4.7  acc_task0=0.0  acc_task1=0.0  acc_task2=0.4  acc_task3=51.4
[00:05:59] 
============================================================
 Task 5/20  | Classes (20, 25)
============================================================
[00:05:59] Task 4 baseline (chance): 4.00%
[00:05:59] Task 4 zero-shot (pre-train): 0.00%
