[00:02:01] Starting: split_cifar100_icarl_seed42
[00:02:01] Config: {'dataset': 'split_cifar100', 'data_root': 'Project/data_local', 'model': 'slim_resnet18', 'pretrained': False, 'method': 'icarl', 'n_epochs': 1, 'batch_size': 32, 'num_workers': 0, 'lr': 0.03, 'momentum': 0.9, 'weight_decay': 0.0001, 'fp16': True, 'buffer_size': 500, 'ewc_lambda': 100.0, 'fisher_samples': 200, 'si_lambda': 1.0, 'si_xi': 0.1, 'der_alpha': 0.5, 'xder_beta': 0.5, 'lwf_lambda': 1.0, 'lwf_temp': 2.0, 'icarl_distill_w': 1.0, 'icarl_temp': 2.0, 'use_nmc': True, 'agem_mem_batch': 64, 'distill_lambda': 1.0, 'distill_temp': 2.0, 'pc_distill_w': 1.0, 'pc_ewc_lambda': 100.0, 'pc_compress_epochs': 3, 'er_replay_ratio': 0.5, 'joint_replay_epochs': 1, 'disable_tqdm': True, 'disable_checkpoints': True, 'disable_plots': False, 'seeds': [42, 123, 456, 789, 1024], 'results_root': 'results_phase3_fwt', 'checkpoint_dir': 'results/checkpoints', 'figure_dir': 'results_phase3_fwt/figures', 'log_dir': 'results_phase3_fwt/raw', 'run_name': 'split_cifar100_icarl_seed42', 'seed': 42}
[00:02:01] Device: cuda
[00:02:03] Dataset: SplitCIFAR100(tasks=20, classes_per_task=5, scenario=class-il)
[00:02:03] 
============================================================
 Task 1/20  | Classes (0, 5)
============================================================
[00:02:03] Task 0 baseline (chance): 20.00%
[00:02:07] task=0  epoch=0  train_loss=1.6126
[00:02:10] task=0  epoch=END  time_sec=4.0  acc_task0=49.2
[00:02:10] 
============================================================
 Task 2/20  | Classes (5, 10)
============================================================
[00:02:10] Task 1 baseline (chance): 10.00%
[00:02:11] Task 1 zero-shot (pre-train): 0.00%
[00:02:15] task=1  epoch=0  train_loss=1.8971
[00:02:18] task=1  epoch=END  time_sec=4.7  acc_task0=15.6  acc_task1=30.4
[00:02:18] 
============================================================
 Task 3/20  | Classes (10, 15)
============================================================
[00:02:18] Task 2 baseline (chance): 6.67%
[00:02:19] Task 2 zero-shot (pre-train): 0.00%
[00:02:23] task=2  epoch=0  train_loss=1.8903
[00:02:27] task=2  epoch=END  time_sec=4.6  acc_task0=3.2  acc_task1=1.4  acc_task2=40.4
[00:02:27] 
============================================================
 Task 4/20  | Classes (15, 20)
============================================================
[00:02:27] Task 3 baseline (chance): 5.00%
[00:02:27] Task 3 zero-shot (pre-train): 0.00%
[00:02:32] task=3  epoch=0  train_loss=2.5083
[00:02:35] task=3  epoch=END  time_sec=4.8  acc_task0=0.0  acc_task1=0.0  acc_task2=1.6  acc_task3=45.8
[00:02:35] 
============================================================
 Task 5/20  | Classes (20, 25)
============================================================
[00:02:36] Task 4 baseline (chance): 4.00%
[00:02:36] Task 4 zero-shot (pre-train): 0.00%
[00:02:41] task=4  epoch=0  train_loss=2.5472
[00:02:45] task=4  epoch=END  time_sec=4.8  acc_task0=0.0  acc_task1=0.0  acc_task2=0.0  acc_task3=9.2  acc_task4=44.6
[00:02:45] 
============================================================
 Task 6/20  | Classes (25, 30)
============================================================
[00:02:45] Task 5 baseline (chance): 3.33%
[00:02:45] Task 5 zero-shot (pre-train): 0.00%
[00:02:49] task=5  epoch=0  train_loss=3.1021
[00:02:54] task=5  epoch=END  time_sec=4.6  acc_task0=0.0  acc_task1=0.2  acc_task2=0.0  acc_task3=0.6  acc_task4=3.2  acc_task5=29.2
[00:02:54] 
============================================================
 Task 7/20  | Classes (30, 35)
============================================================
[00:02:54] Task 6 baseline (chance): 2.86%
[00:02:54] Task 6 zero-shot (pre-train): 0.00%
[00:02:58] task=6  epoch=0  train_loss=3.0903
[00:03:03] task=6  epoch=END  time_sec=4.5  acc_task0=0.0  acc_task1=0.0  acc_task2=0.0  acc_task3=0.0  acc_task4=1.0  acc_task5=0.2  acc_task6=49.8
[00:03:03] 
============================================================
 Task 8/20  | Classes (35, 40)
============================================================
[00:03:03] Task 7 baseline (chance): 2.50%
[00:03:03] Task 7 zero-shot (pre-train): 0.00%
[00:03:08] task=7  epoch=0  train_loss=3.5081
[00:03:12] task=7  epoch=END  time_sec=4.6  acc_task0=0.0  acc_task1=0.0  acc_task2=0.0  acc_task3=0.0  acc_task4=0.2  acc_task5=0.2  acc_task6=0.0  acc_task7=44.0
[00:03:12] 
============================================================
 Task 9/20  | Classes (40, 45)
============================================================
[00:03:12] Task 8 baseline (chance): 2.22%
[00:03:12] Task 8 zero-shot (pre-train): 0.00%
[00:03:17] task=8  epoch=0  train_loss=3.8208
[00:03:22] task=8  epoch=END  time_sec=4.6  acc_task0=0.0  acc_task1=0.0  acc_task2=0.0  acc_task3=0.0  acc_task4=0.0  acc_task5=0.0  acc_task6=0.0  acc_task7=0.2  acc_task8=34.2
[00:03:22] 
============================================================
 Task 10/20  | Classes (45, 50)
============================================================
[00:03:22] Task 9 baseline (chance): 2.00%
[00:03:22] Task 9 zero-shot (pre-train): 0.00%
[00:03:27] task=9  epoch=0  train_loss=3.518
[00:03:32] task=9  epoch=END  time_sec=4.6  acc_task0=0.0  acc_task1=0.0  acc_task2=0.0  acc_task3=0.0  acc_task4=0.0  acc_task5=0.0  acc_task6=0.0  acc_task7=0.0  acc_task8=0.4  acc_task9=42.6
[00:03:32] 
============================================================
 Task 11/20  | Classes (50, 55)
============================================================
[00:03:32] Task 10 baseline (chance): 1.82%
[00:03:32] Task 10 zero-shot (pre-train): 0.00%
[00:03:37] task=10  epoch=0  train_loss=3.7429
[00:03:42] task=10  epoch=END  time_sec=4.6  acc_task0=0.0  acc_task1=0.0  acc_task2=0.0  acc_task3=0.0  acc_task4=0.0  acc_task5=0.0  acc_task6=0.0  acc_task7=0.0  acc_task8=0.0  acc_task9=13.6  acc_task10=55.0
[00:03:42] 
============================================================
 Task 12/20  | Classes (55, 60)
============================================================
[00:03:42] Task 11 baseline (chance): 1.67%
[00:03:42] Task 11 zero-shot (pre-train): 0.00%
[00:03:47] task=11  epoch=0  train_loss=3.9003
[00:03:52] task=11  epoch=END  time_sec=4.5  acc_task0=0.0  acc_task1=0.0  acc_task2=0.0  acc_task3=0.0  acc_task4=0.0  acc_task5=0.0  acc_task6=0.0  acc_task7=0.0  acc_task8=0.0  acc_task9=1.4  acc_task10=14.6  acc_task11=40.6
[00:03:52] 
============================================================
 Task 13/20  | Classes (60, 65)
============================================================
[00:03:52] Task 12 baseline (chance): 1.54%
[00:03:53] Task 12 zero-shot (pre-train): 0.00%
[00:03:57] task=12  epoch=0  train_loss=3.7533
[00:04:03] task=12  epoch=END  time_sec=4.6  acc_task0=0.0  acc_task1=0.0  acc_task2=0.0  acc_task3=0.0  acc_task4=0.0  acc_task5=0.0  acc_task6=0.0  acc_task7=0.0  acc_task8=0.0  acc_task9=0.0  acc_task10=0.0  acc_task11=0.0  acc_task12=58.0
[00:04:03] 
============================================================
 Task 14/20  | Classes (65, 70)
============================================================
[00:04:03] Task 13 baseline (chance): 1.43%
[00:04:03] Task 13 zero-shot (pre-train): 0.00%
[00:04:08] task=13  epoch=0  train_loss=4.1427
[00:04:14] task=13  epoch=END  time_sec=4.6  acc_task0=0.0  acc_task1=0.0  acc_task2=0.0  acc_task3=0.0  acc_task4=0.0  acc_task5=0.0  acc_task6=0.0  acc_task7=0.0  acc_task8=0.0  acc_task9=0.0  acc_task10=0.0  acc_task11=0.0  acc_task12=13.0  acc_task13=40.4
[00:04:14] 
============================================================
 Task 15/20  | Classes (70, 75)
============================================================
[00:04:14] Task 14 baseline (chance): 1.33%
[00:04:14] Task 14 zero-shot (pre-train): 0.00%
[00:04:19] task=14  epoch=0  train_loss=3.7763
[00:04:25] task=14  epoch=END  time_sec=4.6  acc_task0=0.0  acc_task1=0.0  acc_task2=0.0  acc_task3=0.0  acc_task4=0.0  acc_task5=0.0  acc_task6=0.0  acc_task7=0.0  acc_task8=0.0  acc_task9=0.0  acc_task10=0.0  acc_task11=0.0  acc_task12=0.0  acc_task13=0.0  acc_task14=60.4
[00:04:25] 
============================================================
 Task 16/20  | Classes (75, 80)
============================================================
[00:04:25] Task 15 baseline (chance): 1.25%
[00:04:25] Task 15 zero-shot (pre-train): 0.00%
[00:04:30] task=15  epoch=0  train_loss=4.1193
[00:04:36] task=15  epoch=END  time_sec=4.6  acc_task0=0.0  acc_task1=0.0  acc_task2=0.0  acc_task3=0.0  acc_task4=0.0  acc_task5=0.0  acc_task6=0.0  acc_task7=0.0  acc_task8=0.0  acc_task9=0.0  acc_task10=0.0  acc_task11=0.0  acc_task12=0.0  acc_task13=0.0  acc_task14=10.6  acc_task15=40.4
[00:04:36] 
============================================================
 Task 17/20  | Classes (80, 85)
============================================================
[00:04:36] Task 16 baseline (chance): 1.18%
[00:04:37] Task 16 zero-shot (pre-train): 0.00%
[00:04:41] task=16  epoch=0  train_loss=4.3206
[00:04:48] task=16  epoch=END  time_sec=4.6  acc_task0=0.0  acc_task1=0.0  acc_task2=0.0  acc_task3=0.0  acc_task4=0.0  acc_task5=0.0  acc_task6=0.0  acc_task7=0.0  acc_task8=0.0  acc_task9=0.0  acc_task10=0.0  acc_task11=0.0  acc_task12=0.0  acc_task13=0.0  acc_task14=5.4  acc_task15=14.8  acc_task16=45.2
[00:04:48] 
============================================================
 Task 18/20  | Classes (85, 90)
============================================================
[00:04:48] Task 17 baseline (chance): 1.11%
[00:04:48] Task 17 zero-shot (pre-train): 0.00%
[00:04:53] task=17  epoch=0  train_loss=4.5727
[00:05:00] task=17  epoch=END  time_sec=4.6  acc_task0=0.0  acc_task1=0.0  acc_task2=0.0  acc_task3=0.0  acc_task4=0.0  acc_task5=0.0  acc_task6=0.0  acc_task7=0.0  acc_task8=0.0  acc_task9=0.0  acc_task10=0.0  acc_task11=0.0  acc_task12=0.0  acc_task13=0.0  acc_task14=3.4  acc_task15=0.0  acc_task16=13.8  acc_task17=38.0
[00:05:00] 
============================================================
 Task 19/20  | Classes (90, 95)
============================================================
[00:05:00] Task 18 baseline (chance): 1.05%
[00:05:00] Task 18 zero-shot (pre-train): 0.00%
[00:05:05] task=18  epoch=0  train_loss=4.3736
[00:05:12] task=18  epoch=END  time_sec=4.6  acc_task0=0.0  acc_task1=0.0  acc_task2=0.0  acc_task3=0.0  acc_task4=0.0  acc_task5=0.0  acc_task6=0.0  acc_task7=0.0  acc_task8=0.0  acc_task9=0.0  acc_task10=0.0  acc_task11=0.0  acc_task12=0.0  acc_task13=0.0  acc_task14=0.0  acc_task15=0.0  acc_task16=0.0  acc_task17=0.0  acc_task18=54.8
[00:05:12] 
============================================================
 Task 20/20  | Classes (95, 100)
============================================================
[00:05:12] Task 19 baseline (chance): 1.00%
[00:05:12] Task 19 zero-shot (pre-train): 0.00%
[00:05:17] task=19  epoch=0  train_loss=4.1142
[00:05:24] task=19  epoch=END  time_sec=4.6  acc_task0=0.0  acc_task1=0.0  acc_task2=0.0  acc_task3=0.0  acc_task4=0.0  acc_task5=0.0  acc_task6=0.0  acc_task7=0.0  acc_task8=0.0  acc_task9=0.0  acc_task10=0.0  acc_task11=0.0  acc_task12=0.0  acc_task13=0.0  acc_task14=0.0  acc_task15=0.0  acc_task16=0.0  acc_task17=0.0  acc_task18=8.6  acc_task19=52.8
[00:05:24] 
Final Metrics:
  avg_accuracy         +3.0700
  forgetting           +43.9158
  backward_transfer    -43.9158
  forward_transfer     -2.7345
[00:05:25] 
Done - run: split_cifar100_icarl_seed42
[00:05:25] Metrics: {'avg_accuracy': 3.07, 'forgetting': 43.9158, 'backward_transfer': -43.9158, 'forward_transfer': -2.7345}
