[00:23:25] Starting: split_cifar100_icarl_seed456
[00:23:25] Config: {'dataset': 'split_cifar100', 'data_root': 'Project/data_local', 'model': 'slim_resnet18', 'pretrained': False, 'method': 'icarl', 'n_epochs': 1, 'batch_size': 32, 'num_workers': 0, 'lr': 0.03, 'momentum': 0.9, 'weight_decay': 0.0001, 'fp16': True, 'buffer_size': 500, 'ewc_lambda': 100.0, 'fisher_samples': 200, 'si_lambda': 1.0, 'si_xi': 0.1, 'der_alpha': 0.5, 'xder_beta': 0.5, 'lwf_lambda': 1.0, 'lwf_temp': 2.0, 'icarl_distill_w': 1.0, 'icarl_temp': 2.0, 'use_nmc': True, 'agem_mem_batch': 64, 'distill_lambda': 1.0, 'distill_temp': 2.0, 'pc_distill_w': 1.0, 'pc_ewc_lambda': 100.0, 'pc_compress_epochs': 3, 'er_replay_ratio': 0.5, 'joint_replay_epochs': 1, 'disable_tqdm': True, 'disable_checkpoints': True, 'disable_plots': False, 'seeds': [42, 123, 456, 789, 1024], 'results_root': 'd:\\Catastrophic Forgetting\\results_phase3_fwt', 'checkpoint_dir': 'results/checkpoints', 'figure_dir': 'd:\\Catastrophic Forgetting\\results_phase3_fwt\\figures', 'log_dir': 'd:\\Catastrophic Forgetting\\results_phase3_fwt\\raw', 'run_name': 'split_cifar100_icarl_seed456', 'seed': 456}
[00:23:25] Device: cuda
[00:23:26] Dataset: SplitCIFAR100(tasks=20, classes_per_task=5, scenario=class-il)
[00:23:27] 
============================================================
 Task 1/20  | Classes (0, 5)
============================================================
[00:23:27] Task 0 baseline (chance): 20.00%
[00:23:31] task=0  epoch=0  train_loss=1.2978
[00:23:34] task=0  epoch=END  time_sec=4.5  acc_task0=38.6
[00:23:34] 
============================================================
 Task 2/20  | Classes (5, 10)
============================================================
[00:23:34] Task 1 baseline (chance): 10.00%
[00:23:34] Task 1 zero-shot (pre-train): 0.00%
[00:23:39] task=1  epoch=0  train_loss=1.9064
[00:23:43] task=1  epoch=END  time_sec=5.0  acc_task0=8.0  acc_task1=43.0
[00:23:43] 
============================================================
 Task 3/20  | Classes (10, 15)
============================================================
[00:23:43] Task 2 baseline (chance): 6.67%
[00:23:43] Task 2 zero-shot (pre-train): 0.00%
[00:23:47] task=2  epoch=0  train_loss=1.9221
[00:23:51] task=2  epoch=END  time_sec=4.6  acc_task0=1.4  acc_task1=0.6  acc_task2=49.4
[00:23:51] 
============================================================
 Task 4/20  | Classes (15, 20)
============================================================
[00:23:51] Task 3 baseline (chance): 5.00%
[00:23:51] Task 3 zero-shot (pre-train): 0.00%
[00:23:56] task=3  epoch=0  train_loss=2.4005
[00:23:59] task=3  epoch=END  time_sec=4.6  acc_task0=1.6  acc_task1=0.0  acc_task2=1.2  acc_task3=47.8
[00:23:59] 
============================================================
 Task 5/20  | Classes (20, 25)
============================================================
[00:23:59] Task 4 baseline (chance): 4.00%
[00:24:00] Task 4 zero-shot (pre-train): 0.00%
[00:24:04] task=4  epoch=0  train_loss=2.5671
[00:24:08] task=4  epoch=END  time_sec=4.6  acc_task0=2.2  acc_task1=0.0  acc_task2=1.4  acc_task3=0.0  acc_task4=51.6
[00:24:08] 
============================================================
 Task 6/20  | Classes (25, 30)
============================================================
[00:24:08] Task 5 baseline (chance): 3.33%
[00:24:09] Task 5 zero-shot (pre-train): 0.00%
[00:24:13] task=5  epoch=0  train_loss=3.0749
[00:24:17] task=5  epoch=END  time_sec=4.6  acc_task0=0.0  acc_task1=0.0  acc_task2=0.0  acc_task3=0.0  acc_task4=0.0  acc_task5=31.2
[00:24:17] 
============================================================
 Task 7/20  | Classes (30, 35)
============================================================
[00:24:17] Task 6 baseline (chance): 2.86%
[00:24:18] Task 6 zero-shot (pre-train): 0.00%
[00:24:22] task=6  epoch=0  train_loss=3.0395
[00:24:27] task=6  epoch=END  time_sec=4.6  acc_task0=0.0  acc_task1=0.0  acc_task2=0.0  acc_task3=0.0  acc_task4=0.0  acc_task5=3.8  acc_task6=48.4
[00:24:27] 
============================================================
 Task 8/20  | Classes (35, 40)
============================================================
[00:24:27] Task 7 baseline (chance): 2.50%
[00:24:27] Task 7 zero-shot (pre-train): 0.00%
[00:24:31] task=7  epoch=0  train_loss=3.5714
[00:24:36] task=7  epoch=END  time_sec=4.6  acc_task0=0.0  acc_task1=0.0  acc_task2=0.0  acc_task3=0.0  acc_task4=0.0  acc_task5=2.2  acc_task6=0.0  acc_task7=39.6
[00:24:36] 
============================================================
 Task 9/20  | Classes (40, 45)
============================================================
[00:24:36] Task 8 baseline (chance): 2.22%
[00:24:36] Task 8 zero-shot (pre-train): 0.00%
[00:24:41] task=8  epoch=0  train_loss=3.6418
[00:24:46] task=8  epoch=END  time_sec=4.6  acc_task0=0.0  acc_task1=0.0  acc_task2=0.0  acc_task3=0.0  acc_task4=0.0  acc_task5=2.0  acc_task6=0.0  acc_task7=0.6  acc_task8=33.2
[00:24:46] 
============================================================
 Task 10/20  | Classes (45, 50)
============================================================
[00:24:46] Task 9 baseline (chance): 2.00%
[00:24:46] Task 9 zero-shot (pre-train): 0.00%
[00:24:51] task=9  epoch=0  train_loss=3.3666
[00:24:56] task=9  epoch=END  time_sec=4.7  acc_task0=0.0  acc_task1=0.0  acc_task2=0.0  acc_task3=0.0  acc_task4=0.0  acc_task5=1.8  acc_task6=0.0  acc_task7=0.0  acc_task8=0.0  acc_task9=41.2
[00:24:56] 
============================================================
 Task 11/20  | Classes (50, 55)
============================================================
[00:24:56] Task 10 baseline (chance): 1.82%
[00:24:56] Task 10 zero-shot (pre-train): 0.00%
[00:25:01] task=10  epoch=0  train_loss=3.8105
[00:25:06] task=10  epoch=END  time_sec=4.5  acc_task0=0.0  acc_task1=0.2  acc_task2=0.0  acc_task3=0.0  acc_task4=0.0  acc_task5=0.0  acc_task6=0.0  acc_task7=0.0  acc_task8=0.0  acc_task9=0.4  acc_task10=53.6
[00:25:06] 
============================================================
 Task 12/20  | Classes (55, 60)
============================================================
[00:25:06] Task 11 baseline (chance): 1.67%
[00:25:06] Task 11 zero-shot (pre-train): 0.00%
[00:25:11] task=11  epoch=0  train_loss=3.8222
[00:25:16] task=11  epoch=END  time_sec=4.5  acc_task0=0.0  acc_task1=0.0  acc_task2=0.0  acc_task3=0.0  acc_task4=0.0  acc_task5=0.0  acc_task6=0.0  acc_task7=0.0  acc_task8=0.0  acc_task9=0.0  acc_task10=0.4  acc_task11=39.6
[00:25:16] 
============================================================
 Task 13/20  | Classes (60, 65)
============================================================
[00:25:16] Task 12 baseline (chance): 1.54%
[00:25:16] Task 12 zero-shot (pre-train): 0.00%
[00:25:21] task=12  epoch=0  train_loss=4.8138
[00:25:26] task=12  epoch=END  time_sec=4.5  acc_task0=0.0  acc_task1=0.0  acc_task2=0.0  acc_task3=0.0  acc_task4=0.0  acc_task5=0.0  acc_task6=0.0  acc_task7=0.0  acc_task8=0.0  acc_task9=0.0  acc_task10=0.4  acc_task11=0.0  acc_task12=60.0
[00:25:26] 
============================================================
 Task 14/20  | Classes (65, 70)
============================================================
[00:25:27] Task 13 baseline (chance): 1.43%
[00:25:27] Task 13 zero-shot (pre-train): 0.00%
[00:25:31] task=13  epoch=0  train_loss=4.1243
[00:25:37] task=13  epoch=END  time_sec=4.5  acc_task0=0.0  acc_task1=0.0  acc_task2=0.0  acc_task3=0.0  acc_task4=0.0  acc_task5=0.0  acc_task6=0.0  acc_task7=0.0  acc_task8=0.0  acc_task9=0.0  acc_task10=0.0  acc_task11=0.0  acc_task12=13.8  acc_task13=43.2
[00:25:37] 
============================================================
 Task 15/20  | Classes (70, 75)
============================================================
[00:25:37] Task 14 baseline (chance): 1.33%
[00:25:37] Task 14 zero-shot (pre-train): 0.00%
[00:25:42] task=14  epoch=0  train_loss=3.9089
[00:25:48] task=14  epoch=END  time_sec=4.6  acc_task0=0.0  acc_task1=0.0  acc_task2=0.0  acc_task3=0.0  acc_task4=0.0  acc_task5=0.0  acc_task6=0.0  acc_task7=0.0  acc_task8=0.0  acc_task9=0.0  acc_task10=0.0  acc_task11=0.0  acc_task12=0.0  acc_task13=0.6  acc_task14=57.6
[00:25:48] 
============================================================
 Task 16/20  | Classes (75, 80)
============================================================
[00:25:48] Task 15 baseline (chance): 1.25%
[00:25:49] Task 15 zero-shot (pre-train): 0.00%
[00:25:53] task=15  epoch=0  train_loss=4.1553
[00:26:00] task=15  epoch=END  time_sec=4.6  acc_task0=0.0  acc_task1=0.0  acc_task2=0.0  acc_task3=0.0  acc_task4=0.0  acc_task5=0.0  acc_task6=0.0  acc_task7=0.0  acc_task8=0.0  acc_task9=0.0  acc_task10=0.0  acc_task11=0.0  acc_task12=0.0  acc_task13=0.0  acc_task14=9.4  acc_task15=39.8
[00:26:00] 
============================================================
 Task 17/20  | Classes (80, 85)
============================================================
[00:26:00] Task 16 baseline (chance): 1.18%
[00:26:00] Task 16 zero-shot (pre-train): 0.00%
[00:26:04] task=16  epoch=0  train_loss=3.8598
[00:26:11] task=16  epoch=END  time_sec=4.5  acc_task0=0.0  acc_task1=0.0  acc_task2=0.0  acc_task3=0.0  acc_task4=0.0  acc_task5=0.0  acc_task6=0.0  acc_task7=0.0  acc_task8=0.0  acc_task9=0.0  acc_task10=0.0  acc_task11=0.0  acc_task12=0.0  acc_task13=0.0  acc_task14=0.0  acc_task15=12.4  acc_task16=44.6
[00:26:11] 
============================================================
 Task 18/20  | Classes (85, 90)
============================================================
[00:26:11] Task 17 baseline (chance): 1.11%
[00:26:11] Task 17 zero-shot (pre-train): 0.00%
[00:26:16] task=17  epoch=0  train_loss=4.2913
[00:26:23] task=17  epoch=END  time_sec=4.5  acc_task0=0.0  acc_task1=0.0  acc_task2=0.0  acc_task3=0.0  acc_task4=0.0  acc_task5=0.0  acc_task6=0.0  acc_task7=0.0  acc_task8=0.0  acc_task9=0.0  acc_task10=0.0  acc_task11=0.0  acc_task12=0.0  acc_task13=0.0  acc_task14=0.0  acc_task15=1.4  acc_task16=9.0  acc_task17=44.8
[00:26:23] 
============================================================
 Task 19/20  | Classes (90, 95)
============================================================
[00:26:23] Task 18 baseline (chance): 1.05%
[00:26:23] Task 18 zero-shot (pre-train): 0.00%
[00:26:28] task=18  epoch=0  train_loss=4.1676
[00:26:35] task=18  epoch=END  time_sec=4.6  acc_task0=0.0  acc_task1=0.0  acc_task2=0.0  acc_task3=0.0  acc_task4=0.0  acc_task5=0.0  acc_task6=0.0  acc_task7=0.0  acc_task8=0.0  acc_task9=0.0  acc_task10=0.0  acc_task11=0.0  acc_task12=0.0  acc_task13=0.0  acc_task14=0.0  acc_task15=0.0  acc_task16=0.0  acc_task17=0.0  acc_task18=54.2
[00:26:35] 
============================================================
 Task 20/20  | Classes (95, 100)
============================================================
[00:26:35] Task 19 baseline (chance): 1.00%
[00:26:35] Task 19 zero-shot (pre-train): 0.00%
[00:26:40] task=19  epoch=0  train_loss=4.1773
[00:26:47] task=19  epoch=END  time_sec=4.5  acc_task0=0.0  acc_task1=0.0  acc_task2=0.0  acc_task3=0.0  acc_task4=0.0  acc_task5=0.0  acc_task6=0.0  acc_task7=0.0  acc_task8=0.0  acc_task9=0.0  acc_task10=0.0  acc_task11=0.0  acc_task12=0.0  acc_task13=0.0  acc_task14=0.0  acc_task15=0.0  acc_task16=0.0  acc_task17=0.0  acc_task18=1.2  acc_task19=57.2
[00:26:47] 
Final Metrics:
  avg_accuracy         +2.9200
  forgetting           +45.2737
  backward_transfer    -45.2737
  forward_transfer     -2.7345
[00:26:48] 
Done - run: split_cifar100_icarl_seed456
[00:26:48] Metrics: {'avg_accuracy': 2.92, 'forgetting': 45.2737, 'backward_transfer': -45.2737, 'forward_transfer': -2.7345}
