[00:30:09] Starting: split_cifar100_icarl_seed1024
[00:30:09] Config: {'dataset': 'split_cifar100', 'data_root': 'Project/data_local', 'model': 'slim_resnet18', 'pretrained': False, 'method': 'icarl', 'n_epochs': 1, 'batch_size': 32, 'num_workers': 0, 'lr': 0.03, 'momentum': 0.9, 'weight_decay': 0.0001, 'fp16': True, 'buffer_size': 500, 'ewc_lambda': 100.0, 'fisher_samples': 200, 'si_lambda': 1.0, 'si_xi': 0.1, 'der_alpha': 0.5, 'xder_beta': 0.5, 'lwf_lambda': 1.0, 'lwf_temp': 2.0, 'icarl_distill_w': 1.0, 'icarl_temp': 2.0, 'use_nmc': True, 'agem_mem_batch': 64, 'distill_lambda': 1.0, 'distill_temp': 2.0, 'pc_distill_w': 1.0, 'pc_ewc_lambda': 100.0, 'pc_compress_epochs': 3, 'er_replay_ratio': 0.5, 'joint_replay_epochs': 1, 'disable_tqdm': True, 'disable_checkpoints': True, 'disable_plots': False, 'seeds': [42, 123, 456, 789, 1024], 'results_root': 'd:\\Catastrophic Forgetting\\results_phase3_fwt', 'checkpoint_dir': 'results/checkpoints', 'figure_dir': 'd:\\Catastrophic Forgetting\\results_phase3_fwt\\figures', 'log_dir': 'd:\\Catastrophic Forgetting\\results_phase3_fwt\\raw', 'run_name': 'split_cifar100_icarl_seed1024', 'seed': 1024}
[00:30:09] Device: cuda
[00:30:10] Dataset: SplitCIFAR100(tasks=20, classes_per_task=5, scenario=class-il)
[00:30:10] 
============================================================
 Task 1/20  | Classes (0, 5)
============================================================
[00:30:10] Task 0 baseline (chance): 20.00%
[00:30:14] task=0  epoch=0  train_loss=1.48
[00:30:17] task=0  epoch=END  time_sec=3.9  acc_task0=52.6
[00:30:17] 
============================================================
 Task 2/20  | Classes (5, 10)
============================================================
[00:30:17] Task 1 baseline (chance): 10.00%
[00:30:18] Task 1 zero-shot (pre-train): 0.00%
[00:30:22] task=1  epoch=0  train_loss=1.7333
[00:30:25] task=1  epoch=END  time_sec=4.7  acc_task0=8.2  acc_task1=37.0
[00:30:25] 
============================================================
 Task 3/20  | Classes (10, 15)
============================================================
[00:30:25] Task 2 baseline (chance): 6.67%
[00:30:26] Task 2 zero-shot (pre-train): 0.00%
[00:30:30] task=2  epoch=0  train_loss=1.8909
[00:30:33] task=2  epoch=END  time_sec=4.5  acc_task0=7.6  acc_task1=0.0  acc_task2=44.4
[00:30:33] 
============================================================
 Task 4/20  | Classes (15, 20)
============================================================
[00:30:33] Task 3 baseline (chance): 5.00%
[00:30:34] Task 3 zero-shot (pre-train): 0.00%
[00:30:38] task=3  epoch=0  train_loss=2.2396
[00:30:42] task=3  epoch=END  time_sec=4.5  acc_task0=0.0  acc_task1=0.0  acc_task2=3.2  acc_task3=51.6
[00:30:42] 
============================================================
 Task 5/20  | Classes (20, 25)
============================================================
[00:30:42] Task 4 baseline (chance): 4.00%
[00:30:42] Task 4 zero-shot (pre-train): 0.00%
[00:30:47] task=4  epoch=0  train_loss=2.4648
[00:30:50] task=4  epoch=END  time_sec=4.6  acc_task0=0.0  acc_task1=0.0  acc_task2=0.4  acc_task3=9.6  acc_task4=51.2
[00:30:50] 
============================================================
 Task 6/20  | Classes (25, 30)
============================================================
[00:30:50] Task 5 baseline (chance): 3.33%
[00:30:51] Task 5 zero-shot (pre-train): 0.00%
[00:30:55] task=5  epoch=0  train_loss=3.1301
[00:30:59] task=5  epoch=END  time_sec=4.6  acc_task0=0.0  acc_task1=0.0  acc_task2=0.0  acc_task3=0.0  acc_task4=0.2  acc_task5=31.2
[00:30:59] 
============================================================
 Task 7/20  | Classes (30, 35)
============================================================
[00:30:59] Task 6 baseline (chance): 2.86%
[00:30:59] Task 6 zero-shot (pre-train): 0.00%
[00:31:04] task=6  epoch=0  train_loss=3.0391
[00:31:08] task=6  epoch=END  time_sec=4.5  acc_task0=0.0  acc_task1=0.0  acc_task2=0.0  acc_task3=0.0  acc_task4=0.0  acc_task5=2.4  acc_task6=52.6
[00:31:08] 
============================================================
 Task 8/20  | Classes (35, 40)
============================================================
[00:31:08] Task 7 baseline (chance): 2.50%
[00:31:09] Task 7 zero-shot (pre-train): 0.00%
[00:31:13] task=7  epoch=0  train_loss=3.4598
[00:31:18] task=7  epoch=END  time_sec=4.6  acc_task0=0.0  acc_task1=0.0  acc_task2=0.0  acc_task3=0.0  acc_task4=0.0  acc_task5=0.0  acc_task6=0.0  acc_task7=41.2
[00:31:18] 
============================================================
 Task 9/20  | Classes (40, 45)
============================================================
[00:31:18] Task 8 baseline (chance): 2.22%
[00:31:18] Task 8 zero-shot (pre-train): 0.00%
[00:31:22] task=8  epoch=0  train_loss=3.7959
[00:31:27] task=8  epoch=END  time_sec=4.6  acc_task0=0.0  acc_task1=0.0  acc_task2=0.0  acc_task3=0.0  acc_task4=0.0  acc_task5=0.0  acc_task6=0.0  acc_task7=1.4  acc_task8=41.2
[00:31:27] 
============================================================
 Task 10/20  | Classes (45, 50)
============================================================
[00:31:27] Task 9 baseline (chance): 2.00%
[00:31:27] Task 9 zero-shot (pre-train): 0.00%
[00:31:32] task=9  epoch=0  train_loss=3.5904
[00:31:37] task=9  epoch=END  time_sec=4.5  acc_task0=0.0  acc_task1=0.0  acc_task2=0.0  acc_task3=0.0  acc_task4=0.0  acc_task5=0.0  acc_task6=0.0  acc_task7=0.4  acc_task8=0.0  acc_task9=39.8
[00:31:37] 
============================================================
 Task 11/20  | Classes (50, 55)
============================================================
[00:31:37] Task 10 baseline (chance): 1.82%
[00:31:37] Task 10 zero-shot (pre-train): 0.00%
[00:31:42] task=10  epoch=0  train_loss=3.838
[00:31:47] task=10  epoch=END  time_sec=4.5  acc_task0=0.0  acc_task1=0.0  acc_task2=0.0  acc_task3=0.0  acc_task4=0.0  acc_task5=0.0  acc_task6=0.0  acc_task7=0.0  acc_task8=0.0  acc_task9=0.0  acc_task10=54.8
[00:31:47] 
============================================================
 Task 12/20  | Classes (55, 60)
============================================================
[00:31:47] Task 11 baseline (chance): 1.67%
[00:31:47] Task 11 zero-shot (pre-train): 0.00%
[00:31:52] task=11  epoch=0  train_loss=3.9228
[00:31:57] task=11  epoch=END  time_sec=4.5  acc_task0=0.0  acc_task1=0.0  acc_task2=0.0  acc_task3=0.0  acc_task4=0.0  acc_task5=0.0  acc_task6=0.0  acc_task7=0.0  acc_task8=0.0  acc_task9=0.0  acc_task10=21.4  acc_task11=31.0
[00:31:57] 
============================================================
 Task 13/20  | Classes (60, 65)
============================================================
[00:31:57] Task 12 baseline (chance): 1.54%
[00:31:57] Task 12 zero-shot (pre-train): 0.00%
[00:32:02] task=12  epoch=0  train_loss=4.0813
[00:32:07] task=12  epoch=END  time_sec=4.5  acc_task0=0.0  acc_task1=0.0  acc_task2=0.0  acc_task3=0.0  acc_task4=0.0  acc_task5=0.0  acc_task6=0.0  acc_task7=0.0  acc_task8=0.0  acc_task9=0.0  acc_task10=2.6  acc_task11=4.2  acc_task12=46.2
[00:32:07] 
============================================================
 Task 14/20  | Classes (65, 70)
============================================================
[00:32:07] Task 13 baseline (chance): 1.43%
[00:32:08] Task 13 zero-shot (pre-train): 0.00%
[00:32:12] task=13  epoch=0  train_loss=4.3287
[00:32:18] task=13  epoch=END  time_sec=4.5  acc_task0=0.0  acc_task1=0.0  acc_task2=0.0  acc_task3=0.0  acc_task4=0.0  acc_task5=0.0  acc_task6=0.0  acc_task7=0.0  acc_task8=0.0  acc_task9=0.0  acc_task10=0.0  acc_task11=0.8  acc_task12=16.6  acc_task13=36.0
[00:32:18] 
============================================================
 Task 15/20  | Classes (70, 75)
============================================================
[00:32:18] Task 14 baseline (chance): 1.33%
[00:32:18] Task 14 zero-shot (pre-train): 0.00%
[00:32:23] task=14  epoch=0  train_loss=3.93
[00:32:29] task=14  epoch=END  time_sec=4.5  acc_task0=0.0  acc_task1=0.0  acc_task2=0.0  acc_task3=0.0  acc_task4=0.0  acc_task5=0.0  acc_task6=0.0  acc_task7=0.0  acc_task8=0.0  acc_task9=0.0  acc_task10=3.2  acc_task11=0.0  acc_task12=0.8  acc_task13=0.0  acc_task14=54.2
[00:32:29] 
============================================================
 Task 16/20  | Classes (75, 80)
============================================================
[00:32:29] Task 15 baseline (chance): 1.25%
[00:32:29] Task 15 zero-shot (pre-train): 0.00%
[00:32:34] task=15  epoch=0  train_loss=4.3464
[00:32:40] task=15  epoch=END  time_sec=4.5  acc_task0=0.0  acc_task1=0.0  acc_task2=0.0  acc_task3=0.0  acc_task4=0.0  acc_task5=0.0  acc_task6=0.0  acc_task7=0.0  acc_task8=0.0  acc_task9=0.0  acc_task10=0.0  acc_task11=0.0  acc_task12=0.0  acc_task13=0.0  acc_task14=2.2  acc_task15=40.6
[00:32:40] 
============================================================
 Task 17/20  | Classes (80, 85)
============================================================
[00:32:40] Task 16 baseline (chance): 1.18%
[00:32:41] Task 16 zero-shot (pre-train): 0.00%
[00:32:45] task=16  epoch=0  train_loss=4.2036
[00:32:52] task=16  epoch=END  time_sec=4.6  acc_task0=0.0  acc_task1=0.0  acc_task2=0.0  acc_task3=0.0  acc_task4=0.0  acc_task5=0.0  acc_task6=0.0  acc_task7=0.0  acc_task8=0.0  acc_task9=0.0  acc_task10=0.0  acc_task11=0.0  acc_task12=0.0  acc_task13=0.0  acc_task14=0.0  acc_task15=9.6  acc_task16=50.6
[00:32:52] 
============================================================
 Task 18/20  | Classes (85, 90)
============================================================
[00:32:52] Task 17 baseline (chance): 1.11%
[00:32:52] Task 17 zero-shot (pre-train): 0.00%
[00:32:57] task=17  epoch=0  train_loss=4.6407
[00:33:04] task=17  epoch=END  time_sec=4.6  acc_task0=0.0  acc_task1=0.0  acc_task2=0.0  acc_task3=0.0  acc_task4=0.0  acc_task5=0.0  acc_task6=0.0  acc_task7=0.0  acc_task8=0.0  acc_task9=0.0  acc_task10=0.0  acc_task11=0.0  acc_task12=0.0  acc_task13=0.0  acc_task14=0.0  acc_task15=0.0  acc_task16=14.4  acc_task17=38.0
[00:33:04] 
============================================================
 Task 19/20  | Classes (90, 95)
============================================================
[00:33:04] Task 18 baseline (chance): 1.05%
[00:33:04] Task 18 zero-shot (pre-train): 0.00%
[00:33:09] task=18  epoch=0  train_loss=4.7202
[00:33:16] task=18  epoch=END  time_sec=4.7  acc_task0=0.0  acc_task1=0.0  acc_task2=0.0  acc_task3=0.0  acc_task4=0.0  acc_task5=0.0  acc_task6=0.0  acc_task7=0.0  acc_task8=0.0  acc_task9=0.0  acc_task10=0.0  acc_task11=0.0  acc_task12=0.0  acc_task13=0.0  acc_task14=0.0  acc_task15=0.0  acc_task16=0.0  acc_task17=0.0  acc_task18=45.4
[00:33:16] 
============================================================
 Task 20/20  | Classes (95, 100)
============================================================
[00:33:16] Task 19 baseline (chance): 1.00%
[00:33:17] Task 19 zero-shot (pre-train): 0.00%
[00:33:21] task=19  epoch=0  train_loss=4.5618
[00:33:28] task=19  epoch=END  time_sec=4.5  acc_task0=0.0  acc_task1=0.0  acc_task2=0.0  acc_task3=0.0  acc_task4=0.0  acc_task5=0.0  acc_task6=0.0  acc_task7=0.0  acc_task8=0.0  acc_task9=0.0  acc_task10=0.0  acc_task11=0.0  acc_task12=0.0  acc_task13=0.0  acc_task14=0.0  acc_task15=0.0  acc_task16=0.0  acc_task17=0.0  acc_task18=0.0  acc_task19=52.6
[00:33:28] 
Final Metrics:
  avg_accuracy         +2.6300
  forgetting           +44.1895
  backward_transfer    -44.1895
  forward_transfer     -2.7345
[00:33:29] 
Done - run: split_cifar100_icarl_seed1024
[00:33:29] Metrics: {'avg_accuracy': 2.63, 'forgetting': 44.1895, 'backward_transfer': -44.1895, 'forward_transfer': -2.7345}
