[00:26:48] Starting: split_cifar100_icarl_seed789
[00:26:48] Config: {'dataset': 'split_cifar100', 'data_root': 'Project/data_local', 'model': 'slim_resnet18', 'pretrained': False, 'method': 'icarl', 'n_epochs': 1, 'batch_size': 32, 'num_workers': 0, 'lr': 0.03, 'momentum': 0.9, 'weight_decay': 0.0001, 'fp16': True, 'buffer_size': 500, 'ewc_lambda': 100.0, 'fisher_samples': 200, 'si_lambda': 1.0, 'si_xi': 0.1, 'der_alpha': 0.5, 'xder_beta': 0.5, 'lwf_lambda': 1.0, 'lwf_temp': 2.0, 'icarl_distill_w': 1.0, 'icarl_temp': 2.0, 'use_nmc': True, 'agem_mem_batch': 64, 'distill_lambda': 1.0, 'distill_temp': 2.0, 'pc_distill_w': 1.0, 'pc_ewc_lambda': 100.0, 'pc_compress_epochs': 3, 'er_replay_ratio': 0.5, 'joint_replay_epochs': 1, 'disable_tqdm': True, 'disable_checkpoints': True, 'disable_plots': False, 'seeds': [42, 123, 456, 789, 1024], 'results_root': 'd:\\Catastrophic Forgetting\\results_phase3_fwt', 'checkpoint_dir': 'results/checkpoints', 'figure_dir': 'd:\\Catastrophic Forgetting\\results_phase3_fwt\\figures', 'log_dir': 'd:\\Catastrophic Forgetting\\results_phase3_fwt\\raw', 'run_name': 'split_cifar100_icarl_seed789', 'seed': 789}
[00:26:48] Device: cuda
[00:26:50] Dataset: SplitCIFAR100(tasks=20, classes_per_task=5, scenario=class-il)
[00:26:50] 
============================================================
 Task 1/20  | Classes (0, 5)
============================================================
[00:26:50] Task 0 baseline (chance): 20.00%
[00:26:54] task=0  epoch=0  train_loss=1.5299
[00:26:56] task=0  epoch=END  time_sec=3.9  acc_task0=32.4
[00:26:56] 
============================================================
 Task 2/20  | Classes (5, 10)
============================================================
[00:26:56] Task 1 baseline (chance): 10.00%
[00:26:57] Task 1 zero-shot (pre-train): 0.00%
[00:27:01] task=1  epoch=0  train_loss=2.1751
[00:27:04] task=1  epoch=END  time_sec=4.5  acc_task0=0.0  acc_task1=33.8
[00:27:04] 
============================================================
 Task 3/20  | Classes (10, 15)
============================================================
[00:27:04] Task 2 baseline (chance): 6.67%
[00:27:05] Task 2 zero-shot (pre-train): 0.00%
[00:27:09] task=2  epoch=0  train_loss=1.9601
[00:27:13] task=2  epoch=END  time_sec=4.5  acc_task0=0.0  acc_task1=2.0  acc_task2=39.0
[00:27:13] 
============================================================
 Task 4/20  | Classes (15, 20)
============================================================
[00:27:13] Task 3 baseline (chance): 5.00%
[00:27:13] Task 3 zero-shot (pre-train): 0.00%
[00:27:17] task=3  epoch=0  train_loss=2.3778
[00:27:21] task=3  epoch=END  time_sec=4.6  acc_task0=0.0  acc_task1=1.4  acc_task2=3.2  acc_task3=45.6
[00:27:21] 
============================================================
 Task 5/20  | Classes (20, 25)
============================================================
[00:27:21] Task 4 baseline (chance): 4.00%
[00:27:21] Task 4 zero-shot (pre-train): 0.00%
[00:27:26] task=4  epoch=0  train_loss=2.4751
[00:27:30] task=4  epoch=END  time_sec=4.6  acc_task0=0.0  acc_task1=0.0  acc_task2=0.6  acc_task3=2.0  acc_task4=50.6
[00:27:30] 
============================================================
 Task 6/20  | Classes (25, 30)
============================================================
[00:27:30] Task 5 baseline (chance): 3.33%
[00:27:30] Task 5 zero-shot (pre-train): 0.00%
[00:27:34] task=5  epoch=0  train_loss=2.9998
[00:27:38] task=5  epoch=END  time_sec=4.5  acc_task0=0.0  acc_task1=0.0  acc_task2=0.0  acc_task3=1.4  acc_task4=0.0  acc_task5=32.2
[00:27:38] 
============================================================
 Task 7/20  | Classes (30, 35)
============================================================
[00:27:38] Task 6 baseline (chance): 2.86%
[00:27:39] Task 6 zero-shot (pre-train): 0.00%
[00:27:43] task=6  epoch=0  train_loss=3.1093
[00:27:48] task=6  epoch=END  time_sec=4.6  acc_task0=0.0  acc_task1=0.4  acc_task2=0.0  acc_task3=0.2  acc_task4=0.0  acc_task5=2.4  acc_task6=51.2
[00:27:48] 
============================================================
 Task 8/20  | Classes (35, 40)
============================================================
[00:27:48] Task 7 baseline (chance): 2.50%
[00:27:48] Task 7 zero-shot (pre-train): 0.00%
[00:27:52] task=7  epoch=0  train_loss=3.3434
[00:27:57] task=7  epoch=END  time_sec=4.6  acc_task0=0.0  acc_task1=0.0  acc_task2=0.0  acc_task3=0.2  acc_task4=0.0  acc_task5=0.6  acc_task6=13.4  acc_task7=39.2
[00:27:57] 
============================================================
 Task 9/20  | Classes (40, 45)
============================================================
[00:27:57] Task 8 baseline (chance): 2.22%
[00:27:57] Task 8 zero-shot (pre-train): 0.00%
[00:28:02] task=8  epoch=0  train_loss=3.5497
[00:28:07] task=8  epoch=END  time_sec=4.6  acc_task0=0.0  acc_task1=0.0  acc_task2=0.0  acc_task3=0.0  acc_task4=0.0  acc_task5=0.0  acc_task6=0.0  acc_task7=0.2  acc_task8=43.2
[00:28:07] 
============================================================
 Task 10/20  | Classes (45, 50)
============================================================
[00:28:07] Task 9 baseline (chance): 2.00%
[00:28:07] Task 9 zero-shot (pre-train): 0.00%
[00:28:11] task=9  epoch=0  train_loss=3.33
[00:28:17] task=9  epoch=END  time_sec=4.6  acc_task0=0.0  acc_task1=0.0  acc_task2=0.0  acc_task3=0.0  acc_task4=0.0  acc_task5=0.0  acc_task6=0.0  acc_task7=0.0  acc_task8=0.0  acc_task9=46.6
[00:28:17] 
============================================================
 Task 11/20  | Classes (50, 55)
============================================================
[00:28:17] Task 10 baseline (chance): 1.82%
[00:28:17] Task 10 zero-shot (pre-train): 0.00%
[00:28:21] task=10  epoch=0  train_loss=3.8614
[00:28:27] task=10  epoch=END  time_sec=4.6  acc_task0=0.0  acc_task1=0.0  acc_task2=0.0  acc_task3=0.0  acc_task4=0.0  acc_task5=0.0  acc_task6=0.0  acc_task7=0.0  acc_task8=0.0  acc_task9=0.0  acc_task10=59.6
[00:28:27] 
============================================================
 Task 12/20  | Classes (55, 60)
============================================================
[00:28:27] Task 11 baseline (chance): 1.67%
[00:28:27] Task 11 zero-shot (pre-train): 0.00%
[00:28:31] task=11  epoch=0  train_loss=3.844
[00:28:37] task=11  epoch=END  time_sec=4.6  acc_task0=0.0  acc_task1=0.0  acc_task2=0.0  acc_task3=0.0  acc_task4=0.0  acc_task5=0.0  acc_task6=0.0  acc_task7=0.0  acc_task8=0.0  acc_task9=0.0  acc_task10=0.2  acc_task11=44.8
[00:28:37] 
============================================================
 Task 13/20  | Classes (60, 65)
============================================================
[00:28:37] Task 12 baseline (chance): 1.54%
[00:28:37] Task 12 zero-shot (pre-train): 0.00%
[00:28:42] task=12  epoch=0  train_loss=3.7229
[00:28:48] task=12  epoch=END  time_sec=4.6  acc_task0=0.0  acc_task1=0.0  acc_task2=0.0  acc_task3=0.0  acc_task4=0.0  acc_task5=0.0  acc_task6=0.0  acc_task7=0.0  acc_task8=0.0  acc_task9=0.0  acc_task10=0.0  acc_task11=3.2  acc_task12=65.2
[00:28:48] 
============================================================
 Task 14/20  | Classes (65, 70)
============================================================
[00:28:48] Task 13 baseline (chance): 1.43%
[00:28:48] Task 13 zero-shot (pre-train): 0.00%
[00:28:52] task=13  epoch=0  train_loss=3.9603
[00:28:58] task=13  epoch=END  time_sec=4.6  acc_task0=0.0  acc_task1=0.0  acc_task2=0.0  acc_task3=0.0  acc_task4=0.0  acc_task5=0.0  acc_task6=0.0  acc_task7=0.0  acc_task8=0.0  acc_task9=0.0  acc_task10=0.0  acc_task11=0.0  acc_task12=14.8  acc_task13=50.8
[00:28:58] 
============================================================
 Task 15/20  | Classes (70, 75)
============================================================
[00:28:58] Task 14 baseline (chance): 1.33%
[00:28:59] Task 14 zero-shot (pre-train): 0.00%
[00:29:03] task=14  epoch=0  train_loss=3.463
[00:29:09] task=14  epoch=END  time_sec=4.5  acc_task0=0.0  acc_task1=0.0  acc_task2=0.0  acc_task3=0.0  acc_task4=0.0  acc_task5=0.0  acc_task6=0.0  acc_task7=0.0  acc_task8=0.0  acc_task9=0.0  acc_task10=0.0  acc_task11=0.0  acc_task12=0.0  acc_task13=0.0  acc_task14=60.8
[00:29:09] 
============================================================
 Task 16/20  | Classes (75, 80)
============================================================
[00:29:09] Task 15 baseline (chance): 1.25%
[00:29:10] Task 15 zero-shot (pre-train): 0.00%
[00:29:14] task=15  epoch=0  train_loss=4.0194
[00:29:20] task=15  epoch=END  time_sec=4.5  acc_task0=0.0  acc_task1=0.0  acc_task2=0.0  acc_task3=0.0  acc_task4=0.0  acc_task5=0.0  acc_task6=0.0  acc_task7=0.0  acc_task8=0.0  acc_task9=0.0  acc_task10=0.0  acc_task11=0.0  acc_task12=0.0  acc_task13=0.0  acc_task14=8.8  acc_task15=44.0
[00:29:20] 
============================================================
 Task 17/20  | Classes (80, 85)
============================================================
[00:29:20] Task 16 baseline (chance): 1.18%
[00:29:21] Task 16 zero-shot (pre-train): 0.00%
[00:29:25] task=16  epoch=0  train_loss=4.0725
[00:29:32] task=16  epoch=END  time_sec=4.6  acc_task0=0.0  acc_task1=0.0  acc_task2=0.0  acc_task3=0.0  acc_task4=0.0  acc_task5=0.0  acc_task6=0.0  acc_task7=0.0  acc_task8=0.0  acc_task9=0.0  acc_task10=0.0  acc_task11=0.0  acc_task12=0.0  acc_task13=0.0  acc_task14=0.0  acc_task15=6.4  acc_task16=50.6
[00:29:32] 
============================================================
 Task 18/20  | Classes (85, 90)
============================================================
[00:29:32] Task 17 baseline (chance): 1.11%
[00:29:32] Task 17 zero-shot (pre-train): 0.00%
[00:29:37] task=17  epoch=0  train_loss=4.4574
[00:29:44] task=17  epoch=END  time_sec=4.6  acc_task0=0.0  acc_task1=0.0  acc_task2=0.0  acc_task3=0.0  acc_task4=0.0  acc_task5=0.0  acc_task6=0.0  acc_task7=0.0  acc_task8=0.0  acc_task9=0.0  acc_task10=0.0  acc_task11=0.0  acc_task12=0.0  acc_task13=0.0  acc_task14=0.0  acc_task15=0.0  acc_task16=11.8  acc_task17=45.4
[00:29:44] 
============================================================
 Task 19/20  | Classes (90, 95)
============================================================
[00:29:44] Task 18 baseline (chance): 1.05%
[00:29:44] Task 18 zero-shot (pre-train): 0.00%
[00:29:48] task=18  epoch=0  train_loss=4.4467
[00:29:55] task=18  epoch=END  time_sec=4.5  acc_task0=0.0  acc_task1=0.0  acc_task2=0.0  acc_task3=0.0  acc_task4=0.0  acc_task5=0.0  acc_task6=0.0  acc_task7=0.0  acc_task8=0.0  acc_task9=0.0  acc_task10=0.0  acc_task11=0.0  acc_task12=0.0  acc_task13=0.0  acc_task14=0.0  acc_task15=0.0  acc_task16=0.0  acc_task17=0.0  acc_task18=54.0
[00:29:55] 
============================================================
 Task 20/20  | Classes (95, 100)
============================================================
[00:29:55] Task 19 baseline (chance): 1.00%
[00:29:56] Task 19 zero-shot (pre-train): 0.00%
[00:30:00] task=19  epoch=0  train_loss=4.0117
[00:30:08] task=19  epoch=END  time_sec=4.6  acc_task0=0.0  acc_task1=0.0  acc_task2=0.0  acc_task3=0.0  acc_task4=0.0  acc_task5=0.0  acc_task6=0.0  acc_task7=0.0  acc_task8=0.0  acc_task9=0.0  acc_task10=0.0  acc_task11=0.0  acc_task12=0.0  acc_task13=0.0  acc_task14=0.0  acc_task15=0.0  acc_task16=0.0  acc_task17=0.0  acc_task18=3.6  acc_task19=59.2
[00:30:08] 
Final Metrics:
  avg_accuracy         +3.1400
  forgetting           +46.6000
  backward_transfer    -46.6000
  forward_transfer     -2.7345
[00:30:09] 
Done - run: split_cifar100_icarl_seed789
[00:30:09] Metrics: {'avg_accuracy': 3.14, 'forgetting': 46.6, 'backward_transfer': -46.6, 'forward_transfer': -2.7345}
