[02:19:44] Starting: split_cifar100_icarl_seed123
[02:19:44] Config: {'dataset': 'split_cifar100', 'data_root': 'Project/data_local', 'model': 'slim_resnet18', 'pretrained': False, 'method': 'icarl', 'n_epochs': 1, 'batch_size': 32, 'num_workers': 0, 'lr': 0.03, 'momentum': 0.9, 'weight_decay': 0.0001, 'fp16': True, 'buffer_size': 500, 'ewc_lambda': 100.0, 'fisher_samples': 200, 'si_lambda': 1.0, 'si_xi': 0.1, 'der_alpha': 0.5, 'xder_beta': 0.5, 'lwf_lambda': 1.0, 'lwf_temp': 2.0, 'icarl_distill_w': 1.0, 'icarl_temp': 2.0, 'use_nmc': True, 'agem_mem_batch': 64, 'distill_lambda': 1.0, 'distill_temp': 2.0, 'pc_distill_w': 1.0, 'pc_ewc_lambda': 100.0, 'pc_compress_epochs': 3, 'er_replay_ratio': 0.5, 'joint_replay_epochs': 1, 'disable_tqdm': True, 'disable_checkpoints': True, 'disable_plots': False, 'seeds': [42, 123, 456, 789, 1024], 'results_root': 'd:\\Catastrophic Forgetting\\results_phase3_fwt', 'checkpoint_dir': 'results/checkpoints', 'figure_dir': 'd:\\Catastrophic Forgetting\\results_phase3_fwt\\figures', 'log_dir': 'd:\\Catastrophic Forgetting\\results_phase3_fwt\\raw', 'run_name': 'split_cifar100_icarl_seed123', 'seed': 123}
[02:19:44] Device: cuda
[02:19:45] Dataset: SplitCIFAR100(tasks=20, classes_per_task=5, scenario=class-il)
[02:19:45] 
============================================================
 Task 1/20  | Classes (0, 5)
============================================================
[02:19:45] Task 0 baseline (chance): 20.00%
[02:19:50] task=0  epoch=0  train_loss=1.3618
[02:19:52] task=0  epoch=END  time_sec=4.1  acc_task0=49.0
[02:19:52] 
============================================================
 Task 2/20  | Classes (5, 10)
============================================================
[02:19:52] Task 1 baseline (chance): 10.00%
[02:19:53] Task 1 zero-shot (pre-train): 0.00%
[02:19:57] task=1  epoch=0  train_loss=1.8831
[02:20:00] task=1  epoch=END  time_sec=4.7  acc_task0=4.0  acc_task1=43.6
[02:20:00] 
============================================================
 Task 3/20  | Classes (10, 15)
============================================================
[02:20:00] Task 2 baseline (chance): 6.67%
[02:20:01] Task 2 zero-shot (pre-train): 0.00%
[02:20:05] task=2  epoch=0  train_loss=1.9142
[02:20:08] task=2  epoch=END  time_sec=4.5  acc_task0=0.6  acc_task1=2.6  acc_task2=43.0
[02:20:08] 
============================================================
 Task 4/20  | Classes (15, 20)
============================================================
[02:20:09] Task 3 baseline (chance): 5.00%
[02:20:09] Task 3 zero-shot (pre-train): 0.00%
[02:20:13] task=3  epoch=0  train_loss=2.1835
[02:20:17] task=3  epoch=END  time_sec=4.5  acc_task0=0.0  acc_task1=0.0  acc_task2=0.4  acc_task3=51.4
[02:20:17] 
============================================================
 Task 5/20  | Classes (20, 25)
============================================================
[02:20:17] Task 4 baseline (chance): 4.00%
[02:20:17] Task 4 zero-shot (pre-train): 0.00%
[02:20:22] task=4  epoch=0  train_loss=2.6685
[02:20:25] task=4  epoch=END  time_sec=4.5  acc_task0=0.0  acc_task1=0.0  acc_task2=0.0  acc_task3=5.6  acc_task4=51.0
[02:20:25] 
============================================================
 Task 6/20  | Classes (25, 30)
============================================================
[02:20:25] Task 5 baseline (chance): 3.33%
[02:20:26] Task 5 zero-shot (pre-train): 0.00%
[02:20:30] task=5  epoch=0  train_loss=3.053
[02:20:34] task=5  epoch=END  time_sec=4.5  acc_task0=0.0  acc_task1=0.0  acc_task2=0.0  acc_task3=0.0  acc_task4=3.0  acc_task5=31.2
[02:20:34] 
============================================================
 Task 7/20  | Classes (30, 35)
============================================================
[02:20:34] Task 6 baseline (chance): 2.86%
[02:20:34] Task 6 zero-shot (pre-train): 0.00%
[02:20:39] task=6  epoch=0  train_loss=3.0203
[02:20:43] task=6  epoch=END  time_sec=4.5  acc_task0=0.0  acc_task1=0.0  acc_task2=0.0  acc_task3=0.0  acc_task4=6.4  acc_task5=2.8  acc_task6=40.2
[02:20:43] 
============================================================
 Task 8/20  | Classes (35, 40)
============================================================
[02:20:43] Task 7 baseline (chance): 2.50%
[02:20:43] Task 7 zero-shot (pre-train): 0.00%
[02:20:48] task=7  epoch=0  train_loss=3.3283
[02:20:52] task=7  epoch=END  time_sec=4.5  acc_task0=0.0  acc_task1=0.0  acc_task2=0.0  acc_task3=0.0  acc_task4=0.0  acc_task5=0.2  acc_task6=10.4  acc_task7=31.8
[02:20:52] 
============================================================
 Task 9/20  | Classes (40, 45)
============================================================
[02:20:52] Task 8 baseline (chance): 2.22%
[02:20:53] Task 8 zero-shot (pre-train): 0.00%
[02:20:57] task=8  epoch=0  train_loss=3.6676
[02:21:02] task=8  epoch=END  time_sec=4.6  acc_task0=0.0  acc_task1=0.0  acc_task2=0.0  acc_task3=0.0  acc_task4=0.0  acc_task5=0.0  acc_task6=0.0  acc_task7=0.0  acc_task8=42.2
[02:21:02] 
============================================================
 Task 10/20  | Classes (45, 50)
============================================================
[02:21:02] Task 9 baseline (chance): 2.00%
[02:21:02] Task 9 zero-shot (pre-train): 0.00%
[02:21:07] task=9  epoch=0  train_loss=3.5518
[02:21:12] task=9  epoch=END  time_sec=4.5  acc_task0=0.0  acc_task1=0.0  acc_task2=0.0  acc_task3=0.0  acc_task4=0.0  acc_task5=0.0  acc_task6=0.0  acc_task7=0.0  acc_task8=6.4  acc_task9=37.6
[02:21:12] 
============================================================
 Task 11/20  | Classes (50, 55)
============================================================
[02:21:12] Task 10 baseline (chance): 1.82%
[02:21:12] Task 10 zero-shot (pre-train): 0.00%
[02:21:17] task=10  epoch=0  train_loss=3.8686
[02:21:22] task=10  epoch=END  time_sec=4.5  acc_task0=0.0  acc_task1=0.0  acc_task2=0.0  acc_task3=0.0  acc_task4=0.0  acc_task5=0.0  acc_task6=0.0  acc_task7=0.0  acc_task8=0.4  acc_task9=3.6  acc_task10=49.8
[02:21:22] 
============================================================
 Task 12/20  | Classes (55, 60)
============================================================
[02:21:22] Task 11 baseline (chance): 1.67%
[02:21:22] Task 11 zero-shot (pre-train): 0.00%
[02:21:26] task=11  epoch=0  train_loss=3.954
[02:21:32] task=11  epoch=END  time_sec=4.5  acc_task0=0.0  acc_task1=0.0  acc_task2=0.0  acc_task3=0.0  acc_task4=0.0  acc_task5=0.0  acc_task6=0.0  acc_task7=0.0  acc_task8=0.0  acc_task9=0.0  acc_task10=9.6  acc_task11=41.4
[02:21:32] 
============================================================
 Task 13/20  | Classes (60, 65)
============================================================
[02:21:32] Task 12 baseline (chance): 1.54%
[02:21:32] Task 12 zero-shot (pre-train): 0.00%
[02:21:37] task=12  epoch=0  train_loss=3.9324
[02:21:42] task=12  epoch=END  time_sec=4.5  acc_task0=0.0  acc_task1=0.0  acc_task2=0.0  acc_task3=0.0  acc_task4=0.0  acc_task5=0.0  acc_task6=0.0  acc_task7=0.0  acc_task8=0.0  acc_task9=0.0  acc_task10=0.0  acc_task11=0.0  acc_task12=56.2
[02:21:42] 
============================================================
 Task 14/20  | Classes (65, 70)
============================================================
[02:21:42] Task 13 baseline (chance): 1.43%
[02:21:42] Task 13 zero-shot (pre-train): 0.00%
[02:21:47] task=13  epoch=0  train_loss=3.9893
[02:21:53] task=13  epoch=END  time_sec=4.5  acc_task0=0.0  acc_task1=0.0  acc_task2=0.0  acc_task3=0.0  acc_task4=0.0  acc_task5=0.0  acc_task6=0.0  acc_task7=0.0  acc_task8=0.0  acc_task9=0.0  acc_task10=11.0  acc_task11=0.0  acc_task12=2.4  acc_task13=48.0
[02:21:53] 
============================================================
 Task 15/20  | Classes (70, 75)
============================================================
[02:21:53] Task 14 baseline (chance): 1.33%
[02:21:53] Task 14 zero-shot (pre-train): 0.00%
[02:21:58] task=14  epoch=0  train_loss=3.8123
[02:22:04] task=14  epoch=END  time_sec=4.5  acc_task0=0.0  acc_task1=0.0  acc_task2=0.0  acc_task3=0.0  acc_task4=0.0  acc_task5=0.0  acc_task6=0.0  acc_task7=0.0  acc_task8=0.0  acc_task9=0.0  acc_task10=0.0  acc_task11=0.0  acc_task12=0.2  acc_task13=0.0  acc_task14=55.4
[02:22:04] 
============================================================
 Task 16/20  | Classes (75, 80)
============================================================
[02:22:04] Task 15 baseline (chance): 1.25%
[02:22:04] Task 15 zero-shot (pre-train): 0.00%
[02:22:09] task=15  epoch=0  train_loss=3.8639
[02:22:15] task=15  epoch=END  time_sec=4.5  acc_task0=0.0  acc_task1=0.0  acc_task2=0.0  acc_task3=0.0  acc_task4=0.0  acc_task5=0.0  acc_task6=0.0  acc_task7=0.0  acc_task8=0.0  acc_task9=0.0  acc_task10=0.0  acc_task11=0.0  acc_task12=0.0  acc_task13=0.0  acc_task14=6.6  acc_task15=34.2
[02:22:15] 
============================================================
 Task 17/20  | Classes (80, 85)
============================================================
[02:22:15] Task 16 baseline (chance): 1.18%
[02:22:15] Task 16 zero-shot (pre-train): 0.00%
[02:22:20] task=16  epoch=0  train_loss=3.8262
[02:22:26] task=16  epoch=END  time_sec=4.5  acc_task0=0.0  acc_task1=0.0  acc_task2=0.0  acc_task3=0.0  acc_task4=0.0  acc_task5=0.0  acc_task6=0.0  acc_task7=0.0  acc_task8=0.0  acc_task9=0.0  acc_task10=0.0  acc_task11=0.0  acc_task12=0.0  acc_task13=0.0  acc_task14=0.6  acc_task15=14.2  acc_task16=41.2
[02:22:26] 
============================================================
 Task 18/20  | Classes (85, 90)
============================================================
[02:22:26] Task 17 baseline (chance): 1.11%
[02:22:27] Task 17 zero-shot (pre-train): 0.00%
[02:22:31] task=17  epoch=0  train_loss=4.4902
[02:22:38] task=17  epoch=END  time_sec=4.6  acc_task0=0.0  acc_task1=0.0  acc_task2=0.0  acc_task3=0.0  acc_task4=0.0  acc_task5=0.0  acc_task6=0.0  acc_task7=0.0  acc_task8=0.0  acc_task9=0.0  acc_task10=0.0  acc_task11=0.0  acc_task12=0.0  acc_task13=0.0  acc_task14=0.6  acc_task15=0.0  acc_task16=16.4  acc_task17=44.6
[02:22:38] 
============================================================
 Task 19/20  | Classes (90, 95)
============================================================
[02:22:38] Task 18 baseline (chance): 1.05%
[02:22:38] Task 18 zero-shot (pre-train): 0.00%
[02:22:43] task=18  epoch=0  train_loss=4.1537
[02:22:50] task=18  epoch=END  time_sec=4.6  acc_task0=0.0  acc_task1=0.0  acc_task2=0.0  acc_task3=0.0  acc_task4=0.0  acc_task5=0.0  acc_task6=0.0  acc_task7=0.0  acc_task8=0.0  acc_task9=0.0  acc_task10=0.0  acc_task11=0.0  acc_task12=0.0  acc_task13=0.0  acc_task14=0.0  acc_task15=0.0  acc_task16=0.0  acc_task17=2.8  acc_task18=51.4
[02:22:50] 
============================================================
 Task 20/20  | Classes (95, 100)
============================================================
[02:22:50] Task 19 baseline (chance): 1.00%
[02:22:50] Task 19 zero-shot (pre-train): 0.00%
[02:22:55] task=19  epoch=0  train_loss=4.1978
[02:23:02] task=19  epoch=END  time_sec=4.6  acc_task0=0.0  acc_task1=0.0  acc_task2=0.0  acc_task3=0.0  acc_task4=0.0  acc_task5=0.0  acc_task6=0.0  acc_task7=0.0  acc_task8=0.0  acc_task9=0.0  acc_task10=0.0  acc_task11=0.0  acc_task12=0.0  acc_task13=0.0  acc_task14=0.0  acc_task15=0.0  acc_task16=0.0  acc_task17=0.0  acc_task18=4.4  acc_task19=54.2
[02:23:02] 
Final Metrics:
  avg_accuracy         +2.9300
  forgetting           +44.1474
  backward_transfer    -44.1474
  forward_transfer     -2.7345
[02:23:03] 
Done - run: split_cifar100_icarl_seed123
[02:23:03] Metrics: {'avg_accuracy': 2.93, 'forgetting': 44.1474, 'backward_transfer': -44.1474, 'forward_transfer': -2.7345}
