[16:42:33] Starting: permuted_mnist_xder_norevision_seed123
[16:42:33] Config: {'dataset': 'permuted_mnist', 'data_root': 'Project/data_local', 'model': 'resnet8', 'pretrained': False, 'method': 'xder', 'n_epochs': 1, 'batch_size': 32, 'num_workers': 0, 'lr': 0.03, 'momentum': 0.9, 'weight_decay': 0.0001, 'fp16': False, 'buffer_size': 200, 'ewc_lambda': 100.0, 'fisher_samples': 200, 'si_lambda': 1.0, 'si_xi': 0.1, 'der_alpha': 0.5, 'xder_beta': 0.0, 'lwf_lambda': 1.0, 'lwf_temp': 2.0, 'icarl_distill_w': 1.0, 'icarl_temp': 2.0, 'use_nmc': True, 'agem_mem_batch': 64, 'distill_lambda': 1.0, 'distill_temp': 2.0, 'pc_distill_w': 1.0, 'pc_ewc_lambda': 100.0, 'pc_compress_epochs': 3, 'er_replay_ratio': 0.5, 'joint_replay_epochs': 1, 'disable_tqdm': True, 'disable_checkpoints': False, 'disable_plots': False, 'seeds': [42, 123, 456], 'results_root': 'results_phase3_interactions_plots', 'checkpoint_dir': 'results/checkpoints', 'figure_dir': 'results_phase3_interactions_plots/figures', 'log_dir': 'results_phase3_interactions_plots/raw', 'run_tag': 'norevision', 'run_name': 'permuted_mnist_xder_norevision_seed123', 'seed': 123}
[16:42:33] Device: cuda
[16:42:33] Dataset: PermutedMNIST(tasks=10, classes_per_task=10, scenario=domain-il)
[16:42:33] 
============================================================
 Task 1/10  | Classes (0, 10)
============================================================
[16:42:33] Task 0 baseline (chance): 10.00%
[16:43:11] task=0  epoch=0  train_loss=0.43
[16:43:14] task=0  epoch=END  time_sec=38.0  acc_task0=95.37
[16:43:14] 
============================================================
 Task 2/10  | Classes (0, 10)
============================================================
[16:43:14] Task 1 baseline (chance): 10.00%
[16:43:16] Task 1 zero-shot (pre-train): 6.57%
[16:43:53] task=1  epoch=0  train_loss=0.3378
[16:43:58] task=1  epoch=END  time_sec=36.7  acc_task0=86.39  acc_task1=96.09
[16:43:58] 
============================================================
 Task 3/10  | Classes (0, 10)
============================================================
[16:43:58] Task 2 baseline (chance): 10.00%
[16:44:01] Task 2 zero-shot (pre-train): 9.79%
[16:44:38] task=2  epoch=0  train_loss=0.3433
[16:44:46] task=2  epoch=END  time_sec=37.1  acc_task0=75.7  acc_task1=86.71  acc_task2=96.07
[16:44:46] 
============================================================
 Task 4/10  | Classes (0, 10)
============================================================
[16:44:46] Task 3 baseline (chance): 10.00%
[16:44:49] Task 3 zero-shot (pre-train): 12.71%
[16:45:26] task=3  epoch=0  train_loss=0.3388
[16:45:37] task=3  epoch=END  time_sec=36.7  acc_task0=68.11  acc_task1=77.27  acc_task2=87.28  acc_task3=96.06
[16:45:37] 
============================================================
 Task 5/10  | Classes (0, 10)
============================================================
[16:45:37] Task 4 baseline (chance): 10.00%
[16:45:40] Task 4 zero-shot (pre-train): 8.51%
[16:46:16] task=4  epoch=0  train_loss=0.3368
[16:46:30] task=4  epoch=END  time_sec=36.8  acc_task0=64.16  acc_task1=71.14  acc_task2=76.44  acc_task3=85.89  acc_task4=95.64
[16:46:30] 
============================================================
 Task 6/10  | Classes (0, 10)
============================================================
[16:46:30] Task 5 baseline (chance): 10.00%
[16:46:33] Task 5 zero-shot (pre-train): 8.19%
[16:47:10] task=5  epoch=0  train_loss=0.3413
[16:47:27] task=5  epoch=END  time_sec=36.6  acc_task0=55.11  acc_task1=59.66  acc_task2=67.84  acc_task3=74.81  acc_task4=85.82  acc_task5=96.15
[16:47:27] 
============================================================
 Task 7/10  | Classes (0, 10)
============================================================
[16:47:27] Task 6 baseline (chance): 10.00%
[16:47:30] Task 6 zero-shot (pre-train): 11.34%
[16:48:07] task=6  epoch=0  train_loss=0.3249
[16:48:27] task=6  epoch=END  time_sec=36.8  acc_task0=52.89  acc_task1=56.88  acc_task2=62.6  acc_task3=67.63  acc_task4=74.8  acc_task5=86.25  acc_task6=96.25
[16:48:27] 
============================================================
 Task 8/10  | Classes (0, 10)
============================================================
[16:48:27] Task 7 baseline (chance): 10.00%
[16:48:30] Task 7 zero-shot (pre-train): 17.69%
[16:49:07] task=7  epoch=0  train_loss=0.3154
[16:49:29] task=7  epoch=END  time_sec=36.9  acc_task0=49.02  acc_task1=53.98  acc_task2=58.73  acc_task3=62.36  acc_task4=66.04  acc_task5=67.65  acc_task6=87.98  acc_task7=96.11
[16:49:29] 
============================================================
 Task 9/10  | Classes (0, 10)
============================================================
[16:49:29] Task 8 baseline (chance): 10.00%
[16:49:32] Task 8 zero-shot (pre-train): 9.82%
[16:50:09] task=8  epoch=0  train_loss=0.3222
[16:50:36] task=8  epoch=END  time_sec=36.8  acc_task0=46.7  acc_task1=49.39  acc_task2=55.91  acc_task3=62.1  acc_task4=59.16  acc_task5=54.15  acc_task6=74.71  acc_task7=86.05  acc_task8=96.29
[16:50:36] 
============================================================
 Task 10/10  | Classes (0, 10)
============================================================
[16:50:36] Task 9 baseline (chance): 10.00%
[16:50:39] Task 9 zero-shot (pre-train): 11.47%
[16:51:16] task=9  epoch=0  train_loss=0.3101
[16:51:46] task=9  epoch=END  time_sec=36.8  acc_task0=44.03  acc_task1=47.38  acc_task2=53.59  acc_task3=60.2  acc_task4=53.55  acc_task5=49.09  acc_task6=60.11  acc_task7=70.08  acc_task8=87.05  acc_task9=96.02
[16:51:46] 
Final Metrics:
  avg_accuracy         +62.1100
  forgetting           +37.6611
  backward_transfer    -37.6611
  forward_transfer     +0.6767
[16:51:46] 
Done - run: permuted_mnist_xder_norevision_seed123
[16:51:46] Metrics: {'avg_accuracy': 62.11, 'forgetting': 37.6611, 'backward_transfer': -37.6611, 'forward_transfer': 0.6767}
