[04:55:52] Starting: split_cifar10_si_der_buf500_seed123
[04:55:52] Config: {'dataset': 'split_cifar10', 'data_root': 'F:\\Temp\\cf\\Catastrophic Forgetting\\research_v2\\Project\\data_local', 'dataset_image_size': None, 'dataset_out_channels': None, 'model': 'slim_resnet18', 'pretrained': False, 'model_image_size': None, 'method': 'si_der', 'n_epochs': 1, 'batch_size': 32, 'num_workers': 0, 'lr': 0.03, 'momentum': 0.9, 'weight_decay': 0.0001, 'fp16': False, 'buffer_size': 500, 'ewc_lambda': 100.0, 'fisher_samples': 200, 'si_lambda': 1.0, 'si_xi': 0.1, 'der_alpha': 0.5, 'xder_beta': 0.5, 'lwf_lambda': 1.0, 'lwf_temp': 2.0, 'icarl_distill_w': 1.0, 'icarl_temp': 2.0, 'use_nmc': True, 'agem_mem_batch': 64, 'distill_lambda': 1.0, 'distill_temp': 2.0, 'pc_distill_w': 1.0, 'pc_ewc_lambda': 100.0, 'pc_compress_epochs': 3, 'er_replay_ratio': 0.5, 'joint_replay_epochs': 1, 'disable_tqdm': True, 'disable_checkpoints': False, 'disable_plots': True, 'resume': False, 'cleanup_checkpoints_on_success': True, 'result_group': 'ablations', 'ablation_family': 'buffer', 'seeds': [42, 123, 456, 789, 1024], 'results_root': 'F:\\Temp\\cf\\Catastrophic Forgetting\\research_v2\\results', 'run_tag': 'buf500', 'seed': 123, 'run_name': 'split_cifar10_si_der_buf500_seed123', 'project_root': 'F:\\Temp\\cf\\Catastrophic Forgetting\\research_v2\\Project', 'workspace_root': 'F:\\Temp\\cf\\Catastrophic Forgetting\\research_v2', 'run_root': 'F:\\Temp\\cf\\Catastrophic Forgetting\\research_v2\\results\\ablations\\epoch_1\\split_cifar10\\buffer\\si_der__buf500\\seed_123', 'log_dir': 'F:\\Temp\\cf\\Catastrophic Forgetting\\research_v2\\results\\ablations\\epoch_1\\split_cifar10\\buffer\\si_der__buf500\\seed_123\\logs', 'metrics_dir': 'F:\\Temp\\cf\\Catastrophic Forgetting\\research_v2\\results\\ablations\\epoch_1\\split_cifar10\\buffer\\si_der__buf500\\seed_123\\metrics', 'checkpoint_dir': 'F:\\Temp\\cf\\Catastrophic Forgetting\\research_v2\\results\\ablations\\epoch_1\\split_cifar10\\buffer\\si_der__buf500\\seed_123\\checkpoints', 'artifact_dir': 'F:\\Temp\\cf\\Catastrophic Forgetting\\research_v2\\results\\ablations\\epoch_1\\split_cifar10\\buffer\\si_der__buf500\\seed_123\\artifacts', 'figure_dir': 'F:\\Temp\\cf\\Catastrophic Forgetting\\research_v2\\results\\figures\\ablations\\epoch_1\\split_cifar10\\buffer\\si_der__buf500\\seed_123'}
[04:55:52] Device: cuda
[04:55:53] Dataset: SplitCIFAR10(tasks=5, classes_per_task=2, scenario=class-il)
[04:55:53] 
============================================================
 Task 1/5  | Classes (0, 2)
============================================================
[04:55:53] Task 0 baseline (chance): 50.00%
[04:56:30] task=0  epoch=0  train_loss=1.0603
[04:56:31] task=0  epoch=END  time_sec=36.5  acc_task0=84.6
[04:56:31] 
============================================================
 Task 2/5  | Classes (2, 4)
============================================================
[04:56:31] Task 1 baseline (chance): 25.00%
[04:56:32] Task 1 zero-shot (pre-train): 0.00%
[04:57:25] task=1  epoch=0  train_loss=0.897
[04:57:27] task=1  epoch=END  time_sec=53.0  acc_task0=0.0  acc_task1=71.95
[04:57:27] 
============================================================
 Task 3/5  | Classes (4, 6)
============================================================
[04:57:27] Task 2 baseline (chance): 16.67%
[04:57:28] Task 2 zero-shot (pre-train): 0.00%
[04:58:23] task=2  epoch=0  train_loss=1.1518
[04:58:25] task=2  epoch=END  time_sec=54.7  acc_task0=0.0  acc_task1=0.0  acc_task2=74.9
[04:58:25] 
============================================================
 Task 4/5  | Classes (6, 8)
============================================================
[04:58:25] Task 3 baseline (chance): 12.50%
[04:58:26] Task 3 zero-shot (pre-train): 0.00%
[04:59:05] task=3  epoch=0  train_loss=1.4502
[04:59:09] task=3  epoch=END  time_sec=39.0  acc_task0=0.0  acc_task1=0.0  acc_task2=0.0  acc_task3=81.65
[04:59:09] 
============================================================
 Task 5/5  | Classes (8, 10)
============================================================
[04:59:09] Task 4 baseline (chance): 10.00%
[04:59:10] Task 4 zero-shot (pre-train): 0.00%
[04:59:59] task=4  epoch=0  train_loss=1.7147
[05:00:04] task=4  epoch=END  time_sec=48.5  acc_task0=0.0  acc_task1=0.0  acc_task2=0.0  acc_task3=0.0  acc_task4=76.7
[05:00:05] 
Final Metrics:
  avg_accuracy         +15.3400
  forgetting           +78.2750
  backward_transfer    -78.2750
  forward_transfer     -16.0417
[05:00:05] 
Done - run: split_cifar10_si_der_buf500_seed123
[05:00:05] Metrics: {'avg_accuracy': 15.34, 'forgetting': 78.275, 'backward_transfer': -78.275, 'forward_transfer': -16.0417}
[05:00:05] Deleted 5 checkpoint(s) after successful completion.
