[20:38:26] Starting: permuted_mnist_xder_seed42
[20:38:26] Config: {'dataset': 'permuted_mnist', 'data_root': 'F:\\Temp\\cf\\Catastrophic Forgetting\\research_v2\\Project\\data_local', 'dataset_image_size': None, 'dataset_out_channels': None, 'model': 'resnet8', 'pretrained': False, 'model_image_size': None, 'method': 'xder', 'n_epochs': 1, 'batch_size': 32, 'num_workers': 0, 'lr': 0.03, 'momentum': 0.9, 'weight_decay': 0.0001, 'fp16': False, 'buffer_size': 200, 'ewc_lambda': 100.0, 'fisher_samples': 200, 'si_lambda': 1.0, 'si_xi': 0.1, 'der_alpha': 0.5, 'xder_beta': 0.5, 'lwf_lambda': 1.0, 'lwf_temp': 2.0, 'icarl_distill_w': 1.0, 'icarl_temp': 2.0, 'use_nmc': True, 'agem_mem_batch': 64, 'distill_lambda': 1.0, 'distill_temp': 2.0, 'pc_distill_w': 1.0, 'pc_ewc_lambda': 100.0, 'pc_compress_epochs': 3, 'er_replay_ratio': 0.5, 'joint_replay_epochs': 1, 'disable_tqdm': True, 'disable_checkpoints': False, 'disable_plots': False, 'resume': True, 'cleanup_checkpoints_on_success': True, 'result_group': 'runs', 'ablation_family': None, 'seeds': [42, 123, 456, 789, 1024], 'results_root': 'F:\\Temp\\cf\\Catastrophic Forgetting\\research_v2\\results', 'seed': 42, 'run_name': 'permuted_mnist_xder_seed42', 'project_root': 'F:\\Temp\\cf\\Catastrophic Forgetting\\research_v2\\Project', 'workspace_root': 'F:\\Temp\\cf\\Catastrophic Forgetting\\research_v2', 'run_root': 'F:\\Temp\\cf\\Catastrophic Forgetting\\research_v2\\results\\runs\\epoch_1\\permuted_mnist\\hybrids\\xder\\seed_42', 'log_dir': 'F:\\Temp\\cf\\Catastrophic Forgetting\\research_v2\\results\\runs\\epoch_1\\permuted_mnist\\hybrids\\xder\\seed_42\\logs', 'metrics_dir': 'F:\\Temp\\cf\\Catastrophic Forgetting\\research_v2\\results\\runs\\epoch_1\\permuted_mnist\\hybrids\\xder\\seed_42\\metrics', 'checkpoint_dir': 'F:\\Temp\\cf\\Catastrophic Forgetting\\research_v2\\results\\runs\\epoch_1\\permuted_mnist\\hybrids\\xder\\seed_42\\checkpoints', 'artifact_dir': 'F:\\Temp\\cf\\Catastrophic Forgetting\\research_v2\\results\\runs\\epoch_1\\permuted_mnist\\hybrids\\xder\\seed_42\\artifacts', 'figure_dir': 'F:\\Temp\\cf\\Catastrophic Forgetting\\research_v2\\results\\figures\\epoch_1\\permuted_mnist\\hybrids\\xder\\seed_42'}
[20:38:26] Device: cuda
[20:38:26] Dataset: PermutedMNIST(tasks=10, classes_per_task=10, scenario=domain-il)
[20:38:26] 
============================================================
 Task 1/10  | Classes (0, 10)
============================================================
[20:38:26] Task 0 baseline (chance): 10.00%
[20:39:14] task=0  epoch=0  train_loss=0.5275
[20:39:17] task=0  epoch=END  time_sec=48.2  acc_task0=96.47
[20:39:18] 
============================================================
 Task 2/10  | Classes (0, 10)
============================================================
[20:39:18] Task 1 baseline (chance): 10.00%
[20:39:20] Task 1 zero-shot (pre-train): 9.51%
[20:40:08] task=1  epoch=0  train_loss=0.378
[20:40:14] task=1  epoch=END  time_sec=47.9  acc_task0=87.43  acc_task1=96.29
[20:40:14] 
============================================================
 Task 3/10  | Classes (0, 10)
============================================================
[20:40:14] Task 2 baseline (chance): 10.00%
[20:40:17] Task 2 zero-shot (pre-train): 12.03%
[20:41:05] task=2  epoch=0  train_loss=0.3706
[20:41:13] task=2  epoch=END  time_sec=48.6  acc_task0=72.78  acc_task1=88.63  acc_task2=95.68
[20:41:13] 
============================================================
 Task 4/10  | Classes (0, 10)
============================================================
[20:41:13] Task 3 baseline (chance): 10.00%
[20:41:16] Task 3 zero-shot (pre-train): 10.11%
[20:42:03] task=3  epoch=0  train_loss=0.3667
[20:42:14] task=3  epoch=END  time_sec=47.2  acc_task0=68.97  acc_task1=80.64  acc_task2=86.81  acc_task3=96.25
[20:42:14] 
============================================================
 Task 5/10  | Classes (0, 10)
============================================================
[20:42:14] Task 4 baseline (chance): 10.00%
[20:42:17] Task 4 zero-shot (pre-train): 13.74%
[20:43:05] task=4  epoch=0  train_loss=0.3426
[20:43:18] task=4  epoch=END  time_sec=47.7  acc_task0=63.72  acc_task1=72.13  acc_task2=79.6  acc_task3=89.07  acc_task4=96.21
[20:43:18] 
============================================================
 Task 6/10  | Classes (0, 10)
============================================================
[20:43:18] Task 5 baseline (chance): 10.00%
[20:43:21] Task 5 zero-shot (pre-train): 10.78%
[20:44:08] task=5  epoch=0  train_loss=0.3446
[20:44:23] task=5  epoch=END  time_sec=47.2  acc_task0=59.98  acc_task1=68.12  acc_task2=72.87  acc_task3=75.67  acc_task4=81.62  acc_task5=96.18
[20:44:23] 
============================================================
 Task 7/10  | Classes (0, 10)
============================================================
[20:44:23] Task 6 baseline (chance): 10.00%
[20:44:26] Task 6 zero-shot (pre-train): 11.57%
[20:45:14] task=6  epoch=0  train_loss=0.3349
[20:45:31] task=6  epoch=END  time_sec=48.0  acc_task0=58.34  acc_task1=64.82  acc_task2=65.88  acc_task3=69.94  acc_task4=65.79  acc_task5=87.84  acc_task6=96.16
[20:45:31] 
============================================================
 Task 8/10  | Classes (0, 10)
============================================================
[20:45:31] Task 7 baseline (chance): 10.00%
[20:45:34] Task 7 zero-shot (pre-train): 10.34%
[20:46:21] task=7  epoch=0  train_loss=0.3225
[20:46:41] task=7  epoch=END  time_sec=47.4  acc_task0=52.09  acc_task1=58.1  acc_task2=61.76  acc_task3=63.83  acc_task4=57.35  acc_task5=74.3  acc_task6=87.45  acc_task7=95.99
[20:46:41] 
============================================================
 Task 9/10  | Classes (0, 10)
============================================================
[20:46:41] Task 8 baseline (chance): 10.00%
[20:46:44] Task 8 zero-shot (pre-train): 10.64%
[20:47:31] task=8  epoch=0  train_loss=0.3229
[20:47:55] task=8  epoch=END  time_sec=47.1  acc_task0=46.23  acc_task1=55.18  acc_task2=56.88  acc_task3=58.48  acc_task4=44.52  acc_task5=59.31  acc_task6=70.69  acc_task7=84.22  acc_task8=96.23
[20:47:55] 
============================================================
 Task 10/10  | Classes (0, 10)
============================================================
[20:47:55] Task 9 baseline (chance): 10.00%
[20:47:57] Task 9 zero-shot (pre-train): 10.21%
[20:48:43] task=9  epoch=0  train_loss=0.3196
[20:49:09] task=9  epoch=END  time_sec=46.0  acc_task0=47.14  acc_task1=50.52  acc_task2=54.23  acc_task3=52.5  acc_task4=39.06  acc_task5=53.59  acc_task6=65.69  acc_task7=67.35  acc_task8=87.61  acc_task9=96.24
[20:49:09] 
Final Metrics:
  avg_accuracy         +61.3930
  forgetting           +38.6411
  backward_transfer    -38.6411
  forward_transfer     +0.9922
[20:49:12] 
Done - run: permuted_mnist_xder_seed42
[20:49:12] Metrics: {'avg_accuracy': 61.393, 'forgetting': 38.6411, 'backward_transfer': -38.6411, 'forward_transfer': 0.9922}
[20:49:12] Deleted 10 checkpoint(s) after successful completion.
[21:52:26] Starting: permuted_mnist_xder_seed42
[21:52:26] Config: {'dataset': 'permuted_mnist', 'data_root': 'F:\\Temp\\cf\\Catastrophic Forgetting\\research_v2\\Project\\data_local', 'dataset_image_size': 32, 'dataset_out_channels': None, 'model': 'slim_resnet18', 'pretrained': False, 'model_image_size': None, 'method': 'xder', 'n_epochs': 1, 'batch_size': 32, 'num_workers': 2, 'lr': 0.03, 'momentum': 0.9, 'weight_decay': 0.0001, 'fp16': False, 'buffer_size': 200, 'ewc_lambda': 100.0, 'fisher_samples': 200, 'si_lambda': 1.0, 'si_xi': 0.1, 'der_alpha': 0.5, 'xder_beta': 0.5, 'lwf_lambda': 1.0, 'lwf_temp': 2.0, 'icarl_distill_w': 1.0, 'icarl_temp': 2.0, 'use_nmc': True, 'agem_mem_batch': 64, 'distill_lambda': 1.0, 'distill_temp': 2.0, 'pc_distill_w': 1.0, 'pc_ewc_lambda': 100.0, 'pc_compress_epochs': 3, 'er_replay_ratio': 0.5, 'joint_replay_epochs': 1, 'disable_tqdm': True, 'disable_checkpoints': False, 'disable_plots': False, 'resume': True, 'cleanup_checkpoints_on_success': True, 'result_group': 'runs', 'ablation_family': None, 'seeds': [42, 123, 456, 789, 1024], 'results_root': 'F:\\Temp\\cf\\Catastrophic Forgetting\\research_v2\\results', 'seed': 42, 'run_name': 'permuted_mnist_xder_seed42', 'project_root': 'F:\\Temp\\cf\\Catastrophic Forgetting\\research_v2\\Project', 'workspace_root': 'F:\\Temp\\cf\\Catastrophic Forgetting\\research_v2', 'run_root': 'F:\\Temp\\cf\\Catastrophic Forgetting\\research_v2\\results\\runs\\epoch_1\\permuted_mnist\\hybrids\\xder\\seed_42', 'log_dir': 'F:\\Temp\\cf\\Catastrophic Forgetting\\research_v2\\results\\runs\\epoch_1\\permuted_mnist\\hybrids\\xder\\seed_42\\logs', 'metrics_dir': 'F:\\Temp\\cf\\Catastrophic Forgetting\\research_v2\\results\\runs\\epoch_1\\permuted_mnist\\hybrids\\xder\\seed_42\\metrics', 'checkpoint_dir': 'F:\\Temp\\cf\\Catastrophic Forgetting\\research_v2\\results\\runs\\epoch_1\\permuted_mnist\\hybrids\\xder\\seed_42\\checkpoints', 'artifact_dir': 'F:\\Temp\\cf\\Catastrophic Forgetting\\research_v2\\results\\runs\\epoch_1\\permuted_mnist\\hybrids\\xder\\seed_42\\artifacts', 'figure_dir': 'F:\\Temp\\cf\\Catastrophic Forgetting\\research_v2\\results\\figures\\epoch_1\\permuted_mnist\\hybrids\\xder\\seed_42'}
[21:52:26] Device: cuda
[21:52:26] Dataset: PermutedMNIST(tasks=10, classes_per_task=10, scenario=domain-il)
[21:52:26] 
============================================================
 Task 1/10  | Classes (0, 10)
============================================================
[21:52:26] Task 0 baseline (chance): 10.00%
[21:53:18] task=0  epoch=0  train_loss=0.3836
[21:53:26] task=0  epoch=END  time_sec=51.8  acc_task0=96.81
[21:53:26] 
============================================================
 Task 2/10  | Classes (0, 10)
============================================================
[21:53:26] Task 1 baseline (chance): 10.00%
[21:53:34] Task 1 zero-shot (pre-train): 7.58%
[21:54:25] task=1  epoch=0  train_loss=0.2633
[21:54:41] task=1  epoch=END  time_sec=51.6  acc_task0=93.26  acc_task1=97.5
[21:54:41] 
============================================================
 Task 3/10  | Classes (0, 10)
============================================================
[21:54:41] Task 2 baseline (chance): 10.00%
[21:54:49] Task 2 zero-shot (pre-train): 9.18%
[21:55:40] task=2  epoch=0  train_loss=0.2334
[21:56:03] task=2  epoch=END  time_sec=51.8  acc_task0=87.36  acc_task1=93.54  acc_task2=97.09
[21:56:03] 
============================================================
 Task 4/10  | Classes (0, 10)
============================================================
[21:56:03] Task 3 baseline (chance): 10.00%
[21:56:11] Task 3 zero-shot (pre-train): 8.71%
[21:57:02] task=3  epoch=0  train_loss=0.2132
[21:57:33] task=3  epoch=END  time_sec=51.4  acc_task0=84.39  acc_task1=88.29  acc_task2=93.3  acc_task3=97.04
[21:57:33] 
============================================================
 Task 5/10  | Classes (0, 10)
============================================================
[21:57:33] Task 4 baseline (chance): 10.00%
[21:57:40] Task 4 zero-shot (pre-train): 11.81%
[21:58:32] task=4  epoch=0  train_loss=0.2
[21:59:10] task=4  epoch=END  time_sec=51.7  acc_task0=78.08  acc_task1=79.68  acc_task2=85.08  acc_task3=94.59  acc_task4=97.14
[21:59:10] 
============================================================
 Task 6/10  | Classes (0, 10)
============================================================
[21:59:10] Task 5 baseline (chance): 10.00%
[21:59:18] Task 5 zero-shot (pre-train): 10.58%
[22:00:11] task=5  epoch=0  train_loss=0.1997
[22:00:56] task=5  epoch=END  time_sec=53.3  acc_task0=74.96  acc_task1=75.81  acc_task2=79.99  acc_task3=87.1  acc_task4=91.61  acc_task5=97.35
[22:00:56] 
============================================================
 Task 7/10  | Classes (0, 10)
============================================================
[22:00:56] Task 6 baseline (chance): 10.00%
[22:01:04] Task 6 zero-shot (pre-train): 15.48%
[22:01:55] task=6  epoch=0  train_loss=0.1947
[22:02:48] task=6  epoch=END  time_sec=51.2  acc_task0=70.19  acc_task1=74.23  acc_task2=76.93  acc_task3=80.86  acc_task4=79.45  acc_task5=93.92  acc_task6=97.03
[22:02:48] 
============================================================
 Task 8/10  | Classes (0, 10)
============================================================
[22:02:48] Task 7 baseline (chance): 10.00%
[22:02:55] Task 7 zero-shot (pre-train): 11.61%
[22:03:47] task=7  epoch=0  train_loss=0.1865
[22:04:47] task=7  epoch=END  time_sec=52.0  acc_task0=66.85  acc_task1=70.43  acc_task2=69.92  acc_task3=80.16  acc_task4=65.95  acc_task5=85.87  acc_task6=93.69  acc_task7=97.14
[22:04:48] 
============================================================
 Task 9/10  | Classes (0, 10)
============================================================
[22:04:48] Task 8 baseline (chance): 10.00%
[22:04:55] Task 8 zero-shot (pre-train): 13.56%
[22:05:46] task=8  epoch=0  train_loss=0.1842
[22:06:54] task=8  epoch=END  time_sec=51.3  acc_task0=64.74  acc_task1=66.83  acc_task2=64.92  acc_task3=73.18  acc_task4=54.23  acc_task5=76.17  acc_task6=86.88  acc_task7=94.59  acc_task8=97.18
[22:06:54] 
============================================================
 Task 10/10  | Classes (0, 10)
============================================================
[22:06:54] Task 9 baseline (chance): 10.00%
[22:07:01] Task 9 zero-shot (pre-train): 9.32%
[22:07:53] task=9  epoch=0  train_loss=0.1789
[22:09:08] task=9  epoch=END  time_sec=51.8  acc_task0=61.42  acc_task1=63.81  acc_task2=62.44  acc_task3=68.41  acc_task4=46.09  acc_task5=61.24  acc_task6=69.68  acc_task7=84.71  acc_task8=92.93  acc_task9=97.22
[22:09:08] 
Final Metrics:
  avg_accuracy         +70.7950
  forgetting           +29.2833
  backward_transfer    -29.2833
  forward_transfer     +0.8700
[22:09:09] 
Done - run: permuted_mnist_xder_seed42
[22:09:09] Metrics: {'avg_accuracy': 70.795, 'forgetting': 29.2833, 'backward_transfer': -29.2833, 'forward_transfer': 0.87}
[22:09:09] Deleted 10 checkpoint(s) after successful completion.
