[01:10:17] Starting: split_cifar10_agem_distill_buf100_seed123
[01:10:17] Config: {'dataset': 'split_cifar10', 'data_root': 'F:\\Temp\\cf\\Catastrophic Forgetting\\research_v2\\Project\\data_local', 'dataset_image_size': None, 'dataset_out_channels': None, 'model': 'slim_resnet18', 'pretrained': False, 'model_image_size': None, 'method': 'agem_distill', 'n_epochs': 1, 'batch_size': 32, 'num_workers': 0, 'lr': 0.03, 'momentum': 0.9, 'weight_decay': 0.0001, 'fp16': False, 'buffer_size': 100, 'ewc_lambda': 100.0, 'fisher_samples': 200, 'si_lambda': 1.0, 'si_xi': 0.1, 'der_alpha': 0.5, 'xder_beta': 0.5, 'lwf_lambda': 1.0, 'lwf_temp': 2.0, 'icarl_distill_w': 1.0, 'icarl_temp': 2.0, 'use_nmc': True, 'agem_mem_batch': 64, 'distill_lambda': 1.0, 'distill_temp': 2.0, 'pc_distill_w': 1.0, 'pc_ewc_lambda': 100.0, 'pc_compress_epochs': 3, 'er_replay_ratio': 0.5, 'joint_replay_epochs': 1, 'disable_tqdm': True, 'disable_checkpoints': False, 'disable_plots': True, 'resume': False, 'cleanup_checkpoints_on_success': True, 'result_group': 'ablations', 'ablation_family': 'buffer', 'seeds': [42, 123, 456, 789, 1024], 'results_root': 'F:\\Temp\\cf\\Catastrophic Forgetting\\research_v2\\results', 'run_tag': 'buf100', 'seed': 123, 'run_name': 'split_cifar10_agem_distill_buf100_seed123', 'project_root': 'F:\\Temp\\cf\\Catastrophic Forgetting\\research_v2\\Project', 'workspace_root': 'F:\\Temp\\cf\\Catastrophic Forgetting\\research_v2', 'run_root': 'F:\\Temp\\cf\\Catastrophic Forgetting\\research_v2\\results\\ablations\\epoch_1\\split_cifar10\\buffer\\agem_distill__buf100\\seed_123', 'log_dir': 'F:\\Temp\\cf\\Catastrophic Forgetting\\research_v2\\results\\ablations\\epoch_1\\split_cifar10\\buffer\\agem_distill__buf100\\seed_123\\logs', 'metrics_dir': 'F:\\Temp\\cf\\Catastrophic Forgetting\\research_v2\\results\\ablations\\epoch_1\\split_cifar10\\buffer\\agem_distill__buf100\\seed_123\\metrics', 'checkpoint_dir': 'F:\\Temp\\cf\\Catastrophic Forgetting\\research_v2\\results\\ablations\\epoch_1\\split_cifar10\\buffer\\agem_distill__buf100\\seed_123\\checkpoints', 'artifact_dir': 'F:\\Temp\\cf\\Catastrophic Forgetting\\research_v2\\results\\ablations\\epoch_1\\split_cifar10\\buffer\\agem_distill__buf100\\seed_123\\artifacts', 'figure_dir': 'F:\\Temp\\cf\\Catastrophic Forgetting\\research_v2\\results\\figures\\ablations\\epoch_1\\split_cifar10\\buffer\\agem_distill__buf100\\seed_123'}
[01:10:17] Device: cuda
[01:10:20] Dataset: SplitCIFAR10(tasks=5, classes_per_task=2, scenario=class-il)
[01:10:20] 
============================================================
 Task 1/5  | Classes (0, 2)
============================================================
[01:10:20] Task 0 baseline (chance): 50.00%
[01:10:40] task=0  epoch=0  train_loss=0.5361
[01:10:41] task=0  epoch=END  time_sec=19.9  acc_task0=84.9
[01:10:41] 
============================================================
 Task 2/5  | Classes (2, 4)
============================================================
[01:10:42] Task 1 baseline (chance): 25.00%
[01:10:43] Task 1 zero-shot (pre-train): 0.20%
[01:11:19] task=1  epoch=0  train_loss=0.7372
[01:11:22] task=1  epoch=END  time_sec=36.8  acc_task0=0.0  acc_task1=63.6
[01:11:22] 
============================================================
 Task 3/5  | Classes (4, 6)
============================================================
[01:11:22] Task 2 baseline (chance): 16.67%
[01:11:23] Task 2 zero-shot (pre-train): 0.00%
[01:12:07] task=2  epoch=0  train_loss=0.7372
[01:12:10] task=2  epoch=END  time_sec=43.8  acc_task0=0.0  acc_task1=0.0  acc_task2=77.3
[01:12:10] 
============================================================
 Task 4/5  | Classes (6, 8)
============================================================
[01:12:10] Task 3 baseline (chance): 12.50%
[01:12:12] Task 3 zero-shot (pre-train): 0.00%
[01:12:52] task=3  epoch=0  train_loss=0.7438
[01:12:56] task=3  epoch=END  time_sec=40.1  acc_task0=0.0  acc_task1=0.0  acc_task2=0.0  acc_task3=86.55
[01:12:56] 
============================================================
 Task 5/5  | Classes (8, 10)
============================================================
[01:12:56] Task 4 baseline (chance): 10.00%
[01:12:57] Task 4 zero-shot (pre-train): 0.00%
[01:13:37] task=4  epoch=0  train_loss=0.9161
[01:13:42] task=4  epoch=END  time_sec=39.9  acc_task0=0.0  acc_task1=0.0  acc_task2=0.0  acc_task3=0.0  acc_task4=83.0
[01:13:42] 
Final Metrics:
  avg_accuracy         +16.6000
  forgetting           +78.0875
  backward_transfer    -78.0875
  forward_transfer     -15.9917
[01:13:42] 
Done - run: split_cifar10_agem_distill_buf100_seed123
[01:13:42] Metrics: {'avg_accuracy': 16.6, 'forgetting': 78.0875, 'backward_transfer': -78.0875, 'forward_transfer': -15.9917}
[01:13:42] Deleted 5 checkpoint(s) after successful completion.
