[02:49:44] Starting: split_cifar100_icarl_seed456
[02:49:44] Config: {'dataset': 'split_cifar100', 'data_root': 'F:\\Temp\\cf\\Catastrophic Forgetting\\research_v2\\Project\\data_local', 'dataset_image_size': None, 'dataset_out_channels': None, 'model': 'slim_resnet18', 'pretrained': False, 'model_image_size': None, 'method': 'icarl', 'n_epochs': 1, 'batch_size': 32, 'num_workers': 0, 'lr': 0.03, 'momentum': 0.9, 'weight_decay': 0.0001, 'fp16': True, 'buffer_size': 500, 'ewc_lambda': 100.0, 'fisher_samples': 200, 'si_lambda': 1.0, 'si_xi': 0.1, 'der_alpha': 0.5, 'xder_beta': 0.5, 'lwf_lambda': 1.0, 'lwf_temp': 2.0, 'icarl_distill_w': 1.0, 'icarl_temp': 2.0, 'use_nmc': True, 'agem_mem_batch': 64, 'distill_lambda': 1.0, 'distill_temp': 2.0, 'pc_distill_w': 1.0, 'pc_ewc_lambda': 100.0, 'pc_compress_epochs': 3, 'er_replay_ratio': 0.5, 'joint_replay_epochs': 1, 'disable_tqdm': True, 'disable_checkpoints': False, 'disable_plots': False, 'resume': True, 'cleanup_checkpoints_on_success': True, 'result_group': 'runs', 'ablation_family': None, 'seeds': [42, 123, 456, 789, 1024], 'results_root': 'F:\\Temp\\cf\\Catastrophic Forgetting\\research_v2\\results', 'seed': 456, 'run_name': 'split_cifar100_icarl_seed456', 'project_root': 'F:\\Temp\\cf\\Catastrophic Forgetting\\research_v2\\Project', 'workspace_root': 'F:\\Temp\\cf\\Catastrophic Forgetting\\research_v2', 'run_root': 'F:\\Temp\\cf\\Catastrophic Forgetting\\research_v2\\results\\runs\\epoch_1\\split_cifar100\\hybrids\\icarl\\seed_456', 'log_dir': 'F:\\Temp\\cf\\Catastrophic Forgetting\\research_v2\\results\\runs\\epoch_1\\split_cifar100\\hybrids\\icarl\\seed_456\\logs', 'metrics_dir': 'F:\\Temp\\cf\\Catastrophic Forgetting\\research_v2\\results\\runs\\epoch_1\\split_cifar100\\hybrids\\icarl\\seed_456\\metrics', 'checkpoint_dir': 'F:\\Temp\\cf\\Catastrophic Forgetting\\research_v2\\results\\runs\\epoch_1\\split_cifar100\\hybrids\\icarl\\seed_456\\checkpoints', 'artifact_dir': 'F:\\Temp\\cf\\Catastrophic Forgetting\\research_v2\\results\\runs\\epoch_1\\split_cifar100\\hybrids\\icarl\\seed_456\\artifacts', 'figure_dir': 'F:\\Temp\\cf\\Catastrophic Forgetting\\research_v2\\results\\figures\\epoch_1\\split_cifar100\\hybrids\\icarl\\seed_456'}
[02:49:44] Device: cuda
[02:49:46] Dataset: SplitCIFAR100(tasks=20, classes_per_task=5, scenario=class-il)
[02:49:47] 
============================================================
 Task 1/20  | Classes (0, 5)
============================================================
[02:49:47] Task 0 baseline (chance): 20.00%
[02:49:52] task=0  epoch=0  train_loss=1.5424
[02:49:56] task=0  epoch=END  time_sec=4.7  acc_task0=46.4
[02:49:56] 
============================================================
 Task 2/20  | Classes (5, 10)
============================================================
[02:49:57] Task 1 baseline (chance): 10.00%
[02:49:57] Task 1 zero-shot (pre-train): 0.00%
[02:50:04] task=1  epoch=0  train_loss=1.8446
[02:50:08] task=1  epoch=END  time_sec=6.2  acc_task0=26.6  acc_task1=25.8
[02:50:08] 
============================================================
 Task 3/20  | Classes (10, 15)
============================================================
[02:50:08] Task 2 baseline (chance): 6.67%
[02:50:08] Task 2 zero-shot (pre-train): 0.00%
[02:50:14] task=2  epoch=0  train_loss=1.8707
[02:50:19] task=2  epoch=END  time_sec=6.1  acc_task0=22.6  acc_task1=12.0  acc_task2=27.8
[02:50:19] 
============================================================
 Task 4/20  | Classes (15, 20)
============================================================
[02:50:19] Task 3 baseline (chance): 5.00%
[02:50:19] Task 3 zero-shot (pre-train): 0.00%
[02:50:25] task=3  epoch=0  train_loss=2.2923
[02:50:29] task=3  epoch=END  time_sec=5.7  acc_task0=22.4  acc_task1=7.2  acc_task2=14.4  acc_task3=25.8
[02:50:29] 
============================================================
 Task 5/20  | Classes (20, 25)
============================================================
[02:50:29] Task 4 baseline (chance): 4.00%
[02:50:30] Task 4 zero-shot (pre-train): 0.00%
[02:50:35] task=4  epoch=0  train_loss=2.6549
[02:50:40] task=4  epoch=END  time_sec=5.5  acc_task0=16.4  acc_task1=4.8  acc_task2=2.8  acc_task3=20.6  acc_task4=35.8
[02:50:40] 
============================================================
 Task 6/20  | Classes (25, 30)
============================================================
[02:50:40] Task 5 baseline (chance): 3.33%
[02:50:40] Task 5 zero-shot (pre-train): 0.00%
[02:50:46] task=5  epoch=0  train_loss=3.3396
[02:50:51] task=5  epoch=END  time_sec=5.7  acc_task0=20.2  acc_task1=2.8  acc_task2=6.2  acc_task3=2.8  acc_task4=35.6  acc_task5=1.8
[02:50:51] 
============================================================
 Task 7/20  | Classes (30, 35)
============================================================
[02:50:51] Task 6 baseline (chance): 2.86%
[02:50:51] Task 6 zero-shot (pre-train): 0.00%
[02:50:57] task=6  epoch=0  train_loss=2.9738
[02:51:02] task=6  epoch=END  time_sec=5.5  acc_task0=0.6  acc_task1=3.0  acc_task2=4.4  acc_task3=1.6  acc_task4=19.2  acc_task5=1.4  acc_task6=27.2
[02:51:02] 
============================================================
 Task 8/20  | Classes (35, 40)
============================================================
[02:51:02] Task 7 baseline (chance): 2.50%
[02:51:02] Task 7 zero-shot (pre-train): 0.00%
[02:51:08] task=7  epoch=0  train_loss=3.3857
[02:51:12] task=7  epoch=END  time_sec=5.3  acc_task0=3.8  acc_task1=1.0  acc_task2=20.6  acc_task3=1.6  acc_task4=15.8  acc_task5=1.8  acc_task6=17.6  acc_task7=0.6
[02:51:17] 
============================================================
 Task 9/20  | Classes (40, 45)
============================================================
[02:51:17] Task 8 baseline (chance): 2.22%
[02:51:18] Task 8 zero-shot (pre-train): 0.00%
[02:51:23] task=8  epoch=0  train_loss=3.482
[02:51:28] task=8  epoch=END  time_sec=5.2  acc_task0=3.6  acc_task1=1.2  acc_task2=7.8  acc_task3=1.2  acc_task4=16.8  acc_task5=1.0  acc_task6=18.0  acc_task7=0.6  acc_task8=16.8
[02:51:28] 
============================================================
 Task 10/20  | Classes (45, 50)
============================================================
[02:51:28] Task 9 baseline (chance): 2.00%
[02:51:29] Task 9 zero-shot (pre-train): 0.00%
[02:51:34] task=9  epoch=0  train_loss=3.6582
[02:51:40] task=9  epoch=END  time_sec=5.4  acc_task0=1.8  acc_task1=2.2  acc_task2=16.2  acc_task3=1.0  acc_task4=12.0  acc_task5=2.2  acc_task6=18.6  acc_task7=1.2  acc_task8=9.2  acc_task9=2.2
[02:51:40] 
============================================================
 Task 11/20  | Classes (50, 55)
============================================================
[02:51:40] Task 10 baseline (chance): 1.82%
[02:51:41] Task 10 zero-shot (pre-train): 0.00%
[02:51:46] task=10  epoch=0  train_loss=3.7004
[02:51:52] task=10  epoch=END  time_sec=5.6  acc_task0=4.6  acc_task1=3.8  acc_task2=3.8  acc_task3=1.0  acc_task4=6.2  acc_task5=0.6  acc_task6=15.2  acc_task7=3.2  acc_task8=11.8  acc_task9=3.6  acc_task10=16.0
[02:51:53] 
============================================================
 Task 12/20  | Classes (55, 60)
============================================================
[02:51:53] Task 11 baseline (chance): 1.67%
[02:51:53] Task 11 zero-shot (pre-train): 0.00%
[02:51:59] task=11  epoch=0  train_loss=3.9039
[02:52:05] task=11  epoch=END  time_sec=5.5  acc_task0=3.4  acc_task1=2.2  acc_task2=1.2  acc_task3=8.4  acc_task4=16.2  acc_task5=0.2  acc_task6=16.2  acc_task7=1.2  acc_task8=6.0  acc_task9=5.6  acc_task10=16.6  acc_task11=2.4
[02:52:05] 
============================================================
 Task 13/20  | Classes (60, 65)
============================================================
[02:52:05] Task 12 baseline (chance): 1.54%
[02:52:05] Task 12 zero-shot (pre-train): 0.00%
[02:52:11] task=12  epoch=0  train_loss=3.9887
[02:52:17] task=12  epoch=END  time_sec=5.2  acc_task0=3.4  acc_task1=1.0  acc_task2=4.0  acc_task3=3.8  acc_task4=11.8  acc_task5=0.8  acc_task6=6.8  acc_task7=3.0  acc_task8=5.0  acc_task9=7.8  acc_task10=18.4  acc_task11=4.6  acc_task12=5.4
[02:52:17] 
============================================================
 Task 14/20  | Classes (65, 70)
============================================================
[02:52:17] Task 13 baseline (chance): 1.43%
[02:52:18] Task 13 zero-shot (pre-train): 0.00%
[02:52:23] task=13  epoch=0  train_loss=3.9915
[02:52:29] task=13  epoch=END  time_sec=5.1  acc_task0=4.2  acc_task1=1.0  acc_task2=3.0  acc_task3=5.0  acc_task4=4.2  acc_task5=1.2  acc_task6=17.0  acc_task7=2.6  acc_task8=6.6  acc_task9=0.2  acc_task10=18.2  acc_task11=5.6  acc_task12=4.6  acc_task13=4.0
[02:52:30] 
============================================================
 Task 15/20  | Classes (70, 75)
============================================================
[02:52:30] Task 14 baseline (chance): 1.33%
[02:52:30] Task 14 zero-shot (pre-train): 0.00%
[02:52:35] task=14  epoch=0  train_loss=3.8198
[02:52:42] task=14  epoch=END  time_sec=5.3  acc_task0=0.8  acc_task1=2.2  acc_task2=1.2  acc_task3=2.0  acc_task4=5.6  acc_task5=0.0  acc_task6=14.4  acc_task7=2.6  acc_task8=2.2  acc_task9=2.2  acc_task10=22.0  acc_task11=5.8  acc_task12=8.0  acc_task13=3.0  acc_task14=3.4
[02:52:43] 
============================================================
 Task 16/20  | Classes (75, 80)
============================================================
[02:52:43] Task 15 baseline (chance): 1.25%
[02:52:43] Task 15 zero-shot (pre-train): 0.00%
[02:52:48] task=15  epoch=0  train_loss=4.1184
[02:52:54] task=15  epoch=END  time_sec=5.2  acc_task0=1.0  acc_task1=1.4  acc_task2=2.2  acc_task3=6.0  acc_task4=8.4  acc_task5=1.0  acc_task6=17.4  acc_task7=3.2  acc_task8=1.8  acc_task9=2.0  acc_task10=18.8  acc_task11=5.4  acc_task12=4.4  acc_task13=2.2  acc_task14=3.8  acc_task15=0.8
[02:52:55] 
============================================================
 Task 17/20  | Classes (80, 85)
============================================================
[02:52:55] Task 16 baseline (chance): 1.18%
[02:52:55] Task 16 zero-shot (pre-train): 0.00%
[02:53:00] task=16  epoch=0  train_loss=4.0978
[02:53:07] task=16  epoch=END  time_sec=5.2  acc_task0=3.0  acc_task1=1.4  acc_task2=0.6  acc_task3=1.4  acc_task4=5.8  acc_task5=0.4  acc_task6=16.4  acc_task7=2.4  acc_task8=4.6  acc_task9=2.4  acc_task10=17.6  acc_task11=4.8  acc_task12=1.6  acc_task13=1.2  acc_task14=2.2  acc_task15=2.0  acc_task16=3.0
[02:53:08] 
============================================================
 Task 18/20  | Classes (85, 90)
============================================================
[02:53:08] Task 17 baseline (chance): 1.11%
[02:53:08] Task 17 zero-shot (pre-train): 0.00%
[02:53:14] task=17  epoch=0  train_loss=4.3148
[02:53:21] task=17  epoch=END  time_sec=5.3  acc_task0=1.4  acc_task1=2.4  acc_task2=2.0  acc_task3=0.2  acc_task4=6.8  acc_task5=0.6  acc_task6=16.0  acc_task7=0.4  acc_task8=4.8  acc_task9=1.0  acc_task10=14.6  acc_task11=4.6  acc_task12=2.8  acc_task13=2.6  acc_task14=0.6  acc_task15=0.0  acc_task16=3.0  acc_task17=2.6
[02:53:22] 
============================================================
 Task 19/20  | Classes (90, 95)
============================================================
[02:53:22] Task 18 baseline (chance): 1.05%
[02:53:22] Task 18 zero-shot (pre-train): 0.00%
[02:53:28] task=18  epoch=0  train_loss=4.1404
[02:53:35] task=18  epoch=END  time_sec=5.7  acc_task0=1.8  acc_task1=2.2  acc_task2=1.0  acc_task3=3.2  acc_task4=4.6  acc_task5=0.6  acc_task6=14.8  acc_task7=1.4  acc_task8=5.0  acc_task9=3.0  acc_task10=18.4  acc_task11=2.8  acc_task12=0.6  acc_task13=2.2  acc_task14=2.6  acc_task15=1.2  acc_task16=2.6  acc_task17=1.0  acc_task18=0.8
[02:53:36] 
============================================================
 Task 20/20  | Classes (95, 100)
============================================================
[02:53:36] Task 19 baseline (chance): 1.00%
[02:53:37] Task 19 zero-shot (pre-train): 0.00%
[02:53:42] task=19  epoch=0  train_loss=4.0568
[02:53:50] task=19  epoch=END  time_sec=5.4  acc_task0=2.4  acc_task1=2.4  acc_task2=1.8  acc_task3=3.2  acc_task4=3.6  acc_task5=1.2  acc_task6=14.4  acc_task7=1.8  acc_task8=1.6  acc_task9=3.0  acc_task10=18.0  acc_task11=3.0  acc_task12=2.2  acc_task13=3.2  acc_task14=2.2  acc_task15=0.0  acc_task16=2.4  acc_task17=2.2  acc_task18=1.4  acc_task19=2.2
[02:53:51] 
Final Metrics:
  avg_accuracy         +3.6100
  forgetting           +10.6000
  backward_transfer    -9.4000
  forward_transfer     -2.7345
[02:53:54] 
Done - run: split_cifar100_icarl_seed456
[02:53:54] Metrics: {'avg_accuracy': 3.61, 'forgetting': 10.6, 'backward_transfer': -9.4, 'forward_transfer': -2.7345}
[02:53:54] Deleted 20 checkpoint(s) after successful completion.
