[01:27:03] Starting: split_cifar10_agem_distill_buf200_seed123
[01:27:03] Config: {'dataset': 'split_cifar10', 'data_root': 'F:\\Temp\\cf\\Catastrophic Forgetting\\research_v2\\Project\\data_local', 'dataset_image_size': None, 'dataset_out_channels': None, 'model': 'slim_resnet18', 'pretrained': False, 'model_image_size': None, 'method': 'agem_distill', 'n_epochs': 1, 'batch_size': 32, 'num_workers': 0, 'lr': 0.03, 'momentum': 0.9, 'weight_decay': 0.0001, 'fp16': False, 'buffer_size': 200, 'ewc_lambda': 100.0, 'fisher_samples': 200, 'si_lambda': 1.0, 'si_xi': 0.1, 'der_alpha': 0.5, 'xder_beta': 0.5, 'lwf_lambda': 1.0, 'lwf_temp': 2.0, 'icarl_distill_w': 1.0, 'icarl_temp': 2.0, 'use_nmc': True, 'agem_mem_batch': 64, 'distill_lambda': 1.0, 'distill_temp': 2.0, 'pc_distill_w': 1.0, 'pc_ewc_lambda': 100.0, 'pc_compress_epochs': 3, 'er_replay_ratio': 0.5, 'joint_replay_epochs': 1, 'disable_tqdm': True, 'disable_checkpoints': False, 'disable_plots': True, 'resume': False, 'cleanup_checkpoints_on_success': True, 'result_group': 'ablations', 'ablation_family': 'buffer', 'seeds': [42, 123, 456, 789, 1024], 'results_root': 'F:\\Temp\\cf\\Catastrophic Forgetting\\research_v2\\results', 'run_tag': 'buf200', 'seed': 123, 'run_name': 'split_cifar10_agem_distill_buf200_seed123', 'project_root': 'F:\\Temp\\cf\\Catastrophic Forgetting\\research_v2\\Project', 'workspace_root': 'F:\\Temp\\cf\\Catastrophic Forgetting\\research_v2', 'run_root': 'F:\\Temp\\cf\\Catastrophic Forgetting\\research_v2\\results\\ablations\\epoch_1\\split_cifar10\\buffer\\agem_distill__buf200\\seed_123', 'log_dir': 'F:\\Temp\\cf\\Catastrophic Forgetting\\research_v2\\results\\ablations\\epoch_1\\split_cifar10\\buffer\\agem_distill__buf200\\seed_123\\logs', 'metrics_dir': 'F:\\Temp\\cf\\Catastrophic Forgetting\\research_v2\\results\\ablations\\epoch_1\\split_cifar10\\buffer\\agem_distill__buf200\\seed_123\\metrics', 'checkpoint_dir': 'F:\\Temp\\cf\\Catastrophic Forgetting\\research_v2\\results\\ablations\\epoch_1\\split_cifar10\\buffer\\agem_distill__buf200\\seed_123\\checkpoints', 'artifact_dir': 'F:\\Temp\\cf\\Catastrophic Forgetting\\research_v2\\results\\ablations\\epoch_1\\split_cifar10\\buffer\\agem_distill__buf200\\seed_123\\artifacts', 'figure_dir': 'F:\\Temp\\cf\\Catastrophic Forgetting\\research_v2\\results\\figures\\ablations\\epoch_1\\split_cifar10\\buffer\\agem_distill__buf200\\seed_123'}
[01:27:03] Device: cuda
[01:27:05] Dataset: SplitCIFAR10(tasks=5, classes_per_task=2, scenario=class-il)
[01:27:05] 
============================================================
 Task 1/5  | Classes (0, 2)
============================================================
[01:27:05] Task 0 baseline (chance): 50.00%
[01:27:22] task=0  epoch=0  train_loss=0.5361
[01:27:23] task=0  epoch=END  time_sec=16.5  acc_task0=84.9
[01:27:23] 
============================================================
 Task 2/5  | Classes (2, 4)
============================================================
[01:27:23] Task 1 baseline (chance): 25.00%
[01:27:24] Task 1 zero-shot (pre-train): 0.20%
[01:27:53] task=1  epoch=0  train_loss=0.7328
[01:27:55] task=1  epoch=END  time_sec=28.7  acc_task0=0.0  acc_task1=72.15
[01:27:55] 
============================================================
 Task 3/5  | Classes (4, 6)
============================================================
[01:27:56] Task 2 baseline (chance): 16.67%
[01:27:57] Task 2 zero-shot (pre-train): 0.00%
[01:28:27] task=2  epoch=0  train_loss=0.7217
[01:28:30] task=2  epoch=END  time_sec=30.2  acc_task0=0.0  acc_task1=0.0  acc_task2=78.7
[01:28:30] 
============================================================
 Task 4/5  | Classes (6, 8)
============================================================
[01:28:30] Task 3 baseline (chance): 12.50%
[01:28:31] Task 3 zero-shot (pre-train): 0.00%
[01:29:06] task=3  epoch=0  train_loss=0.7275
[01:29:10] task=3  epoch=END  time_sec=34.9  acc_task0=0.0  acc_task1=0.0  acc_task2=0.0  acc_task3=86.15
[01:29:10] 
============================================================
 Task 5/5  | Classes (8, 10)
============================================================
[01:29:10] Task 4 baseline (chance): 10.00%
[01:29:12] Task 4 zero-shot (pre-train): 0.00%
[01:29:48] task=4  epoch=0  train_loss=0.7289
[01:29:54] task=4  epoch=END  time_sec=36.6  acc_task0=0.0  acc_task1=0.0  acc_task2=0.0  acc_task3=0.0  acc_task4=81.85
[01:29:54] 
Final Metrics:
  avg_accuracy         +16.3700
  forgetting           +80.4750
  backward_transfer    -80.4750
  forward_transfer     -15.9917
[01:29:54] 
Done - run: split_cifar10_agem_distill_buf200_seed123
[01:29:54] Metrics: {'avg_accuracy': 16.37, 'forgetting': 80.475, 'backward_transfer': -80.475, 'forward_transfer': -15.9917}
[01:29:54] Deleted 5 checkpoint(s) after successful completion.
