[18:51:31] Starting: split_cifar10_agem_distill_seed123
[18:51:31] Config: {'dataset': 'split_cifar10', 'data_root': 'Project/data_local', 'model': 'slim_resnet18', 'pretrained': False, 'method': 'agem_distill', 'n_epochs': 1, 'batch_size': 32, 'num_workers': 0, 'lr': 0.03, 'momentum': 0.9, 'weight_decay': 0.0001, 'fp16': False, 'buffer_size': 200, 'ewc_lambda': 100.0, 'fisher_samples': 200, 'si_lambda': 1.0, 'si_xi': 0.1, 'der_alpha': 0.5, 'xder_beta': 0.5, 'lwf_lambda': 1.0, 'lwf_temp': 2.0, 'icarl_distill_w': 1.0, 'icarl_temp': 2.0, 'use_nmc': True, 'agem_mem_batch': 64, 'distill_lambda': 1.0, 'distill_temp': 2.0, 'pc_distill_w': 1.0, 'pc_ewc_lambda': 100.0, 'pc_compress_epochs': 3, 'er_replay_ratio': 0.5, 'joint_replay_epochs': 1, 'disable_tqdm': True, 'disable_checkpoints': True, 'disable_plots': False, 'seeds': [42, 123, 456, 789, 1024], 'results_root': 'results_phase3_fwt', 'checkpoint_dir': 'results/checkpoints', 'figure_dir': 'results_phase3_fwt/figures', 'log_dir': 'results_phase3_fwt/raw', 'run_name': 'split_cifar10_agem_distill_seed123', 'seed': 123}
[18:51:31] Device: cuda
[18:51:33] Dataset: SplitCIFAR10(tasks=5, classes_per_task=2, scenario=class-il)
[18:51:33] 
============================================================
 Task 1/5  | Classes (0, 2)
============================================================
[18:51:33] Task 0 baseline (chance): 50.00%
[18:51:53] task=0  epoch=0  train_loss=1.1561
[18:51:54] task=0  epoch=END  time_sec=20.0  acc_task0=81.05
[18:51:54] 
============================================================
 Task 2/5  | Classes (2, 4)
============================================================
[18:51:54] Task 1 baseline (chance): 25.00%
[18:51:55] Task 1 zero-shot (pre-train): 4.75%
[18:52:17] task=1  epoch=0  train_loss=10.2108
[18:52:18] task=1  epoch=END  time_sec=22.2  acc_task0=75.95  acc_task1=39.8
[18:52:18] 
============================================================
 Task 3/5  | Classes (4, 6)
============================================================
[18:52:19] Task 2 baseline (chance): 16.67%
[18:52:19] Task 2 zero-shot (pre-train): 0.05%
[18:52:42] task=2  epoch=0  train_loss=9.0373
[18:52:45] task=2  epoch=END  time_sec=22.7  acc_task0=44.75  acc_task1=10.5  acc_task2=50.55
[18:52:45] 
============================================================
 Task 4/5  | Classes (6, 8)
============================================================
[18:52:45] Task 3 baseline (chance): 12.50%
[18:52:46] Task 3 zero-shot (pre-train): 0.00%
[18:53:08] task=3  epoch=0  train_loss=6.9718
[18:53:12] task=3  epoch=END  time_sec=22.7  acc_task0=30.35  acc_task1=11.6  acc_task2=18.75  acc_task3=45.65
[18:53:12] 
============================================================
 Task 5/5  | Classes (8, 10)
============================================================
[18:53:12] Task 4 baseline (chance): 10.00%
[18:53:13] Task 4 zero-shot (pre-train): 0.00%
[18:53:35] task=4  epoch=0  train_loss=8.3156
[18:53:40] task=4  epoch=END  time_sec=22.7  acc_task0=25.8  acc_task1=8.55  acc_task2=21.2  acc_task3=44.8  acc_task4=38.85
[18:53:40] 
Final Metrics:
  avg_accuracy         +27.8400
  forgetting           +29.1750
  backward_transfer    -29.1750
  forward_transfer     -14.8417
[18:53:40] 
Done - run: split_cifar10_agem_distill_seed123
[18:53:40] Metrics: {'avg_accuracy': 27.84, 'forgetting': 29.175, 'backward_transfer': -29.175, 'forward_transfer': -14.8417}
