[18:58:01] Starting: split_cifar10_agem_distill_seed1024
[18:58:01] Config: {'dataset': 'split_cifar10', 'data_root': 'Project/data_local', 'model': 'slim_resnet18', 'pretrained': False, 'method': 'agem_distill', 'n_epochs': 1, 'batch_size': 32, 'num_workers': 0, 'lr': 0.03, 'momentum': 0.9, 'weight_decay': 0.0001, 'fp16': False, 'buffer_size': 200, 'ewc_lambda': 100.0, 'fisher_samples': 200, 'si_lambda': 1.0, 'si_xi': 0.1, 'der_alpha': 0.5, 'xder_beta': 0.5, 'lwf_lambda': 1.0, 'lwf_temp': 2.0, 'icarl_distill_w': 1.0, 'icarl_temp': 2.0, 'use_nmc': True, 'agem_mem_batch': 64, 'distill_lambda': 1.0, 'distill_temp': 2.0, 'pc_distill_w': 1.0, 'pc_ewc_lambda': 100.0, 'pc_compress_epochs': 3, 'er_replay_ratio': 0.5, 'joint_replay_epochs': 1, 'disable_tqdm': True, 'disable_checkpoints': True, 'disable_plots': False, 'seeds': [42, 123, 456, 789, 1024], 'results_root': 'results_phase3_fwt', 'checkpoint_dir': 'results/checkpoints', 'figure_dir': 'results_phase3_fwt/figures', 'log_dir': 'results_phase3_fwt/raw', 'run_name': 'split_cifar10_agem_distill_seed1024', 'seed': 1024}
[18:58:01] Device: cuda
[18:58:02] Dataset: SplitCIFAR10(tasks=5, classes_per_task=2, scenario=class-il)
[18:58:02] 
============================================================
 Task 1/5  | Classes (0, 2)
============================================================
[18:58:02] Task 0 baseline (chance): 50.00%
[18:58:23] task=0  epoch=0  train_loss=0.9551
[18:58:24] task=0  epoch=END  time_sec=20.9  acc_task0=81.95
[18:58:24] 
============================================================
 Task 2/5  | Classes (2, 4)
============================================================
[18:58:24] Task 1 baseline (chance): 25.00%
[18:58:25] Task 1 zero-shot (pre-train): 0.00%
[18:58:48] task=1  epoch=0  train_loss=9.9063
[18:58:50] task=1  epoch=END  time_sec=22.8  acc_task0=68.55  acc_task1=41.75
[18:58:50] 
============================================================
 Task 3/5  | Classes (4, 6)
============================================================
[18:58:50] Task 2 baseline (chance): 16.67%
[18:58:50] Task 2 zero-shot (pre-train): 0.00%
[18:59:13] task=2  epoch=0  train_loss=10.3247
[18:59:16] task=2  epoch=END  time_sec=22.8  acc_task0=68.2  acc_task1=17.4  acc_task2=33.05
[18:59:16] 
============================================================
 Task 4/5  | Classes (6, 8)
============================================================
[18:59:16] Task 3 baseline (chance): 12.50%
[18:59:17] Task 3 zero-shot (pre-train): 0.00%
[18:59:40] task=3  epoch=0  train_loss=7.3214
[18:59:43] task=3  epoch=END  time_sec=22.9  acc_task0=53.95  acc_task1=13.3  acc_task2=19.7  acc_task3=43.55
[18:59:43] 
============================================================
 Task 5/5  | Classes (8, 10)
============================================================
[18:59:43] Task 4 baseline (chance): 10.00%
[18:59:44] Task 4 zero-shot (pre-train): 0.00%
[19:00:07] task=4  epoch=0  train_loss=10.1262
[19:00:11] task=4  epoch=END  time_sec=22.8  acc_task0=14.35  acc_task1=11.6  acc_task2=24.05  acc_task3=35.25  acc_task4=58.4
[19:00:11] 
Final Metrics:
  avg_accuracy         +28.7300
  forgetting           +28.7625
  backward_transfer    -28.7625
  forward_transfer     -16.0417
[19:00:12] 
Done - run: split_cifar10_agem_distill_seed1024
[19:00:12] Metrics: {'avg_accuracy': 28.73, 'forgetting': 28.7625, 'backward_transfer': -28.7625, 'forward_transfer': -16.0417}
