[05:21:58] Starting: split_cifar10_xder_buf100_seed1024
[05:21:58] Config: {'dataset': 'split_cifar10', 'data_root': 'F:\\Temp\\cf\\Catastrophic Forgetting\\research_v2\\Project\\data_local', 'dataset_image_size': None, 'dataset_out_channels': None, 'model': 'slim_resnet18', 'pretrained': False, 'model_image_size': None, 'method': 'xder', 'n_epochs': 1, 'batch_size': 32, 'num_workers': 0, 'lr': 0.03, 'momentum': 0.9, 'weight_decay': 0.0001, 'fp16': False, 'buffer_size': 100, 'ewc_lambda': 100.0, 'fisher_samples': 200, 'si_lambda': 1.0, 'si_xi': 0.1, 'der_alpha': 0.5, 'xder_beta': 0.5, 'lwf_lambda': 1.0, 'lwf_temp': 2.0, 'icarl_distill_w': 1.0, 'icarl_temp': 2.0, 'use_nmc': True, 'agem_mem_batch': 64, 'distill_lambda': 1.0, 'distill_temp': 2.0, 'pc_distill_w': 1.0, 'pc_ewc_lambda': 100.0, 'pc_compress_epochs': 3, 'er_replay_ratio': 0.5, 'joint_replay_epochs': 1, 'disable_tqdm': True, 'disable_checkpoints': False, 'disable_plots': True, 'resume': False, 'cleanup_checkpoints_on_success': True, 'result_group': 'ablations', 'ablation_family': 'buffer', 'seeds': [42, 123, 456, 789, 1024], 'results_root': 'F:\\Temp\\cf\\Catastrophic Forgetting\\research_v2\\results', 'run_tag': 'buf100', 'seed': 1024, 'run_name': 'split_cifar10_xder_buf100_seed1024', 'project_root': 'F:\\Temp\\cf\\Catastrophic Forgetting\\research_v2\\Project', 'workspace_root': 'F:\\Temp\\cf\\Catastrophic Forgetting\\research_v2', 'run_root': 'F:\\Temp\\cf\\Catastrophic Forgetting\\research_v2\\results\\ablations\\epoch_1\\split_cifar10\\buffer\\xder__buf100\\seed_1024', 'log_dir': 'F:\\Temp\\cf\\Catastrophic Forgetting\\research_v2\\results\\ablations\\epoch_1\\split_cifar10\\buffer\\xder__buf100\\seed_1024\\logs', 'metrics_dir': 'F:\\Temp\\cf\\Catastrophic Forgetting\\research_v2\\results\\ablations\\epoch_1\\split_cifar10\\buffer\\xder__buf100\\seed_1024\\metrics', 'checkpoint_dir': 'F:\\Temp\\cf\\Catastrophic Forgetting\\research_v2\\results\\ablations\\epoch_1\\split_cifar10\\buffer\\xder__buf100\\seed_1024\\checkpoints', 'artifact_dir': 'F:\\Temp\\cf\\Catastrophic Forgetting\\research_v2\\results\\ablations\\epoch_1\\split_cifar10\\buffer\\xder__buf100\\seed_1024\\artifacts', 'figure_dir': 'F:\\Temp\\cf\\Catastrophic Forgetting\\research_v2\\results\\figures\\ablations\\epoch_1\\split_cifar10\\buffer\\xder__buf100\\seed_1024'}
[05:21:58] Device: cuda
[05:22:00] Dataset: SplitCIFAR10(tasks=5, classes_per_task=2, scenario=class-il)
[05:22:00] 
============================================================
 Task 1/5  | Classes (0, 2)
============================================================
[05:22:00] Task 0 baseline (chance): 50.00%
[05:22:30] task=0  epoch=0  train_loss=1.6173
[05:22:32] task=0  epoch=END  time_sec=29.6  acc_task0=83.25
[05:22:32] 
============================================================
 Task 2/5  | Classes (2, 4)
============================================================
[05:22:32] Task 1 baseline (chance): 25.00%
[05:22:33] Task 1 zero-shot (pre-train): 12.05%
[05:23:02] task=1  epoch=0  train_loss=1.3939
[05:23:05] task=1  epoch=END  time_sec=29.6  acc_task0=21.05  acc_task1=71.65
[05:23:05] 
============================================================
 Task 3/5  | Classes (4, 6)
============================================================
[05:23:05] Task 2 baseline (chance): 16.67%
[05:23:06] Task 2 zero-shot (pre-train): 1.05%
[05:23:37] task=2  epoch=0  train_loss=1.366
[05:23:40] task=2  epoch=END  time_sec=30.5  acc_task0=0.6  acc_task1=0.05  acc_task2=77.2
[05:23:41] 
============================================================
 Task 4/5  | Classes (6, 8)
============================================================
[05:23:41] Task 3 baseline (chance): 12.50%
[05:23:41] Task 3 zero-shot (pre-train): 0.00%
[05:24:04] task=3  epoch=0  train_loss=1.4506
[05:24:07] task=3  epoch=END  time_sec=22.1  acc_task0=23.05  acc_task1=0.3  acc_task2=2.85  acc_task3=88.25
[05:24:07] 
============================================================
 Task 5/5  | Classes (8, 10)
============================================================
[05:24:07] Task 4 baseline (chance): 10.00%
[05:24:08] Task 4 zero-shot (pre-train): 0.00%
[05:24:29] task=4  epoch=0  train_loss=1.0548
[05:24:34] task=4  epoch=END  time_sec=21.1  acc_task0=0.1  acc_task1=0.15  acc_task2=0.6  acc_task3=0.35  acc_task4=90.0
[05:24:34] 
Final Metrics:
  avg_accuracy         +18.2400
  forgetting           +79.7875
  backward_transfer    -79.7875
  forward_transfer     -12.7667
[05:24:34] 
Done - run: split_cifar10_xder_buf100_seed1024
[05:24:34] Metrics: {'avg_accuracy': 18.24, 'forgetting': 79.7875, 'backward_transfer': -79.7875, 'forward_transfer': -12.7667}
[05:24:34] Deleted 5 checkpoint(s) after successful completion.
