[20:13:12] Starting: split_cifar100_lwf_seed123
[20:13:12] Config: {'dataset': 'split_cifar100', 'data_root': 'Project/data_local', 'model': 'slim_resnet18', 'pretrained': False, 'method': 'lwf', 'n_epochs': 1, 'batch_size': 32, 'num_workers': 0, 'lr': 0.03, 'momentum': 0.9, 'weight_decay': 0.0001, 'fp16': True, 'buffer_size': 200, 'ewc_lambda': 100.0, 'fisher_samples': 200, 'si_lambda': 1.0, 'si_xi': 0.1, 'der_alpha': 0.5, 'xder_beta': 0.5, 'lwf_lambda': 1.0, 'lwf_temp': 2.0, 'icarl_distill_w': 1.0, 'icarl_temp': 2.0, 'use_nmc': True, 'agem_mem_batch': 64, 'distill_lambda': 1.0, 'distill_temp': 2.0, 'pc_distill_w': 1.0, 'pc_ewc_lambda': 100.0, 'pc_compress_epochs': 3, 'er_replay_ratio': 0.5, 'joint_replay_epochs': 1, 'disable_tqdm': True, 'disable_checkpoints': True, 'disable_plots': False, 'seeds': [42, 123, 456, 789, 1024], 'results_root': 'results_fwt', 'checkpoint_dir': 'results/checkpoints', 'figure_dir': 'results_fwt\\figures', 'log_dir': 'results_fwt\\raw', 'run_name': 'split_cifar100_lwf_seed123', 'seed': 123}
[20:13:12] Device: cuda
[20:13:13] Dataset: SplitCIFAR100(tasks=20, classes_per_task=5, scenario=class-il)
[20:13:13] 
============================================================
 Task 1/20  | Classes (0, 5)
============================================================
[20:13:13] Task 0 baseline (chance): 20.00%
[20:13:16] task=0  epoch=0  train_loss=1.3618
[20:13:17] task=0  epoch=END  time_sec=3.2  acc_task0=47.4
[20:13:17] 
============================================================
 Task 2/20  | Classes (5, 10)
============================================================
[20:13:17] Task 1 baseline (chance): 10.00%
[20:13:17] Task 1 zero-shot (pre-train): 0.00%
[20:13:20] task=1  epoch=0  train_loss=2.0114
[20:13:20] task=1  epoch=END  time_sec=3.4  acc_task0=0.0  acc_task1=40.6
[20:13:20] 
============================================================
 Task 3/20  | Classes (10, 15)
============================================================
[20:13:21] Task 2 baseline (chance): 6.67%
[20:13:21] Task 2 zero-shot (pre-train): 0.00%
[20:13:24] task=2  epoch=0  train_loss=1.9415
[20:13:25] task=2  epoch=END  time_sec=3.4  acc_task0=0.0  acc_task1=0.0  acc_task2=45.0
[20:13:25] 
============================================================
 Task 4/20  | Classes (15, 20)
============================================================
[20:13:25] Task 3 baseline (chance): 5.00%
[20:13:25] Task 3 zero-shot (pre-train): 0.00%
[20:13:28] task=3  epoch=0  train_loss=2.3932
[20:13:29] task=3  epoch=END  time_sec=3.5  acc_task0=0.0  acc_task1=0.0  acc_task2=0.0  acc_task3=46.6
[20:13:29] 
============================================================
 Task 5/20  | Classes (20, 25)
============================================================
[20:13:29] Task 4 baseline (chance): 4.00%
[20:13:29] Task 4 zero-shot (pre-train): 0.00%
[20:13:33] task=4  epoch=0  train_loss=2.9262
[20:13:33] task=4  epoch=END  time_sec=3.4  acc_task0=0.0  acc_task1=0.0  acc_task2=0.0  acc_task3=0.0  acc_task4=52.0
[20:13:33] 
============================================================
 Task 6/20  | Classes (25, 30)
============================================================
[20:13:33] Task 5 baseline (chance): 3.33%
[20:13:34] Task 5 zero-shot (pre-train): 0.00%
[20:13:37] task=5  epoch=0  train_loss=3.1979
[20:13:38] task=5  epoch=END  time_sec=3.3  acc_task0=0.0  acc_task1=0.0  acc_task2=0.0  acc_task3=0.0  acc_task4=0.0  acc_task5=32.2
[20:13:38] 
============================================================
 Task 7/20  | Classes (30, 35)
============================================================
[20:13:38] Task 6 baseline (chance): 2.86%
[20:13:38] Task 6 zero-shot (pre-train): 0.00%
[20:13:41] task=6  epoch=0  train_loss=3.244
[20:13:43] task=6  epoch=END  time_sec=3.3  acc_task0=0.0  acc_task1=0.0  acc_task2=0.0  acc_task3=0.0  acc_task4=0.0  acc_task5=0.0  acc_task6=36.4
[20:13:43] 
============================================================
 Task 8/20  | Classes (35, 40)
============================================================
[20:13:43] Task 7 baseline (chance): 2.50%
[20:13:43] Task 7 zero-shot (pre-train): 0.00%
[20:13:46] task=7  epoch=0  train_loss=3.7493
[20:13:47] task=7  epoch=END  time_sec=3.3  acc_task0=0.0  acc_task1=0.0  acc_task2=0.0  acc_task3=0.0  acc_task4=0.0  acc_task5=0.0  acc_task6=0.0  acc_task7=20.2
[20:13:47] 
============================================================
 Task 9/20  | Classes (40, 45)
============================================================
[20:13:47] Task 8 baseline (chance): 2.22%
[20:13:47] Task 8 zero-shot (pre-train): 0.00%
[20:13:51] task=8  epoch=0  train_loss=3.6349
[20:13:52] task=8  epoch=END  time_sec=3.4  acc_task0=0.0  acc_task1=0.0  acc_task2=0.0  acc_task3=0.0  acc_task4=0.0  acc_task5=0.0  acc_task6=0.0  acc_task7=0.0  acc_task8=38.6
[20:13:52] 
============================================================
 Task 10/20  | Classes (45, 50)
============================================================
[20:13:52] Task 9 baseline (chance): 2.00%
[20:13:53] Task 9 zero-shot (pre-train): 0.00%
[20:13:56] task=9  epoch=0  train_loss=3.8104
[20:13:58] task=9  epoch=END  time_sec=3.3  acc_task0=0.0  acc_task1=0.0  acc_task2=0.0  acc_task3=0.0  acc_task4=0.0  acc_task5=0.0  acc_task6=0.0  acc_task7=0.0  acc_task8=0.0  acc_task9=33.6
[20:13:58] 
============================================================
 Task 11/20  | Classes (50, 55)
============================================================
[20:13:58] Task 10 baseline (chance): 1.82%
[20:13:58] Task 10 zero-shot (pre-train): 0.00%
[20:14:01] task=10  epoch=0  train_loss=3.9114
[20:14:03] task=10  epoch=END  time_sec=3.4  acc_task0=0.0  acc_task1=0.0  acc_task2=0.0  acc_task3=0.0  acc_task4=0.0  acc_task5=0.0  acc_task6=0.0  acc_task7=0.0  acc_task8=0.0  acc_task9=0.0  acc_task10=35.0
[20:14:03] 
============================================================
 Task 12/20  | Classes (55, 60)
============================================================
[20:14:03] Task 11 baseline (chance): 1.67%
[20:14:03] Task 11 zero-shot (pre-train): 0.00%
[20:14:07] task=11  epoch=0  train_loss=4.0907
[20:14:08] task=11  epoch=END  time_sec=3.4  acc_task0=0.0  acc_task1=0.0  acc_task2=0.0  acc_task3=0.0  acc_task4=0.0  acc_task5=0.0  acc_task6=0.0  acc_task7=0.0  acc_task8=0.0  acc_task9=0.0  acc_task10=0.0  acc_task11=30.4
[20:14:08] 
============================================================
 Task 13/20  | Classes (60, 65)
============================================================
[20:14:09] Task 12 baseline (chance): 1.54%
[20:14:09] Task 12 zero-shot (pre-train): 0.00%
[20:14:12] task=12  epoch=0  train_loss=4.0363
[20:14:14] task=12  epoch=END  time_sec=3.3  acc_task0=0.0  acc_task1=0.0  acc_task2=0.0  acc_task3=0.0  acc_task4=0.0  acc_task5=0.0  acc_task6=0.0  acc_task7=0.0  acc_task8=0.0  acc_task9=0.0  acc_task10=0.0  acc_task11=0.0  acc_task12=46.8
[20:14:14] 
============================================================
 Task 14/20  | Classes (65, 70)
============================================================
[20:14:14] Task 13 baseline (chance): 1.43%
[20:14:14] Task 13 zero-shot (pre-train): 0.00%
[20:14:18] task=13  epoch=0  train_loss=4.4414
[20:14:20] task=13  epoch=END  time_sec=3.4  acc_task0=0.0  acc_task1=0.0  acc_task2=0.0  acc_task3=0.0  acc_task4=0.0  acc_task5=0.0  acc_task6=0.0  acc_task7=0.0  acc_task8=0.0  acc_task9=0.0  acc_task10=0.0  acc_task11=0.0  acc_task12=0.0  acc_task13=28.0
[20:14:20] 
============================================================
 Task 15/20  | Classes (70, 75)
============================================================
[20:14:20] Task 14 baseline (chance): 1.33%
[20:14:20] Task 14 zero-shot (pre-train): 0.00%
[20:14:24] task=14  epoch=0  train_loss=4.2109
[20:14:26] task=14  epoch=END  time_sec=3.4  acc_task0=0.0  acc_task1=0.0  acc_task2=0.0  acc_task3=0.0  acc_task4=0.0  acc_task5=0.0  acc_task6=0.0  acc_task7=0.0  acc_task8=0.0  acc_task9=0.0  acc_task10=0.0  acc_task11=0.0  acc_task12=0.0  acc_task13=0.0  acc_task14=44.2
[20:14:26] 
============================================================
 Task 16/20  | Classes (75, 80)
============================================================
[20:14:26] Task 15 baseline (chance): 1.25%
[20:14:26] Task 15 zero-shot (pre-train): 0.00%
[20:14:30] task=15  epoch=0  train_loss=4.4117
[20:14:32] task=15  epoch=END  time_sec=3.4  acc_task0=0.0  acc_task1=0.0  acc_task2=0.0  acc_task3=0.0  acc_task4=0.0  acc_task5=0.0  acc_task6=0.0  acc_task7=0.0  acc_task8=0.0  acc_task9=0.0  acc_task10=0.0  acc_task11=0.0  acc_task12=0.0  acc_task13=0.0  acc_task14=0.0  acc_task15=37.8
[20:14:32] 
============================================================
 Task 17/20  | Classes (80, 85)
============================================================
[20:14:32] Task 16 baseline (chance): 1.18%
[20:14:33] Task 16 zero-shot (pre-train): 0.00%
[20:14:36] task=16  epoch=0  train_loss=4.5586
[20:14:39] task=16  epoch=END  time_sec=3.3  acc_task0=0.0  acc_task1=0.0  acc_task2=0.0  acc_task3=0.0  acc_task4=0.0  acc_task5=0.0  acc_task6=0.0  acc_task7=0.0  acc_task8=0.0  acc_task9=0.0  acc_task10=0.0  acc_task11=0.0  acc_task12=0.0  acc_task13=0.0  acc_task14=0.0  acc_task15=0.0  acc_task16=45.4
[20:14:39] 
============================================================
 Task 18/20  | Classes (85, 90)
============================================================
[20:14:39] Task 17 baseline (chance): 1.11%
[20:14:39] Task 17 zero-shot (pre-train): 0.00%
[20:14:42] task=17  epoch=0  train_loss=4.9385
[20:14:45] task=17  epoch=END  time_sec=3.4  acc_task0=0.0  acc_task1=0.0  acc_task2=0.0  acc_task3=0.0  acc_task4=0.0  acc_task5=0.0  acc_task6=0.0  acc_task7=0.0  acc_task8=0.0  acc_task9=0.0  acc_task10=0.0  acc_task11=0.0  acc_task12=0.0  acc_task13=0.0  acc_task14=0.0  acc_task15=0.0  acc_task16=0.0  acc_task17=39.0
[20:14:45] 
============================================================
 Task 19/20  | Classes (90, 95)
============================================================
[20:14:45] Task 18 baseline (chance): 1.05%
[20:14:46] Task 18 zero-shot (pre-train): 0.00%
[20:14:49] task=18  epoch=0  train_loss=4.5926
[20:14:52] task=18  epoch=END  time_sec=3.3  acc_task0=0.0  acc_task1=0.0  acc_task2=0.0  acc_task3=0.0  acc_task4=0.0  acc_task5=0.0  acc_task6=0.0  acc_task7=0.0  acc_task8=0.0  acc_task9=0.0  acc_task10=0.0  acc_task11=0.0  acc_task12=0.0  acc_task13=0.0  acc_task14=0.0  acc_task15=0.0  acc_task16=0.0  acc_task17=0.0  acc_task18=45.6
[20:14:52] 
============================================================
 Task 20/20  | Classes (95, 100)
============================================================
[20:14:52] Task 19 baseline (chance): 1.00%
[20:14:52] Task 19 zero-shot (pre-train): 0.00%
[20:14:56] task=19  epoch=0  train_loss=4.7879
[20:14:59] task=19  epoch=END  time_sec=3.4  acc_task0=0.0  acc_task1=0.0  acc_task2=0.0  acc_task3=0.0  acc_task4=0.0  acc_task5=0.0  acc_task6=0.0  acc_task7=0.0  acc_task8=0.0  acc_task9=0.0  acc_task10=0.0  acc_task11=0.0  acc_task12=0.0  acc_task13=0.0  acc_task14=0.0  acc_task15=0.0  acc_task16=0.0  acc_task17=0.0  acc_task18=0.0  acc_task19=43.4
[20:14:59] 
Final Metrics:
  avg_accuracy         +2.1700
  forgetting           +39.2000
  backward_transfer    -39.2000
  forward_transfer     -2.7345
[20:15:00] 
Done - run: split_cifar100_lwf_seed123
[20:15:00] Metrics: {'avg_accuracy': 2.17, 'forgetting': 39.2, 'backward_transfer': -39.2, 'forward_transfer': -2.7345}
