[20:18:35] Starting: split_cifar100_lwf_seed1024
[20:18:35] Config: {'dataset': 'split_cifar100', 'data_root': 'Project/data_local', 'model': 'slim_resnet18', 'pretrained': False, 'method': 'lwf', 'n_epochs': 1, 'batch_size': 32, 'num_workers': 0, 'lr': 0.03, 'momentum': 0.9, 'weight_decay': 0.0001, 'fp16': True, 'buffer_size': 200, 'ewc_lambda': 100.0, 'fisher_samples': 200, 'si_lambda': 1.0, 'si_xi': 0.1, 'der_alpha': 0.5, 'xder_beta': 0.5, 'lwf_lambda': 1.0, 'lwf_temp': 2.0, 'icarl_distill_w': 1.0, 'icarl_temp': 2.0, 'use_nmc': True, 'agem_mem_batch': 64, 'distill_lambda': 1.0, 'distill_temp': 2.0, 'pc_distill_w': 1.0, 'pc_ewc_lambda': 100.0, 'pc_compress_epochs': 3, 'er_replay_ratio': 0.5, 'joint_replay_epochs': 1, 'disable_tqdm': True, 'disable_checkpoints': True, 'disable_plots': False, 'seeds': [42, 123, 456, 789, 1024], 'results_root': 'results_fwt', 'checkpoint_dir': 'results/checkpoints', 'figure_dir': 'results_fwt\\figures', 'log_dir': 'results_fwt\\raw', 'run_name': 'split_cifar100_lwf_seed1024', 'seed': 1024}
[20:18:35] Device: cuda
[20:18:36] Dataset: SplitCIFAR100(tasks=20, classes_per_task=5, scenario=class-il)
[20:18:36] 
============================================================
 Task 1/20  | Classes (0, 5)
============================================================
[20:18:36] Task 0 baseline (chance): 20.00%
[20:18:39] task=0  epoch=0  train_loss=1.48
[20:18:39] task=0  epoch=END  time_sec=3.1  acc_task0=53.0
[20:18:39] 
============================================================
 Task 2/20  | Classes (5, 10)
============================================================
[20:18:39] Task 1 baseline (chance): 10.00%
[20:18:40] Task 1 zero-shot (pre-train): 0.00%
[20:18:43] task=1  epoch=0  train_loss=1.8648
[20:18:43] task=1  epoch=END  time_sec=3.4  acc_task0=0.0  acc_task1=34.0
[20:18:43] 
============================================================
 Task 3/20  | Classes (10, 15)
============================================================
[20:18:43] Task 2 baseline (chance): 6.67%
[20:18:44] Task 2 zero-shot (pre-train): 0.00%
[20:18:47] task=2  epoch=0  train_loss=1.9048
[20:18:47] task=2  epoch=END  time_sec=3.3  acc_task0=0.0  acc_task1=0.0  acc_task2=48.0
[20:18:47] 
============================================================
 Task 4/20  | Classes (15, 20)
============================================================
[20:18:47] Task 3 baseline (chance): 5.00%
[20:18:48] Task 3 zero-shot (pre-train): 0.00%
[20:18:51] task=3  epoch=0  train_loss=2.3819
[20:18:52] task=3  epoch=END  time_sec=3.3  acc_task0=0.0  acc_task1=0.0  acc_task2=0.0  acc_task3=46.0
[20:18:52] 
============================================================
 Task 5/20  | Classes (20, 25)
============================================================
[20:18:52] Task 4 baseline (chance): 4.00%
[20:18:52] Task 4 zero-shot (pre-train): 0.00%
[20:18:55] task=4  epoch=0  train_loss=2.6541
[20:18:56] task=4  epoch=END  time_sec=3.3  acc_task0=0.0  acc_task1=0.0  acc_task2=0.0  acc_task3=0.0  acc_task4=42.2
[20:18:56] 
============================================================
 Task 6/20  | Classes (25, 30)
============================================================
[20:18:56] Task 5 baseline (chance): 3.33%
[20:18:56] Task 5 zero-shot (pre-train): 0.00%
[20:18:59] task=5  epoch=0  train_loss=3.1967
[20:19:00] task=5  epoch=END  time_sec=3.3  acc_task0=0.0  acc_task1=0.0  acc_task2=0.0  acc_task3=0.0  acc_task4=0.0  acc_task5=33.4
[20:19:00] 
============================================================
 Task 7/20  | Classes (30, 35)
============================================================
[20:19:00] Task 6 baseline (chance): 2.86%
[20:19:01] Task 6 zero-shot (pre-train): 0.00%
[20:19:04] task=6  epoch=0  train_loss=3.1064
[20:19:05] task=6  epoch=END  time_sec=3.4  acc_task0=0.0  acc_task1=0.0  acc_task2=0.0  acc_task3=0.0  acc_task4=0.0  acc_task5=0.0  acc_task6=42.8
[20:19:05] 
============================================================
 Task 8/20  | Classes (35, 40)
============================================================
[20:19:05] Task 7 baseline (chance): 2.50%
[20:19:05] Task 7 zero-shot (pre-train): 0.00%
[20:19:09] task=7  epoch=0  train_loss=3.5972
[20:19:10] task=7  epoch=END  time_sec=3.3  acc_task0=0.0  acc_task1=0.0  acc_task2=0.0  acc_task3=0.0  acc_task4=0.0  acc_task5=0.0  acc_task6=0.0  acc_task7=27.6
[20:19:10] 
============================================================
 Task 9/20  | Classes (40, 45)
============================================================
[20:19:10] Task 8 baseline (chance): 2.22%
[20:19:10] Task 8 zero-shot (pre-train): 0.00%
[20:19:13] task=8  epoch=0  train_loss=3.5279
[20:19:15] task=8  epoch=END  time_sec=3.4  acc_task0=0.0  acc_task1=0.0  acc_task2=0.0  acc_task3=0.0  acc_task4=0.0  acc_task5=0.0  acc_task6=0.0  acc_task7=0.0  acc_task8=36.0
[20:19:15] 
============================================================
 Task 10/20  | Classes (45, 50)
============================================================
[20:19:15] Task 9 baseline (chance): 2.00%
[20:19:15] Task 9 zero-shot (pre-train): 0.00%
[20:19:19] task=9  epoch=0  train_loss=3.6869
[20:19:20] task=9  epoch=END  time_sec=3.4  acc_task0=0.0  acc_task1=0.0  acc_task2=0.0  acc_task3=0.0  acc_task4=0.0  acc_task5=0.0  acc_task6=0.0  acc_task7=0.0  acc_task8=0.0  acc_task9=36.2
[20:19:20] 
============================================================
 Task 11/20  | Classes (50, 55)
============================================================
[20:19:20] Task 10 baseline (chance): 1.82%
[20:19:20] Task 10 zero-shot (pre-train): 0.00%
[20:19:24] task=10  epoch=0  train_loss=3.9785
[20:19:26] task=10  epoch=END  time_sec=3.4  acc_task0=0.0  acc_task1=0.0  acc_task2=0.0  acc_task3=0.0  acc_task4=0.0  acc_task5=0.0  acc_task6=0.0  acc_task7=0.0  acc_task8=0.0  acc_task9=0.0  acc_task10=54.4
[20:19:26] 
============================================================
 Task 12/20  | Classes (55, 60)
============================================================
[20:19:26] Task 11 baseline (chance): 1.67%
[20:19:26] Task 11 zero-shot (pre-train): 0.00%
[20:19:29] task=11  epoch=0  train_loss=4.1346
[20:19:31] task=11  epoch=END  time_sec=3.3  acc_task0=0.0  acc_task1=0.0  acc_task2=0.0  acc_task3=0.0  acc_task4=0.0  acc_task5=0.0  acc_task6=0.0  acc_task7=0.0  acc_task8=0.0  acc_task9=0.0  acc_task10=0.0  acc_task11=34.2
[20:19:31] 
============================================================
 Task 13/20  | Classes (60, 65)
============================================================
[20:19:31] Task 12 baseline (chance): 1.54%
[20:19:31] Task 12 zero-shot (pre-train): 0.00%
[20:19:35] task=12  epoch=0  train_loss=3.9346
[20:19:37] task=12  epoch=END  time_sec=3.4  acc_task0=0.0  acc_task1=0.0  acc_task2=0.0  acc_task3=0.0  acc_task4=0.0  acc_task5=0.0  acc_task6=0.0  acc_task7=0.0  acc_task8=0.0  acc_task9=0.0  acc_task10=0.0  acc_task11=0.0  acc_task12=55.2
[20:19:37] 
============================================================
 Task 14/20  | Classes (65, 70)
============================================================
[20:19:37] Task 13 baseline (chance): 1.43%
[20:19:37] Task 13 zero-shot (pre-train): 0.00%
[20:19:40] task=13  epoch=0  train_loss=4.1286
[20:19:43] task=13  epoch=END  time_sec=3.3  acc_task0=0.0  acc_task1=0.0  acc_task2=0.0  acc_task3=0.0  acc_task4=0.0  acc_task5=0.0  acc_task6=0.0  acc_task7=0.0  acc_task8=0.0  acc_task9=0.0  acc_task10=0.0  acc_task11=0.0  acc_task12=0.0  acc_task13=45.8
[20:19:43] 
============================================================
 Task 15/20  | Classes (70, 75)
============================================================
[20:19:43] Task 14 baseline (chance): 1.33%
[20:19:43] Task 14 zero-shot (pre-train): 0.00%
[20:19:46] task=14  epoch=0  train_loss=4.0393
[20:19:49] task=14  epoch=END  time_sec=3.4  acc_task0=0.0  acc_task1=0.0  acc_task2=0.0  acc_task3=0.0  acc_task4=0.0  acc_task5=0.0  acc_task6=0.0  acc_task7=0.0  acc_task8=0.0  acc_task9=0.0  acc_task10=0.0  acc_task11=0.0  acc_task12=0.0  acc_task13=0.0  acc_task14=47.4
[20:19:49] 
============================================================
 Task 16/20  | Classes (75, 80)
============================================================
[20:19:49] Task 15 baseline (chance): 1.25%
[20:19:49] Task 15 zero-shot (pre-train): 0.00%
[20:19:52] task=15  epoch=0  train_loss=4.2326
[20:19:55] task=15  epoch=END  time_sec=3.4  acc_task0=0.0  acc_task1=0.0  acc_task2=0.0  acc_task3=0.0  acc_task4=0.0  acc_task5=0.0  acc_task6=0.0  acc_task7=0.0  acc_task8=0.0  acc_task9=0.0  acc_task10=0.0  acc_task11=0.0  acc_task12=0.0  acc_task13=0.0  acc_task14=0.0  acc_task15=37.8
[20:19:55] 
============================================================
 Task 17/20  | Classes (80, 85)
============================================================
[20:19:55] Task 16 baseline (chance): 1.18%
[20:19:55] Task 16 zero-shot (pre-train): 0.00%
[20:19:58] task=16  epoch=0  train_loss=4.3688
[20:20:01] task=16  epoch=END  time_sec=3.3  acc_task0=0.0  acc_task1=0.0  acc_task2=0.0  acc_task3=0.0  acc_task4=0.0  acc_task5=0.0  acc_task6=0.0  acc_task7=0.0  acc_task8=0.0  acc_task9=0.0  acc_task10=0.0  acc_task11=0.0  acc_task12=0.0  acc_task13=0.0  acc_task14=0.0  acc_task15=0.0  acc_task16=48.8
[20:20:01] 
============================================================
 Task 18/20  | Classes (85, 90)
============================================================
[20:20:01] Task 17 baseline (chance): 1.11%
[20:20:01] Task 17 zero-shot (pre-train): 0.00%
[20:20:05] task=17  epoch=0  train_loss=4.5309
[20:20:08] task=17  epoch=END  time_sec=3.4  acc_task0=0.0  acc_task1=0.0  acc_task2=0.0  acc_task3=0.0  acc_task4=0.0  acc_task5=0.0  acc_task6=0.0  acc_task7=0.0  acc_task8=0.0  acc_task9=0.0  acc_task10=0.0  acc_task11=0.0  acc_task12=0.0  acc_task13=0.0  acc_task14=0.0  acc_task15=0.0  acc_task16=0.0  acc_task17=48.2
[20:20:08] 
============================================================
 Task 19/20  | Classes (90, 95)
============================================================
[20:20:08] Task 18 baseline (chance): 1.05%
[20:20:08] Task 18 zero-shot (pre-train): 0.00%
[20:20:11] task=18  epoch=0  train_loss=4.4249
[20:20:14] task=18  epoch=END  time_sec=3.3  acc_task0=0.0  acc_task1=0.0  acc_task2=0.0  acc_task3=0.0  acc_task4=0.0  acc_task5=0.0  acc_task6=0.0  acc_task7=0.0  acc_task8=0.0  acc_task9=0.0  acc_task10=0.0  acc_task11=0.0  acc_task12=0.0  acc_task13=0.0  acc_task14=0.0  acc_task15=0.0  acc_task16=0.0  acc_task17=0.0  acc_task18=57.4
[20:20:14] 
============================================================
 Task 20/20  | Classes (95, 100)
============================================================
[20:20:14] Task 19 baseline (chance): 1.00%
[20:20:15] Task 19 zero-shot (pre-train): 0.00%
[20:20:18] task=19  epoch=0  train_loss=4.2528
[20:20:21] task=19  epoch=END  time_sec=3.4  acc_task0=0.0  acc_task1=0.0  acc_task2=0.0  acc_task3=0.0  acc_task4=0.0  acc_task5=0.0  acc_task6=0.0  acc_task7=0.0  acc_task8=0.0  acc_task9=0.0  acc_task10=0.0  acc_task11=0.0  acc_task12=0.0  acc_task13=0.0  acc_task14=0.0  acc_task15=0.0  acc_task16=0.0  acc_task17=0.0  acc_task18=0.0  acc_task19=50.8
[20:20:21] 
Final Metrics:
  avg_accuracy         +2.5400
  forgetting           +43.6000
  backward_transfer    -43.6000
  forward_transfer     -2.7345
[20:20:22] 
Done - run: split_cifar100_lwf_seed1024
[20:20:22] Metrics: {'avg_accuracy': 2.54, 'forgetting': 43.6, 'backward_transfer': -43.6, 'forward_transfer': -2.7345}
