[20:16:48] Starting: split_cifar100_lwf_seed789
[20:16:48] Config: {'dataset': 'split_cifar100', 'data_root': 'Project/data_local', 'model': 'slim_resnet18', 'pretrained': False, 'method': 'lwf', 'n_epochs': 1, 'batch_size': 32, 'num_workers': 0, 'lr': 0.03, 'momentum': 0.9, 'weight_decay': 0.0001, 'fp16': True, 'buffer_size': 200, 'ewc_lambda': 100.0, 'fisher_samples': 200, 'si_lambda': 1.0, 'si_xi': 0.1, 'der_alpha': 0.5, 'xder_beta': 0.5, 'lwf_lambda': 1.0, 'lwf_temp': 2.0, 'icarl_distill_w': 1.0, 'icarl_temp': 2.0, 'use_nmc': True, 'agem_mem_batch': 64, 'distill_lambda': 1.0, 'distill_temp': 2.0, 'pc_distill_w': 1.0, 'pc_ewc_lambda': 100.0, 'pc_compress_epochs': 3, 'er_replay_ratio': 0.5, 'joint_replay_epochs': 1, 'disable_tqdm': True, 'disable_checkpoints': True, 'disable_plots': False, 'seeds': [42, 123, 456, 789, 1024], 'results_root': 'results_fwt', 'checkpoint_dir': 'results/checkpoints', 'figure_dir': 'results_fwt\\figures', 'log_dir': 'results_fwt\\raw', 'run_name': 'split_cifar100_lwf_seed789', 'seed': 789}
[20:16:48] Device: cuda
[20:16:49] Dataset: SplitCIFAR100(tasks=20, classes_per_task=5, scenario=class-il)
[20:16:49] 
============================================================
 Task 1/20  | Classes (0, 5)
============================================================
[20:16:49] Task 0 baseline (chance): 20.00%
[20:16:52] task=0  epoch=0  train_loss=1.5299
[20:16:52] task=0  epoch=END  time_sec=3.2  acc_task0=24.6
[20:16:52] 
============================================================
 Task 2/20  | Classes (5, 10)
============================================================
[20:16:52] Task 1 baseline (chance): 10.00%
[20:16:52] Task 1 zero-shot (pre-train): 0.00%
[20:16:56] task=1  epoch=0  train_loss=2.3648
[20:16:56] task=1  epoch=END  time_sec=3.4  acc_task0=0.0  acc_task1=31.4
[20:16:56] 
============================================================
 Task 3/20  | Classes (10, 15)
============================================================
[20:16:56] Task 2 baseline (chance): 6.67%
[20:16:56] Task 2 zero-shot (pre-train): 0.00%
[20:17:00] task=2  epoch=0  train_loss=2.1005
[20:17:00] task=2  epoch=END  time_sec=3.3  acc_task0=0.0  acc_task1=0.0  acc_task2=43.6
[20:17:00] 
============================================================
 Task 4/20  | Classes (15, 20)
============================================================
[20:17:00] Task 3 baseline (chance): 5.00%
[20:17:00] Task 3 zero-shot (pre-train): 0.00%
[20:17:04] task=3  epoch=0  train_loss=2.3026
[20:17:04] task=3  epoch=END  time_sec=3.3  acc_task0=0.0  acc_task1=0.0  acc_task2=0.0  acc_task3=50.0
[20:17:04] 
============================================================
 Task 5/20  | Classes (20, 25)
============================================================
[20:17:04] Task 4 baseline (chance): 4.00%
[20:17:05] Task 4 zero-shot (pre-train): 0.00%
[20:17:08] task=4  epoch=0  train_loss=2.714
[20:17:09] task=4  epoch=END  time_sec=3.3  acc_task0=0.0  acc_task1=0.0  acc_task2=0.0  acc_task3=0.0  acc_task4=50.4
[20:17:09] 
============================================================
 Task 6/20  | Classes (25, 30)
============================================================
[20:17:09] Task 5 baseline (chance): 3.33%
[20:17:09] Task 5 zero-shot (pre-train): 0.00%
[20:17:12] task=5  epoch=0  train_loss=3.3264
[20:17:13] task=5  epoch=END  time_sec=3.4  acc_task0=0.0  acc_task1=0.0  acc_task2=0.0  acc_task3=0.0  acc_task4=0.0  acc_task5=29.6
[20:17:13] 
============================================================
 Task 7/20  | Classes (30, 35)
============================================================
[20:17:13] Task 6 baseline (chance): 2.86%
[20:17:13] Task 6 zero-shot (pre-train): 0.00%
[20:17:17] task=6  epoch=0  train_loss=3.3072
[20:17:18] task=6  epoch=END  time_sec=3.3  acc_task0=0.0  acc_task1=0.0  acc_task2=0.0  acc_task3=0.0  acc_task4=0.0  acc_task5=0.0  acc_task6=35.2
[20:17:18] 
============================================================
 Task 8/20  | Classes (35, 40)
============================================================
[20:17:18] Task 7 baseline (chance): 2.50%
[20:17:18] Task 7 zero-shot (pre-train): 0.00%
[20:17:21] task=7  epoch=0  train_loss=3.6632
[20:17:23] task=7  epoch=END  time_sec=3.3  acc_task0=0.0  acc_task1=0.0  acc_task2=0.0  acc_task3=0.0  acc_task4=0.0  acc_task5=0.0  acc_task6=0.0  acc_task7=24.6
[20:17:23] 
============================================================
 Task 9/20  | Classes (40, 45)
============================================================
[20:17:23] Task 8 baseline (chance): 2.22%
[20:17:23] Task 8 zero-shot (pre-train): 0.00%
[20:17:26] task=8  epoch=0  train_loss=3.5387
[20:17:28] task=8  epoch=END  time_sec=3.3  acc_task0=0.0  acc_task1=0.0  acc_task2=0.0  acc_task3=0.0  acc_task4=0.0  acc_task5=0.0  acc_task6=0.0  acc_task7=0.0  acc_task8=33.6
[20:17:28] 
============================================================
 Task 10/20  | Classes (45, 50)
============================================================
[20:17:28] Task 9 baseline (chance): 2.00%
[20:17:28] Task 9 zero-shot (pre-train): 0.00%
[20:17:31] task=9  epoch=0  train_loss=3.9268
[20:17:33] task=9  epoch=END  time_sec=3.3  acc_task0=0.0  acc_task1=0.0  acc_task2=0.0  acc_task3=0.0  acc_task4=0.0  acc_task5=0.0  acc_task6=0.0  acc_task7=0.0  acc_task8=0.0  acc_task9=24.2
[20:17:33] 
============================================================
 Task 11/20  | Classes (50, 55)
============================================================
[20:17:33] Task 10 baseline (chance): 1.82%
[20:17:33] Task 10 zero-shot (pre-train): 0.00%
[20:17:37] task=10  epoch=0  train_loss=3.9788
[20:17:38] task=10  epoch=END  time_sec=3.3  acc_task0=0.0  acc_task1=0.0  acc_task2=0.0  acc_task3=0.0  acc_task4=0.0  acc_task5=0.0  acc_task6=0.0  acc_task7=0.0  acc_task8=0.0  acc_task9=0.0  acc_task10=24.2
[20:17:38] 
============================================================
 Task 12/20  | Classes (55, 60)
============================================================
[20:17:38] Task 11 baseline (chance): 1.67%
[20:17:39] Task 11 zero-shot (pre-train): 0.00%
[20:17:42] task=11  epoch=0  train_loss=4.1215
[20:17:44] task=11  epoch=END  time_sec=3.3  acc_task0=0.0  acc_task1=0.0  acc_task2=0.0  acc_task3=0.0  acc_task4=0.0  acc_task5=0.0  acc_task6=0.0  acc_task7=0.0  acc_task8=0.0  acc_task9=0.0  acc_task10=0.0  acc_task11=25.8
[20:17:44] 
============================================================
 Task 13/20  | Classes (60, 65)
============================================================
[20:17:44] Task 12 baseline (chance): 1.54%
[20:17:44] Task 12 zero-shot (pre-train): 0.00%
[20:17:47] task=12  epoch=0  train_loss=4.0172
[20:17:50] task=12  epoch=END  time_sec=3.3  acc_task0=0.0  acc_task1=0.0  acc_task2=0.0  acc_task3=0.0  acc_task4=0.0  acc_task5=0.0  acc_task6=0.0  acc_task7=0.0  acc_task8=0.0  acc_task9=0.0  acc_task10=0.0  acc_task11=0.0  acc_task12=35.2
[20:17:50] 
============================================================
 Task 14/20  | Classes (65, 70)
============================================================
[20:17:50] Task 13 baseline (chance): 1.43%
[20:17:50] Task 13 zero-shot (pre-train): 0.00%
[20:17:53] task=13  epoch=0  train_loss=4.1787
[20:17:55] task=13  epoch=END  time_sec=3.3  acc_task0=0.0  acc_task1=0.0  acc_task2=0.0  acc_task3=0.0  acc_task4=0.0  acc_task5=0.0  acc_task6=0.0  acc_task7=0.0  acc_task8=0.0  acc_task9=0.0  acc_task10=0.0  acc_task11=0.0  acc_task12=0.2  acc_task13=25.6
[20:17:55] 
============================================================
 Task 15/20  | Classes (70, 75)
============================================================
[20:17:55] Task 14 baseline (chance): 1.33%
[20:17:56] Task 14 zero-shot (pre-train): 0.00%
[20:17:59] task=14  epoch=0  train_loss=4.1694
[20:18:01] task=14  epoch=END  time_sec=3.3  acc_task0=0.0  acc_task1=0.0  acc_task2=0.0  acc_task3=0.0  acc_task4=0.0  acc_task5=0.0  acc_task6=0.0  acc_task7=0.0  acc_task8=0.0  acc_task9=0.0  acc_task10=0.0  acc_task11=0.0  acc_task12=0.0  acc_task13=0.0  acc_task14=38.8
[20:18:01] 
============================================================
 Task 16/20  | Classes (75, 80)
============================================================
[20:18:01] Task 15 baseline (chance): 1.25%
[20:18:02] Task 15 zero-shot (pre-train): 0.00%
[20:18:05] task=15  epoch=0  train_loss=4.4898
[20:18:08] task=15  epoch=END  time_sec=3.4  acc_task0=0.0  acc_task1=0.0  acc_task2=0.0  acc_task3=0.0  acc_task4=0.0  acc_task5=0.0  acc_task6=0.0  acc_task7=0.0  acc_task8=0.0  acc_task9=0.0  acc_task10=0.0  acc_task11=0.0  acc_task12=0.0  acc_task13=0.0  acc_task14=0.0  acc_task15=32.8
[20:18:08] 
============================================================
 Task 17/20  | Classes (80, 85)
============================================================
[20:18:08] Task 16 baseline (chance): 1.18%
[20:18:08] Task 16 zero-shot (pre-train): 0.00%
[20:18:11] task=16  epoch=0  train_loss=4.3565
[20:18:14] task=16  epoch=END  time_sec=3.4  acc_task0=0.0  acc_task1=0.0  acc_task2=0.0  acc_task3=0.0  acc_task4=0.0  acc_task5=0.0  acc_task6=0.0  acc_task7=0.0  acc_task8=0.0  acc_task9=0.0  acc_task10=0.0  acc_task11=0.0  acc_task12=0.0  acc_task13=0.0  acc_task14=0.0  acc_task15=0.0  acc_task16=40.0
[20:18:14] 
============================================================
 Task 18/20  | Classes (85, 90)
============================================================
[20:18:14] Task 17 baseline (chance): 1.11%
[20:18:14] Task 17 zero-shot (pre-train): 0.00%
[20:18:18] task=17  epoch=0  train_loss=4.8473
[20:18:21] task=17  epoch=END  time_sec=3.3  acc_task0=0.0  acc_task1=0.0  acc_task2=0.0  acc_task3=0.0  acc_task4=0.0  acc_task5=0.0  acc_task6=0.0  acc_task7=0.0  acc_task8=0.0  acc_task9=0.0  acc_task10=0.0  acc_task11=0.0  acc_task12=0.0  acc_task13=0.0  acc_task14=0.0  acc_task15=0.0  acc_task16=0.0  acc_task17=41.2
[20:18:21] 
============================================================
 Task 19/20  | Classes (90, 95)
============================================================
[20:18:21] Task 18 baseline (chance): 1.05%
[20:18:21] Task 18 zero-shot (pre-train): 0.00%
[20:18:24] task=18  epoch=0  train_loss=4.7458
[20:18:27] task=18  epoch=END  time_sec=3.3  acc_task0=0.0  acc_task1=0.0  acc_task2=0.0  acc_task3=0.0  acc_task4=0.0  acc_task5=0.0  acc_task6=0.0  acc_task7=0.0  acc_task8=0.0  acc_task9=0.0  acc_task10=0.0  acc_task11=0.0  acc_task12=0.0  acc_task13=0.0  acc_task14=0.0  acc_task15=0.0  acc_task16=0.0  acc_task17=0.0  acc_task18=30.0
[20:18:27] 
============================================================
 Task 20/20  | Classes (95, 100)
============================================================
[20:18:27] Task 19 baseline (chance): 1.00%
[20:18:27] Task 19 zero-shot (pre-train): 0.00%
[20:18:31] task=19  epoch=0  train_loss=4.5201
[20:18:34] task=19  epoch=END  time_sec=3.4  acc_task0=0.0  acc_task1=0.0  acc_task2=0.0  acc_task3=0.0  acc_task4=0.0  acc_task5=0.0  acc_task6=0.0  acc_task7=0.0  acc_task8=0.0  acc_task9=0.0  acc_task10=0.0  acc_task11=0.0  acc_task12=0.0  acc_task13=0.0  acc_task14=0.0  acc_task15=0.0  acc_task16=0.0  acc_task17=0.0  acc_task18=0.0  acc_task19=47.6
[20:18:34] 
Final Metrics:
  avg_accuracy         +2.3800
  forgetting           +33.7263
  backward_transfer    -33.7263
  forward_transfer     -2.7345
[20:18:35] 
Done - run: split_cifar100_lwf_seed789
[20:18:35] Metrics: {'avg_accuracy': 2.38, 'forgetting': 33.7263, 'backward_transfer': -33.7263, 'forward_transfer': -2.7345}
