[01:09:30] Starting: split_cifar100_der_seed789
[01:09:30] Config: {'dataset': 'split_cifar100', 'data_root': 'F:\\Temp\\cf\\Catastrophic Forgetting\\research_v2\\Project\\data_local', 'dataset_image_size': None, 'dataset_out_channels': None, 'model': 'slim_resnet18', 'pretrained': False, 'model_image_size': None, 'method': 'der', 'n_epochs': 1, 'batch_size': 32, 'num_workers': 0, 'lr': 0.03, 'momentum': 0.9, 'weight_decay': 0.0001, 'fp16': True, 'buffer_size': 200, 'ewc_lambda': 100.0, 'fisher_samples': 200, 'si_lambda': 1.0, 'si_xi': 0.1, 'der_alpha': 0.5, 'xder_beta': 0.5, 'lwf_lambda': 1.0, 'lwf_temp': 2.0, 'icarl_distill_w': 1.0, 'icarl_temp': 2.0, 'use_nmc': True, 'agem_mem_batch': 64, 'distill_lambda': 1.0, 'distill_temp': 2.0, 'pc_distill_w': 1.0, 'pc_ewc_lambda': 100.0, 'pc_compress_epochs': 3, 'er_replay_ratio': 0.5, 'joint_replay_epochs': 1, 'disable_tqdm': True, 'disable_checkpoints': False, 'disable_plots': False, 'resume': True, 'cleanup_checkpoints_on_success': True, 'result_group': 'runs', 'ablation_family': None, 'seeds': [42, 123, 456, 789, 1024], 'results_root': 'F:\\Temp\\cf\\Catastrophic Forgetting\\research_v2\\results', 'seed': 789, 'run_name': 'split_cifar100_der_seed789', 'project_root': 'F:\\Temp\\cf\\Catastrophic Forgetting\\research_v2\\Project', 'workspace_root': 'F:\\Temp\\cf\\Catastrophic Forgetting\\research_v2', 'run_root': 'F:\\Temp\\cf\\Catastrophic Forgetting\\research_v2\\results\\runs\\epoch_1\\split_cifar100\\hybrids\\der\\seed_789', 'log_dir': 'F:\\Temp\\cf\\Catastrophic Forgetting\\research_v2\\results\\runs\\epoch_1\\split_cifar100\\hybrids\\der\\seed_789\\logs', 'metrics_dir': 'F:\\Temp\\cf\\Catastrophic Forgetting\\research_v2\\results\\runs\\epoch_1\\split_cifar100\\hybrids\\der\\seed_789\\metrics', 'checkpoint_dir': 'F:\\Temp\\cf\\Catastrophic Forgetting\\research_v2\\results\\runs\\epoch_1\\split_cifar100\\hybrids\\der\\seed_789\\checkpoints', 'artifact_dir': 'F:\\Temp\\cf\\Catastrophic Forgetting\\research_v2\\results\\runs\\epoch_1\\split_cifar100\\hybrids\\der\\seed_789\\artifacts', 'figure_dir': 'F:\\Temp\\cf\\Catastrophic Forgetting\\research_v2\\results\\figures\\epoch_1\\split_cifar100\\hybrids\\der\\seed_789'}
[01:09:30] Device: cuda
[01:09:32] Dataset: SplitCIFAR100(tasks=20, classes_per_task=5, scenario=class-il)
[01:09:32] 
============================================================
 Task 1/20  | Classes (0, 5)
============================================================
[01:09:32] Task 0 baseline (chance): 20.00%
[01:09:38] task=0  epoch=0  train_loss=1.7601
[01:09:38] task=0  epoch=END  time_sec=5.6  acc_task0=64.8
[01:09:38] 
============================================================
 Task 2/20  | Classes (5, 10)
============================================================
[01:09:38] Task 1 baseline (chance): 10.00%
[01:09:38] Task 1 zero-shot (pre-train): 0.40%
[01:09:44] task=1  epoch=0  train_loss=1.9514
[01:09:44] task=1  epoch=END  time_sec=5.7  acc_task0=0.0  acc_task1=40.6
[01:09:44] 
============================================================
 Task 3/20  | Classes (10, 15)
============================================================
[01:09:44] Task 2 baseline (chance): 6.67%
[01:09:45] Task 2 zero-shot (pre-train): 0.00%
[01:09:50] task=2  epoch=0  train_loss=2.1196
[01:09:51] task=2  epoch=END  time_sec=5.7  acc_task0=0.0  acc_task1=0.0  acc_task2=50.0
[01:09:51] 
============================================================
 Task 4/20  | Classes (15, 20)
============================================================
[01:09:51] Task 3 baseline (chance): 5.00%
[01:09:51] Task 3 zero-shot (pre-train): 0.00%
[01:09:57] task=3  epoch=0  train_loss=2.7449
[01:09:58] task=3  epoch=END  time_sec=5.7  acc_task0=0.0  acc_task1=0.0  acc_task2=0.0  acc_task3=43.2
[01:09:58] 
============================================================
 Task 5/20  | Classes (20, 25)
============================================================
[01:09:58] Task 4 baseline (chance): 4.00%
[01:09:58] Task 4 zero-shot (pre-train): 0.00%
[01:10:04] task=4  epoch=0  train_loss=3.2815
[01:10:05] task=4  epoch=END  time_sec=5.7  acc_task0=0.0  acc_task1=0.0  acc_task2=0.0  acc_task3=0.0  acc_task4=54.6
[01:10:05] 
============================================================
 Task 6/20  | Classes (25, 30)
============================================================
[01:10:05] Task 5 baseline (chance): 3.33%
[01:10:05] Task 5 zero-shot (pre-train): 0.00%
[01:10:11] task=5  epoch=0  train_loss=3.7374
[01:10:12] task=5  epoch=END  time_sec=5.4  acc_task0=0.0  acc_task1=0.0  acc_task2=0.0  acc_task3=0.0  acc_task4=0.0  acc_task5=39.4
[01:10:12] 
============================================================
 Task 7/20  | Classes (30, 35)
============================================================
[01:10:12] Task 6 baseline (chance): 2.86%
[01:10:12] Task 6 zero-shot (pre-train): 0.00%
[01:10:18] task=6  epoch=0  train_loss=4.0835
[01:10:19] task=6  epoch=END  time_sec=5.7  acc_task0=0.0  acc_task1=0.0  acc_task2=0.0  acc_task3=0.0  acc_task4=0.0  acc_task5=0.0  acc_task6=42.4
[01:10:19] 
============================================================
 Task 8/20  | Classes (35, 40)
============================================================
[01:10:19] Task 7 baseline (chance): 2.50%
[01:10:20] Task 7 zero-shot (pre-train): 0.00%
[01:10:25] task=7  epoch=0  train_loss=4.3109
[01:10:27] task=7  epoch=END  time_sec=5.9  acc_task0=0.0  acc_task1=0.0  acc_task2=0.0  acc_task3=0.0  acc_task4=0.0  acc_task5=0.0  acc_task6=0.0  acc_task7=37.2
[01:10:27] 
============================================================
 Task 9/20  | Classes (40, 45)
============================================================
[01:10:27] Task 8 baseline (chance): 2.22%
[01:10:27] Task 8 zero-shot (pre-train): 0.00%
[01:10:33] task=8  epoch=0  train_loss=4.3772
[01:10:35] task=8  epoch=END  time_sec=5.8  acc_task0=0.0  acc_task1=0.0  acc_task2=0.0  acc_task3=0.0  acc_task4=0.0  acc_task5=0.0  acc_task6=0.0  acc_task7=0.0  acc_task8=38.6
[01:10:35] 
============================================================
 Task 10/20  | Classes (45, 50)
============================================================
[01:10:35] Task 9 baseline (chance): 2.00%
[01:10:35] Task 9 zero-shot (pre-train): 0.00%
[01:10:41] task=9  epoch=0  train_loss=4.9564
[01:10:43] task=9  epoch=END  time_sec=5.8  acc_task0=0.0  acc_task1=0.0  acc_task2=0.0  acc_task3=0.0  acc_task4=0.0  acc_task5=0.0  acc_task6=0.0  acc_task7=0.0  acc_task8=0.0  acc_task9=41.2
[01:10:43] 
============================================================
 Task 11/20  | Classes (50, 55)
============================================================
[01:10:43] Task 10 baseline (chance): 1.82%
[01:10:43] Task 10 zero-shot (pre-train): 0.00%
[01:10:49] task=10  epoch=0  train_loss=4.8587
[01:10:51] task=10  epoch=END  time_sec=5.8  acc_task0=0.0  acc_task1=0.0  acc_task2=0.0  acc_task3=0.0  acc_task4=0.0  acc_task5=0.0  acc_task6=0.0  acc_task7=0.0  acc_task8=0.0  acc_task9=0.0  acc_task10=57.6
[01:10:51] 
============================================================
 Task 12/20  | Classes (55, 60)
============================================================
[01:10:51] Task 11 baseline (chance): 1.67%
[01:10:52] Task 11 zero-shot (pre-train): 0.00%
[01:10:57] task=11  epoch=0  train_loss=5.4349
[01:11:00] task=11  epoch=END  time_sec=5.8  acc_task0=0.0  acc_task1=0.0  acc_task2=0.0  acc_task3=0.0  acc_task4=0.0  acc_task5=0.0  acc_task6=0.0  acc_task7=0.0  acc_task8=0.0  acc_task9=0.0  acc_task10=0.0  acc_task11=37.6
[01:11:00] 
============================================================
 Task 13/20  | Classes (60, 65)
============================================================
[01:11:00] Task 12 baseline (chance): 1.54%
[01:11:00] Task 12 zero-shot (pre-train): 0.00%
[01:11:06] task=12  epoch=0  train_loss=5.3543
[01:11:08] task=12  epoch=END  time_sec=5.7  acc_task0=0.0  acc_task1=0.0  acc_task2=0.0  acc_task3=0.0  acc_task4=0.0  acc_task5=0.0  acc_task6=0.0  acc_task7=0.0  acc_task8=0.0  acc_task9=0.0  acc_task10=0.0  acc_task11=0.0  acc_task12=60.8
[01:11:09] 
============================================================
 Task 14/20  | Classes (65, 70)
============================================================
[01:11:09] Task 13 baseline (chance): 1.43%
[01:11:09] Task 13 zero-shot (pre-train): 0.00%
[01:11:14] task=13  epoch=0  train_loss=5.4688
[01:11:17] task=13  epoch=END  time_sec=5.7  acc_task0=0.0  acc_task1=0.0  acc_task2=0.0  acc_task3=0.0  acc_task4=0.0  acc_task5=0.0  acc_task6=0.0  acc_task7=0.0  acc_task8=0.0  acc_task9=0.0  acc_task10=0.0  acc_task11=0.0  acc_task12=0.0  acc_task13=43.6
[01:11:17] 
============================================================
 Task 15/20  | Classes (70, 75)
============================================================
[01:11:17] Task 14 baseline (chance): 1.33%
[01:11:17] Task 14 zero-shot (pre-train): 0.00%
[01:11:23] task=14  epoch=0  train_loss=5.5119
[01:11:26] task=14  epoch=END  time_sec=5.5  acc_task0=0.0  acc_task1=0.0  acc_task2=0.0  acc_task3=0.0  acc_task4=0.0  acc_task5=0.0  acc_task6=0.0  acc_task7=0.0  acc_task8=0.0  acc_task9=0.0  acc_task10=0.0  acc_task11=0.0  acc_task12=0.0  acc_task13=0.0  acc_task14=61.4
[01:11:26] 
============================================================
 Task 16/20  | Classes (75, 80)
============================================================
[01:11:26] Task 15 baseline (chance): 1.25%
[01:11:26] Task 15 zero-shot (pre-train): 0.00%
[01:11:32] task=15  epoch=0  train_loss=5.5874
[01:11:35] task=15  epoch=END  time_sec=5.7  acc_task0=0.0  acc_task1=0.0  acc_task2=0.0  acc_task3=0.0  acc_task4=0.0  acc_task5=0.0  acc_task6=0.0  acc_task7=0.0  acc_task8=0.0  acc_task9=0.0  acc_task10=0.0  acc_task11=0.0  acc_task12=0.0  acc_task13=0.0  acc_task14=0.0  acc_task15=41.0
[01:11:35] 
============================================================
 Task 17/20  | Classes (80, 85)
============================================================
[01:11:35] Task 16 baseline (chance): 1.18%
[01:11:35] Task 16 zero-shot (pre-train): 0.00%
[01:11:41] task=16  epoch=0  train_loss=5.9146
[01:11:44] task=16  epoch=END  time_sec=5.6  acc_task0=0.0  acc_task1=0.0  acc_task2=0.0  acc_task3=0.0  acc_task4=0.0  acc_task5=0.0  acc_task6=0.0  acc_task7=0.0  acc_task8=0.0  acc_task9=0.0  acc_task10=0.0  acc_task11=0.0  acc_task12=0.0  acc_task13=0.0  acc_task14=0.0  acc_task15=0.0  acc_task16=47.4
[01:11:44] 
============================================================
 Task 18/20  | Classes (85, 90)
============================================================
[01:11:44] Task 17 baseline (chance): 1.11%
[01:11:44] Task 17 zero-shot (pre-train): 0.00%
[01:11:50] task=17  epoch=0  train_loss=5.6556
[01:11:54] task=17  epoch=END  time_sec=5.7  acc_task0=0.0  acc_task1=0.0  acc_task2=0.0  acc_task3=0.0  acc_task4=0.0  acc_task5=0.0  acc_task6=0.0  acc_task7=0.0  acc_task8=0.0  acc_task9=0.0  acc_task10=0.0  acc_task11=0.0  acc_task12=0.0  acc_task13=0.0  acc_task14=0.0  acc_task15=0.0  acc_task16=0.0  acc_task17=47.0
[01:11:54] 
============================================================
 Task 19/20  | Classes (90, 95)
============================================================
[01:11:54] Task 18 baseline (chance): 1.05%
[01:11:54] Task 18 zero-shot (pre-train): 0.00%
[01:12:00] task=18  epoch=0  train_loss=5.8364
[01:12:03] task=18  epoch=END  time_sec=5.8  acc_task0=0.0  acc_task1=0.0  acc_task2=0.0  acc_task3=0.0  acc_task4=0.0  acc_task5=0.0  acc_task6=0.0  acc_task7=0.0  acc_task8=0.0  acc_task9=0.0  acc_task10=0.0  acc_task11=0.0  acc_task12=0.0  acc_task13=0.0  acc_task14=0.0  acc_task15=0.0  acc_task16=0.0  acc_task17=0.0  acc_task18=52.6
[01:12:04] 
============================================================
 Task 20/20  | Classes (95, 100)
============================================================
[01:12:04] Task 19 baseline (chance): 1.00%
[01:12:04] Task 19 zero-shot (pre-train): 0.00%
[01:12:10] task=19  epoch=0  train_loss=5.8346
[01:12:13] task=19  epoch=END  time_sec=5.8  acc_task0=0.0  acc_task1=0.0  acc_task2=0.0  acc_task3=0.0  acc_task4=0.0  acc_task5=0.0  acc_task6=0.0  acc_task7=0.0  acc_task8=0.0  acc_task9=0.0  acc_task10=0.0  acc_task11=0.0  acc_task12=0.0  acc_task13=0.0  acc_task14=0.0  acc_task15=0.0  acc_task16=0.0  acc_task17=0.0  acc_task18=0.0  acc_task19=53.8
[01:12:14] 
Final Metrics:
  avg_accuracy         +2.6900
  forgetting           +47.4211
  backward_transfer    -47.4211
  forward_transfer     -2.7134
[01:12:16] 
Done - run: split_cifar100_der_seed789
[01:12:16] Metrics: {'avg_accuracy': 2.69, 'forgetting': 47.4211, 'backward_transfer': -47.4211, 'forward_transfer': -2.7134}
[01:12:16] Deleted 20 checkpoint(s) after successful completion.
