[01:47:31] Starting: split_cifar10_joint_training_seed456
[01:47:31] Config: {'dataset': 'split_cifar10', 'data_root': 'F:\\Temp\\cf\\Catastrophic Forgetting\\research_v2\\Project\\data_local', 'dataset_image_size': None, 'dataset_out_channels': None, 'model': 'slim_resnet18', 'pretrained': False, 'model_image_size': None, 'method': 'joint_training', 'n_epochs': 1, 'batch_size': 32, 'num_workers': 0, 'lr': 0.03, 'momentum': 0.9, 'weight_decay': 0.0001, 'fp16': False, 'buffer_size': 200, 'ewc_lambda': 100.0, 'fisher_samples': 200, 'si_lambda': 1.0, 'si_xi': 0.1, 'der_alpha': 0.5, 'xder_beta': 0.5, 'lwf_lambda': 1.0, 'lwf_temp': 2.0, 'icarl_distill_w': 1.0, 'icarl_temp': 2.0, 'use_nmc': True, 'agem_mem_batch': 64, 'distill_lambda': 1.0, 'distill_temp': 2.0, 'pc_distill_w': 1.0, 'pc_ewc_lambda': 100.0, 'pc_compress_epochs': 3, 'er_replay_ratio': 0.5, 'joint_replay_epochs': 1, 'disable_tqdm': True, 'disable_checkpoints': False, 'disable_plots': False, 'resume': True, 'cleanup_checkpoints_on_success': True, 'result_group': 'runs', 'ablation_family': None, 'seeds': [42, 123, 456, 789, 1024], 'results_root': 'F:\\Temp\\cf\\Catastrophic Forgetting\\research_v2\\results', 'seed': 456, 'run_name': 'split_cifar10_joint_training_seed456', 'project_root': 'F:\\Temp\\cf\\Catastrophic Forgetting\\research_v2\\Project', 'workspace_root': 'F:\\Temp\\cf\\Catastrophic Forgetting\\research_v2', 'run_root': 'F:\\Temp\\cf\\Catastrophic Forgetting\\research_v2\\results\\runs\\epoch_1\\split_cifar10\\baselines\\joint_training\\seed_456', 'log_dir': 'F:\\Temp\\cf\\Catastrophic Forgetting\\research_v2\\results\\runs\\epoch_1\\split_cifar10\\baselines\\joint_training\\seed_456\\logs', 'metrics_dir': 'F:\\Temp\\cf\\Catastrophic Forgetting\\research_v2\\results\\runs\\epoch_1\\split_cifar10\\baselines\\joint_training\\seed_456\\metrics', 'checkpoint_dir': 'F:\\Temp\\cf\\Catastrophic Forgetting\\research_v2\\results\\runs\\epoch_1\\split_cifar10\\baselines\\joint_training\\seed_456\\checkpoints', 'artifact_dir': 'F:\\Temp\\cf\\Catastrophic Forgetting\\research_v2\\results\\runs\\epoch_1\\split_cifar10\\baselines\\joint_training\\seed_456\\artifacts', 'figure_dir': 'F:\\Temp\\cf\\Catastrophic Forgetting\\research_v2\\results\\figures\\epoch_1\\split_cifar10\\baselines\\joint_training\\seed_456'}
[01:47:31] Device: cuda
[01:47:33] Dataset: SplitCIFAR10(tasks=5, classes_per_task=2, scenario=class-il)
[01:47:33] 
============================================================
 Task 1/5  | Classes (0, 2)
============================================================
[01:47:33] Task 0 baseline (chance): 50.00%
[01:47:44] task=0  epoch=0  train_loss=0.5142
[01:47:56] task=0  epoch=END  time_sec=10.6  acc_task0=88.5
[01:47:56] 
============================================================
 Task 2/5  | Classes (2, 4)
============================================================
[01:47:56] Task 1 baseline (chance): 25.00%
[01:47:57] Task 1 zero-shot (pre-train): 3.10%
[01:48:08] task=1  epoch=0  train_loss=0.583
[01:48:27] task=1  epoch=END  time_sec=10.7  acc_task0=82.7  acc_task1=66.95
[01:48:28] 
============================================================
 Task 3/5  | Classes (4, 6)
============================================================
[01:48:28] Task 2 baseline (chance): 16.67%
[01:48:28] Task 2 zero-shot (pre-train): 0.00%
[01:48:40] task=2  epoch=0  train_loss=0.501
[01:49:07] task=2  epoch=END  time_sec=11.3  acc_task0=74.25  acc_task1=33.3  acc_task2=60.0
[01:49:07] 
============================================================
 Task 4/5  | Classes (6, 8)
============================================================
[01:49:07] Task 3 baseline (chance): 12.50%
[01:49:08] Task 3 zero-shot (pre-train): 0.00%
[01:49:19] task=3  epoch=0  train_loss=0.3656
[01:49:53] task=3  epoch=END  time_sec=10.6  acc_task0=76.7  acc_task1=42.6  acc_task2=42.4  acc_task3=66.15
[01:49:54] 
============================================================
 Task 5/5  | Classes (8, 10)
============================================================
[01:49:54] Task 4 baseline (chance): 10.00%
[01:49:55] Task 4 zero-shot (pre-train): 0.00%
[01:50:06] task=4  epoch=0  train_loss=0.2838
[01:50:48] task=4  epoch=END  time_sec=11.2  acc_task0=68.15  acc_task1=49.1  acc_task2=48.5  acc_task3=69.6  acc_task4=78.3
[01:50:49] 
Final Metrics:
  avg_accuracy         +62.7300
  forgetting           +12.4250
  backward_transfer    -11.5625
  forward_transfer     -15.2667
[01:50:50] 
Done - run: split_cifar10_joint_training_seed456
[01:50:50] Metrics: {'avg_accuracy': 62.73, 'forgetting': 12.425, 'backward_transfer': -11.5625, 'forward_transfer': -15.2667}
[01:50:50] Deleted 5 checkpoint(s) after successful completion.
