[08:48:33] Starting: permuted_mnist_er_ewc_seed123
[08:48:33] Config: {'dataset': 'permuted_mnist', 'data_root': 'Project/data_local', 'model': 'resnet8', 'pretrained': False, 'method': 'er_ewc', 'n_epochs': 1, 'batch_size': 32, 'num_workers': 0, 'lr': 0.03, 'momentum': 0.9, 'weight_decay': 0.0001, 'fp16': False, 'buffer_size': 200, 'ewc_lambda': 100.0, 'fisher_samples': 200, 'si_lambda': 1.0, 'si_xi': 0.1, 'der_alpha': 0.5, 'xder_beta': 0.5, 'lwf_lambda': 1.0, 'lwf_temp': 2.0, 'icarl_distill_w': 1.0, 'icarl_temp': 2.0, 'use_nmc': True, 'agem_mem_batch': 64, 'distill_lambda': 1.0, 'distill_temp': 2.0, 'pc_distill_w': 1.0, 'pc_ewc_lambda': 100.0, 'pc_compress_epochs': 3, 'er_replay_ratio': 0.5, 'joint_replay_epochs': 1, 'disable_tqdm': True, 'disable_checkpoints': True, 'disable_plots': False, 'seeds': [42, 123, 456, 789, 1024], 'results_root': 'results_phase3_fwt', 'checkpoint_dir': 'results/checkpoints', 'figure_dir': 'results_phase3_fwt/figures', 'log_dir': 'results_phase3_fwt/raw', 'run_name': 'permuted_mnist_er_ewc_seed123', 'seed': 123}
[08:48:33] Device: cuda
[08:48:33] Dataset: PermutedMNIST(tasks=10, classes_per_task=10, scenario=domain-il)
[08:48:33] 
============================================================
 Task 1/10  | Classes (0, 10)
============================================================
[08:48:33] Task 0 baseline (chance): 10.00%
[08:49:04] task=0  epoch=0  train_loss=0.2226
[08:49:08] task=0  epoch=END  time_sec=31.1  acc_task0=94.62
[08:49:08] 
============================================================
 Task 2/10  | Classes (0, 10)
============================================================
[08:49:08] Task 1 baseline (chance): 10.00%
[08:49:12] Task 1 zero-shot (pre-train): 10.12%
[08:50:00] task=1  epoch=0  train_loss=0.1932
[08:50:08] task=1  epoch=END  time_sec=48.8  acc_task0=79.52  acc_task1=93.88
[08:50:08] 
============================================================
 Task 3/10  | Classes (0, 10)
============================================================
[08:50:08] Task 2 baseline (chance): 10.00%
[08:50:12] Task 2 zero-shot (pre-train): 13.38%
[08:51:18] task=2  epoch=0  train_loss=0.2329
[08:51:30] task=2  epoch=END  time_sec=66.7  acc_task0=67.67  acc_task1=72.48  acc_task2=93.87
[08:51:30] 
============================================================
 Task 4/10  | Classes (0, 10)
============================================================
[08:51:30] Task 3 baseline (chance): 10.00%
[08:51:34] Task 3 zero-shot (pre-train): 10.81%
[08:52:58] task=3  epoch=0  train_loss=0.268
[08:53:13] task=3  epoch=END  time_sec=84.0  acc_task0=61.43  acc_task1=69.38  acc_task2=69.23  acc_task3=92.81
[08:53:13] 
============================================================
 Task 5/10  | Classes (0, 10)
============================================================
[08:53:13] Task 4 baseline (chance): 10.00%
[08:53:17] Task 4 zero-shot (pre-train): 10.66%
[08:55:02] task=4  epoch=0  train_loss=0.302
[08:55:21] task=4  epoch=END  time_sec=105.1  acc_task0=51.58  acc_task1=62.47  acc_task2=59.87  acc_task3=59.16  acc_task4=94.32
[08:55:21] 
============================================================
 Task 6/10  | Classes (0, 10)
============================================================
[08:55:21] Task 5 baseline (chance): 10.00%
[08:55:24] Task 5 zero-shot (pre-train): 15.45%
[08:57:28] task=5  epoch=0  train_loss=0.3365
[08:57:50] task=5  epoch=END  time_sec=123.4  acc_task0=54.61  acc_task1=53.83  acc_task2=51.27  acc_task3=48.47  acc_task4=58.73  acc_task5=93.24
[08:57:50] 
============================================================
 Task 7/10  | Classes (0, 10)
============================================================
[08:57:50] Task 6 baseline (chance): 10.00%
[08:57:54] Task 6 zero-shot (pre-train): 10.46%
[09:00:17] task=6  epoch=0  train_loss=0.3641
[09:00:44] task=6  epoch=END  time_sec=142.9  acc_task0=53.5  acc_task1=48.47  acc_task2=48.34  acc_task3=35.7  acc_task4=47.15  acc_task5=56.42  acc_task6=92.25
[09:00:44] 
============================================================
 Task 8/10  | Classes (0, 10)
============================================================
[09:00:44] Task 7 baseline (chance): 10.00%
[09:00:48] Task 7 zero-shot (pre-train): 12.49%
[09:03:27] task=7  epoch=0  train_loss=0.3941
[09:03:57] task=7  epoch=END  time_sec=159.6  acc_task0=54.98  acc_task1=46.57  acc_task2=47.8  acc_task3=39.15  acc_task4=35.06  acc_task5=48.86  acc_task6=46.88  acc_task7=91.97
[09:03:57] 
============================================================
 Task 9/10  | Classes (0, 10)
============================================================
[09:03:57] Task 8 baseline (chance): 10.00%
[09:04:01] Task 8 zero-shot (pre-train): 11.92%
[09:06:48] task=8  epoch=0  train_loss=0.4315
[09:07:22] task=8  epoch=END  time_sec=166.9  acc_task0=39.05  acc_task1=34.86  acc_task2=44.63  acc_task3=31.5  acc_task4=31.39  acc_task5=31.49  acc_task6=37.53  acc_task7=39.26  acc_task8=80.64
[09:07:22] 
============================================================
 Task 10/10  | Classes (0, 10)
============================================================
[09:07:22] Task 9 baseline (chance): 10.00%
[09:07:26] Task 9 zero-shot (pre-train): 13.99%
[09:10:38] task=9  epoch=0  train_loss=0.4863
[09:11:13] task=9  epoch=END  time_sec=191.6  acc_task0=38.21  acc_task1=28.22  acc_task2=38.8  acc_task3=19.59  acc_task4=23.06  acc_task5=25.92  acc_task6=28.28  acc_task7=28.66  acc_task8=39.64  acc_task9=86.3
[09:11:13] 
Final Metrics:
  avg_accuracy         +35.6680
  forgetting           +61.9133
  backward_transfer    -61.9133
  forward_transfer     +2.1422
[09:11:13] 
Done - run: permuted_mnist_er_ewc_seed123
[09:11:13] Metrics: {'avg_accuracy': 35.668, 'forgetting': 61.9133, 'backward_transfer': -61.9133, 'forward_transfer': 2.1422}
