[10:36:47] Starting: permuted_mnist_er_ewc_seed1024
[10:36:47] Config: {'dataset': 'permuted_mnist', 'data_root': 'Project/data_local', 'model': 'resnet8', 'pretrained': False, 'method': 'er_ewc', 'n_epochs': 1, 'batch_size': 32, 'num_workers': 0, 'lr': 0.03, 'momentum': 0.9, 'weight_decay': 0.0001, 'fp16': False, 'buffer_size': 200, 'ewc_lambda': 100.0, 'fisher_samples': 200, 'si_lambda': 1.0, 'si_xi': 0.1, 'der_alpha': 0.5, 'xder_beta': 0.5, 'lwf_lambda': 1.0, 'lwf_temp': 2.0, 'icarl_distill_w': 1.0, 'icarl_temp': 2.0, 'use_nmc': True, 'agem_mem_batch': 64, 'distill_lambda': 1.0, 'distill_temp': 2.0, 'pc_distill_w': 1.0, 'pc_ewc_lambda': 100.0, 'pc_compress_epochs': 3, 'er_replay_ratio': 0.5, 'joint_replay_epochs': 1, 'disable_tqdm': True, 'disable_checkpoints': True, 'disable_plots': False, 'seeds': [42, 123, 456, 789, 1024], 'results_root': 'results_phase3_fwt', 'checkpoint_dir': 'results/checkpoints', 'figure_dir': 'results_phase3_fwt/figures', 'log_dir': 'results_phase3_fwt/raw', 'run_name': 'permuted_mnist_er_ewc_seed1024', 'seed': 1024}
[10:36:47] Device: cuda
[10:36:47] Dataset: PermutedMNIST(tasks=10, classes_per_task=10, scenario=domain-il)
[10:36:47] 
============================================================
 Task 1/10  | Classes (0, 10)
============================================================
[10:36:47] Task 0 baseline (chance): 10.00%
[10:37:17] task=0  epoch=0  train_loss=0.2234
[10:37:20] task=0  epoch=END  time_sec=29.4  acc_task0=94.7
[10:37:20] 
============================================================
 Task 2/10  | Classes (0, 10)
============================================================
[10:37:20] Task 1 baseline (chance): 10.00%
[10:37:24] Task 1 zero-shot (pre-train): 8.19%
[10:38:12] task=1  epoch=0  train_loss=0.2013
[10:38:20] task=1  epoch=END  time_sec=48.3  acc_task0=82.72  acc_task1=94.75
[10:38:20] 
============================================================
 Task 3/10  | Classes (0, 10)
============================================================
[10:38:20] Task 2 baseline (chance): 10.00%
[10:38:23] Task 2 zero-shot (pre-train): 9.83%
