[10:11:53] Starting: permuted_mnist_er_ewc_seed789
[10:11:53] Config: {'dataset': 'permuted_mnist', 'data_root': 'Project/data_local', 'model': 'resnet8', 'pretrained': False, 'method': 'er_ewc', 'n_epochs': 1, 'batch_size': 32, 'num_workers': 0, 'lr': 0.03, 'momentum': 0.9, 'weight_decay': 0.0001, 'fp16': False, 'buffer_size': 200, 'ewc_lambda': 100.0, 'fisher_samples': 200, 'si_lambda': 1.0, 'si_xi': 0.1, 'der_alpha': 0.5, 'xder_beta': 0.5, 'lwf_lambda': 1.0, 'lwf_temp': 2.0, 'icarl_distill_w': 1.0, 'icarl_temp': 2.0, 'use_nmc': True, 'agem_mem_batch': 64, 'distill_lambda': 1.0, 'distill_temp': 2.0, 'pc_distill_w': 1.0, 'pc_ewc_lambda': 100.0, 'pc_compress_epochs': 3, 'er_replay_ratio': 0.5, 'joint_replay_epochs': 1, 'disable_tqdm': True, 'disable_checkpoints': True, 'disable_plots': False, 'seeds': [42, 123, 456, 789, 1024], 'results_root': 'results_phase3_fwt', 'checkpoint_dir': 'results/checkpoints', 'figure_dir': 'results_phase3_fwt/figures', 'log_dir': 'results_phase3_fwt/raw', 'run_name': 'permuted_mnist_er_ewc_seed789', 'seed': 789}
[10:11:53] Device: cuda
[10:11:53] Dataset: PermutedMNIST(tasks=10, classes_per_task=10, scenario=domain-il)
[10:11:53] 
============================================================
 Task 1/10  | Classes (0, 10)
============================================================
[10:11:53] Task 0 baseline (chance): 10.00%
[10:12:43] task=0  epoch=0  train_loss=0.2204
[10:12:48] task=0  epoch=END  time_sec=50.5  acc_task0=94.55
[10:12:48] 
============================================================
 Task 2/10  | Classes (0, 10)
============================================================
[10:12:48] Task 1 baseline (chance): 10.00%
[10:12:54] Task 1 zero-shot (pre-train): 9.92%
[10:14:17] task=1  epoch=0  train_loss=0.1951
[10:14:27] task=1  epoch=END  time_sec=83.5  acc_task0=79.53  acc_task1=93.93
[10:14:27] 
============================================================
 Task 3/10  | Classes (0, 10)
============================================================
[10:14:27] Task 2 baseline (chance): 10.00%
[10:14:32] Task 2 zero-shot (pre-train): 9.67%
[10:16:25] task=2  epoch=0  train_loss=0.2219
[10:16:40] task=2  epoch=END  time_sec=112.9  acc_task0=70.25  acc_task1=79.79  acc_task2=93.37
[10:16:40] 
============================================================
 Task 4/10  | Classes (0, 10)
============================================================
[10:16:40] Task 3 baseline (chance): 10.00%
[10:16:45] Task 3 zero-shot (pre-train): 17.34%
[10:18:40] task=3  epoch=0  train_loss=0.2536
[10:18:56] task=3  epoch=END  time_sec=115.9  acc_task0=62.4  acc_task1=65.23  acc_task2=75.22  acc_task3=95.06
[10:18:56] 
============================================================
 Task 5/10  | Classes (0, 10)
============================================================
[10:18:56] Task 4 baseline (chance): 10.00%
[10:19:00] Task 4 zero-shot (pre-train): 12.55%
[10:20:42] task=4  epoch=0  train_loss=0.2825
[10:21:00] task=4  epoch=END  time_sec=102.1  acc_task0=57.35  acc_task1=59.67  acc_task2=61.61  acc_task3=68.51  acc_task4=94.92
[10:21:00] 
============================================================
 Task 6/10  | Classes (0, 10)
============================================================
[10:21:00] Task 5 baseline (chance): 10.00%
[10:21:04] Task 5 zero-shot (pre-train): 7.62%
[10:23:06] task=5  epoch=0  train_loss=0.3168
[10:23:28] task=5  epoch=END  time_sec=121.8  acc_task0=52.01  acc_task1=52.76  acc_task2=52.67  acc_task3=53.34  acc_task4=68.83  acc_task5=94.67
[10:23:28] 
============================================================
 Task 7/10  | Classes (0, 10)
============================================================
[10:23:28] Task 6 baseline (chance): 10.00%
[10:23:32] Task 6 zero-shot (pre-train): 12.40%
[10:25:52] task=6  epoch=0  train_loss=0.3506
[10:26:18] task=6  epoch=END  time_sec=139.5  acc_task0=48.88  acc_task1=44.72  acc_task2=52.94  acc_task3=48.53  acc_task4=47.43  acc_task5=62.31  acc_task6=93.54
[10:26:18] 
============================================================
 Task 8/10  | Classes (0, 10)
============================================================
[10:26:18] Task 7 baseline (chance): 10.00%
[10:26:22] Task 7 zero-shot (pre-train): 16.91%
[10:28:59] task=7  epoch=0  train_loss=0.3745
[10:29:28] task=7  epoch=END  time_sec=156.9  acc_task0=47.51  acc_task1=35.19  acc_task2=49.28  acc_task3=45.86  acc_task4=41.57  acc_task5=46.52  acc_task6=56.29  acc_task7=92.62
[10:29:28] 
============================================================
 Task 9/10  | Classes (0, 10)
============================================================
[10:29:28] Task 8 baseline (chance): 10.00%
[10:29:32] Task 8 zero-shot (pre-train): 13.82%
[10:32:23] task=8  epoch=0  train_loss=0.4263
[10:32:57] task=8  epoch=END  time_sec=171.2  acc_task0=48.19  acc_task1=43.72  acc_task2=47.93  acc_task3=48.71  acc_task4=38.49  acc_task5=43.53  acc_task6=50.1  acc_task7=62.02  acc_task8=93.22
[10:32:57] 
============================================================
 Task 10/10  | Classes (0, 10)
============================================================
[10:32:57] Task 9 baseline (chance): 10.00%
[10:33:00] Task 9 zero-shot (pre-train): 17.19%
[10:36:09] task=9  epoch=0  train_loss=0.4634
[10:36:46] task=9  epoch=END  time_sec=188.6  acc_task0=52.04  acc_task1=38.55  acc_task2=46.95  acc_task3=51.32  acc_task4=37.31  acc_task5=43.6  acc_task6=44.02  acc_task7=47.34  acc_task8=43.96  acc_task9=92.62
[10:36:46] 
Final Metrics:
  avg_accuracy         +49.7710
  forgetting           +48.9767
  backward_transfer    -48.9767
  forward_transfer     +3.0467
[10:36:47] 
Done - run: permuted_mnist_er_ewc_seed789
[10:36:47] Metrics: {'avg_accuracy': 49.771, 'forgetting': 48.9767, 'backward_transfer': -48.9767, 'forward_transfer': 3.0467}
