[09:26:17] Starting: permuted_mnist_er_ewc_seed456
[09:26:17] Config: {'dataset': 'permuted_mnist', 'data_root': 'Project/data_local', 'model': 'resnet8', 'pretrained': False, 'method': 'er_ewc', 'n_epochs': 1, 'batch_size': 32, 'num_workers': 0, 'lr': 0.03, 'momentum': 0.9, 'weight_decay': 0.0001, 'fp16': False, 'buffer_size': 200, 'ewc_lambda': 100.0, 'fisher_samples': 200, 'si_lambda': 1.0, 'si_xi': 0.1, 'der_alpha': 0.5, 'xder_beta': 0.5, 'lwf_lambda': 1.0, 'lwf_temp': 2.0, 'icarl_distill_w': 1.0, 'icarl_temp': 2.0, 'use_nmc': True, 'agem_mem_batch': 64, 'distill_lambda': 1.0, 'distill_temp': 2.0, 'pc_distill_w': 1.0, 'pc_ewc_lambda': 100.0, 'pc_compress_epochs': 3, 'er_replay_ratio': 0.5, 'joint_replay_epochs': 1, 'disable_tqdm': True, 'disable_checkpoints': True, 'disable_plots': False, 'seeds': [42, 123, 456, 789, 1024], 'results_root': 'results_phase3_fwt', 'checkpoint_dir': 'results/checkpoints', 'figure_dir': 'results_phase3_fwt/figures', 'log_dir': 'results_phase3_fwt/raw', 'run_name': 'permuted_mnist_er_ewc_seed456', 'seed': 456}
[09:26:17] Device: cuda
[09:26:17] Dataset: PermutedMNIST(tasks=10, classes_per_task=10, scenario=domain-il)
[09:26:17] 
============================================================
 Task 1/10  | Classes (0, 10)
============================================================
[09:26:17] Task 0 baseline (chance): 10.00%
[09:26:46] task=0  epoch=0  train_loss=0.2238
[09:26:49] task=0  epoch=END  time_sec=28.8  acc_task0=94.68
[09:26:49] 
============================================================
 Task 2/10  | Classes (0, 10)
============================================================
[09:26:49] Task 1 baseline (chance): 10.00%
[09:26:53] Task 1 zero-shot (pre-train): 5.13%
[09:27:42] task=1  epoch=0  train_loss=0.2008
[09:27:49] task=1  epoch=END  time_sec=48.6  acc_task0=78.75  acc_task1=94.53
[09:27:49] 
============================================================
 Task 3/10  | Classes (0, 10)
============================================================
[09:27:49] Task 2 baseline (chance): 10.00%
[09:27:53] Task 2 zero-shot (pre-train): 12.92%
[09:29:00] task=2  epoch=0  train_loss=0.2305
[09:29:12] task=2  epoch=END  time_sec=67.0  acc_task0=70.26  acc_task1=78.12  acc_task2=94.99
[09:29:12] 
============================================================
 Task 4/10  | Classes (0, 10)
============================================================
[09:29:12] Task 3 baseline (chance): 10.00%
[09:29:15] Task 3 zero-shot (pre-train): 14.14%
[09:42:56] task=3  epoch=0  train_loss=0.2659
[09:43:10] task=3  epoch=END  time_sec=820.4  acc_task0=60.29  acc_task1=60.93  acc_task2=69.9  acc_task3=94.23
[09:43:10] 
============================================================
 Task 5/10  | Classes (0, 10)
============================================================
[09:43:10] Task 4 baseline (chance): 10.00%
[09:43:13] Task 4 zero-shot (pre-train): 11.53%
[09:44:47] task=4  epoch=0  train_loss=0.2947
[09:45:04] task=4  epoch=END  time_sec=93.7  acc_task0=54.83  acc_task1=57.64  acc_task2=61.9  acc_task3=71.7  acc_task4=94.26
[09:45:04] 
============================================================
 Task 6/10  | Classes (0, 10)
============================================================
[09:45:04] Task 5 baseline (chance): 10.00%
[09:45:08] Task 5 zero-shot (pre-train): 9.39%
[09:48:56] task=5  epoch=0  train_loss=0.333
[09:49:31] task=5  epoch=END  time_sec=228.3  acc_task0=52.32  acc_task1=46.22  acc_task2=50.16  acc_task3=56.72  acc_task4=58.3  acc_task5=92.47
[09:49:31] 
============================================================
 Task 7/10  | Classes (0, 10)
============================================================
[09:49:31] Task 6 baseline (chance): 10.00%
[09:49:37] Task 6 zero-shot (pre-train): 16.79%
[09:53:34] task=6  epoch=0  train_loss=0.374
[09:54:15] task=6  epoch=END  time_sec=237.3  acc_task0=53.8  acc_task1=51.03  acc_task2=48.06  acc_task3=53.13  acc_task4=52.82  acc_task5=61.95  acc_task6=94.42
[09:54:15] 
============================================================
 Task 8/10  | Classes (0, 10)
============================================================
[09:54:15] Task 7 baseline (chance): 10.00%
[09:54:19] Task 7 zero-shot (pre-train): 16.04%
[09:58:43] task=7  epoch=0  train_loss=0.3987
[09:59:24] task=7  epoch=END  time_sec=264.5  acc_task0=50.87  acc_task1=48.06  acc_task2=46.44  acc_task3=57.31  acc_task4=38.81  acc_task5=46.79  acc_task6=56.74  acc_task7=90.99
[09:59:24] 
============================================================
 Task 9/10  | Classes (0, 10)
============================================================
[09:59:24] Task 8 baseline (chance): 10.00%
[09:59:30] Task 8 zero-shot (pre-train): 18.38%
[10:04:49] task=8  epoch=0  train_loss=0.4367
[10:05:32] task=8  epoch=END  time_sec=319.3  acc_task0=51.83  acc_task1=43.34  acc_task2=49.03  acc_task3=49.16  acc_task4=39.06  acc_task5=35.81  acc_task6=36.12  acc_task7=34.73  acc_task8=90.84
[10:05:32] 
============================================================
 Task 10/10  | Classes (0, 10)
============================================================
[10:05:32] Task 9 baseline (chance): 10.00%
[10:05:37] Task 9 zero-shot (pre-train): 14.57%
[10:11:02] task=9  epoch=0  train_loss=0.4793
[10:11:51] task=9  epoch=END  time_sec=325.3  acc_task0=49.99  acc_task1=41.23  acc_task2=51.63  acc_task3=51.45  acc_task4=39.73  acc_task5=38.69  acc_task6=36.87  acc_task7=34.73  acc_task8=60.07  acc_task9=92.3
[10:11:51] 
Final Metrics:
  avg_accuracy         +49.6690
  forgetting           +48.5578
  backward_transfer    -48.5578
  forward_transfer     +3.2100
[10:11:53] 
Done - run: permuted_mnist_er_ewc_seed456
[10:11:53] Metrics: {'avg_accuracy': 49.669, 'forgetting': 48.5578, 'backward_transfer': -48.5578, 'forward_transfer': 3.21}
