[01:06:33] Starting: permuted_mnist_agem_distill_nodistill_seed42
[01:06:33] Config: {'dataset': 'permuted_mnist', 'data_root': 'F:\\Temp\\cf\\Catastrophic Forgetting\\research_v2\\Project\\data_local', 'dataset_image_size': 32, 'dataset_out_channels': None, 'model': 'slim_resnet18', 'pretrained': False, 'model_image_size': None, 'method': 'agem_distill', 'n_epochs': 1, 'batch_size': 32, 'num_workers': 2, 'lr': 0.03, 'momentum': 0.9, 'weight_decay': 0.0001, 'fp16': False, 'buffer_size': 200, 'ewc_lambda': 100.0, 'fisher_samples': 200, 'si_lambda': 1.0, 'si_xi': 0.1, 'der_alpha': 0.5, 'xder_beta': 0.5, 'lwf_lambda': 1.0, 'lwf_temp': 2.0, 'icarl_distill_w': 1.0, 'icarl_temp': 2.0, 'use_nmc': True, 'agem_mem_batch': 64, 'distill_lambda': 0.0, 'distill_temp': 2.0, 'pc_distill_w': 1.0, 'pc_ewc_lambda': 100.0, 'pc_compress_epochs': 3, 'er_replay_ratio': 0.5, 'joint_replay_epochs': 1, 'disable_tqdm': True, 'disable_checkpoints': False, 'disable_plots': False, 'resume': False, 'cleanup_checkpoints_on_success': True, 'result_group': 'ablations', 'ablation_family': 'interaction', 'seeds': [42, 123, 456], 'results_root': 'F:\\Temp\\cf\\Catastrophic Forgetting\\research_v2\\results', 'run_tag': 'nodistill', 'seed': 42, 'run_name': 'permuted_mnist_agem_distill_nodistill_seed42', 'project_root': 'F:\\Temp\\cf\\Catastrophic Forgetting\\research_v2\\Project', 'workspace_root': 'F:\\Temp\\cf\\Catastrophic Forgetting\\research_v2', 'run_root': 'F:\\Temp\\cf\\Catastrophic Forgetting\\research_v2\\results\\ablations\\epoch_1\\permuted_mnist\\interaction\\agem_distill__nodistill\\seed_42', 'log_dir': 'F:\\Temp\\cf\\Catastrophic Forgetting\\research_v2\\results\\ablations\\epoch_1\\permuted_mnist\\interaction\\agem_distill__nodistill\\seed_42\\logs', 'metrics_dir': 'F:\\Temp\\cf\\Catastrophic Forgetting\\research_v2\\results\\ablations\\epoch_1\\permuted_mnist\\interaction\\agem_distill__nodistill\\seed_42\\metrics', 'checkpoint_dir': 'F:\\Temp\\cf\\Catastrophic Forgetting\\research_v2\\results\\ablations\\epoch_1\\permuted_mnist\\interaction\\agem_distill__nodistill\\seed_42\\checkpoints', 'artifact_dir': 'F:\\Temp\\cf\\Catastrophic Forgetting\\research_v2\\results\\ablations\\epoch_1\\permuted_mnist\\interaction\\agem_distill__nodistill\\seed_42\\artifacts', 'figure_dir': 'F:\\Temp\\cf\\Catastrophic Forgetting\\research_v2\\results\\figures\\ablations\\epoch_1\\permuted_mnist\\interaction\\agem_distill__nodistill\\seed_42'}
[01:06:33] Device: cuda
[01:06:33] Dataset: PermutedMNIST(tasks=10, classes_per_task=10, scenario=domain-il)
[01:06:33] 
============================================================
 Task 1/10  | Classes (0, 10)
============================================================
[01:06:33] Task 0 baseline (chance): 10.00%
[01:07:51] task=0  epoch=0  train_loss=0.2686
[01:08:24] task=0  epoch=END  time_sec=78.4  acc_task0=95.78
[01:08:24] 
============================================================
 Task 2/10  | Classes (0, 10)
============================================================
[01:08:24] Task 1 baseline (chance): 10.00%
[01:08:41] Task 1 zero-shot (pre-train): 13.17%
[01:12:26] task=1  epoch=0  train_loss=0.2097
[01:13:17] task=1  epoch=END  time_sec=225.3  acc_task0=70.11  acc_task1=96.13
[01:13:17] 
============================================================
 Task 3/10  | Classes (0, 10)
============================================================
[01:13:17] Task 2 baseline (chance): 10.00%
[01:13:34] Task 2 zero-shot (pre-train): 10.24%
[01:17:05] task=2  epoch=0  train_loss=0.1928
[01:18:01] task=2  epoch=END  time_sec=211.0  acc_task0=54.8  acc_task1=77.47  acc_task2=96.51
[01:18:01] 
============================================================
 Task 4/10  | Classes (0, 10)
============================================================
[01:18:01] Task 3 baseline (chance): 10.00%
[01:18:18] Task 3 zero-shot (pre-train): 10.17%
[01:22:03] task=3  epoch=0  train_loss=0.1867
[01:23:35] task=3  epoch=END  time_sec=224.8  acc_task0=56.1  acc_task1=48.9  acc_task2=72.9  acc_task3=96.11
[01:23:35] 
============================================================
 Task 5/10  | Classes (0, 10)
============================================================
[01:23:35] Task 4 baseline (chance): 10.00%
[01:23:53] Task 4 zero-shot (pre-train): 9.03%
[01:27:35] task=4  epoch=0  train_loss=0.1797
[01:29:04] task=4  epoch=END  time_sec=221.9  acc_task0=47.94  acc_task1=41.54  acc_task2=48.19  acc_task3=78.23  acc_task4=96.64
[01:29:04] 
============================================================
 Task 6/10  | Classes (0, 10)
============================================================
[01:29:04] Task 5 baseline (chance): 10.00%
[01:29:21] Task 5 zero-shot (pre-train): 8.92%
[01:32:47] task=5  epoch=0  train_loss=0.1771
[01:34:36] task=5  epoch=END  time_sec=206.3  acc_task0=44.71  acc_task1=37.91  acc_task2=29.99  acc_task3=47.94  acc_task4=81.36  acc_task5=96.98
[01:34:36] 
============================================================
 Task 7/10  | Classes (0, 10)
============================================================
[01:34:36] Task 6 baseline (chance): 10.00%
[01:34:53] Task 6 zero-shot (pre-train): 11.52%
[01:38:13] task=6  epoch=0  train_loss=0.1754
[01:40:20] task=6  epoch=END  time_sec=199.4  acc_task0=31.25  acc_task1=22.3  acc_task2=30.53  acc_task3=25.25  acc_task4=43.2  acc_task5=78.82  acc_task6=96.96
[01:40:20] 
============================================================
 Task 8/10  | Classes (0, 10)
============================================================
[01:40:20] Task 7 baseline (chance): 10.00%
[01:40:35] Task 7 zero-shot (pre-train): 14.09%
[01:43:48] task=7  epoch=0  train_loss=0.1699
[01:46:12] task=7  epoch=END  time_sec=193.2  acc_task0=31.64  acc_task1=32.58  acc_task2=24.91  acc_task3=22.93  acc_task4=29.1  acc_task5=50.84  acc_task6=87.45  acc_task7=96.59
[01:46:12] 
============================================================
 Task 9/10  | Classes (0, 10)
============================================================
[01:46:12] Task 8 baseline (chance): 10.00%
[01:46:29] Task 8 zero-shot (pre-train): 10.37%
[01:49:49] task=8  epoch=0  train_loss=0.1695
[01:52:24] task=8  epoch=END  time_sec=199.7  acc_task0=31.52  acc_task1=19.69  acc_task2=23.71  acc_task3=14.64  acc_task4=21.14  acc_task5=24.53  acc_task6=55.64  acc_task7=76.24  acc_task8=96.86
[01:52:24] 
============================================================
 Task 10/10  | Classes (0, 10)
============================================================
[01:52:25] Task 9 baseline (chance): 10.00%
[01:52:41] Task 9 zero-shot (pre-train): 10.94%
[01:56:11] task=9  epoch=0  train_loss=0.1668
[01:58:56] task=9  epoch=END  time_sec=209.6  acc_task0=30.71  acc_task1=20.54  acc_task2=18.93  acc_task3=17.98  acc_task4=17.66  acc_task5=23.95  acc_task6=27.36  acc_task7=38.08  acc_task8=74.85  acc_task9=96.53
[01:58:56] 
Final Metrics:
  avg_accuracy         +36.6590
  forgetting           +66.5000
  backward_transfer    -66.5000
  forward_transfer     +0.9389
[01:58:59] 
Done - run: permuted_mnist_agem_distill_nodistill_seed42
[01:58:59] Metrics: {'avg_accuracy': 36.659, 'forgetting': 66.5, 'backward_transfer': -66.5, 'forward_transfer': 0.9389}
[01:58:59] Deleted 10 checkpoint(s) after successful completion.
