[00:48:47] Starting: permuted_mnist_xder_seed123
[00:48:47] Config: {'dataset': 'permuted_mnist', 'data_root': 'Project/data_local', 'model': 'resnet8', 'pretrained': False, 'method': 'xder', 'n_epochs': 1, 'batch_size': 32, 'num_workers': 0, 'lr': 0.03, 'momentum': 0.9, 'weight_decay': 0.0001, 'fp16': False, 'buffer_size': 200, 'ewc_lambda': 100.0, 'fisher_samples': 200, 'si_lambda': 1.0, 'si_xi': 0.1, 'der_alpha': 0.5, 'xder_beta': 0.5, 'lwf_lambda': 1.0, 'lwf_temp': 2.0, 'icarl_distill_w': 1.0, 'icarl_temp': 2.0, 'use_nmc': True, 'agem_mem_batch': 64, 'distill_lambda': 1.0, 'distill_temp': 2.0, 'pc_distill_w': 1.0, 'pc_ewc_lambda': 100.0, 'pc_compress_epochs': 3, 'er_replay_ratio': 0.5, 'joint_replay_epochs': 1, 'disable_tqdm': True, 'disable_checkpoints': True, 'disable_plots': False, 'seeds': [42, 123, 456, 789, 1024], 'results_root': 'results_phase3_fwt', 'checkpoint_dir': 'results/checkpoints', 'figure_dir': 'results_phase3_fwt/figures', 'log_dir': 'results_phase3_fwt/raw', 'run_name': 'permuted_mnist_xder_seed123', 'seed': 123}
[00:48:47] Device: cuda
[00:48:47] Dataset: PermutedMNIST(tasks=10, classes_per_task=10, scenario=domain-il)
[00:48:47] 
============================================================
 Task 1/10  | Classes (0, 10)
============================================================
[00:48:47] Task 0 baseline (chance): 10.00%
[00:49:28] task=0  epoch=0  train_loss=0.5267
[00:49:32] task=0  epoch=END  time_sec=41.9  acc_task0=95.8
[00:49:32] 
============================================================
 Task 2/10  | Classes (0, 10)
============================================================
[00:49:32] Task 1 baseline (chance): 10.00%
[00:49:36] Task 1 zero-shot (pre-train): 11.92%
[00:50:20] task=1  epoch=0  train_loss=0.3788
[00:50:27] task=1  epoch=END  time_sec=43.7  acc_task0=87.99  acc_task1=95.9
[00:50:27] 
============================================================
 Task 3/10  | Classes (0, 10)
============================================================
[00:50:27] Task 2 baseline (chance): 10.00%
[00:50:31] Task 2 zero-shot (pre-train): 11.56%
[00:51:15] task=2  epoch=0  train_loss=0.3714
[00:51:26] task=2  epoch=END  time_sec=43.5  acc_task0=79.19  acc_task1=85.61  acc_task2=96.31
[00:51:26] 
============================================================
 Task 4/10  | Classes (0, 10)
============================================================
[00:51:26] Task 3 baseline (chance): 10.00%
[00:51:30] Task 3 zero-shot (pre-train): 10.63%
[00:52:13] task=3  epoch=0  train_loss=0.368
[00:52:29] task=3  epoch=END  time_sec=43.3  acc_task0=71.32  acc_task1=78.29  acc_task2=87.71  acc_task3=96.06
[00:52:29] 
============================================================
 Task 5/10  | Classes (0, 10)
============================================================
[00:52:29] Task 4 baseline (chance): 10.00%
[00:52:32] Task 4 zero-shot (pre-train): 11.45%
[00:53:16] task=4  epoch=0  train_loss=0.358
[00:53:35] task=4  epoch=END  time_sec=43.5  acc_task0=69.82  acc_task1=72.96  acc_task2=80.96  acc_task3=87.14  acc_task4=96.15
[00:53:35] 
============================================================
 Task 6/10  | Classes (0, 10)
============================================================
[00:53:35] Task 5 baseline (chance): 10.00%
[00:53:39] Task 5 zero-shot (pre-train): 8.68%
[00:54:23] task=5  epoch=0  train_loss=0.3536
[00:54:45] task=5  epoch=END  time_sec=43.7  acc_task0=58.17  acc_task1=63.69  acc_task2=73.46  acc_task3=74.51  acc_task4=86.96  acc_task5=96.32
[00:54:45] 
============================================================
 Task 7/10  | Classes (0, 10)
============================================================
[00:54:45] Task 6 baseline (chance): 10.00%
[00:54:49] Task 6 zero-shot (pre-train): 10.07%
[00:55:32] task=6  epoch=0  train_loss=0.3401
[00:55:59] task=6  epoch=END  time_sec=43.4  acc_task0=55.97  acc_task1=58.67  acc_task2=63.35  acc_task3=69.74  acc_task4=78.44  acc_task5=82.05  acc_task6=96.23
[00:55:59] 
============================================================
 Task 8/10  | Classes (0, 10)
============================================================
[00:55:59] Task 7 baseline (chance): 10.00%
[00:56:03] Task 7 zero-shot (pre-train): 8.96%
[00:56:46] task=7  epoch=0  train_loss=0.3321
[00:57:17] task=7  epoch=END  time_sec=43.3  acc_task0=57.45  acc_task1=50.37  acc_task2=59.54  acc_task3=60.64  acc_task4=69.15  acc_task5=65.98  acc_task6=87.19  acc_task7=95.81
[00:57:17] 
============================================================
 Task 9/10  | Classes (0, 10)
============================================================
[00:57:17] Task 8 baseline (chance): 10.00%
[00:57:21] Task 8 zero-shot (pre-train): 10.47%
[00:58:04] task=8  epoch=0  train_loss=0.3265
[00:58:38] task=8  epoch=END  time_sec=43.3  acc_task0=53.96  acc_task1=50.9  acc_task2=55.45  acc_task3=63.44  acc_task4=64.81  acc_task5=52.54  acc_task6=75.67  acc_task7=84.63  acc_task8=96.29
[00:58:38] 
============================================================
 Task 10/10  | Classes (0, 10)
============================================================
[00:58:38] Task 9 baseline (chance): 10.00%
[00:58:42] Task 9 zero-shot (pre-train): 15.69%
[00:59:26] task=9  epoch=0  train_loss=0.3217
[01:00:03] task=9  epoch=END  time_sec=43.7  acc_task0=50.22  acc_task1=49.79  acc_task2=52.5  acc_task3=62.38  acc_task4=57.96  acc_task5=39.38  acc_task6=63.27  acc_task7=66.07  acc_task8=85.72  acc_task9=96.27
[01:00:03] 
Final Metrics:
  avg_accuracy         +62.3560
  forgetting           +37.5089
  backward_transfer    -37.5089
  forward_transfer     +1.0478
[01:00:04] 
Done - run: permuted_mnist_xder_seed123
[01:00:04] Metrics: {'avg_accuracy': 62.356, 'forgetting': 37.5089, 'backward_transfer': -37.5089, 'forward_transfer': 1.0478}
