[01:00:04] Starting: permuted_mnist_xder_seed456
[01:00:04] Config: {'dataset': 'permuted_mnist', 'data_root': 'Project/data_local', 'model': 'resnet8', 'pretrained': False, 'method': 'xder', 'n_epochs': 1, 'batch_size': 32, 'num_workers': 0, 'lr': 0.03, 'momentum': 0.9, 'weight_decay': 0.0001, 'fp16': False, 'buffer_size': 200, 'ewc_lambda': 100.0, 'fisher_samples': 200, 'si_lambda': 1.0, 'si_xi': 0.1, 'der_alpha': 0.5, 'xder_beta': 0.5, 'lwf_lambda': 1.0, 'lwf_temp': 2.0, 'icarl_distill_w': 1.0, 'icarl_temp': 2.0, 'use_nmc': True, 'agem_mem_batch': 64, 'distill_lambda': 1.0, 'distill_temp': 2.0, 'pc_distill_w': 1.0, 'pc_ewc_lambda': 100.0, 'pc_compress_epochs': 3, 'er_replay_ratio': 0.5, 'joint_replay_epochs': 1, 'disable_tqdm': True, 'disable_checkpoints': True, 'disable_plots': False, 'seeds': [42, 123, 456, 789, 1024], 'results_root': 'results_phase3_fwt', 'checkpoint_dir': 'results/checkpoints', 'figure_dir': 'results_phase3_fwt/figures', 'log_dir': 'results_phase3_fwt/raw', 'run_name': 'permuted_mnist_xder_seed456', 'seed': 456}
[01:00:04] Device: cuda
[01:00:04] Dataset: PermutedMNIST(tasks=10, classes_per_task=10, scenario=domain-il)
[01:00:04] 
============================================================
 Task 1/10  | Classes (0, 10)
============================================================
[01:00:04] Task 0 baseline (chance): 10.00%
[01:00:48] task=0  epoch=0  train_loss=0.5195
[01:00:51] task=0  epoch=END  time_sec=43.9  acc_task0=96.13
[01:00:51] 
============================================================
 Task 2/10  | Classes (0, 10)
============================================================
[01:00:51] Task 1 baseline (chance): 10.00%
[01:00:56] Task 1 zero-shot (pre-train): 8.20%
[01:01:39] task=1  epoch=0  train_loss=0.3875
[01:01:47] task=1  epoch=END  time_sec=43.7  acc_task0=86.42  acc_task1=95.71
[01:01:47] 
============================================================
 Task 3/10  | Classes (0, 10)
============================================================
[01:01:47] Task 2 baseline (chance): 10.00%
[01:01:51] Task 2 zero-shot (pre-train): 15.14%
[01:02:35] task=2  epoch=0  train_loss=0.3775
[01:02:46] task=2  epoch=END  time_sec=43.9  acc_task0=78.45  acc_task1=88.25  acc_task2=95.79
[01:02:46] 
============================================================
 Task 4/10  | Classes (0, 10)
============================================================
[01:02:46] Task 3 baseline (chance): 10.00%
[01:02:50] Task 3 zero-shot (pre-train): 12.19%
[01:03:33] task=3  epoch=0  train_loss=0.3578
[01:03:49] task=3  epoch=END  time_sec=43.6  acc_task0=69.48  acc_task1=81.61  acc_task2=86.0  acc_task3=96.35
[01:03:49] 
============================================================
 Task 5/10  | Classes (0, 10)
============================================================
[01:03:49] Task 4 baseline (chance): 10.00%
[01:03:53] Task 4 zero-shot (pre-train): 15.31%
[01:04:36] task=4  epoch=0  train_loss=0.3489
[01:04:56] task=4  epoch=END  time_sec=43.9  acc_task0=66.43  acc_task1=75.47  acc_task2=77.55  acc_task3=87.8  acc_task4=96.27
[01:04:56] 
============================================================
 Task 6/10  | Classes (0, 10)
============================================================
[01:04:56] Task 5 baseline (chance): 10.00%
[01:05:00] Task 5 zero-shot (pre-train): 7.10%
[01:05:44] task=5  epoch=0  train_loss=0.3536
[01:06:07] task=5  epoch=END  time_sec=43.8  acc_task0=62.26  acc_task1=72.33  acc_task2=72.19  acc_task3=74.75  acc_task4=87.15  acc_task5=96.42
[01:06:07] 
============================================================
 Task 7/10  | Classes (0, 10)
============================================================
[01:06:07] Task 6 baseline (chance): 10.00%
[01:06:10] Task 6 zero-shot (pre-train): 14.30%
[01:06:54] task=6  epoch=0  train_loss=0.3413
[01:07:21] task=6  epoch=END  time_sec=44.0  acc_task0=59.28  acc_task1=66.53  acc_task2=60.05  acc_task3=62.19  acc_task4=75.0  acc_task5=87.29  acc_task6=96.24
[01:07:21] 
============================================================
 Task 8/10  | Classes (0, 10)
============================================================
[01:07:21] Task 7 baseline (chance): 10.00%
[01:07:25] Task 7 zero-shot (pre-train): 11.51%
[01:08:08] task=7  epoch=0  train_loss=0.3291
[01:08:38] task=7  epoch=END  time_sec=43.4  acc_task0=50.33  acc_task1=58.49  acc_task2=43.93  acc_task3=54.5  acc_task4=63.87  acc_task5=71.94  acc_task6=81.27  acc_task7=95.94
[01:08:38] 
============================================================
 Task 9/10  | Classes (0, 10)
============================================================
[01:08:38] Task 8 baseline (chance): 10.00%
[01:08:42] Task 8 zero-shot (pre-train): 15.10%
[01:09:26] task=8  epoch=0  train_loss=0.3307
[01:10:00] task=8  epoch=END  time_sec=43.4  acc_task0=45.91  acc_task1=58.73  acc_task2=42.03  acc_task3=49.5  acc_task4=58.62  acc_task5=61.38  acc_task6=70.53  acc_task7=85.24  acc_task8=96.48
[01:10:00] 
============================================================
 Task 10/10  | Classes (0, 10)
============================================================
[01:10:00] Task 9 baseline (chance): 10.00%
[01:10:03] Task 9 zero-shot (pre-train): 11.65%
[01:10:47] task=9  epoch=0  train_loss=0.3224
[01:11:25] task=9  epoch=END  time_sec=43.5  acc_task0=40.53  acc_task1=51.87  acc_task2=43.45  acc_task3=43.6  acc_task4=52.0  acc_task5=55.54  acc_task6=65.21  acc_task7=70.65  acc_task8=87.45  acc_task9=95.96
[01:11:25] 
Final Metrics:
  avg_accuracy         +60.6260
  forgetting           +39.4478
  backward_transfer    -39.4478
  forward_transfer     +2.2778
[01:11:26] 
Done - run: permuted_mnist_xder_seed456
[01:11:26] Metrics: {'avg_accuracy': 60.626, 'forgetting': 39.4478, 'backward_transfer': -39.4478, 'forward_transfer': 2.2778}
