[00:37:23] Starting: permuted_mnist_xder_seed42
[00:37:23] Config: {'dataset': 'permuted_mnist', 'data_root': 'Project/data_local', 'model': 'resnet8', 'pretrained': False, 'method': 'xder', 'n_epochs': 1, 'batch_size': 32, 'num_workers': 0, 'lr': 0.03, 'momentum': 0.9, 'weight_decay': 0.0001, 'fp16': False, 'buffer_size': 200, 'ewc_lambda': 100.0, 'fisher_samples': 200, 'si_lambda': 1.0, 'si_xi': 0.1, 'der_alpha': 0.5, 'xder_beta': 0.5, 'lwf_lambda': 1.0, 'lwf_temp': 2.0, 'icarl_distill_w': 1.0, 'icarl_temp': 2.0, 'use_nmc': True, 'agem_mem_batch': 64, 'distill_lambda': 1.0, 'distill_temp': 2.0, 'pc_distill_w': 1.0, 'pc_ewc_lambda': 100.0, 'pc_compress_epochs': 3, 'er_replay_ratio': 0.5, 'joint_replay_epochs': 1, 'disable_tqdm': True, 'disable_checkpoints': True, 'disable_plots': False, 'seeds': [42, 123, 456, 789, 1024], 'results_root': 'results_phase3_fwt', 'checkpoint_dir': 'results/checkpoints', 'figure_dir': 'results_phase3_fwt/figures', 'log_dir': 'results_phase3_fwt/raw', 'run_name': 'permuted_mnist_xder_seed42', 'seed': 42}
[00:37:23] Device: cuda
[00:37:23] Dataset: PermutedMNIST(tasks=10, classes_per_task=10, scenario=domain-il)
[00:37:23] 
============================================================
 Task 1/10  | Classes (0, 10)
============================================================
[00:37:23] Task 0 baseline (chance): 10.00%
[00:38:07] task=0  epoch=0  train_loss=0.5306
[00:38:10] task=0  epoch=END  time_sec=43.9  acc_task0=96.23
[00:38:10] 
============================================================
 Task 2/10  | Classes (0, 10)
============================================================
[00:38:10] Task 1 baseline (chance): 10.00%
[00:38:14] Task 1 zero-shot (pre-train): 11.97%
[00:38:58] task=1  epoch=0  train_loss=0.3965
[00:39:06] task=1  epoch=END  time_sec=44.0  acc_task0=88.37  acc_task1=96.01
[00:39:06] 
============================================================
 Task 3/10  | Classes (0, 10)
============================================================
[00:39:06] Task 2 baseline (chance): 10.00%
[00:39:10] Task 2 zero-shot (pre-train): 12.65%
[00:39:54] task=2  epoch=0  train_loss=0.3755
[00:40:05] task=2  epoch=END  time_sec=44.0  acc_task0=73.37  acc_task1=88.37  acc_task2=96.29
[00:40:05] 
============================================================
 Task 4/10  | Classes (0, 10)
============================================================
[00:40:05] Task 3 baseline (chance): 10.00%
[00:40:09] Task 3 zero-shot (pre-train): 16.84%
[00:40:52] task=3  epoch=0  train_loss=0.3694
[00:41:08] task=3  epoch=END  time_sec=43.4  acc_task0=63.05  acc_task1=77.65  acc_task2=85.39  acc_task3=95.95
[00:41:08] 
============================================================
 Task 5/10  | Classes (0, 10)
============================================================
[00:41:08] Task 4 baseline (chance): 10.00%
[00:41:11] Task 4 zero-shot (pre-train): 11.32%
[00:41:55] task=4  epoch=0  train_loss=0.3626
[00:42:14] task=4  epoch=END  time_sec=43.5  acc_task0=55.52  acc_task1=71.27  acc_task2=77.3  acc_task3=87.04  acc_task4=96.08
[00:42:14] 
============================================================
 Task 6/10  | Classes (0, 10)
============================================================
[00:42:14] Task 5 baseline (chance): 10.00%
[00:42:18] Task 5 zero-shot (pre-train): 11.01%
[00:43:01] task=5  epoch=0  train_loss=0.3509
[00:43:24] task=5  epoch=END  time_sec=43.7  acc_task0=51.47  acc_task1=67.53  acc_task2=70.25  acc_task3=73.1  acc_task4=84.83  acc_task5=95.98
[00:43:24] 
============================================================
 Task 7/10  | Classes (0, 10)
============================================================
[00:43:24] Task 6 baseline (chance): 10.00%
[00:43:28] Task 6 zero-shot (pre-train): 11.42%
[00:44:13] task=6  epoch=0  train_loss=0.3447
[00:44:40] task=6  epoch=END  time_sec=44.4  acc_task0=49.05  acc_task1=62.25  acc_task2=66.21  acc_task3=62.68  acc_task4=67.52  acc_task5=83.54  acc_task6=95.91
[00:44:40] 
============================================================
 Task 8/10  | Classes (0, 10)
============================================================
[00:44:40] Task 7 baseline (chance): 10.00%
[00:44:44] Task 7 zero-shot (pre-train): 10.65%
[00:45:28] task=7  epoch=0  train_loss=0.3346
[00:45:59] task=7  epoch=END  time_sec=44.4  acc_task0=49.06  acc_task1=59.54  acc_task2=62.82  acc_task3=60.79  acc_task4=60.45  acc_task5=75.05  acc_task6=86.6  acc_task7=96.1
[00:45:59] 
============================================================
 Task 9/10  | Classes (0, 10)
============================================================
[00:45:59] Task 8 baseline (chance): 10.00%
[00:46:03] Task 8 zero-shot (pre-train): 9.76%
[00:46:46] task=8  epoch=0  train_loss=0.3251
[00:47:20] task=8  epoch=END  time_sec=43.6  acc_task0=47.11  acc_task1=64.19  acc_task2=59.73  acc_task3=60.72  acc_task4=58.26  acc_task5=64.39  acc_task6=74.84  acc_task7=84.36  acc_task8=96.17
[00:47:20] 
============================================================
 Task 10/10  | Classes (0, 10)
============================================================
[00:47:20] Task 9 baseline (chance): 10.00%
[00:47:24] Task 9 zero-shot (pre-train): 18.03%
[00:48:08] task=9  epoch=0  train_loss=0.3182
[00:48:46] task=9  epoch=END  time_sec=43.7  acc_task0=44.49  acc_task1=59.43  acc_task2=56.63  acc_task3=58.55  acc_task4=48.88  acc_task5=55.15  acc_task6=64.86  acc_task7=74.67  acc_task8=88.34  acc_task9=95.97
[00:48:46] 
Final Metrics:
  avg_accuracy         +64.6970
  forgetting           +34.8578
  backward_transfer    -34.8578
  forward_transfer     +2.6278
[00:48:47] 
Done - run: permuted_mnist_xder_seed42
[00:48:47] Metrics: {'avg_accuracy': 64.697, 'forgetting': 34.8578, 'backward_transfer': -34.8578, 'forward_transfer': 2.6278}
