[17:56:52] Starting: split_cifar10_agem_distill_nodistill_seed456
[17:56:52] Config: {'dataset': 'split_cifar10', 'data_root': 'Project/data_local', 'model': 'slim_resnet18', 'pretrained': False, 'method': 'agem_distill', 'n_epochs': 1, 'batch_size': 32, 'num_workers': 0, 'lr': 0.03, 'momentum': 0.9, 'weight_decay': 0.0001, 'fp16': False, 'buffer_size': 200, 'ewc_lambda': 100.0, 'fisher_samples': 200, 'si_lambda': 1.0, 'si_xi': 0.1, 'der_alpha': 0.5, 'xder_beta': 0.5, 'lwf_lambda': 1.0, 'lwf_temp': 2.0, 'icarl_distill_w': 1.0, 'icarl_temp': 2.0, 'use_nmc': True, 'agem_mem_batch': 64, 'distill_lambda': 0.0, 'distill_temp': 2.0, 'pc_distill_w': 1.0, 'pc_ewc_lambda': 100.0, 'pc_compress_epochs': 3, 'er_replay_ratio': 0.5, 'joint_replay_epochs': 1, 'disable_tqdm': True, 'disable_checkpoints': False, 'disable_plots': False, 'seeds': [42, 123, 456], 'results_root': 'results_phase3_interactions_plots', 'checkpoint_dir': 'results/checkpoints', 'figure_dir': 'results_phase3_interactions_plots/figures', 'log_dir': 'results_phase3_interactions_plots/raw', 'run_tag': 'nodistill', 'run_name': 'split_cifar10_agem_distill_nodistill_seed456', 'seed': 456}
[17:56:52] Device: cuda
[17:56:53] Dataset: SplitCIFAR10(tasks=5, classes_per_task=2, scenario=class-il)
[17:56:53] 
============================================================
 Task 1/5  | Classes (0, 2)
============================================================
[17:56:53] Task 0 baseline (chance): 50.00%
[17:57:11] task=0  epoch=0  train_loss=1.0424
[17:57:12] task=0  epoch=END  time_sec=18.2  acc_task0=81.15
[17:57:12] 
============================================================
 Task 2/5  | Classes (2, 4)
============================================================
[17:57:12] Task 1 baseline (chance): 25.00%
[17:57:13] Task 1 zero-shot (pre-train): 1.15%
[17:57:33] task=1  epoch=0  train_loss=5.7824
[17:57:34] task=1  epoch=END  time_sec=19.5  acc_task0=63.2  acc_task1=45.65
[17:57:34] 
============================================================
 Task 3/5  | Classes (4, 6)
============================================================
[17:57:34] Task 2 baseline (chance): 16.67%
[17:57:35] Task 2 zero-shot (pre-train): 0.00%
[17:57:54] task=2  epoch=0  train_loss=3.7481
[17:57:57] task=2  epoch=END  time_sec=19.7  acc_task0=57.05  acc_task1=16.0  acc_task2=43.3
[17:57:57] 
============================================================
 Task 4/5  | Classes (6, 8)
============================================================
[17:57:57] Task 3 baseline (chance): 12.50%
[17:57:58] Task 3 zero-shot (pre-train): 0.00%
[17:58:17] task=3  epoch=0  train_loss=3.8537
[17:58:20] task=3  epoch=END  time_sec=19.7  acc_task0=52.1  acc_task1=9.7  acc_task2=12.95  acc_task3=40.0
[17:58:20] 
============================================================
 Task 5/5  | Classes (8, 10)
============================================================
[17:58:20] Task 4 baseline (chance): 10.00%
[17:58:21] Task 4 zero-shot (pre-train): 0.00%
[17:58:41] task=4  epoch=0  train_loss=3.6728
[17:58:44] task=4  epoch=END  time_sec=19.7  acc_task0=15.15  acc_task1=9.3  acc_task2=15.3  acc_task3=37.7  acc_task4=48.25
[17:58:44] 
Final Metrics:
  avg_accuracy         +25.1400
  forgetting           +33.1625
  backward_transfer    -33.1625
  forward_transfer     -15.7542
[17:58:45] 
Done - run: split_cifar10_agem_distill_nodistill_seed456
[17:58:45] Metrics: {'avg_accuracy': 25.14, 'forgetting': 33.1625, 'backward_transfer': -33.1625, 'forward_transfer': -15.7542}
