[17:55:00] Starting: split_cifar10_agem_distill_nodistill_seed123
[17:55:00] Config: {'dataset': 'split_cifar10', 'data_root': 'Project/data_local', 'model': 'slim_resnet18', 'pretrained': False, 'method': 'agem_distill', 'n_epochs': 1, 'batch_size': 32, 'num_workers': 0, 'lr': 0.03, 'momentum': 0.9, 'weight_decay': 0.0001, 'fp16': False, 'buffer_size': 200, 'ewc_lambda': 100.0, 'fisher_samples': 200, 'si_lambda': 1.0, 'si_xi': 0.1, 'der_alpha': 0.5, 'xder_beta': 0.5, 'lwf_lambda': 1.0, 'lwf_temp': 2.0, 'icarl_distill_w': 1.0, 'icarl_temp': 2.0, 'use_nmc': True, 'agem_mem_batch': 64, 'distill_lambda': 0.0, 'distill_temp': 2.0, 'pc_distill_w': 1.0, 'pc_ewc_lambda': 100.0, 'pc_compress_epochs': 3, 'er_replay_ratio': 0.5, 'joint_replay_epochs': 1, 'disable_tqdm': True, 'disable_checkpoints': False, 'disable_plots': False, 'seeds': [42, 123, 456], 'results_root': 'results_phase3_interactions_plots', 'checkpoint_dir': 'results/checkpoints', 'figure_dir': 'results_phase3_interactions_plots/figures', 'log_dir': 'results_phase3_interactions_plots/raw', 'run_tag': 'nodistill', 'run_name': 'split_cifar10_agem_distill_nodistill_seed123', 'seed': 123}
[17:55:00] Device: cuda
[17:55:01] Dataset: SplitCIFAR10(tasks=5, classes_per_task=2, scenario=class-il)
[17:55:01] 
============================================================
 Task 1/5  | Classes (0, 2)
============================================================
[17:55:01] Task 0 baseline (chance): 50.00%
[17:55:19] task=0  epoch=0  train_loss=1.1561
[17:55:20] task=0  epoch=END  time_sec=17.8  acc_task0=81.05
[17:55:20] 
============================================================
 Task 2/5  | Classes (2, 4)
============================================================
[17:55:20] Task 1 baseline (chance): 25.00%
[17:55:20] Task 1 zero-shot (pre-train): 4.75%
[17:55:40] task=1  epoch=0  train_loss=5.838
[17:55:41] task=1  epoch=END  time_sec=19.4  acc_task0=75.95  acc_task1=39.8
[17:55:41] 
============================================================
 Task 3/5  | Classes (4, 6)
============================================================
[17:55:41] Task 2 baseline (chance): 16.67%
[17:55:42] Task 2 zero-shot (pre-train): 0.05%
[17:56:02] task=2  epoch=0  train_loss=3.9804
[17:56:04] task=2  epoch=END  time_sec=19.5  acc_task0=44.75  acc_task1=10.5  acc_task2=50.55
[17:56:04] 
============================================================
 Task 4/5  | Classes (6, 8)
============================================================
[17:56:04] Task 3 baseline (chance): 12.50%
[17:56:05] Task 3 zero-shot (pre-train): 0.00%
[17:56:24] task=3  epoch=0  train_loss=3.4001
[17:56:27] task=3  epoch=END  time_sec=19.7  acc_task0=30.35  acc_task1=11.6  acc_task2=18.75  acc_task3=45.65
[17:56:27] 
============================================================
 Task 5/5  | Classes (8, 10)
============================================================
[17:56:27] Task 4 baseline (chance): 10.00%
[17:56:28] Task 4 zero-shot (pre-train): 0.00%
[17:56:47] task=4  epoch=0  train_loss=3.5912
[17:56:51] task=4  epoch=END  time_sec=19.6  acc_task0=25.8  acc_task1=8.55  acc_task2=21.2  acc_task3=44.8  acc_task4=38.85
[17:56:51] 
Final Metrics:
  avg_accuracy         +27.8400
  forgetting           +29.1750
  backward_transfer    -29.1750
  forward_transfer     -14.8417
[17:56:52] 
Done - run: split_cifar10_agem_distill_nodistill_seed123
[17:56:52] Metrics: {'avg_accuracy': 27.84, 'forgetting': 29.175, 'backward_transfer': -29.175, 'forward_transfer': -14.8417}
