[02:41:54] Starting: split_cifar10_si_der_seed789
[02:41:54] Config: {'dataset': 'split_cifar10', 'data_root': 'F:\\Temp\\cf\\Catastrophic Forgetting\\research_v2\\Project\\data_local', 'dataset_image_size': None, 'dataset_out_channels': None, 'model': 'slim_resnet18', 'pretrained': False, 'model_image_size': None, 'method': 'si_der', 'n_epochs': 1, 'batch_size': 32, 'num_workers': 0, 'lr': 0.03, 'momentum': 0.9, 'weight_decay': 0.0001, 'fp16': False, 'buffer_size': 200, 'ewc_lambda': 100.0, 'fisher_samples': 200, 'si_lambda': 1.0, 'si_xi': 0.1, 'der_alpha': 0.5, 'xder_beta': 0.5, 'lwf_lambda': 1.0, 'lwf_temp': 2.0, 'icarl_distill_w': 1.0, 'icarl_temp': 2.0, 'use_nmc': True, 'agem_mem_batch': 64, 'distill_lambda': 1.0, 'distill_temp': 2.0, 'pc_distill_w': 1.0, 'pc_ewc_lambda': 100.0, 'pc_compress_epochs': 3, 'er_replay_ratio': 0.5, 'joint_replay_epochs': 1, 'disable_tqdm': True, 'disable_checkpoints': False, 'disable_plots': False, 'resume': True, 'cleanup_checkpoints_on_success': True, 'result_group': 'runs', 'ablation_family': None, 'seeds': [42, 123, 456, 789, 1024], 'results_root': 'F:\\Temp\\cf\\Catastrophic Forgetting\\research_v2\\results', 'seed': 789, 'run_name': 'split_cifar10_si_der_seed789', 'project_root': 'F:\\Temp\\cf\\Catastrophic Forgetting\\research_v2\\Project', 'workspace_root': 'F:\\Temp\\cf\\Catastrophic Forgetting\\research_v2', 'run_root': 'F:\\Temp\\cf\\Catastrophic Forgetting\\research_v2\\results\\runs\\epoch_1\\split_cifar10\\hybrids\\si_der\\seed_789', 'log_dir': 'F:\\Temp\\cf\\Catastrophic Forgetting\\research_v2\\results\\runs\\epoch_1\\split_cifar10\\hybrids\\si_der\\seed_789\\logs', 'metrics_dir': 'F:\\Temp\\cf\\Catastrophic Forgetting\\research_v2\\results\\runs\\epoch_1\\split_cifar10\\hybrids\\si_der\\seed_789\\metrics', 'checkpoint_dir': 'F:\\Temp\\cf\\Catastrophic Forgetting\\research_v2\\results\\runs\\epoch_1\\split_cifar10\\hybrids\\si_der\\seed_789\\checkpoints', 'artifact_dir': 'F:\\Temp\\cf\\Catastrophic Forgetting\\research_v2\\results\\runs\\epoch_1\\split_cifar10\\hybrids\\si_der\\seed_789\\artifacts', 'figure_dir': 'F:\\Temp\\cf\\Catastrophic Forgetting\\research_v2\\results\\figures\\epoch_1\\split_cifar10\\hybrids\\si_der\\seed_789'}
[02:41:54] Device: cuda
[02:41:57] Dataset: SplitCIFAR10(tasks=5, classes_per_task=2, scenario=class-il)
[02:41:57] 
============================================================
 Task 1/5  | Classes (0, 2)
============================================================
[02:41:57] Task 0 baseline (chance): 50.00%
[02:42:25] task=0  epoch=0  train_loss=0.8606
[02:42:26] task=0  epoch=END  time_sec=28.2  acc_task0=85.8
[02:42:26] 
============================================================
 Task 2/5  | Classes (2, 4)
============================================================
[02:42:26] Task 1 baseline (chance): 25.00%
[02:42:27] Task 1 zero-shot (pre-train): 17.10%
[02:43:03] task=1  epoch=0  train_loss=0.7594
[02:43:05] task=1  epoch=END  time_sec=35.8  acc_task0=0.0  acc_task1=75.35
[02:43:05] 
============================================================
 Task 3/5  | Classes (4, 6)
============================================================
[02:43:05] Task 2 baseline (chance): 16.67%
[02:43:06] Task 2 zero-shot (pre-train): 0.00%
[02:43:41] task=2  epoch=0  train_loss=0.8254
[02:43:43] task=2  epoch=END  time_sec=34.8  acc_task0=0.0  acc_task1=0.0  acc_task2=79.8
[02:43:43] 
============================================================
 Task 4/5  | Classes (6, 8)
============================================================
[02:43:43] Task 3 baseline (chance): 12.50%
[02:43:44] Task 3 zero-shot (pre-train): 0.00%
[02:44:18] task=3  epoch=0  train_loss=1.0234
[02:44:21] task=3  epoch=END  time_sec=33.7  acc_task0=0.0  acc_task1=0.0  acc_task2=0.75  acc_task3=82.45
[02:44:21] 
============================================================
 Task 5/5  | Classes (8, 10)
============================================================
[02:44:21] Task 4 baseline (chance): 10.00%
[02:44:22] Task 4 zero-shot (pre-train): 0.00%
[02:44:57] task=4  epoch=0  train_loss=1.1736
[02:45:01] task=4  epoch=END  time_sec=35.0  acc_task0=0.0  acc_task1=0.0  acc_task2=0.0  acc_task3=0.0  acc_task4=87.05
[02:45:02] 
Final Metrics:
  avg_accuracy         +17.4100
  forgetting           +80.8500
  backward_transfer    -80.8500
  forward_transfer     -11.7667
[02:45:03] 
Done - run: split_cifar10_si_der_seed789
[02:45:03] Metrics: {'avg_accuracy': 17.41, 'forgetting': 80.85, 'backward_transfer': -80.85, 'forward_transfer': -11.7667}
[02:45:03] Deleted 5 checkpoint(s) after successful completion.
