[12:21:29] Starting: split_cifar10_der_buf200_seed123
[12:21:29] Config: {'dataset': 'split_cifar10', 'data_root': 'Project/data_local', 'model': 'slim_resnet18', 'pretrained': False, 'method': 'der', 'n_epochs': 1, 'batch_size': 32, 'num_workers': 0, 'lr': 0.03, 'momentum': 0.9, 'weight_decay': 0.0001, 'fp16': False, 'buffer_size': 200, 'ewc_lambda': 100.0, 'fisher_samples': 200, 'si_lambda': 1.0, 'si_xi': 0.1, 'der_alpha': 0.5, 'xder_beta': 0.5, 'lwf_lambda': 1.0, 'lwf_temp': 2.0, 'icarl_distill_w': 1.0, 'icarl_temp': 2.0, 'use_nmc': True, 'agem_mem_batch': 64, 'distill_lambda': 1.0, 'distill_temp': 2.0, 'pc_distill_w': 1.0, 'pc_ewc_lambda': 100.0, 'pc_compress_epochs': 3, 'er_replay_ratio': 0.5, 'joint_replay_epochs': 1, 'disable_tqdm': True, 'disable_checkpoints': True, 'disable_plots': True, 'seeds': [42, 123, 456, 789, 1024], 'results_root': 'd:\\Catastrophic Forgetting\\results_phase3_ablations', 'checkpoint_dir': 'results/checkpoints', 'figure_dir': 'd:\\Catastrophic Forgetting\\results_phase3_ablations\\figures', 'log_dir': 'd:\\Catastrophic Forgetting\\results_phase3_ablations\\raw', 'run_tag': 'buf200', 'run_name': 'split_cifar10_der_buf200_seed123', 'seed': 123}
[12:21:29] Device: cuda
[12:21:31] Dataset: SplitCIFAR10(tasks=5, classes_per_task=2, scenario=class-il)
[12:21:31] 
============================================================
 Task 1/5  | Classes (0, 2)
============================================================
[12:21:31] Task 0 baseline (chance): 50.00%
[12:21:53] task=0  epoch=0  train_loss=0.9823
[12:21:53] task=0  epoch=END  time_sec=21.8  acc_task0=85.45
[12:21:53] 
============================================================
 Task 2/5  | Classes (2, 4)
============================================================
[12:21:53] Task 1 baseline (chance): 25.00%
[12:21:54] Task 1 zero-shot (pre-train): 8.60%
[12:22:16] task=1  epoch=0  train_loss=0.8337
[12:22:18] task=1  epoch=END  time_sec=21.7  acc_task0=0.0  acc_task1=73.65
[12:22:18] 
============================================================
 Task 3/5  | Classes (4, 6)
============================================================
[12:22:18] Task 2 baseline (chance): 16.67%
[12:22:19] Task 2 zero-shot (pre-train): 0.00%
[12:22:41] task=2  epoch=0  train_loss=0.9333
[12:22:43] task=2  epoch=END  time_sec=21.7  acc_task0=0.0  acc_task1=0.0  acc_task2=79.3
[12:22:43] 
============================================================
 Task 4/5  | Classes (6, 8)
============================================================
[12:22:43] Task 3 baseline (chance): 12.50%
[12:22:44] Task 3 zero-shot (pre-train): 0.00%
[12:23:06] task=3  epoch=0  train_loss=1.0651
[12:23:09] task=3  epoch=END  time_sec=21.7  acc_task0=0.0  acc_task1=0.0  acc_task2=0.0  acc_task3=85.3
[12:23:10] 
============================================================
 Task 5/5  | Classes (8, 10)
============================================================
[12:23:10] Task 4 baseline (chance): 10.00%
[12:23:10] Task 4 zero-shot (pre-train): 0.00%
[12:23:32] task=4  epoch=0  train_loss=1.1415
[12:23:37] task=4  epoch=END  time_sec=21.7  acc_task0=0.0  acc_task1=0.0  acc_task2=0.0  acc_task3=0.0  acc_task4=87.7
[12:23:37] 
Final Metrics:
  avg_accuracy         +17.5400
  forgetting           +80.9250
  backward_transfer    -80.9250
  forward_transfer     -13.8917
[12:23:37] 
Done - run: split_cifar10_der_buf200_seed123
[12:23:37] Metrics: {'avg_accuracy': 17.54, 'forgetting': 80.925, 'backward_transfer': -80.925, 'forward_transfer': -13.8917}
