[12:27:52] Starting: split_cifar10_der_buf200_seed1024
[12:27:52] Config: {'dataset': 'split_cifar10', 'data_root': 'Project/data_local', 'model': 'slim_resnet18', 'pretrained': False, 'method': 'der', 'n_epochs': 1, 'batch_size': 32, 'num_workers': 0, 'lr': 0.03, 'momentum': 0.9, 'weight_decay': 0.0001, 'fp16': False, 'buffer_size': 200, 'ewc_lambda': 100.0, 'fisher_samples': 200, 'si_lambda': 1.0, 'si_xi': 0.1, 'der_alpha': 0.5, 'xder_beta': 0.5, 'lwf_lambda': 1.0, 'lwf_temp': 2.0, 'icarl_distill_w': 1.0, 'icarl_temp': 2.0, 'use_nmc': True, 'agem_mem_batch': 64, 'distill_lambda': 1.0, 'distill_temp': 2.0, 'pc_distill_w': 1.0, 'pc_ewc_lambda': 100.0, 'pc_compress_epochs': 3, 'er_replay_ratio': 0.5, 'joint_replay_epochs': 1, 'disable_tqdm': True, 'disable_checkpoints': True, 'disable_plots': True, 'seeds': [42, 123, 456, 789, 1024], 'results_root': 'd:\\Catastrophic Forgetting\\results_phase3_ablations', 'checkpoint_dir': 'results/checkpoints', 'figure_dir': 'd:\\Catastrophic Forgetting\\results_phase3_ablations\\figures', 'log_dir': 'd:\\Catastrophic Forgetting\\results_phase3_ablations\\raw', 'run_tag': 'buf200', 'run_name': 'split_cifar10_der_buf200_seed1024', 'seed': 1024}
[12:27:52] Device: cuda
[12:27:53] Dataset: SplitCIFAR10(tasks=5, classes_per_task=2, scenario=class-il)
[12:27:53] 
============================================================
 Task 1/5  | Classes (0, 2)
============================================================
[12:27:53] Task 0 baseline (chance): 50.00%
[12:28:15] task=0  epoch=0  train_loss=0.7338
[12:28:16] task=0  epoch=END  time_sec=21.7  acc_task0=86.5
[12:28:16] 
============================================================
 Task 2/5  | Classes (2, 4)
============================================================
[12:28:16] Task 1 baseline (chance): 25.00%
[12:28:17] Task 1 zero-shot (pre-train): 0.00%
[12:28:38] task=1  epoch=0  train_loss=0.7637
[12:28:40] task=1  epoch=END  time_sec=21.6  acc_task0=0.0  acc_task1=73.9
[12:28:40] 
============================================================
 Task 3/5  | Classes (4, 6)
============================================================
[12:28:40] Task 2 baseline (chance): 16.67%
[12:28:41] Task 2 zero-shot (pre-train): 0.00%
[12:29:03] task=2  epoch=0  train_loss=0.8501
[12:29:06] task=2  epoch=END  time_sec=21.6  acc_task0=0.0  acc_task1=0.0  acc_task2=78.55
[12:29:06] 
============================================================
 Task 4/5  | Classes (6, 8)
============================================================
[12:29:06] Task 3 baseline (chance): 12.50%
[12:29:06] Task 3 zero-shot (pre-train): 0.00%
[12:29:28] task=3  epoch=0  train_loss=0.9395
[12:29:32] task=3  epoch=END  time_sec=21.7  acc_task0=0.0  acc_task1=0.0  acc_task2=0.0  acc_task3=85.55
[12:29:32] 
============================================================
 Task 5/5  | Classes (8, 10)
============================================================
[12:29:32] Task 4 baseline (chance): 10.00%
[12:29:33] Task 4 zero-shot (pre-train): 0.00%
[12:29:54] task=4  epoch=0  train_loss=1.6152
[12:29:59] task=4  epoch=END  time_sec=21.7  acc_task0=0.0  acc_task1=0.0  acc_task2=0.0  acc_task3=0.0  acc_task4=80.35
[12:29:59] 
Final Metrics:
  avg_accuracy         +16.0700
  forgetting           +81.1250
  backward_transfer    -81.1250
  forward_transfer     -16.0417
[12:29:59] 
Done - run: split_cifar10_der_buf200_seed1024
[12:29:59] Metrics: {'avg_accuracy': 16.07, 'forgetting': 81.125, 'backward_transfer': -81.125, 'forward_transfer': -16.0417}
