[06:39:57] Starting: split_mini_imagenet_agem_distill_seed42
[06:39:57] Config: {'dataset': 'split_mini_imagenet', 'data_root': 'F:\\Temp\\cf\\Catastrophic Forgetting\\research_v2\\Project\\data_local\\mini-imagenet', 'dataset_image_size': None, 'dataset_out_channels': None, 'model': 'slim_resnet18', 'pretrained': False, 'model_image_size': None, 'method': 'agem_distill', 'n_epochs': 1, 'batch_size': 32, 'num_workers': 0, 'lr': 0.03, 'momentum': 0.9, 'weight_decay': 0.0001, 'fp16': True, 'buffer_size': 200, 'ewc_lambda': 100.0, 'fisher_samples': 200, 'si_lambda': 1.0, 'si_xi': 0.1, 'der_alpha': 0.5, 'xder_beta': 0.5, 'lwf_lambda': 1.0, 'lwf_temp': 2.0, 'icarl_distill_w': 1.0, 'icarl_temp': 2.0, 'use_nmc': True, 'agem_mem_batch': 64, 'distill_lambda': 1.0, 'distill_temp': 2.0, 'pc_distill_w': 1.0, 'pc_ewc_lambda': 100.0, 'pc_compress_epochs': 3, 'er_replay_ratio': 0.5, 'joint_replay_epochs': 1, 'disable_tqdm': True, 'disable_checkpoints': False, 'disable_plots': False, 'resume': True, 'cleanup_checkpoints_on_success': True, 'result_group': 'runs', 'ablation_family': None, 'seeds': [42, 123, 456, 789, 1024], 'results_root': 'F:\\Temp\\cf\\Catastrophic Forgetting\\research_v2\\results', 'seed': 42, 'run_name': 'split_mini_imagenet_agem_distill_seed42', 'project_root': 'F:\\Temp\\cf\\Catastrophic Forgetting\\research_v2\\Project', 'workspace_root': 'F:\\Temp\\cf\\Catastrophic Forgetting\\research_v2', 'run_root': 'F:\\Temp\\cf\\Catastrophic Forgetting\\research_v2\\results\\runs\\epoch_1\\split_mini_imagenet\\hybrids\\agem_distill\\seed_42', 'log_dir': 'F:\\Temp\\cf\\Catastrophic Forgetting\\research_v2\\results\\runs\\epoch_1\\split_mini_imagenet\\hybrids\\agem_distill\\seed_42\\logs', 'metrics_dir': 'F:\\Temp\\cf\\Catastrophic Forgetting\\research_v2\\results\\runs\\epoch_1\\split_mini_imagenet\\hybrids\\agem_distill\\seed_42\\metrics', 'checkpoint_dir': 'F:\\Temp\\cf\\Catastrophic Forgetting\\research_v2\\results\\runs\\epoch_1\\split_mini_imagenet\\hybrids\\agem_distill\\seed_42\\checkpoints', 'artifact_dir': 'F:\\Temp\\cf\\Catastrophic Forgetting\\research_v2\\results\\runs\\epoch_1\\split_mini_imagenet\\hybrids\\agem_distill\\seed_42\\artifacts', 'figure_dir': 'F:\\Temp\\cf\\Catastrophic Forgetting\\research_v2\\results\\figures\\epoch_1\\split_mini_imagenet\\hybrids\\agem_distill\\seed_42'}
[06:39:57] Device: cuda
[06:39:59] Dataset: SplitMiniImageNet(tasks=20, classes_per_task=5, scenario=class-il)
[06:39:59] 
============================================================
 Task 1/20  | Classes (0, 5)
============================================================
[06:39:59] Task 0 baseline (chance): 20.00%
[06:40:12] task=0  epoch=0  train_loss=1.705
[06:40:15] task=0  epoch=END  time_sec=12.7  acc_task0=31.0
[06:40:15] 
============================================================
 Task 2/20  | Classes (5, 10)
============================================================
[06:40:15] Task 1 baseline (chance): 10.00%
[06:40:18] Task 1 zero-shot (pre-train): 0.00%
[06:40:43] task=1  epoch=0  train_loss=1.611
[06:40:48] task=1  epoch=END  time_sec=24.9  acc_task0=0.0  acc_task1=55.67
[06:40:48] 
============================================================
 Task 3/20  | Classes (10, 15)
============================================================
[06:40:48] Task 2 baseline (chance): 6.67%
[06:40:50] Task 2 zero-shot (pre-train): 0.00%
[06:41:13] task=2  epoch=0  train_loss=1.8294
[06:41:20] task=2  epoch=END  time_sec=22.9  acc_task0=0.0  acc_task1=0.0  acc_task2=41.67
[06:41:20] 
============================================================
 Task 4/20  | Classes (15, 20)
============================================================
[06:41:20] Task 3 baseline (chance): 5.00%
[06:41:22] Task 3 zero-shot (pre-train): 0.00%
[06:41:46] task=3  epoch=0  train_loss=2.2538
[06:41:54] task=3  epoch=END  time_sec=23.5  acc_task0=0.0  acc_task1=0.0  acc_task2=0.0  acc_task3=34.5
[06:41:54] 
============================================================
 Task 5/20  | Classes (20, 25)
============================================================
[06:41:54] Task 4 baseline (chance): 4.00%
[06:41:57] Task 4 zero-shot (pre-train): 0.00%
[06:42:20] task=4  epoch=0  train_loss=2.5495
[06:42:31] task=4  epoch=END  time_sec=23.3  acc_task0=0.0  acc_task1=0.0  acc_task2=0.0  acc_task3=0.0  acc_task4=23.67
[06:42:31] 
============================================================
 Task 6/20  | Classes (25, 30)
============================================================
[06:42:31] Task 5 baseline (chance): 3.33%
[06:42:33] Task 5 zero-shot (pre-train): 0.00%
[06:42:57] task=5  epoch=0  train_loss=2.8182
[06:43:11] task=5  epoch=END  time_sec=23.7  acc_task0=0.0  acc_task1=0.0  acc_task2=0.0  acc_task3=0.0  acc_task4=0.0  acc_task5=35.5
[06:43:11] 
============================================================
 Task 7/20  | Classes (30, 35)
============================================================
[06:43:11] Task 6 baseline (chance): 2.86%
[06:43:13] Task 6 zero-shot (pre-train): 0.00%
[06:43:40] task=6  epoch=0  train_loss=3.1528
[06:43:54] task=6  epoch=END  time_sec=26.0  acc_task0=0.0  acc_task1=0.0  acc_task2=0.0  acc_task3=0.0  acc_task4=0.0  acc_task5=0.0  acc_task6=32.83
[06:43:54] 
============================================================
 Task 8/20  | Classes (35, 40)
============================================================
[06:43:54] Task 7 baseline (chance): 2.50%
[06:43:57] Task 7 zero-shot (pre-train): 0.00%
[06:44:22] task=7  epoch=0  train_loss=3.7782
[06:44:39] task=7  epoch=END  time_sec=25.5  acc_task0=0.0  acc_task1=0.0  acc_task2=0.0  acc_task3=0.0  acc_task4=0.0  acc_task5=0.0  acc_task6=0.17  acc_task7=34.33
[06:44:39] 
============================================================
 Task 9/20  | Classes (40, 45)
============================================================
[06:44:39] Task 8 baseline (chance): 2.22%
[06:44:42] Task 8 zero-shot (pre-train): 0.00%
[06:45:09] task=8  epoch=0  train_loss=3.4343
[06:45:28] task=8  epoch=END  time_sec=26.5  acc_task0=0.0  acc_task1=0.0  acc_task2=0.0  acc_task3=0.0  acc_task4=0.0  acc_task5=0.0  acc_task6=0.0  acc_task7=0.0  acc_task8=42.0
[06:45:28] 
============================================================
 Task 10/20  | Classes (45, 50)
============================================================
[06:45:28] Task 9 baseline (chance): 2.00%
[06:45:30] Task 9 zero-shot (pre-train): 0.00%
[06:45:54] task=9  epoch=0  train_loss=3.27
[06:46:16] task=9  epoch=END  time_sec=24.2  acc_task0=0.0  acc_task1=0.0  acc_task2=0.0  acc_task3=0.0  acc_task4=0.0  acc_task5=0.0  acc_task6=0.0  acc_task7=0.0  acc_task8=0.0  acc_task9=23.33
[06:46:16] 
============================================================
 Task 11/20  | Classes (50, 55)
============================================================
[06:46:16] Task 10 baseline (chance): 1.82%
[06:46:19] Task 10 zero-shot (pre-train): 0.00%
[06:46:43] task=10  epoch=0  train_loss=3.3417
[06:47:06] task=10  epoch=END  time_sec=24.4  acc_task0=0.0  acc_task1=0.0  acc_task2=0.0  acc_task3=0.0  acc_task4=0.0  acc_task5=0.0  acc_task6=0.0  acc_task7=0.0  acc_task8=0.0  acc_task9=0.0  acc_task10=27.5
[06:47:06] 
============================================================
 Task 12/20  | Classes (55, 60)
============================================================
[06:47:06] Task 11 baseline (chance): 1.67%
[06:47:09] Task 11 zero-shot (pre-train): 0.00%
[06:47:34] task=11  epoch=0  train_loss=3.5803
[06:48:00] task=11  epoch=END  time_sec=25.0  acc_task0=0.0  acc_task1=0.0  acc_task2=0.0  acc_task3=0.0  acc_task4=0.0  acc_task5=0.0  acc_task6=0.0  acc_task7=0.0  acc_task8=0.0  acc_task9=0.0  acc_task10=0.0  acc_task11=31.0
[06:48:00] 
============================================================
 Task 13/20  | Classes (60, 65)
============================================================
[06:48:00] Task 12 baseline (chance): 1.54%
[06:48:02] Task 12 zero-shot (pre-train): 0.00%
[06:48:27] task=12  epoch=0  train_loss=3.262
[06:48:54] task=12  epoch=END  time_sec=24.7  acc_task0=0.0  acc_task1=0.0  acc_task2=0.0  acc_task3=0.0  acc_task4=0.0  acc_task5=0.0  acc_task6=0.0  acc_task7=0.0  acc_task8=0.0  acc_task9=0.0  acc_task10=0.0  acc_task11=0.0  acc_task12=32.67
[06:48:54] 
============================================================
 Task 14/20  | Classes (65, 70)
============================================================
[06:48:54] Task 13 baseline (chance): 1.43%
[06:48:57] Task 13 zero-shot (pre-train): 0.00%
[06:49:22] task=13  epoch=0  train_loss=3.6056
[06:49:53] task=13  epoch=END  time_sec=24.9  acc_task0=0.0  acc_task1=0.0  acc_task2=0.0  acc_task3=0.0  acc_task4=0.0  acc_task5=0.0  acc_task6=0.0  acc_task7=0.0  acc_task8=0.0  acc_task9=0.0  acc_task10=0.0  acc_task11=0.0  acc_task12=0.0  acc_task13=23.33
[06:49:53] 
============================================================
 Task 15/20  | Classes (70, 75)
============================================================
[06:49:53] Task 14 baseline (chance): 1.33%
[06:49:55] Task 14 zero-shot (pre-train): 0.00%
[06:50:20] task=14  epoch=0  train_loss=4.4108
[06:50:51] task=14  epoch=END  time_sec=25.0  acc_task0=0.0  acc_task1=0.0  acc_task2=0.0  acc_task3=0.0  acc_task4=0.0  acc_task5=0.0  acc_task6=0.0  acc_task7=0.0  acc_task8=0.0  acc_task9=0.0  acc_task10=0.0  acc_task11=0.0  acc_task12=0.0  acc_task13=0.0  acc_task14=41.5
[06:50:51] 
============================================================
 Task 16/20  | Classes (75, 80)
============================================================
[06:50:51] Task 15 baseline (chance): 1.25%
[06:50:54] Task 15 zero-shot (pre-train): 0.00%
[06:51:21] task=15  epoch=0  train_loss=4.0495
[06:51:55] task=15  epoch=END  time_sec=26.8  acc_task0=0.0  acc_task1=0.0  acc_task2=0.0  acc_task3=0.0  acc_task4=0.0  acc_task5=0.0  acc_task6=0.0  acc_task7=0.0  acc_task8=0.0  acc_task9=0.0  acc_task10=0.0  acc_task11=0.0  acc_task12=0.0  acc_task13=0.0  acc_task14=0.0  acc_task15=32.33
[06:51:55] 
============================================================
 Task 17/20  | Classes (80, 85)
============================================================
[06:51:55] Task 16 baseline (chance): 1.18%
[06:51:57] Task 16 zero-shot (pre-train): 0.00%
[06:52:23] task=16  epoch=0  train_loss=4.2422
[06:53:06] task=16  epoch=END  time_sec=25.5  acc_task0=0.0  acc_task1=0.0  acc_task2=0.0  acc_task3=0.0  acc_task4=0.0  acc_task5=0.0  acc_task6=0.0  acc_task7=0.0  acc_task8=0.0  acc_task9=0.0  acc_task10=0.0  acc_task11=0.0  acc_task12=0.0  acc_task13=0.0  acc_task14=0.0  acc_task15=0.0  acc_task16=38.5
[06:53:06] 
============================================================
 Task 18/20  | Classes (85, 90)
============================================================
[06:53:06] Task 17 baseline (chance): 1.11%
[06:53:09] Task 17 zero-shot (pre-train): 0.00%
[06:53:34] task=17  epoch=0  train_loss=3.7548
[06:54:19] task=17  epoch=END  time_sec=25.1  acc_task0=0.0  acc_task1=0.0  acc_task2=0.0  acc_task3=0.0  acc_task4=0.0  acc_task5=0.0  acc_task6=0.0  acc_task7=0.0  acc_task8=0.0  acc_task9=0.0  acc_task10=0.0  acc_task11=0.0  acc_task12=0.0  acc_task13=0.0  acc_task14=0.0  acc_task15=0.0  acc_task16=0.0  acc_task17=31.5
[06:54:19] 
============================================================
 Task 19/20  | Classes (90, 95)
============================================================
[06:54:19] Task 18 baseline (chance): 1.05%
[06:54:22] Task 18 zero-shot (pre-train): 0.00%
[06:54:47] task=18  epoch=0  train_loss=4.3078
[06:55:34] task=18  epoch=END  time_sec=25.2  acc_task0=0.0  acc_task1=0.0  acc_task2=0.0  acc_task3=0.0  acc_task4=0.0  acc_task5=0.0  acc_task6=0.0  acc_task7=0.0  acc_task8=0.0  acc_task9=0.0  acc_task10=0.0  acc_task11=0.0  acc_task12=0.0  acc_task13=0.0  acc_task14=0.0  acc_task15=0.0  acc_task16=0.0  acc_task17=0.0  acc_task18=31.17
[06:55:34] 
============================================================
 Task 20/20  | Classes (95, 100)
============================================================
[06:55:34] Task 19 baseline (chance): 1.00%
[06:55:37] Task 19 zero-shot (pre-train): 0.00%
[06:56:06] task=19  epoch=0  train_loss=4.2771
[06:56:56] task=19  epoch=END  time_sec=28.8  acc_task0=0.0  acc_task1=0.0  acc_task2=0.0  acc_task3=0.0  acc_task4=0.0  acc_task5=0.0  acc_task6=0.0  acc_task7=0.0  acc_task8=0.0  acc_task9=0.0  acc_task10=0.0  acc_task11=0.0  acc_task12=0.0  acc_task13=0.0  acc_task14=0.0  acc_task15=0.0  acc_task16=0.0  acc_task17=0.0  acc_task18=0.0  acc_task19=47.67
[06:56:56] 
Final Metrics:
  avg_accuracy         +2.3833
  forgetting           +33.8947
  backward_transfer    -33.8947
  forward_transfer     -2.7345
[06:56:57] 
Done - run: split_mini_imagenet_agem_distill_seed42
[06:56:57] Metrics: {'avg_accuracy': 2.3833, 'forgetting': 33.8947, 'backward_transfer': -33.8947, 'forward_transfer': -2.7345}
[06:56:57] Deleted 20 checkpoint(s) after successful completion.
