[10:32:02] Starting: split_mini_imagenet_er_ewc_seed789
[10:32:02] Config: {'dataset': 'split_mini_imagenet', 'data_root': 'F:\\Temp\\cf\\Catastrophic Forgetting\\research_v2\\Project\\data_local\\mini-imagenet', 'dataset_image_size': None, 'dataset_out_channels': None, 'model': 'slim_resnet18', 'pretrained': False, 'model_image_size': None, 'method': 'er_ewc', 'n_epochs': 1, 'batch_size': 32, 'num_workers': 0, 'lr': 0.03, 'momentum': 0.9, 'weight_decay': 0.0001, 'fp16': True, 'buffer_size': 200, 'ewc_lambda': 100.0, 'fisher_samples': 200, 'si_lambda': 1.0, 'si_xi': 0.1, 'der_alpha': 0.5, 'xder_beta': 0.5, 'lwf_lambda': 1.0, 'lwf_temp': 2.0, 'icarl_distill_w': 1.0, 'icarl_temp': 2.0, 'use_nmc': True, 'agem_mem_batch': 64, 'distill_lambda': 1.0, 'distill_temp': 2.0, 'pc_distill_w': 1.0, 'pc_ewc_lambda': 100.0, 'pc_compress_epochs': 3, 'er_replay_ratio': 0.5, 'joint_replay_epochs': 1, 'disable_tqdm': True, 'disable_checkpoints': False, 'disable_plots': False, 'resume': True, 'cleanup_checkpoints_on_success': True, 'result_group': 'runs', 'ablation_family': None, 'seeds': [42, 123, 456, 789, 1024], 'results_root': 'F:\\Temp\\cf\\Catastrophic Forgetting\\research_v2\\results', 'seed': 789, 'run_name': 'split_mini_imagenet_er_ewc_seed789', 'project_root': 'F:\\Temp\\cf\\Catastrophic Forgetting\\research_v2\\Project', 'workspace_root': 'F:\\Temp\\cf\\Catastrophic Forgetting\\research_v2', 'run_root': 'F:\\Temp\\cf\\Catastrophic Forgetting\\research_v2\\results\\runs\\epoch_1\\split_mini_imagenet\\hybrids\\er_ewc\\seed_789', 'log_dir': 'F:\\Temp\\cf\\Catastrophic Forgetting\\research_v2\\results\\runs\\epoch_1\\split_mini_imagenet\\hybrids\\er_ewc\\seed_789\\logs', 'metrics_dir': 'F:\\Temp\\cf\\Catastrophic Forgetting\\research_v2\\results\\runs\\epoch_1\\split_mini_imagenet\\hybrids\\er_ewc\\seed_789\\metrics', 'checkpoint_dir': 'F:\\Temp\\cf\\Catastrophic Forgetting\\research_v2\\results\\runs\\epoch_1\\split_mini_imagenet\\hybrids\\er_ewc\\seed_789\\checkpoints', 'artifact_dir': 'F:\\Temp\\cf\\Catastrophic Forgetting\\research_v2\\results\\runs\\epoch_1\\split_mini_imagenet\\hybrids\\er_ewc\\seed_789\\artifacts', 'figure_dir': 'F:\\Temp\\cf\\Catastrophic Forgetting\\research_v2\\results\\figures\\epoch_1\\split_mini_imagenet\\hybrids\\er_ewc\\seed_789'}
[10:32:02] Device: cuda
[10:32:04] Dataset: SplitMiniImageNet(tasks=20, classes_per_task=5, scenario=class-il)
[10:32:04] 
============================================================
 Task 1/20  | Classes (0, 5)
============================================================
[10:32:04] Task 0 baseline (chance): 20.00%
[10:32:21] task=0  epoch=0  train_loss=1.5812
[10:32:25] task=0  epoch=END  time_sec=17.0  acc_task0=31.83
[10:32:25] 
============================================================
 Task 2/20  | Classes (5, 10)
============================================================
[10:32:25] Task 1 baseline (chance): 10.00%
[10:32:28] Task 1 zero-shot (pre-train): 0.00%
[10:32:44] task=1  epoch=0  train_loss=1.8377
[10:32:50] task=1  epoch=END  time_sec=15.7  acc_task0=0.0  acc_task1=53.33
[10:32:50] 
============================================================
 Task 3/20  | Classes (10, 15)
============================================================
[10:32:50] Task 2 baseline (chance): 6.67%
[10:32:52] Task 2 zero-shot (pre-train): 0.00%
[10:33:08] task=2  epoch=0  train_loss=2.1261
[10:33:16] task=2  epoch=END  time_sec=16.1  acc_task0=1.17  acc_task1=13.67  acc_task2=37.17
[10:33:16] 
============================================================
 Task 4/20  | Classes (15, 20)
============================================================
[10:33:16] Task 3 baseline (chance): 5.00%
[10:33:19] Task 3 zero-shot (pre-train): 0.00%
[10:33:38] task=3  epoch=0  train_loss=2.3497
[10:33:49] task=3  epoch=END  time_sec=18.8  acc_task0=0.0  acc_task1=14.17  acc_task2=11.83  acc_task3=34.0
[10:33:50] 
============================================================
 Task 5/20  | Classes (20, 25)
============================================================
[10:33:50] Task 4 baseline (chance): 4.00%
[10:33:53] Task 4 zero-shot (pre-train): 0.00%
[10:34:13] task=4  epoch=0  train_loss=2.465
[10:34:27] task=4  epoch=END  time_sec=20.6  acc_task0=0.0  acc_task1=9.17  acc_task2=10.17  acc_task3=0.0  acc_task4=33.33
[10:34:28] 
============================================================
 Task 6/20  | Classes (25, 30)
============================================================
[10:34:28] Task 5 baseline (chance): 3.33%
[10:34:31] Task 5 zero-shot (pre-train): 0.00%
[10:34:51] task=5  epoch=0  train_loss=2.4326
[10:35:06] task=5  epoch=END  time_sec=20.6  acc_task0=0.0  acc_task1=13.0  acc_task2=0.0  acc_task3=4.5  acc_task4=0.0  acc_task5=50.5
[10:35:07] 
============================================================
 Task 7/20  | Classes (30, 35)
============================================================
[10:35:07] Task 6 baseline (chance): 2.86%
[10:35:10] Task 6 zero-shot (pre-train): 0.00%
[10:35:29] task=6  epoch=0  train_loss=2.5575
[10:35:48] task=6  epoch=END  time_sec=19.3  acc_task0=0.0  acc_task1=2.67  acc_task2=1.83  acc_task3=0.0  acc_task4=0.0  acc_task5=4.17  acc_task6=46.33
[10:35:49] 
============================================================
 Task 8/20  | Classes (35, 40)
============================================================
[10:35:49] Task 7 baseline (chance): 2.50%
[10:35:51] Task 7 zero-shot (pre-train): 0.00%
[10:36:15] task=7  epoch=0  train_loss=2.5996
[10:36:36] task=7  epoch=END  time_sec=23.3  acc_task0=0.5  acc_task1=6.83  acc_task2=1.67  acc_task3=0.0  acc_task4=0.0  acc_task5=7.5  acc_task6=4.0  acc_task7=41.33
[10:36:36] 
============================================================
 Task 9/20  | Classes (40, 45)
============================================================
[10:36:36] Task 8 baseline (chance): 2.22%
[10:36:39] Task 8 zero-shot (pre-train): 0.00%
[10:37:03] task=8  epoch=0  train_loss=2.6265
[10:37:29] task=8  epoch=END  time_sec=23.7  acc_task0=0.0  acc_task1=1.83  acc_task2=0.0  acc_task3=0.0  acc_task4=0.0  acc_task5=1.83  acc_task6=1.0  acc_task7=0.0  acc_task8=57.0
[10:37:31] 
============================================================
 Task 10/20  | Classes (45, 50)
============================================================
[10:37:31] Task 9 baseline (chance): 2.00%
[10:37:34] Task 9 zero-shot (pre-train): 0.00%
[10:37:57] task=9  epoch=0  train_loss=2.8933
[10:38:25] task=9  epoch=END  time_sec=22.9  acc_task0=1.33  acc_task1=4.17  acc_task2=3.5  acc_task3=0.0  acc_task4=0.0  acc_task5=2.33  acc_task6=9.33  acc_task7=0.0  acc_task8=0.0  acc_task9=34.0
[10:38:26] 
============================================================
 Task 11/20  | Classes (50, 55)
============================================================
[10:38:26] Task 10 baseline (chance): 1.82%
[10:38:30] Task 10 zero-shot (pre-train): 0.00%
[10:38:57] task=10  epoch=0  train_loss=2.9134
[10:39:29] task=10  epoch=END  time_sec=27.1  acc_task0=2.17  acc_task1=0.83  acc_task2=0.0  acc_task3=0.0  acc_task4=0.0  acc_task5=1.67  acc_task6=10.0  acc_task7=0.0  acc_task8=0.0  acc_task9=0.0  acc_task10=44.67
[10:39:30] 
============================================================
 Task 12/20  | Classes (55, 60)
============================================================
[10:39:30] Task 11 baseline (chance): 1.67%
[10:39:33] Task 11 zero-shot (pre-train): 0.00%
[10:40:05] task=11  epoch=0  train_loss=2.8854
[10:40:45] task=11  epoch=END  time_sec=32.4  acc_task0=0.33  acc_task1=6.67  acc_task2=0.0  acc_task3=0.0  acc_task4=0.0  acc_task5=7.33  acc_task6=10.33  acc_task7=0.0  acc_task8=0.0  acc_task9=0.0  acc_task10=0.0  acc_task11=33.5
[10:40:46] 
============================================================
 Task 13/20  | Classes (60, 65)
============================================================
[10:40:46] Task 12 baseline (chance): 1.54%
[10:40:49] Task 12 zero-shot (pre-train): 0.00%
[10:41:19] task=12  epoch=0  train_loss=2.9491
[10:41:58] task=12  epoch=END  time_sec=30.2  acc_task0=0.0  acc_task1=3.0  acc_task2=0.0  acc_task3=0.0  acc_task4=0.0  acc_task5=1.33  acc_task6=12.5  acc_task7=0.0  acc_task8=0.0  acc_task9=0.0  acc_task10=0.0  acc_task11=0.0  acc_task12=35.67
[10:41:59] 
============================================================
 Task 14/20  | Classes (65, 70)
============================================================
[10:41:59] Task 13 baseline (chance): 1.43%
[10:42:02] Task 13 zero-shot (pre-train): 0.00%
[10:42:34] task=13  epoch=0  train_loss=2.9895
[10:43:18] task=13  epoch=END  time_sec=31.1  acc_task0=0.0  acc_task1=2.0  acc_task2=1.33  acc_task3=0.0  acc_task4=0.0  acc_task5=0.33  acc_task6=17.67  acc_task7=0.0  acc_task8=0.17  acc_task9=0.0  acc_task10=0.0  acc_task11=0.0  acc_task12=2.5  acc_task13=39.0
[10:43:19] 
============================================================
 Task 15/20  | Classes (70, 75)
============================================================
[10:43:19] Task 14 baseline (chance): 1.33%
[10:43:22] Task 14 zero-shot (pre-train): 0.00%
[10:43:55] task=14  epoch=0  train_loss=2.9774
[10:44:37] task=14  epoch=END  time_sec=32.7  acc_task0=0.67  acc_task1=4.0  acc_task2=0.0  acc_task3=0.0  acc_task4=0.0  acc_task5=0.67  acc_task6=9.0  acc_task7=0.0  acc_task8=3.5  acc_task9=0.0  acc_task10=0.0  acc_task11=0.0  acc_task12=0.0  acc_task13=0.0  acc_task14=58.67
[10:44:39] 
============================================================
 Task 16/20  | Classes (75, 80)
============================================================
[10:44:39] Task 15 baseline (chance): 1.25%
[10:44:43] Task 15 zero-shot (pre-train): 0.00%
[10:45:17] task=15  epoch=0  train_loss=2.9411
[10:46:06] task=15  epoch=END  time_sec=34.6  acc_task0=0.0  acc_task1=1.0  acc_task2=0.17  acc_task3=0.0  acc_task4=0.0  acc_task5=3.67  acc_task6=2.17  acc_task7=0.0  acc_task8=0.0  acc_task9=0.0  acc_task10=0.33  acc_task11=0.0  acc_task12=0.0  acc_task13=0.0  acc_task14=0.67  acc_task15=52.67
[10:46:07] 
============================================================
 Task 17/20  | Classes (80, 85)
============================================================
[10:46:07] Task 16 baseline (chance): 1.18%
[10:46:10] Task 16 zero-shot (pre-train): 0.00%
[10:46:46] task=16  epoch=0  train_loss=2.9438
[10:47:36] task=16  epoch=END  time_sec=35.2  acc_task0=0.0  acc_task1=7.0  acc_task2=0.5  acc_task3=4.67  acc_task4=0.0  acc_task5=0.33  acc_task6=5.67  acc_task7=0.0  acc_task8=0.0  acc_task9=0.0  acc_task10=0.0  acc_task11=0.17  acc_task12=0.17  acc_task13=0.0  acc_task14=0.0  acc_task15=1.83  acc_task16=57.0
[10:47:37] 
============================================================
 Task 18/20  | Classes (85, 90)
============================================================
[10:47:37] Task 17 baseline (chance): 1.11%
[10:47:40] Task 17 zero-shot (pre-train): 0.00%
[10:48:20] task=17  epoch=0  train_loss=3.0609
[10:49:14] task=17  epoch=END  time_sec=39.6  acc_task0=0.0  acc_task1=6.17  acc_task2=0.33  acc_task3=0.17  acc_task4=0.0  acc_task5=0.33  acc_task6=5.67  acc_task7=0.0  acc_task8=0.17  acc_task9=0.0  acc_task10=0.0  acc_task11=0.0  acc_task12=0.5  acc_task13=0.0  acc_task14=0.0  acc_task15=1.0  acc_task16=3.67  acc_task17=43.0
[10:49:16] 
============================================================
 Task 19/20  | Classes (90, 95)
============================================================
[10:49:16] Task 18 baseline (chance): 1.05%
[10:49:19] Task 18 zero-shot (pre-train): 0.00%
[10:49:54] task=18  epoch=0  train_loss=2.9811
[10:50:54] task=18  epoch=END  time_sec=35.3  acc_task0=0.0  acc_task1=2.83  acc_task2=0.33  acc_task3=0.67  acc_task4=0.0  acc_task5=1.33  acc_task6=5.67  acc_task7=0.0  acc_task8=0.0  acc_task9=0.0  acc_task10=0.17  acc_task11=0.17  acc_task12=0.0  acc_task13=0.0  acc_task14=0.0  acc_task15=0.0  acc_task16=5.5  acc_task17=1.5  acc_task18=56.5
[10:50:55] 
============================================================
 Task 20/20  | Classes (95, 100)
============================================================
[10:50:55] Task 19 baseline (chance): 1.00%
[10:50:59] Task 19 zero-shot (pre-train): 0.00%
[10:51:38] task=19  epoch=0  train_loss=3.0404
[10:52:37] task=19  epoch=END  time_sec=39.2  acc_task0=0.0  acc_task1=0.67  acc_task2=1.0  acc_task3=9.33  acc_task4=0.0  acc_task5=0.0  acc_task6=1.0  acc_task7=0.0  acc_task8=0.17  acc_task9=0.0  acc_task10=0.5  acc_task11=0.5  acc_task12=1.17  acc_task13=0.0  acc_task14=0.0  acc_task15=0.0  acc_task16=0.0  acc_task17=0.0  acc_task18=0.0  acc_task19=56.67
[10:52:48] 
Final Metrics:
  avg_accuracy         +3.5500
  forgetting           +43.4298
  backward_transfer    -43.4298
  forward_transfer     -2.7345
[10:52:50] 
Done - run: split_mini_imagenet_er_ewc_seed789
[10:52:50] Metrics: {'avg_accuracy': 3.55, 'forgetting': 43.4298, 'backward_transfer': -43.4298, 'forward_transfer': -2.7345}
[10:52:50] Deleted 20 checkpoint(s) after successful completion.
