[17:48:50] Starting: permuted_mnist_ewc_seed123
[17:48:50] Config: {'dataset': 'permuted_mnist', 'data_root': 'Project/data', 'model': 'resnet8', 'pretrained': False, 'method': 'ewc', 'n_epochs': 1, 'batch_size': 32, 'num_workers': 0, 'lr': 0.03, 'momentum': 0.9, 'weight_decay': 0.0001, 'fp16': False, 'buffer_size': 200, 'ewc_lambda': 100.0, 'fisher_samples': 200, 'si_lambda': 1.0, 'si_xi': 0.1, 'der_alpha': 0.5, 'xder_beta': 0.5, 'lwf_lambda': 1.0, 'lwf_temp': 2.0, 'icarl_distill_w': 1.0, 'icarl_temp': 2.0, 'use_nmc': True, 'agem_mem_batch': 64, 'distill_lambda': 1.0, 'distill_temp': 2.0, 'pc_distill_w': 1.0, 'pc_ewc_lambda': 100.0, 'pc_compress_epochs': 3, 'er_replay_ratio': 0.5, 'joint_replay_epochs': 1, 'disable_tqdm': True, 'seeds': [42, 123, 456, 789, 1024], 'checkpoint_dir': 'results/checkpoints', 'figure_dir': 'results/figures', 'log_dir': 'results/raw', 'run_name': 'permuted_mnist_ewc_seed123', 'seed': 123}
[17:48:50] Device: cuda
[17:48:50] Dataset: PermutedMNIST(tasks=10, classes_per_task=10, scenario=domain-il)
[17:48:50] 
============================================================
 Task 1/10  | Classes (0, 10)
============================================================
[17:48:50] Task 0 baseline (before training): 0.00%
[17:49:21] task=0  epoch=0  train_loss=0.3171
[17:49:25] task=0  epoch=END  time_sec=30.8  acc_task0=91.96
[17:49:25] 
============================================================
 Task 2/10  | Classes (0, 10)
============================================================
[17:49:30] Task 1 baseline (before training): 10.93%
[17:50:43] task=1  epoch=0  train_loss=0.2789
[17:50:53] task=1  epoch=END  time_sec=73.6  acc_task0=43.21  acc_task1=95.54
[17:50:53] 
============================================================
 Task 3/10  | Classes (0, 10)
============================================================
[17:50:57] Task 2 baseline (before training): 9.80%
[17:52:42] task=2  epoch=0  train_loss=0.3112
[17:52:57] task=2  epoch=END  time_sec=104.8  acc_task0=17.48  acc_task1=39.88  acc_task2=94.02
[17:52:57] 
============================================================
 Task 4/10  | Classes (0, 10)
============================================================
[17:53:02] Task 3 baseline (before training): 13.91%
[17:55:00] task=3  epoch=0  train_loss=0.353
[17:55:13] task=3  epoch=END  time_sec=118.4  acc_task0=12.89  acc_task1=27.92  acc_task2=44.62  acc_task3=93.39
[17:55:13] 
============================================================
 Task 5/10  | Classes (0, 10)
============================================================
[17:55:16] Task 4 baseline (before training): 12.69%
[17:56:59] task=4  epoch=0  train_loss=0.3949
[17:57:14] task=4  epoch=END  time_sec=103.0  acc_task0=15.98  acc_task1=25.16  acc_task2=29.29  acc_task3=44.87  acc_task4=94.41
[17:57:14] 
============================================================
 Task 6/10  | Classes (0, 10)
============================================================
[17:57:17] Task 5 baseline (before training): 7.67%
[17:59:13] task=5  epoch=0  train_loss=0.4399
[17:59:32] task=5  epoch=END  time_sec=116.1  acc_task0=15.8  acc_task1=21.85  acc_task2=21.4  acc_task3=29.09  acc_task4=39.55  acc_task5=94.91
[17:59:32] 
============================================================
 Task 7/10  | Classes (0, 10)
============================================================
[17:59:35] Task 6 baseline (before training): 13.62%
[18:01:48] task=6  epoch=0  train_loss=0.4545
[18:02:10] task=6  epoch=END  time_sec=133.3  acc_task0=14.11  acc_task1=18.65  acc_task2=18.0  acc_task3=18.33  acc_task4=22.8  acc_task5=35.8  acc_task6=94.88
[18:02:10] 
============================================================
 Task 8/10  | Classes (0, 10)
============================================================
[18:02:13] Task 7 baseline (before training): 9.86%
[18:05:26] task=7  epoch=0  train_loss=0.4757
[18:05:51] task=7  epoch=END  time_sec=193.1  acc_task0=14.22  acc_task1=19.77  acc_task2=22.62  acc_task3=21.14  acc_task4=20.69  acc_task5=17.96  acc_task6=32.52  acc_task7=93.07
[18:05:51] 
============================================================
 Task 9/10  | Classes (0, 10)
============================================================
[18:05:55] Task 8 baseline (before training): 10.64%
