[14:57:48] Starting: permuted_mnist_ewc_seed42
[14:57:48] Config: {'dataset': 'permuted_mnist', 'data_root': 'Project/data', 'model': 'resnet8', 'pretrained': False, 'method': 'ewc', 'n_epochs': 1, 'batch_size': 32, 'num_workers': 0, 'lr': 0.03, 'momentum': 0.9, 'weight_decay': 0.0001, 'fp16': False, 'buffer_size': 200, 'ewc_lambda': 100.0, 'fisher_samples': 200, 'si_lambda': 1.0, 'si_xi': 0.1, 'der_alpha': 0.5, 'xder_beta': 0.5, 'lwf_lambda': 1.0, 'lwf_temp': 2.0, 'icarl_distill_w': 1.0, 'icarl_temp': 2.0, 'use_nmc': True, 'agem_mem_batch': 64, 'distill_lambda': 1.0, 'distill_temp': 2.0, 'pc_distill_w': 1.0, 'pc_ewc_lambda': 100.0, 'pc_compress_epochs': 3, 'er_replay_ratio': 0.5, 'joint_replay_epochs': 1, 'seeds': [42, 123, 456, 789, 1024], 'checkpoint_dir': 'results/checkpoints', 'figure_dir': 'results/figures', 'log_dir': 'results/raw', 'run_name': 'permuted_mnist_ewc_seed42', 'seed': 42}
[14:57:48] Device: cuda
[14:57:48] Dataset: PermutedMNIST(tasks=10, classes_per_task=10, scenario=domain-il)
[14:57:48] 
============================================================
 Task 1/10  | Classes (0, 10)
============================================================
[14:57:48] Task 0 baseline (before training): 0.00%
[14:58:33] task=0  epoch=0  train_loss=0.3245
[14:58:37] task=0  epoch=END  time_sec=44.4  acc_task0=94.59
[14:58:37] 
============================================================
 Task 2/10  | Classes (0, 10)
============================================================
[14:58:41] Task 1 baseline (before training): 8.10%
[14:59:42] task=1  epoch=0  train_loss=0.271
[14:59:49] task=1  epoch=END  time_sec=60.6  acc_task0=31.39  acc_task1=94.76
[14:59:49] 
============================================================
 Task 3/10  | Classes (0, 10)
============================================================
[14:59:53] Task 2 baseline (before training): 11.71%
[15:01:20] task=2  epoch=0  train_loss=0.2861
[15:01:31] task=2  epoch=END  time_sec=86.6  acc_task0=13.26  acc_task1=36.86  acc_task2=95.23
[15:01:31] 
============================================================
 Task 4/10  | Classes (0, 10)
============================================================
[15:01:36] Task 3 baseline (before training): 9.08%
[15:03:25] task=3  epoch=0  train_loss=0.3121
[15:03:43] task=3  epoch=END  time_sec=109.1  acc_task0=11.66  acc_task1=16.2  acc_task2=46.77  acc_task3=95.14
[15:03:43] 
============================================================
 Task 5/10  | Classes (0, 10)
============================================================
[15:03:47] Task 4 baseline (before training): 8.60%
[15:06:39] task=4  epoch=0  train_loss=0.3361
[15:07:05] task=4  epoch=END  time_sec=172.2  acc_task0=9.07  acc_task1=14.73  acc_task2=25.66  acc_task3=46.61  acc_task4=94.34
[15:07:05] 
============================================================
 Task 6/10  | Classes (0, 10)
============================================================
[15:07:11] Task 5 baseline (before training): 10.04%
[15:10:36] task=5  epoch=0  train_loss=0.3723
[15:11:00] task=5  epoch=END  time_sec=205.8  acc_task0=14.57  acc_task1=8.78  acc_task2=13.67  acc_task3=25.3  acc_task4=45.72  acc_task5=95.09
[15:11:00] 
============================================================
 Task 7/10  | Classes (0, 10)
============================================================
[15:11:03] Task 6 baseline (before training): 12.24%
[15:14:16] task=6  epoch=0  train_loss=0.4009
[15:14:55] task=6  epoch=END  time_sec=192.7  acc_task0=14.86  acc_task1=9.71  acc_task2=16.83  acc_task3=16.46  acc_task4=22.85  acc_task5=37.78  acc_task6=94.68
[15:14:55] 
============================================================
 Task 8/10  | Classes (0, 10)
============================================================
[15:15:00] Task 7 baseline (before training): 9.18%
[15:19:30] task=7  epoch=0  train_loss=0.4272
[15:20:12] task=7  epoch=END  time_sec=269.8  acc_task0=12.89  acc_task1=10.0  acc_task2=18.7  acc_task3=19.07  acc_task4=23.4  acc_task5=23.56  acc_task6=47.28  acc_task7=93.86
[15:20:12] 
============================================================
 Task 9/10  | Classes (0, 10)
============================================================
[15:20:18] Task 8 baseline (before training): 15.34%
[15:24:40] task=8  epoch=0  train_loss=0.4561
[15:25:29] task=8  epoch=END  time_sec=262.6  acc_task0=14.66  acc_task1=16.1  acc_task2=14.35  acc_task3=22.6  acc_task4=15.86  acc_task5=12.0  acc_task6=26.37  acc_task7=40.56  acc_task8=94.89
[15:25:29] 
============================================================
 Task 10/10  | Classes (0, 10)
============================================================
[15:25:35] Task 9 baseline (before training): 12.90%
[15:30:35] task=9  epoch=0  train_loss=0.4899
[15:31:19] task=9  epoch=END  time_sec=300.7  acc_task0=11.38  acc_task1=14.63  acc_task2=10.82  acc_task3=20.21  acc_task4=14.18  acc_task5=13.0  acc_task6=17.39  acc_task7=17.27  acc_task8=39.44  acc_task9=94.24
[15:31:19] 
Final Metrics:
  avg_accuracy         +25.2560
  forgetting           +77.1400
  backward_transfer    -77.1400
  forward_transfer     +0.0000
