[18:07:55] Starting: permuted_mnist_ewc_seed456
[18:07:55] Config: {'dataset': 'permuted_mnist', 'data_root': 'Project/data', 'model': 'resnet8', 'pretrained': False, 'method': 'ewc', 'n_epochs': 1, 'batch_size': 32, 'num_workers': 0, 'lr': 0.03, 'momentum': 0.9, 'weight_decay': 0.0001, 'fp16': False, 'buffer_size': 200, 'ewc_lambda': 100.0, 'fisher_samples': 200, 'si_lambda': 1.0, 'si_xi': 0.1, 'der_alpha': 0.5, 'xder_beta': 0.5, 'lwf_lambda': 1.0, 'lwf_temp': 2.0, 'icarl_distill_w': 1.0, 'icarl_temp': 2.0, 'use_nmc': True, 'agem_mem_batch': 64, 'distill_lambda': 1.0, 'distill_temp': 2.0, 'pc_distill_w': 1.0, 'pc_ewc_lambda': 100.0, 'pc_compress_epochs': 3, 'er_replay_ratio': 0.5, 'joint_replay_epochs': 1, 'disable_tqdm': True, 'seeds': [42, 123, 456, 789, 1024], 'checkpoint_dir': 'results/checkpoints', 'figure_dir': 'results/figures', 'log_dir': 'results/raw', 'run_name': 'permuted_mnist_ewc_seed456', 'seed': 456}
[18:07:55] Device: cuda
[18:07:55] Dataset: PermutedMNIST(tasks=10, classes_per_task=10, scenario=domain-il)
[18:07:55] 
============================================================
 Task 1/10  | Classes (0, 10)
============================================================
[18:07:55] Task 0 baseline (before training): 0.00%
[18:08:19] task=0  epoch=0  train_loss=0.3176
[18:08:22] task=0  epoch=END  time_sec=24.7  acc_task0=93.56
[18:08:22] 
============================================================
 Task 2/10  | Classes (0, 10)
============================================================
[18:08:25] Task 1 baseline (before training): 9.08%
[18:09:09] task=1  epoch=0  train_loss=0.2829
[18:09:16] task=1  epoch=END  time_sec=43.3  acc_task0=47.74  acc_task1=95.07
[18:09:16] 
============================================================
 Task 3/10  | Classes (0, 10)
============================================================
[18:09:19] Task 2 baseline (before training): 10.12%
[18:10:28] task=2  epoch=0  train_loss=0.326
[18:10:38] task=2  epoch=END  time_sec=69.0  acc_task0=22.45  acc_task1=40.76  acc_task2=94.95
[18:10:38] 
============================================================
 Task 4/10  | Classes (0, 10)
============================================================
[18:10:42] Task 3 baseline (before training): 12.35%
[18:12:10] task=3  epoch=0  train_loss=0.3518
[18:12:22] task=3  epoch=END  time_sec=88.1  acc_task0=16.54  acc_task1=14.5  acc_task2=35.36  acc_task3=94.39
[18:12:22] 
============================================================
 Task 5/10  | Classes (0, 10)
============================================================
[18:12:25] Task 4 baseline (before training): 12.48%
[18:14:07] task=4  epoch=0  train_loss=0.3772
[18:14:23] task=4  epoch=END  time_sec=102.7  acc_task0=16.93  acc_task1=20.79  acc_task2=24.1  acc_task3=51.3  acc_task4=94.45
[18:14:23] 
============================================================
 Task 6/10  | Classes (0, 10)
============================================================
[18:14:26] Task 5 baseline (before training): 7.16%
[18:16:27] task=5  epoch=0  train_loss=0.4124
[18:16:45] task=5  epoch=END  time_sec=120.4  acc_task0=21.18  acc_task1=14.92  acc_task2=19.6  acc_task3=19.29  acc_task4=34.3  acc_task5=93.73
[18:16:45] 
============================================================
 Task 7/10  | Classes (0, 10)
============================================================
[18:16:49] Task 6 baseline (before training): 14.07%
[18:19:05] task=6  epoch=0  train_loss=0.4467
[18:19:27] task=6  epoch=END  time_sec=136.1  acc_task0=15.47  acc_task1=11.6  acc_task2=12.92  acc_task3=17.51  acc_task4=23.03  acc_task5=39.34  acc_task6=94.92
[18:19:27] 
============================================================
 Task 8/10  | Classes (0, 10)
============================================================
[18:19:30] Task 7 baseline (before training): 9.32%
[18:22:04] task=7  epoch=0  train_loss=0.4733
[18:22:29] task=7  epoch=END  time_sec=153.7  acc_task0=13.88  acc_task1=15.12  acc_task2=12.69  acc_task3=19.85  acc_task4=23.83  acc_task5=24.94  acc_task6=33.38  acc_task7=94.47
[18:22:29] 
============================================================
 Task 9/10  | Classes (0, 10)
============================================================
[18:22:32] Task 8 baseline (before training): 14.51%
[18:25:21] task=8  epoch=0  train_loss=0.5048
[18:25:49] task=8  epoch=END  time_sec=168.6  acc_task0=12.04  acc_task1=14.15  acc_task2=13.23  acc_task3=19.16  acc_task4=16.93  acc_task5=16.76  acc_task6=21.18  acc_task7=34.57  acc_task8=94.2
[18:25:49] 
============================================================
 Task 10/10  | Classes (0, 10)
============================================================
[18:25:52] Task 9 baseline (before training): 13.70%
[18:28:52] task=9  epoch=0  train_loss=0.5279
[18:29:24] task=9  epoch=END  time_sec=180.1  acc_task0=16.07  acc_task1=13.98  acc_task2=15.38  acc_task3=14.99  acc_task4=15.9  acc_task5=12.01  acc_task6=16.01  acc_task7=15.93  acc_task8=35.09  acc_task9=93.68
[18:29:24] 
Final Metrics:
  avg_accuracy         +24.9040
  forgetting           +77.1533
  backward_transfer    -77.1533
  forward_transfer     +0.0000
[18:29:25] 
Done - run: permuted_mnist_ewc_seed456
[18:29:25] Metrics: {'avg_accuracy': 24.904, 'forgetting': 77.1533, 'backward_transfer': -77.1533, 'forward_transfer': 0.0}
