[00:52:11] Starting: split_cifar100_ewc_seed123
[00:52:11] Config: {'dataset': 'split_cifar100', 'data_root': 'Project/data_local', 'model': 'slim_resnet18', 'pretrained': False, 'method': 'ewc', 'n_epochs': 1, 'batch_size': 32, 'num_workers': 0, 'lr': 0.03, 'momentum': 0.9, 'weight_decay': 0.0001, 'fp16': True, 'buffer_size': 200, 'ewc_lambda': 100.0, 'fisher_samples': 200, 'si_lambda': 1.0, 'si_xi': 0.1, 'der_alpha': 0.5, 'xder_beta': 0.5, 'lwf_lambda': 1.0, 'lwf_temp': 2.0, 'icarl_distill_w': 1.0, 'icarl_temp': 2.0, 'use_nmc': True, 'agem_mem_batch': 64, 'distill_lambda': 1.0, 'distill_temp': 2.0, 'pc_distill_w': 1.0, 'pc_ewc_lambda': 100.0, 'pc_compress_epochs': 3, 'er_replay_ratio': 0.5, 'joint_replay_epochs': 1, 'disable_tqdm': True, 'seeds': [42, 123, 456, 789, 1024], 'checkpoint_dir': 'results/checkpoints', 'figure_dir': 'results/figures', 'log_dir': 'results/raw', 'run_name': 'split_cifar100_ewc_seed123', 'seed': 123}
[00:52:11] Device: cuda
[00:52:12] Dataset: SplitCIFAR100(tasks=20, classes_per_task=5, scenario=class-il)
[00:52:12] 
============================================================
 Task 1/20  | Classes (0, 5)
============================================================
[00:52:12] Task 0 baseline (before training): 0.00%
[00:52:15] task=0  epoch=0  train_loss=1.3618
[00:52:16] task=0  epoch=END  time_sec=3.3  acc_task0=47.4
[00:52:16] 
============================================================
 Task 2/20  | Classes (5, 10)
============================================================
[00:52:16] Task 1 baseline (before training): 0.00%
[00:52:21] task=1  epoch=0  train_loss=1.6847
[00:52:22] task=1  epoch=END  time_sec=5.2  acc_task0=0.0  acc_task1=42.0
[00:52:22] 
============================================================
 Task 3/20  | Classes (10, 15)
============================================================
[00:52:22] Task 2 baseline (before training): 0.00%
[00:52:29] task=2  epoch=0  train_loss=1.8224
[00:52:30] task=2  epoch=END  time_sec=7.0  acc_task0=0.0  acc_task1=0.0  acc_task2=43.4
[00:52:30] 
============================================================
 Task 4/20  | Classes (15, 20)
============================================================
[00:52:30] Task 3 baseline (before training): 0.00%
[00:52:39] task=3  epoch=0  train_loss=2.1936
[00:52:40] task=3  epoch=END  time_sec=8.9  acc_task0=0.0  acc_task1=0.0  acc_task2=0.0  acc_task3=43.2
[00:52:40] 
============================================================
 Task 5/20  | Classes (20, 25)
============================================================
[00:52:40] Task 4 baseline (before training): 0.00%
[00:52:51] task=4  epoch=0  train_loss=2.4423
[00:52:52] task=4  epoch=END  time_sec=10.5  acc_task0=0.0  acc_task1=0.0  acc_task2=0.0  acc_task3=0.0  acc_task4=37.6
[00:52:52] 
============================================================
 Task 6/20  | Classes (25, 30)
============================================================
[00:52:52] Task 5 baseline (before training): 0.00%
[00:53:05] task=5  epoch=0  train_loss=2.4571
[00:53:06] task=5  epoch=END  time_sec=12.4  acc_task0=0.0  acc_task1=0.0  acc_task2=0.0  acc_task3=0.0  acc_task4=0.0  acc_task5=25.2
[00:53:06] 
============================================================
 Task 7/20  | Classes (30, 35)
============================================================
[00:53:06] Task 6 baseline (before training): 0.00%
[00:53:20] task=6  epoch=0  train_loss=2.9574
[00:53:22] task=6  epoch=END  time_sec=13.9  acc_task0=0.0  acc_task1=0.0  acc_task2=0.0  acc_task3=0.0  acc_task4=0.0  acc_task5=0.0  acc_task6=22.2
[00:53:22] 
============================================================
 Task 8/20  | Classes (35, 40)
============================================================
[00:53:22] Task 7 baseline (before training): 0.00%
[00:53:38] task=7  epoch=0  train_loss=2.8817
[00:53:39] task=7  epoch=END  time_sec=15.6  acc_task0=0.0  acc_task1=0.0  acc_task2=0.0  acc_task3=0.0  acc_task4=0.0  acc_task5=0.0  acc_task6=0.0  acc_task7=23.8
[00:53:39] 
============================================================
 Task 9/20  | Classes (40, 45)
============================================================
[00:53:40] Task 8 baseline (before training): 0.00%
[00:53:57] task=8  epoch=0  train_loss=3.5155
[00:53:59] task=8  epoch=END  time_sec=17.1  acc_task0=0.0  acc_task1=0.0  acc_task2=0.0  acc_task3=0.0  acc_task4=0.0  acc_task5=0.0  acc_task6=0.0  acc_task7=0.0  acc_task8=23.2
[00:53:59] 
============================================================
 Task 10/20  | Classes (45, 50)
============================================================
[00:53:59] Task 9 baseline (before training): 0.00%
[00:54:18] task=9  epoch=0  train_loss=3.0077
[00:54:20] task=9  epoch=END  time_sec=19.0  acc_task0=0.0  acc_task1=0.0  acc_task2=0.0  acc_task3=0.0  acc_task4=0.0  acc_task5=0.0  acc_task6=0.0  acc_task7=0.0  acc_task8=0.0  acc_task9=24.2
[00:54:20] 
============================================================
 Task 11/20  | Classes (50, 55)
============================================================
[00:54:20] Task 10 baseline (before training): 0.00%
[00:54:41] task=10  epoch=0  train_loss=3.9564
[00:54:43] task=10  epoch=END  time_sec=20.3  acc_task0=0.0  acc_task1=0.0  acc_task2=0.0  acc_task3=0.0  acc_task4=0.0  acc_task5=0.0  acc_task6=0.0  acc_task7=0.0  acc_task8=0.0  acc_task9=0.0  acc_task10=34.6
[00:54:43] 
============================================================
 Task 12/20  | Classes (55, 60)
============================================================
[00:54:43] Task 11 baseline (before training): 0.00%
[00:55:05] task=11  epoch=0  train_loss=2.9447
[00:55:07] task=11  epoch=END  time_sec=21.6  acc_task0=0.0  acc_task1=0.0  acc_task2=0.0  acc_task3=0.0  acc_task4=0.0  acc_task5=0.0  acc_task6=0.0  acc_task7=0.0  acc_task8=0.0  acc_task9=0.0  acc_task10=0.0  acc_task11=33.6
[00:55:07] 
============================================================
 Task 13/20  | Classes (60, 65)
============================================================
[00:55:08] Task 12 baseline (before training): 0.00%
[00:55:31] task=12  epoch=0  train_loss=3.1921
[00:55:33] task=12  epoch=END  time_sec=23.0  acc_task0=0.0  acc_task1=0.0  acc_task2=0.0  acc_task3=0.0  acc_task4=0.0  acc_task5=0.0  acc_task6=0.0  acc_task7=0.0  acc_task8=0.0  acc_task9=0.0  acc_task10=0.0  acc_task11=0.0  acc_task12=34.2
[00:55:33] 
============================================================
 Task 14/20  | Classes (65, 70)
============================================================
[00:55:33] Task 13 baseline (before training): 0.00%
[00:55:58] task=13  epoch=0  train_loss=3.7285
[00:56:01] task=13  epoch=END  time_sec=24.1  acc_task0=0.0  acc_task1=0.0  acc_task2=0.0  acc_task3=0.0  acc_task4=0.0  acc_task5=0.0  acc_task6=0.0  acc_task7=0.0  acc_task8=0.0  acc_task9=0.0  acc_task10=0.0  acc_task11=0.0  acc_task12=0.0  acc_task13=27.0
[00:56:01] 
============================================================
 Task 15/20  | Classes (70, 75)
============================================================
[00:56:01] Task 14 baseline (before training): 0.00%
[00:56:27] task=14  epoch=0  train_loss=3.1728
[00:56:30] task=14  epoch=END  time_sec=25.8  acc_task0=0.0  acc_task1=0.0  acc_task2=0.0  acc_task3=0.0  acc_task4=0.0  acc_task5=0.0  acc_task6=0.0  acc_task7=0.0  acc_task8=0.0  acc_task9=0.0  acc_task10=0.0  acc_task11=0.0  acc_task12=0.0  acc_task13=0.0  acc_task14=36.0
[00:56:30] 
============================================================
 Task 16/20  | Classes (75, 80)
============================================================
[00:56:30] Task 15 baseline (before training): 0.00%
[00:56:58] task=15  epoch=0  train_loss=3.8247
[00:57:01] task=15  epoch=END  time_sec=27.6  acc_task0=0.0  acc_task1=0.0  acc_task2=0.0  acc_task3=0.0  acc_task4=0.0  acc_task5=0.0  acc_task6=0.0  acc_task7=0.0  acc_task8=0.0  acc_task9=0.0  acc_task10=0.0  acc_task11=0.0  acc_task12=0.0  acc_task13=0.0  acc_task14=0.0  acc_task15=37.2
[00:57:01] 
============================================================
 Task 17/20  | Classes (80, 85)
============================================================
[00:57:01] Task 16 baseline (before training): 0.00%
[00:57:30] task=16  epoch=0  train_loss=3.2056
[00:57:33] task=16  epoch=END  time_sec=28.5  acc_task0=0.0  acc_task1=0.0  acc_task2=0.0  acc_task3=0.0  acc_task4=0.0  acc_task5=0.0  acc_task6=0.0  acc_task7=0.0  acc_task8=0.0  acc_task9=0.0  acc_task10=0.0  acc_task11=0.0  acc_task12=0.0  acc_task13=0.0  acc_task14=0.0  acc_task15=0.0  acc_task16=40.2
[00:57:33] 
============================================================
 Task 18/20  | Classes (85, 90)
============================================================
[00:57:33] Task 17 baseline (before training): 0.00%
[00:58:04] task=17  epoch=0  train_loss=3.5556
[00:58:08] task=17  epoch=END  time_sec=30.8  acc_task0=0.0  acc_task1=0.0  acc_task2=0.0  acc_task3=0.0  acc_task4=0.0  acc_task5=0.0  acc_task6=0.0  acc_task7=0.0  acc_task8=0.0  acc_task9=0.0  acc_task10=0.0  acc_task11=0.0  acc_task12=0.0  acc_task13=0.0  acc_task14=0.0  acc_task15=0.0  acc_task16=0.0  acc_task17=40.0
[00:58:08] 
============================================================
 Task 19/20  | Classes (90, 95)
============================================================
[00:58:08] Task 18 baseline (before training): 0.00%
[00:58:40] task=18  epoch=0  train_loss=3.8481
[00:58:44] task=18  epoch=END  time_sec=31.8  acc_task0=0.0  acc_task1=0.0  acc_task2=0.0  acc_task3=0.0  acc_task4=0.0  acc_task5=0.0  acc_task6=0.0  acc_task7=0.0  acc_task8=0.0  acc_task9=0.0  acc_task10=0.0  acc_task11=0.0  acc_task12=0.0  acc_task13=0.0  acc_task14=0.0  acc_task15=0.0  acc_task16=0.0  acc_task17=0.0  acc_task18=52.4
[00:58:44] 
============================================================
 Task 20/20  | Classes (95, 100)
============================================================
[00:58:44] Task 19 baseline (before training): 0.00%
[00:59:17] task=19  epoch=0  train_loss=3.4047
[00:59:21] task=19  epoch=END  time_sec=33.4  acc_task0=0.0  acc_task1=0.0  acc_task2=0.0  acc_task3=0.0  acc_task4=0.0  acc_task5=0.0  acc_task6=0.0  acc_task7=0.0  acc_task8=0.0  acc_task9=0.0  acc_task10=0.0  acc_task11=0.0  acc_task12=0.0  acc_task13=0.0  acc_task14=0.0  acc_task15=0.0  acc_task16=0.0  acc_task17=0.0  acc_task18=0.0  acc_task19=57.4
[00:59:21] 
Final Metrics:
  avg_accuracy         +2.8700
  forgetting           +35.1263
  backward_transfer    -35.1263
  forward_transfer     +0.0000
[00:59:22] 
Done - run: split_cifar100_ewc_seed123
[00:59:22] Metrics: {'avg_accuracy': 2.87, 'forgetting': 35.1263, 'backward_transfer': -35.1263, 'forward_transfer': 0.0}
