[01:13:40] Starting: split_cifar100_ewc_seed1024
[01:13:40] Config: {'dataset': 'split_cifar100', 'data_root': 'Project/data_local', 'model': 'slim_resnet18', 'pretrained': False, 'method': 'ewc', 'n_epochs': 1, 'batch_size': 32, 'num_workers': 0, 'lr': 0.03, 'momentum': 0.9, 'weight_decay': 0.0001, 'fp16': True, 'buffer_size': 200, 'ewc_lambda': 100.0, 'fisher_samples': 200, 'si_lambda': 1.0, 'si_xi': 0.1, 'der_alpha': 0.5, 'xder_beta': 0.5, 'lwf_lambda': 1.0, 'lwf_temp': 2.0, 'icarl_distill_w': 1.0, 'icarl_temp': 2.0, 'use_nmc': True, 'agem_mem_batch': 64, 'distill_lambda': 1.0, 'distill_temp': 2.0, 'pc_distill_w': 1.0, 'pc_ewc_lambda': 100.0, 'pc_compress_epochs': 3, 'er_replay_ratio': 0.5, 'joint_replay_epochs': 1, 'disable_tqdm': True, 'seeds': [42, 123, 456, 789, 1024], 'checkpoint_dir': 'results/checkpoints', 'figure_dir': 'results/figures', 'log_dir': 'results/raw', 'run_name': 'split_cifar100_ewc_seed1024', 'seed': 1024}
[01:13:40] Device: cuda
[01:13:41] Dataset: SplitCIFAR100(tasks=20, classes_per_task=5, scenario=class-il)
[01:13:41] 
============================================================
 Task 1/20  | Classes (0, 5)
============================================================
[01:13:41] Task 0 baseline (before training): 0.00%
[01:13:45] task=0  epoch=0  train_loss=1.48
[01:13:45] task=0  epoch=END  time_sec=3.2  acc_task0=53.0
[01:13:45] 
============================================================
 Task 2/20  | Classes (5, 10)
============================================================
[01:13:45] Task 1 baseline (before training): 0.00%
[01:13:50] task=1  epoch=0  train_loss=1.7664
[01:13:51] task=1  epoch=END  time_sec=5.0  acc_task0=0.0  acc_task1=30.2
[01:13:51] 
============================================================
 Task 3/20  | Classes (10, 15)
============================================================
[01:13:51] Task 2 baseline (before training): 0.00%
[01:13:58] task=2  epoch=0  train_loss=1.8229
[01:13:59] task=2  epoch=END  time_sec=6.9  acc_task0=0.0  acc_task1=0.0  acc_task2=41.6
[01:13:59] 
============================================================
 Task 4/20  | Classes (15, 20)
============================================================
[01:13:59] Task 3 baseline (before training): 0.00%
[01:14:08] task=3  epoch=0  train_loss=1.9888
[01:14:09] task=3  epoch=END  time_sec=8.6  acc_task0=0.0  acc_task1=0.0  acc_task2=0.0  acc_task3=50.0
[01:14:09] 
============================================================
 Task 5/20  | Classes (20, 25)
============================================================
[01:14:09] Task 4 baseline (before training): 0.00%
[01:14:19] task=4  epoch=0  train_loss=2.1448
[01:14:20] task=4  epoch=END  time_sec=10.5  acc_task0=0.0  acc_task1=0.0  acc_task2=0.0  acc_task3=0.0  acc_task4=52.0
[01:14:20] 
============================================================
 Task 6/20  | Classes (25, 30)
============================================================
[01:14:21] Task 5 baseline (before training): 0.00%
[01:14:32] task=5  epoch=0  train_loss=2.399
[01:14:34] task=5  epoch=END  time_sec=11.8  acc_task0=0.0  acc_task1=0.0  acc_task2=0.0  acc_task3=0.0  acc_task4=0.0  acc_task5=22.8
[01:14:34] 
============================================================
 Task 7/20  | Classes (30, 35)
============================================================
[01:14:34] Task 6 baseline (before training): 0.00%
[01:14:48] task=6  epoch=0  train_loss=2.8057
[01:14:50] task=6  epoch=END  time_sec=13.9  acc_task0=0.0  acc_task1=0.0  acc_task2=0.0  acc_task3=0.0  acc_task4=0.0  acc_task5=0.4  acc_task6=20.8
[01:14:50] 
============================================================
 Task 8/20  | Classes (35, 40)
============================================================
[01:14:50] Task 7 baseline (before training): 0.00%
[01:15:05] task=7  epoch=0  train_loss=3.3876
[01:15:07] task=7  epoch=END  time_sec=15.4  acc_task0=0.0  acc_task1=0.0  acc_task2=0.0  acc_task3=0.0  acc_task4=0.0  acc_task5=0.0  acc_task6=0.0  acc_task7=26.8
[01:15:07] 
============================================================
 Task 9/20  | Classes (40, 45)
============================================================
[01:15:07] Task 8 baseline (before training): 0.00%
[01:15:25] task=8  epoch=0  train_loss=2.95
[01:15:27] task=8  epoch=END  time_sec=17.3  acc_task0=0.0  acc_task1=0.0  acc_task2=0.0  acc_task3=0.0  acc_task4=0.0  acc_task5=0.0  acc_task6=0.0  acc_task7=0.0  acc_task8=35.8
[01:15:27] 
============================================================
 Task 10/20  | Classes (45, 50)
============================================================
[01:15:27] Task 9 baseline (before training): 0.00%
[01:15:45] task=9  epoch=0  train_loss=3.1925
[01:15:47] task=9  epoch=END  time_sec=18.5  acc_task0=0.0  acc_task1=0.0  acc_task2=0.0  acc_task3=0.0  acc_task4=0.0  acc_task5=0.0  acc_task6=0.0  acc_task7=0.0  acc_task8=0.0  acc_task9=34.4
[01:15:47] 
============================================================
 Task 11/20  | Classes (50, 55)
============================================================
[01:15:48] Task 10 baseline (before training): 0.00%
[01:16:07] task=10  epoch=0  train_loss=3.1183
[01:16:10] task=10  epoch=END  time_sec=19.7  acc_task0=0.0  acc_task1=0.0  acc_task2=0.0  acc_task3=0.0  acc_task4=0.0  acc_task5=0.0  acc_task6=0.0  acc_task7=0.0  acc_task8=0.0  acc_task9=0.0  acc_task10=38.0
[01:16:10] 
============================================================
 Task 12/20  | Classes (55, 60)
============================================================
[01:16:10] Task 11 baseline (before training): 0.00%
[01:16:31] task=11  epoch=0  train_loss=3.1836
[01:16:34] task=11  epoch=END  time_sec=21.5  acc_task0=0.0  acc_task1=0.0  acc_task2=0.0  acc_task3=0.0  acc_task4=0.0  acc_task5=0.0  acc_task6=0.0  acc_task7=0.0  acc_task8=0.0  acc_task9=0.0  acc_task10=0.0  acc_task11=35.0
[01:16:34] 
============================================================
 Task 13/20  | Classes (60, 65)
============================================================
[01:16:34] Task 12 baseline (before training): 0.00%
[01:16:57] task=12  epoch=0  train_loss=3.3793
[01:17:00] task=12  epoch=END  time_sec=23.3  acc_task0=0.0  acc_task1=0.0  acc_task2=0.0  acc_task3=0.0  acc_task4=0.0  acc_task5=0.0  acc_task6=0.0  acc_task7=0.0  acc_task8=0.0  acc_task9=0.0  acc_task10=0.0  acc_task11=0.0  acc_task12=46.2
[01:17:00] 
============================================================
 Task 14/20  | Classes (65, 70)
============================================================
[01:17:00] Task 13 baseline (before training): 0.00%
[01:17:25] task=13  epoch=0  train_loss=3.5032
[01:17:28] task=13  epoch=END  time_sec=24.6  acc_task0=0.0  acc_task1=0.0  acc_task2=0.0  acc_task3=0.0  acc_task4=0.0  acc_task5=0.0  acc_task6=0.0  acc_task7=0.0  acc_task8=0.0  acc_task9=0.0  acc_task10=0.0  acc_task11=0.0  acc_task12=0.0  acc_task13=32.6
[01:17:28] 
============================================================
 Task 15/20  | Classes (70, 75)
============================================================
[01:17:28] Task 14 baseline (before training): 0.00%
[01:17:54] task=14  epoch=0  train_loss=3.1916
[01:17:57] task=14  epoch=END  time_sec=25.8  acc_task0=0.0  acc_task1=0.0  acc_task2=0.0  acc_task3=0.0  acc_task4=0.0  acc_task5=0.0  acc_task6=0.0  acc_task7=0.0  acc_task8=0.0  acc_task9=0.0  acc_task10=0.0  acc_task11=0.0  acc_task12=0.0  acc_task13=0.0  acc_task14=59.6
[01:17:57] 
============================================================
 Task 16/20  | Classes (75, 80)
============================================================
[01:17:57] Task 15 baseline (before training): 0.00%
[01:18:25] task=15  epoch=0  train_loss=3.5101
[01:18:28] task=15  epoch=END  time_sec=27.3  acc_task0=0.0  acc_task1=0.0  acc_task2=0.0  acc_task3=0.0  acc_task4=0.0  acc_task5=0.0  acc_task6=0.0  acc_task7=0.0  acc_task8=0.0  acc_task9=0.0  acc_task10=0.0  acc_task11=0.0  acc_task12=0.0  acc_task13=0.0  acc_task14=0.0  acc_task15=35.8
[01:18:28] 
============================================================
 Task 17/20  | Classes (80, 85)
============================================================
[01:18:28] Task 16 baseline (before training): 0.00%
[01:18:57] task=16  epoch=0  train_loss=3.1805
[01:19:00] task=16  epoch=END  time_sec=28.8  acc_task0=0.0  acc_task1=0.0  acc_task2=0.0  acc_task3=0.0  acc_task4=0.0  acc_task5=0.0  acc_task6=0.0  acc_task7=0.0  acc_task8=0.0  acc_task9=0.0  acc_task10=0.0  acc_task11=0.0  acc_task12=0.0  acc_task13=0.0  acc_task14=0.0  acc_task15=0.0  acc_task16=39.0
[01:19:00] 
============================================================
 Task 18/20  | Classes (85, 90)
============================================================
[01:19:01] Task 17 baseline (before training): 0.00%
[01:19:31] task=17  epoch=0  train_loss=3.8709
[01:19:34] task=17  epoch=END  time_sec=30.2  acc_task0=0.0  acc_task1=0.0  acc_task2=0.0  acc_task3=0.0  acc_task4=0.0  acc_task5=0.0  acc_task6=0.0  acc_task7=0.0  acc_task8=0.0  acc_task9=0.0  acc_task10=0.0  acc_task11=0.0  acc_task12=0.0  acc_task13=0.0  acc_task14=0.0  acc_task15=0.0  acc_task16=0.0  acc_task17=30.2
[01:19:34] 
============================================================
 Task 19/20  | Classes (90, 95)
============================================================
[01:19:34] Task 18 baseline (before training): 0.00%
[01:20:06] task=18  epoch=0  train_loss=3.3723
[01:20:10] task=18  epoch=END  time_sec=31.7  acc_task0=0.0  acc_task1=0.0  acc_task2=0.0  acc_task3=0.0  acc_task4=0.0  acc_task5=0.0  acc_task6=0.0  acc_task7=0.0  acc_task8=0.0  acc_task9=0.0  acc_task10=0.0  acc_task11=0.0  acc_task12=0.0  acc_task13=0.0  acc_task14=0.0  acc_task15=0.0  acc_task16=0.0  acc_task17=0.0  acc_task18=49.2
[01:20:10] 
============================================================
 Task 20/20  | Classes (95, 100)
============================================================
[01:20:10] Task 19 baseline (before training): 0.00%
[01:20:43] task=19  epoch=0  train_loss=3.9285
[01:20:48] task=19  epoch=END  time_sec=33.3  acc_task0=0.0  acc_task1=0.0  acc_task2=0.0  acc_task3=0.0  acc_task4=0.0  acc_task5=0.0  acc_task6=0.0  acc_task7=0.0  acc_task8=0.0  acc_task9=0.0  acc_task10=0.0  acc_task11=0.0  acc_task12=0.0  acc_task13=0.0  acc_task14=0.0  acc_task15=0.0  acc_task16=0.0  acc_task17=0.0  acc_task18=0.0  acc_task19=33.0
[01:20:48] 
Final Metrics:
  avg_accuracy         +1.6500
  forgetting           +38.5789
  backward_transfer    -38.5789
  forward_transfer     +0.0000
[01:20:48] 
Done - run: split_cifar100_ewc_seed1024
[01:20:48] Metrics: {'avg_accuracy': 1.65, 'forgetting': 38.5789, 'backward_transfer': -38.5789, 'forward_transfer': 0.0}
