[13:15:57] Starting: split_cifar10_agem_distill_nodistill_seed123
[13:15:57] Config: {'dataset': 'split_cifar10', 'data_root': 'F:\\Temp\\cf\\Catastrophic Forgetting\\research_v2\\Project\\data_local', 'dataset_image_size': None, 'dataset_out_channels': None, 'model': 'slim_resnet18', 'pretrained': False, 'model_image_size': None, 'method': 'agem_distill', 'n_epochs': 1, 'batch_size': 32, 'num_workers': 0, 'lr': 0.03, 'momentum': 0.9, 'weight_decay': 0.0001, 'fp16': False, 'buffer_size': 200, 'ewc_lambda': 100.0, 'fisher_samples': 200, 'si_lambda': 1.0, 'si_xi': 0.1, 'der_alpha': 0.5, 'xder_beta': 0.5, 'lwf_lambda': 1.0, 'lwf_temp': 2.0, 'icarl_distill_w': 1.0, 'icarl_temp': 2.0, 'use_nmc': True, 'agem_mem_batch': 64, 'distill_lambda': 0.0, 'distill_temp': 2.0, 'pc_distill_w': 1.0, 'pc_ewc_lambda': 100.0, 'pc_compress_epochs': 3, 'er_replay_ratio': 0.5, 'joint_replay_epochs': 1, 'disable_tqdm': True, 'disable_checkpoints': False, 'disable_plots': False, 'resume': False, 'cleanup_checkpoints_on_success': True, 'result_group': 'ablations', 'ablation_family': 'interaction', 'seeds': [42, 123, 456], 'results_root': 'F:\\Temp\\cf\\Catastrophic Forgetting\\research_v2\\results', 'run_tag': 'nodistill', 'seed': 123, 'run_name': 'split_cifar10_agem_distill_nodistill_seed123', 'project_root': 'F:\\Temp\\cf\\Catastrophic Forgetting\\research_v2\\Project', 'workspace_root': 'F:\\Temp\\cf\\Catastrophic Forgetting\\research_v2', 'run_root': 'F:\\Temp\\cf\\Catastrophic Forgetting\\research_v2\\results\\ablations\\epoch_1\\split_cifar10\\interaction\\agem_distill__nodistill\\seed_123', 'log_dir': 'F:\\Temp\\cf\\Catastrophic Forgetting\\research_v2\\results\\ablations\\epoch_1\\split_cifar10\\interaction\\agem_distill__nodistill\\seed_123\\logs', 'metrics_dir': 'F:\\Temp\\cf\\Catastrophic Forgetting\\research_v2\\results\\ablations\\epoch_1\\split_cifar10\\interaction\\agem_distill__nodistill\\seed_123\\metrics', 'checkpoint_dir': 'F:\\Temp\\cf\\Catastrophic Forgetting\\research_v2\\results\\ablations\\epoch_1\\split_cifar10\\interaction\\agem_distill__nodistill\\seed_123\\checkpoints', 'artifact_dir': 'F:\\Temp\\cf\\Catastrophic Forgetting\\research_v2\\results\\ablations\\epoch_1\\split_cifar10\\interaction\\agem_distill__nodistill\\seed_123\\artifacts', 'figure_dir': 'F:\\Temp\\cf\\Catastrophic Forgetting\\research_v2\\results\\figures\\ablations\\epoch_1\\split_cifar10\\interaction\\agem_distill__nodistill\\seed_123'}
[13:15:57] Device: cuda
[13:15:59] Dataset: SplitCIFAR10(tasks=5, classes_per_task=2, scenario=class-il)
[13:15:59] 
============================================================
 Task 1/5  | Classes (0, 2)
============================================================
[13:15:59] Task 0 baseline (chance): 50.00%
[13:16:09] task=0  epoch=0  train_loss=0.5361
[13:16:09] task=0  epoch=END  time_sec=10.1  acc_task0=84.9
[13:16:09] 
============================================================
 Task 2/5  | Classes (2, 4)
============================================================
[13:16:09] Task 1 baseline (chance): 25.00%
[13:16:10] Task 1 zero-shot (pre-train): 0.20%
[13:16:33] task=1  epoch=0  train_loss=0.628
[13:16:34] task=1  epoch=END  time_sec=23.0  acc_task0=0.0  acc_task1=69.2
[13:16:34] 
============================================================
 Task 3/5  | Classes (4, 6)
============================================================
[13:16:34] Task 2 baseline (chance): 16.67%
[13:16:35] Task 2 zero-shot (pre-train): 0.00%
[13:16:58] task=2  epoch=0  train_loss=0.588
[13:17:00] task=2  epoch=END  time_sec=22.8  acc_task0=0.0  acc_task1=0.0  acc_task2=79.55
[13:17:00] 
============================================================
 Task 4/5  | Classes (6, 8)
============================================================
[13:17:00] Task 3 baseline (chance): 12.50%
[13:17:00] Task 3 zero-shot (pre-train): 0.00%
[13:17:23] task=3  epoch=0  train_loss=0.5789
[13:17:26] task=3  epoch=END  time_sec=22.9  acc_task0=0.0  acc_task1=0.0  acc_task2=0.0  acc_task3=87.6
[13:17:26] 
============================================================
 Task 5/5  | Classes (8, 10)
============================================================
[13:17:26] Task 4 baseline (chance): 10.00%
[13:17:26] Task 4 zero-shot (pre-train): 0.00%
[13:17:49] task=4  epoch=0  train_loss=0.595
[13:17:52] task=4  epoch=END  time_sec=23.0  acc_task0=0.0  acc_task1=0.0  acc_task2=0.0  acc_task3=0.0  acc_task4=86.25
[13:17:52] 
Final Metrics:
  avg_accuracy         +17.2500
  forgetting           +80.3125
  backward_transfer    -80.3125
  forward_transfer     -15.9917
[13:17:53] 
Done - run: split_cifar10_agem_distill_nodistill_seed123
[13:17:53] Metrics: {'avg_accuracy': 17.25, 'forgetting': 80.3125, 'backward_transfer': -80.3125, 'forward_transfer': -15.9917}
[13:17:53] Deleted 5 checkpoint(s) after successful completion.
