[18:59:44] Starting: split_mini_imagenet_ewc_seed42
[18:59:44] Config: {'dataset': 'split_mini_imagenet', 'data_root': 'F:\\Temp\\cf\\Catastrophic Forgetting\\research_v2\\Project\\data_local\\mini-imagenet', 'dataset_image_size': None, 'dataset_out_channels': None, 'model': 'slim_resnet18', 'pretrained': False, 'model_image_size': None, 'method': 'ewc', 'n_epochs': 1, 'batch_size': 32, 'num_workers': 0, 'lr': 0.03, 'momentum': 0.9, 'weight_decay': 0.0001, 'fp16': True, 'buffer_size': 200, 'ewc_lambda': 100.0, 'fisher_samples': 200, 'si_lambda': 1.0, 'si_xi': 0.1, 'der_alpha': 0.5, 'xder_beta': 0.5, 'lwf_lambda': 1.0, 'lwf_temp': 2.0, 'icarl_distill_w': 1.0, 'icarl_temp': 2.0, 'use_nmc': True, 'agem_mem_batch': 64, 'distill_lambda': 1.0, 'distill_temp': 2.0, 'pc_distill_w': 1.0, 'pc_ewc_lambda': 100.0, 'pc_compress_epochs': 3, 'er_replay_ratio': 0.5, 'joint_replay_epochs': 1, 'disable_tqdm': True, 'disable_checkpoints': False, 'disable_plots': False, 'resume': True, 'cleanup_checkpoints_on_success': True, 'result_group': 'runs', 'ablation_family': None, 'seeds': [42, 123, 456, 789, 1024], 'results_root': 'F:\\Temp\\cf\\Catastrophic Forgetting\\research_v2\\results', 'seed': 42, 'run_name': 'split_mini_imagenet_ewc_seed42', 'project_root': 'F:\\Temp\\cf\\Catastrophic Forgetting\\research_v2\\Project', 'workspace_root': 'F:\\Temp\\cf\\Catastrophic Forgetting\\research_v2', 'run_root': 'F:\\Temp\\cf\\Catastrophic Forgetting\\research_v2\\results\\runs\\epoch_1\\split_mini_imagenet\\baselines\\ewc\\seed_42', 'log_dir': 'F:\\Temp\\cf\\Catastrophic Forgetting\\research_v2\\results\\runs\\epoch_1\\split_mini_imagenet\\baselines\\ewc\\seed_42\\logs', 'metrics_dir': 'F:\\Temp\\cf\\Catastrophic Forgetting\\research_v2\\results\\runs\\epoch_1\\split_mini_imagenet\\baselines\\ewc\\seed_42\\metrics', 'checkpoint_dir': 'F:\\Temp\\cf\\Catastrophic Forgetting\\research_v2\\results\\runs\\epoch_1\\split_mini_imagenet\\baselines\\ewc\\seed_42\\checkpoints', 'artifact_dir': 'F:\\Temp\\cf\\Catastrophic Forgetting\\research_v2\\results\\runs\\epoch_1\\split_mini_imagenet\\baselines\\ewc\\seed_42\\artifacts', 'figure_dir': 'F:\\Temp\\cf\\Catastrophic Forgetting\\research_v2\\results\\figures\\epoch_1\\split_mini_imagenet\\baselines\\ewc\\seed_42'}
[18:59:44] Device: cuda
[18:59:46] Dataset: SplitMiniImageNet(tasks=20, classes_per_task=5, scenario=class-il)
[18:59:47] 
============================================================
 Task 1/20  | Classes (0, 5)
============================================================
[18:59:47] Task 0 baseline (chance): 20.00%
[19:00:06] task=0  epoch=0  train_loss=1.705
[19:00:11] task=0  epoch=END  time_sec=19.3  acc_task0=31.0
[19:00:11] 
============================================================
 Task 2/20  | Classes (5, 10)
============================================================
[19:00:11] Task 1 baseline (chance): 10.00%
[19:00:15] Task 1 zero-shot (pre-train): 0.00%
[19:00:36] task=1  epoch=0  train_loss=1.4252
[19:00:44] task=1  epoch=END  time_sec=20.5  acc_task0=0.0  acc_task1=50.83
[19:00:44] 
============================================================
 Task 3/20  | Classes (10, 15)
============================================================
[19:00:44] Task 2 baseline (chance): 6.67%
[19:00:47] Task 2 zero-shot (pre-train): 0.00%
[19:01:06] task=2  epoch=0  train_loss=1.7188
[19:01:17] task=2  epoch=END  time_sec=19.0  acc_task0=0.0  acc_task1=0.0  acc_task2=36.0
[19:01:17] 
============================================================
 Task 4/20  | Classes (15, 20)
============================================================
[19:01:17] Task 3 baseline (chance): 5.00%
[19:01:20] Task 3 zero-shot (pre-train): 0.00%
[19:01:41] task=3  epoch=0  train_loss=2.13
[19:01:55] task=3  epoch=END  time_sec=21.2  acc_task0=0.0  acc_task1=0.0  acc_task2=0.0  acc_task3=35.0
[19:01:55] 
============================================================
 Task 5/20  | Classes (20, 25)
============================================================
[19:01:55] Task 4 baseline (chance): 4.00%
[19:01:58] Task 4 zero-shot (pre-train): 0.00%
[19:02:21] task=4  epoch=0  train_loss=2.2771
[19:02:37] task=4  epoch=END  time_sec=22.3  acc_task0=0.0  acc_task1=0.0  acc_task2=0.0  acc_task3=0.0  acc_task4=27.83
[19:02:38] 
============================================================
 Task 6/20  | Classes (25, 30)
============================================================
[19:02:38] Task 5 baseline (chance): 3.33%
[19:02:41] Task 5 zero-shot (pre-train): 0.00%
[19:03:05] task=5  epoch=0  train_loss=2.2368
[19:03:25] task=5  epoch=END  time_sec=24.0  acc_task0=0.0  acc_task1=0.0  acc_task2=0.0  acc_task3=0.0  acc_task4=0.0  acc_task5=42.67
[19:03:25] 
============================================================
 Task 7/20  | Classes (30, 35)
============================================================
[19:03:25] Task 6 baseline (chance): 2.86%
[19:03:28] Task 6 zero-shot (pre-train): 0.00%
[19:03:53] task=6  epoch=0  train_loss=2.5408
[19:04:15] task=6  epoch=END  time_sec=24.2  acc_task0=0.0  acc_task1=0.0  acc_task2=0.0  acc_task3=0.0  acc_task4=0.0  acc_task5=0.0  acc_task6=33.5
[19:04:15] 
============================================================
 Task 8/20  | Classes (35, 40)
============================================================
[19:04:15] Task 7 baseline (chance): 2.50%
[19:04:19] Task 7 zero-shot (pre-train): 0.00%
[19:04:47] task=7  epoch=0  train_loss=2.8765
[19:05:15] task=7  epoch=END  time_sec=27.4  acc_task0=0.0  acc_task1=0.0  acc_task2=0.0  acc_task3=0.0  acc_task4=0.0  acc_task5=0.0  acc_task6=0.0  acc_task7=25.17
[19:05:15] 
============================================================
 Task 9/20  | Classes (40, 45)
============================================================
[19:05:15] Task 8 baseline (chance): 2.22%
[19:05:19] Task 8 zero-shot (pre-train): 0.00%
[19:05:51] task=8  epoch=0  train_loss=2.8898
[19:06:21] task=8  epoch=END  time_sec=31.9  acc_task0=0.0  acc_task1=0.0  acc_task2=0.0  acc_task3=0.0  acc_task4=0.0  acc_task5=0.0  acc_task6=0.0  acc_task7=0.0  acc_task8=35.67
[19:06:23] 
============================================================
 Task 10/20  | Classes (45, 50)
============================================================
[19:06:23] Task 9 baseline (chance): 2.00%
[19:06:26] Task 9 zero-shot (pre-train): 0.00%
[19:06:57] task=9  epoch=0  train_loss=3.2563
[19:07:35] task=9  epoch=END  time_sec=30.5  acc_task0=0.0  acc_task1=0.0  acc_task2=0.0  acc_task3=0.0  acc_task4=0.0  acc_task5=0.0  acc_task6=0.0  acc_task7=0.0  acc_task8=0.0  acc_task9=23.17
[19:07:35] 
============================================================
 Task 11/20  | Classes (50, 55)
============================================================
[19:07:35] Task 10 baseline (chance): 1.82%
[19:07:40] Task 10 zero-shot (pre-train): 0.00%
[19:08:13] task=10  epoch=0  train_loss=2.9785
[19:08:51] task=10  epoch=END  time_sec=32.9  acc_task0=0.0  acc_task1=0.0  acc_task2=0.0  acc_task3=0.0  acc_task4=0.0  acc_task5=0.0  acc_task6=0.0  acc_task7=0.0  acc_task8=0.0  acc_task9=0.0  acc_task10=24.5
[19:08:52] 
============================================================
 Task 12/20  | Classes (55, 60)
============================================================
[19:08:52] Task 11 baseline (chance): 1.67%
[19:08:55] Task 11 zero-shot (pre-train): 0.00%
[19:09:27] task=11  epoch=0  train_loss=3.4644
[19:10:10] task=11  epoch=END  time_sec=31.8  acc_task0=0.0  acc_task1=0.0  acc_task2=0.0  acc_task3=0.0  acc_task4=0.0  acc_task5=0.0  acc_task6=0.0  acc_task7=0.0  acc_task8=0.0  acc_task9=0.0  acc_task10=0.0  acc_task11=20.0
[19:10:11] 
============================================================
 Task 13/20  | Classes (60, 65)
============================================================
[19:10:11] Task 12 baseline (chance): 1.54%
[19:10:15] Task 12 zero-shot (pre-train): 0.00%
[19:10:53] task=12  epoch=0  train_loss=3.771
[19:11:40] task=12  epoch=END  time_sec=37.8  acc_task0=0.0  acc_task1=0.0  acc_task2=0.0  acc_task3=0.0  acc_task4=0.0  acc_task5=0.0  acc_task6=0.0  acc_task7=0.0  acc_task8=0.0  acc_task9=0.0  acc_task10=0.0  acc_task11=0.0  acc_task12=26.67
[19:11:41] 
============================================================
 Task 14/20  | Classes (65, 70)
============================================================
[19:11:41] Task 13 baseline (chance): 1.43%
[19:11:45] Task 13 zero-shot (pre-train): 0.00%
[19:12:21] task=13  epoch=0  train_loss=3.1017
[19:13:12] task=13  epoch=END  time_sec=36.6  acc_task0=0.0  acc_task1=0.0  acc_task2=0.0  acc_task3=0.0  acc_task4=0.0  acc_task5=0.0  acc_task6=0.0  acc_task7=0.0  acc_task8=0.0  acc_task9=0.0  acc_task10=0.0  acc_task11=0.0  acc_task12=0.0  acc_task13=23.67
[19:13:13] 
============================================================
 Task 15/20  | Classes (70, 75)
============================================================
[19:13:13] Task 14 baseline (chance): 1.33%
[19:13:16] Task 14 zero-shot (pre-train): 0.00%
[19:13:51] task=14  epoch=0  train_loss=4.2617
[19:14:42] task=14  epoch=END  time_sec=35.4  acc_task0=0.0  acc_task1=0.0  acc_task2=0.0  acc_task3=0.0  acc_task4=0.0  acc_task5=0.0  acc_task6=0.0  acc_task7=0.0  acc_task8=0.0  acc_task9=0.0  acc_task10=0.0  acc_task11=0.0  acc_task12=0.0  acc_task13=0.0  acc_task14=23.67
[19:14:43] 
============================================================
 Task 16/20  | Classes (75, 80)
============================================================
[19:14:43] Task 15 baseline (chance): 1.25%
[19:14:47] Task 15 zero-shot (pre-train): 0.00%
[19:15:25] task=15  epoch=0  train_loss=3.4979
[19:16:19] task=15  epoch=END  time_sec=37.9  acc_task0=0.0  acc_task1=0.0  acc_task2=0.0  acc_task3=0.0  acc_task4=0.0  acc_task5=0.0  acc_task6=0.0  acc_task7=0.0  acc_task8=0.0  acc_task9=0.0  acc_task10=0.0  acc_task11=0.0  acc_task12=0.0  acc_task13=0.0  acc_task14=0.0  acc_task15=35.5
[19:16:20] 
============================================================
 Task 17/20  | Classes (80, 85)
============================================================
[19:16:20] Task 16 baseline (chance): 1.18%
[19:16:23] Task 16 zero-shot (pre-train): 0.00%
[19:17:04] task=16  epoch=0  train_loss=3.7674
[19:18:02] task=16  epoch=END  time_sec=40.8  acc_task0=0.0  acc_task1=0.0  acc_task2=0.0  acc_task3=0.0  acc_task4=0.0  acc_task5=0.0  acc_task6=0.0  acc_task7=0.0  acc_task8=0.0  acc_task9=0.0  acc_task10=0.0  acc_task11=0.0  acc_task12=0.0  acc_task13=0.0  acc_task14=0.0  acc_task15=0.0  acc_task16=43.33
[19:18:03] 
============================================================
 Task 18/20  | Classes (85, 90)
============================================================
[19:18:03] Task 17 baseline (chance): 1.11%
[19:18:06] Task 17 zero-shot (pre-train): 0.00%
[19:18:48] task=17  epoch=0  train_loss=3.5238
[19:19:49] task=17  epoch=END  time_sec=42.3  acc_task0=0.0  acc_task1=0.0  acc_task2=0.0  acc_task3=0.0  acc_task4=0.0  acc_task5=0.0  acc_task6=0.0  acc_task7=0.0  acc_task8=0.0  acc_task9=0.0  acc_task10=0.0  acc_task11=0.0  acc_task12=0.0  acc_task13=0.0  acc_task14=0.0  acc_task15=0.0  acc_task16=0.0  acc_task17=20.5
[19:19:50] 
============================================================
 Task 19/20  | Classes (90, 95)
============================================================
[19:19:50] Task 18 baseline (chance): 1.05%
[19:19:54] Task 18 zero-shot (pre-train): 0.00%
[19:20:36] task=18  epoch=0  train_loss=3.6738
[19:21:43] task=18  epoch=END  time_sec=41.9  acc_task0=0.0  acc_task1=0.0  acc_task2=0.0  acc_task3=0.0  acc_task4=0.0  acc_task5=0.0  acc_task6=0.0  acc_task7=0.0  acc_task8=0.0  acc_task9=0.0  acc_task10=0.0  acc_task11=0.0  acc_task12=0.0  acc_task13=0.0  acc_task14=0.0  acc_task15=0.0  acc_task16=0.0  acc_task17=0.0  acc_task18=43.83
[19:21:44] 
============================================================
 Task 20/20  | Classes (95, 100)
============================================================
[19:21:44] Task 19 baseline (chance): 1.00%
[19:21:48] Task 19 zero-shot (pre-train): 0.00%
[19:22:32] task=19  epoch=0  train_loss=3.5806
[19:23:43] task=19  epoch=END  time_sec=43.8  acc_task0=0.0  acc_task1=0.0  acc_task2=0.0  acc_task3=0.0  acc_task4=0.0  acc_task5=0.0  acc_task6=0.0  acc_task7=0.0  acc_task8=0.0  acc_task9=0.0  acc_task10=0.0  acc_task11=0.0  acc_task12=0.0  acc_task13=0.0  acc_task14=0.0  acc_task15=0.0  acc_task16=0.0  acc_task17=0.0  acc_task18=0.0  acc_task19=44.17
[19:23:44] 
Final Metrics:
  avg_accuracy         +2.2083
  forgetting           +31.7105
  backward_transfer    -31.7105
  forward_transfer     -2.7345
[19:23:49] 
Done - run: split_mini_imagenet_ewc_seed42
[19:23:49] Metrics: {'avg_accuracy': 2.2083, 'forgetting': 31.7105, 'backward_transfer': -31.7105, 'forward_transfer': -2.7345}
[19:23:49] Deleted 20 checkpoint(s) after successful completion.
