[01:17:11] Starting: split_cifar10_ewc_seed456
[01:17:11] Config: {'dataset': 'split_cifar10', 'data_root': 'F:\\Temp\\cf\\Catastrophic Forgetting\\research_v2\\Project\\data_local', 'dataset_image_size': None, 'dataset_out_channels': None, 'model': 'slim_resnet18', 'pretrained': False, 'model_image_size': None, 'method': 'ewc', 'n_epochs': 1, 'batch_size': 32, 'num_workers': 0, 'lr': 0.03, 'momentum': 0.9, 'weight_decay': 0.0001, 'fp16': False, 'buffer_size': 200, 'ewc_lambda': 100.0, 'fisher_samples': 200, 'si_lambda': 1.0, 'si_xi': 0.1, 'der_alpha': 0.5, 'xder_beta': 0.5, 'lwf_lambda': 1.0, 'lwf_temp': 2.0, 'icarl_distill_w': 1.0, 'icarl_temp': 2.0, 'use_nmc': True, 'agem_mem_batch': 64, 'distill_lambda': 1.0, 'distill_temp': 2.0, 'pc_distill_w': 1.0, 'pc_ewc_lambda': 100.0, 'pc_compress_epochs': 3, 'er_replay_ratio': 0.5, 'joint_replay_epochs': 1, 'disable_tqdm': True, 'disable_checkpoints': False, 'disable_plots': False, 'resume': True, 'cleanup_checkpoints_on_success': True, 'result_group': 'runs', 'ablation_family': None, 'seeds': [42, 123, 456, 789, 1024], 'results_root': 'F:\\Temp\\cf\\Catastrophic Forgetting\\research_v2\\results', 'seed': 456, 'run_name': 'split_cifar10_ewc_seed456', 'project_root': 'F:\\Temp\\cf\\Catastrophic Forgetting\\research_v2\\Project', 'workspace_root': 'F:\\Temp\\cf\\Catastrophic Forgetting\\research_v2', 'run_root': 'F:\\Temp\\cf\\Catastrophic Forgetting\\research_v2\\results\\runs\\epoch_1\\split_cifar10\\baselines\\ewc\\seed_456', 'log_dir': 'F:\\Temp\\cf\\Catastrophic Forgetting\\research_v2\\results\\runs\\epoch_1\\split_cifar10\\baselines\\ewc\\seed_456\\logs', 'metrics_dir': 'F:\\Temp\\cf\\Catastrophic Forgetting\\research_v2\\results\\runs\\epoch_1\\split_cifar10\\baselines\\ewc\\seed_456\\metrics', 'checkpoint_dir': 'F:\\Temp\\cf\\Catastrophic Forgetting\\research_v2\\results\\runs\\epoch_1\\split_cifar10\\baselines\\ewc\\seed_456\\checkpoints', 'artifact_dir': 'F:\\Temp\\cf\\Catastrophic Forgetting\\research_v2\\results\\runs\\epoch_1\\split_cifar10\\baselines\\ewc\\seed_456\\artifacts', 'figure_dir': 'F:\\Temp\\cf\\Catastrophic Forgetting\\research_v2\\results\\figures\\epoch_1\\split_cifar10\\baselines\\ewc\\seed_456'}
[01:17:11] Device: cuda
[01:17:13] Dataset: SplitCIFAR10(tasks=5, classes_per_task=2, scenario=class-il)
[01:17:13] 
============================================================
 Task 1/5  | Classes (0, 2)
============================================================
[01:17:13] Task 0 baseline (chance): 50.00%
[01:17:24] task=0  epoch=0  train_loss=0.5142
[01:17:25] task=0  epoch=END  time_sec=10.7  acc_task0=86.9
[01:17:25] 
============================================================
 Task 2/5  | Classes (2, 4)
============================================================
[01:17:25] Task 1 baseline (chance): 25.00%
[01:17:26] Task 1 zero-shot (pre-train): 5.25%
[01:17:42] task=1  epoch=0  train_loss=0.6062
[01:17:44] task=1  epoch=END  time_sec=16.0  acc_task0=0.0  acc_task1=74.2
[01:17:44] 
============================================================
 Task 3/5  | Classes (4, 6)
============================================================
[01:17:44] Task 2 baseline (chance): 16.67%
[01:17:44] Task 2 zero-shot (pre-train): 0.00%
[01:18:07] task=2  epoch=0  train_loss=0.6254
[01:18:10] task=2  epoch=END  time_sec=23.1  acc_task0=0.0  acc_task1=0.0  acc_task2=77.1
[01:18:10] 
============================================================
 Task 4/5  | Classes (6, 8)
============================================================
[01:18:10] Task 3 baseline (chance): 12.50%
[01:18:11] Task 3 zero-shot (pre-train): 0.00%
[01:18:41] task=3  epoch=0  train_loss=0.7151
[01:18:44] task=3  epoch=END  time_sec=29.7  acc_task0=0.0  acc_task1=0.0  acc_task2=0.0  acc_task3=85.65
[01:18:44] 
============================================================
 Task 5/5  | Classes (8, 10)
============================================================
[01:18:44] Task 4 baseline (chance): 10.00%
[01:18:45] Task 4 zero-shot (pre-train): 0.00%
[01:19:19] task=4  epoch=0  train_loss=0.7266
[01:19:23] task=4  epoch=END  time_sec=33.9  acc_task0=0.0  acc_task1=0.0  acc_task2=0.0  acc_task3=0.0  acc_task4=85.75
[01:19:23] 
Final Metrics:
  avg_accuracy         +17.1500
  forgetting           +80.9625
  backward_transfer    -80.9625
  forward_transfer     -14.7292
[01:19:24] 
Done - run: split_cifar10_ewc_seed456
[01:19:24] Metrics: {'avg_accuracy': 17.15, 'forgetting': 80.9625, 'backward_transfer': -80.9625, 'forward_transfer': -14.7292}
[01:19:24] Deleted 5 checkpoint(s) after successful completion.
