[05:14:42] Starting: split_cifar10_xder_buf100_seed123
[05:14:42] Config: {'dataset': 'split_cifar10', 'data_root': 'F:\\Temp\\cf\\Catastrophic Forgetting\\research_v2\\Project\\data_local', 'dataset_image_size': None, 'dataset_out_channels': None, 'model': 'slim_resnet18', 'pretrained': False, 'model_image_size': None, 'method': 'xder', 'n_epochs': 1, 'batch_size': 32, 'num_workers': 0, 'lr': 0.03, 'momentum': 0.9, 'weight_decay': 0.0001, 'fp16': False, 'buffer_size': 100, 'ewc_lambda': 100.0, 'fisher_samples': 200, 'si_lambda': 1.0, 'si_xi': 0.1, 'der_alpha': 0.5, 'xder_beta': 0.5, 'lwf_lambda': 1.0, 'lwf_temp': 2.0, 'icarl_distill_w': 1.0, 'icarl_temp': 2.0, 'use_nmc': True, 'agem_mem_batch': 64, 'distill_lambda': 1.0, 'distill_temp': 2.0, 'pc_distill_w': 1.0, 'pc_ewc_lambda': 100.0, 'pc_compress_epochs': 3, 'er_replay_ratio': 0.5, 'joint_replay_epochs': 1, 'disable_tqdm': True, 'disable_checkpoints': False, 'disable_plots': True, 'resume': False, 'cleanup_checkpoints_on_success': True, 'result_group': 'ablations', 'ablation_family': 'buffer', 'seeds': [42, 123, 456, 789, 1024], 'results_root': 'F:\\Temp\\cf\\Catastrophic Forgetting\\research_v2\\results', 'run_tag': 'buf100', 'seed': 123, 'run_name': 'split_cifar10_xder_buf100_seed123', 'project_root': 'F:\\Temp\\cf\\Catastrophic Forgetting\\research_v2\\Project', 'workspace_root': 'F:\\Temp\\cf\\Catastrophic Forgetting\\research_v2', 'run_root': 'F:\\Temp\\cf\\Catastrophic Forgetting\\research_v2\\results\\ablations\\epoch_1\\split_cifar10\\buffer\\xder__buf100\\seed_123', 'log_dir': 'F:\\Temp\\cf\\Catastrophic Forgetting\\research_v2\\results\\ablations\\epoch_1\\split_cifar10\\buffer\\xder__buf100\\seed_123\\logs', 'metrics_dir': 'F:\\Temp\\cf\\Catastrophic Forgetting\\research_v2\\results\\ablations\\epoch_1\\split_cifar10\\buffer\\xder__buf100\\seed_123\\metrics', 'checkpoint_dir': 'F:\\Temp\\cf\\Catastrophic Forgetting\\research_v2\\results\\ablations\\epoch_1\\split_cifar10\\buffer\\xder__buf100\\seed_123\\checkpoints', 'artifact_dir': 'F:\\Temp\\cf\\Catastrophic Forgetting\\research_v2\\results\\ablations\\epoch_1\\split_cifar10\\buffer\\xder__buf100\\seed_123\\artifacts', 'figure_dir': 'F:\\Temp\\cf\\Catastrophic Forgetting\\research_v2\\results\\figures\\ablations\\epoch_1\\split_cifar10\\buffer\\xder__buf100\\seed_123'}
[05:14:42] Device: cuda
[05:14:44] Dataset: SplitCIFAR10(tasks=5, classes_per_task=2, scenario=class-il)
[05:14:44] 
============================================================
 Task 1/5  | Classes (0, 2)
============================================================
[05:14:44] Task 0 baseline (chance): 50.00%
[05:15:08] task=0  epoch=0  train_loss=1.4513
[05:15:09] task=0  epoch=END  time_sec=24.0  acc_task0=81.75
[05:15:09] 
============================================================
 Task 2/5  | Classes (2, 4)
============================================================
[05:15:09] Task 1 baseline (chance): 25.00%
[05:15:10] Task 1 zero-shot (pre-train): 0.00%
[05:15:33] task=1  epoch=0  train_loss=1.5403
[05:15:35] task=1  epoch=END  time_sec=22.9  acc_task0=0.35  acc_task1=72.65
[05:15:36] 
============================================================
 Task 3/5  | Classes (4, 6)
============================================================
[05:15:36] Task 2 baseline (chance): 16.67%
[05:15:36] Task 2 zero-shot (pre-train): 0.00%
[05:16:01] task=2  epoch=0  train_loss=1.595
[05:16:04] task=2  epoch=END  time_sec=24.5  acc_task0=2.75  acc_task1=0.5  acc_task2=79.7
[05:16:04] 
============================================================
 Task 4/5  | Classes (6, 8)
============================================================
[05:16:04] Task 3 baseline (chance): 12.50%
[05:16:05] Task 3 zero-shot (pre-train): 0.00%
[05:16:29] task=3  epoch=0  train_loss=1.4077
[05:16:33] task=3  epoch=END  time_sec=23.5  acc_task0=3.7  acc_task1=0.2  acc_task2=1.0  acc_task3=85.15
[05:16:33] 
============================================================
 Task 5/5  | Classes (8, 10)
============================================================
[05:16:33] Task 4 baseline (chance): 10.00%
[05:16:34] Task 4 zero-shot (pre-train): 0.00%
[05:16:59] task=4  epoch=0  train_loss=1.259
[05:17:04] task=4  epoch=END  time_sec=25.1  acc_task0=0.05  acc_task1=0.05  acc_task2=0.75  acc_task3=4.0  acc_task4=86.65
[05:17:04] 
Final Metrics:
  avg_accuracy         +18.3000
  forgetting           +78.6000
  backward_transfer    -78.6000
  forward_transfer     -16.0417
[05:17:04] 
Done - run: split_cifar10_xder_buf100_seed123
[05:17:04] Metrics: {'avg_accuracy': 18.3, 'forgetting': 78.6, 'backward_transfer': -78.6, 'forward_transfer': -16.0417}
[05:17:04] Deleted 5 checkpoint(s) after successful completion.
