[10:24:47] Starting: split_cifar10_icarl_nonmc_seed42
[10:24:47] Config: {'dataset': 'split_cifar10', 'data_root': 'Project/data_local', 'model': 'slim_resnet18', 'pretrained': False, 'method': 'icarl', 'n_epochs': 1, 'batch_size': 32, 'num_workers': 0, 'lr': 0.03, 'momentum': 0.9, 'weight_decay': 0.0001, 'fp16': False, 'buffer_size': 200, 'ewc_lambda': 100.0, 'fisher_samples': 200, 'si_lambda': 1.0, 'si_xi': 0.1, 'der_alpha': 0.5, 'xder_beta': 0.5, 'lwf_lambda': 1.0, 'lwf_temp': 2.0, 'icarl_distill_w': 1.0, 'icarl_temp': 2.0, 'use_nmc': False, 'agem_mem_batch': 64, 'distill_lambda': 1.0, 'distill_temp': 2.0, 'pc_distill_w': 1.0, 'pc_ewc_lambda': 100.0, 'pc_compress_epochs': 3, 'er_replay_ratio': 0.5, 'joint_replay_epochs': 1, 'disable_tqdm': True, 'disable_checkpoints': True, 'disable_plots': True, 'seeds': [42, 123, 456], 'results_root': 'results_phase3_interactions', 'checkpoint_dir': 'results/checkpoints', 'figure_dir': 'results_phase3_interactions\\figures', 'log_dir': 'results_phase3_interactions\\raw', 'run_tag': 'nonmc', 'run_name': 'split_cifar10_icarl_nonmc_seed42', 'seed': 42}
[10:24:47] Device: cuda
[10:24:49] Dataset: SplitCIFAR10(tasks=5, classes_per_task=2, scenario=class-il)
[10:24:49] 
============================================================
 Task 1/5  | Classes (0, 2)
============================================================
[10:24:49] Task 0 baseline (chance): 50.00%
[10:25:01] task=0  epoch=0  train_loss=0.5556
[10:25:10] task=0  epoch=END  time_sec=12.5  acc_task0=87.25
[10:25:10] 
============================================================
 Task 2/5  | Classes (2, 4)
============================================================
[10:25:10] Task 1 baseline (chance): 25.00%
[10:25:11] Task 1 zero-shot (pre-train): 2.30%
[10:25:31] task=1  epoch=0  train_loss=0.6467
[10:25:40] task=1  epoch=END  time_sec=20.2  acc_task0=0.0  acc_task1=73.2
[10:25:40] 
============================================================
 Task 3/5  | Classes (4, 6)
============================================================
[10:25:40] Task 2 baseline (chance): 16.67%
[10:25:41] Task 2 zero-shot (pre-train): 0.00%
[10:26:01] task=2  epoch=0  train_loss=0.6609
[10:26:11] task=2  epoch=END  time_sec=20.2  acc_task0=0.0  acc_task1=0.0  acc_task2=78.9
[10:26:11] 
============================================================
 Task 4/5  | Classes (6, 8)
============================================================
[10:26:11] Task 3 baseline (chance): 12.50%
[10:26:12] Task 3 zero-shot (pre-train): 0.00%
[10:26:32] task=3  epoch=0  train_loss=0.7616
[10:26:43] task=3  epoch=END  time_sec=20.2  acc_task0=0.0  acc_task1=0.0  acc_task2=0.0  acc_task3=86.9
[10:26:43] 
============================================================
 Task 5/5  | Classes (8, 10)
============================================================
[10:26:43] Task 4 baseline (chance): 10.00%
[10:26:44] Task 4 zero-shot (pre-train): 0.00%
[10:27:04] task=4  epoch=0  train_loss=0.9592
[10:27:16] task=4  epoch=END  time_sec=20.1  acc_task0=0.0  acc_task1=0.0  acc_task2=0.0  acc_task3=0.0  acc_task4=86.2
[10:27:16] 
Final Metrics:
  avg_accuracy         +17.2400
  forgetting           +81.5625
  backward_transfer    -81.5625
  forward_transfer     -15.4667
[10:27:16] 
Done - run: split_cifar10_icarl_nonmc_seed42
[10:27:16] Metrics: {'avg_accuracy': 17.24, 'forgetting': 81.5625, 'backward_transfer': -81.5625, 'forward_transfer': -15.4667}
