[10:27:16] Starting: split_cifar10_icarl_nonmc_seed123
[10:27:16] Config: {'dataset': 'split_cifar10', 'data_root': 'Project/data_local', 'model': 'slim_resnet18', 'pretrained': False, 'method': 'icarl', 'n_epochs': 1, 'batch_size': 32, 'num_workers': 0, 'lr': 0.03, 'momentum': 0.9, 'weight_decay': 0.0001, 'fp16': False, 'buffer_size': 200, 'ewc_lambda': 100.0, 'fisher_samples': 200, 'si_lambda': 1.0, 'si_xi': 0.1, 'der_alpha': 0.5, 'xder_beta': 0.5, 'lwf_lambda': 1.0, 'lwf_temp': 2.0, 'icarl_distill_w': 1.0, 'icarl_temp': 2.0, 'use_nmc': False, 'agem_mem_batch': 64, 'distill_lambda': 1.0, 'distill_temp': 2.0, 'pc_distill_w': 1.0, 'pc_ewc_lambda': 100.0, 'pc_compress_epochs': 3, 'er_replay_ratio': 0.5, 'joint_replay_epochs': 1, 'disable_tqdm': True, 'disable_checkpoints': True, 'disable_plots': True, 'seeds': [42, 123, 456], 'results_root': 'results_phase3_interactions', 'checkpoint_dir': 'results/checkpoints', 'figure_dir': 'results_phase3_interactions\\figures', 'log_dir': 'results_phase3_interactions\\raw', 'run_tag': 'nonmc', 'run_name': 'split_cifar10_icarl_nonmc_seed123', 'seed': 123}
[10:27:16] Device: cuda
[10:27:18] Dataset: SplitCIFAR10(tasks=5, classes_per_task=2, scenario=class-il)
[10:27:18] 
============================================================
 Task 1/5  | Classes (0, 2)
============================================================
[10:27:18] Task 0 baseline (chance): 50.00%
[10:27:30] task=0  epoch=0  train_loss=0.5108
[10:27:39] task=0  epoch=END  time_sec=12.4  acc_task0=78.5
[10:27:39] 
============================================================
 Task 2/5  | Classes (2, 4)
============================================================
[10:27:39] Task 1 baseline (chance): 25.00%
[10:27:40] Task 1 zero-shot (pre-train): 1.80%
[10:28:00] task=1  epoch=0  train_loss=0.6505
[10:28:09] task=1  epoch=END  time_sec=20.2  acc_task0=0.0  acc_task1=73.75
[10:28:09] 
============================================================
 Task 3/5  | Classes (4, 6)
============================================================
[10:28:09] Task 2 baseline (chance): 16.67%
[10:28:10] Task 2 zero-shot (pre-train): 0.00%
[10:28:30] task=2  epoch=0  train_loss=0.6614
[10:28:40] task=2  epoch=END  time_sec=20.2  acc_task0=0.0  acc_task1=0.0  acc_task2=79.4
[10:28:40] 
============================================================
 Task 4/5  | Classes (6, 8)
============================================================
[10:28:40] Task 3 baseline (chance): 12.50%
[10:28:41] Task 3 zero-shot (pre-train): 0.00%
[10:29:01] task=3  epoch=0  train_loss=0.6152
[10:29:12] task=3  epoch=END  time_sec=20.2  acc_task0=0.0  acc_task1=0.0  acc_task2=0.0  acc_task3=89.8
[10:29:12] 
============================================================
 Task 5/5  | Classes (8, 10)
============================================================
[10:29:12] Task 4 baseline (chance): 10.00%
[10:29:13] Task 4 zero-shot (pre-train): 0.00%
[10:29:33] task=4  epoch=0  train_loss=0.851
[10:29:45] task=4  epoch=END  time_sec=20.2  acc_task0=0.0  acc_task1=0.0  acc_task2=0.0  acc_task3=0.0  acc_task4=87.95
[10:29:45] 
Final Metrics:
  avg_accuracy         +17.5900
  forgetting           +80.3625
  backward_transfer    -80.3625
  forward_transfer     -15.5917
[10:29:45] 
Done - run: split_cifar10_icarl_nonmc_seed123
[10:29:45] Metrics: {'avg_accuracy': 17.59, 'forgetting': 80.3625, 'backward_transfer': -80.3625, 'forward_transfer': -15.5917}
