[02:52:09] Starting: split_cifar10_ewc_lambda10_seed456
[02:52:09] Config: {'dataset': 'split_cifar10', 'data_root': 'F:\\Temp\\cf\\Catastrophic Forgetting\\research_v2\\Project\\data_local', 'dataset_image_size': None, 'dataset_out_channels': None, 'model': 'slim_resnet18', 'pretrained': False, 'model_image_size': None, 'method': 'ewc', 'n_epochs': 1, 'batch_size': 32, 'num_workers': 0, 'lr': 0.03, 'momentum': 0.9, 'weight_decay': 0.0001, 'fp16': False, 'buffer_size': 200, 'ewc_lambda': 10.0, 'fisher_samples': 200, 'si_lambda': 1.0, 'si_xi': 0.1, 'der_alpha': 0.5, 'xder_beta': 0.5, 'lwf_lambda': 1.0, 'lwf_temp': 2.0, 'icarl_distill_w': 1.0, 'icarl_temp': 2.0, 'use_nmc': True, 'agem_mem_batch': 64, 'distill_lambda': 1.0, 'distill_temp': 2.0, 'pc_distill_w': 1.0, 'pc_ewc_lambda': 100.0, 'pc_compress_epochs': 3, 'er_replay_ratio': 0.5, 'joint_replay_epochs': 1, 'disable_tqdm': True, 'disable_checkpoints': False, 'disable_plots': True, 'resume': False, 'cleanup_checkpoints_on_success': True, 'result_group': 'ablations', 'ablation_family': 'lambda', 'seeds': [42, 123, 456, 789, 1024], 'results_root': 'F:\\Temp\\cf\\Catastrophic Forgetting\\research_v2\\results', 'run_tag': 'lambda10', 'seed': 456, 'run_name': 'split_cifar10_ewc_lambda10_seed456', 'project_root': 'F:\\Temp\\cf\\Catastrophic Forgetting\\research_v2\\Project', 'workspace_root': 'F:\\Temp\\cf\\Catastrophic Forgetting\\research_v2', 'run_root': 'F:\\Temp\\cf\\Catastrophic Forgetting\\research_v2\\results\\ablations\\epoch_1\\split_cifar10\\lambda\\ewc__lambda10\\seed_456', 'log_dir': 'F:\\Temp\\cf\\Catastrophic Forgetting\\research_v2\\results\\ablations\\epoch_1\\split_cifar10\\lambda\\ewc__lambda10\\seed_456\\logs', 'metrics_dir': 'F:\\Temp\\cf\\Catastrophic Forgetting\\research_v2\\results\\ablations\\epoch_1\\split_cifar10\\lambda\\ewc__lambda10\\seed_456\\metrics', 'checkpoint_dir': 'F:\\Temp\\cf\\Catastrophic Forgetting\\research_v2\\results\\ablations\\epoch_1\\split_cifar10\\lambda\\ewc__lambda10\\seed_456\\checkpoints', 'artifact_dir': 'F:\\Temp\\cf\\Catastrophic Forgetting\\research_v2\\results\\ablations\\epoch_1\\split_cifar10\\lambda\\ewc__lambda10\\seed_456\\artifacts', 'figure_dir': 'F:\\Temp\\cf\\Catastrophic Forgetting\\research_v2\\results\\figures\\ablations\\epoch_1\\split_cifar10\\lambda\\ewc__lambda10\\seed_456'}
[02:52:09] Device: cuda
[02:52:12] Dataset: SplitCIFAR10(tasks=5, classes_per_task=2, scenario=class-il)
[02:52:12] 
============================================================
 Task 1/5  | Classes (0, 2)
============================================================
[02:52:12] Task 0 baseline (chance): 50.00%
[02:52:28] task=0  epoch=0  train_loss=0.5142
[02:52:29] task=0  epoch=END  time_sec=16.1  acc_task0=86.9
[02:52:29] 
============================================================
 Task 2/5  | Classes (2, 4)
============================================================
[02:52:29] Task 1 baseline (chance): 25.00%
[02:52:31] Task 1 zero-shot (pre-train): 5.25%
[02:52:55] task=1  epoch=0  train_loss=0.6047
[02:52:58] task=1  epoch=END  time_sec=24.7  acc_task0=0.0  acc_task1=74.45
[02:52:58] 
============================================================
 Task 3/5  | Classes (4, 6)
============================================================
[02:52:58] Task 2 baseline (chance): 16.67%
[02:52:59] Task 2 zero-shot (pre-train): 0.00%
[02:53:43] task=2  epoch=0  train_loss=0.5956
[02:53:46] task=2  epoch=END  time_sec=43.5  acc_task0=0.0  acc_task1=0.0  acc_task2=77.4
[02:53:47] 
============================================================
 Task 4/5  | Classes (6, 8)
============================================================
[02:53:47] Task 3 baseline (chance): 12.50%
[02:53:48] Task 3 zero-shot (pre-train): 0.00%
[02:54:42] task=3  epoch=0  train_loss=0.6622
[02:54:47] task=3  epoch=END  time_sec=54.6  acc_task0=0.0  acc_task1=0.0  acc_task2=0.0  acc_task3=85.95
[02:54:47] 
============================================================
 Task 5/5  | Classes (8, 10)
============================================================
[02:54:47] Task 4 baseline (chance): 10.00%
[02:54:48] Task 4 zero-shot (pre-train): 0.00%
[02:55:38] task=4  epoch=0  train_loss=0.654
[02:55:44] task=4  epoch=END  time_sec=49.8  acc_task0=0.0  acc_task1=0.0  acc_task2=0.0  acc_task3=0.0  acc_task4=83.65
[02:55:44] 
Final Metrics:
  avg_accuracy         +16.7300
  forgetting           +81.1750
  backward_transfer    -81.1750
  forward_transfer     -14.7292
[02:55:44] 
Done - run: split_cifar10_ewc_lambda10_seed456
[02:55:44] Metrics: {'avg_accuracy': 16.73, 'forgetting': 81.175, 'backward_transfer': -81.175, 'forward_transfer': -14.7292}
[02:55:45] Deleted 5 checkpoint(s) after successful completion.
