[10:02:18] Starting: split_cifar10_agem_distill_nodistill_seed123
[10:02:18] Config: {'dataset': 'split_cifar10', 'data_root': 'Project/data_local', 'model': 'slim_resnet18', 'pretrained': False, 'method': 'agem_distill', 'n_epochs': 1, 'batch_size': 32, 'num_workers': 0, 'lr': 0.03, 'momentum': 0.9, 'weight_decay': 0.0001, 'fp16': False, 'buffer_size': 200, 'ewc_lambda': 100.0, 'fisher_samples': 200, 'si_lambda': 1.0, 'si_xi': 0.1, 'der_alpha': 0.5, 'xder_beta': 0.5, 'lwf_lambda': 1.0, 'lwf_temp': 2.0, 'icarl_distill_w': 1.0, 'icarl_temp': 2.0, 'use_nmc': True, 'agem_mem_batch': 64, 'distill_lambda': 0.0, 'distill_temp': 2.0, 'pc_distill_w': 1.0, 'pc_ewc_lambda': 100.0, 'pc_compress_epochs': 3, 'er_replay_ratio': 0.5, 'joint_replay_epochs': 1, 'disable_tqdm': True, 'disable_checkpoints': True, 'disable_plots': True, 'seeds': [42, 123, 456], 'results_root': 'results_phase3_interactions', 'checkpoint_dir': 'results/checkpoints', 'figure_dir': 'results_phase3_interactions\\figures', 'log_dir': 'results_phase3_interactions\\raw', 'run_tag': 'nodistill', 'run_name': 'split_cifar10_agem_distill_nodistill_seed123', 'seed': 123}
[10:02:18] Device: cuda
[10:02:20] Dataset: SplitCIFAR10(tasks=5, classes_per_task=2, scenario=class-il)
[10:02:20] 
============================================================
 Task 1/5  | Classes (0, 2)
============================================================
[10:02:20] Task 0 baseline (chance): 50.00%
[10:02:48] task=0  epoch=0  train_loss=1.1561
[10:02:49] task=0  epoch=END  time_sec=27.3  acc_task0=81.05
[10:02:49] 
============================================================
 Task 2/5  | Classes (2, 4)
============================================================
[10:02:49] Task 1 baseline (chance): 25.00%
[10:02:50] Task 1 zero-shot (pre-train): 4.75%
[10:03:20] task=1  epoch=0  train_loss=5.838
[10:03:22] task=1  epoch=END  time_sec=29.5  acc_task0=75.95  acc_task1=39.8
[10:03:22] 
============================================================
 Task 3/5  | Classes (4, 6)
============================================================
[10:03:22] Task 2 baseline (chance): 16.67%
[10:03:23] Task 2 zero-shot (pre-train): 0.05%
[10:03:53] task=2  epoch=0  train_loss=3.9804
[10:03:56] task=2  epoch=END  time_sec=29.5  acc_task0=44.75  acc_task1=10.5  acc_task2=50.55
[10:03:56] 
============================================================
 Task 4/5  | Classes (6, 8)
============================================================
[10:03:56] Task 3 baseline (chance): 12.50%
[10:03:57] Task 3 zero-shot (pre-train): 0.00%
[10:04:27] task=3  epoch=0  train_loss=3.4001
[10:04:32] task=3  epoch=END  time_sec=29.6  acc_task0=30.35  acc_task1=11.6  acc_task2=18.75  acc_task3=45.65
[10:04:32] 
============================================================
 Task 5/5  | Classes (8, 10)
============================================================
[10:04:32] Task 4 baseline (chance): 10.00%
[10:04:33] Task 4 zero-shot (pre-train): 0.00%
[10:05:03] task=4  epoch=0  train_loss=3.5912
[10:05:08] task=4  epoch=END  time_sec=29.7  acc_task0=25.8  acc_task1=8.55  acc_task2=21.2  acc_task3=44.8  acc_task4=38.85
[10:05:08] 
Final Metrics:
  avg_accuracy         +27.8400
  forgetting           +29.1750
  backward_transfer    -29.1750
  forward_transfer     -14.8417
[10:05:08] 
Done - run: split_cifar10_agem_distill_nodistill_seed123
[10:05:08] Metrics: {'avg_accuracy': 27.84, 'forgetting': 29.175, 'backward_transfer': -29.175, 'forward_transfer': -14.8417}
