[09:59:24] Starting: split_cifar10_agem_distill_nodistill_seed42
[09:59:24] Config: {'dataset': 'split_cifar10', 'data_root': 'Project/data_local', 'model': 'slim_resnet18', 'pretrained': False, 'method': 'agem_distill', 'n_epochs': 1, 'batch_size': 32, 'num_workers': 0, 'lr': 0.03, 'momentum': 0.9, 'weight_decay': 0.0001, 'fp16': False, 'buffer_size': 200, 'ewc_lambda': 100.0, 'fisher_samples': 200, 'si_lambda': 1.0, 'si_xi': 0.1, 'der_alpha': 0.5, 'xder_beta': 0.5, 'lwf_lambda': 1.0, 'lwf_temp': 2.0, 'icarl_distill_w': 1.0, 'icarl_temp': 2.0, 'use_nmc': True, 'agem_mem_batch': 64, 'distill_lambda': 0.0, 'distill_temp': 2.0, 'pc_distill_w': 1.0, 'pc_ewc_lambda': 100.0, 'pc_compress_epochs': 3, 'er_replay_ratio': 0.5, 'joint_replay_epochs': 1, 'disable_tqdm': True, 'disable_checkpoints': True, 'disable_plots': True, 'seeds': [42, 123, 456], 'results_root': 'results_phase3_interactions', 'checkpoint_dir': 'results/checkpoints', 'figure_dir': 'results_phase3_interactions\\figures', 'log_dir': 'results_phase3_interactions\\raw', 'run_tag': 'nodistill', 'run_name': 'split_cifar10_agem_distill_nodistill_seed42', 'seed': 42}
[09:59:24] Device: cuda
[09:59:26] Dataset: SplitCIFAR10(tasks=5, classes_per_task=2, scenario=class-il)
[09:59:26] 
============================================================
 Task 1/5  | Classes (0, 2)
============================================================
[09:59:26] Task 0 baseline (chance): 50.00%
[09:59:56] task=0  epoch=0  train_loss=1.0174
[09:59:57] task=0  epoch=END  time_sec=29.2  acc_task0=83.3
[09:59:57] 
============================================================
 Task 2/5  | Classes (2, 4)
============================================================
[09:59:57] Task 1 baseline (chance): 25.00%
[09:59:58] Task 1 zero-shot (pre-train): 0.00%
[10:00:29] task=1  epoch=0  train_loss=5.7484
[10:00:31] task=1  epoch=END  time_sec=30.5  acc_task0=69.15  acc_task1=54.7
[10:00:31] 
============================================================
 Task 3/5  | Classes (4, 6)
============================================================
[10:00:31] Task 2 baseline (chance): 16.67%
[10:00:32] Task 2 zero-shot (pre-train): 0.00%
[10:01:02] task=2  epoch=0  train_loss=4.6686
[10:01:06] task=2  epoch=END  time_sec=30.1  acc_task0=62.85  acc_task1=18.2  acc_task2=38.4
[10:01:06] 
============================================================
 Task 4/5  | Classes (6, 8)
============================================================
[10:01:06] Task 3 baseline (chance): 12.50%
[10:01:07] Task 3 zero-shot (pre-train): 0.00%
[10:01:37] task=3  epoch=0  train_loss=3.9594
[10:01:41] task=3  epoch=END  time_sec=29.5  acc_task0=49.8  acc_task1=20.3  acc_task2=17.85  acc_task3=39.05
[10:01:41] 
============================================================
 Task 5/5  | Classes (8, 10)
============================================================
[10:01:41] Task 4 baseline (chance): 10.00%
[10:01:42] Task 4 zero-shot (pre-train): 0.00%
[10:02:12] task=4  epoch=0  train_loss=3.8692
[10:02:18] task=4  epoch=END  time_sec=29.5  acc_task0=16.55  acc_task1=19.0  acc_task2=15.95  acc_task3=28.95  acc_task4=49.2
[10:02:18] 
Final Metrics:
  avg_accuracy         +25.9300
  forgetting           +33.7500
  backward_transfer    -33.7500
  forward_transfer     -16.0417
[10:02:18] 
Done - run: split_cifar10_agem_distill_nodistill_seed42
[10:02:18] Metrics: {'avg_accuracy': 25.93, 'forgetting': 33.75, 'backward_transfer': -33.75, 'forward_transfer': -16.0417}
