[01:54:10] Starting: split_cifar10_joint_training_seed1024
[01:54:10] Config: {'dataset': 'split_cifar10', 'data_root': 'F:\\Temp\\cf\\Catastrophic Forgetting\\research_v2\\Project\\data_local', 'dataset_image_size': None, 'dataset_out_channels': None, 'model': 'slim_resnet18', 'pretrained': False, 'model_image_size': None, 'method': 'joint_training', 'n_epochs': 1, 'batch_size': 32, 'num_workers': 0, 'lr': 0.03, 'momentum': 0.9, 'weight_decay': 0.0001, 'fp16': False, 'buffer_size': 200, 'ewc_lambda': 100.0, 'fisher_samples': 200, 'si_lambda': 1.0, 'si_xi': 0.1, 'der_alpha': 0.5, 'xder_beta': 0.5, 'lwf_lambda': 1.0, 'lwf_temp': 2.0, 'icarl_distill_w': 1.0, 'icarl_temp': 2.0, 'use_nmc': True, 'agem_mem_batch': 64, 'distill_lambda': 1.0, 'distill_temp': 2.0, 'pc_distill_w': 1.0, 'pc_ewc_lambda': 100.0, 'pc_compress_epochs': 3, 'er_replay_ratio': 0.5, 'joint_replay_epochs': 1, 'disable_tqdm': True, 'disable_checkpoints': False, 'disable_plots': False, 'resume': True, 'cleanup_checkpoints_on_success': True, 'result_group': 'runs', 'ablation_family': None, 'seeds': [42, 123, 456, 789, 1024], 'results_root': 'F:\\Temp\\cf\\Catastrophic Forgetting\\research_v2\\results', 'seed': 1024, 'run_name': 'split_cifar10_joint_training_seed1024', 'project_root': 'F:\\Temp\\cf\\Catastrophic Forgetting\\research_v2\\Project', 'workspace_root': 'F:\\Temp\\cf\\Catastrophic Forgetting\\research_v2', 'run_root': 'F:\\Temp\\cf\\Catastrophic Forgetting\\research_v2\\results\\runs\\epoch_1\\split_cifar10\\baselines\\joint_training\\seed_1024', 'log_dir': 'F:\\Temp\\cf\\Catastrophic Forgetting\\research_v2\\results\\runs\\epoch_1\\split_cifar10\\baselines\\joint_training\\seed_1024\\logs', 'metrics_dir': 'F:\\Temp\\cf\\Catastrophic Forgetting\\research_v2\\results\\runs\\epoch_1\\split_cifar10\\baselines\\joint_training\\seed_1024\\metrics', 'checkpoint_dir': 'F:\\Temp\\cf\\Catastrophic Forgetting\\research_v2\\results\\runs\\epoch_1\\split_cifar10\\baselines\\joint_training\\seed_1024\\checkpoints', 'artifact_dir': 'F:\\Temp\\cf\\Catastrophic Forgetting\\research_v2\\results\\runs\\epoch_1\\split_cifar10\\baselines\\joint_training\\seed_1024\\artifacts', 'figure_dir': 'F:\\Temp\\cf\\Catastrophic Forgetting\\research_v2\\results\\figures\\epoch_1\\split_cifar10\\baselines\\joint_training\\seed_1024'}
[01:54:10] Device: cuda
[01:54:12] Dataset: SplitCIFAR10(tasks=5, classes_per_task=2, scenario=class-il)
[01:54:12] 
============================================================
 Task 1/5  | Classes (0, 2)
============================================================
[01:54:12] Task 0 baseline (chance): 50.00%
[01:54:24] task=0  epoch=0  train_loss=0.5336
[01:54:35] task=0  epoch=END  time_sec=11.2  acc_task0=90.6
[01:54:36] 
============================================================
 Task 2/5  | Classes (2, 4)
============================================================
[01:54:36] Task 1 baseline (chance): 25.00%
[01:54:36] Task 1 zero-shot (pre-train): 0.85%
[01:54:47] task=1  epoch=0  train_loss=0.5931
[01:55:07] task=1  epoch=END  time_sec=10.4  acc_task0=83.9  acc_task1=62.85
[01:55:07] 
============================================================
 Task 3/5  | Classes (4, 6)
============================================================
[01:55:07] Task 2 baseline (chance): 16.67%
[01:55:08] Task 2 zero-shot (pre-train): 0.00%
[01:55:19] task=2  epoch=0  train_loss=0.5412
[01:55:46] task=2  epoch=END  time_sec=11.0  acc_task0=82.85  acc_task1=24.05  acc_task2=70.5
[01:55:47] 
============================================================
 Task 4/5  | Classes (6, 8)
============================================================
[01:55:47] Task 3 baseline (chance): 12.50%
[01:55:47] Task 3 zero-shot (pre-train): 0.00%
[01:55:58] task=3  epoch=0  train_loss=0.3315
[01:56:31] task=3  epoch=END  time_sec=10.9  acc_task0=86.9  acc_task1=27.85  acc_task2=63.95  acc_task3=64.45
[01:56:32] 
============================================================
 Task 5/5  | Classes (8, 10)
============================================================
[01:56:32] Task 4 baseline (chance): 10.00%
[01:56:33] Task 4 zero-shot (pre-train): 0.00%
[01:56:44] task=4  epoch=0  train_loss=0.2871
[01:57:26] task=4  epoch=END  time_sec=11.0  acc_task0=59.75  acc_task1=42.15  acc_task2=63.35  acc_task3=69.1  acc_task4=85.4
[01:57:27] 
Final Metrics:
  avg_accuracy         +63.9500
  forgetting           +14.6750
  backward_transfer    -13.5125
  forward_transfer     -15.8292
[01:57:28] 
Done - run: split_cifar10_joint_training_seed1024
[01:57:28] Metrics: {'avg_accuracy': 63.95, 'forgetting': 14.675, 'backward_transfer': -13.5125, 'forward_transfer': -15.8292}
[01:57:28] Deleted 5 checkpoint(s) after successful completion.
