[02:42:13] Starting: split_cifar100_icarl_seed42
[02:42:13] Config: {'dataset': 'split_cifar100', 'data_root': 'F:\\Temp\\cf\\Catastrophic Forgetting\\research_v2\\Project\\data_local', 'dataset_image_size': None, 'dataset_out_channels': None, 'model': 'slim_resnet18', 'pretrained': False, 'model_image_size': None, 'method': 'icarl', 'n_epochs': 1, 'batch_size': 32, 'num_workers': 0, 'lr': 0.03, 'momentum': 0.9, 'weight_decay': 0.0001, 'fp16': True, 'buffer_size': 500, 'ewc_lambda': 100.0, 'fisher_samples': 200, 'si_lambda': 1.0, 'si_xi': 0.1, 'der_alpha': 0.5, 'xder_beta': 0.5, 'lwf_lambda': 1.0, 'lwf_temp': 2.0, 'icarl_distill_w': 1.0, 'icarl_temp': 2.0, 'use_nmc': True, 'agem_mem_batch': 64, 'distill_lambda': 1.0, 'distill_temp': 2.0, 'pc_distill_w': 1.0, 'pc_ewc_lambda': 100.0, 'pc_compress_epochs': 3, 'er_replay_ratio': 0.5, 'joint_replay_epochs': 1, 'disable_tqdm': True, 'disable_checkpoints': False, 'disable_plots': False, 'resume': True, 'cleanup_checkpoints_on_success': True, 'result_group': 'runs', 'ablation_family': None, 'seeds': [42, 123, 456, 789, 1024], 'results_root': 'F:\\Temp\\cf\\Catastrophic Forgetting\\research_v2\\results', 'seed': 42, 'run_name': 'split_cifar100_icarl_seed42', 'project_root': 'F:\\Temp\\cf\\Catastrophic Forgetting\\research_v2\\Project', 'workspace_root': 'F:\\Temp\\cf\\Catastrophic Forgetting\\research_v2', 'run_root': 'F:\\Temp\\cf\\Catastrophic Forgetting\\research_v2\\results\\runs\\epoch_1\\split_cifar100\\hybrids\\icarl\\seed_42', 'log_dir': 'F:\\Temp\\cf\\Catastrophic Forgetting\\research_v2\\results\\runs\\epoch_1\\split_cifar100\\hybrids\\icarl\\seed_42\\logs', 'metrics_dir': 'F:\\Temp\\cf\\Catastrophic Forgetting\\research_v2\\results\\runs\\epoch_1\\split_cifar100\\hybrids\\icarl\\seed_42\\metrics', 'checkpoint_dir': 'F:\\Temp\\cf\\Catastrophic Forgetting\\research_v2\\results\\runs\\epoch_1\\split_cifar100\\hybrids\\icarl\\seed_42\\checkpoints', 'artifact_dir': 'F:\\Temp\\cf\\Catastrophic Forgetting\\research_v2\\results\\runs\\epoch_1\\split_cifar100\\hybrids\\icarl\\seed_42\\artifacts', 'figure_dir': 'F:\\Temp\\cf\\Catastrophic Forgetting\\research_v2\\results\\figures\\epoch_1\\split_cifar100\\hybrids\\icarl\\seed_42'}
[02:42:13] Device: cuda
[02:42:15] Dataset: SplitCIFAR100(tasks=20, classes_per_task=5, scenario=class-il)
[02:42:15] 
============================================================
 Task 1/20  | Classes (0, 5)
============================================================
[02:42:15] Task 0 baseline (chance): 20.00%
[02:42:19] task=0  epoch=0  train_loss=1.563
[02:42:23] task=0  epoch=END  time_sec=3.9  acc_task0=44.4
[02:42:23] 
============================================================
 Task 2/20  | Classes (5, 10)
============================================================
[02:42:23] Task 1 baseline (chance): 10.00%
[02:42:24] Task 1 zero-shot (pre-train): 0.00%
[02:42:28] task=1  epoch=0  train_loss=1.8071
[02:42:32] task=1  epoch=END  time_sec=4.9  acc_task0=23.2  acc_task1=31.8
[02:42:32] 
============================================================
 Task 3/20  | Classes (10, 15)
============================================================
[02:42:32] Task 2 baseline (chance): 6.67%
[02:42:32] Task 2 zero-shot (pre-train): 0.00%
[02:42:37] task=2  epoch=0  train_loss=1.8702
[02:42:40] task=2  epoch=END  time_sec=4.6  acc_task0=23.4  acc_task1=11.8  acc_task2=25.6
[02:42:41] 
============================================================
 Task 4/20  | Classes (15, 20)
============================================================
[02:42:41] Task 3 baseline (chance): 5.00%
[02:42:41] Task 3 zero-shot (pre-train): 0.00%
[02:42:46] task=3  epoch=0  train_loss=2.3608
[02:42:50] task=3  epoch=END  time_sec=4.9  acc_task0=16.4  acc_task1=7.0  acc_task2=17.4  acc_task3=16.8
[02:42:50] 
============================================================
 Task 5/20  | Classes (20, 25)
============================================================
[02:42:50] Task 4 baseline (chance): 4.00%
[02:42:50] Task 4 zero-shot (pre-train): 0.00%
[02:42:55] task=4  epoch=0  train_loss=2.4663
[02:43:00] task=4  epoch=END  time_sec=5.2  acc_task0=13.4  acc_task1=3.2  acc_task2=9.4  acc_task3=17.6  acc_task4=29.4
[02:43:00] 
============================================================
 Task 6/20  | Classes (25, 30)
============================================================
[02:43:00] Task 5 baseline (chance): 3.33%
[02:43:00] Task 5 zero-shot (pre-train): 0.00%
[02:43:05] task=5  epoch=0  train_loss=3.2842
[02:43:10] task=5  epoch=END  time_sec=5.2  acc_task0=9.0  acc_task1=3.0  acc_task2=13.6  acc_task3=2.8  acc_task4=27.0  acc_task5=6.0
[02:43:10] 
============================================================
 Task 7/20  | Classes (30, 35)
============================================================
[02:43:10] Task 6 baseline (chance): 2.86%
[02:43:10] Task 6 zero-shot (pre-train): 0.00%
[02:43:15] task=6  epoch=0  train_loss=3.0336
[02:43:20] task=6  epoch=END  time_sec=5.1  acc_task0=3.0  acc_task1=3.4  acc_task2=13.8  acc_task3=0.6  acc_task4=19.2  acc_task5=0.8  acc_task6=19.0
[02:43:20] 
============================================================
 Task 8/20  | Classes (35, 40)
============================================================
[02:43:20] Task 7 baseline (chance): 2.50%
[02:43:21] Task 7 zero-shot (pre-train): 0.00%
[02:43:25] task=7  epoch=0  train_loss=3.4859
[02:43:30] task=7  epoch=END  time_sec=4.7  acc_task0=2.2  acc_task1=1.0  acc_task2=14.6  acc_task3=1.4  acc_task4=19.8  acc_task5=3.4  acc_task6=17.4  acc_task7=3.2
[02:43:30] 
============================================================
 Task 9/20  | Classes (40, 45)
============================================================
[02:43:30] Task 8 baseline (chance): 2.22%
[02:43:30] Task 8 zero-shot (pre-train): 0.00%
[02:43:35] task=8  epoch=0  train_loss=3.5283
[02:43:40] task=8  epoch=END  time_sec=4.7  acc_task0=3.4  acc_task1=0.4  acc_task2=11.6  acc_task3=6.2  acc_task4=14.0  acc_task5=2.6  acc_task6=18.6  acc_task7=2.6  acc_task8=18.8
[02:43:40] 
============================================================
 Task 10/20  | Classes (45, 50)
============================================================
[02:43:40] Task 9 baseline (chance): 2.00%
[02:43:40] Task 9 zero-shot (pre-train): 0.00%
[02:43:45] task=9  epoch=0  train_loss=3.5629
[02:43:49] task=9  epoch=END  time_sec=4.5  acc_task0=11.6  acc_task1=2.4  acc_task2=5.0  acc_task3=2.0  acc_task4=7.0  acc_task5=1.6  acc_task6=27.6  acc_task7=0.6  acc_task8=13.4  acc_task9=1.2
[02:43:50] 
============================================================
 Task 11/20  | Classes (50, 55)
============================================================
[02:43:50] Task 10 baseline (chance): 1.82%
[02:43:50] Task 10 zero-shot (pre-train): 0.00%
[02:43:55] task=10  epoch=0  train_loss=3.6762
[02:44:00] task=10  epoch=END  time_sec=4.6  acc_task0=3.4  acc_task1=1.0  acc_task2=5.6  acc_task3=2.4  acc_task4=9.6  acc_task5=1.6  acc_task6=22.2  acc_task7=3.0  acc_task8=12.2  acc_task9=3.4  acc_task10=18.8
[02:44:00] 
============================================================
 Task 12/20  | Classes (55, 60)
============================================================
[02:44:00] Task 11 baseline (chance): 1.67%
[02:44:00] Task 11 zero-shot (pre-train): 0.00%
[02:44:05] task=11  epoch=0  train_loss=3.9334
[02:44:10] task=11  epoch=END  time_sec=4.5  acc_task0=6.0  acc_task1=0.4  acc_task2=3.0  acc_task3=3.8  acc_task4=3.8  acc_task5=0.6  acc_task6=8.2  acc_task7=3.6  acc_task8=16.4  acc_task9=8.6  acc_task10=16.8  acc_task11=2.0
[02:44:11] 
============================================================
 Task 13/20  | Classes (60, 65)
============================================================
[02:44:11] Task 12 baseline (chance): 1.54%
[02:44:11] Task 12 zero-shot (pre-train): 0.00%
[02:44:16] task=12  epoch=0  train_loss=3.8939
[02:44:21] task=12  epoch=END  time_sec=4.8  acc_task0=4.4  acc_task1=0.6  acc_task2=3.4  acc_task3=5.4  acc_task4=6.6  acc_task5=1.6  acc_task6=13.8  acc_task7=2.0  acc_task8=14.6  acc_task9=6.4  acc_task10=15.6  acc_task11=1.4  acc_task12=11.8
[02:44:22] 
============================================================
 Task 14/20  | Classes (65, 70)
============================================================
[02:44:22] Task 13 baseline (chance): 1.43%
[02:44:22] Task 13 zero-shot (pre-train): 0.00%
[02:44:27] task=13  epoch=0  train_loss=4.2079
[02:44:33] task=13  epoch=END  time_sec=4.9  acc_task0=3.2  acc_task1=0.2  acc_task2=3.6  acc_task3=2.8  acc_task4=7.0  acc_task5=0.6  acc_task6=12.8  acc_task7=1.0  acc_task8=14.6  acc_task9=9.0  acc_task10=13.8  acc_task11=1.8  acc_task12=12.4  acc_task13=4.0
[02:44:33] 
============================================================
 Task 15/20  | Classes (70, 75)
============================================================
[02:44:33] Task 14 baseline (chance): 1.33%
[02:44:34] Task 14 zero-shot (pre-train): 0.00%
[02:44:38] task=14  epoch=0  train_loss=3.8677
[02:44:44] task=14  epoch=END  time_sec=4.8  acc_task0=2.0  acc_task1=0.4  acc_task2=2.0  acc_task3=5.2  acc_task4=6.6  acc_task5=1.2  acc_task6=3.2  acc_task7=1.6  acc_task8=17.8  acc_task9=7.8  acc_task10=4.2  acc_task11=2.0  acc_task12=15.2  acc_task13=5.2  acc_task14=13.8
[02:44:45] 
============================================================
 Task 16/20  | Classes (75, 80)
============================================================
[02:44:45] Task 15 baseline (chance): 1.25%
[02:44:45] Task 15 zero-shot (pre-train): 0.00%
[02:44:50] task=15  epoch=0  train_loss=4.0728
[02:44:56] task=15  epoch=END  time_sec=4.8  acc_task0=1.6  acc_task1=0.0  acc_task2=2.8  acc_task3=6.4  acc_task4=8.2  acc_task5=0.4  acc_task6=1.2  acc_task7=1.2  acc_task8=11.2  acc_task9=7.6  acc_task10=14.4  acc_task11=1.8  acc_task12=8.8  acc_task13=3.4  acc_task14=12.8  acc_task15=1.4
[02:44:57] 
============================================================
 Task 17/20  | Classes (80, 85)
============================================================
[02:44:57] Task 16 baseline (chance): 1.18%
[02:44:57] Task 16 zero-shot (pre-train): 0.00%
[02:45:01] task=16  epoch=0  train_loss=4.0632
[02:45:08] task=16  epoch=END  time_sec=4.4  acc_task0=5.0  acc_task1=1.0  acc_task2=3.0  acc_task3=2.6  acc_task4=7.8  acc_task5=0.0  acc_task6=1.2  acc_task7=1.4  acc_task8=11.2  acc_task9=9.6  acc_task10=6.2  acc_task11=1.0  acc_task12=18.4  acc_task13=2.0  acc_task14=8.8  acc_task15=1.0  acc_task16=3.6
[02:45:08] 
============================================================
 Task 18/20  | Classes (85, 90)
============================================================
[02:45:08] Task 17 baseline (chance): 1.11%
[02:45:09] Task 17 zero-shot (pre-train): 0.00%
[02:45:13] task=17  epoch=0  train_loss=4.2225
[02:45:19] task=17  epoch=END  time_sec=4.3  acc_task0=4.6  acc_task1=0.8  acc_task2=3.4  acc_task3=2.4  acc_task4=8.6  acc_task5=0.0  acc_task6=0.8  acc_task7=1.6  acc_task8=4.8  acc_task9=12.2  acc_task10=12.4  acc_task11=0.6  acc_task12=3.8  acc_task13=2.4  acc_task14=10.6  acc_task15=1.0  acc_task16=4.6  acc_task17=4.8
[02:45:20] 
============================================================
 Task 19/20  | Classes (90, 95)
============================================================
[02:45:20] Task 18 baseline (chance): 1.05%
[02:45:20] Task 18 zero-shot (pre-train): 0.00%
[02:45:24] task=18  epoch=0  train_loss=4.1978
[02:45:31] task=18  epoch=END  time_sec=4.5  acc_task0=4.0  acc_task1=1.0  acc_task2=4.2  acc_task3=1.6  acc_task4=10.2  acc_task5=0.6  acc_task6=10.4  acc_task7=0.6  acc_task8=1.0  acc_task9=10.2  acc_task10=1.4  acc_task11=1.0  acc_task12=14.4  acc_task13=2.0  acc_task14=7.8  acc_task15=1.6  acc_task16=2.0  acc_task17=7.0  acc_task18=10.2
[02:45:32] 
============================================================
 Task 20/20  | Classes (95, 100)
============================================================
[02:45:32] Task 19 baseline (chance): 1.00%
[02:45:32] Task 19 zero-shot (pre-train): 0.00%
[02:45:37] task=19  epoch=0  train_loss=4.203
[02:45:43] task=19  epoch=END  time_sec=4.7  acc_task0=3.8  acc_task1=0.6  acc_task2=5.2  acc_task3=1.0  acc_task4=10.6  acc_task5=0.4  acc_task6=7.6  acc_task7=3.0  acc_task8=4.8  acc_task9=9.8  acc_task10=5.2  acc_task11=0.8  acc_task12=11.8  acc_task13=1.8  acc_task14=6.6  acc_task15=1.6  acc_task16=2.6  acc_task17=5.2  acc_task18=4.0  acc_task19=6.6
[02:45:44] 
Final Metrics:
  avg_accuracy         +4.6500
  forgetting           +11.1684
  backward_transfer    -9.4842
  forward_transfer     -2.7345
[02:45:48] 
Done - run: split_cifar100_icarl_seed42
[02:45:48] Metrics: {'avg_accuracy': 4.65, 'forgetting': 11.1684, 'backward_transfer': -9.4842, 'forward_transfer': -2.7345}
[02:45:48] Deleted 20 checkpoint(s) after successful completion.
