[17:58:38] Starting: split_cifar10_fine_tune_seed789
[17:58:38] Config: {'dataset': 'split_cifar10', 'data_root': 'Project/data_local', 'model': 'slim_resnet18', 'pretrained': False, 'method': 'fine_tune', 'n_epochs': 1, 'batch_size': 32, 'num_workers': 0, 'lr': 0.03, 'momentum': 0.9, 'weight_decay': 0.0001, 'fp16': False, 'buffer_size': 200, 'ewc_lambda': 100.0, 'fisher_samples': 200, 'si_lambda': 1.0, 'si_xi': 0.1, 'der_alpha': 0.5, 'xder_beta': 0.5, 'lwf_lambda': 1.0, 'lwf_temp': 2.0, 'icarl_distill_w': 1.0, 'icarl_temp': 2.0, 'use_nmc': True, 'agem_mem_batch': 64, 'distill_lambda': 1.0, 'distill_temp': 2.0, 'pc_distill_w': 1.0, 'pc_ewc_lambda': 100.0, 'pc_compress_epochs': 3, 'er_replay_ratio': 0.5, 'joint_replay_epochs': 1, 'disable_tqdm': True, 'disable_checkpoints': True, 'disable_plots': False, 'seeds': [42, 123, 456, 789, 1024], 'results_root': 'results_fwt', 'checkpoint_dir': 'results/checkpoints', 'figure_dir': 'results_fwt\\figures', 'log_dir': 'results_fwt\\raw', 'run_name': 'split_cifar10_fine_tune_seed789', 'seed': 789}
[17:58:38] Device: cuda
[17:58:39] Dataset: SplitCIFAR10(tasks=5, classes_per_task=2, scenario=class-il)
[17:58:39] 
============================================================
 Task 1/5  | Classes (0, 2)
============================================================
[17:58:39] Task 0 baseline (chance): 50.00%
[17:58:50] task=0  epoch=0  train_loss=0.5182
[17:58:51] task=0  epoch=END  time_sec=10.6  acc_task0=85.1
[17:58:51] 
============================================================
 Task 2/5  | Classes (2, 4)
============================================================
[17:58:51] Task 1 baseline (chance): 25.00%
[17:58:51] Task 1 zero-shot (pre-train): 1.00%
[17:59:02] task=1  epoch=0  train_loss=0.6142
[17:59:04] task=1  epoch=END  time_sec=10.7  acc_task0=0.0  acc_task1=73.5
[17:59:04] 
============================================================
 Task 3/5  | Classes (4, 6)
============================================================
[17:59:04] Task 2 baseline (chance): 16.67%
[17:59:04] Task 2 zero-shot (pre-train): 0.00%
[17:59:15] task=2  epoch=0  train_loss=0.6236
[17:59:18] task=2  epoch=END  time_sec=10.8  acc_task0=0.0  acc_task1=0.0  acc_task2=79.9
[17:59:18] 
============================================================
 Task 4/5  | Classes (6, 8)
============================================================
[17:59:18] Task 3 baseline (chance): 12.50%
[17:59:18] Task 3 zero-shot (pre-train): 0.00%
[17:59:29] task=3  epoch=0  train_loss=0.6968
[17:59:32] task=3  epoch=END  time_sec=10.5  acc_task0=0.0  acc_task1=0.0  acc_task2=0.0  acc_task3=82.4
[17:59:32] 
============================================================
 Task 5/5  | Classes (8, 10)
============================================================
[17:59:32] Task 4 baseline (chance): 10.00%
[17:59:33] Task 4 zero-shot (pre-train): 0.00%
[17:59:43] task=4  epoch=0  train_loss=0.7037
[17:59:48] task=4  epoch=END  time_sec=10.6  acc_task0=0.0  acc_task1=0.0  acc_task2=0.0  acc_task3=0.0  acc_task4=83.9
[17:59:48] 
Final Metrics:
  avg_accuracy         +16.7800
  forgetting           +80.2250
  backward_transfer    -80.2250
  forward_transfer     -15.7917
[17:59:48] 
Done - run: split_cifar10_fine_tune_seed789
[17:59:48] Metrics: {'avg_accuracy': 16.78, 'forgetting': 80.225, 'backward_transfer': -80.225, 'forward_transfer': -15.7917}
