[17:56:17] Starting: split_cifar10_fine_tune_seed123
[17:56:17] Config: {'dataset': 'split_cifar10', 'data_root': 'Project/data_local', 'model': 'slim_resnet18', 'pretrained': False, 'method': 'fine_tune', 'n_epochs': 1, 'batch_size': 32, 'num_workers': 0, 'lr': 0.03, 'momentum': 0.9, 'weight_decay': 0.0001, 'fp16': False, 'buffer_size': 200, 'ewc_lambda': 100.0, 'fisher_samples': 200, 'si_lambda': 1.0, 'si_xi': 0.1, 'der_alpha': 0.5, 'xder_beta': 0.5, 'lwf_lambda': 1.0, 'lwf_temp': 2.0, 'icarl_distill_w': 1.0, 'icarl_temp': 2.0, 'use_nmc': True, 'agem_mem_batch': 64, 'distill_lambda': 1.0, 'distill_temp': 2.0, 'pc_distill_w': 1.0, 'pc_ewc_lambda': 100.0, 'pc_compress_epochs': 3, 'er_replay_ratio': 0.5, 'joint_replay_epochs': 1, 'disable_tqdm': True, 'disable_checkpoints': True, 'disable_plots': False, 'seeds': [42, 123, 456, 789, 1024], 'results_root': 'results_fwt', 'checkpoint_dir': 'results/checkpoints', 'figure_dir': 'results_fwt\\figures', 'log_dir': 'results_fwt\\raw', 'run_name': 'split_cifar10_fine_tune_seed123', 'seed': 123}
[17:56:17] Device: cuda
[17:56:18] Dataset: SplitCIFAR10(tasks=5, classes_per_task=2, scenario=class-il)
[17:56:18] 
============================================================
 Task 1/5  | Classes (0, 2)
============================================================
[17:56:18] Task 0 baseline (chance): 50.00%
[17:56:29] task=0  epoch=0  train_loss=0.5108
[17:56:30] task=0  epoch=END  time_sec=10.5  acc_task0=78.5
[17:56:30] 
============================================================
 Task 2/5  | Classes (2, 4)
============================================================
[17:56:30] Task 1 baseline (chance): 25.00%
[17:56:31] Task 1 zero-shot (pre-train): 1.80%
[17:56:41] task=1  epoch=0  train_loss=0.6132
[17:56:43] task=1  epoch=END  time_sec=10.6  acc_task0=0.0  acc_task1=72.55
[17:56:43] 
============================================================
 Task 3/5  | Classes (4, 6)
============================================================
[17:56:43] Task 2 baseline (chance): 16.67%
[17:56:44] Task 2 zero-shot (pre-train): 0.00%
[17:56:54] task=2  epoch=0  train_loss=0.6177
[17:56:57] task=2  epoch=END  time_sec=10.7  acc_task0=0.0  acc_task1=0.0  acc_task2=74.1
[17:56:57] 
============================================================
 Task 4/5  | Classes (6, 8)
============================================================
[17:56:57] Task 3 baseline (chance): 12.50%
[17:56:57] Task 3 zero-shot (pre-train): 0.00%
[17:57:08] task=3  epoch=0  train_loss=0.6035
[17:57:11] task=3  epoch=END  time_sec=10.6  acc_task0=0.0  acc_task1=0.0  acc_task2=0.0  acc_task3=85.1
[17:57:11] 
============================================================
 Task 5/5  | Classes (8, 10)
============================================================
[17:57:11] Task 4 baseline (chance): 10.00%
[17:57:12] Task 4 zero-shot (pre-train): 0.00%
[17:57:23] task=4  epoch=0  train_loss=0.6605
[17:57:27] task=4  epoch=END  time_sec=10.7  acc_task0=0.0  acc_task1=0.0  acc_task2=0.0  acc_task3=0.0  acc_task4=83.55
[17:57:27] 
Final Metrics:
  avg_accuracy         +16.7100
  forgetting           +77.5625
  backward_transfer    -77.5625
  forward_transfer     -15.5917
[17:57:27] 
Done - run: split_cifar10_fine_tune_seed123
[17:57:27] Metrics: {'avg_accuracy': 16.71, 'forgetting': 77.5625, 'backward_transfer': -77.5625, 'forward_transfer': -15.5917}
