[02:23:22] Starting: split_cifar100_ewc_seed1024
[02:23:22] Config: {'dataset': 'split_cifar100', 'data_root': 'F:\\Temp\\cf\\Catastrophic Forgetting\\research_v2\\Project\\data_local', 'dataset_image_size': None, 'dataset_out_channels': None, 'model': 'slim_resnet18', 'pretrained': False, 'model_image_size': None, 'method': 'ewc', 'n_epochs': 1, 'batch_size': 32, 'num_workers': 0, 'lr': 0.03, 'momentum': 0.9, 'weight_decay': 0.0001, 'fp16': True, 'buffer_size': 200, 'ewc_lambda': 100.0, 'fisher_samples': 200, 'si_lambda': 1.0, 'si_xi': 0.1, 'der_alpha': 0.5, 'xder_beta': 0.5, 'lwf_lambda': 1.0, 'lwf_temp': 2.0, 'icarl_distill_w': 1.0, 'icarl_temp': 2.0, 'use_nmc': True, 'agem_mem_batch': 64, 'distill_lambda': 1.0, 'distill_temp': 2.0, 'pc_distill_w': 1.0, 'pc_ewc_lambda': 100.0, 'pc_compress_epochs': 3, 'er_replay_ratio': 0.5, 'joint_replay_epochs': 1, 'disable_tqdm': True, 'disable_checkpoints': False, 'disable_plots': False, 'resume': True, 'cleanup_checkpoints_on_success': True, 'result_group': 'runs', 'ablation_family': None, 'seeds': [42, 123, 456, 789, 1024], 'results_root': 'F:\\Temp\\cf\\Catastrophic Forgetting\\research_v2\\results', 'seed': 1024, 'run_name': 'split_cifar100_ewc_seed1024', 'project_root': 'F:\\Temp\\cf\\Catastrophic Forgetting\\research_v2\\Project', 'workspace_root': 'F:\\Temp\\cf\\Catastrophic Forgetting\\research_v2', 'run_root': 'F:\\Temp\\cf\\Catastrophic Forgetting\\research_v2\\results\\runs\\epoch_1\\split_cifar100\\baselines\\ewc\\seed_1024', 'log_dir': 'F:\\Temp\\cf\\Catastrophic Forgetting\\research_v2\\results\\runs\\epoch_1\\split_cifar100\\baselines\\ewc\\seed_1024\\logs', 'metrics_dir': 'F:\\Temp\\cf\\Catastrophic Forgetting\\research_v2\\results\\runs\\epoch_1\\split_cifar100\\baselines\\ewc\\seed_1024\\metrics', 'checkpoint_dir': 'F:\\Temp\\cf\\Catastrophic Forgetting\\research_v2\\results\\runs\\epoch_1\\split_cifar100\\baselines\\ewc\\seed_1024\\checkpoints', 'artifact_dir': 'F:\\Temp\\cf\\Catastrophic Forgetting\\research_v2\\results\\runs\\epoch_1\\split_cifar100\\baselines\\ewc\\seed_1024\\artifacts', 'figure_dir': 'F:\\Temp\\cf\\Catastrophic Forgetting\\research_v2\\results\\figures\\epoch_1\\split_cifar100\\baselines\\ewc\\seed_1024'}
[02:23:22] Device: cuda
[02:23:24] Dataset: SplitCIFAR100(tasks=20, classes_per_task=5, scenario=class-il)
[02:23:24] 
============================================================
 Task 1/20  | Classes (0, 5)
============================================================
[02:23:24] Task 0 baseline (chance): 20.00%
[02:23:27] task=0  epoch=0  train_loss=1.5283
[02:23:28] task=0  epoch=END  time_sec=3.6  acc_task0=53.0
[02:23:28] 
============================================================
 Task 2/20  | Classes (5, 10)
============================================================
[02:23:28] Task 1 baseline (chance): 10.00%
[02:23:28] Task 1 zero-shot (pre-train): 0.00%
[02:23:34] task=1  epoch=0  train_loss=1.6641
[02:23:34] task=1  epoch=END  time_sec=5.4  acc_task0=0.0  acc_task1=43.2
[02:23:34] 
============================================================
 Task 3/20  | Classes (10, 15)
============================================================
[02:23:34] Task 2 baseline (chance): 6.67%
[02:23:35] Task 2 zero-shot (pre-train): 0.00%
[02:23:42] task=2  epoch=0  train_loss=1.7018
[02:23:43] task=2  epoch=END  time_sec=7.0  acc_task0=0.0  acc_task1=0.0  acc_task2=42.2
[02:23:43] 
============================================================
 Task 4/20  | Classes (15, 20)
============================================================
[02:23:43] Task 3 baseline (chance): 5.00%
[02:23:43] Task 3 zero-shot (pre-train): 0.00%
[02:23:52] task=3  epoch=0  train_loss=2.1147
[02:23:53] task=3  epoch=END  time_sec=8.7  acc_task0=0.0  acc_task1=0.0  acc_task2=0.0  acc_task3=35.4
[02:23:53] 
============================================================
 Task 5/20  | Classes (20, 25)
============================================================
[02:23:53] Task 4 baseline (chance): 4.00%
[02:23:53] Task 4 zero-shot (pre-train): 0.00%
[02:24:04] task=4  epoch=0  train_loss=2.1843
[02:24:05] task=4  epoch=END  time_sec=10.2  acc_task0=0.0  acc_task1=0.0  acc_task2=0.0  acc_task3=0.0  acc_task4=44.6
[02:24:05] 
============================================================
 Task 6/20  | Classes (25, 30)
============================================================
[02:24:05] Task 5 baseline (chance): 3.33%
[02:24:05] Task 5 zero-shot (pre-train): 0.00%
[02:24:17] task=5  epoch=0  train_loss=2.5779
[02:24:19] task=5  epoch=END  time_sec=12.0  acc_task0=0.0  acc_task1=0.0  acc_task2=0.0  acc_task3=0.0  acc_task4=0.0  acc_task5=24.2
[02:24:20] 
============================================================
 Task 7/20  | Classes (30, 35)
============================================================
[02:24:20] Task 6 baseline (chance): 2.86%
[02:24:20] Task 6 zero-shot (pre-train): 0.00%
[02:24:33] task=6  epoch=0  train_loss=2.7935
[02:24:35] task=6  epoch=END  time_sec=13.7  acc_task0=0.0  acc_task1=0.0  acc_task2=0.0  acc_task3=0.0  acc_task4=0.0  acc_task5=0.0  acc_task6=23.4
[02:24:36] 
============================================================
 Task 8/20  | Classes (35, 40)
============================================================
[02:24:36] Task 7 baseline (chance): 2.50%
[02:24:36] Task 7 zero-shot (pre-train): 0.00%
[02:24:51] task=7  epoch=0  train_loss=3.2868
[02:24:53] task=7  epoch=END  time_sec=14.7  acc_task0=0.0  acc_task1=0.0  acc_task2=0.0  acc_task3=0.0  acc_task4=0.0  acc_task5=0.0  acc_task6=0.0  acc_task7=20.4
[02:24:53] 
============================================================
 Task 9/20  | Classes (40, 45)
============================================================
[02:24:53] Task 8 baseline (chance): 2.22%
[02:24:53] Task 8 zero-shot (pre-train): 0.00%
[02:25:09] task=8  epoch=0  train_loss=2.9601
[02:25:11] task=8  epoch=END  time_sec=16.0  acc_task0=0.0  acc_task1=0.0  acc_task2=0.0  acc_task3=0.0  acc_task4=0.0  acc_task5=0.0  acc_task6=0.0  acc_task7=0.0  acc_task8=29.8
[02:25:12] 
============================================================
 Task 10/20  | Classes (45, 50)
============================================================
[02:25:12] Task 9 baseline (chance): 2.00%
[02:25:12] Task 9 zero-shot (pre-train): 0.00%
[02:25:30] task=9  epoch=0  train_loss=3.5764
[02:25:32] task=9  epoch=END  time_sec=17.8  acc_task0=0.0  acc_task1=0.0  acc_task2=0.0  acc_task3=0.0  acc_task4=0.0  acc_task5=0.0  acc_task6=0.0  acc_task7=0.0  acc_task8=0.0  acc_task9=20.0
[02:25:33] 
============================================================
 Task 11/20  | Classes (50, 55)
============================================================
[02:25:33] Task 10 baseline (chance): 1.82%
[02:25:33] Task 10 zero-shot (pre-train): 0.00%
[02:25:53] task=10  epoch=0  train_loss=3.8073
[02:25:56] task=10  epoch=END  time_sec=20.2  acc_task0=0.0  acc_task1=0.0  acc_task2=0.0  acc_task3=0.0  acc_task4=0.0  acc_task5=0.0  acc_task6=0.0  acc_task7=0.0  acc_task8=0.0  acc_task9=0.0  acc_task10=25.6
[02:25:57] 
============================================================
 Task 12/20  | Classes (55, 60)
============================================================
[02:25:57] Task 11 baseline (chance): 1.67%
[02:25:57] Task 11 zero-shot (pre-train): 0.00%
[02:26:18] task=11  epoch=0  train_loss=3.8377
[02:26:21] task=11  epoch=END  time_sec=21.3  acc_task0=0.0  acc_task1=0.0  acc_task2=0.0  acc_task3=0.0  acc_task4=0.0  acc_task5=0.0  acc_task6=0.0  acc_task7=0.0  acc_task8=0.0  acc_task9=0.0  acc_task10=0.0  acc_task11=20.0
[02:26:21] 
============================================================
 Task 13/20  | Classes (60, 65)
============================================================
[02:26:21] Task 12 baseline (chance): 1.54%
[02:26:22] Task 12 zero-shot (pre-train): 0.00%
[02:26:45] task=12  epoch=0  train_loss=3.7188
[02:26:48] task=12  epoch=END  time_sec=23.5  acc_task0=0.0  acc_task1=0.0  acc_task2=0.0  acc_task3=0.0  acc_task4=0.0  acc_task5=0.0  acc_task6=0.0  acc_task7=0.0  acc_task8=0.0  acc_task9=0.0  acc_task10=0.0  acc_task11=0.0  acc_task12=32.6
[02:26:49] 
============================================================
 Task 14/20  | Classes (65, 70)
============================================================
[02:26:49] Task 13 baseline (chance): 1.43%
[02:26:49] Task 13 zero-shot (pre-train): 0.00%
[02:27:14] task=13  epoch=0  train_loss=4.4915
[02:27:17] task=13  epoch=END  time_sec=24.8  acc_task0=0.0  acc_task1=0.0  acc_task2=0.0  acc_task3=0.0  acc_task4=0.0  acc_task5=0.0  acc_task6=0.0  acc_task7=0.0  acc_task8=0.0  acc_task9=0.0  acc_task10=0.0  acc_task11=0.0  acc_task12=0.0  acc_task13=27.0
[02:27:18] 
============================================================
 Task 15/20  | Classes (70, 75)
============================================================
[02:27:18] Task 14 baseline (chance): 1.33%
[02:27:18] Task 14 zero-shot (pre-train): 0.00%
[02:27:44] task=14  epoch=0  train_loss=3.6687
[02:27:47] task=14  epoch=END  time_sec=25.8  acc_task0=0.0  acc_task1=0.0  acc_task2=0.0  acc_task3=0.0  acc_task4=0.0  acc_task5=0.0  acc_task6=0.0  acc_task7=0.0  acc_task8=0.0  acc_task9=0.0  acc_task10=0.0  acc_task11=0.0  acc_task12=0.0  acc_task13=0.0  acc_task14=35.0
[02:27:48] 
============================================================
 Task 16/20  | Classes (75, 80)
============================================================
[02:27:48] Task 15 baseline (chance): 1.25%
[02:27:48] Task 15 zero-shot (pre-train): 0.00%
[02:28:15] task=15  epoch=0  train_loss=5.349
[02:28:18] task=15  epoch=END  time_sec=26.8  acc_task0=0.0  acc_task1=0.0  acc_task2=0.0  acc_task3=0.0  acc_task4=0.0  acc_task5=0.0  acc_task6=0.0  acc_task7=0.0  acc_task8=0.0  acc_task9=0.0  acc_task10=0.0  acc_task11=0.0  acc_task12=0.0  acc_task13=0.0  acc_task14=0.0  acc_task15=28.2
[02:28:19] 
============================================================
 Task 17/20  | Classes (80, 85)
============================================================
[02:28:19] Task 16 baseline (chance): 1.18%
[02:28:19] Task 16 zero-shot (pre-train): 0.00%
[02:28:52] task=16  epoch=0  train_loss=3.6263
[02:28:57] task=16  epoch=END  time_sec=33.0  acc_task0=0.0  acc_task1=0.0  acc_task2=0.0  acc_task3=0.0  acc_task4=0.0  acc_task5=0.0  acc_task6=0.0  acc_task7=0.0  acc_task8=0.0  acc_task9=0.0  acc_task10=0.0  acc_task11=0.0  acc_task12=0.0  acc_task13=0.0  acc_task14=0.0  acc_task15=0.0  acc_task16=44.4
[02:28:58] 
============================================================
 Task 18/20  | Classes (85, 90)
============================================================
[02:28:58] Task 17 baseline (chance): 1.11%
[02:28:58] Task 17 zero-shot (pre-train): 0.00%
[02:29:32] task=17  epoch=0  train_loss=4.5896
[02:29:37] task=17  epoch=END  time_sec=34.4  acc_task0=0.0  acc_task1=0.0  acc_task2=0.0  acc_task3=0.0  acc_task4=0.0  acc_task5=0.0  acc_task6=0.0  acc_task7=0.0  acc_task8=0.0  acc_task9=0.0  acc_task10=0.0  acc_task11=0.0  acc_task12=0.0  acc_task13=0.0  acc_task14=0.0  acc_task15=0.0  acc_task16=0.0  acc_task17=28.2
[02:29:38] 
============================================================
 Task 19/20  | Classes (90, 95)
============================================================
[02:29:38] Task 18 baseline (chance): 1.05%
[02:29:39] Task 18 zero-shot (pre-train): 0.00%
[02:30:08] task=18  epoch=0  train_loss=3.9651
[02:30:11] task=18  epoch=END  time_sec=29.1  acc_task0=0.0  acc_task1=0.0  acc_task2=0.0  acc_task3=0.0  acc_task4=0.0  acc_task5=0.0  acc_task6=0.0  acc_task7=0.0  acc_task8=0.0  acc_task9=0.0  acc_task10=0.0  acc_task11=0.0  acc_task12=0.0  acc_task13=0.0  acc_task14=0.0  acc_task15=0.0  acc_task16=0.0  acc_task17=0.0  acc_task18=40.8
[02:30:12] 
============================================================
 Task 20/20  | Classes (95, 100)
============================================================
[02:30:12] Task 19 baseline (chance): 1.00%
[02:30:12] Task 19 zero-shot (pre-train): 0.00%
[02:30:42] task=19  epoch=0  train_loss=4.5842
[02:30:45] task=19  epoch=END  time_sec=29.7  acc_task0=0.0  acc_task1=0.0  acc_task2=0.0  acc_task3=0.0  acc_task4=0.0  acc_task5=0.0  acc_task6=0.0  acc_task7=0.0  acc_task8=0.0  acc_task9=0.0  acc_task10=0.0  acc_task11=0.0  acc_task12=0.0  acc_task13=0.0  acc_task14=0.0  acc_task15=0.0  acc_task16=0.0  acc_task17=0.0  acc_task18=0.0  acc_task19=41.0
[02:30:46] 
Final Metrics:
  avg_accuracy         +2.0500
  forgetting           +32.5263
  backward_transfer    -32.5263
  forward_transfer     -2.7345
[02:30:48] 
Done - run: split_cifar100_ewc_seed1024
[02:30:48] Metrics: {'avg_accuracy': 2.05, 'forgetting': 32.5263, 'backward_transfer': -32.5263, 'forward_transfer': -2.7345}
[02:30:48] Deleted 20 checkpoint(s) after successful completion.
