[13:54:03] Starting: split_cifar10_icarl_buf100_seed789
[13:54:03] Config: {'dataset': 'split_cifar10', 'data_root': 'Project/data_local', 'model': 'slim_resnet18', 'pretrained': False, 'method': 'icarl', 'n_epochs': 1, 'batch_size': 32, 'num_workers': 0, 'lr': 0.03, 'momentum': 0.9, 'weight_decay': 0.0001, 'fp16': False, 'buffer_size': 100, 'ewc_lambda': 100.0, 'fisher_samples': 200, 'si_lambda': 1.0, 'si_xi': 0.1, 'der_alpha': 0.5, 'xder_beta': 0.5, 'lwf_lambda': 1.0, 'lwf_temp': 2.0, 'icarl_distill_w': 1.0, 'icarl_temp': 2.0, 'use_nmc': True, 'agem_mem_batch': 64, 'distill_lambda': 1.0, 'distill_temp': 2.0, 'pc_distill_w': 1.0, 'pc_ewc_lambda': 100.0, 'pc_compress_epochs': 3, 'er_replay_ratio': 0.5, 'joint_replay_epochs': 1, 'disable_tqdm': True, 'disable_checkpoints': True, 'disable_plots': True, 'seeds': [42, 123, 456, 789, 1024], 'results_root': 'results_phase3_ablations', 'checkpoint_dir': 'results/checkpoints', 'figure_dir': 'results_phase3_ablations\\figures', 'log_dir': 'results_phase3_ablations\\raw', 'run_tag': 'buf100', 'run_name': 'split_cifar10_icarl_buf100_seed789', 'seed': 789}
[13:54:03] Device: cuda
[13:54:05] Dataset: SplitCIFAR10(tasks=5, classes_per_task=2, scenario=class-il)
[13:54:05] 
============================================================
 Task 1/5  | Classes (0, 2)
============================================================
[13:54:05] Task 0 baseline (chance): 50.00%
[13:54:17] task=0  epoch=0  train_loss=0.5182
[13:54:24] task=0  epoch=END  time_sec=12.0  acc_task0=75.55
[13:54:24] 
============================================================
 Task 2/5  | Classes (2, 4)
============================================================
[13:54:24] Task 1 baseline (chance): 25.00%
[13:54:25] Task 1 zero-shot (pre-train): 0.00%
[13:54:45] task=1  epoch=0  train_loss=0.6901
[13:54:53] task=1  epoch=END  time_sec=19.8  acc_task0=29.2  acc_task1=62.3
[13:54:53] 
============================================================
 Task 3/5  | Classes (4, 6)
============================================================
[13:54:53] Task 2 baseline (chance): 16.67%
[13:54:54] Task 2 zero-shot (pre-train): 0.00%
[13:55:14] task=2  epoch=0  train_loss=0.6392
[13:55:23] task=2  epoch=END  time_sec=19.9  acc_task0=6.65  acc_task1=7.3  acc_task2=71.4
[13:55:23] 
============================================================
 Task 4/5  | Classes (6, 8)
============================================================
[13:55:24] Task 3 baseline (chance): 12.50%
[13:55:24] Task 3 zero-shot (pre-train): 0.00%
[13:55:44] task=3  epoch=0  train_loss=0.7187
[13:55:54] task=3  epoch=END  time_sec=19.7  acc_task0=4.3  acc_task1=0.95  acc_task2=2.4  acc_task3=85.3
[13:55:54] 
============================================================
 Task 5/5  | Classes (8, 10)
============================================================
[13:55:54] Task 4 baseline (chance): 10.00%
[13:55:55] Task 4 zero-shot (pre-train): 0.00%
[13:56:15] task=4  epoch=0  train_loss=0.9245
[13:56:26] task=4  epoch=END  time_sec=19.8  acc_task0=0.0  acc_task1=0.0  acc_task2=0.0  acc_task3=0.0  acc_task4=86.8
[13:56:26] 
Final Metrics:
  avg_accuracy         +17.3600
  forgetting           +73.6375
  backward_transfer    -73.6375
  forward_transfer     -16.0417
[13:56:26] 
Done - run: split_cifar10_icarl_buf100_seed789
[13:56:26] Metrics: {'avg_accuracy': 17.36, 'forgetting': 73.6375, 'backward_transfer': -73.6375, 'forward_transfer': -16.0417}
