[13:51:28] Starting: split_cifar10_icarl_buf100_seed456
[13:51:28] Config: {'dataset': 'split_cifar10', 'data_root': 'Project/data_local', 'model': 'slim_resnet18', 'pretrained': False, 'method': 'icarl', 'n_epochs': 1, 'batch_size': 32, 'num_workers': 0, 'lr': 0.03, 'momentum': 0.9, 'weight_decay': 0.0001, 'fp16': False, 'buffer_size': 100, 'ewc_lambda': 100.0, 'fisher_samples': 200, 'si_lambda': 1.0, 'si_xi': 0.1, 'der_alpha': 0.5, 'xder_beta': 0.5, 'lwf_lambda': 1.0, 'lwf_temp': 2.0, 'icarl_distill_w': 1.0, 'icarl_temp': 2.0, 'use_nmc': True, 'agem_mem_batch': 64, 'distill_lambda': 1.0, 'distill_temp': 2.0, 'pc_distill_w': 1.0, 'pc_ewc_lambda': 100.0, 'pc_compress_epochs': 3, 'er_replay_ratio': 0.5, 'joint_replay_epochs': 1, 'disable_tqdm': True, 'disable_checkpoints': True, 'disable_plots': True, 'seeds': [42, 123, 456, 789, 1024], 'results_root': 'results_phase3_ablations', 'checkpoint_dir': 'results/checkpoints', 'figure_dir': 'results_phase3_ablations\\figures', 'log_dir': 'results_phase3_ablations\\raw', 'run_tag': 'buf100', 'run_name': 'split_cifar10_icarl_buf100_seed456', 'seed': 456}
[13:51:28] Device: cuda
[13:51:30] Dataset: SplitCIFAR10(tasks=5, classes_per_task=2, scenario=class-il)
[13:51:30] 
============================================================
 Task 1/5  | Classes (0, 2)
============================================================
[13:51:30] Task 0 baseline (chance): 50.00%
[13:51:45] task=0  epoch=0  train_loss=0.5418
[13:51:55] task=0  epoch=END  time_sec=14.7  acc_task0=85.0
[13:51:55] 
============================================================
 Task 2/5  | Classes (2, 4)
============================================================
[13:51:55] Task 1 baseline (chance): 25.00%
[13:51:56] Task 1 zero-shot (pre-train): 0.00%
[13:52:18] task=1  epoch=0  train_loss=0.6362
[13:52:30] task=1  epoch=END  time_sec=22.0  acc_task0=35.55  acc_task1=60.7
[13:52:30] 
============================================================
 Task 3/5  | Classes (4, 6)
============================================================
[13:52:30] Task 2 baseline (chance): 16.67%
[13:52:31] Task 2 zero-shot (pre-train): 0.00%
[13:52:50] task=2  epoch=0  train_loss=0.662
[13:53:00] task=2  epoch=END  time_sec=19.9  acc_task0=38.45  acc_task1=2.6  acc_task2=73.4
[13:53:00] 
============================================================
 Task 4/5  | Classes (6, 8)
============================================================
[13:53:00] Task 3 baseline (chance): 12.50%
[13:53:01] Task 3 zero-shot (pre-train): 0.00%
[13:53:21] task=3  epoch=0  train_loss=0.6474
[13:53:31] task=3  epoch=END  time_sec=19.8  acc_task0=26.55  acc_task1=0.2  acc_task2=3.8  acc_task3=85.25
[13:53:31] 
============================================================
 Task 5/5  | Classes (8, 10)
============================================================
[13:53:31] Task 4 baseline (chance): 10.00%
[13:53:32] Task 4 zero-shot (pre-train): 0.00%
[13:53:52] task=4  epoch=0  train_loss=0.8752
[13:54:03] task=4  epoch=END  time_sec=19.8  acc_task0=1.9  acc_task1=0.0  acc_task2=0.0  acc_task3=0.2  acc_task4=85.1
[13:54:03] 
Final Metrics:
  avg_accuracy         +17.4400
  forgetting           +75.5625
  backward_transfer    -75.5625
  forward_transfer     -16.0417
[13:54:03] 
Done - run: split_cifar10_icarl_buf100_seed456
[13:54:03] Metrics: {'avg_accuracy': 17.44, 'forgetting': 75.5625, 'backward_transfer': -75.5625, 'forward_transfer': -16.0417}
