[13:56:26] Starting: split_cifar10_icarl_buf100_seed1024
[13:56:26] Config: {'dataset': 'split_cifar10', 'data_root': 'Project/data_local', 'model': 'slim_resnet18', 'pretrained': False, 'method': 'icarl', 'n_epochs': 1, 'batch_size': 32, 'num_workers': 0, 'lr': 0.03, 'momentum': 0.9, 'weight_decay': 0.0001, 'fp16': False, 'buffer_size': 100, 'ewc_lambda': 100.0, 'fisher_samples': 200, 'si_lambda': 1.0, 'si_xi': 0.1, 'der_alpha': 0.5, 'xder_beta': 0.5, 'lwf_lambda': 1.0, 'lwf_temp': 2.0, 'icarl_distill_w': 1.0, 'icarl_temp': 2.0, 'use_nmc': True, 'agem_mem_batch': 64, 'distill_lambda': 1.0, 'distill_temp': 2.0, 'pc_distill_w': 1.0, 'pc_ewc_lambda': 100.0, 'pc_compress_epochs': 3, 'er_replay_ratio': 0.5, 'joint_replay_epochs': 1, 'disable_tqdm': True, 'disable_checkpoints': True, 'disable_plots': True, 'seeds': [42, 123, 456, 789, 1024], 'results_root': 'results_phase3_ablations', 'checkpoint_dir': 'results/checkpoints', 'figure_dir': 'results_phase3_ablations\\figures', 'log_dir': 'results_phase3_ablations\\raw', 'run_tag': 'buf100', 'run_name': 'split_cifar10_icarl_buf100_seed1024', 'seed': 1024}
[13:56:26] Device: cuda
[13:56:28] Dataset: SplitCIFAR10(tasks=5, classes_per_task=2, scenario=class-il)
[13:56:28] 
============================================================
 Task 1/5  | Classes (0, 2)
============================================================
[13:56:28] Task 0 baseline (chance): 50.00%
[13:56:40] task=0  epoch=0  train_loss=0.5051
[13:56:48] task=0  epoch=END  time_sec=12.0  acc_task0=89.9
[13:56:48] 
============================================================
 Task 2/5  | Classes (2, 4)
============================================================
[13:56:48] Task 1 baseline (chance): 25.00%
[13:56:49] Task 1 zero-shot (pre-train): 0.00%
[13:57:09] task=1  epoch=0  train_loss=0.6444
[13:57:17] task=1  epoch=END  time_sec=19.9  acc_task0=23.75  acc_task1=71.65
[13:57:17] 
============================================================
 Task 3/5  | Classes (4, 6)
============================================================
[13:57:17] Task 2 baseline (chance): 16.67%
[13:57:18] Task 2 zero-shot (pre-train): 0.00%
[13:57:38] task=2  epoch=0  train_loss=0.6422
[13:57:47] task=2  epoch=END  time_sec=19.8  acc_task0=10.45  acc_task1=0.5  acc_task2=77.25
[13:57:47] 
============================================================
 Task 4/5  | Classes (6, 8)
============================================================
[13:57:47] Task 3 baseline (chance): 12.50%
[13:57:48] Task 3 zero-shot (pre-train): 0.00%
[13:58:08] task=3  epoch=0  train_loss=0.6818
[13:58:18] task=3  epoch=END  time_sec=19.8  acc_task0=15.7  acc_task1=0.0  acc_task2=6.05  acc_task3=83.7
[13:58:18] 
============================================================
 Task 5/5  | Classes (8, 10)
============================================================
[13:58:18] Task 4 baseline (chance): 10.00%
[13:58:19] Task 4 zero-shot (pre-train): 0.00%
[13:58:39] task=4  epoch=0  train_loss=0.8616
[13:58:50] task=4  epoch=END  time_sec=19.8  acc_task0=0.45  acc_task1=0.0  acc_task2=0.0  acc_task3=0.05  acc_task4=85.1
[13:58:50] 
Final Metrics:
  avg_accuracy         +17.1200
  forgetting           +80.5000
  backward_transfer    -80.5000
  forward_transfer     -16.0417
[13:58:50] 
Done - run: split_cifar10_icarl_buf100_seed1024
[13:58:50] Metrics: {'avg_accuracy': 17.12, 'forgetting': 80.5, 'backward_transfer': -80.5, 'forward_transfer': -16.0417}
