[13:43:30] Starting: split_cifar10_icarl_buf100_seed42
[13:43:30] Config: {'dataset': 'split_cifar10', 'data_root': 'Project/data_local', 'model': 'slim_resnet18', 'pretrained': False, 'method': 'icarl', 'n_epochs': 1, 'batch_size': 32, 'num_workers': 0, 'lr': 0.03, 'momentum': 0.9, 'weight_decay': 0.0001, 'fp16': False, 'buffer_size': 100, 'ewc_lambda': 100.0, 'fisher_samples': 200, 'si_lambda': 1.0, 'si_xi': 0.1, 'der_alpha': 0.5, 'xder_beta': 0.5, 'lwf_lambda': 1.0, 'lwf_temp': 2.0, 'icarl_distill_w': 1.0, 'icarl_temp': 2.0, 'use_nmc': True, 'agem_mem_batch': 64, 'distill_lambda': 1.0, 'distill_temp': 2.0, 'pc_distill_w': 1.0, 'pc_ewc_lambda': 100.0, 'pc_compress_epochs': 3, 'er_replay_ratio': 0.5, 'joint_replay_epochs': 1, 'disable_tqdm': True, 'disable_checkpoints': True, 'disable_plots': True, 'seeds': [42, 123, 456, 789, 1024], 'results_root': 'results_phase3_ablations', 'checkpoint_dir': 'results/checkpoints', 'figure_dir': 'results_phase3_ablations\\figures', 'log_dir': 'results_phase3_ablations\\raw', 'run_tag': 'buf100', 'run_name': 'split_cifar10_icarl_buf100_seed42', 'seed': 42}
[13:43:30] Device: cuda
[13:43:32] Dataset: SplitCIFAR10(tasks=5, classes_per_task=2, scenario=class-il)
[13:43:32] 
============================================================
 Task 1/5  | Classes (0, 2)
============================================================
[13:43:32] Task 0 baseline (chance): 50.00%
[13:43:47] task=0  epoch=0  train_loss=0.5556
[13:43:58] task=0  epoch=END  time_sec=15.2  acc_task0=83.05
[13:43:58] 
============================================================
 Task 2/5  | Classes (2, 4)
============================================================
[13:43:58] Task 1 baseline (chance): 25.00%
[13:43:59] Task 1 zero-shot (pre-train): 0.00%
[13:44:21] task=1  epoch=0  train_loss=0.6417
[13:44:32] task=1  epoch=END  time_sec=21.8  acc_task0=36.3  acc_task1=60.1
[13:44:32] 
============================================================
 Task 3/5  | Classes (4, 6)
============================================================
[13:44:32] Task 2 baseline (chance): 16.67%
[13:44:34] Task 2 zero-shot (pre-train): 0.00%
[13:44:55] task=2  epoch=0  train_loss=0.6788
[13:45:08] task=2  epoch=END  time_sec=21.7  acc_task0=17.4  acc_task1=0.15  acc_task2=71.1
[13:45:08] 
============================================================
 Task 4/5  | Classes (6, 8)
============================================================
[13:45:08] Task 3 baseline (chance): 12.50%
[13:45:09] Task 3 zero-shot (pre-train): 0.00%
[13:45:42] Starting: split_cifar10_icarl_buf100_seed42
[13:45:42] Config: {'dataset': 'split_cifar10', 'data_root': 'Project/data_local', 'model': 'slim_resnet18', 'pretrained': False, 'method': 'icarl', 'n_epochs': 1, 'batch_size': 32, 'num_workers': 0, 'lr': 0.03, 'momentum': 0.9, 'weight_decay': 0.0001, 'fp16': False, 'buffer_size': 100, 'ewc_lambda': 100.0, 'fisher_samples': 200, 'si_lambda': 1.0, 'si_xi': 0.1, 'der_alpha': 0.5, 'xder_beta': 0.5, 'lwf_lambda': 1.0, 'lwf_temp': 2.0, 'icarl_distill_w': 1.0, 'icarl_temp': 2.0, 'use_nmc': True, 'agem_mem_batch': 64, 'distill_lambda': 1.0, 'distill_temp': 2.0, 'pc_distill_w': 1.0, 'pc_ewc_lambda': 100.0, 'pc_compress_epochs': 3, 'er_replay_ratio': 0.5, 'joint_replay_epochs': 1, 'disable_tqdm': True, 'disable_checkpoints': True, 'disable_plots': True, 'seeds': [42, 123, 456, 789, 1024], 'results_root': 'results_phase3_ablations', 'checkpoint_dir': 'results/checkpoints', 'figure_dir': 'results_phase3_ablations\\figures', 'log_dir': 'results_phase3_ablations\\raw', 'run_tag': 'buf100', 'run_name': 'split_cifar10_icarl_buf100_seed42', 'seed': 42}
[13:45:42] Device: cuda
[13:45:44] Dataset: SplitCIFAR10(tasks=5, classes_per_task=2, scenario=class-il)
[13:45:44] 
============================================================
 Task 1/5  | Classes (0, 2)
============================================================
[13:45:44] Task 0 baseline (chance): 50.00%
[13:45:59] task=0  epoch=0  train_loss=0.5556
[13:46:10] task=0  epoch=END  time_sec=15.2  acc_task0=83.05
[13:46:10] 
============================================================
 Task 2/5  | Classes (2, 4)
============================================================
[13:46:10] Task 1 baseline (chance): 25.00%
[13:46:11] Task 1 zero-shot (pre-train): 0.00%
[13:46:33] task=1  epoch=0  train_loss=0.6417
[13:46:44] task=1  epoch=END  time_sec=21.6  acc_task0=36.3  acc_task1=60.1
[13:46:44] 
============================================================
 Task 3/5  | Classes (4, 6)
============================================================
[13:46:44] Task 2 baseline (chance): 16.67%
[13:46:45] Task 2 zero-shot (pre-train): 0.00%
[13:47:08] task=2  epoch=0  train_loss=0.6788
[13:47:20] task=2  epoch=END  time_sec=22.8  acc_task0=17.4  acc_task1=0.15  acc_task2=71.1
[13:47:20] 
============================================================
 Task 4/5  | Classes (6, 8)
============================================================
[13:47:20] Task 3 baseline (chance): 12.50%
[13:47:22] Task 3 zero-shot (pre-train): 0.00%
[13:47:43] task=3  epoch=0  train_loss=0.7167
[13:47:57] task=3  epoch=END  time_sec=21.9  acc_task0=16.2  acc_task1=0.0  acc_task2=4.6  acc_task3=85.8
[13:47:57] 
============================================================
 Task 5/5  | Classes (8, 10)
============================================================
[13:47:57] Task 4 baseline (chance): 10.00%
[13:47:58] Task 4 zero-shot (pre-train): 0.00%
[13:48:20] task=4  epoch=0  train_loss=0.7405
[13:48:35] task=4  epoch=END  time_sec=21.9  acc_task0=3.5  acc_task1=0.0  acc_task2=0.0  acc_task3=14.4  acc_task4=78.0
[13:48:35] 
Final Metrics:
  avg_accuracy         +19.1800
  forgetting           +70.5375
  backward_transfer    -70.5375
  forward_transfer     -16.0417
[13:48:35] 
Done - run: split_cifar10_icarl_buf100_seed42
[13:48:35] Metrics: {'avg_accuracy': 19.18, 'forgetting': 70.5375, 'backward_transfer': -70.5375, 'forward_transfer': -16.0417}
