[13:48:35] Starting: split_cifar10_icarl_buf100_seed123
[13:48:35] Config: {'dataset': 'split_cifar10', 'data_root': 'Project/data_local', 'model': 'slim_resnet18', 'pretrained': False, 'method': 'icarl', 'n_epochs': 1, 'batch_size': 32, 'num_workers': 0, 'lr': 0.03, 'momentum': 0.9, 'weight_decay': 0.0001, 'fp16': False, 'buffer_size': 100, 'ewc_lambda': 100.0, 'fisher_samples': 200, 'si_lambda': 1.0, 'si_xi': 0.1, 'der_alpha': 0.5, 'xder_beta': 0.5, 'lwf_lambda': 1.0, 'lwf_temp': 2.0, 'icarl_distill_w': 1.0, 'icarl_temp': 2.0, 'use_nmc': True, 'agem_mem_batch': 64, 'distill_lambda': 1.0, 'distill_temp': 2.0, 'pc_distill_w': 1.0, 'pc_ewc_lambda': 100.0, 'pc_compress_epochs': 3, 'er_replay_ratio': 0.5, 'joint_replay_epochs': 1, 'disable_tqdm': True, 'disable_checkpoints': True, 'disable_plots': True, 'seeds': [42, 123, 456, 789, 1024], 'results_root': 'results_phase3_ablations', 'checkpoint_dir': 'results/checkpoints', 'figure_dir': 'results_phase3_ablations\\figures', 'log_dir': 'results_phase3_ablations\\raw', 'run_tag': 'buf100', 'run_name': 'split_cifar10_icarl_buf100_seed123', 'seed': 123}
[13:48:35] Device: cuda
[13:48:37] Dataset: SplitCIFAR10(tasks=5, classes_per_task=2, scenario=class-il)
[13:48:37] 
============================================================
 Task 1/5  | Classes (0, 2)
============================================================
[13:48:37] Task 0 baseline (chance): 50.00%
[13:48:52] task=0  epoch=0  train_loss=0.5108
[13:49:02] task=0  epoch=END  time_sec=14.9  acc_task0=83.0
[13:49:02] 
============================================================
 Task 2/5  | Classes (2, 4)
============================================================
[13:49:02] Task 1 baseline (chance): 25.00%
[13:49:04] Task 1 zero-shot (pre-train): 0.00%
[13:49:25] task=1  epoch=0  train_loss=0.6459
[13:49:37] task=1  epoch=END  time_sec=21.8  acc_task0=34.05  acc_task1=61.95
[13:49:37] 
============================================================
 Task 3/5  | Classes (4, 6)
============================================================
[13:49:37] Task 2 baseline (chance): 16.67%
[13:49:38] Task 2 zero-shot (pre-train): 0.00%
[13:50:00] task=2  epoch=0  train_loss=0.6741
[13:50:13] task=2  epoch=END  time_sec=22.0  acc_task0=20.25  acc_task1=3.4  acc_task2=74.05
[13:50:13] 
============================================================
 Task 4/5  | Classes (6, 8)
============================================================
[13:50:13] Task 3 baseline (chance): 12.50%
[13:50:14] Task 3 zero-shot (pre-train): 0.00%
[13:50:36] task=3  epoch=0  train_loss=0.6141
[13:50:50] task=3  epoch=END  time_sec=21.8  acc_task0=15.25  acc_task1=2.05  acc_task2=4.35  acc_task3=89.6
[13:50:50] 
============================================================
 Task 5/5  | Classes (8, 10)
============================================================
[13:50:50] Task 4 baseline (chance): 10.00%
[13:50:51] Task 4 zero-shot (pre-train): 0.00%
[13:51:13] task=4  epoch=0  train_loss=0.9049
[13:51:28] task=4  epoch=END  time_sec=22.0  acc_task0=0.0  acc_task1=0.6  acc_task2=0.0  acc_task3=0.0  acc_task4=78.7
[13:51:28] 
Final Metrics:
  avg_accuracy         +15.8600
  forgetting           +77.0000
  backward_transfer    -77.0000
  forward_transfer     -16.0417
[13:51:28] 
Done - run: split_cifar10_icarl_buf100_seed123
[13:51:28] Metrics: {'avg_accuracy': 15.86, 'forgetting': 77.0, 'backward_transfer': -77.0, 'forward_transfer': -16.0417}
