[01:51:46] Starting: split_cifar10_agem_distill_buf500_seed1024
[01:51:46] Config: {'dataset': 'split_cifar10', 'data_root': 'F:\\Temp\\cf\\Catastrophic Forgetting\\research_v2\\Project\\data_local', 'dataset_image_size': None, 'dataset_out_channels': None, 'model': 'slim_resnet18', 'pretrained': False, 'model_image_size': None, 'method': 'agem_distill', 'n_epochs': 1, 'batch_size': 32, 'num_workers': 0, 'lr': 0.03, 'momentum': 0.9, 'weight_decay': 0.0001, 'fp16': False, 'buffer_size': 500, 'ewc_lambda': 100.0, 'fisher_samples': 200, 'si_lambda': 1.0, 'si_xi': 0.1, 'der_alpha': 0.5, 'xder_beta': 0.5, 'lwf_lambda': 1.0, 'lwf_temp': 2.0, 'icarl_distill_w': 1.0, 'icarl_temp': 2.0, 'use_nmc': True, 'agem_mem_batch': 64, 'distill_lambda': 1.0, 'distill_temp': 2.0, 'pc_distill_w': 1.0, 'pc_ewc_lambda': 100.0, 'pc_compress_epochs': 3, 'er_replay_ratio': 0.5, 'joint_replay_epochs': 1, 'disable_tqdm': True, 'disable_checkpoints': False, 'disable_plots': True, 'resume': False, 'cleanup_checkpoints_on_success': True, 'result_group': 'ablations', 'ablation_family': 'buffer', 'seeds': [42, 123, 456, 789, 1024], 'results_root': 'F:\\Temp\\cf\\Catastrophic Forgetting\\research_v2\\results', 'run_tag': 'buf500', 'seed': 1024, 'run_name': 'split_cifar10_agem_distill_buf500_seed1024', 'project_root': 'F:\\Temp\\cf\\Catastrophic Forgetting\\research_v2\\Project', 'workspace_root': 'F:\\Temp\\cf\\Catastrophic Forgetting\\research_v2', 'run_root': 'F:\\Temp\\cf\\Catastrophic Forgetting\\research_v2\\results\\ablations\\epoch_1\\split_cifar10\\buffer\\agem_distill__buf500\\seed_1024', 'log_dir': 'F:\\Temp\\cf\\Catastrophic Forgetting\\research_v2\\results\\ablations\\epoch_1\\split_cifar10\\buffer\\agem_distill__buf500\\seed_1024\\logs', 'metrics_dir': 'F:\\Temp\\cf\\Catastrophic Forgetting\\research_v2\\results\\ablations\\epoch_1\\split_cifar10\\buffer\\agem_distill__buf500\\seed_1024\\metrics', 'checkpoint_dir': 'F:\\Temp\\cf\\Catastrophic Forgetting\\research_v2\\results\\ablations\\epoch_1\\split_cifar10\\buffer\\agem_distill__buf500\\seed_1024\\checkpoints', 'artifact_dir': 'F:\\Temp\\cf\\Catastrophic Forgetting\\research_v2\\results\\ablations\\epoch_1\\split_cifar10\\buffer\\agem_distill__buf500\\seed_1024\\artifacts', 'figure_dir': 'F:\\Temp\\cf\\Catastrophic Forgetting\\research_v2\\results\\figures\\ablations\\epoch_1\\split_cifar10\\buffer\\agem_distill__buf500\\seed_1024'}
[01:51:46] Device: cuda
[01:51:49] Dataset: SplitCIFAR10(tasks=5, classes_per_task=2, scenario=class-il)
[01:51:49] 
============================================================
 Task 1/5  | Classes (0, 2)
============================================================
[01:51:49] Task 0 baseline (chance): 50.00%
[01:52:04] task=0  epoch=0  train_loss=0.5336
[01:52:06] task=0  epoch=END  time_sec=15.1  acc_task0=85.75
[01:52:06] 
============================================================
 Task 2/5  | Classes (2, 4)
============================================================
[01:52:06] Task 1 baseline (chance): 25.00%
[01:52:07] Task 1 zero-shot (pre-train): 1.05%
[01:52:38] task=1  epoch=0  train_loss=0.7145
[01:52:40] task=1  epoch=END  time_sec=30.7  acc_task0=0.0  acc_task1=68.7
[01:52:41] 
============================================================
 Task 3/5  | Classes (4, 6)
============================================================
[01:52:41] Task 2 baseline (chance): 16.67%
[01:52:42] Task 2 zero-shot (pre-train): 0.00%
[01:53:15] task=2  epoch=0  train_loss=0.6439
[01:53:19] task=2  epoch=END  time_sec=33.7  acc_task0=0.0  acc_task1=0.0  acc_task2=78.15
[01:53:19] 
============================================================
 Task 4/5  | Classes (6, 8)
============================================================
[01:53:19] Task 3 baseline (chance): 12.50%
[01:53:20] Task 3 zero-shot (pre-train): 0.00%
[01:53:57] task=3  epoch=0  train_loss=0.6362
[01:54:01] task=3  epoch=END  time_sec=37.2  acc_task0=0.0  acc_task1=0.0  acc_task2=0.0  acc_task3=86.65
[01:54:01] 
============================================================
 Task 5/5  | Classes (8, 10)
============================================================
[01:54:01] Task 4 baseline (chance): 10.00%
[01:54:02] Task 4 zero-shot (pre-train): 0.00%
[01:54:44] task=4  epoch=0  train_loss=0.7605
[01:54:50] task=4  epoch=END  time_sec=41.6  acc_task0=0.0  acc_task1=0.0  acc_task2=0.0  acc_task3=0.0  acc_task4=87.2
[01:54:50] 
Final Metrics:
  avg_accuracy         +17.4400
  forgetting           +79.8125
  backward_transfer    -79.8125
  forward_transfer     -15.7792
[01:54:50] 
Done - run: split_cifar10_agem_distill_buf500_seed1024
[01:54:50] Metrics: {'avg_accuracy': 17.44, 'forgetting': 79.8125, 'backward_transfer': -79.8125, 'forward_transfer': -15.7792}
[01:54:50] Deleted 5 checkpoint(s) after successful completion.
