[01:15:02] Starting: split_cifar100_er_ewc_seed42
[01:15:02] Config: {'dataset': 'split_cifar100', 'data_root': 'F:\\Temp\\cf\\Catastrophic Forgetting\\research_v2\\Project\\data_local', 'dataset_image_size': None, 'dataset_out_channels': None, 'model': 'slim_resnet18', 'pretrained': False, 'model_image_size': None, 'method': 'er_ewc', 'n_epochs': 1, 'batch_size': 32, 'num_workers': 0, 'lr': 0.03, 'momentum': 0.9, 'weight_decay': 0.0001, 'fp16': True, 'buffer_size': 200, 'ewc_lambda': 100.0, 'fisher_samples': 200, 'si_lambda': 1.0, 'si_xi': 0.1, 'der_alpha': 0.5, 'xder_beta': 0.5, 'lwf_lambda': 1.0, 'lwf_temp': 2.0, 'icarl_distill_w': 1.0, 'icarl_temp': 2.0, 'use_nmc': True, 'agem_mem_batch': 64, 'distill_lambda': 1.0, 'distill_temp': 2.0, 'pc_distill_w': 1.0, 'pc_ewc_lambda': 100.0, 'pc_compress_epochs': 3, 'er_replay_ratio': 0.5, 'joint_replay_epochs': 1, 'disable_tqdm': True, 'disable_checkpoints': False, 'disable_plots': False, 'resume': True, 'cleanup_checkpoints_on_success': True, 'result_group': 'runs', 'ablation_family': None, 'seeds': [42, 123, 456, 789, 1024], 'results_root': 'F:\\Temp\\cf\\Catastrophic Forgetting\\research_v2\\results', 'seed': 42, 'run_name': 'split_cifar100_er_ewc_seed42', 'project_root': 'F:\\Temp\\cf\\Catastrophic Forgetting\\research_v2\\Project', 'workspace_root': 'F:\\Temp\\cf\\Catastrophic Forgetting\\research_v2', 'run_root': 'F:\\Temp\\cf\\Catastrophic Forgetting\\research_v2\\results\\runs\\epoch_1\\split_cifar100\\hybrids\\er_ewc\\seed_42', 'log_dir': 'F:\\Temp\\cf\\Catastrophic Forgetting\\research_v2\\results\\runs\\epoch_1\\split_cifar100\\hybrids\\er_ewc\\seed_42\\logs', 'metrics_dir': 'F:\\Temp\\cf\\Catastrophic Forgetting\\research_v2\\results\\runs\\epoch_1\\split_cifar100\\hybrids\\er_ewc\\seed_42\\metrics', 'checkpoint_dir': 'F:\\Temp\\cf\\Catastrophic Forgetting\\research_v2\\results\\runs\\epoch_1\\split_cifar100\\hybrids\\er_ewc\\seed_42\\checkpoints', 'artifact_dir': 'F:\\Temp\\cf\\Catastrophic Forgetting\\research_v2\\results\\runs\\epoch_1\\split_cifar100\\hybrids\\er_ewc\\seed_42\\artifacts', 'figure_dir': 'F:\\Temp\\cf\\Catastrophic Forgetting\\research_v2\\results\\figures\\epoch_1\\split_cifar100\\hybrids\\er_ewc\\seed_42'}
[01:15:02] Device: cuda
[01:15:04] Dataset: SplitCIFAR100(tasks=20, classes_per_task=5, scenario=class-il)
[01:15:04] 
============================================================
 Task 1/20  | Classes (0, 5)
============================================================
[01:15:04] Task 0 baseline (chance): 20.00%
[01:15:08] task=0  epoch=0  train_loss=1.2191
[01:15:09] task=0  epoch=END  time_sec=3.9  acc_task0=43.6
[01:15:09] 
============================================================
 Task 2/20  | Classes (5, 10)
============================================================
[01:15:09] Task 1 baseline (chance): 10.00%
[01:15:09] Task 1 zero-shot (pre-train): 0.00%
[01:15:14] task=1  epoch=0  train_loss=1.9155
[01:15:15] task=1  epoch=END  time_sec=5.4  acc_task0=7.6  acc_task1=43.8
[01:15:15] 
============================================================
 Task 3/20  | Classes (10, 15)
============================================================
[01:15:15] Task 2 baseline (chance): 6.67%
[01:15:15] Task 2 zero-shot (pre-train): 0.00%
[01:15:22] task=2  epoch=0  train_loss=1.9724
[01:15:23] task=2  epoch=END  time_sec=7.0  acc_task0=9.2  acc_task1=1.8  acc_task2=42.0
[01:15:24] 
============================================================
 Task 4/20  | Classes (15, 20)
============================================================
[01:15:24] Task 3 baseline (chance): 5.00%
[01:15:24] Task 3 zero-shot (pre-train): 0.00%
[01:15:32] task=3  epoch=0  train_loss=2.027
[01:15:33] task=3  epoch=END  time_sec=8.6  acc_task0=4.6  acc_task1=0.4  acc_task2=6.2  acc_task3=45.6
[01:15:34] 
============================================================
 Task 5/20  | Classes (20, 25)
============================================================
[01:15:34] Task 4 baseline (chance): 4.00%
[01:15:34] Task 4 zero-shot (pre-train): 0.00%
[01:15:44] task=4  epoch=0  train_loss=1.8654
[01:15:45] task=4  epoch=END  time_sec=10.0  acc_task0=6.0  acc_task1=3.8  acc_task2=6.6  acc_task3=16.8  acc_task4=66.0
[01:15:46] 
============================================================
 Task 6/20  | Classes (25, 30)
============================================================
[01:15:46] Task 5 baseline (chance): 3.33%
[01:15:46] Task 5 zero-shot (pre-train): 0.00%
[01:15:58] task=5  epoch=0  train_loss=2.0792
[01:15:59] task=5  epoch=END  time_sec=12.2  acc_task0=1.8  acc_task1=2.6  acc_task2=2.6  acc_task3=8.6  acc_task4=8.6  acc_task5=39.8
[01:16:00] 
============================================================
 Task 7/20  | Classes (30, 35)
============================================================
[01:16:00] Task 6 baseline (chance): 2.86%
[01:16:00] Task 6 zero-shot (pre-train): 0.00%
[01:16:13] task=6  epoch=0  train_loss=1.8849
[01:16:14] task=6  epoch=END  time_sec=12.7  acc_task0=3.0  acc_task1=6.2  acc_task2=6.0  acc_task3=11.4  acc_task4=14.8  acc_task5=0.0  acc_task6=49.8
[01:16:15] 
============================================================
 Task 8/20  | Classes (35, 40)
============================================================
[01:16:15] Task 7 baseline (chance): 2.50%
[01:16:15] Task 7 zero-shot (pre-train): 0.00%
[01:16:30] task=7  epoch=0  train_loss=1.9162
[01:16:32] task=7  epoch=END  time_sec=15.0  acc_task0=0.6  acc_task1=2.2  acc_task2=2.2  acc_task3=5.8  acc_task4=9.2  acc_task5=0.0  acc_task6=0.2  acc_task7=53.8
[01:16:33] 
============================================================
 Task 9/20  | Classes (40, 45)
============================================================
[01:16:33] Task 8 baseline (chance): 2.22%
[01:16:33] Task 8 zero-shot (pre-train): 0.00%
[01:16:51] task=8  epoch=0  train_loss=1.941
[01:16:53] task=8  epoch=END  time_sec=17.8  acc_task0=1.8  acc_task1=0.6  acc_task2=3.6  acc_task3=6.0  acc_task4=7.4  acc_task5=1.0  acc_task6=5.6  acc_task7=2.8  acc_task8=51.6
[01:16:53] 
============================================================
 Task 10/20  | Classes (45, 50)
============================================================
[01:16:53] Task 9 baseline (chance): 2.00%
[01:16:53] Task 9 zero-shot (pre-train): 0.00%
[01:17:11] task=9  epoch=0  train_loss=1.7621
[01:17:13] task=9  epoch=END  time_sec=17.5  acc_task0=0.4  acc_task1=0.8  acc_task2=0.6  acc_task3=1.0  acc_task4=14.0  acc_task5=0.2  acc_task6=0.4  acc_task7=0.4  acc_task8=4.8  acc_task9=61.6
[01:17:14] 
============================================================
 Task 11/20  | Classes (50, 55)
============================================================
[01:17:14] Task 10 baseline (chance): 1.82%
[01:17:14] Task 10 zero-shot (pre-train): 0.00%
[01:17:33] task=10  epoch=0  train_loss=1.6313
[01:17:35] task=10  epoch=END  time_sec=19.0  acc_task0=0.6  acc_task1=1.4  acc_task2=2.6  acc_task3=0.8  acc_task4=9.0  acc_task5=0.2  acc_task6=1.8  acc_task7=3.6  acc_task8=8.8  acc_task9=8.0  acc_task10=66.8
[01:17:36] 
============================================================
 Task 12/20  | Classes (55, 60)
============================================================
[01:17:36] Task 11 baseline (chance): 1.67%
[01:17:36] Task 11 zero-shot (pre-train): 0.00%
[01:17:56] task=11  epoch=0  train_loss=1.7983
[01:17:59] task=11  epoch=END  time_sec=20.2  acc_task0=0.0  acc_task1=0.8  acc_task2=0.2  acc_task3=1.2  acc_task4=6.0  acc_task5=0.2  acc_task6=0.2  acc_task7=2.8  acc_task8=2.4  acc_task9=8.6  acc_task10=1.2  acc_task11=57.4
[01:18:00] 
============================================================
 Task 13/20  | Classes (60, 65)
============================================================
[01:18:00] Task 12 baseline (chance): 1.54%
[01:18:00] Task 12 zero-shot (pre-train): 0.00%
[01:18:23] task=12  epoch=0  train_loss=1.5351
[01:18:25] task=12  epoch=END  time_sec=22.7  acc_task0=0.0  acc_task1=0.0  acc_task2=0.6  acc_task3=0.6  acc_task4=2.0  acc_task5=0.2  acc_task6=0.4  acc_task7=0.4  acc_task8=1.8  acc_task9=2.4  acc_task10=11.6  acc_task11=1.0  acc_task12=72.0
[01:18:26] 
============================================================
 Task 14/20  | Classes (65, 70)
============================================================
[01:18:26] Task 13 baseline (chance): 1.43%
[01:18:26] Task 13 zero-shot (pre-train): 0.00%
[01:18:50] task=13  epoch=0  train_loss=1.7697
[01:18:53] task=13  epoch=END  time_sec=24.1  acc_task0=5.2  acc_task1=0.2  acc_task2=0.2  acc_task3=0.6  acc_task4=2.0  acc_task5=1.0  acc_task6=0.2  acc_task7=0.0  acc_task8=2.2  acc_task9=1.8  acc_task10=23.8  acc_task11=6.0  acc_task12=6.0  acc_task13=66.2
[01:18:54] 
============================================================
 Task 15/20  | Classes (70, 75)
============================================================
[01:18:54] Task 14 baseline (chance): 1.33%
[01:18:54] Task 14 zero-shot (pre-train): 0.00%
[01:19:19] task=14  epoch=0  train_loss=1.5714
[01:19:22] task=14  epoch=END  time_sec=24.4  acc_task0=0.0  acc_task1=0.6  acc_task2=0.2  acc_task3=0.6  acc_task4=4.4  acc_task5=0.2  acc_task6=0.0  acc_task7=0.0  acc_task8=1.4  acc_task9=0.2  acc_task10=11.4  acc_task11=1.0  acc_task12=3.4  acc_task13=0.0  acc_task14=72.4
[01:19:22] 
============================================================
 Task 16/20  | Classes (75, 80)
============================================================
[01:19:22] Task 15 baseline (chance): 1.25%
[01:19:23] Task 15 zero-shot (pre-train): 0.00%
[01:19:50] task=15  epoch=0  train_loss=1.7751
[01:19:54] task=15  epoch=END  time_sec=27.3  acc_task0=0.2  acc_task1=0.0  acc_task2=0.0  acc_task3=0.0  acc_task4=1.0  acc_task5=0.2  acc_task6=0.4  acc_task7=0.4  acc_task8=0.4  acc_task9=0.2  acc_task10=12.2  acc_task11=0.0  acc_task12=10.0  acc_task13=1.6  acc_task14=10.6  acc_task15=62.2
[01:19:55] 
============================================================
 Task 17/20  | Classes (80, 85)
============================================================
[01:19:55] Task 16 baseline (chance): 1.18%
[01:19:55] Task 16 zero-shot (pre-train): 0.00%
[01:20:24] task=16  epoch=0  train_loss=1.6373
[01:20:27] task=16  epoch=END  time_sec=29.1  acc_task0=0.0  acc_task1=0.0  acc_task2=0.0  acc_task3=0.0  acc_task4=4.2  acc_task5=0.2  acc_task6=0.2  acc_task7=0.2  acc_task8=1.2  acc_task9=4.8  acc_task10=4.6  acc_task11=0.6  acc_task12=5.0  acc_task13=5.8  acc_task14=5.8  acc_task15=10.8  acc_task16=62.6
[01:20:28] 
============================================================
 Task 18/20  | Classes (85, 90)
============================================================
[01:20:28] Task 17 baseline (chance): 1.11%
[01:20:28] Task 17 zero-shot (pre-train): 0.00%
[01:20:49] task=17  epoch=0  train_loss=1.8563
[01:20:52] task=17  epoch=END  time_sec=20.8  acc_task0=0.0  acc_task1=0.0  acc_task2=0.0  acc_task3=0.0  acc_task4=1.4  acc_task5=0.2  acc_task6=0.6  acc_task7=0.2  acc_task8=0.0  acc_task9=0.2  acc_task10=13.0  acc_task11=0.0  acc_task12=2.8  acc_task13=2.0  acc_task14=19.2  acc_task15=1.6  acc_task16=13.2  acc_task17=63.8
[01:20:53] 
============================================================
 Task 19/20  | Classes (90, 95)
============================================================
[01:20:53] Task 18 baseline (chance): 1.05%
[01:20:53] Task 18 zero-shot (pre-train): 0.00%
[01:21:16] task=18  epoch=0  train_loss=1.7088
[01:21:19] task=18  epoch=END  time_sec=23.1  acc_task0=0.0  acc_task1=0.2  acc_task2=0.0  acc_task3=0.0  acc_task4=0.6  acc_task5=0.2  acc_task6=0.0  acc_task7=0.0  acc_task8=0.0  acc_task9=0.8  acc_task10=7.4  acc_task11=0.6  acc_task12=8.0  acc_task13=1.2  acc_task14=3.8  acc_task15=3.2  acc_task16=0.0  acc_task17=0.0  acc_task18=76.8
[01:21:20] 
============================================================
 Task 20/20  | Classes (95, 100)
============================================================
[01:21:20] Task 19 baseline (chance): 1.00%
[01:21:20] Task 19 zero-shot (pre-train): 0.00%
[01:21:43] task=19  epoch=0  train_loss=1.7698
[01:21:46] task=19  epoch=END  time_sec=23.2  acc_task0=0.0  acc_task1=0.4  acc_task2=0.0  acc_task3=1.0  acc_task4=0.2  acc_task5=0.4  acc_task6=0.0  acc_task7=0.0  acc_task8=0.2  acc_task9=0.6  acc_task10=2.6  acc_task11=0.4  acc_task12=6.4  acc_task13=0.8  acc_task14=5.4  acc_task15=1.6  acc_task16=4.0  acc_task17=2.6  acc_task18=0.0  acc_task19=71.6
[01:21:47] 
Final Metrics:
  avg_accuracy         +4.9100
  forgetting           +56.3789
  backward_transfer    -56.3789
  forward_transfer     -2.7345
[01:21:48] 
Done - run: split_cifar100_er_ewc_seed42
[01:21:48] Metrics: {'avg_accuracy': 4.91, 'forgetting': 56.3789, 'backward_transfer': -56.3789, 'forward_transfer': -2.7345}
[01:21:49] Deleted 20 checkpoint(s) after successful completion.
