[13:35:16] Starting: split_cifar10_si_der_nosi_seed42
[13:35:16] Config: {'dataset': 'split_cifar10', 'data_root': 'F:\\Temp\\cf\\Catastrophic Forgetting\\research_v2\\Project\\data_local', 'dataset_image_size': None, 'dataset_out_channels': None, 'model': 'slim_resnet18', 'pretrained': False, 'model_image_size': None, 'method': 'si_der', 'n_epochs': 1, 'batch_size': 32, 'num_workers': 0, 'lr': 0.03, 'momentum': 0.9, 'weight_decay': 0.0001, 'fp16': False, 'buffer_size': 200, 'ewc_lambda': 100.0, 'fisher_samples': 200, 'si_lambda': 0.0, 'si_xi': 0.1, 'der_alpha': 0.5, 'xder_beta': 0.5, 'lwf_lambda': 1.0, 'lwf_temp': 2.0, 'icarl_distill_w': 1.0, 'icarl_temp': 2.0, 'use_nmc': True, 'agem_mem_batch': 64, 'distill_lambda': 1.0, 'distill_temp': 2.0, 'pc_distill_w': 1.0, 'pc_ewc_lambda': 100.0, 'pc_compress_epochs': 3, 'er_replay_ratio': 0.5, 'joint_replay_epochs': 1, 'disable_tqdm': True, 'disable_checkpoints': False, 'disable_plots': False, 'resume': False, 'cleanup_checkpoints_on_success': True, 'result_group': 'ablations', 'ablation_family': 'interaction', 'seeds': [42, 123, 456], 'results_root': 'F:\\Temp\\cf\\Catastrophic Forgetting\\research_v2\\results', 'run_tag': 'nosi', 'seed': 42, 'run_name': 'split_cifar10_si_der_nosi_seed42', 'project_root': 'F:\\Temp\\cf\\Catastrophic Forgetting\\research_v2\\Project', 'workspace_root': 'F:\\Temp\\cf\\Catastrophic Forgetting\\research_v2', 'run_root': 'F:\\Temp\\cf\\Catastrophic Forgetting\\research_v2\\results\\ablations\\epoch_1\\split_cifar10\\interaction\\si_der__nosi\\seed_42', 'log_dir': 'F:\\Temp\\cf\\Catastrophic Forgetting\\research_v2\\results\\ablations\\epoch_1\\split_cifar10\\interaction\\si_der__nosi\\seed_42\\logs', 'metrics_dir': 'F:\\Temp\\cf\\Catastrophic Forgetting\\research_v2\\results\\ablations\\epoch_1\\split_cifar10\\interaction\\si_der__nosi\\seed_42\\metrics', 'checkpoint_dir': 'F:\\Temp\\cf\\Catastrophic Forgetting\\research_v2\\results\\ablations\\epoch_1\\split_cifar10\\interaction\\si_der__nosi\\seed_42\\checkpoints', 'artifact_dir': 'F:\\Temp\\cf\\Catastrophic Forgetting\\research_v2\\results\\ablations\\epoch_1\\split_cifar10\\interaction\\si_der__nosi\\seed_42\\artifacts', 'figure_dir': 'F:\\Temp\\cf\\Catastrophic Forgetting\\research_v2\\results\\figures\\ablations\\epoch_1\\split_cifar10\\interaction\\si_der__nosi\\seed_42'}
[13:35:16] Device: cuda
[13:35:18] Dataset: SplitCIFAR10(tasks=5, classes_per_task=2, scenario=class-il)
[13:35:18] 
============================================================
 Task 1/5  | Classes (0, 2)
============================================================
[13:35:18] Task 0 baseline (chance): 50.00%
[13:35:35] task=0  epoch=0  train_loss=1.3548
[13:35:36] task=0  epoch=END  time_sec=17.1  acc_task0=80.35
[13:35:36] 
============================================================
 Task 2/5  | Classes (2, 4)
============================================================
[13:35:36] Task 1 baseline (chance): 25.00%
[13:35:36] Task 1 zero-shot (pre-train): 0.00%
[13:36:02] task=1  epoch=0  train_loss=0.9507
[13:36:04] task=1  epoch=END  time_sec=26.1  acc_task0=0.4  acc_task1=72.85
[13:36:04] 
============================================================
 Task 3/5  | Classes (4, 6)
============================================================
[13:36:04] Task 2 baseline (chance): 16.67%
[13:36:04] Task 2 zero-shot (pre-train): 0.00%
[13:36:29] task=2  epoch=0  train_loss=1.0085
[13:36:30] task=2  epoch=END  time_sec=24.6  acc_task0=0.0  acc_task1=0.0  acc_task2=78.75
[13:36:31] 
============================================================
 Task 4/5  | Classes (6, 8)
============================================================
[13:36:31] Task 3 baseline (chance): 12.50%
[13:36:31] Task 3 zero-shot (pre-train): 0.00%
[13:36:58] task=3  epoch=0  train_loss=1.4311
[13:37:01] task=3  epoch=END  time_sec=27.1  acc_task0=0.0  acc_task1=0.0  acc_task2=0.0  acc_task3=82.25
[13:37:01] 
============================================================
 Task 5/5  | Classes (8, 10)
============================================================
[13:37:01] Task 4 baseline (chance): 10.00%
[13:37:01] Task 4 zero-shot (pre-train): 0.00%
[13:37:30] task=4  epoch=0  train_loss=1.3573
[13:37:33] task=4  epoch=END  time_sec=28.8  acc_task0=0.0  acc_task1=0.0  acc_task2=0.0  acc_task3=0.05  acc_task4=79.2
[13:37:33] 
Final Metrics:
  avg_accuracy         +15.8500
  forgetting           +78.5375
  backward_transfer    -78.5375
  forward_transfer     -16.0417
[13:37:34] 
Done - run: split_cifar10_si_der_nosi_seed42
[13:37:34] Metrics: {'avg_accuracy': 15.85, 'forgetting': 78.5375, 'backward_transfer': -78.5375, 'forward_transfer': -16.0417}
[13:37:34] Deleted 5 checkpoint(s) after successful completion.
