[00:41:36] Starting: split_cifar100_progress_compress_seed123
[00:41:36] Config: {'dataset': 'split_cifar100', 'data_root': 'Project/data_local', 'model': 'slim_resnet18', 'pretrained': False, 'method': 'progress_compress', 'n_epochs': 1, 'batch_size': 32, 'num_workers': 0, 'lr': 0.03, 'momentum': 0.9, 'weight_decay': 0.0001, 'fp16': True, 'buffer_size': 200, 'ewc_lambda': 100.0, 'fisher_samples': 200, 'si_lambda': 1.0, 'si_xi': 0.1, 'der_alpha': 0.5, 'xder_beta': 0.5, 'lwf_lambda': 1.0, 'lwf_temp': 2.0, 'icarl_distill_w': 1.0, 'icarl_temp': 2.0, 'use_nmc': True, 'agem_mem_batch': 64, 'distill_lambda': 1.0, 'distill_temp': 2.0, 'pc_distill_w': 1.0, 'pc_ewc_lambda': 100.0, 'pc_compress_epochs': 3, 'er_replay_ratio': 0.5, 'joint_replay_epochs': 1, 'disable_tqdm': True, 'disable_checkpoints': True, 'disable_plots': False, 'seeds': [42, 123, 456, 789, 1024], 'results_root': 'd:\\Catastrophic Forgetting\\results_phase3_fwt', 'checkpoint_dir': 'results/checkpoints', 'figure_dir': 'd:\\Catastrophic Forgetting\\results_phase3_fwt\\figures', 'log_dir': 'd:\\Catastrophic Forgetting\\results_phase3_fwt\\raw', 'run_name': 'split_cifar100_progress_compress_seed123', 'seed': 123}
[00:41:36] Device: cuda
[00:41:38] Dataset: SplitCIFAR100(tasks=20, classes_per_task=5, scenario=class-il)
[00:41:38] 
============================================================
 Task 1/20  | Classes (0, 5)
============================================================
[00:41:38] Task 0 baseline (chance): 20.00%
[00:41:42] task=0  epoch=0  train_loss=1.6947
[00:41:54] task=0  epoch=END  time_sec=4.3  acc_task0=49.6
[00:41:54] 
============================================================
 Task 2/20  | Classes (5, 10)
============================================================
[00:41:54] Task 1 baseline (chance): 10.00%
[00:41:54] Task 1 zero-shot (pre-train): 0.00%
[00:41:58] task=1  epoch=0  train_loss=1.9935
[00:42:15] task=1  epoch=END  time_sec=4.2  acc_task0=0.0  acc_task1=41.0
[00:42:15] 
============================================================
 Task 3/20  | Classes (10, 15)
============================================================
[00:42:15] Task 2 baseline (chance): 6.67%
[00:42:16] Task 2 zero-shot (pre-train): 0.00%
[00:42:20] task=2  epoch=0  train_loss=2.1866
[00:42:37] task=2  epoch=END  time_sec=4.1  acc_task0=0.0  acc_task1=0.0  acc_task2=45.4
[00:42:37] 
============================================================
 Task 4/20  | Classes (15, 20)
============================================================
[00:42:37] Task 3 baseline (chance): 5.00%
[00:42:38] Task 3 zero-shot (pre-train): 0.00%
[00:42:42] task=3  epoch=0  train_loss=2.468
[00:43:00] task=3  epoch=END  time_sec=4.1  acc_task0=0.0  acc_task1=0.0  acc_task2=2.4  acc_task3=49.8
[00:43:00] 
============================================================
 Task 5/20  | Classes (20, 25)
============================================================
[00:43:00] Task 4 baseline (chance): 4.00%
[00:43:00] Task 4 zero-shot (pre-train): 0.00%
[00:43:04] task=4  epoch=0  train_loss=2.5142
[00:43:23] task=4  epoch=END  time_sec=4.2  acc_task0=0.0  acc_task1=0.0  acc_task2=0.0  acc_task3=6.6  acc_task4=57.0
[00:43:23] 
============================================================
 Task 6/20  | Classes (25, 30)
============================================================
[00:43:23] Task 5 baseline (chance): 3.33%
[00:43:23] Task 5 zero-shot (pre-train): 0.00%
[00:43:27] task=5  epoch=0  train_loss=2.8201
[00:43:45] task=5  epoch=END  time_sec=4.1  acc_task0=0.0  acc_task1=0.0  acc_task2=0.0  acc_task3=0.0  acc_task4=8.2  acc_task5=38.2
[00:43:45] 
============================================================
 Task 7/20  | Classes (30, 35)
============================================================
[00:43:45] Task 6 baseline (chance): 2.86%
[00:43:46] Task 6 zero-shot (pre-train): 0.00%
[00:43:50] task=6  epoch=0  train_loss=2.6687
[00:44:09] task=6  epoch=END  time_sec=4.2  acc_task0=0.0  acc_task1=0.0  acc_task2=0.0  acc_task3=0.0  acc_task4=0.0  acc_task5=0.6  acc_task6=56.4
[00:44:09] 
============================================================
 Task 8/20  | Classes (35, 40)
============================================================
[00:44:09] Task 7 baseline (chance): 2.50%
[00:44:09] Task 7 zero-shot (pre-train): 0.00%
[00:44:13] task=7  epoch=0  train_loss=2.7992
[00:44:32] task=7  epoch=END  time_sec=4.2  acc_task0=0.0  acc_task1=0.0  acc_task2=0.0  acc_task3=0.0  acc_task4=0.0  acc_task5=0.0  acc_task6=1.2  acc_task7=57.2
[00:44:32] 
============================================================
 Task 9/20  | Classes (40, 45)
============================================================
[00:44:32] Task 8 baseline (chance): 2.22%
[00:44:32] Task 8 zero-shot (pre-train): 0.00%
[00:44:37] task=8  epoch=0  train_loss=3.0115
[00:44:56] task=8  epoch=END  time_sec=4.2  acc_task0=0.0  acc_task1=0.0  acc_task2=0.0  acc_task3=0.0  acc_task4=0.0  acc_task5=0.0  acc_task6=0.0  acc_task7=6.6  acc_task8=42.2
[00:44:56] 
============================================================
 Task 10/20  | Classes (45, 50)
============================================================
[00:44:56] Task 9 baseline (chance): 2.00%
[00:44:56] Task 9 zero-shot (pre-train): 0.00%
[00:45:00] task=9  epoch=0  train_loss=2.9682
[00:45:19] task=9  epoch=END  time_sec=4.2  acc_task0=0.0  acc_task1=0.0  acc_task2=0.0  acc_task3=0.0  acc_task4=0.0  acc_task5=0.0  acc_task6=0.0  acc_task7=0.2  acc_task8=9.2  acc_task9=58.6
[00:45:19] 
============================================================
 Task 11/20  | Classes (50, 55)
============================================================
[00:45:19] Task 10 baseline (chance): 1.82%
[00:45:19] Task 10 zero-shot (pre-train): 0.00%
[00:45:24] task=10  epoch=0  train_loss=2.8663
[00:45:43] task=10  epoch=END  time_sec=4.2  acc_task0=0.0  acc_task1=0.0  acc_task2=0.0  acc_task3=0.0  acc_task4=0.0  acc_task5=0.0  acc_task6=0.0  acc_task7=0.0  acc_task8=0.0  acc_task9=4.6  acc_task10=65.0
[00:45:43] 
============================================================
 Task 12/20  | Classes (55, 60)
============================================================
[00:45:43] Task 11 baseline (chance): 1.67%
[00:45:43] Task 11 zero-shot (pre-train): 0.00%
[00:45:47] task=11  epoch=0  train_loss=3.0587
[00:46:07] task=11  epoch=END  time_sec=4.2  acc_task0=0.0  acc_task1=0.0  acc_task2=0.0  acc_task3=0.0  acc_task4=0.0  acc_task5=0.0  acc_task6=0.0  acc_task7=0.0  acc_task8=0.0  acc_task9=0.0  acc_task10=1.2  acc_task11=50.0
[00:46:07] 
============================================================
 Task 13/20  | Classes (60, 65)
============================================================
[00:46:07] Task 12 baseline (chance): 1.54%
[00:46:07] Task 12 zero-shot (pre-train): 0.00%
[00:46:12] task=12  epoch=0  train_loss=2.8945
[00:46:31] task=12  epoch=END  time_sec=4.2  acc_task0=0.0  acc_task1=0.0  acc_task2=0.0  acc_task3=0.0  acc_task4=0.0  acc_task5=0.0  acc_task6=0.0  acc_task7=0.0  acc_task8=0.0  acc_task9=0.0  acc_task10=0.0  acc_task11=3.6  acc_task12=65.2
[00:46:31] 
============================================================
 Task 14/20  | Classes (65, 70)
============================================================
[00:46:31] Task 13 baseline (chance): 1.43%
[00:46:32] Task 13 zero-shot (pre-train): 0.00%
[00:46:36] task=13  epoch=0  train_loss=3.1472
[00:46:56] task=13  epoch=END  time_sec=4.2  acc_task0=0.0  acc_task1=0.0  acc_task2=0.0  acc_task3=0.0  acc_task4=0.0  acc_task5=0.0  acc_task6=0.0  acc_task7=0.0  acc_task8=0.0  acc_task9=0.0  acc_task10=0.0  acc_task11=0.0  acc_task12=3.2  acc_task13=52.2
[00:46:56] 
============================================================
 Task 15/20  | Classes (70, 75)
============================================================
[00:46:56] Task 14 baseline (chance): 1.33%
[00:46:56] Task 14 zero-shot (pre-train): 0.00%
[00:47:00] task=14  epoch=0  train_loss=3.1731
[00:47:21] task=14  epoch=END  time_sec=4.1  acc_task0=0.0  acc_task1=0.0  acc_task2=0.0  acc_task3=0.0  acc_task4=0.0  acc_task5=0.0  acc_task6=0.0  acc_task7=0.0  acc_task8=0.0  acc_task9=0.0  acc_task10=0.0  acc_task11=0.0  acc_task12=0.0  acc_task13=1.8  acc_task14=58.2
[00:47:21] 
============================================================
 Task 16/20  | Classes (75, 80)
============================================================
[00:47:21] Task 15 baseline (chance): 1.25%
[00:47:21] Task 15 zero-shot (pre-train): 0.00%
[00:47:25] task=15  epoch=0  train_loss=3.3175
[00:47:46] task=15  epoch=END  time_sec=4.1  acc_task0=0.0  acc_task1=0.0  acc_task2=0.0  acc_task3=0.0  acc_task4=0.0  acc_task5=0.0  acc_task6=0.0  acc_task7=0.0  acc_task8=0.0  acc_task9=0.0  acc_task10=0.0  acc_task11=0.0  acc_task12=0.0  acc_task13=0.4  acc_task14=17.0  acc_task15=42.8
[00:47:46] 
============================================================
 Task 17/20  | Classes (80, 85)
============================================================
[00:47:46] Task 16 baseline (chance): 1.18%
[00:47:46] Task 16 zero-shot (pre-train): 0.00%
[00:47:50] task=16  epoch=0  train_loss=3.1785
[00:48:11] task=16  epoch=END  time_sec=4.2  acc_task0=0.0  acc_task1=0.0  acc_task2=0.0  acc_task3=0.0  acc_task4=0.0  acc_task5=0.0  acc_task6=0.0  acc_task7=0.0  acc_task8=0.0  acc_task9=0.0  acc_task10=0.0  acc_task11=0.0  acc_task12=0.0  acc_task13=0.0  acc_task14=0.0  acc_task15=5.2  acc_task16=59.6
[00:48:11] 
============================================================
 Task 18/20  | Classes (85, 90)
============================================================
[00:48:11] Task 17 baseline (chance): 1.11%
[00:48:11] Task 17 zero-shot (pre-train): 0.00%
[00:48:16] task=17  epoch=0  train_loss=3.4785
[00:48:37] task=17  epoch=END  time_sec=4.2  acc_task0=0.0  acc_task1=0.0  acc_task2=0.0  acc_task3=0.0  acc_task4=0.0  acc_task5=0.0  acc_task6=0.0  acc_task7=0.0  acc_task8=0.0  acc_task9=0.0  acc_task10=0.0  acc_task11=0.0  acc_task12=0.0  acc_task13=0.0  acc_task14=0.0  acc_task15=1.2  acc_task16=12.8  acc_task17=46.0
[00:48:37] 
============================================================
 Task 19/20  | Classes (90, 95)
============================================================
[00:48:37] Task 18 baseline (chance): 1.05%
[00:48:37] Task 18 zero-shot (pre-train): 0.00%
[00:48:41] task=18  epoch=0  train_loss=3.3043
[00:49:02] task=18  epoch=END  time_sec=4.1  acc_task0=0.0  acc_task1=0.0  acc_task2=0.0  acc_task3=0.0  acc_task4=0.0  acc_task5=0.0  acc_task6=0.0  acc_task7=0.0  acc_task8=0.0  acc_task9=0.0  acc_task10=0.0  acc_task11=0.0  acc_task12=0.0  acc_task13=0.0  acc_task14=0.0  acc_task15=0.0  acc_task16=0.0  acc_task17=5.4  acc_task18=59.4
[00:49:02] 
============================================================
 Task 20/20  | Classes (95, 100)
============================================================
[00:49:02] Task 19 baseline (chance): 1.00%
[00:49:03] Task 19 zero-shot (pre-train): 0.00%
[00:49:07] task=19  epoch=0  train_loss=3.1845
[00:49:28] task=19  epoch=END  time_sec=4.2  acc_task0=0.0  acc_task1=0.0  acc_task2=0.0  acc_task3=0.0  acc_task4=0.0  acc_task5=0.0  acc_task6=0.0  acc_task7=0.0  acc_task8=0.0  acc_task9=0.0  acc_task10=0.0  acc_task11=0.0  acc_task12=0.0  acc_task13=0.0  acc_task14=0.0  acc_task15=0.0  acc_task16=0.0  acc_task17=0.4  acc_task18=4.4  acc_task19=63.2
[00:49:28] 
Final Metrics:
  avg_accuracy         +3.4000
  forgetting           +52.0526
  backward_transfer    -52.0526
  forward_transfer     -2.7345
[00:49:29] 
Done - run: split_cifar100_progress_compress_seed123
[00:49:29] Metrics: {'avg_accuracy': 3.4, 'forgetting': 52.0526, 'backward_transfer': -52.0526, 'forward_transfer': -2.7345}
