[01:15:01] Starting: split_cifar100_progress_compress_seed1024
[01:15:01] Config: {'dataset': 'split_cifar100', 'data_root': 'Project/data_local', 'model': 'slim_resnet18', 'pretrained': False, 'method': 'progress_compress', 'n_epochs': 1, 'batch_size': 32, 'num_workers': 0, 'lr': 0.03, 'momentum': 0.9, 'weight_decay': 0.0001, 'fp16': True, 'buffer_size': 200, 'ewc_lambda': 100.0, 'fisher_samples': 200, 'si_lambda': 1.0, 'si_xi': 0.1, 'der_alpha': 0.5, 'xder_beta': 0.5, 'lwf_lambda': 1.0, 'lwf_temp': 2.0, 'icarl_distill_w': 1.0, 'icarl_temp': 2.0, 'use_nmc': True, 'agem_mem_batch': 64, 'distill_lambda': 1.0, 'distill_temp': 2.0, 'pc_distill_w': 1.0, 'pc_ewc_lambda': 100.0, 'pc_compress_epochs': 3, 'er_replay_ratio': 0.5, 'joint_replay_epochs': 1, 'disable_tqdm': True, 'disable_checkpoints': True, 'disable_plots': False, 'seeds': [42, 123, 456, 789, 1024], 'results_root': 'd:\\Catastrophic Forgetting\\results_phase3_fwt', 'checkpoint_dir': 'results/checkpoints', 'figure_dir': 'd:\\Catastrophic Forgetting\\results_phase3_fwt\\figures', 'log_dir': 'd:\\Catastrophic Forgetting\\results_phase3_fwt\\raw', 'run_name': 'split_cifar100_progress_compress_seed1024', 'seed': 1024}
[01:15:01] Device: cuda
[01:15:02] Dataset: SplitCIFAR100(tasks=20, classes_per_task=5, scenario=class-il)
[01:15:03] 
============================================================
 Task 1/20  | Classes (0, 5)
============================================================
[01:15:03] Task 0 baseline (chance): 20.00%
[01:15:07] task=0  epoch=0  train_loss=1.6126
[01:15:19] task=0  epoch=END  time_sec=4.8  acc_task0=51.8
[01:15:19] 
============================================================
 Task 2/20  | Classes (5, 10)
============================================================
[01:15:19] Task 1 baseline (chance): 10.00%
[01:15:19] Task 1 zero-shot (pre-train): 0.00%
[01:15:23] task=1  epoch=0  train_loss=1.9756
[01:15:41] task=1  epoch=END  time_sec=4.2  acc_task0=0.0  acc_task1=38.8
[01:15:41] 
============================================================
 Task 3/20  | Classes (10, 15)
============================================================
[01:15:41] Task 2 baseline (chance): 6.67%
[01:15:41] Task 2 zero-shot (pre-train): 0.00%
[01:15:45] task=2  epoch=0  train_loss=2.099
[01:16:03] task=2  epoch=END  time_sec=4.2  acc_task0=0.0  acc_task1=0.0  acc_task2=46.0
[01:16:03] 
============================================================
 Task 4/20  | Classes (15, 20)
============================================================
[01:16:03] Task 3 baseline (chance): 5.00%
[01:16:03] Task 3 zero-shot (pre-train): 0.00%
[01:16:07] task=3  epoch=0  train_loss=2.4026
[01:16:26] task=3  epoch=END  time_sec=4.3  acc_task0=0.0  acc_task1=0.0  acc_task2=4.4  acc_task3=52.4
[01:16:26] 
============================================================
 Task 5/20  | Classes (20, 25)
============================================================
[01:16:26] Task 4 baseline (chance): 4.00%
[01:16:26] Task 4 zero-shot (pre-train): 0.00%
[01:16:30] task=4  epoch=0  train_loss=2.473
[01:16:48] task=4  epoch=END  time_sec=4.3  acc_task0=0.0  acc_task1=0.0  acc_task2=0.0  acc_task3=1.8  acc_task4=58.4
[01:16:48] 
============================================================
 Task 6/20  | Classes (25, 30)
============================================================
[01:16:48] Task 5 baseline (chance): 3.33%
[01:16:49] Task 5 zero-shot (pre-train): 0.00%
[01:16:53] task=5  epoch=0  train_loss=2.7921
[01:17:11] task=5  epoch=END  time_sec=4.2  acc_task0=0.0  acc_task1=0.0  acc_task2=0.0  acc_task3=0.0  acc_task4=0.0  acc_task5=42.8
[01:17:11] 
============================================================
 Task 7/20  | Classes (30, 35)
============================================================
[01:17:11] Task 6 baseline (chance): 2.86%
[01:17:12] Task 6 zero-shot (pre-train): 0.00%
[01:17:16] task=6  epoch=0  train_loss=2.7254
[01:17:34] task=6  epoch=END  time_sec=4.1  acc_task0=0.0  acc_task1=0.0  acc_task2=0.0  acc_task3=0.0  acc_task4=0.0  acc_task5=2.4  acc_task6=59.6
[01:17:34] 
============================================================
 Task 8/20  | Classes (35, 40)
============================================================
[01:17:34] Task 7 baseline (chance): 2.50%
[01:17:34] Task 7 zero-shot (pre-train): 0.00%
[01:17:39] task=7  epoch=0  train_loss=2.8848
[01:17:57] task=7  epoch=END  time_sec=4.3  acc_task0=0.0  acc_task1=0.0  acc_task2=0.0  acc_task3=0.0  acc_task4=0.0  acc_task5=0.0  acc_task6=1.6  acc_task7=50.8
[01:17:57] 
============================================================
 Task 9/20  | Classes (40, 45)
============================================================
[01:17:57] Task 8 baseline (chance): 2.22%
[01:17:58] Task 8 zero-shot (pre-train): 0.00%
[01:18:02] task=8  epoch=0  train_loss=3.0008
[01:18:20] task=8  epoch=END  time_sec=4.2  acc_task0=0.0  acc_task1=0.0  acc_task2=0.0  acc_task3=0.0  acc_task4=0.0  acc_task5=0.0  acc_task6=0.0  acc_task7=11.6  acc_task8=44.8
[01:18:20] 
============================================================
 Task 10/20  | Classes (45, 50)
============================================================
[01:18:20] Task 9 baseline (chance): 2.00%
[01:18:21] Task 9 zero-shot (pre-train): 0.00%
[01:18:25] task=9  epoch=0  train_loss=2.893
[01:18:44] task=9  epoch=END  time_sec=4.1  acc_task0=0.0  acc_task1=0.0  acc_task2=0.0  acc_task3=0.0  acc_task4=0.0  acc_task5=0.0  acc_task6=0.0  acc_task7=0.0  acc_task8=6.6  acc_task9=57.8
[01:18:44] 
============================================================
 Task 11/20  | Classes (50, 55)
============================================================
[01:18:44] Task 10 baseline (chance): 1.82%
[01:18:44] Task 10 zero-shot (pre-train): 0.00%
[01:18:48] task=10  epoch=0  train_loss=2.8387
[01:19:07] task=10  epoch=END  time_sec=4.2  acc_task0=0.0  acc_task1=0.0  acc_task2=0.0  acc_task3=0.0  acc_task4=0.0  acc_task5=0.0  acc_task6=0.0  acc_task7=0.0  acc_task8=0.0  acc_task9=3.6  acc_task10=71.2
[01:19:07] 
============================================================
 Task 12/20  | Classes (55, 60)
============================================================
[01:19:07] Task 11 baseline (chance): 1.67%
[01:19:08] Task 11 zero-shot (pre-train): 0.00%
[01:19:12] task=11  epoch=0  train_loss=3.117
[01:19:31] task=11  epoch=END  time_sec=4.2  acc_task0=0.0  acc_task1=0.0  acc_task2=0.0  acc_task3=0.0  acc_task4=0.0  acc_task5=0.0  acc_task6=0.0  acc_task7=0.0  acc_task8=0.0  acc_task9=0.0  acc_task10=19.0  acc_task11=46.0
[01:19:31] 
============================================================
 Task 13/20  | Classes (60, 65)
============================================================
[01:19:31] Task 12 baseline (chance): 1.54%
[01:19:32] Task 12 zero-shot (pre-train): 0.00%
[01:19:36] task=12  epoch=0  train_loss=2.8731
[01:19:56] task=12  epoch=END  time_sec=4.1  acc_task0=0.0  acc_task1=0.0  acc_task2=0.0  acc_task3=0.0  acc_task4=0.0  acc_task5=0.0  acc_task6=0.0  acc_task7=0.0  acc_task8=0.0  acc_task9=0.0  acc_task10=1.4  acc_task11=9.0  acc_task12=59.6
[01:19:56] 
============================================================
 Task 14/20  | Classes (65, 70)
============================================================
[01:19:56] Task 13 baseline (chance): 1.43%
[01:19:56] Task 13 zero-shot (pre-train): 0.00%
[01:20:00] task=13  epoch=0  train_loss=3.1623
[01:20:20] task=13  epoch=END  time_sec=4.1  acc_task0=0.0  acc_task1=0.0  acc_task2=0.0  acc_task3=0.0  acc_task4=0.0  acc_task5=0.0  acc_task6=0.0  acc_task7=0.0  acc_task8=0.0  acc_task9=0.0  acc_task10=0.0  acc_task11=0.0  acc_task12=3.8  acc_task13=54.0
[01:20:20] 
============================================================
 Task 15/20  | Classes (70, 75)
============================================================
[01:20:20] Task 14 baseline (chance): 1.33%
[01:20:20] Task 14 zero-shot (pre-train): 0.00%
[01:20:24] task=14  epoch=0  train_loss=3.0056
[01:20:44] task=14  epoch=END  time_sec=4.2  acc_task0=0.0  acc_task1=0.0  acc_task2=0.0  acc_task3=0.0  acc_task4=0.0  acc_task5=0.0  acc_task6=0.0  acc_task7=0.0  acc_task8=0.0  acc_task9=0.0  acc_task10=0.0  acc_task11=0.0  acc_task12=0.2  acc_task13=4.6  acc_task14=65.2
[01:20:44] 
============================================================
 Task 16/20  | Classes (75, 80)
============================================================
[01:20:44] Task 15 baseline (chance): 1.25%
[01:20:45] Task 15 zero-shot (pre-train): 0.00%
[01:20:49] task=15  epoch=0  train_loss=3.2892
[01:21:10] task=15  epoch=END  time_sec=4.3  acc_task0=0.0  acc_task1=0.0  acc_task2=0.0  acc_task3=0.0  acc_task4=0.0  acc_task5=0.0  acc_task6=0.0  acc_task7=0.0  acc_task8=0.0  acc_task9=0.0  acc_task10=0.0  acc_task11=0.0  acc_task12=0.0  acc_task13=0.0  acc_task14=12.4  acc_task15=41.8
[01:21:10] 
============================================================
 Task 17/20  | Classes (80, 85)
============================================================
[01:21:10] Task 16 baseline (chance): 1.18%
[01:21:10] Task 16 zero-shot (pre-train): 0.00%
[01:21:14] task=16  epoch=0  train_loss=3.0551
[01:21:35] task=16  epoch=END  time_sec=4.2  acc_task0=0.0  acc_task1=0.0  acc_task2=0.0  acc_task3=0.0  acc_task4=0.0  acc_task5=0.0  acc_task6=0.0  acc_task7=0.0  acc_task8=0.0  acc_task9=0.0  acc_task10=0.0  acc_task11=0.0  acc_task12=0.0  acc_task13=0.0  acc_task14=0.2  acc_task15=7.4  acc_task16=63.4
[01:21:35] 
============================================================
 Task 18/20  | Classes (85, 90)
============================================================
[01:21:35] Task 17 baseline (chance): 1.11%
[01:21:35] Task 17 zero-shot (pre-train): 0.00%
[01:21:39] task=17  epoch=0  train_loss=3.354
[01:22:00] task=17  epoch=END  time_sec=4.1  acc_task0=0.0  acc_task1=0.0  acc_task2=0.0  acc_task3=0.0  acc_task4=0.0  acc_task5=0.0  acc_task6=0.0  acc_task7=0.0  acc_task8=0.0  acc_task9=0.0  acc_task10=0.0  acc_task11=0.0  acc_task12=0.0  acc_task13=0.0  acc_task14=0.0  acc_task15=2.0  acc_task16=3.0  acc_task17=50.6
[01:22:00] 
============================================================
 Task 19/20  | Classes (90, 95)
============================================================
[01:22:00] Task 18 baseline (chance): 1.05%
[01:22:00] Task 18 zero-shot (pre-train): 0.00%
[01:22:04] task=18  epoch=0  train_loss=3.2754
[01:22:26] task=18  epoch=END  time_sec=4.2  acc_task0=0.0  acc_task1=0.0  acc_task2=0.0  acc_task3=0.0  acc_task4=0.0  acc_task5=0.0  acc_task6=0.0  acc_task7=0.0  acc_task8=0.0  acc_task9=0.0  acc_task10=0.0  acc_task11=0.0  acc_task12=0.0  acc_task13=0.0  acc_task14=0.0  acc_task15=0.0  acc_task16=0.0  acc_task17=6.2  acc_task18=60.0
[01:22:26] 
============================================================
 Task 20/20  | Classes (95, 100)
============================================================
[01:22:26] Task 19 baseline (chance): 1.00%
[01:22:26] Task 19 zero-shot (pre-train): 0.00%
[01:22:30] task=19  epoch=0  train_loss=3.2148
[01:22:52] task=19  epoch=END  time_sec=4.2  acc_task0=0.0  acc_task1=0.0  acc_task2=0.0  acc_task3=0.0  acc_task4=0.0  acc_task5=0.0  acc_task6=0.0  acc_task7=0.0  acc_task8=0.0  acc_task9=0.0  acc_task10=0.0  acc_task11=0.0  acc_task12=0.0  acc_task13=0.0  acc_task14=0.0  acc_task15=0.0  acc_task16=0.0  acc_task17=0.0  acc_task18=17.2  acc_task19=59.8
[01:22:52] 
Final Metrics:
  avg_accuracy         +3.8500
  forgetting           +52.5158
  backward_transfer    -52.5158
  forward_transfer     -2.7345
[01:22:53] 
Done - run: split_cifar100_progress_compress_seed1024
[01:22:53] Metrics: {'avg_accuracy': 3.85, 'forgetting': 52.5158, 'backward_transfer': -52.5158, 'forward_transfer': -2.7345}
