[01:10:20] Starting: split_cifar100_progress_compress_seed1024
[01:10:20] Config: {'dataset': 'split_cifar100', 'data_root': 'Project/data_local', 'model': 'slim_resnet18', 'pretrained': False, 'method': 'progress_compress', 'n_epochs': 1, 'batch_size': 32, 'num_workers': 0, 'lr': 0.03, 'momentum': 0.9, 'weight_decay': 0.0001, 'fp16': True, 'buffer_size': 200, 'ewc_lambda': 100.0, 'fisher_samples': 200, 'si_lambda': 1.0, 'si_xi': 0.1, 'der_alpha': 0.5, 'xder_beta': 0.5, 'lwf_lambda': 1.0, 'lwf_temp': 2.0, 'icarl_distill_w': 1.0, 'icarl_temp': 2.0, 'use_nmc': True, 'agem_mem_batch': 64, 'distill_lambda': 1.0, 'distill_temp': 2.0, 'pc_distill_w': 1.0, 'pc_ewc_lambda': 100.0, 'pc_compress_epochs': 3, 'er_replay_ratio': 0.5, 'joint_replay_epochs': 1, 'disable_tqdm': True, 'disable_checkpoints': True, 'disable_plots': False, 'seeds': [42, 123, 456, 789, 1024], 'results_root': 'd:\\Catastrophic Forgetting\\results_phase3_fwt', 'checkpoint_dir': 'results/checkpoints', 'figure_dir': 'd:\\Catastrophic Forgetting\\results_phase3_fwt\\figures', 'log_dir': 'd:\\Catastrophic Forgetting\\results_phase3_fwt\\raw', 'run_name': 'split_cifar100_progress_compress_seed1024', 'seed': 1024}
[01:10:20] Device: cuda
[01:10:22] Dataset: SplitCIFAR100(tasks=20, classes_per_task=5, scenario=class-il)
[01:10:22] 
============================================================
 Task 1/20  | Classes (0, 5)
============================================================
[01:10:22] Task 0 baseline (chance): 20.00%
[01:10:26] task=0  epoch=0  train_loss=1.6126
[01:10:38] task=0  epoch=END  time_sec=4.3  acc_task0=51.8
[01:10:38] 
============================================================
 Task 2/20  | Classes (5, 10)
============================================================
[01:10:38] Task 1 baseline (chance): 10.00%
[01:10:38] Task 1 zero-shot (pre-train): 0.00%
[01:10:42] task=1  epoch=0  train_loss=1.9756
[01:11:00] task=1  epoch=END  time_sec=4.2  acc_task0=0.0  acc_task1=38.8
[01:11:00] 
============================================================
 Task 3/20  | Classes (10, 15)
============================================================
[01:11:00] Task 2 baseline (chance): 6.67%
[01:11:00] Task 2 zero-shot (pre-train): 0.00%
[01:11:05] task=2  epoch=0  train_loss=2.099
[01:11:22] task=2  epoch=END  time_sec=4.2  acc_task0=0.0  acc_task1=0.0  acc_task2=46.0
[01:11:22] 
============================================================
 Task 4/20  | Classes (15, 20)
============================================================
[01:11:22] Task 3 baseline (chance): 5.00%
[01:11:23] Task 3 zero-shot (pre-train): 0.00%
[01:11:27] task=3  epoch=0  train_loss=2.4026
[01:11:45] task=3  epoch=END  time_sec=4.2  acc_task0=0.0  acc_task1=0.0  acc_task2=4.4  acc_task3=52.4
[01:11:45] 
============================================================
 Task 5/20  | Classes (20, 25)
============================================================
[01:11:45] Task 4 baseline (chance): 4.00%
[01:11:45] Task 4 zero-shot (pre-train): 0.00%
[01:11:49] task=4  epoch=0  train_loss=2.473
[01:12:08] task=4  epoch=END  time_sec=4.2  acc_task0=0.0  acc_task1=0.0  acc_task2=0.0  acc_task3=1.8  acc_task4=58.4
[01:12:08] 
============================================================
 Task 6/20  | Classes (25, 30)
============================================================
[01:12:08] Task 5 baseline (chance): 3.33%
[01:12:08] Task 5 zero-shot (pre-train): 0.00%
[01:12:12] task=5  epoch=0  train_loss=2.7921
[01:12:30] task=5  epoch=END  time_sec=4.1  acc_task0=0.0  acc_task1=0.0  acc_task2=0.0  acc_task3=0.0  acc_task4=0.0  acc_task5=42.8
[01:12:30] 
============================================================
 Task 7/20  | Classes (30, 35)
============================================================
[01:12:30] Task 6 baseline (chance): 2.86%
[01:12:30] Task 6 zero-shot (pre-train): 0.00%
[01:12:35] task=6  epoch=0  train_loss=2.7254
[01:12:53] task=6  epoch=END  time_sec=4.2  acc_task0=0.0  acc_task1=0.0  acc_task2=0.0  acc_task3=0.0  acc_task4=0.0  acc_task5=2.4  acc_task6=59.6
[01:12:53] 
============================================================
 Task 8/20  | Classes (35, 40)
============================================================
[01:12:53] Task 7 baseline (chance): 2.50%
[01:12:53] Task 7 zero-shot (pre-train): 0.00%
[01:12:58] task=7  epoch=0  train_loss=2.8848
[01:13:16] task=7  epoch=END  time_sec=4.2  acc_task0=0.0  acc_task1=0.0  acc_task2=0.0  acc_task3=0.0  acc_task4=0.0  acc_task5=0.0  acc_task6=1.6  acc_task7=50.8
[01:13:16] 
============================================================
 Task 9/20  | Classes (40, 45)
============================================================
[01:13:16] Task 8 baseline (chance): 2.22%
[01:13:16] Task 8 zero-shot (pre-train): 0.00%
[01:13:21] task=8  epoch=0  train_loss=3.0008
[01:13:40] task=8  epoch=END  time_sec=4.2  acc_task0=0.0  acc_task1=0.0  acc_task2=0.0  acc_task3=0.0  acc_task4=0.0  acc_task5=0.0  acc_task6=0.0  acc_task7=11.6  acc_task8=44.8
[01:13:40] 
============================================================
 Task 10/20  | Classes (45, 50)
============================================================
[01:13:40] Task 9 baseline (chance): 2.00%
[01:13:40] Task 9 zero-shot (pre-train): 0.00%
[01:13:44] task=9  epoch=0  train_loss=2.893
[01:14:03] task=9  epoch=END  time_sec=4.2  acc_task0=0.0  acc_task1=0.0  acc_task2=0.0  acc_task3=0.0  acc_task4=0.0  acc_task5=0.0  acc_task6=0.0  acc_task7=0.0  acc_task8=6.6  acc_task9=57.8
[01:14:03] 
============================================================
 Task 11/20  | Classes (50, 55)
============================================================
[01:14:03] Task 10 baseline (chance): 1.82%
[01:14:04] Task 10 zero-shot (pre-train): 0.00%
[01:14:08] task=10  epoch=0  train_loss=2.8387
[01:14:27] task=10  epoch=END  time_sec=4.2  acc_task0=0.0  acc_task1=0.0  acc_task2=0.0  acc_task3=0.0  acc_task4=0.0  acc_task5=0.0  acc_task6=0.0  acc_task7=0.0  acc_task8=0.0  acc_task9=3.6  acc_task10=71.2
[01:14:27] 
============================================================
 Task 12/20  | Classes (55, 60)
============================================================
[01:14:27] Task 11 baseline (chance): 1.67%
