[01:38:46] Starting: split_cifar10_icarl_seed1024
[01:38:46] Config: {'dataset': 'split_cifar10', 'data_root': 'F:\\Temp\\cf\\Catastrophic Forgetting\\research_v2\\Project\\data_local', 'dataset_image_size': None, 'dataset_out_channels': None, 'model': 'slim_resnet18', 'pretrained': False, 'model_image_size': None, 'method': 'icarl', 'n_epochs': 1, 'batch_size': 32, 'num_workers': 0, 'lr': 0.03, 'momentum': 0.9, 'weight_decay': 0.0001, 'fp16': False, 'buffer_size': 500, 'ewc_lambda': 100.0, 'fisher_samples': 200, 'si_lambda': 1.0, 'si_xi': 0.1, 'der_alpha': 0.5, 'xder_beta': 0.5, 'lwf_lambda': 1.0, 'lwf_temp': 2.0, 'icarl_distill_w': 1.0, 'icarl_temp': 2.0, 'use_nmc': True, 'agem_mem_batch': 64, 'distill_lambda': 1.0, 'distill_temp': 2.0, 'pc_distill_w': 1.0, 'pc_ewc_lambda': 100.0, 'pc_compress_epochs': 3, 'er_replay_ratio': 0.5, 'joint_replay_epochs': 1, 'disable_tqdm': True, 'disable_checkpoints': False, 'disable_plots': False, 'resume': True, 'cleanup_checkpoints_on_success': True, 'result_group': 'runs', 'ablation_family': None, 'seeds': [42, 123, 456, 789, 1024], 'results_root': 'F:\\Temp\\cf\\Catastrophic Forgetting\\research_v2\\results', 'seed': 1024, 'run_name': 'split_cifar10_icarl_seed1024', 'project_root': 'F:\\Temp\\cf\\Catastrophic Forgetting\\research_v2\\Project', 'workspace_root': 'F:\\Temp\\cf\\Catastrophic Forgetting\\research_v2', 'run_root': 'F:\\Temp\\cf\\Catastrophic Forgetting\\research_v2\\results\\runs\\epoch_1\\split_cifar10\\hybrids\\icarl\\seed_1024', 'log_dir': 'F:\\Temp\\cf\\Catastrophic Forgetting\\research_v2\\results\\runs\\epoch_1\\split_cifar10\\hybrids\\icarl\\seed_1024\\logs', 'metrics_dir': 'F:\\Temp\\cf\\Catastrophic Forgetting\\research_v2\\results\\runs\\epoch_1\\split_cifar10\\hybrids\\icarl\\seed_1024\\metrics', 'checkpoint_dir': 'F:\\Temp\\cf\\Catastrophic Forgetting\\research_v2\\results\\runs\\epoch_1\\split_cifar10\\hybrids\\icarl\\seed_1024\\checkpoints', 'artifact_dir': 'F:\\Temp\\cf\\Catastrophic Forgetting\\research_v2\\results\\runs\\epoch_1\\split_cifar10\\hybrids\\icarl\\seed_1024\\artifacts', 'figure_dir': 'F:\\Temp\\cf\\Catastrophic Forgetting\\research_v2\\results\\figures\\epoch_1\\split_cifar10\\hybrids\\icarl\\seed_1024'}
[01:38:46] Device: cuda
[01:38:48] Dataset: SplitCIFAR10(tasks=5, classes_per_task=2, scenario=class-il)
[01:38:49] 
============================================================
 Task 1/5  | Classes (0, 2)
============================================================
[01:38:49] Task 0 baseline (chance): 50.00%
[01:39:00] task=0  epoch=0  train_loss=0.5336
[01:39:08] task=0  epoch=END  time_sec=11.2  acc_task0=68.55
[01:39:09] 
============================================================
 Task 2/5  | Classes (2, 4)
============================================================
[01:39:09] Task 1 baseline (chance): 25.00%
[01:39:10] Task 1 zero-shot (pre-train): 0.00%
[01:39:24] task=1  epoch=0  train_loss=0.6321
[01:39:33] task=1  epoch=END  time_sec=14.8  acc_task0=47.6  acc_task1=65.0
[01:39:33] 
============================================================
 Task 3/5  | Classes (4, 6)
============================================================
[01:39:33] Task 2 baseline (chance): 16.67%
[01:39:34] Task 2 zero-shot (pre-train): 0.00%
[01:39:50] task=2  epoch=0  train_loss=0.6537
[01:39:59] task=2  epoch=END  time_sec=15.9  acc_task0=40.7  acc_task1=22.45  acc_task2=56.35
[01:40:00] 
============================================================
 Task 4/5  | Classes (6, 8)
============================================================
[01:40:00] Task 3 baseline (chance): 12.50%
[01:40:01] Task 3 zero-shot (pre-train): 0.00%
[01:40:17] task=3  epoch=0  train_loss=0.6872
[01:40:27] task=3  epoch=END  time_sec=15.8  acc_task0=29.8  acc_task1=14.7  acc_task2=30.45  acc_task3=63.75
[01:40:28] 
============================================================
 Task 5/5  | Classes (8, 10)
============================================================
[01:40:28] Task 4 baseline (chance): 10.00%
[01:40:29] Task 4 zero-shot (pre-train): 0.00%
[01:40:45] task=4  epoch=0  train_loss=0.9388
[01:40:55] task=4  epoch=END  time_sec=15.7  acc_task0=33.9  acc_task1=5.85  acc_task2=17.45  acc_task3=44.25  acc_task4=39.35
[01:40:56] 
Final Metrics:
  avg_accuracy         +28.1600
  forgetting           +38.0500
  backward_transfer    -38.0500
  forward_transfer     -16.0417
[01:40:57] 
Done - run: split_cifar10_icarl_seed1024
[01:40:57] Metrics: {'avg_accuracy': 28.16, 'forgetting': 38.05, 'backward_transfer': -38.05, 'forward_transfer': -16.0417}
[01:40:57] Deleted 5 checkpoint(s) after successful completion.
