[01:44:35] Starting: split_cifar10_er_ewc_lambda10_seed1024
[01:44:35] Config: {'dataset': 'split_cifar10', 'data_root': 'F:\\Temp\\cf\\Catastrophic Forgetting\\research_v2\\Project\\data_local', 'dataset_image_size': None, 'dataset_out_channels': None, 'model': 'slim_resnet18', 'pretrained': False, 'model_image_size': None, 'method': 'er_ewc', 'n_epochs': 1, 'batch_size': 32, 'num_workers': 0, 'lr': 0.03, 'momentum': 0.9, 'weight_decay': 0.0001, 'fp16': False, 'buffer_size': 200, 'ewc_lambda': 10.0, 'fisher_samples': 200, 'si_lambda': 1.0, 'si_xi': 0.1, 'der_alpha': 0.5, 'xder_beta': 0.5, 'lwf_lambda': 1.0, 'lwf_temp': 2.0, 'icarl_distill_w': 1.0, 'icarl_temp': 2.0, 'use_nmc': True, 'agem_mem_batch': 64, 'distill_lambda': 1.0, 'distill_temp': 2.0, 'pc_distill_w': 1.0, 'pc_ewc_lambda': 100.0, 'pc_compress_epochs': 3, 'er_replay_ratio': 0.5, 'joint_replay_epochs': 1, 'disable_tqdm': True, 'disable_checkpoints': False, 'disable_plots': True, 'resume': False, 'cleanup_checkpoints_on_success': True, 'result_group': 'ablations', 'ablation_family': 'lambda', 'seeds': [42, 123, 456, 789, 1024], 'results_root': 'F:\\Temp\\cf\\Catastrophic Forgetting\\research_v2\\results', 'run_tag': 'lambda10', 'seed': 1024, 'run_name': 'split_cifar10_er_ewc_lambda10_seed1024', 'project_root': 'F:\\Temp\\cf\\Catastrophic Forgetting\\research_v2\\Project', 'workspace_root': 'F:\\Temp\\cf\\Catastrophic Forgetting\\research_v2', 'run_root': 'F:\\Temp\\cf\\Catastrophic Forgetting\\research_v2\\results\\ablations\\epoch_1\\split_cifar10\\lambda\\er_ewc__lambda10\\seed_1024', 'log_dir': 'F:\\Temp\\cf\\Catastrophic Forgetting\\research_v2\\results\\ablations\\epoch_1\\split_cifar10\\lambda\\er_ewc__lambda10\\seed_1024\\logs', 'metrics_dir': 'F:\\Temp\\cf\\Catastrophic Forgetting\\research_v2\\results\\ablations\\epoch_1\\split_cifar10\\lambda\\er_ewc__lambda10\\seed_1024\\metrics', 'checkpoint_dir': 'F:\\Temp\\cf\\Catastrophic Forgetting\\research_v2\\results\\ablations\\epoch_1\\split_cifar10\\lambda\\er_ewc__lambda10\\seed_1024\\checkpoints', 'artifact_dir': 'F:\\Temp\\cf\\Catastrophic Forgetting\\research_v2\\results\\ablations\\epoch_1\\split_cifar10\\lambda\\er_ewc__lambda10\\seed_1024\\artifacts', 'figure_dir': 'F:\\Temp\\cf\\Catastrophic Forgetting\\research_v2\\results\\figures\\ablations\\epoch_1\\split_cifar10\\lambda\\er_ewc__lambda10\\seed_1024'}
[01:44:35] Device: cuda
[01:44:38] Dataset: SplitCIFAR10(tasks=5, classes_per_task=2, scenario=class-il)
[01:44:38] 
============================================================
 Task 1/5  | Classes (0, 2)
============================================================
[01:44:38] Task 0 baseline (chance): 50.00%
[01:44:58] task=0  epoch=0  train_loss=0.4683
[01:45:00] task=0  epoch=END  time_sec=20.6  acc_task0=85.8
[01:45:00] 
============================================================
 Task 2/5  | Classes (2, 4)
============================================================
[01:45:00] Task 1 baseline (chance): 25.00%
[01:45:01] Task 1 zero-shot (pre-train): 2.25%
[01:45:33] task=1  epoch=0  train_loss=0.7169
[01:45:36] task=1  epoch=END  time_sec=32.6  acc_task0=27.15  acc_task1=71.85
[01:45:36] 
============================================================
 Task 3/5  | Classes (4, 6)
============================================================
[01:45:36] Task 2 baseline (chance): 16.67%
[01:45:37] Task 2 zero-shot (pre-train): 0.00%
[01:46:07] task=2  epoch=0  train_loss=0.7163
[01:46:11] task=2  epoch=END  time_sec=29.7  acc_task0=29.05  acc_task1=5.15  acc_task2=76.95
[01:46:11] 
============================================================
 Task 4/5  | Classes (6, 8)
============================================================
[01:46:11] Task 3 baseline (chance): 12.50%
[01:46:13] Task 3 zero-shot (pre-train): 0.00%
[01:46:58] task=3  epoch=0  train_loss=0.4988
[01:47:03] task=3  epoch=END  time_sec=45.7  acc_task0=21.05  acc_task1=3.7  acc_task2=5.1  acc_task3=85.45
[01:47:03] 
============================================================
 Task 5/5  | Classes (8, 10)
============================================================
[01:47:03] Task 4 baseline (chance): 10.00%
[01:47:04] Task 4 zero-shot (pre-train): 0.00%
[01:48:02] task=4  epoch=0  train_loss=0.4515
[01:48:07] task=4  epoch=END  time_sec=57.1  acc_task0=0.95  acc_task1=0.65  acc_task2=0.8  acc_task3=3.35  acc_task4=89.4
[01:48:08] 
Final Metrics:
  avg_accuracy         +19.0300
  forgetting           +78.5750
  backward_transfer    -78.5750
  forward_transfer     -15.4792
[01:48:08] 
Done - run: split_cifar10_er_ewc_lambda10_seed1024
[01:48:08] Metrics: {'avg_accuracy': 19.03, 'forgetting': 78.575, 'backward_transfer': -78.575, 'forward_transfer': -15.4792}
[01:48:08] Deleted 5 checkpoint(s) after successful completion.
