[09:32:52] Starting: split_mini_imagenet_er_ewc_seed42
[09:32:52] Config: {'dataset': 'split_mini_imagenet', 'data_root': 'F:\\Temp\\cf\\Catastrophic Forgetting\\research_v2\\Project\\data_local\\mini-imagenet', 'dataset_image_size': None, 'dataset_out_channels': None, 'model': 'slim_resnet18', 'pretrained': False, 'model_image_size': None, 'method': 'er_ewc', 'n_epochs': 1, 'batch_size': 32, 'num_workers': 0, 'lr': 0.03, 'momentum': 0.9, 'weight_decay': 0.0001, 'fp16': True, 'buffer_size': 200, 'ewc_lambda': 100.0, 'fisher_samples': 200, 'si_lambda': 1.0, 'si_xi': 0.1, 'der_alpha': 0.5, 'xder_beta': 0.5, 'lwf_lambda': 1.0, 'lwf_temp': 2.0, 'icarl_distill_w': 1.0, 'icarl_temp': 2.0, 'use_nmc': True, 'agem_mem_batch': 64, 'distill_lambda': 1.0, 'distill_temp': 2.0, 'pc_distill_w': 1.0, 'pc_ewc_lambda': 100.0, 'pc_compress_epochs': 3, 'er_replay_ratio': 0.5, 'joint_replay_epochs': 1, 'disable_tqdm': True, 'disable_checkpoints': False, 'disable_plots': False, 'resume': True, 'cleanup_checkpoints_on_success': True, 'result_group': 'runs', 'ablation_family': None, 'seeds': [42, 123, 456, 789, 1024], 'results_root': 'F:\\Temp\\cf\\Catastrophic Forgetting\\research_v2\\results', 'seed': 42, 'run_name': 'split_mini_imagenet_er_ewc_seed42', 'project_root': 'F:\\Temp\\cf\\Catastrophic Forgetting\\research_v2\\Project', 'workspace_root': 'F:\\Temp\\cf\\Catastrophic Forgetting\\research_v2', 'run_root': 'F:\\Temp\\cf\\Catastrophic Forgetting\\research_v2\\results\\runs\\epoch_1\\split_mini_imagenet\\hybrids\\er_ewc\\seed_42', 'log_dir': 'F:\\Temp\\cf\\Catastrophic Forgetting\\research_v2\\results\\runs\\epoch_1\\split_mini_imagenet\\hybrids\\er_ewc\\seed_42\\logs', 'metrics_dir': 'F:\\Temp\\cf\\Catastrophic Forgetting\\research_v2\\results\\runs\\epoch_1\\split_mini_imagenet\\hybrids\\er_ewc\\seed_42\\metrics', 'checkpoint_dir': 'F:\\Temp\\cf\\Catastrophic Forgetting\\research_v2\\results\\runs\\epoch_1\\split_mini_imagenet\\hybrids\\er_ewc\\seed_42\\checkpoints', 'artifact_dir': 'F:\\Temp\\cf\\Catastrophic Forgetting\\research_v2\\results\\runs\\epoch_1\\split_mini_imagenet\\hybrids\\er_ewc\\seed_42\\artifacts', 'figure_dir': 'F:\\Temp\\cf\\Catastrophic Forgetting\\research_v2\\results\\figures\\epoch_1\\split_mini_imagenet\\hybrids\\er_ewc\\seed_42'}
[09:32:52] Device: cuda
[09:32:54] Dataset: SplitMiniImageNet(tasks=20, classes_per_task=5, scenario=class-il)
[09:32:54] 
============================================================
 Task 1/20  | Classes (0, 5)
============================================================
[09:32:54] Task 0 baseline (chance): 20.00%
[09:33:11] task=0  epoch=0  train_loss=1.61
[09:33:15] task=0  epoch=END  time_sec=17.2  acc_task0=31.5
[09:33:15] 
============================================================
 Task 2/20  | Classes (5, 10)
============================================================
[09:33:15] Task 1 baseline (chance): 10.00%
[09:33:18] Task 1 zero-shot (pre-train): 0.17%
[09:33:36] task=1  epoch=0  train_loss=1.8627
[09:33:41] task=1  epoch=END  time_sec=17.8  acc_task0=3.17  acc_task1=50.83
[09:33:42] 
============================================================
 Task 3/20  | Classes (10, 15)
============================================================
[09:33:42] Task 2 baseline (chance): 6.67%
[09:33:44] Task 2 zero-shot (pre-train): 0.00%
[09:34:00] task=2  epoch=0  train_loss=2.0581
[09:34:07] task=2  epoch=END  time_sec=15.6  acc_task0=5.33  acc_task1=5.17  acc_task2=39.33
[09:34:08] 
============================================================
 Task 4/20  | Classes (15, 20)
============================================================
[09:34:08] Task 3 baseline (chance): 5.00%
[09:34:10] Task 3 zero-shot (pre-train): 0.00%
[09:34:29] task=3  epoch=0  train_loss=2.2865
[09:34:39] task=3  epoch=END  time_sec=18.7  acc_task0=7.83  acc_task1=13.5  acc_task2=9.33  acc_task3=36.0
[09:34:40] 
============================================================
 Task 5/20  | Classes (20, 25)
============================================================
[09:34:40] Task 4 baseline (chance): 4.00%
[09:34:43] Task 4 zero-shot (pre-train): 0.00%
[09:35:03] task=4  epoch=0  train_loss=2.4307
[09:35:16] task=4  epoch=END  time_sec=19.5  acc_task0=3.0  acc_task1=11.0  acc_task2=0.0  acc_task3=0.0  acc_task4=29.83
[09:35:17] 
============================================================
 Task 6/20  | Classes (25, 30)
============================================================
[09:35:17] Task 5 baseline (chance): 3.33%
[09:35:20] Task 5 zero-shot (pre-train): 0.00%
[09:35:41] task=5  epoch=0  train_loss=2.4747
[09:35:57] task=5  epoch=END  time_sec=21.0  acc_task0=6.0  acc_task1=9.5  acc_task2=0.0  acc_task3=0.17  acc_task4=0.0  acc_task5=49.17
[09:36:03] 
============================================================
 Task 7/20  | Classes (30, 35)
============================================================
[09:36:03] Task 6 baseline (chance): 2.86%
[09:36:06] Task 6 zero-shot (pre-train): 0.00%
[09:36:27] task=6  epoch=0  train_loss=2.6046
[09:36:46] task=6  epoch=END  time_sec=20.4  acc_task0=0.83  acc_task1=0.5  acc_task2=4.5  acc_task3=0.17  acc_task4=0.0  acc_task5=0.0  acc_task6=50.83
[09:36:47] 
============================================================
 Task 8/20  | Classes (35, 40)
============================================================
[09:36:47] Task 7 baseline (chance): 2.50%
[09:36:51] Task 7 zero-shot (pre-train): 0.00%
[09:37:14] task=7  epoch=0  train_loss=2.6712
[09:37:37] task=7  epoch=END  time_sec=23.2  acc_task0=8.67  acc_task1=0.0  acc_task2=3.67  acc_task3=0.0  acc_task4=0.0  acc_task5=4.83  acc_task6=9.33  acc_task7=41.0
[09:37:38] 
============================================================
 Task 9/20  | Classes (40, 45)
============================================================
[09:37:38] Task 8 baseline (chance): 2.22%
[09:37:41] Task 8 zero-shot (pre-train): 0.00%
[09:38:04] task=8  epoch=0  train_loss=2.6331
[09:38:28] task=8  epoch=END  time_sec=23.0  acc_task0=4.17  acc_task1=0.5  acc_task2=0.0  acc_task3=0.0  acc_task4=0.0  acc_task5=3.5  acc_task6=7.0  acc_task7=0.0  acc_task8=59.5
[09:38:28] 
============================================================
 Task 10/20  | Classes (45, 50)
============================================================
[09:38:28] Task 9 baseline (chance): 2.00%
[09:38:31] Task 9 zero-shot (pre-train): 0.00%
[09:38:55] task=9  epoch=0  train_loss=2.8969
[09:39:23] task=9  epoch=END  time_sec=24.2  acc_task0=4.67  acc_task1=0.0  acc_task2=8.67  acc_task3=0.0  acc_task4=0.0  acc_task5=5.67  acc_task6=8.33  acc_task7=0.33  acc_task8=1.0  acc_task9=36.17
[09:39:24] 
============================================================
 Task 11/20  | Classes (50, 55)
============================================================
[09:39:24] Task 10 baseline (chance): 1.82%
[09:39:27] Task 10 zero-shot (pre-train): 0.00%
[09:39:52] task=10  epoch=0  train_loss=2.9841
[09:40:21] task=10  epoch=END  time_sec=25.2  acc_task0=3.83  acc_task1=0.0  acc_task2=0.0  acc_task3=0.0  acc_task4=0.0  acc_task5=0.0  acc_task6=0.17  acc_task7=0.0  acc_task8=0.0  acc_task9=0.0  acc_task10=42.0
[09:40:22] 
============================================================
 Task 12/20  | Classes (55, 60)
============================================================
[09:40:22] Task 11 baseline (chance): 1.67%
[09:40:25] Task 11 zero-shot (pre-train): 0.00%
[09:40:50] task=11  epoch=0  train_loss=2.9688
[09:41:23] task=11  epoch=END  time_sec=24.9  acc_task0=6.67  acc_task1=0.0  acc_task2=4.0  acc_task3=0.0  acc_task4=0.0  acc_task5=8.33  acc_task6=0.33  acc_task7=0.0  acc_task8=4.5  acc_task9=0.0  acc_task10=0.0  acc_task11=37.83
[09:41:24] 
============================================================
 Task 13/20  | Classes (60, 65)
============================================================
[09:41:24] Task 12 baseline (chance): 1.54%
[09:41:27] Task 12 zero-shot (pre-train): 0.00%
[09:41:52] task=12  epoch=0  train_loss=3.0673
[09:42:27] task=12  epoch=END  time_sec=25.4  acc_task0=5.83  acc_task1=0.0  acc_task2=5.17  acc_task3=0.0  acc_task4=0.0  acc_task5=9.17  acc_task6=7.83  acc_task7=0.0  acc_task8=0.0  acc_task9=0.0  acc_task10=0.0  acc_task11=0.0  acc_task12=33.83
[09:42:28] 
============================================================
 Task 14/20  | Classes (65, 70)
============================================================
[09:42:28] Task 13 baseline (chance): 1.43%
[09:42:31] Task 13 zero-shot (pre-train): 0.00%
[09:42:57] task=13  epoch=0  train_loss=3.0395
[09:43:35] task=13  epoch=END  time_sec=25.8  acc_task0=0.33  acc_task1=0.0  acc_task2=5.83  acc_task3=0.0  acc_task4=0.0  acc_task5=4.83  acc_task6=4.17  acc_task7=0.5  acc_task8=2.33  acc_task9=0.0  acc_task10=0.0  acc_task11=0.0  acc_task12=0.0  acc_task13=44.0
[09:43:37] 
============================================================
 Task 15/20  | Classes (70, 75)
============================================================
[09:43:37] Task 14 baseline (chance): 1.33%
[09:43:40] Task 14 zero-shot (pre-train): 0.00%
[09:44:08] task=14  epoch=0  train_loss=3.0948
[09:44:47] task=14  epoch=END  time_sec=28.1  acc_task0=0.0  acc_task1=0.5  acc_task2=8.5  acc_task3=0.0  acc_task4=0.0  acc_task5=0.33  acc_task6=0.0  acc_task7=0.0  acc_task8=1.67  acc_task9=0.0  acc_task10=0.0  acc_task11=0.0  acc_task12=0.0  acc_task13=0.0  acc_task14=58.33
[09:44:48] 
============================================================
 Task 16/20  | Classes (75, 80)
============================================================
[09:44:48] Task 15 baseline (chance): 1.25%
[09:44:51] Task 15 zero-shot (pre-train): 0.00%
[09:45:20] task=15  epoch=0  train_loss=3.0254
[09:46:03] task=15  epoch=END  time_sec=28.9  acc_task0=0.0  acc_task1=0.0  acc_task2=0.0  acc_task3=0.0  acc_task4=0.0  acc_task5=1.33  acc_task6=4.33  acc_task7=0.0  acc_task8=0.0  acc_task9=0.5  acc_task10=0.0  acc_task11=0.0  acc_task12=0.0  acc_task13=0.0  acc_task14=0.0  acc_task15=59.5
[09:46:05] 
============================================================
 Task 17/20  | Classes (80, 85)
============================================================
[09:46:05] Task 16 baseline (chance): 1.18%
[09:46:07] Task 16 zero-shot (pre-train): 0.00%
[09:46:38] task=16  epoch=0  train_loss=3.0149
[09:47:21] task=16  epoch=END  time_sec=30.4  acc_task0=4.83  acc_task1=6.33  acc_task2=0.33  acc_task3=0.0  acc_task4=0.0  acc_task5=4.0  acc_task6=5.83  acc_task7=0.0  acc_task8=1.67  acc_task9=0.0  acc_task10=0.0  acc_task11=0.0  acc_task12=0.0  acc_task13=0.0  acc_task14=0.0  acc_task15=0.83  acc_task16=55.67
[09:47:22] 
============================================================
 Task 18/20  | Classes (85, 90)
============================================================
[09:47:22] Task 17 baseline (chance): 1.11%
[09:47:25] Task 17 zero-shot (pre-train): 0.00%
[09:47:56] task=17  epoch=0  train_loss=3.1871
[09:48:45] task=17  epoch=END  time_sec=30.5  acc_task0=0.83  acc_task1=0.17  acc_task2=5.17  acc_task3=0.0  acc_task4=0.0  acc_task5=0.0  acc_task6=3.0  acc_task7=0.0  acc_task8=2.5  acc_task9=0.0  acc_task10=0.0  acc_task11=0.0  acc_task12=0.0  acc_task13=0.0  acc_task14=0.0  acc_task15=3.17  acc_task16=4.17  acc_task17=46.17
[09:48:48] 
============================================================
 Task 19/20  | Classes (90, 95)
============================================================
[09:48:48] Task 18 baseline (chance): 1.05%
[09:48:51] Task 18 zero-shot (pre-train): 0.00%
[09:49:21] task=18  epoch=0  train_loss=3.0678
[09:50:10] task=18  epoch=END  time_sec=30.1  acc_task0=0.17  acc_task1=0.17  acc_task2=2.33  acc_task3=0.0  acc_task4=0.0  acc_task5=2.17  acc_task6=0.17  acc_task7=0.0  acc_task8=0.0  acc_task9=0.0  acc_task10=0.0  acc_task11=0.0  acc_task12=0.0  acc_task13=0.0  acc_task14=0.0  acc_task15=0.33  acc_task16=5.0  acc_task17=0.0  acc_task18=58.17
[09:50:11] 
============================================================
 Task 20/20  | Classes (95, 100)
============================================================
[09:50:11] Task 19 baseline (chance): 1.00%
[09:50:15] Task 19 zero-shot (pre-train): 0.00%
[09:50:47] task=19  epoch=0  train_loss=3.0747
[09:51:40] task=19  epoch=END  time_sec=32.6  acc_task0=0.33  acc_task1=0.0  acc_task2=0.0  acc_task3=0.83  acc_task4=0.0  acc_task5=0.0  acc_task6=2.0  acc_task7=0.0  acc_task8=0.0  acc_task9=0.17  acc_task10=0.0  acc_task11=0.33  acc_task12=0.17  acc_task13=0.0  acc_task14=0.0  acc_task15=0.0  acc_task16=3.67  acc_task17=0.0  acc_task18=0.0  acc_task19=58.33
[09:51:41] 
Final Metrics:
  avg_accuracy         +3.2917
  forgetting           +44.8509
  backward_transfer    -44.8509
  forward_transfer     -2.7257
[09:51:42] 
Done - run: split_mini_imagenet_er_ewc_seed42
[09:51:42] Metrics: {'avg_accuracy': 3.2917, 'forgetting': 44.8509, 'backward_transfer': -44.8509, 'forward_transfer': -2.7257}
[09:51:42] Deleted 20 checkpoint(s) after successful completion.
