[07:14:23] Starting: split_mini_imagenet_agem_distill_seed456
[07:14:23] Config: {'dataset': 'split_mini_imagenet', 'data_root': 'F:\\Temp\\cf\\Catastrophic Forgetting\\research_v2\\Project\\data_local\\mini-imagenet', 'dataset_image_size': None, 'dataset_out_channels': None, 'model': 'slim_resnet18', 'pretrained': False, 'model_image_size': None, 'method': 'agem_distill', 'n_epochs': 1, 'batch_size': 32, 'num_workers': 0, 'lr': 0.03, 'momentum': 0.9, 'weight_decay': 0.0001, 'fp16': True, 'buffer_size': 200, 'ewc_lambda': 100.0, 'fisher_samples': 200, 'si_lambda': 1.0, 'si_xi': 0.1, 'der_alpha': 0.5, 'xder_beta': 0.5, 'lwf_lambda': 1.0, 'lwf_temp': 2.0, 'icarl_distill_w': 1.0, 'icarl_temp': 2.0, 'use_nmc': True, 'agem_mem_batch': 64, 'distill_lambda': 1.0, 'distill_temp': 2.0, 'pc_distill_w': 1.0, 'pc_ewc_lambda': 100.0, 'pc_compress_epochs': 3, 'er_replay_ratio': 0.5, 'joint_replay_epochs': 1, 'disable_tqdm': True, 'disable_checkpoints': False, 'disable_plots': False, 'resume': True, 'cleanup_checkpoints_on_success': True, 'result_group': 'runs', 'ablation_family': None, 'seeds': [42, 123, 456, 789, 1024], 'results_root': 'F:\\Temp\\cf\\Catastrophic Forgetting\\research_v2\\results', 'seed': 456, 'run_name': 'split_mini_imagenet_agem_distill_seed456', 'project_root': 'F:\\Temp\\cf\\Catastrophic Forgetting\\research_v2\\Project', 'workspace_root': 'F:\\Temp\\cf\\Catastrophic Forgetting\\research_v2', 'run_root': 'F:\\Temp\\cf\\Catastrophic Forgetting\\research_v2\\results\\runs\\epoch_1\\split_mini_imagenet\\hybrids\\agem_distill\\seed_456', 'log_dir': 'F:\\Temp\\cf\\Catastrophic Forgetting\\research_v2\\results\\runs\\epoch_1\\split_mini_imagenet\\hybrids\\agem_distill\\seed_456\\logs', 'metrics_dir': 'F:\\Temp\\cf\\Catastrophic Forgetting\\research_v2\\results\\runs\\epoch_1\\split_mini_imagenet\\hybrids\\agem_distill\\seed_456\\metrics', 'checkpoint_dir': 'F:\\Temp\\cf\\Catastrophic Forgetting\\research_v2\\results\\runs\\epoch_1\\split_mini_imagenet\\hybrids\\agem_distill\\seed_456\\checkpoints', 'artifact_dir': 'F:\\Temp\\cf\\Catastrophic Forgetting\\research_v2\\results\\runs\\epoch_1\\split_mini_imagenet\\hybrids\\agem_distill\\seed_456\\artifacts', 'figure_dir': 'F:\\Temp\\cf\\Catastrophic Forgetting\\research_v2\\results\\figures\\epoch_1\\split_mini_imagenet\\hybrids\\agem_distill\\seed_456'}
[07:14:23] Device: cuda
[07:14:24] Dataset: SplitMiniImageNet(tasks=20, classes_per_task=5, scenario=class-il)
[07:14:24] 
============================================================
 Task 1/20  | Classes (0, 5)
============================================================
[07:14:24] Task 0 baseline (chance): 20.00%
[07:14:37] task=0  epoch=0  train_loss=1.6853
[07:14:41] task=0  epoch=END  time_sec=13.3  acc_task0=23.0
[07:14:41] 
============================================================
 Task 2/20  | Classes (5, 10)
============================================================
[07:14:41] Task 1 baseline (chance): 10.00%
[07:14:43] Task 1 zero-shot (pre-train): 0.17%
[07:15:12] task=1  epoch=0  train_loss=1.9445
[07:15:17] task=1  epoch=END  time_sec=28.4  acc_task0=0.0  acc_task1=50.0
[07:15:17] 
============================================================
 Task 3/20  | Classes (10, 15)
============================================================
[07:15:17] Task 2 baseline (chance): 6.67%
[07:15:19] Task 2 zero-shot (pre-train): 0.00%
[07:15:41] task=2  epoch=0  train_loss=1.8289
[07:15:47] task=2  epoch=END  time_sec=21.7  acc_task0=0.0  acc_task1=0.0  acc_task2=41.83
[07:15:47] 
============================================================
 Task 4/20  | Classes (15, 20)
============================================================
[07:15:47] Task 3 baseline (chance): 5.00%
[07:15:50] Task 3 zero-shot (pre-train): 0.00%
[07:16:16] task=3  epoch=0  train_loss=2.2147
[07:16:25] task=3  epoch=END  time_sec=26.3  acc_task0=0.0  acc_task1=0.0  acc_task2=0.0  acc_task3=33.17
[07:16:25] 
============================================================
 Task 5/20  | Classes (20, 25)
============================================================
[07:16:25] Task 4 baseline (chance): 4.00%
[07:16:28] Task 4 zero-shot (pre-train): 0.00%
[07:16:52] task=4  epoch=0  train_loss=2.4032
[07:17:03] task=4  epoch=END  time_sec=24.2  acc_task0=0.0  acc_task1=0.0  acc_task2=0.0  acc_task3=0.0  acc_task4=36.5
[07:17:03] 
============================================================
 Task 6/20  | Classes (25, 30)
============================================================
[07:17:03] Task 5 baseline (chance): 3.33%
[07:17:05] Task 5 zero-shot (pre-train): 0.00%
[07:17:32] task=5  epoch=0  train_loss=2.6754
[07:17:45] task=5  epoch=END  time_sec=26.6  acc_task0=0.0  acc_task1=0.0  acc_task2=0.0  acc_task3=0.0  acc_task4=0.0  acc_task5=31.83
[07:17:45] 
============================================================
 Task 7/20  | Classes (30, 35)
============================================================
[07:17:45] Task 6 baseline (chance): 2.86%
[07:17:47] Task 6 zero-shot (pre-train): 0.00%
[07:18:13] task=6  epoch=0  train_loss=3.8626
[07:18:28] task=6  epoch=END  time_sec=25.8  acc_task0=0.0  acc_task1=0.0  acc_task2=0.0  acc_task3=0.0  acc_task4=0.0  acc_task5=0.0  acc_task6=35.67
[07:18:28] 
============================================================
 Task 8/20  | Classes (35, 40)
============================================================
[07:18:28] Task 7 baseline (chance): 2.50%
[07:18:31] Task 7 zero-shot (pre-train): 0.00%
[07:18:58] task=7  epoch=0  train_loss=2.576
[07:19:14] task=7  epoch=END  time_sec=27.2  acc_task0=0.0  acc_task1=0.0  acc_task2=0.0  acc_task3=0.0  acc_task4=0.0  acc_task5=0.0  acc_task6=0.0  acc_task7=37.67
[07:19:15] 
============================================================
 Task 9/20  | Classes (40, 45)
============================================================
[07:19:15] Task 8 baseline (chance): 2.22%
[07:19:18] Task 8 zero-shot (pre-train): 0.00%
[07:19:46] task=8  epoch=0  train_loss=3.0888
[07:20:06] task=8  epoch=END  time_sec=28.6  acc_task0=0.0  acc_task1=0.0  acc_task2=0.0  acc_task3=0.0  acc_task4=0.0  acc_task5=0.0  acc_task6=0.0  acc_task7=0.0  acc_task8=45.17
[07:20:06] 
============================================================
 Task 10/20  | Classes (45, 50)
============================================================
[07:20:06] Task 9 baseline (chance): 2.00%
[07:20:08] Task 9 zero-shot (pre-train): 0.00%
[07:20:34] task=9  epoch=0  train_loss=3.2343
[07:20:56] task=9  epoch=END  time_sec=25.9  acc_task0=0.0  acc_task1=0.0  acc_task2=0.0  acc_task3=0.0  acc_task4=0.0  acc_task5=0.0  acc_task6=0.0  acc_task7=0.0  acc_task8=0.0  acc_task9=30.17
[07:20:56] 
============================================================
 Task 11/20  | Classes (50, 55)
============================================================
[07:20:56] Task 10 baseline (chance): 1.82%
[07:20:59] Task 10 zero-shot (pre-train): 0.00%
[07:21:27] task=10  epoch=0  train_loss=3.285
[07:21:51] task=10  epoch=END  time_sec=28.2  acc_task0=0.0  acc_task1=0.0  acc_task2=0.0  acc_task3=0.0  acc_task4=0.0  acc_task5=0.0  acc_task6=0.0  acc_task7=0.0  acc_task8=0.0  acc_task9=0.0  acc_task10=31.83
[07:21:51] 
============================================================
 Task 12/20  | Classes (55, 60)
============================================================
[07:21:51] Task 11 baseline (chance): 1.67%
[07:21:53] Task 11 zero-shot (pre-train): 0.00%
[07:22:21] task=11  epoch=0  train_loss=3.5786
[07:22:47] task=11  epoch=END  time_sec=27.9  acc_task0=0.0  acc_task1=0.0  acc_task2=0.0  acc_task3=0.0  acc_task4=0.0  acc_task5=0.0  acc_task6=0.0  acc_task7=0.0  acc_task8=0.0  acc_task9=0.0  acc_task10=0.0  acc_task11=38.83
[07:22:47] 
============================================================
 Task 13/20  | Classes (60, 65)
============================================================
[07:22:47] Task 12 baseline (chance): 1.54%
[07:22:49] Task 12 zero-shot (pre-train): 0.00%
[07:23:17] task=12  epoch=0  train_loss=3.8708
[07:23:45] task=12  epoch=END  time_sec=27.4  acc_task0=0.0  acc_task1=0.0  acc_task2=0.0  acc_task3=0.0  acc_task4=0.0  acc_task5=0.0  acc_task6=0.0  acc_task7=0.0  acc_task8=0.0  acc_task9=0.0  acc_task10=0.0  acc_task11=0.0  acc_task12=27.5
[07:23:45] 
============================================================
 Task 14/20  | Classes (65, 70)
============================================================
[07:23:45] Task 13 baseline (chance): 1.43%
[07:23:48] Task 13 zero-shot (pre-train): 0.00%
[07:24:16] task=13  epoch=0  train_loss=3.6513
[07:24:45] task=13  epoch=END  time_sec=28.3  acc_task0=0.0  acc_task1=0.0  acc_task2=0.0  acc_task3=0.0  acc_task4=0.0  acc_task5=0.0  acc_task6=0.0  acc_task7=0.0  acc_task8=0.0  acc_task9=0.0  acc_task10=0.0  acc_task11=0.0  acc_task12=0.0  acc_task13=32.17
[07:24:45] 
============================================================
 Task 15/20  | Classes (70, 75)
============================================================
[07:24:46] Task 14 baseline (chance): 1.33%
[07:24:48] Task 14 zero-shot (pre-train): 0.00%
[07:25:13] task=14  epoch=0  train_loss=4.0124
[07:25:43] task=14  epoch=END  time_sec=24.8  acc_task0=0.0  acc_task1=0.0  acc_task2=0.0  acc_task3=0.0  acc_task4=0.0  acc_task5=0.0  acc_task6=0.0  acc_task7=0.0  acc_task8=0.0  acc_task9=0.0  acc_task10=0.0  acc_task11=0.0  acc_task12=0.0  acc_task13=0.0  acc_task14=33.83
[07:25:43] 
============================================================
 Task 16/20  | Classes (75, 80)
============================================================
[07:25:43] Task 15 baseline (chance): 1.25%
[07:25:46] Task 15 zero-shot (pre-train): 0.00%
[07:26:15] task=15  epoch=0  train_loss=4.1386
[07:26:52] task=15  epoch=END  time_sec=29.1  acc_task0=0.0  acc_task1=0.0  acc_task2=0.0  acc_task3=0.0  acc_task4=0.0  acc_task5=0.0  acc_task6=0.0  acc_task7=0.0  acc_task8=0.0  acc_task9=0.0  acc_task10=0.0  acc_task11=0.0  acc_task12=0.0  acc_task13=0.0  acc_task14=0.0  acc_task15=39.5
[07:26:52] 
============================================================
 Task 17/20  | Classes (80, 85)
============================================================
[07:26:52] Task 16 baseline (chance): 1.18%
[07:26:54] Task 16 zero-shot (pre-train): 0.00%
[07:27:21] task=16  epoch=0  train_loss=4.0682
[07:28:02] task=16  epoch=END  time_sec=26.6  acc_task0=0.0  acc_task1=0.0  acc_task2=0.0  acc_task3=0.0  acc_task4=0.0  acc_task5=0.0  acc_task6=0.0  acc_task7=0.0  acc_task8=0.0  acc_task9=0.0  acc_task10=0.0  acc_task11=0.0  acc_task12=0.0  acc_task13=0.0  acc_task14=0.0  acc_task15=0.0  acc_task16=39.67
[07:28:02] 
============================================================
 Task 18/20  | Classes (85, 90)
============================================================
[07:28:02] Task 17 baseline (chance): 1.11%
[07:28:05] Task 17 zero-shot (pre-train): 0.00%
[07:28:32] task=17  epoch=0  train_loss=4.7708
[07:29:17] task=17  epoch=END  time_sec=27.2  acc_task0=0.0  acc_task1=0.0  acc_task2=0.0  acc_task3=0.0  acc_task4=0.0  acc_task5=0.0  acc_task6=0.0  acc_task7=0.0  acc_task8=0.0  acc_task9=0.0  acc_task10=0.0  acc_task11=0.0  acc_task12=0.0  acc_task13=0.0  acc_task14=0.0  acc_task15=0.0  acc_task16=0.0  acc_task17=33.67
[07:29:17] 
============================================================
 Task 19/20  | Classes (90, 95)
============================================================
[07:29:17] Task 18 baseline (chance): 1.05%
[07:29:20] Task 18 zero-shot (pre-train): 0.00%
[07:29:46] task=18  epoch=0  train_loss=3.8047
[07:30:32] task=18  epoch=END  time_sec=25.4  acc_task0=0.0  acc_task1=0.0  acc_task2=0.0  acc_task3=0.0  acc_task4=0.0  acc_task5=0.0  acc_task6=0.0  acc_task7=0.0  acc_task8=0.0  acc_task9=0.0  acc_task10=0.0  acc_task11=0.0  acc_task12=0.0  acc_task13=0.0  acc_task14=0.0  acc_task15=0.0  acc_task16=0.0  acc_task17=0.0  acc_task18=40.5
[07:30:32] 
============================================================
 Task 20/20  | Classes (95, 100)
============================================================
[07:30:32] Task 19 baseline (chance): 1.00%
[07:30:35] Task 19 zero-shot (pre-train): 0.00%
[07:31:02] task=19  epoch=0  train_loss=5.3083
[07:31:53] task=19  epoch=END  time_sec=26.8  acc_task0=0.0  acc_task1=0.0  acc_task2=0.0  acc_task3=0.0  acc_task4=0.0  acc_task5=0.0  acc_task6=0.0  acc_task7=0.0  acc_task8=0.0  acc_task9=0.0  acc_task10=0.0  acc_task11=0.0  acc_task12=0.0  acc_task13=0.0  acc_task14=0.0  acc_task15=0.0  acc_task16=0.0  acc_task17=0.0  acc_task18=0.0  acc_task19=49.17
[07:31:53] 
Final Metrics:
  avg_accuracy         +2.4583
  forgetting           +35.9211
  backward_transfer    -35.9211
  forward_transfer     -2.7257
[07:31:55] 
Done - run: split_mini_imagenet_agem_distill_seed456
[07:31:55] Metrics: {'avg_accuracy': 2.4583, 'forgetting': 35.9211, 'backward_transfer': -35.9211, 'forward_transfer': -2.7257}
[07:31:55] Deleted 20 checkpoint(s) after successful completion.
