[03:56:50] Starting: split_cifar10_icarl_buf200_seed1024
[03:56:50] Config: {'dataset': 'split_cifar10', 'data_root': 'F:\\Temp\\cf\\Catastrophic Forgetting\\research_v2\\Project\\data_local', 'dataset_image_size': None, 'dataset_out_channels': None, 'model': 'slim_resnet18', 'pretrained': False, 'model_image_size': None, 'method': 'icarl', 'n_epochs': 1, 'batch_size': 32, 'num_workers': 0, 'lr': 0.03, 'momentum': 0.9, 'weight_decay': 0.0001, 'fp16': False, 'buffer_size': 200, 'ewc_lambda': 100.0, 'fisher_samples': 200, 'si_lambda': 1.0, 'si_xi': 0.1, 'der_alpha': 0.5, 'xder_beta': 0.5, 'lwf_lambda': 1.0, 'lwf_temp': 2.0, 'icarl_distill_w': 1.0, 'icarl_temp': 2.0, 'use_nmc': True, 'agem_mem_batch': 64, 'distill_lambda': 1.0, 'distill_temp': 2.0, 'pc_distill_w': 1.0, 'pc_ewc_lambda': 100.0, 'pc_compress_epochs': 3, 'er_replay_ratio': 0.5, 'joint_replay_epochs': 1, 'disable_tqdm': True, 'disable_checkpoints': False, 'disable_plots': True, 'resume': False, 'cleanup_checkpoints_on_success': True, 'result_group': 'ablations', 'ablation_family': 'buffer', 'seeds': [42, 123, 456, 789, 1024], 'results_root': 'F:\\Temp\\cf\\Catastrophic Forgetting\\research_v2\\results', 'run_tag': 'buf200', 'seed': 1024, 'run_name': 'split_cifar10_icarl_buf200_seed1024', 'project_root': 'F:\\Temp\\cf\\Catastrophic Forgetting\\research_v2\\Project', 'workspace_root': 'F:\\Temp\\cf\\Catastrophic Forgetting\\research_v2', 'run_root': 'F:\\Temp\\cf\\Catastrophic Forgetting\\research_v2\\results\\ablations\\epoch_1\\split_cifar10\\buffer\\icarl__buf200\\seed_1024', 'log_dir': 'F:\\Temp\\cf\\Catastrophic Forgetting\\research_v2\\results\\ablations\\epoch_1\\split_cifar10\\buffer\\icarl__buf200\\seed_1024\\logs', 'metrics_dir': 'F:\\Temp\\cf\\Catastrophic Forgetting\\research_v2\\results\\ablations\\epoch_1\\split_cifar10\\buffer\\icarl__buf200\\seed_1024\\metrics', 'checkpoint_dir': 'F:\\Temp\\cf\\Catastrophic Forgetting\\research_v2\\results\\ablations\\epoch_1\\split_cifar10\\buffer\\icarl__buf200\\seed_1024\\checkpoints', 'artifact_dir': 'F:\\Temp\\cf\\Catastrophic Forgetting\\research_v2\\results\\ablations\\epoch_1\\split_cifar10\\buffer\\icarl__buf200\\seed_1024\\artifacts', 'figure_dir': 'F:\\Temp\\cf\\Catastrophic Forgetting\\research_v2\\results\\figures\\ablations\\epoch_1\\split_cifar10\\buffer\\icarl__buf200\\seed_1024'}
[03:56:50] Device: cuda
[03:56:53] Dataset: SplitCIFAR10(tasks=5, classes_per_task=2, scenario=class-il)
[03:56:53] 
============================================================
 Task 1/5  | Classes (0, 2)
============================================================
[03:56:53] Task 0 baseline (chance): 50.00%
[03:57:05] task=0  epoch=0  train_loss=0.5336
[03:57:14] task=0  epoch=END  time_sec=12.3  acc_task0=68.4
[03:57:14] 
============================================================
 Task 2/5  | Classes (2, 4)
============================================================
[03:57:14] Task 1 baseline (chance): 25.00%
[03:57:15] Task 1 zero-shot (pre-train): 0.00%
[03:57:36] task=1  epoch=0  train_loss=0.6302
[03:57:44] task=1  epoch=END  time_sec=20.4  acc_task0=49.55  acc_task1=64.75
[03:57:45] 
============================================================
 Task 3/5  | Classes (4, 6)
============================================================
[03:57:45] Task 2 baseline (chance): 16.67%
[03:57:46] Task 2 zero-shot (pre-train): 0.00%
[03:58:07] task=2  epoch=0  train_loss=0.6473
[03:58:18] task=2  epoch=END  time_sec=21.0  acc_task0=41.15  acc_task1=24.8  acc_task2=52.75
[03:58:19] 
============================================================
 Task 4/5  | Classes (6, 8)
============================================================
[03:58:19] Task 3 baseline (chance): 12.50%
[03:58:20] Task 3 zero-shot (pre-train): 0.00%
[03:58:42] task=3  epoch=0  train_loss=0.6923
[03:58:53] task=3  epoch=END  time_sec=22.7  acc_task0=30.5  acc_task1=21.6  acc_task2=27.85  acc_task3=55.65
[03:58:54] 
============================================================
 Task 5/5  | Classes (8, 10)
============================================================
[03:58:54] Task 4 baseline (chance): 10.00%
[03:58:55] Task 4 zero-shot (pre-train): 0.00%
[03:59:17] task=4  epoch=0  train_loss=0.7771
[03:59:28] task=4  epoch=END  time_sec=22.0  acc_task0=39.15  acc_task1=13.5  acc_task2=4.25  acc_task3=39.45  acc_task4=39.1
[03:59:29] 
Final Metrics:
  avg_accuracy         +27.0900
  forgetting           +36.3000
  backward_transfer    -36.3000
  forward_transfer     -16.0417
[03:59:29] 
Done - run: split_cifar10_icarl_buf200_seed1024
[03:59:29] Metrics: {'avg_accuracy': 27.09, 'forgetting': 36.3, 'backward_transfer': -36.3, 'forward_transfer': -16.0417}
[03:59:30] Deleted 5 checkpoint(s) after successful completion.
