[23:32:50] Starting: split_cifar10_ewc_seed456
[23:32:50] Config: {'dataset': 'split_cifar10', 'data_root': 'Project/data_local', 'model': 'slim_resnet18', 'pretrained': False, 'method': 'ewc', 'n_epochs': 1, 'batch_size': 32, 'num_workers': 0, 'lr': 0.03, 'momentum': 0.9, 'weight_decay': 0.0001, 'fp16': False, 'buffer_size': 200, 'ewc_lambda': 100.0, 'fisher_samples': 200, 'si_lambda': 1.0, 'si_xi': 0.1, 'der_alpha': 0.5, 'xder_beta': 0.5, 'lwf_lambda': 1.0, 'lwf_temp': 2.0, 'icarl_distill_w': 1.0, 'icarl_temp': 2.0, 'use_nmc': True, 'agem_mem_batch': 64, 'distill_lambda': 1.0, 'distill_temp': 2.0, 'pc_distill_w': 1.0, 'pc_ewc_lambda': 100.0, 'pc_compress_epochs': 3, 'er_replay_ratio': 0.5, 'joint_replay_epochs': 1, 'disable_tqdm': True, 'seeds': [42, 123, 456, 789, 1024], 'checkpoint_dir': 'results/checkpoints', 'figure_dir': 'results/figures', 'log_dir': 'results/raw', 'run_name': 'split_cifar10_ewc_seed456', 'seed': 456}
[23:32:50] Device: cuda
[23:32:51] Dataset: SplitCIFAR10(tasks=5, classes_per_task=2, scenario=class-il)
[23:32:51] 
============================================================
 Task 1/5  | Classes (0, 2)
============================================================
[23:32:51] Task 0 baseline (before training): 0.00%
[23:33:01] task=0  epoch=0  train_loss=0.5418
[23:33:02] task=0  epoch=END  time_sec=9.9  acc_task0=87.15
[23:33:02] 
============================================================
 Task 2/5  | Classes (2, 4)
============================================================
[23:33:03] Task 1 baseline (before training): 0.00%
[23:33:20] task=1  epoch=0  train_loss=0.6283
[23:33:22] task=1  epoch=END  time_sec=17.2  acc_task0=0.0  acc_task1=73.2
[23:33:22] 
============================================================
 Task 3/5  | Classes (4, 6)
============================================================
[23:33:22] Task 2 baseline (before training): 0.00%
[23:33:48] task=2  epoch=0  train_loss=0.6252
[23:33:50] task=2  epoch=END  time_sec=25.2  acc_task0=0.0  acc_task1=0.0  acc_task2=79.85
[23:33:50] 
============================================================
 Task 4/5  | Classes (6, 8)
============================================================
[23:33:51] Task 3 baseline (before training): 0.00%
[23:34:24] task=3  epoch=0  train_loss=0.6436
[23:34:27] task=3  epoch=END  time_sec=32.8  acc_task0=0.0  acc_task1=0.0  acc_task2=0.0  acc_task3=86.4
[23:34:27] 
============================================================
 Task 5/5  | Classes (8, 10)
============================================================
[23:34:28] Task 4 baseline (before training): 0.00%
[23:35:08] task=4  epoch=0  train_loss=0.7404
[23:35:12] task=4  epoch=END  time_sec=40.3  acc_task0=0.0  acc_task1=0.0  acc_task2=0.0  acc_task3=0.0  acc_task4=82.4
[23:35:12] 
Final Metrics:
  avg_accuracy         +16.4800
  forgetting           +81.6500
  backward_transfer    -81.6500
  forward_transfer     +0.0000
[23:35:12] 
Done - run: split_cifar10_ewc_seed456
[23:35:12] Metrics: {'avg_accuracy': 16.48, 'forgetting': 81.65, 'backward_transfer': -81.65, 'forward_transfer': 0.0}
