[23:35:12] Starting: split_cifar10_ewc_seed789
[23:35:12] Config: {'dataset': 'split_cifar10', 'data_root': 'Project/data_local', 'model': 'slim_resnet18', 'pretrained': False, 'method': 'ewc', 'n_epochs': 1, 'batch_size': 32, 'num_workers': 0, 'lr': 0.03, 'momentum': 0.9, 'weight_decay': 0.0001, 'fp16': False, 'buffer_size': 200, 'ewc_lambda': 100.0, 'fisher_samples': 200, 'si_lambda': 1.0, 'si_xi': 0.1, 'der_alpha': 0.5, 'xder_beta': 0.5, 'lwf_lambda': 1.0, 'lwf_temp': 2.0, 'icarl_distill_w': 1.0, 'icarl_temp': 2.0, 'use_nmc': True, 'agem_mem_batch': 64, 'distill_lambda': 1.0, 'distill_temp': 2.0, 'pc_distill_w': 1.0, 'pc_ewc_lambda': 100.0, 'pc_compress_epochs': 3, 'er_replay_ratio': 0.5, 'joint_replay_epochs': 1, 'disable_tqdm': True, 'seeds': [42, 123, 456, 789, 1024], 'checkpoint_dir': 'results/checkpoints', 'figure_dir': 'results/figures', 'log_dir': 'results/raw', 'run_name': 'split_cifar10_ewc_seed789', 'seed': 789}
[23:35:12] Device: cuda
[23:35:14] Dataset: SplitCIFAR10(tasks=5, classes_per_task=2, scenario=class-il)
[23:35:14] 
============================================================
 Task 1/5  | Classes (0, 2)
============================================================
[23:35:14] Task 0 baseline (before training): 0.00%
[23:35:24] task=0  epoch=0  train_loss=0.5182
[23:35:25] task=0  epoch=END  time_sec=9.8  acc_task0=85.1
[23:35:25] 
============================================================
 Task 2/5  | Classes (2, 4)
============================================================
[23:35:25] Task 1 baseline (before training): 0.00%
[23:35:42] task=1  epoch=0  train_loss=0.6157
[23:35:44] task=1  epoch=END  time_sec=17.1  acc_task0=0.0  acc_task1=71.95
[23:35:44] 
============================================================
 Task 3/5  | Classes (4, 6)
============================================================
[23:35:45] Task 2 baseline (before training): 0.00%
[23:36:10] task=2  epoch=0  train_loss=0.6246
[23:36:12] task=2  epoch=END  time_sec=24.9  acc_task0=0.0  acc_task1=0.0  acc_task2=80.4
[23:36:12] 
============================================================
 Task 4/5  | Classes (6, 8)
============================================================
[23:36:13] Task 3 baseline (before training): 0.00%
[23:36:45] task=3  epoch=0  train_loss=0.7019
[23:36:48] task=3  epoch=END  time_sec=32.3  acc_task0=0.0  acc_task1=0.0  acc_task2=0.0  acc_task3=85.25
[23:36:48] 
============================================================
 Task 5/5  | Classes (8, 10)
============================================================
[23:36:49] Task 4 baseline (before training): 0.00%
[23:37:29] task=4  epoch=0  train_loss=0.7522
[23:37:32] task=4  epoch=END  time_sec=39.5  acc_task0=0.0  acc_task1=0.0  acc_task2=0.0  acc_task3=0.0  acc_task4=82.1
[23:37:33] 
Final Metrics:
  avg_accuracy         +16.4200
  forgetting           +80.6750
  backward_transfer    -80.6750
  forward_transfer     +0.0000
[23:37:33] 
Done - run: split_cifar10_ewc_seed789
[23:37:33] Metrics: {'avg_accuracy': 16.42, 'forgetting': 80.675, 'backward_transfer': -80.675, 'forward_transfer': 0.0}
