[23:28:06] Starting: split_cifar10_ewc_seed42
[23:28:06] Config: {'dataset': 'split_cifar10', 'data_root': 'Project/data_local', 'model': 'slim_resnet18', 'pretrained': False, 'method': 'ewc', 'n_epochs': 1, 'batch_size': 32, 'num_workers': 0, 'lr': 0.03, 'momentum': 0.9, 'weight_decay': 0.0001, 'fp16': False, 'buffer_size': 200, 'ewc_lambda': 100.0, 'fisher_samples': 200, 'si_lambda': 1.0, 'si_xi': 0.1, 'der_alpha': 0.5, 'xder_beta': 0.5, 'lwf_lambda': 1.0, 'lwf_temp': 2.0, 'icarl_distill_w': 1.0, 'icarl_temp': 2.0, 'use_nmc': True, 'agem_mem_batch': 64, 'distill_lambda': 1.0, 'distill_temp': 2.0, 'pc_distill_w': 1.0, 'pc_ewc_lambda': 100.0, 'pc_compress_epochs': 3, 'er_replay_ratio': 0.5, 'joint_replay_epochs': 1, 'disable_tqdm': True, 'seeds': [42, 123, 456, 789, 1024], 'checkpoint_dir': 'results/checkpoints', 'figure_dir': 'results/figures', 'log_dir': 'results/raw', 'run_name': 'split_cifar10_ewc_seed42', 'seed': 42}
[23:28:06] Device: cuda
[23:28:07] Dataset: SplitCIFAR10(tasks=5, classes_per_task=2, scenario=class-il)
[23:28:07] 
============================================================
 Task 1/5  | Classes (0, 2)
============================================================
[23:28:07] Task 0 baseline (before training): 0.00%
[23:28:17] task=0  epoch=0  train_loss=0.5556
[23:28:18] task=0  epoch=END  time_sec=9.3  acc_task0=87.25
[23:28:18] 
============================================================
 Task 2/5  | Classes (2, 4)
============================================================
[23:28:18] Task 1 baseline (before training): 0.00%
[23:28:35] task=1  epoch=0  train_loss=0.6071
[23:28:37] task=1  epoch=END  time_sec=17.2  acc_task0=0.0  acc_task1=74.4
[23:28:37] 
============================================================
 Task 3/5  | Classes (4, 6)
============================================================
[23:28:38] Task 2 baseline (before training): 0.00%
[23:29:03] task=2  epoch=0  train_loss=0.6439
[23:29:05] task=2  epoch=END  time_sec=25.0  acc_task0=0.0  acc_task1=0.0  acc_task2=73.0
[23:29:05] 
============================================================
 Task 4/5  | Classes (6, 8)
============================================================
[23:29:06] Task 3 baseline (before training): 0.00%
[23:29:39] task=3  epoch=0  train_loss=0.6525
[23:29:42] task=3  epoch=END  time_sec=32.6  acc_task0=0.0  acc_task1=0.0  acc_task2=0.0  acc_task3=85.45
[23:29:42] 
============================================================
 Task 5/5  | Classes (8, 10)
============================================================
[23:29:43] Task 4 baseline (before training): 0.00%
[23:30:22] task=4  epoch=0  train_loss=0.6593
[23:30:26] task=4  epoch=END  time_sec=39.8  acc_task0=0.0  acc_task1=0.0  acc_task2=0.0  acc_task3=0.0  acc_task4=70.5
[23:30:26] 
Final Metrics:
  avg_accuracy         +14.1000
  forgetting           +80.0250
  backward_transfer    -80.0250
  forward_transfer     +0.0000
[23:30:27] 
Done - run: split_cifar10_ewc_seed42
[23:30:27] Metrics: {'avg_accuracy': 14.1, 'forgetting': 80.025, 'backward_transfer': -80.025, 'forward_transfer': 0.0}
