[23:37:33] Starting: split_cifar10_ewc_seed1024
[23:37:33] Config: {'dataset': 'split_cifar10', 'data_root': 'Project/data_local', 'model': 'slim_resnet18', 'pretrained': False, 'method': 'ewc', 'n_epochs': 1, 'batch_size': 32, 'num_workers': 0, 'lr': 0.03, 'momentum': 0.9, 'weight_decay': 0.0001, 'fp16': False, 'buffer_size': 200, 'ewc_lambda': 100.0, 'fisher_samples': 200, 'si_lambda': 1.0, 'si_xi': 0.1, 'der_alpha': 0.5, 'xder_beta': 0.5, 'lwf_lambda': 1.0, 'lwf_temp': 2.0, 'icarl_distill_w': 1.0, 'icarl_temp': 2.0, 'use_nmc': True, 'agem_mem_batch': 64, 'distill_lambda': 1.0, 'distill_temp': 2.0, 'pc_distill_w': 1.0, 'pc_ewc_lambda': 100.0, 'pc_compress_epochs': 3, 'er_replay_ratio': 0.5, 'joint_replay_epochs': 1, 'disable_tqdm': True, 'seeds': [42, 123, 456, 789, 1024], 'checkpoint_dir': 'results/checkpoints', 'figure_dir': 'results/figures', 'log_dir': 'results/raw', 'run_name': 'split_cifar10_ewc_seed1024', 'seed': 1024}
[23:37:33] Device: cuda
[23:37:34] Dataset: SplitCIFAR10(tasks=5, classes_per_task=2, scenario=class-il)
[23:37:34] 
============================================================
 Task 1/5  | Classes (0, 2)
============================================================
[23:37:34] Task 0 baseline (before training): 0.00%
[23:37:44] task=0  epoch=0  train_loss=0.5051
[23:37:45] task=0  epoch=END  time_sec=9.9  acc_task0=86.05
[23:37:45] 
============================================================
 Task 2/5  | Classes (2, 4)
============================================================
[23:37:46] Task 1 baseline (before training): 0.00%
[23:38:03] task=1  epoch=0  train_loss=0.5976
[23:38:05] task=1  epoch=END  time_sec=17.4  acc_task0=0.0  acc_task1=73.35
[23:38:05] 
============================================================
 Task 3/5  | Classes (4, 6)
============================================================
[23:38:06] Task 2 baseline (before training): 0.00%
[23:38:31] task=2  epoch=0  train_loss=0.6281
[23:38:34] task=2  epoch=END  time_sec=25.4  acc_task0=0.0  acc_task1=0.0  acc_task2=76.85
[23:38:34] 
============================================================
 Task 4/5  | Classes (6, 8)
============================================================
[23:38:35] Task 3 baseline (before training): 0.00%
[23:39:07] task=3  epoch=0  train_loss=0.6474
[23:39:10] task=3  epoch=END  time_sec=32.5  acc_task0=0.0  acc_task1=0.0  acc_task2=0.0  acc_task3=88.2
[23:39:10] 
============================================================
 Task 5/5  | Classes (8, 10)
============================================================
[23:39:11] Task 4 baseline (before training): 0.00%
[23:39:51] task=4  epoch=0  train_loss=0.7138
[23:39:55] task=4  epoch=END  time_sec=39.8  acc_task0=0.0  acc_task1=0.0  acc_task2=0.0  acc_task3=0.0  acc_task4=84.25
[23:39:55] 
Final Metrics:
  avg_accuracy         +16.8500
  forgetting           +81.1125
  backward_transfer    -81.1125
  forward_transfer     +0.0000
[23:39:55] 
Done - run: split_cifar10_ewc_seed1024
[23:39:55] Metrics: {'avg_accuracy': 16.85, 'forgetting': 81.1125, 'backward_transfer': -81.1125, 'forward_transfer': 0.0}
