[22:31:01] Starting: permuted_mnist_si_der_ntasks10_seed123
[22:31:01] Config: {'dataset': 'permuted_mnist', 'data_root': 'Project/data_local', 'model': 'resnet8', 'pretrained': False, 'method': 'si_der', 'n_epochs': 1, 'batch_size': 32, 'num_workers': 0, 'lr': 0.03, 'momentum': 0.9, 'weight_decay': 0.0001, 'fp16': False, 'buffer_size': 200, 'ewc_lambda': 100.0, 'fisher_samples': 200, 'si_lambda': 1.0, 'si_xi': 0.1, 'der_alpha': 0.5, 'xder_beta': 0.5, 'lwf_lambda': 1.0, 'lwf_temp': 2.0, 'icarl_distill_w': 1.0, 'icarl_temp': 2.0, 'use_nmc': True, 'agem_mem_batch': 64, 'distill_lambda': 1.0, 'distill_temp': 2.0, 'pc_distill_w': 1.0, 'pc_ewc_lambda': 100.0, 'pc_compress_epochs': 3, 'er_replay_ratio': 0.5, 'joint_replay_epochs': 1, 'disable_tqdm': True, 'disable_checkpoints': True, 'disable_plots': True, 'seeds': [42, 123, 456, 789, 1024], 'results_root': 'results', 'checkpoint_dir': 'results/checkpoints', 'figure_dir': 'results/figures', 'log_dir': 'results/raw', 'n_tasks': 10, 'run_tag': 'ntasks10', 'run_name': 'permuted_mnist_si_der_ntasks10_seed123', 'seed': 123}
[22:31:01] Device: cuda
[22:31:01] Dataset: PermutedMNIST(tasks=10, classes_per_task=10, scenario=domain-il)
[22:31:01] 
============================================================
 Task 1/10  | Classes (0, 10)
============================================================
[22:31:01] Task 0 baseline (chance): 10.00%
[22:32:44] task=0  epoch=0  train_loss=0.43
[22:32:49] task=0  epoch=END  time_sec=103.3  acc_task0=95.37
[22:32:49] 
============================================================
 Task 2/10  | Classes (0, 10)
============================================================
[22:32:49] Task 1 baseline (chance): 10.00%
[22:32:55] Task 1 zero-shot (pre-train): 6.57%
[22:35:12] task=1  epoch=0  train_loss=0.3462
[22:35:22] task=1  epoch=END  time_sec=137.2  acc_task0=87.82  acc_task1=95.94
[22:35:22] 
============================================================
 Task 3/10  | Classes (0, 10)
============================================================
[22:35:22] Task 2 baseline (chance): 10.00%
[22:35:27] Task 2 zero-shot (pre-train): 9.61%
[22:37:43] task=2  epoch=0  train_loss=0.3644
[22:37:58] task=2  epoch=END  time_sec=135.8  acc_task0=78.93  acc_task1=88.27  acc_task2=96.03
[22:37:58] 
============================================================
 Task 4/10  | Classes (0, 10)
============================================================
[22:37:58] Task 3 baseline (chance): 10.00%
[22:38:03] Task 3 zero-shot (pre-train): 13.25%
[22:40:20] task=3  epoch=0  train_loss=0.3743
[22:40:41] task=3  epoch=END  time_sec=137.2  acc_task0=69.11  acc_task1=81.72  acc_task2=88.05  acc_task3=96.02
[22:40:41] 
============================================================
 Task 5/10  | Classes (0, 10)
============================================================
[22:40:41] Task 4 baseline (chance): 10.00%
[22:40:46] Task 4 zero-shot (pre-train): 8.29%
[22:42:53] task=4  epoch=0  train_loss=0.3832
[22:43:12] task=4  epoch=END  time_sec=126.9  acc_task0=65.75  acc_task1=72.93  acc_task2=80.43  acc_task3=87.58  acc_task4=95.24
[22:43:12] 
============================================================
 Task 6/10  | Classes (0, 10)
============================================================
[22:43:12] Task 5 baseline (chance): 10.00%
[22:43:16] Task 5 zero-shot (pre-train): 9.76%
[22:44:49] task=5  epoch=0  train_loss=0.3962
[22:45:13] task=5  epoch=END  time_sec=93.0  acc_task0=60.26  acc_task1=61.36  acc_task2=70.32  acc_task3=75.14  acc_task4=86.82  acc_task5=95.23
[22:45:13] 
============================================================
 Task 7/10  | Classes (0, 10)
============================================================
[22:45:13] Task 6 baseline (chance): 10.00%
[22:45:16] Task 6 zero-shot (pre-train): 12.89%
[22:46:49] task=6  epoch=0  train_loss=0.4012
[22:47:16] task=6  epoch=END  time_sec=92.6  acc_task0=58.5  acc_task1=59.94  acc_task2=68.64  acc_task3=73.01  acc_task4=78.66  acc_task5=86.92  acc_task6=95.6
[22:47:16] 
============================================================
 Task 8/10  | Classes (0, 10)
============================================================
[22:47:16] Task 7 baseline (chance): 10.00%
[22:47:20] Task 7 zero-shot (pre-train): 9.66%
[22:48:53] task=7  epoch=0  train_loss=0.408
[22:49:23] task=7  epoch=END  time_sec=93.1  acc_task0=51.92  acc_task1=55.12  acc_task2=62.4  acc_task3=63.89  acc_task4=71.77  acc_task5=73.33  acc_task6=88.81  acc_task7=95.52
[22:49:23] 
============================================================
 Task 9/10  | Classes (0, 10)
============================================================
[22:49:23] Task 8 baseline (chance): 10.00%
[22:49:27] Task 8 zero-shot (pre-train): 10.31%
[22:51:01] task=8  epoch=0  train_loss=0.4168
[22:51:35] task=8  epoch=END  time_sec=93.7  acc_task0=50.71  acc_task1=53.57  acc_task2=56.33  acc_task3=61.57  acc_task4=65.3  acc_task5=56.79  acc_task6=79.77  acc_task7=86.62  acc_task8=95.65
[22:51:35] 
============================================================
 Task 10/10  | Classes (0, 10)
============================================================
[22:51:35] Task 9 baseline (chance): 10.00%
[22:51:39] Task 9 zero-shot (pre-train): 14.90%
[22:53:12] task=9  epoch=0  train_loss=0.417
[22:53:50] task=9  epoch=END  time_sec=92.9  acc_task0=40.97  acc_task1=50.76  acc_task2=52.58  acc_task3=60.12  acc_task4=60.8  acc_task5=55.09  acc_task6=72.32  acc_task7=77.09  acc_task8=90.18  acc_task9=95.07
[22:53:50] 
Final Metrics:
  avg_accuracy         +65.4980
  forgetting           +33.4100
  backward_transfer    -33.4100
  forward_transfer     +0.5822
[22:53:50] 
Done - run: permuted_mnist_si_der_ntasks10_seed123
[22:53:50] Metrics: {'avg_accuracy': 65.498, 'forgetting': 33.41, 'backward_transfer': -33.41, 'forward_transfer': 0.5822}
