[22:02:13] Starting: permuted_mnist_si_der_ntasks10_seed42
[22:02:13] Config: {'dataset': 'permuted_mnist', 'data_root': 'Project/data_local', 'model': 'resnet8', 'pretrained': False, 'method': 'si_der', 'n_epochs': 1, 'batch_size': 32, 'num_workers': 0, 'lr': 0.03, 'momentum': 0.9, 'weight_decay': 0.0001, 'fp16': False, 'buffer_size': 200, 'ewc_lambda': 100.0, 'fisher_samples': 200, 'si_lambda': 1.0, 'si_xi': 0.1, 'der_alpha': 0.5, 'xder_beta': 0.5, 'lwf_lambda': 1.0, 'lwf_temp': 2.0, 'icarl_distill_w': 1.0, 'icarl_temp': 2.0, 'use_nmc': True, 'agem_mem_batch': 64, 'distill_lambda': 1.0, 'distill_temp': 2.0, 'pc_distill_w': 1.0, 'pc_ewc_lambda': 100.0, 'pc_compress_epochs': 3, 'er_replay_ratio': 0.5, 'joint_replay_epochs': 1, 'disable_tqdm': True, 'disable_checkpoints': True, 'disable_plots': True, 'seeds': [42, 123, 456, 789, 1024], 'results_root': 'results', 'checkpoint_dir': 'results/checkpoints', 'figure_dir': 'results/figures', 'log_dir': 'results/raw', 'n_tasks': 10, 'run_tag': 'ntasks10', 'run_name': 'permuted_mnist_si_der_ntasks10_seed42', 'seed': 42}
[22:02:13] Device: cuda
[22:02:13] Dataset: PermutedMNIST(tasks=10, classes_per_task=10, scenario=domain-il)
[22:02:13] 
============================================================
 Task 1/10  | Classes (0, 10)
============================================================
[22:02:13] Task 0 baseline (chance): 10.00%
[22:04:02] task=0  epoch=0  train_loss=0.4353
[22:04:07] task=0  epoch=END  time_sec=108.9  acc_task0=95.9
[22:04:07] 
============================================================
 Task 2/10  | Classes (0, 10)
============================================================
[22:04:07] Task 1 baseline (chance): 10.00%
[22:04:13] Task 1 zero-shot (pre-train): 10.18%
[22:06:38] task=1  epoch=0  train_loss=0.3562
[22:06:48] task=1  epoch=END  time_sec=145.1  acc_task0=86.84  acc_task1=96.32
[22:06:48] 
============================================================
 Task 3/10  | Classes (0, 10)
============================================================
[22:06:48] Task 2 baseline (chance): 10.00%
[22:06:54] Task 2 zero-shot (pre-train): 10.69%
[22:09:18] task=2  epoch=0  train_loss=0.3714
[22:09:34] task=2  epoch=END  time_sec=144.7  acc_task0=70.12  acc_task1=89.01  acc_task2=96.04
[22:09:34] 
============================================================
 Task 4/10  | Classes (0, 10)
============================================================
[22:09:34] Task 3 baseline (chance): 10.00%
[22:09:40] Task 3 zero-shot (pre-train): 14.92%
[22:12:06] task=3  epoch=0  train_loss=0.3758
[22:12:27] task=3  epoch=END  time_sec=145.3  acc_task0=62.64  acc_task1=79.28  acc_task2=88.47  acc_task3=95.47
[22:12:27] 
============================================================
 Task 5/10  | Classes (0, 10)
============================================================
[22:12:27] Task 4 baseline (chance): 10.00%
[22:12:32] Task 4 zero-shot (pre-train): 12.41%
[22:14:55] task=4  epoch=0  train_loss=0.3877
[22:15:22] task=4  epoch=END  time_sec=142.9  acc_task0=60.22  acc_task1=76.05  acc_task2=79.87  acc_task3=89.03  acc_task4=95.83
[22:15:22] 
============================================================
 Task 6/10  | Classes (0, 10)
============================================================
[22:15:22] Task 5 baseline (chance): 10.00%
[22:15:28] Task 5 zero-shot (pre-train): 11.84%
[22:17:50] task=5  epoch=0  train_loss=0.4012
[22:18:23] task=5  epoch=END  time_sec=142.7  acc_task0=56.28  acc_task1=73.89  acc_task2=74.51  acc_task3=81.64  acc_task4=86.42  acc_task5=95.72
[22:18:23] 
============================================================
 Task 7/10  | Classes (0, 10)
============================================================
[22:18:23] Task 6 baseline (chance): 10.00%
[22:18:28] Task 6 zero-shot (pre-train): 17.61%
[22:20:52] task=6  epoch=0  train_loss=0.395
[22:21:29] task=6  epoch=END  time_sec=143.9  acc_task0=53.72  acc_task1=69.21  acc_task2=66.85  acc_task3=70.51  acc_task4=72.27  acc_task5=86.35  acc_task6=95.97
[22:21:29] 
============================================================
 Task 8/10  | Classes (0, 10)
============================================================
[22:21:29] Task 7 baseline (chance): 10.00%
[22:21:34] Task 7 zero-shot (pre-train): 11.44%
[22:23:52] task=7  epoch=0  train_loss=0.3965
[22:24:33] task=7  epoch=END  time_sec=137.7  acc_task0=52.78  acc_task1=65.23  acc_task2=65.99  acc_task3=65.11  acc_task4=66.87  acc_task5=79.22  acc_task6=89.62  acc_task7=95.38
[22:24:33] 
============================================================
 Task 9/10  | Classes (0, 10)
============================================================
[22:24:33] Task 8 baseline (chance): 10.00%
[22:24:38] Task 8 zero-shot (pre-train): 12.90%
[22:26:54] task=8  epoch=0  train_loss=0.4009
[22:27:39] task=8  epoch=END  time_sec=135.9  acc_task0=51.75  acc_task1=63.49  acc_task2=61.12  acc_task3=62.09  acc_task4=57.5  acc_task5=63.8  acc_task6=81.36  acc_task7=86.72  acc_task8=95.49
[22:27:39] 
============================================================
 Task 10/10  | Classes (0, 10)
============================================================
[22:27:39] Task 9 baseline (chance): 10.00%
[22:27:43] Task 9 zero-shot (pre-train): 15.12%
[22:30:01] task=9  epoch=0  train_loss=0.4059
[22:30:55] task=9  epoch=END  time_sec=137.8  acc_task0=45.89  acc_task1=57.03  acc_task2=58.36  acc_task3=60.96  acc_task4=52.3  acc_task5=58.51  acc_task6=73.04  acc_task7=77.41  acc_task8=87.86  acc_task9=95.54
[22:30:55] 
Final Metrics:
  avg_accuracy         +66.6900
  forgetting           +32.3067
  backward_transfer    -32.3067
  forward_transfer     +3.0122
[22:30:55] 
Done - run: permuted_mnist_si_der_ntasks10_seed42
[22:30:55] Metrics: {'avg_accuracy': 66.69, 'forgetting': 32.3067, 'backward_transfer': -32.3067, 'forward_transfer': 3.0122}
