[16:55:55] Starting: permuted_mnist_lwf_seed123
[16:55:55] Config: {'dataset': 'permuted_mnist', 'data_root': 'Project/data_local', 'model': 'resnet8', 'pretrained': False, 'method': 'lwf', 'n_epochs': 1, 'batch_size': 32, 'num_workers': 0, 'lr': 0.03, 'momentum': 0.9, 'weight_decay': 0.0001, 'fp16': False, 'buffer_size': 200, 'ewc_lambda': 100.0, 'fisher_samples': 200, 'si_lambda': 1.0, 'si_xi': 0.1, 'der_alpha': 0.5, 'xder_beta': 0.5, 'lwf_lambda': 1.0, 'lwf_temp': 2.0, 'icarl_distill_w': 1.0, 'icarl_temp': 2.0, 'use_nmc': True, 'agem_mem_batch': 64, 'distill_lambda': 1.0, 'distill_temp': 2.0, 'pc_distill_w': 1.0, 'pc_ewc_lambda': 100.0, 'pc_compress_epochs': 3, 'er_replay_ratio': 0.5, 'joint_replay_epochs': 1, 'disable_tqdm': True, 'disable_checkpoints': True, 'disable_plots': False, 'seeds': [42, 123, 456, 789, 1024], 'results_root': 'results_fwt', 'checkpoint_dir': 'results/checkpoints', 'figure_dir': 'results_fwt\\figures', 'log_dir': 'results_fwt\\raw', 'run_name': 'permuted_mnist_lwf_seed123', 'seed': 123}
[16:55:55] Device: cuda
[16:55:55] Dataset: PermutedMNIST(tasks=10, classes_per_task=10, scenario=domain-il)
[16:55:55] 
============================================================
 Task 1/10  | Classes (0, 10)
============================================================
[16:55:55] Task 0 baseline (chance): 10.00%
[16:56:21] task=0  epoch=0  train_loss=0.3171
[16:56:25] task=0  epoch=END  time_sec=26.5  acc_task0=91.96
[16:56:25] 
============================================================
 Task 2/10  | Classes (0, 10)
============================================================
[16:56:25] Task 1 baseline (chance): 10.00%
[16:56:29] Task 1 zero-shot (pre-train): 10.93%
[16:57:14] task=1  epoch=0  train_loss=1.8666
[16:57:25] task=1  epoch=END  time_sec=45.1  acc_task0=69.71  acc_task1=70.44
[16:57:25] 
============================================================
 Task 3/10  | Classes (0, 10)
============================================================
[16:57:25] Task 2 baseline (chance): 10.00%
[16:57:30] Task 2 zero-shot (pre-train): 9.19%
[16:58:28] task=2  epoch=0  train_loss=1.5015
[16:58:44] task=2  epoch=END  time_sec=57.8  acc_task0=55.22  acc_task1=48.96  acc_task2=90.33
[16:58:44] 
============================================================
 Task 4/10  | Classes (0, 10)
============================================================
[16:58:44] Task 3 baseline (chance): 10.00%
[16:58:50] Task 3 zero-shot (pre-train): 12.20%
[16:59:47] task=3  epoch=0  train_loss=1.313
[17:00:08] task=3  epoch=END  time_sec=57.7  acc_task0=44.91  acc_task1=38.25  acc_task2=70.58  acc_task3=94.69
[17:00:08] 
============================================================
 Task 5/10  | Classes (0, 10)
============================================================
[17:00:08] Task 4 baseline (chance): 10.00%
[17:00:13] Task 4 zero-shot (pre-train): 12.80%
[17:00:56] task=4  epoch=0  train_loss=1.2544
[17:01:15] task=4  epoch=END  time_sec=43.0  acc_task0=27.58  acc_task1=26.06  acc_task2=35.98  acc_task3=70.66  acc_task4=95.2
[17:01:15] 
============================================================
 Task 6/10  | Classes (0, 10)
============================================================
[17:01:15] Task 5 baseline (chance): 10.00%
[17:01:18] Task 5 zero-shot (pre-train): 9.14%
[17:01:50] task=5  epoch=0  train_loss=1.2416
[17:02:11] task=5  epoch=END  time_sec=31.2  acc_task0=25.15  acc_task1=17.64  acc_task2=22.67  acc_task3=37.34  acc_task4=78.71  acc_task5=95.81
[17:02:11] 
============================================================
 Task 7/10  | Classes (0, 10)
============================================================
[17:02:11] Task 6 baseline (chance): 10.00%
[17:02:15] Task 6 zero-shot (pre-train): 12.96%
[17:02:46] task=6  epoch=0  train_loss=1.2089
[17:03:11] task=6  epoch=END  time_sec=30.9  acc_task0=22.76  acc_task1=18.3  acc_task2=18.4  acc_task3=27.63  acc_task4=51.55  acc_task5=81.19  acc_task6=95.71
[17:03:11] 
============================================================
 Task 8/10  | Classes (0, 10)
============================================================
[17:03:11] Task 7 baseline (chance): 10.00%
[17:03:15] Task 7 zero-shot (pre-train): 11.89%
[17:03:46] task=7  epoch=0  train_loss=1.1919
[17:04:15] task=7  epoch=END  time_sec=31.5  acc_task0=16.46  acc_task1=14.27  acc_task2=12.36  acc_task3=18.75  acc_task4=29.58  acc_task5=38.17  acc_task6=81.42  acc_task7=95.29
[17:04:15] 
============================================================
 Task 9/10  | Classes (0, 10)
============================================================
[17:04:15] Task 8 baseline (chance): 10.00%
[17:04:19] Task 8 zero-shot (pre-train): 10.50%
[17:04:50] task=8  epoch=0  train_loss=1.1848
[17:05:23] task=8  epoch=END  time_sec=31.1  acc_task0=14.2  acc_task1=12.35  acc_task2=14.24  acc_task3=19.02  acc_task4=20.1  acc_task5=23.67  acc_task6=50.23  acc_task7=76.83  acc_task8=95.37
[17:05:23] 
============================================================
 Task 10/10  | Classes (0, 10)
============================================================
[17:05:23] Task 9 baseline (chance): 10.00%
[17:05:26] Task 9 zero-shot (pre-train): 14.42%
[17:05:58] task=9  epoch=0  train_loss=1.1628
[17:06:34] task=9  epoch=END  time_sec=31.2  acc_task0=11.52  acc_task1=11.12  acc_task2=12.28  acc_task3=16.12  acc_task4=20.38  acc_task5=14.77  acc_task6=28.78  acc_task7=42.95  acc_task8=76.31  acc_task9=95.69
[17:06:34] 
Final Metrics:
  avg_accuracy         +32.9920
  forgetting           +65.6189
  backward_transfer    -65.6189
  forward_transfer     +1.5589
[17:06:34] 
Done - run: permuted_mnist_lwf_seed123
[17:06:34] Metrics: {'avg_accuracy': 32.992, 'forgetting': 65.6189, 'backward_transfer': -65.6189, 'forward_transfer': 1.5589}
