[17:24:38] Starting: permuted_mnist_lwf_seed1024
[17:24:38] Config: {'dataset': 'permuted_mnist', 'data_root': 'Project/data_local', 'model': 'resnet8', 'pretrained': False, 'method': 'lwf', 'n_epochs': 1, 'batch_size': 32, 'num_workers': 0, 'lr': 0.03, 'momentum': 0.9, 'weight_decay': 0.0001, 'fp16': False, 'buffer_size': 200, 'ewc_lambda': 100.0, 'fisher_samples': 200, 'si_lambda': 1.0, 'si_xi': 0.1, 'der_alpha': 0.5, 'xder_beta': 0.5, 'lwf_lambda': 1.0, 'lwf_temp': 2.0, 'icarl_distill_w': 1.0, 'icarl_temp': 2.0, 'use_nmc': True, 'agem_mem_batch': 64, 'distill_lambda': 1.0, 'distill_temp': 2.0, 'pc_distill_w': 1.0, 'pc_ewc_lambda': 100.0, 'pc_compress_epochs': 3, 'er_replay_ratio': 0.5, 'joint_replay_epochs': 1, 'disable_tqdm': True, 'disable_checkpoints': True, 'disable_plots': False, 'seeds': [42, 123, 456, 789, 1024], 'results_root': 'results_fwt', 'checkpoint_dir': 'results/checkpoints', 'figure_dir': 'results_fwt\\figures', 'log_dir': 'results_fwt\\raw', 'run_name': 'permuted_mnist_lwf_seed1024', 'seed': 1024}
[17:24:38] Device: cuda
[17:24:38] Dataset: PermutedMNIST(tasks=10, classes_per_task=10, scenario=domain-il)
[17:24:38] 
============================================================
 Task 1/10  | Classes (0, 10)
============================================================
[17:24:38] Task 0 baseline (chance): 10.00%
[17:25:04] task=0  epoch=0  train_loss=0.3189
[17:25:07] task=0  epoch=END  time_sec=26.7  acc_task0=92.85
[17:25:07] 
============================================================
 Task 2/10  | Classes (0, 10)
============================================================
[17:25:07] Task 1 baseline (chance): 10.00%
[17:25:11] Task 1 zero-shot (pre-train): 6.05%
[17:25:43] task=1  epoch=0  train_loss=1.8428
[17:25:50] task=1  epoch=END  time_sec=31.5  acc_task0=81.94  acc_task1=79.02
[17:25:50] 
============================================================
 Task 3/10  | Classes (0, 10)
============================================================
[17:25:50] Task 2 baseline (chance): 10.00%
[17:25:54] Task 2 zero-shot (pre-train): 10.23%
[17:26:25] task=2  epoch=0  train_loss=1.3517
[17:26:36] task=2  epoch=END  time_sec=31.5  acc_task0=72.5  acc_task1=58.2  acc_task2=93.85
[17:26:36] 
============================================================
 Task 4/10  | Classes (0, 10)
============================================================
[17:26:36] Task 3 baseline (chance): 10.00%
[17:26:40] Task 3 zero-shot (pre-train): 12.20%
[17:27:11] task=3  epoch=0  train_loss=1.2361
[17:27:25] task=3  epoch=END  time_sec=31.2  acc_task0=46.74  acc_task1=32.52  acc_task2=66.58  acc_task3=93.55
[17:27:25] 
============================================================
 Task 5/10  | Classes (0, 10)
============================================================
[17:27:25] Task 4 baseline (chance): 10.00%
[17:27:29] Task 4 zero-shot (pre-train): 10.91%
[17:28:00] task=4  epoch=0  train_loss=1.244
[17:28:18] task=4  epoch=END  time_sec=31.4  acc_task0=30.27  acc_task1=23.48  acc_task2=40.61  acc_task3=70.08  acc_task4=95.19
[17:28:18] 
============================================================
 Task 6/10  | Classes (0, 10)
============================================================
[17:28:18] Task 5 baseline (chance): 10.00%
[17:28:22] Task 5 zero-shot (pre-train): 9.64%
[17:28:53] task=5  epoch=0  train_loss=1.259
[17:29:15] task=5  epoch=END  time_sec=31.4  acc_task0=25.28  acc_task1=16.71  acc_task2=29.22  acc_task3=47.21  acc_task4=81.73  acc_task5=95.64
[17:29:15] 
============================================================
 Task 7/10  | Classes (0, 10)
============================================================
[17:29:15] Task 6 baseline (chance): 10.00%
[17:29:19] Task 6 zero-shot (pre-train): 8.83%
[17:29:50] task=6  epoch=0  train_loss=1.2259
[17:30:15] task=6  epoch=END  time_sec=31.2  acc_task0=21.34  acc_task1=13.47  acc_task2=22.42  acc_task3=24.84  acc_task4=41.16  acc_task5=73.98  acc_task6=95.95
[17:30:15] 
============================================================
 Task 8/10  | Classes (0, 10)
============================================================
[17:30:15] Task 7 baseline (chance): 10.00%
[17:30:19] Task 7 zero-shot (pre-train): 9.79%
[17:30:50] task=7  epoch=0  train_loss=1.2407
[17:31:19] task=7  epoch=END  time_sec=31.4  acc_task0=17.89  acc_task1=16.39  acc_task2=22.2  acc_task3=23.45  acc_task4=35.33  acc_task5=50.73  acc_task6=79.39  acc_task7=95.26
[17:31:19] 
============================================================
 Task 9/10  | Classes (0, 10)
============================================================
[17:31:19] Task 8 baseline (chance): 10.00%
[17:31:23] Task 8 zero-shot (pre-train): 10.02%
[17:31:54] task=8  epoch=0  train_loss=1.1992
[17:32:27] task=8  epoch=END  time_sec=31.2  acc_task0=17.21  acc_task1=14.99  acc_task2=17.25  acc_task3=24.62  acc_task4=22.54  acc_task5=30.92  acc_task6=40.44  acc_task7=72.78  acc_task8=95.59
[17:32:27] 
============================================================
 Task 10/10  | Classes (0, 10)
============================================================
[17:32:27] Task 9 baseline (chance): 10.00%
[17:32:30] Task 9 zero-shot (pre-train): 13.17%
[17:33:02] task=9  epoch=0  train_loss=1.2057
[17:33:38] task=9  epoch=END  time_sec=31.2  acc_task0=15.37  acc_task1=15.94  acc_task2=15.29  acc_task3=17.26  acc_task4=18.39  acc_task5=20.59  acc_task6=32.86  acc_task7=43.27  acc_task8=73.18  acc_task9=95.51
[17:33:38] 
Final Metrics:
  avg_accuracy         +34.7660
  forgetting           +64.9722
  backward_transfer    -64.9722
  forward_transfer     +0.0933
[17:33:39] 
Done - run: permuted_mnist_lwf_seed1024
[17:33:39] Metrics: {'avg_accuracy': 34.766, 'forgetting': 64.9722, 'backward_transfer': -64.9722, 'forward_transfer': 0.0933}
