[14:06:03] Starting: split_cifar10_icarl_buf200_seed789
[14:06:03] Config: {'dataset': 'split_cifar10', 'data_root': 'Project/data_local', 'model': 'slim_resnet18', 'pretrained': False, 'method': 'icarl', 'n_epochs': 1, 'batch_size': 32, 'num_workers': 0, 'lr': 0.03, 'momentum': 0.9, 'weight_decay': 0.0001, 'fp16': False, 'buffer_size': 200, 'ewc_lambda': 100.0, 'fisher_samples': 200, 'si_lambda': 1.0, 'si_xi': 0.1, 'der_alpha': 0.5, 'xder_beta': 0.5, 'lwf_lambda': 1.0, 'lwf_temp': 2.0, 'icarl_distill_w': 1.0, 'icarl_temp': 2.0, 'use_nmc': True, 'agem_mem_batch': 64, 'distill_lambda': 1.0, 'distill_temp': 2.0, 'pc_distill_w': 1.0, 'pc_ewc_lambda': 100.0, 'pc_compress_epochs': 3, 'er_replay_ratio': 0.5, 'joint_replay_epochs': 1, 'disable_tqdm': True, 'disable_checkpoints': True, 'disable_plots': True, 'seeds': [42, 123, 456, 789, 1024], 'results_root': 'results_phase3_ablations', 'checkpoint_dir': 'results/checkpoints', 'figure_dir': 'results_phase3_ablations\\figures', 'log_dir': 'results_phase3_ablations\\raw', 'run_tag': 'buf200', 'run_name': 'split_cifar10_icarl_buf200_seed789', 'seed': 789}
[14:06:03] Device: cuda
[14:06:04] Dataset: SplitCIFAR10(tasks=5, classes_per_task=2, scenario=class-il)
[14:06:04] 
============================================================
 Task 1/5  | Classes (0, 2)
============================================================
[14:06:04] Task 0 baseline (chance): 50.00%
[14:06:16] task=0  epoch=0  train_loss=0.5182
[14:06:24] task=0  epoch=END  time_sec=12.0  acc_task0=75.55
[14:06:24] 
============================================================
 Task 2/5  | Classes (2, 4)
============================================================
[14:06:24] Task 1 baseline (chance): 25.00%
[14:06:25] Task 1 zero-shot (pre-train): 0.00%
[14:06:45] task=1  epoch=0  train_loss=0.6975
[14:06:54] task=1  epoch=END  time_sec=19.9  acc_task0=26.35  acc_task1=65.4
[14:06:54] 
============================================================
 Task 3/5  | Classes (4, 6)
============================================================
[14:06:54] Task 2 baseline (chance): 16.67%
[14:06:54] Task 2 zero-shot (pre-train): 0.00%
[14:07:14] task=2  epoch=0  train_loss=0.6429
[14:07:24] task=2  epoch=END  time_sec=19.9  acc_task0=22.85  acc_task1=2.2  acc_task2=76.25
[14:07:24] 
============================================================
 Task 4/5  | Classes (6, 8)
============================================================
[14:07:24] Task 3 baseline (chance): 12.50%
[14:07:25] Task 3 zero-shot (pre-train): 0.00%
[14:07:45] task=3  epoch=0  train_loss=0.6878
[14:07:55] task=3  epoch=END  time_sec=19.9  acc_task0=7.65  acc_task1=0.65  acc_task2=8.2  acc_task3=84.9
[14:07:55] 
============================================================
 Task 5/5  | Classes (8, 10)
============================================================
[14:07:55] Task 4 baseline (chance): 10.00%
[14:07:56] Task 4 zero-shot (pre-train): 0.00%
[14:08:16] task=4  epoch=0  train_loss=0.863
[14:08:27] task=4  epoch=END  time_sec=19.8  acc_task0=0.0  acc_task1=0.0  acc_task2=0.0  acc_task3=0.0  acc_task4=87.1
[14:08:27] 
Final Metrics:
  avg_accuracy         +17.4200
  forgetting           +75.5250
  backward_transfer    -75.5250
  forward_transfer     -16.0417
[14:08:27] 
Done - run: split_cifar10_icarl_buf200_seed789
[14:08:27] Metrics: {'avg_accuracy': 17.42, 'forgetting': 75.525, 'backward_transfer': -75.525, 'forward_transfer': -16.0417}
