[14:01:14] Starting: split_cifar10_icarl_buf200_seed123
[14:01:14] Config: {'dataset': 'split_cifar10', 'data_root': 'Project/data_local', 'model': 'slim_resnet18', 'pretrained': False, 'method': 'icarl', 'n_epochs': 1, 'batch_size': 32, 'num_workers': 0, 'lr': 0.03, 'momentum': 0.9, 'weight_decay': 0.0001, 'fp16': False, 'buffer_size': 200, 'ewc_lambda': 100.0, 'fisher_samples': 200, 'si_lambda': 1.0, 'si_xi': 0.1, 'der_alpha': 0.5, 'xder_beta': 0.5, 'lwf_lambda': 1.0, 'lwf_temp': 2.0, 'icarl_distill_w': 1.0, 'icarl_temp': 2.0, 'use_nmc': True, 'agem_mem_batch': 64, 'distill_lambda': 1.0, 'distill_temp': 2.0, 'pc_distill_w': 1.0, 'pc_ewc_lambda': 100.0, 'pc_compress_epochs': 3, 'er_replay_ratio': 0.5, 'joint_replay_epochs': 1, 'disable_tqdm': True, 'disable_checkpoints': True, 'disable_plots': True, 'seeds': [42, 123, 456, 789, 1024], 'results_root': 'results_phase3_ablations', 'checkpoint_dir': 'results/checkpoints', 'figure_dir': 'results_phase3_ablations\\figures', 'log_dir': 'results_phase3_ablations\\raw', 'run_tag': 'buf200', 'run_name': 'split_cifar10_icarl_buf200_seed123', 'seed': 123}
[14:01:14] Device: cuda
[14:01:16] Dataset: SplitCIFAR10(tasks=5, classes_per_task=2, scenario=class-il)
[14:01:16] 
============================================================
 Task 1/5  | Classes (0, 2)
============================================================
[14:01:16] Task 0 baseline (chance): 50.00%
[14:01:28] task=0  epoch=0  train_loss=0.5108
[14:01:36] task=0  epoch=END  time_sec=12.0  acc_task0=83.0
[14:01:36] 
============================================================
 Task 2/5  | Classes (2, 4)
============================================================
[14:01:36] Task 1 baseline (chance): 25.00%
[14:01:37] Task 1 zero-shot (pre-train): 0.00%
[14:01:57] task=1  epoch=0  train_loss=0.6505
[14:02:05] task=1  epoch=END  time_sec=19.8  acc_task0=27.75  acc_task1=66.1
[14:02:05] 
============================================================
 Task 3/5  | Classes (4, 6)
============================================================
[14:02:05] Task 2 baseline (chance): 16.67%
[14:02:06] Task 2 zero-shot (pre-train): 0.00%
[14:02:26] task=2  epoch=0  train_loss=0.6614
[14:02:35] task=2  epoch=END  time_sec=19.8  acc_task0=12.8  acc_task1=2.55  acc_task2=77.0
[14:02:35] 
============================================================
 Task 4/5  | Classes (6, 8)
============================================================
[14:02:35] Task 3 baseline (chance): 12.50%
[14:02:36] Task 3 zero-shot (pre-train): 0.00%
[14:02:56] task=3  epoch=0  train_loss=0.6152
[14:03:06] task=3  epoch=END  time_sec=19.8  acc_task0=8.2  acc_task1=2.75  acc_task2=12.05  acc_task3=88.2
[14:03:06] 
============================================================
 Task 5/5  | Classes (8, 10)
============================================================
[14:03:06] Task 4 baseline (chance): 10.00%
[14:03:07] Task 4 zero-shot (pre-train): 0.00%
[14:03:27] task=4  epoch=0  train_loss=0.851
[14:03:38] task=4  epoch=END  time_sec=19.8  acc_task0=11.75  acc_task1=0.0  acc_task2=0.55  acc_task3=5.7  acc_task4=78.0
[14:03:38] 
Final Metrics:
  avg_accuracy         +19.2000
  forgetting           +74.0750
  backward_transfer    -74.0750
  forward_transfer     -16.0417
[14:03:38] 
Done - run: split_cifar10_icarl_buf200_seed123
[14:03:38] Metrics: {'avg_accuracy': 19.2, 'forgetting': 74.075, 'backward_transfer': -74.075, 'forward_transfer': -16.0417}
