[14:08:27] Starting: split_cifar10_icarl_buf200_seed1024
[14:08:27] Config: {'dataset': 'split_cifar10', 'data_root': 'Project/data_local', 'model': 'slim_resnet18', 'pretrained': False, 'method': 'icarl', 'n_epochs': 1, 'batch_size': 32, 'num_workers': 0, 'lr': 0.03, 'momentum': 0.9, 'weight_decay': 0.0001, 'fp16': False, 'buffer_size': 200, 'ewc_lambda': 100.0, 'fisher_samples': 200, 'si_lambda': 1.0, 'si_xi': 0.1, 'der_alpha': 0.5, 'xder_beta': 0.5, 'lwf_lambda': 1.0, 'lwf_temp': 2.0, 'icarl_distill_w': 1.0, 'icarl_temp': 2.0, 'use_nmc': True, 'agem_mem_batch': 64, 'distill_lambda': 1.0, 'distill_temp': 2.0, 'pc_distill_w': 1.0, 'pc_ewc_lambda': 100.0, 'pc_compress_epochs': 3, 'er_replay_ratio': 0.5, 'joint_replay_epochs': 1, 'disable_tqdm': True, 'disable_checkpoints': True, 'disable_plots': True, 'seeds': [42, 123, 456, 789, 1024], 'results_root': 'results_phase3_ablations', 'checkpoint_dir': 'results/checkpoints', 'figure_dir': 'results_phase3_ablations\\figures', 'log_dir': 'results_phase3_ablations\\raw', 'run_tag': 'buf200', 'run_name': 'split_cifar10_icarl_buf200_seed1024', 'seed': 1024}
[14:08:27] Device: cuda
[14:08:29] Dataset: SplitCIFAR10(tasks=5, classes_per_task=2, scenario=class-il)
[14:08:29] 
============================================================
 Task 1/5  | Classes (0, 2)
============================================================
[14:08:29] Task 0 baseline (chance): 50.00%
[14:08:41] task=0  epoch=0  train_loss=0.5051
[14:08:48] task=0  epoch=END  time_sec=12.1  acc_task0=89.9
[14:08:49] 
============================================================
 Task 2/5  | Classes (2, 4)
============================================================
[14:08:49] Task 1 baseline (chance): 25.00%
[14:08:50] Task 1 zero-shot (pre-train): 0.00%
[14:09:09] task=1  epoch=0  train_loss=0.6511
[14:09:18] task=1  epoch=END  time_sec=19.8  acc_task0=42.3  acc_task1=68.6
[14:09:18] 
============================================================
 Task 3/5  | Classes (4, 6)
============================================================
[14:09:18] Task 2 baseline (chance): 16.67%
[14:09:19] Task 2 zero-shot (pre-train): 0.00%
[14:09:39] task=2  epoch=0  train_loss=0.6702
[14:09:48] task=2  epoch=END  time_sec=19.8  acc_task0=6.4  acc_task1=0.3  acc_task2=77.9
[14:09:48] 
============================================================
 Task 4/5  | Classes (6, 8)
============================================================
[14:09:48] Task 3 baseline (chance): 12.50%
[14:09:49] Task 3 zero-shot (pre-train): 0.00%
[14:10:09] task=3  epoch=0  train_loss=0.7046
[14:10:19] task=3  epoch=END  time_sec=19.8  acc_task0=5.3  acc_task1=0.35  acc_task2=8.05  acc_task3=82.15
[14:10:19] 
============================================================
 Task 5/5  | Classes (8, 10)
============================================================
[14:10:19] Task 4 baseline (chance): 10.00%
[14:10:20] Task 4 zero-shot (pre-train): 0.00%
[14:10:40] task=4  epoch=0  train_loss=0.944
[14:10:51] task=4  epoch=END  time_sec=19.8  acc_task0=0.0  acc_task1=0.0  acc_task2=0.0  acc_task3=0.0  acc_task4=80.9
[14:10:51] 
Final Metrics:
  avg_accuracy         +16.1800
  forgetting           +79.6375
  backward_transfer    -79.6375
  forward_transfer     -16.0417
[14:10:51] 
Done - run: split_cifar10_icarl_buf200_seed1024
[14:10:51] Metrics: {'avg_accuracy': 16.18, 'forgetting': 79.6375, 'backward_transfer': -79.6375, 'forward_transfer': -16.0417}
