[05:07:20] Starting: split_mini_imagenet_agem_seed42
[05:07:20] Config: {'dataset': 'split_mini_imagenet', 'data_root': 'F:\\Temp\\cf\\Catastrophic Forgetting\\research_v2\\Project\\data_local\\mini-imagenet', 'dataset_image_size': None, 'dataset_out_channels': None, 'model': 'slim_resnet18', 'pretrained': False, 'model_image_size': None, 'method': 'agem', 'n_epochs': 1, 'batch_size': 32, 'num_workers': 0, 'lr': 0.03, 'momentum': 0.9, 'weight_decay': 0.0001, 'fp16': True, 'buffer_size': 200, 'ewc_lambda': 100.0, 'fisher_samples': 200, 'si_lambda': 1.0, 'si_xi': 0.1, 'der_alpha': 0.5, 'xder_beta': 0.5, 'lwf_lambda': 1.0, 'lwf_temp': 2.0, 'icarl_distill_w': 1.0, 'icarl_temp': 2.0, 'use_nmc': True, 'agem_mem_batch': 64, 'distill_lambda': 1.0, 'distill_temp': 2.0, 'pc_distill_w': 1.0, 'pc_ewc_lambda': 100.0, 'pc_compress_epochs': 3, 'er_replay_ratio': 0.5, 'joint_replay_epochs': 1, 'disable_tqdm': True, 'disable_checkpoints': False, 'disable_plots': False, 'resume': True, 'cleanup_checkpoints_on_success': True, 'result_group': 'runs', 'ablation_family': None, 'seeds': [42, 123, 456, 789, 1024], 'results_root': 'F:\\Temp\\cf\\Catastrophic Forgetting\\research_v2\\results', 'seed': 42, 'run_name': 'split_mini_imagenet_agem_seed42', 'project_root': 'F:\\Temp\\cf\\Catastrophic Forgetting\\research_v2\\Project', 'workspace_root': 'F:\\Temp\\cf\\Catastrophic Forgetting\\research_v2', 'run_root': 'F:\\Temp\\cf\\Catastrophic Forgetting\\research_v2\\results\\runs\\epoch_1\\split_mini_imagenet\\baselines\\agem\\seed_42', 'log_dir': 'F:\\Temp\\cf\\Catastrophic Forgetting\\research_v2\\results\\runs\\epoch_1\\split_mini_imagenet\\baselines\\agem\\seed_42\\logs', 'metrics_dir': 'F:\\Temp\\cf\\Catastrophic Forgetting\\research_v2\\results\\runs\\epoch_1\\split_mini_imagenet\\baselines\\agem\\seed_42\\metrics', 'checkpoint_dir': 'F:\\Temp\\cf\\Catastrophic Forgetting\\research_v2\\results\\runs\\epoch_1\\split_mini_imagenet\\baselines\\agem\\seed_42\\checkpoints', 'artifact_dir': 'F:\\Temp\\cf\\Catastrophic Forgetting\\research_v2\\results\\runs\\epoch_1\\split_mini_imagenet\\baselines\\agem\\seed_42\\artifacts', 'figure_dir': 'F:\\Temp\\cf\\Catastrophic Forgetting\\research_v2\\results\\figures\\epoch_1\\split_mini_imagenet\\baselines\\agem\\seed_42'}
[05:07:20] Device: cuda
[05:07:23] Dataset: SplitMiniImageNet(tasks=20, classes_per_task=5, scenario=class-il)
[05:07:24] 
============================================================
 Task 1/20  | Classes (0, 5)
============================================================
[05:07:24] Task 0 baseline (chance): 20.00%
[05:07:43] task=0  epoch=0  train_loss=1.705
[05:07:48] task=0  epoch=END  time_sec=19.3  acc_task0=31.0
[05:07:48] 
============================================================
 Task 2/20  | Classes (5, 10)
============================================================
[05:07:48] Task 1 baseline (chance): 10.00%
[05:07:52] Task 1 zero-shot (pre-train): 0.00%
[05:08:22] task=1  epoch=0  train_loss=1.4785
[05:08:28] task=1  epoch=END  time_sec=29.8  acc_task0=0.0  acc_task1=54.17
[05:08:28] 
============================================================
 Task 3/20  | Classes (10, 15)
============================================================
[05:08:28] Task 2 baseline (chance): 6.67%
[05:08:31] Task 2 zero-shot (pre-train): 0.00%
[05:08:58] task=2  epoch=0  train_loss=1.6059
[05:09:06] task=2  epoch=END  time_sec=26.8  acc_task0=0.0  acc_task1=0.0  acc_task2=35.17
[05:09:06] 
============================================================
 Task 4/20  | Classes (15, 20)
============================================================
[05:09:06] Task 3 baseline (chance): 5.00%
[05:09:09] Task 3 zero-shot (pre-train): 0.00%
[05:09:35] task=3  epoch=0  train_loss=1.9938
[05:09:45] task=3  epoch=END  time_sec=25.9  acc_task0=0.0  acc_task1=0.0  acc_task2=0.0  acc_task3=29.17
[05:09:46] 
============================================================
 Task 5/20  | Classes (20, 25)
============================================================
[05:09:46] Task 4 baseline (chance): 4.00%
[05:09:49] Task 4 zero-shot (pre-train): 0.00%
[05:10:18] task=4  epoch=0  train_loss=2.1882
[05:10:31] task=4  epoch=END  time_sec=28.7  acc_task0=0.0  acc_task1=0.0  acc_task2=0.0  acc_task3=0.0  acc_task4=31.33
[05:10:31] 
============================================================
 Task 6/20  | Classes (25, 30)
============================================================
[05:10:31] Task 5 baseline (chance): 3.33%
[05:10:34] Task 5 zero-shot (pre-train): 0.00%
[05:11:03] task=5  epoch=0  train_loss=2.1198
[05:11:20] task=5  epoch=END  time_sec=28.8  acc_task0=0.0  acc_task1=0.0  acc_task2=0.0  acc_task3=0.0  acc_task4=0.0  acc_task5=31.83
[05:11:20] 
============================================================
 Task 7/20  | Classes (30, 35)
============================================================
[05:11:20] Task 6 baseline (chance): 2.86%
[05:11:24] Task 6 zero-shot (pre-train): 0.00%
[05:11:49] task=6  epoch=0  train_loss=2.4274
[05:12:11] task=6  epoch=END  time_sec=25.2  acc_task0=0.0  acc_task1=0.0  acc_task2=0.0  acc_task3=0.0  acc_task4=0.0  acc_task5=0.0  acc_task6=40.67
[05:12:12] 
============================================================
 Task 8/20  | Classes (35, 40)
============================================================
[05:12:12] Task 7 baseline (chance): 2.50%
[05:12:15] Task 7 zero-shot (pre-train): 0.00%
[05:12:46] task=7  epoch=0  train_loss=2.0498
[05:13:04] task=7  epoch=END  time_sec=30.7  acc_task0=0.0  acc_task1=0.0  acc_task2=0.0  acc_task3=0.0  acc_task4=0.0  acc_task5=0.0  acc_task6=0.0  acc_task7=33.83
[05:13:04] 
============================================================
 Task 9/20  | Classes (40, 45)
============================================================
[05:13:04] Task 8 baseline (chance): 2.22%
[05:13:08] Task 8 zero-shot (pre-train): 0.00%
[05:13:35] task=8  epoch=0  train_loss=2.1812
[05:13:55] task=8  epoch=END  time_sec=26.2  acc_task0=0.0  acc_task1=0.0  acc_task2=0.0  acc_task3=0.0  acc_task4=0.0  acc_task5=0.0  acc_task6=0.0  acc_task7=0.0  acc_task8=36.33
[05:13:55] 
============================================================
 Task 10/20  | Classes (45, 50)
============================================================
[05:13:55] Task 9 baseline (chance): 2.00%
[05:13:58] Task 9 zero-shot (pre-train): 0.00%
[05:14:27] task=9  epoch=0  train_loss=2.3609
[05:14:50] task=9  epoch=END  time_sec=28.4  acc_task0=0.0  acc_task1=2.17  acc_task2=0.0  acc_task3=0.0  acc_task4=0.0  acc_task5=0.0  acc_task6=0.0  acc_task7=0.0  acc_task8=0.0  acc_task9=24.5
[05:14:50] 
============================================================
 Task 11/20  | Classes (50, 55)
============================================================
[05:14:50] Task 10 baseline (chance): 1.82%
[05:14:54] Task 10 zero-shot (pre-train): 0.00%
[05:15:24] task=10  epoch=0  train_loss=2.4019
[05:15:48] task=10  epoch=END  time_sec=29.6  acc_task0=0.0  acc_task1=0.0  acc_task2=0.0  acc_task3=0.0  acc_task4=0.0  acc_task5=0.0  acc_task6=0.0  acc_task7=0.0  acc_task8=0.0  acc_task9=0.0  acc_task10=27.67
[05:15:49] 
============================================================
 Task 12/20  | Classes (55, 60)
============================================================
[05:15:49] Task 11 baseline (chance): 1.67%
[05:15:52] Task 11 zero-shot (pre-train): 0.00%
[05:16:23] task=11  epoch=0  train_loss=2.4783
[05:16:51] task=11  epoch=END  time_sec=30.7  acc_task0=0.0  acc_task1=3.17  acc_task2=0.0  acc_task3=0.0  acc_task4=0.0  acc_task5=0.0  acc_task6=0.0  acc_task7=0.0  acc_task8=0.0  acc_task9=0.0  acc_task10=0.0  acc_task11=29.17
[05:16:51] 
============================================================
 Task 13/20  | Classes (60, 65)
============================================================
[05:16:51] Task 12 baseline (chance): 1.54%
[05:16:54] Task 12 zero-shot (pre-train): 0.00%
[05:17:23] task=12  epoch=0  train_loss=2.8734
[05:17:53] task=12  epoch=END  time_sec=29.1  acc_task0=0.0  acc_task1=0.0  acc_task2=0.0  acc_task3=0.0  acc_task4=0.0  acc_task5=0.0  acc_task6=0.0  acc_task7=0.0  acc_task8=0.0  acc_task9=0.0  acc_task10=0.0  acc_task11=0.0  acc_task12=29.17
[05:17:54] 
============================================================
 Task 14/20  | Classes (65, 70)
============================================================
[05:17:54] Task 13 baseline (chance): 1.43%
[05:17:57] Task 13 zero-shot (pre-train): 0.00%
[05:18:20] task=13  epoch=0  train_loss=2.499
[05:18:50] task=13  epoch=END  time_sec=23.1  acc_task0=0.0  acc_task1=0.0  acc_task2=0.0  acc_task3=0.0  acc_task4=0.0  acc_task5=0.0  acc_task6=0.0  acc_task7=0.0  acc_task8=0.0  acc_task9=0.0  acc_task10=0.0  acc_task11=0.0  acc_task12=0.0  acc_task13=29.67
[05:18:50] 
============================================================
 Task 15/20  | Classes (70, 75)
============================================================
[05:18:50] Task 14 baseline (chance): 1.33%
[05:18:53] Task 14 zero-shot (pre-train): 0.00%
[05:19:18] task=14  epoch=0  train_loss=2.4595
[05:19:51] task=14  epoch=END  time_sec=25.6  acc_task0=0.0  acc_task1=0.0  acc_task2=0.0  acc_task3=0.0  acc_task4=0.0  acc_task5=0.0  acc_task6=0.0  acc_task7=0.0  acc_task8=0.0  acc_task9=0.0  acc_task10=0.0  acc_task11=0.0  acc_task12=0.0  acc_task13=0.0  acc_task14=33.33
[05:19:51] 
============================================================
 Task 16/20  | Classes (75, 80)
============================================================
[05:19:51] Task 15 baseline (chance): 1.25%
[05:19:54] Task 15 zero-shot (pre-train): 0.00%
[05:20:22] task=15  epoch=0  train_loss=2.4555
[05:20:58] task=15  epoch=END  time_sec=27.5  acc_task0=0.0  acc_task1=0.0  acc_task2=0.0  acc_task3=0.0  acc_task4=0.0  acc_task5=0.0  acc_task6=0.0  acc_task7=0.0  acc_task8=0.0  acc_task9=0.0  acc_task10=0.0  acc_task11=0.0  acc_task12=0.0  acc_task13=0.0  acc_task14=0.0  acc_task15=36.0
[05:20:58] 
============================================================
 Task 17/20  | Classes (80, 85)
============================================================
[05:20:58] Task 16 baseline (chance): 1.18%
[05:21:00] Task 16 zero-shot (pre-train): 0.00%
[05:21:28] task=16  epoch=0  train_loss=2.329
[05:22:06] task=16  epoch=END  time_sec=27.6  acc_task0=0.0  acc_task1=0.0  acc_task2=0.0  acc_task3=0.0  acc_task4=0.0  acc_task5=0.0  acc_task6=0.0  acc_task7=0.0  acc_task8=0.0  acc_task9=0.0  acc_task10=0.0  acc_task11=0.0  acc_task12=0.0  acc_task13=0.0  acc_task14=0.0  acc_task15=0.0  acc_task16=32.33
[05:22:06] 
============================================================
 Task 18/20  | Classes (85, 90)
============================================================
[05:22:06] Task 17 baseline (chance): 1.11%
[05:22:10] Task 17 zero-shot (pre-train): 0.00%
[05:22:36] task=17  epoch=0  train_loss=2.857
[05:23:16] task=17  epoch=END  time_sec=25.8  acc_task0=0.0  acc_task1=0.0  acc_task2=0.0  acc_task3=0.0  acc_task4=0.0  acc_task5=0.0  acc_task6=0.0  acc_task7=0.0  acc_task8=0.0  acc_task9=0.0  acc_task10=0.0  acc_task11=0.0  acc_task12=0.0  acc_task13=0.0  acc_task14=0.0  acc_task15=0.0  acc_task16=0.0  acc_task17=26.83
[05:23:16] 
============================================================
 Task 19/20  | Classes (90, 95)
============================================================
[05:23:16] Task 18 baseline (chance): 1.05%
[05:23:20] Task 18 zero-shot (pre-train): 0.00%
[05:23:47] task=18  epoch=0  train_loss=2.3868
[05:24:30] task=18  epoch=END  time_sec=27.1  acc_task0=0.0  acc_task1=0.0  acc_task2=0.0  acc_task3=0.0  acc_task4=0.0  acc_task5=0.0  acc_task6=0.0  acc_task7=0.0  acc_task8=0.0  acc_task9=0.0  acc_task10=0.0  acc_task11=0.0  acc_task12=0.0  acc_task13=0.0  acc_task14=0.0  acc_task15=0.0  acc_task16=0.0  acc_task17=0.0  acc_task18=28.67
[05:24:30] 
============================================================
 Task 20/20  | Classes (95, 100)
============================================================
[05:24:30] Task 19 baseline (chance): 1.00%
[05:24:34] Task 19 zero-shot (pre-train): 0.00%
[05:25:04] task=19  epoch=0  train_loss=2.9806
[05:25:50] task=19  epoch=END  time_sec=30.0  acc_task0=0.0  acc_task1=0.0  acc_task2=0.0  acc_task3=0.0  acc_task4=0.0  acc_task5=0.0  acc_task6=0.0  acc_task7=0.0  acc_task8=0.0  acc_task9=0.0  acc_task10=0.0  acc_task11=0.0  acc_task12=0.0  acc_task13=0.0  acc_task14=0.0  acc_task15=0.0  acc_task16=0.0  acc_task17=0.0  acc_task18=0.0  acc_task19=37.0
[05:25:50] 
Final Metrics:
  avg_accuracy         +1.8500
  forgetting           +32.6754
  backward_transfer    -32.6754
  forward_transfer     -2.7345
[05:25:54] 
Done - run: split_mini_imagenet_agem_seed42
[05:25:54] Metrics: {'avg_accuracy': 1.85, 'forgetting': 32.6754, 'backward_transfer': -32.6754, 'forward_transfer': -2.7345}
[05:25:54] Deleted 20 checkpoint(s) after successful completion.
[01:40:47] Starting: split_mini_imagenet_agem_seed42
[01:40:47] Config: {'dataset': 'split_mini_imagenet', 'data_root': 'F:\\Temp\\cf\\Catastrophic Forgetting\\research_v2\\Project\\data_local\\mini-imagenet', 'dataset_image_size': None, 'dataset_out_channels': None, 'model': 'slim_resnet18', 'pretrained': False, 'model_image_size': None, 'method': 'agem', 'n_epochs': 1, 'batch_size': 32, 'num_workers': 0, 'lr': 0.03, 'momentum': 0.9, 'weight_decay': 0.0001, 'fp16': True, 'buffer_size': 200, 'ewc_lambda': 100.0, 'fisher_samples': 200, 'si_lambda': 1.0, 'si_xi': 0.1, 'der_alpha': 0.5, 'xder_beta': 0.5, 'lwf_lambda': 1.0, 'lwf_temp': 2.0, 'icarl_distill_w': 1.0, 'icarl_temp': 2.0, 'use_nmc': True, 'agem_mem_batch': 64, 'distill_lambda': 1.0, 'distill_temp': 2.0, 'pc_distill_w': 1.0, 'pc_ewc_lambda': 100.0, 'pc_compress_epochs': 3, 'er_replay_ratio': 0.5, 'joint_replay_epochs': 1, 'disable_tqdm': True, 'disable_checkpoints': False, 'disable_plots': False, 'resume': True, 'cleanup_checkpoints_on_success': True, 'result_group': 'runs', 'ablation_family': None, 'seeds': [42, 123, 456, 789, 1024], 'results_root': 'F:\\Temp\\cf\\Catastrophic Forgetting\\research_v2\\results', 'seed': 42, 'run_name': 'split_mini_imagenet_agem_seed42', 'project_root': 'F:\\Temp\\cf\\Catastrophic Forgetting\\research_v2\\Project', 'workspace_root': 'F:\\Temp\\cf\\Catastrophic Forgetting\\research_v2', 'run_root': 'F:\\Temp\\cf\\Catastrophic Forgetting\\research_v2\\results\\runs\\epoch_1\\split_mini_imagenet\\baselines\\agem\\seed_42', 'log_dir': 'F:\\Temp\\cf\\Catastrophic Forgetting\\research_v2\\results\\runs\\epoch_1\\split_mini_imagenet\\baselines\\agem\\seed_42\\logs', 'metrics_dir': 'F:\\Temp\\cf\\Catastrophic Forgetting\\research_v2\\results\\runs\\epoch_1\\split_mini_imagenet\\baselines\\agem\\seed_42\\metrics', 'checkpoint_dir': 'F:\\Temp\\cf\\Catastrophic Forgetting\\research_v2\\results\\runs\\epoch_1\\split_mini_imagenet\\baselines\\agem\\seed_42\\checkpoints', 'artifact_dir': 'F:\\Temp\\cf\\Catastrophic Forgetting\\research_v2\\results\\runs\\epoch_1\\split_mini_imagenet\\baselines\\agem\\seed_42\\artifacts', 'figure_dir': 'F:\\Temp\\cf\\Catastrophic Forgetting\\research_v2\\results\\figures\\epoch_1\\split_mini_imagenet\\baselines\\agem\\seed_42'}
[01:40:49] Device: cuda
[01:40:51] Dataset: SplitMiniImageNet(tasks=20, classes_per_task=5, scenario=class-il)
[01:40:52] 
============================================================
 Task 1/20  | Classes (0, 5)
============================================================
[01:40:52] Task 0 baseline (chance): 20.00%
[01:41:04] task=0  epoch=0  train_loss=1.705
[01:41:08] task=0  epoch=END  time_sec=12.7  acc_task0=31.0
[01:41:08] 
============================================================
 Task 2/20  | Classes (5, 10)
============================================================
[01:41:08] Task 1 baseline (chance): 10.00%
[01:41:10] Task 1 zero-shot (pre-train): 0.00%
[01:41:32] task=1  epoch=0  train_loss=1.4785
[01:41:37] task=1  epoch=END  time_sec=21.5  acc_task0=0.0  acc_task1=54.17
[01:41:37] 
============================================================
 Task 3/20  | Classes (10, 15)
============================================================
[01:41:37] Task 2 baseline (chance): 6.67%
[01:41:39] Task 2 zero-shot (pre-train): 0.00%
