[09:41:39] Starting: split_cifar100_si_der_seed42
[09:41:39] Config: {'dataset': 'split_cifar100', 'data_root': 'Project/data_local', 'model': 'slim_resnet18', 'pretrained': False, 'method': 'si_der', 'n_epochs': 1, 'batch_size': 32, 'num_workers': 0, 'lr': 0.03, 'momentum': 0.9, 'weight_decay': 0.0001, 'fp16': True, 'buffer_size': 200, 'ewc_lambda': 100.0, 'fisher_samples': 200, 'si_lambda': 1.0, 'si_xi': 0.1, 'der_alpha': 0.5, 'xder_beta': 0.5, 'lwf_lambda': 1.0, 'lwf_temp': 2.0, 'icarl_distill_w': 1.0, 'icarl_temp': 2.0, 'use_nmc': True, 'agem_mem_batch': 64, 'distill_lambda': 1.0, 'distill_temp': 2.0, 'pc_distill_w': 1.0, 'pc_ewc_lambda': 100.0, 'pc_compress_epochs': 3, 'er_replay_ratio': 0.5, 'joint_replay_epochs': 1, 'disable_tqdm': True, 'disable_checkpoints': True, 'disable_plots': False, 'seeds': [42, 123, 456, 789, 1024], 'results_root': 'd:\\Catastrophic Forgetting\\results_phase3_fwt_sider_fix', 'checkpoint_dir': 'results/checkpoints', 'figure_dir': 'd:\\Catastrophic Forgetting\\results_phase3_fwt_sider_fix\\figures', 'log_dir': 'd:\\Catastrophic Forgetting\\results_phase3_fwt_sider_fix\\raw', 'run_name': 'split_cifar100_si_der_seed42', 'seed': 42}
[09:41:40] Device: cuda
[09:41:41] Dataset: SplitCIFAR100(tasks=20, classes_per_task=5, scenario=class-il)
[09:41:41] 
============================================================
 Task 1/20  | Classes (0, 5)
============================================================
[09:41:41] Task 0 baseline (chance): 20.00%
[09:41:50] task=0  epoch=0  train_loss=1.6364
[09:41:51] task=0  epoch=END  time_sec=8.8  acc_task0=49.8
[09:41:51] 
============================================================
 Task 2/20  | Classes (5, 10)
============================================================
[09:41:51] Task 1 baseline (chance): 10.00%
[09:41:51] Task 1 zero-shot (pre-train): 0.00%
[09:42:00] task=1  epoch=0  train_loss=1.9828
[09:42:01] task=1  epoch=END  time_sec=9.5  acc_task0=0.0  acc_task1=43.4
[09:42:01] 
============================================================
 Task 3/20  | Classes (10, 15)
============================================================
[09:42:01] Task 2 baseline (chance): 6.67%
[09:42:01] Task 2 zero-shot (pre-train): 0.00%
[09:42:10] task=2  epoch=0  train_loss=2.4273
[09:42:11] task=2  epoch=END  time_sec=9.4  acc_task0=0.0  acc_task1=0.0  acc_task2=41.4
[09:42:11] 
============================================================
 Task 4/20  | Classes (15, 20)
============================================================
[09:42:11] Task 3 baseline (chance): 5.00%
[09:42:11] Task 3 zero-shot (pre-train): 0.00%
[09:42:21] task=3  epoch=0  train_loss=2.8647
[09:42:22] task=3  epoch=END  time_sec=9.7  acc_task0=0.0  acc_task1=0.0  acc_task2=0.0  acc_task3=43.0
[09:42:22] 
============================================================
 Task 5/20  | Classes (20, 25)
============================================================
[09:42:22] Task 4 baseline (chance): 4.00%
[09:42:22] Task 4 zero-shot (pre-train): 0.00%
[09:42:31] task=4  epoch=0  train_loss=3.322
[09:42:33] task=4  epoch=END  time_sec=9.5  acc_task0=0.0  acc_task1=0.0  acc_task2=0.0  acc_task3=0.0  acc_task4=47.8
[09:42:33] 
============================================================
 Task 6/20  | Classes (25, 30)
============================================================
[09:42:33] Task 5 baseline (chance): 3.33%
[09:42:33] Task 5 zero-shot (pre-train): 0.00%
[09:42:42] task=5  epoch=0  train_loss=3.8565
[09:42:43] task=5  epoch=END  time_sec=9.3  acc_task0=0.0  acc_task1=0.0  acc_task2=0.0  acc_task3=0.0  acc_task4=0.0  acc_task5=34.8
[09:42:43] 
============================================================
 Task 7/20  | Classes (30, 35)
============================================================
[09:42:43] Task 6 baseline (chance): 2.86%
[09:42:44] Task 6 zero-shot (pre-train): 0.00%
[09:42:53] task=6  epoch=0  train_loss=4.2351
[09:42:54] task=6  epoch=END  time_sec=9.3  acc_task0=0.0  acc_task1=0.0  acc_task2=0.0  acc_task3=0.0  acc_task4=0.0  acc_task5=0.0  acc_task6=44.0
[09:42:54] 
============================================================
 Task 8/20  | Classes (35, 40)
============================================================
[09:42:54] Task 7 baseline (chance): 2.50%
[09:42:55] Task 7 zero-shot (pre-train): 0.00%
[09:43:04] task=7  epoch=0  train_loss=4.1521
[09:43:06] task=7  epoch=END  time_sec=9.5  acc_task0=0.0  acc_task1=0.0  acc_task2=0.0  acc_task3=0.0  acc_task4=0.0  acc_task5=0.0  acc_task6=0.0  acc_task7=45.0
[09:43:06] 
============================================================
 Task 9/20  | Classes (40, 45)
============================================================
[09:43:06] Task 8 baseline (chance): 2.22%
[09:43:06] Task 8 zero-shot (pre-train): 0.00%
[09:43:16] task=8  epoch=0  train_loss=4.6647
[09:43:17] task=8  epoch=END  time_sec=9.6  acc_task0=0.0  acc_task1=0.0  acc_task2=0.0  acc_task3=0.0  acc_task4=0.0  acc_task5=0.0  acc_task6=0.0  acc_task7=0.0  acc_task8=38.0
[09:43:17] 
============================================================
 Task 10/20  | Classes (45, 50)
============================================================
[09:43:17] Task 9 baseline (chance): 2.00%
[09:43:18] Task 9 zero-shot (pre-train): 0.00%
[09:43:27] task=9  epoch=0  train_loss=5.1542
[09:43:29] task=9  epoch=END  time_sec=9.4  acc_task0=0.0  acc_task1=0.0  acc_task2=0.0  acc_task3=0.0  acc_task4=0.0  acc_task5=0.0  acc_task6=0.0  acc_task7=0.0  acc_task8=0.0  acc_task9=35.2
[09:43:29] 
============================================================
 Task 11/20  | Classes (50, 55)
============================================================
[09:43:29] Task 10 baseline (chance): 1.82%
[09:43:29] Task 10 zero-shot (pre-train): 0.00%
[09:43:39] task=10  epoch=0  train_loss=5.2644
[09:43:41] task=10  epoch=END  time_sec=9.4  acc_task0=0.0  acc_task1=0.0  acc_task2=0.0  acc_task3=0.0  acc_task4=0.0  acc_task5=0.0  acc_task6=0.0  acc_task7=0.0  acc_task8=0.0  acc_task9=0.0  acc_task10=57.4
[09:43:41] 
============================================================
 Task 12/20  | Classes (55, 60)
============================================================
[09:43:41] Task 11 baseline (chance): 1.67%
[09:43:41] Task 11 zero-shot (pre-train): 0.00%
[09:43:51] task=11  epoch=0  train_loss=5.6238
[09:43:53] task=11  epoch=END  time_sec=9.3  acc_task0=0.0  acc_task1=0.0  acc_task2=0.0  acc_task3=0.0  acc_task4=0.0  acc_task5=0.0  acc_task6=0.0  acc_task7=0.0  acc_task8=0.0  acc_task9=0.0  acc_task10=0.0  acc_task11=37.6
[09:43:53] 
============================================================
 Task 13/20  | Classes (60, 65)
============================================================
[09:43:53] Task 12 baseline (chance): 1.54%
[09:43:53] Task 12 zero-shot (pre-train): 0.00%
[09:44:03] task=12  epoch=0  train_loss=5.2881
[09:44:05] task=12  epoch=END  time_sec=9.3  acc_task0=0.0  acc_task1=0.0  acc_task2=0.0  acc_task3=0.0  acc_task4=0.0  acc_task5=0.0  acc_task6=0.0  acc_task7=0.0  acc_task8=0.0  acc_task9=0.0  acc_task10=0.0  acc_task11=0.0  acc_task12=61.6
[09:44:05] 
============================================================
 Task 14/20  | Classes (65, 70)
============================================================
[09:44:05] Task 13 baseline (chance): 1.43%
[09:44:05] Task 13 zero-shot (pre-train): 0.00%
[09:44:15] task=13  epoch=0  train_loss=5.8122
[09:44:18] task=13  epoch=END  time_sec=9.5  acc_task0=0.0  acc_task1=0.0  acc_task2=0.0  acc_task3=0.0  acc_task4=0.0  acc_task5=0.0  acc_task6=0.0  acc_task7=0.0  acc_task8=0.0  acc_task9=0.0  acc_task10=0.0  acc_task11=0.0  acc_task12=0.0  acc_task13=33.8
[09:44:18] 
============================================================
 Task 15/20  | Classes (70, 75)
============================================================
[09:44:18] Task 14 baseline (chance): 1.33%
[09:44:18] Task 14 zero-shot (pre-train): 0.00%
[09:44:27] task=14  epoch=0  train_loss=5.9759
[09:44:30] task=14  epoch=END  time_sec=9.3  acc_task0=0.0  acc_task1=0.0  acc_task2=0.0  acc_task3=0.0  acc_task4=0.0  acc_task5=0.0  acc_task6=0.0  acc_task7=0.0  acc_task8=0.0  acc_task9=0.0  acc_task10=0.0  acc_task11=0.0  acc_task12=0.0  acc_task13=0.0  acc_task14=63.4
[09:44:30] 
============================================================
 Task 16/20  | Classes (75, 80)
============================================================
[09:44:30] Task 15 baseline (chance): 1.25%
[09:44:31] Task 15 zero-shot (pre-train): 0.00%
[09:44:40] task=15  epoch=0  train_loss=6.0364
[09:44:43] task=15  epoch=END  time_sec=9.2  acc_task0=0.0  acc_task1=0.0  acc_task2=0.0  acc_task3=0.0  acc_task4=0.0  acc_task5=0.0  acc_task6=0.0  acc_task7=0.0  acc_task8=0.0  acc_task9=0.0  acc_task10=0.0  acc_task11=0.0  acc_task12=0.0  acc_task13=0.0  acc_task14=0.0  acc_task15=38.4
[09:44:43] 
============================================================
 Task 17/20  | Classes (80, 85)
============================================================
[09:44:43] Task 16 baseline (chance): 1.18%
[09:44:44] Task 16 zero-shot (pre-train): 0.00%
[09:44:53] task=16  epoch=0  train_loss=6.3387
[09:44:57] task=16  epoch=END  time_sec=9.4  acc_task0=0.0  acc_task1=0.0  acc_task2=0.0  acc_task3=0.0  acc_task4=0.0  acc_task5=0.0  acc_task6=0.0  acc_task7=0.0  acc_task8=0.0  acc_task9=0.0  acc_task10=0.0  acc_task11=0.0  acc_task12=0.0  acc_task13=0.0  acc_task14=0.0  acc_task15=0.0  acc_task16=44.2
[09:44:57] 
============================================================
 Task 18/20  | Classes (85, 90)
============================================================
[09:44:57] Task 17 baseline (chance): 1.11%
[09:44:57] Task 17 zero-shot (pre-train): 0.00%
[09:45:07] task=17  epoch=0  train_loss=6.4061
[09:45:10] task=17  epoch=END  time_sec=9.7  acc_task0=0.0  acc_task1=0.0  acc_task2=0.0  acc_task3=0.0  acc_task4=0.0  acc_task5=0.0  acc_task6=0.0  acc_task7=0.0  acc_task8=0.0  acc_task9=0.0  acc_task10=0.0  acc_task11=0.0  acc_task12=0.0  acc_task13=0.0  acc_task14=0.0  acc_task15=0.0  acc_task16=0.0  acc_task17=43.8
[09:45:10] 
============================================================
 Task 19/20  | Classes (90, 95)
============================================================
[09:45:10] Task 18 baseline (chance): 1.05%
[09:45:11] Task 18 zero-shot (pre-train): 0.00%
[09:45:20] task=18  epoch=0  train_loss=6.1585
[09:45:24] task=18  epoch=END  time_sec=9.7  acc_task0=0.0  acc_task1=0.0  acc_task2=0.0  acc_task3=0.0  acc_task4=0.0  acc_task5=0.0  acc_task6=0.0  acc_task7=0.0  acc_task8=0.0  acc_task9=0.0  acc_task10=0.0  acc_task11=0.0  acc_task12=0.0  acc_task13=0.0  acc_task14=0.0  acc_task15=0.0  acc_task16=0.0  acc_task17=0.0  acc_task18=52.8
[09:45:24] 
============================================================
 Task 20/20  | Classes (95, 100)
============================================================
[09:45:24] Task 19 baseline (chance): 1.00%
[09:45:25] Task 19 zero-shot (pre-train): 0.00%
[09:45:34] task=19  epoch=0  train_loss=6.3629
[09:45:38] task=19  epoch=END  time_sec=9.2  acc_task0=0.0  acc_task1=0.0  acc_task2=0.0  acc_task3=0.0  acc_task4=0.0  acc_task5=0.0  acc_task6=0.0  acc_task7=0.0  acc_task8=0.0  acc_task9=0.0  acc_task10=0.0  acc_task11=0.0  acc_task12=0.0  acc_task13=0.0  acc_task14=0.0  acc_task15=0.0  acc_task16=0.0  acc_task17=0.0  acc_task18=0.0  acc_task19=54.0
[09:45:38] 
Final Metrics:
  avg_accuracy         +2.7000
  forgetting           +45.0211
  backward_transfer    -45.0211
  forward_transfer     -2.7345
[09:45:39] 
Done - run: split_cifar100_si_der_seed42
[09:45:39] Metrics: {'avg_accuracy': 2.7, 'forgetting': 45.0211, 'backward_transfer': -45.0211, 'forward_transfer': -2.7345}
