[01:30:24] Starting: split_cifar100_si_der_seed456
[01:30:24] Config: {'dataset': 'split_cifar100', 'data_root': 'Project/data_local', 'model': 'slim_resnet18', 'pretrained': False, 'method': 'si_der', 'n_epochs': 1, 'batch_size': 32, 'num_workers': 0, 'lr': 0.03, 'momentum': 0.9, 'weight_decay': 0.0001, 'fp16': True, 'buffer_size': 200, 'ewc_lambda': 100.0, 'fisher_samples': 200, 'si_lambda': 1.0, 'si_xi': 0.1, 'der_alpha': 0.5, 'xder_beta': 0.5, 'lwf_lambda': 1.0, 'lwf_temp': 2.0, 'icarl_distill_w': 1.0, 'icarl_temp': 2.0, 'use_nmc': True, 'agem_mem_batch': 64, 'distill_lambda': 1.0, 'distill_temp': 2.0, 'pc_distill_w': 1.0, 'pc_ewc_lambda': 100.0, 'pc_compress_epochs': 3, 'er_replay_ratio': 0.5, 'joint_replay_epochs': 1, 'disable_tqdm': True, 'disable_checkpoints': True, 'disable_plots': False, 'seeds': [42, 123, 456, 789, 1024], 'results_root': 'd:\\Catastrophic Forgetting\\results_phase3_fwt', 'checkpoint_dir': 'results/checkpoints', 'figure_dir': 'd:\\Catastrophic Forgetting\\results_phase3_fwt\\figures', 'log_dir': 'd:\\Catastrophic Forgetting\\results_phase3_fwt\\raw', 'run_name': 'split_cifar100_si_der_seed456', 'seed': 456}
[01:30:24] Device: cuda
[01:30:26] Dataset: SplitCIFAR100(tasks=20, classes_per_task=5, scenario=class-il)
[01:30:26] 
============================================================
 Task 1/20  | Classes (0, 5)
============================================================
[01:30:26] Task 0 baseline (chance): 20.00%
[01:30:32] task=0  epoch=0  train_loss=1.6041
[01:30:33] task=0  epoch=END  time_sec=6.6  acc_task0=47.2
[01:30:33] 
============================================================
 Task 2/20  | Classes (5, 10)
============================================================
[01:30:33] Task 1 baseline (chance): 10.00%
[01:30:33] Task 1 zero-shot (pre-train): 0.20%
[01:30:41] task=1  epoch=0  train_loss=nan
[01:30:42] task=1  epoch=END  time_sec=8.5  acc_task0=20.0  acc_task1=0.0
[01:30:42] 
============================================================
 Task 3/20  | Classes (10, 15)
============================================================
[01:30:42] Task 2 baseline (chance): 6.67%
[01:30:42] Task 2 zero-shot (pre-train): 0.00%
[01:30:50] task=2  epoch=0  train_loss=nan
[01:30:51] task=2  epoch=END  time_sec=8.4  acc_task0=20.0  acc_task1=0.0  acc_task2=0.0
[01:30:51] 
============================================================
 Task 4/20  | Classes (15, 20)
============================================================
[01:30:51] Task 3 baseline (chance): 5.00%
[01:30:51] Task 3 zero-shot (pre-train): 0.00%
[01:31:00] task=3  epoch=0  train_loss=nan
[01:31:00] task=3  epoch=END  time_sec=8.3  acc_task0=20.0  acc_task1=0.0  acc_task2=0.0  acc_task3=0.0
[01:31:00] 
============================================================
 Task 5/20  | Classes (20, 25)
============================================================
[01:31:00] Task 4 baseline (chance): 4.00%
[01:31:01] Task 4 zero-shot (pre-train): 0.00%
[01:31:09] task=4  epoch=0  train_loss=nan
[01:31:10] task=4  epoch=END  time_sec=8.1  acc_task0=20.0  acc_task1=0.0  acc_task2=0.0  acc_task3=0.0  acc_task4=0.0
[01:31:10] 
============================================================
 Task 6/20  | Classes (25, 30)
============================================================
[01:31:10] Task 5 baseline (chance): 3.33%
[01:31:10] Task 5 zero-shot (pre-train): 0.00%
[01:31:18] task=5  epoch=0  train_loss=nan
[01:31:20] task=5  epoch=END  time_sec=8.3  acc_task0=20.0  acc_task1=0.0  acc_task2=0.0  acc_task3=0.0  acc_task4=0.0  acc_task5=0.0
[01:31:20] 
============================================================
 Task 7/20  | Classes (30, 35)
============================================================
[01:31:20] Task 6 baseline (chance): 2.86%
[01:31:20] Task 6 zero-shot (pre-train): 0.00%
[01:31:28] task=6  epoch=0  train_loss=nan
[01:31:29] task=6  epoch=END  time_sec=8.3  acc_task0=20.0  acc_task1=0.0  acc_task2=0.0  acc_task3=0.0  acc_task4=0.0  acc_task5=0.0  acc_task6=0.0
[01:31:29] 
============================================================
 Task 8/20  | Classes (35, 40)
============================================================
[01:31:29] Task 7 baseline (chance): 2.50%
[01:31:30] Task 7 zero-shot (pre-train): 0.00%
[01:31:38] task=7  epoch=0  train_loss=nan
[01:31:40] task=7  epoch=END  time_sec=8.2  acc_task0=20.0  acc_task1=0.0  acc_task2=0.0  acc_task3=0.0  acc_task4=0.0  acc_task5=0.0  acc_task6=0.0  acc_task7=0.0
[01:31:40] 
============================================================
 Task 9/20  | Classes (40, 45)
============================================================
[01:31:40] Task 8 baseline (chance): 2.22%
[01:31:40] Task 8 zero-shot (pre-train): 0.00%
[01:31:48] task=8  epoch=0  train_loss=nan
[01:31:50] task=8  epoch=END  time_sec=8.5  acc_task0=20.0  acc_task1=0.0  acc_task2=0.0  acc_task3=0.0  acc_task4=0.0  acc_task5=0.0  acc_task6=0.0  acc_task7=0.0  acc_task8=0.0
[01:31:50] 
============================================================
 Task 10/20  | Classes (45, 50)
============================================================
[01:31:50] Task 9 baseline (chance): 2.00%
[01:31:50] Task 9 zero-shot (pre-train): 0.00%
[01:31:59] task=9  epoch=0  train_loss=nan
[01:32:01] task=9  epoch=END  time_sec=8.3  acc_task0=20.0  acc_task1=0.0  acc_task2=0.0  acc_task3=0.0  acc_task4=0.0  acc_task5=0.0  acc_task6=0.0  acc_task7=0.0  acc_task8=0.0  acc_task9=0.0
[01:32:01] 
============================================================
 Task 11/20  | Classes (50, 55)
============================================================
[01:32:01] Task 10 baseline (chance): 1.82%
[01:32:01] Task 10 zero-shot (pre-train): 0.00%
[01:32:10] task=10  epoch=0  train_loss=nan
[01:32:12] task=10  epoch=END  time_sec=8.5  acc_task0=20.0  acc_task1=0.0  acc_task2=0.0  acc_task3=0.0  acc_task4=0.0  acc_task5=0.0  acc_task6=0.0  acc_task7=0.0  acc_task8=0.0  acc_task9=0.0  acc_task10=0.0
[01:32:12] 
============================================================
 Task 12/20  | Classes (55, 60)
============================================================
[01:32:12] Task 11 baseline (chance): 1.67%
[01:32:12] Task 11 zero-shot (pre-train): 0.00%
[01:32:21] task=11  epoch=0  train_loss=nan
[01:32:23] task=11  epoch=END  time_sec=8.4  acc_task0=20.0  acc_task1=0.0  acc_task2=0.0  acc_task3=0.0  acc_task4=0.0  acc_task5=0.0  acc_task6=0.0  acc_task7=0.0  acc_task8=0.0  acc_task9=0.0  acc_task10=0.0  acc_task11=0.0
[01:32:23] 
============================================================
 Task 13/20  | Classes (60, 65)
============================================================
[01:32:23] Task 12 baseline (chance): 1.54%
[01:32:23] Task 12 zero-shot (pre-train): 0.00%
[01:32:32] task=12  epoch=0  train_loss=nan
[01:32:35] task=12  epoch=END  time_sec=8.4  acc_task0=20.0  acc_task1=0.0  acc_task2=0.0  acc_task3=0.0  acc_task4=0.0  acc_task5=0.0  acc_task6=0.0  acc_task7=0.0  acc_task8=0.0  acc_task9=0.0  acc_task10=0.0  acc_task11=0.0  acc_task12=0.0
[01:32:35] 
============================================================
 Task 14/20  | Classes (65, 70)
============================================================
[01:32:35] Task 13 baseline (chance): 1.43%
[01:32:35] Task 13 zero-shot (pre-train): 0.00%
[01:32:43] task=13  epoch=0  train_loss=nan
[01:32:46] task=13  epoch=END  time_sec=8.3  acc_task0=20.0  acc_task1=0.0  acc_task2=0.0  acc_task3=0.0  acc_task4=0.0  acc_task5=0.0  acc_task6=0.0  acc_task7=0.0  acc_task8=0.0  acc_task9=0.0  acc_task10=0.0  acc_task11=0.0  acc_task12=0.0  acc_task13=0.0
[01:32:46] 
============================================================
 Task 15/20  | Classes (70, 75)
============================================================
[01:32:46] Task 14 baseline (chance): 1.33%
[01:32:46] Task 14 zero-shot (pre-train): 0.00%
[01:32:55] task=14  epoch=0  train_loss=nan
[01:32:58] task=14  epoch=END  time_sec=8.4  acc_task0=20.0  acc_task1=0.0  acc_task2=0.0  acc_task3=0.0  acc_task4=0.0  acc_task5=0.0  acc_task6=0.0  acc_task7=0.0  acc_task8=0.0  acc_task9=0.0  acc_task10=0.0  acc_task11=0.0  acc_task12=0.0  acc_task13=0.0  acc_task14=0.0
[01:32:58] 
============================================================
 Task 16/20  | Classes (75, 80)
============================================================
[01:32:58] Task 15 baseline (chance): 1.25%
[01:32:58] Task 15 zero-shot (pre-train): 0.00%
[01:33:07] task=15  epoch=0  train_loss=nan
[01:33:10] task=15  epoch=END  time_sec=8.5  acc_task0=20.0  acc_task1=0.0  acc_task2=0.0  acc_task3=0.0  acc_task4=0.0  acc_task5=0.0  acc_task6=0.0  acc_task7=0.0  acc_task8=0.0  acc_task9=0.0  acc_task10=0.0  acc_task11=0.0  acc_task12=0.0  acc_task13=0.0  acc_task14=0.0  acc_task15=0.0
[01:33:10] 
============================================================
 Task 17/20  | Classes (80, 85)
============================================================
[01:33:10] Task 16 baseline (chance): 1.18%
[01:33:10] Task 16 zero-shot (pre-train): 0.00%
[01:33:19] task=16  epoch=0  train_loss=nan
[01:33:22] task=16  epoch=END  time_sec=8.5  acc_task0=20.0  acc_task1=0.0  acc_task2=0.0  acc_task3=0.0  acc_task4=0.0  acc_task5=0.0  acc_task6=0.0  acc_task7=0.0  acc_task8=0.0  acc_task9=0.0  acc_task10=0.0  acc_task11=0.0  acc_task12=0.0  acc_task13=0.0  acc_task14=0.0  acc_task15=0.0  acc_task16=0.0
[01:33:22] 
============================================================
 Task 18/20  | Classes (85, 90)
============================================================
[01:33:22] Task 17 baseline (chance): 1.11%
[01:33:23] Task 17 zero-shot (pre-train): 0.00%
[01:33:31] task=17  epoch=0  train_loss=nan
[01:33:35] task=17  epoch=END  time_sec=8.3  acc_task0=20.0  acc_task1=0.0  acc_task2=0.0  acc_task3=0.0  acc_task4=0.0  acc_task5=0.0  acc_task6=0.0  acc_task7=0.0  acc_task8=0.0  acc_task9=0.0  acc_task10=0.0  acc_task11=0.0  acc_task12=0.0  acc_task13=0.0  acc_task14=0.0  acc_task15=0.0  acc_task16=0.0  acc_task17=0.0
[01:33:35] 
============================================================
 Task 19/20  | Classes (90, 95)
============================================================
[01:33:35] Task 18 baseline (chance): 1.05%
[01:33:35] Task 18 zero-shot (pre-train): 0.00%
[01:33:43] task=18  epoch=0  train_loss=nan
[01:33:48] task=18  epoch=END  time_sec=8.3  acc_task0=20.0  acc_task1=0.0  acc_task2=0.0  acc_task3=0.0  acc_task4=0.0  acc_task5=0.0  acc_task6=0.0  acc_task7=0.0  acc_task8=0.0  acc_task9=0.0  acc_task10=0.0  acc_task11=0.0  acc_task12=0.0  acc_task13=0.0  acc_task14=0.0  acc_task15=0.0  acc_task16=0.0  acc_task17=0.0  acc_task18=0.0
[01:33:48] 
============================================================
 Task 20/20  | Classes (95, 100)
============================================================
[01:33:48] Task 19 baseline (chance): 1.00%
[01:33:48] Task 19 zero-shot (pre-train): 0.00%
[01:33:56] task=19  epoch=0  train_loss=nan
[01:34:01] task=19  epoch=END  time_sec=8.5  acc_task0=20.0  acc_task1=0.0  acc_task2=0.0  acc_task3=0.0  acc_task4=0.0  acc_task5=0.0  acc_task6=0.0  acc_task7=0.0  acc_task8=0.0  acc_task9=0.0  acc_task10=0.0  acc_task11=0.0  acc_task12=0.0  acc_task13=0.0  acc_task14=0.0  acc_task15=0.0  acc_task16=0.0  acc_task17=0.0  acc_task18=0.0  acc_task19=0.0
[01:34:01] 
Final Metrics:
  avg_accuracy         +1.0000
  forgetting           +1.4421
  backward_transfer    -1.4316
  forward_transfer     -2.7239
[01:34:02] 
Done - run: split_cifar100_si_der_seed456
[01:34:02] Metrics: {'avg_accuracy': 1.0, 'forgetting': 1.4421, 'backward_transfer': -1.4316, 'forward_transfer': -2.7239}
