[01:26:46] Starting: split_cifar100_si_der_seed123
[01:26:46] Config: {'dataset': 'split_cifar100', 'data_root': 'Project/data_local', 'model': 'slim_resnet18', 'pretrained': False, 'method': 'si_der', 'n_epochs': 1, 'batch_size': 32, 'num_workers': 0, 'lr': 0.03, 'momentum': 0.9, 'weight_decay': 0.0001, 'fp16': True, 'buffer_size': 200, 'ewc_lambda': 100.0, 'fisher_samples': 200, 'si_lambda': 1.0, 'si_xi': 0.1, 'der_alpha': 0.5, 'xder_beta': 0.5, 'lwf_lambda': 1.0, 'lwf_temp': 2.0, 'icarl_distill_w': 1.0, 'icarl_temp': 2.0, 'use_nmc': True, 'agem_mem_batch': 64, 'distill_lambda': 1.0, 'distill_temp': 2.0, 'pc_distill_w': 1.0, 'pc_ewc_lambda': 100.0, 'pc_compress_epochs': 3, 'er_replay_ratio': 0.5, 'joint_replay_epochs': 1, 'disable_tqdm': True, 'disable_checkpoints': True, 'disable_plots': False, 'seeds': [42, 123, 456, 789, 1024], 'results_root': 'd:\\Catastrophic Forgetting\\results_phase3_fwt', 'checkpoint_dir': 'results/checkpoints', 'figure_dir': 'd:\\Catastrophic Forgetting\\results_phase3_fwt\\figures', 'log_dir': 'd:\\Catastrophic Forgetting\\results_phase3_fwt\\raw', 'run_name': 'split_cifar100_si_der_seed123', 'seed': 123}
[01:26:46] Device: cuda
[01:26:47] Dataset: SplitCIFAR100(tasks=20, classes_per_task=5, scenario=class-il)
[01:26:47] 
============================================================
 Task 1/20  | Classes (0, 5)
============================================================
[01:26:47] Task 0 baseline (chance): 20.00%
[01:26:54] task=0  epoch=0  train_loss=1.6605
[01:26:54] task=0  epoch=END  time_sec=6.6  acc_task0=50.0
[01:26:54] 
============================================================
 Task 2/20  | Classes (5, 10)
============================================================
[01:26:54] Task 1 baseline (chance): 10.00%
[01:26:54] Task 1 zero-shot (pre-train): 0.20%
[01:27:03] task=1  epoch=0  train_loss=nan
[01:27:03] task=1  epoch=END  time_sec=8.4  acc_task0=20.0  acc_task1=0.0
[01:27:03] 
============================================================
 Task 3/20  | Classes (10, 15)
============================================================
[01:27:03] Task 2 baseline (chance): 6.67%
[01:27:03] Task 2 zero-shot (pre-train): 0.00%
[01:27:12] task=2  epoch=0  train_loss=nan
[01:27:12] task=2  epoch=END  time_sec=8.4  acc_task0=20.0  acc_task1=0.0  acc_task2=0.0
[01:27:12] 
============================================================
 Task 4/20  | Classes (15, 20)
============================================================
[01:27:12] Task 3 baseline (chance): 5.00%
[01:27:13] Task 3 zero-shot (pre-train): 0.00%
[01:27:21] task=3  epoch=0  train_loss=nan
[01:27:22] task=3  epoch=END  time_sec=8.4  acc_task0=20.0  acc_task1=0.0  acc_task2=0.0  acc_task3=0.0
[01:27:22] 
============================================================
 Task 5/20  | Classes (20, 25)
============================================================
[01:27:22] Task 4 baseline (chance): 4.00%
[01:27:22] Task 4 zero-shot (pre-train): 0.00%
[01:27:31] task=4  epoch=0  train_loss=nan
[01:27:32] task=4  epoch=END  time_sec=8.3  acc_task0=20.0  acc_task1=0.0  acc_task2=0.0  acc_task3=0.0  acc_task4=0.0
[01:27:32] 
============================================================
 Task 6/20  | Classes (25, 30)
============================================================
[01:27:32] Task 5 baseline (chance): 3.33%
[01:27:32] Task 5 zero-shot (pre-train): 0.00%
[01:27:40] task=5  epoch=0  train_loss=nan
[01:27:42] task=5  epoch=END  time_sec=8.5  acc_task0=20.0  acc_task1=0.0  acc_task2=0.0  acc_task3=0.0  acc_task4=0.0  acc_task5=0.0
[01:27:42] 
============================================================
 Task 7/20  | Classes (30, 35)
============================================================
[01:27:42] Task 6 baseline (chance): 2.86%
[01:27:42] Task 6 zero-shot (pre-train): 0.00%
[01:27:50] task=6  epoch=0  train_loss=nan
[01:27:52] task=6  epoch=END  time_sec=8.2  acc_task0=20.0  acc_task1=0.0  acc_task2=0.0  acc_task3=0.0  acc_task4=0.0  acc_task5=0.0  acc_task6=0.0
[01:27:52] 
============================================================
 Task 8/20  | Classes (35, 40)
============================================================
[01:27:52] Task 7 baseline (chance): 2.50%
[01:27:52] Task 7 zero-shot (pre-train): 0.00%
[01:28:00] task=7  epoch=0  train_loss=nan
[01:28:02] task=7  epoch=END  time_sec=8.5  acc_task0=20.0  acc_task1=0.0  acc_task2=0.0  acc_task3=0.0  acc_task4=0.0  acc_task5=0.0  acc_task6=0.0  acc_task7=0.0
[01:28:02] 
============================================================
 Task 9/20  | Classes (40, 45)
============================================================
[01:28:02] Task 8 baseline (chance): 2.22%
[01:28:02] Task 8 zero-shot (pre-train): 0.00%
[01:28:11] task=8  epoch=0  train_loss=nan
[01:28:13] task=8  epoch=END  time_sec=8.3  acc_task0=20.0  acc_task1=0.0  acc_task2=0.0  acc_task3=0.0  acc_task4=0.0  acc_task5=0.0  acc_task6=0.0  acc_task7=0.0  acc_task8=0.0
[01:28:13] 
============================================================
 Task 10/20  | Classes (45, 50)
============================================================
[01:28:13] Task 9 baseline (chance): 2.00%
[01:28:13] Task 9 zero-shot (pre-train): 0.00%
[01:28:21] task=9  epoch=0  train_loss=nan
[01:28:23] task=9  epoch=END  time_sec=8.5  acc_task0=20.0  acc_task1=0.0  acc_task2=0.0  acc_task3=0.0  acc_task4=0.0  acc_task5=0.0  acc_task6=0.0  acc_task7=0.0  acc_task8=0.0  acc_task9=0.0
[01:28:23] 
============================================================
 Task 11/20  | Classes (50, 55)
============================================================
[01:28:23] Task 10 baseline (chance): 1.82%
[01:28:24] Task 10 zero-shot (pre-train): 0.00%
[01:28:32] task=10  epoch=0  train_loss=nan
[01:28:34] task=10  epoch=END  time_sec=8.5  acc_task0=20.0  acc_task1=0.0  acc_task2=0.0  acc_task3=0.0  acc_task4=0.0  acc_task5=0.0  acc_task6=0.0  acc_task7=0.0  acc_task8=0.0  acc_task9=0.0  acc_task10=0.0
[01:28:34] 
============================================================
 Task 12/20  | Classes (55, 60)
============================================================
[01:28:34] Task 11 baseline (chance): 1.67%
[01:28:35] Task 11 zero-shot (pre-train): 0.00%
[01:28:43] task=11  epoch=0  train_loss=nan
[01:28:45] task=11  epoch=END  time_sec=8.2  acc_task0=20.0  acc_task1=0.0  acc_task2=0.0  acc_task3=0.0  acc_task4=0.0  acc_task5=0.0  acc_task6=0.0  acc_task7=0.0  acc_task8=0.0  acc_task9=0.0  acc_task10=0.0  acc_task11=0.0
[01:28:45] 
============================================================
 Task 13/20  | Classes (60, 65)
============================================================
[01:28:45] Task 12 baseline (chance): 1.54%
[01:28:46] Task 12 zero-shot (pre-train): 0.00%
[01:28:54] task=12  epoch=0  train_loss=nan
[01:28:57] task=12  epoch=END  time_sec=8.3  acc_task0=20.0  acc_task1=0.0  acc_task2=0.0  acc_task3=0.0  acc_task4=0.0  acc_task5=0.0  acc_task6=0.0  acc_task7=0.0  acc_task8=0.0  acc_task9=0.0  acc_task10=0.0  acc_task11=0.0  acc_task12=0.0
[01:28:57] 
============================================================
 Task 14/20  | Classes (65, 70)
============================================================
[01:28:57] Task 13 baseline (chance): 1.43%
[01:28:57] Task 13 zero-shot (pre-train): 0.00%
[01:29:05] task=13  epoch=0  train_loss=nan
[01:29:08] task=13  epoch=END  time_sec=8.5  acc_task0=20.0  acc_task1=0.0  acc_task2=0.0  acc_task3=0.0  acc_task4=0.0  acc_task5=0.0  acc_task6=0.0  acc_task7=0.0  acc_task8=0.0  acc_task9=0.0  acc_task10=0.0  acc_task11=0.0  acc_task12=0.0  acc_task13=0.0
[01:29:08] 
============================================================
 Task 15/20  | Classes (70, 75)
============================================================
[01:29:08] Task 14 baseline (chance): 1.33%
[01:29:09] Task 14 zero-shot (pre-train): 0.00%
[01:29:17] task=14  epoch=0  train_loss=nan
[01:29:20] task=14  epoch=END  time_sec=8.4  acc_task0=20.0  acc_task1=0.0  acc_task2=0.0  acc_task3=0.0  acc_task4=0.0  acc_task5=0.0  acc_task6=0.0  acc_task7=0.0  acc_task8=0.0  acc_task9=0.0  acc_task10=0.0  acc_task11=0.0  acc_task12=0.0  acc_task13=0.0  acc_task14=0.0
[01:29:20] 
============================================================
 Task 16/20  | Classes (75, 80)
============================================================
[01:29:20] Task 15 baseline (chance): 1.25%
[01:29:21] Task 15 zero-shot (pre-train): 0.00%
[01:29:29] task=15  epoch=0  train_loss=nan
[01:29:32] task=15  epoch=END  time_sec=8.4  acc_task0=20.0  acc_task1=0.0  acc_task2=0.0  acc_task3=0.0  acc_task4=0.0  acc_task5=0.0  acc_task6=0.0  acc_task7=0.0  acc_task8=0.0  acc_task9=0.0  acc_task10=0.0  acc_task11=0.0  acc_task12=0.0  acc_task13=0.0  acc_task14=0.0  acc_task15=0.0
[01:29:32] 
============================================================
 Task 17/20  | Classes (80, 85)
============================================================
[01:29:32] Task 16 baseline (chance): 1.18%
[01:29:33] Task 16 zero-shot (pre-train): 0.00%
[01:29:41] task=16  epoch=0  train_loss=nan
[01:29:45] task=16  epoch=END  time_sec=8.4  acc_task0=20.0  acc_task1=0.0  acc_task2=0.0  acc_task3=0.0  acc_task4=0.0  acc_task5=0.0  acc_task6=0.0  acc_task7=0.0  acc_task8=0.0  acc_task9=0.0  acc_task10=0.0  acc_task11=0.0  acc_task12=0.0  acc_task13=0.0  acc_task14=0.0  acc_task15=0.0  acc_task16=0.0
[01:29:45] 
============================================================
 Task 18/20  | Classes (85, 90)
============================================================
[01:29:45] Task 17 baseline (chance): 1.11%
[01:29:45] Task 17 zero-shot (pre-train): 0.00%
[01:29:53] task=17  epoch=0  train_loss=nan
[01:29:57] task=17  epoch=END  time_sec=8.5  acc_task0=20.0  acc_task1=0.0  acc_task2=0.0  acc_task3=0.0  acc_task4=0.0  acc_task5=0.0  acc_task6=0.0  acc_task7=0.0  acc_task8=0.0  acc_task9=0.0  acc_task10=0.0  acc_task11=0.0  acc_task12=0.0  acc_task13=0.0  acc_task14=0.0  acc_task15=0.0  acc_task16=0.0  acc_task17=0.0
[01:29:57] 
============================================================
 Task 19/20  | Classes (90, 95)
============================================================
[01:29:57] Task 18 baseline (chance): 1.05%
[01:29:58] Task 18 zero-shot (pre-train): 0.00%
[01:30:06] task=18  epoch=0  train_loss=nan
[01:30:10] task=18  epoch=END  time_sec=8.4  acc_task0=20.0  acc_task1=0.0  acc_task2=0.0  acc_task3=0.0  acc_task4=0.0  acc_task5=0.0  acc_task6=0.0  acc_task7=0.0  acc_task8=0.0  acc_task9=0.0  acc_task10=0.0  acc_task11=0.0  acc_task12=0.0  acc_task13=0.0  acc_task14=0.0  acc_task15=0.0  acc_task16=0.0  acc_task17=0.0  acc_task18=0.0
[01:30:10] 
============================================================
 Task 20/20  | Classes (95, 100)
============================================================
[01:30:10] Task 19 baseline (chance): 1.00%
[01:30:10] Task 19 zero-shot (pre-train): 0.00%
[01:30:19] task=19  epoch=0  train_loss=nan
[01:30:23] task=19  epoch=END  time_sec=8.4  acc_task0=20.0  acc_task1=0.0  acc_task2=0.0  acc_task3=0.0  acc_task4=0.0  acc_task5=0.0  acc_task6=0.0  acc_task7=0.0  acc_task8=0.0  acc_task9=0.0  acc_task10=0.0  acc_task11=0.0  acc_task12=0.0  acc_task13=0.0  acc_task14=0.0  acc_task15=0.0  acc_task16=0.0  acc_task17=0.0  acc_task18=0.0  acc_task19=0.0
[01:30:23] 
Final Metrics:
  avg_accuracy         +1.0000
  forgetting           +1.5895
  backward_transfer    -1.5789
  forward_transfer     -2.7239
[01:30:24] 
Done - run: split_cifar100_si_der_seed123
[01:30:24] Metrics: {'avg_accuracy': 1.0, 'forgetting': 1.5895, 'backward_transfer': -1.5789, 'forward_transfer': -2.7239}
