[10:09:49] Starting: split_cifar100_si_der_seed123
[10:09:49] Config: {'dataset': 'split_cifar100', 'data_root': 'Project/data_local', 'model': 'slim_resnet18', 'pretrained': False, 'method': 'si_der', 'n_epochs': 1, 'batch_size': 32, 'num_workers': 0, 'lr': 0.03, 'momentum': 0.9, 'weight_decay': 0.0001, 'fp16': True, 'buffer_size': 200, 'ewc_lambda': 100.0, 'fisher_samples': 200, 'si_lambda': 1.0, 'si_xi': 0.1, 'der_alpha': 0.5, 'xder_beta': 0.5, 'lwf_lambda': 1.0, 'lwf_temp': 2.0, 'icarl_distill_w': 1.0, 'icarl_temp': 2.0, 'use_nmc': True, 'agem_mem_batch': 64, 'distill_lambda': 1.0, 'distill_temp': 2.0, 'pc_distill_w': 1.0, 'pc_ewc_lambda': 100.0, 'pc_compress_epochs': 3, 'er_replay_ratio': 0.5, 'joint_replay_epochs': 1, 'disable_tqdm': True, 'disable_checkpoints': True, 'disable_plots': False, 'seeds': [42, 123, 456, 789, 1024], 'results_root': 'd:\\Catastrophic Forgetting\\results_phase3_fwt_sider_fix', 'checkpoint_dir': 'results/checkpoints', 'figure_dir': 'd:\\Catastrophic Forgetting\\results_phase3_fwt_sider_fix\\figures', 'log_dir': 'd:\\Catastrophic Forgetting\\results_phase3_fwt_sider_fix\\raw', 'run_name': 'split_cifar100_si_der_seed123', 'seed': 123}
[10:09:49] Device: cuda
[10:09:51] Dataset: SplitCIFAR100(tasks=20, classes_per_task=5, scenario=class-il)
[10:09:52] 
============================================================
 Task 1/20  | Classes (0, 5)
============================================================
[10:09:52] Task 0 baseline (chance): 20.00%
[10:10:02] task=0  epoch=0  train_loss=1.6605
[10:10:03] task=0  epoch=END  time_sec=10.6  acc_task0=50.0
[10:10:03] 
============================================================
 Task 2/20  | Classes (5, 10)
============================================================
[10:10:03] Task 1 baseline (chance): 10.00%
[10:10:03] Task 1 zero-shot (pre-train): 0.20%
[10:10:15] task=1  epoch=0  train_loss=1.9516
[10:10:16] task=1  epoch=END  time_sec=12.2  acc_task0=0.0  acc_task1=43.6
[10:10:16] 
============================================================
 Task 3/20  | Classes (10, 15)
============================================================
[10:10:16] Task 2 baseline (chance): 6.67%
[10:10:16] Task 2 zero-shot (pre-train): 0.00%
[10:10:28] task=2  epoch=0  train_loss=2.3205
[10:10:29] task=2  epoch=END  time_sec=11.8  acc_task0=0.0  acc_task1=0.0  acc_task2=45.2
[10:10:29] 
============================================================
 Task 4/20  | Classes (15, 20)
============================================================
[10:10:29] Task 3 baseline (chance): 5.00%
[10:10:29] Task 3 zero-shot (pre-train): 0.00%
[10:10:41] task=3  epoch=0  train_loss=3.2335
[10:10:42] task=3  epoch=END  time_sec=12.0  acc_task0=0.0  acc_task1=0.0  acc_task2=0.0  acc_task3=45.8
[10:10:42] 
============================================================
 Task 5/20  | Classes (20, 25)
============================================================
[10:10:42] Task 4 baseline (chance): 4.00%
[10:10:42] Task 4 zero-shot (pre-train): 0.00%
[10:10:54] task=4  epoch=0  train_loss=3.5118
[10:10:56] task=4  epoch=END  time_sec=11.8  acc_task0=0.0  acc_task1=0.0  acc_task2=0.0  acc_task3=0.0  acc_task4=46.4
[10:10:56] 
============================================================
 Task 6/20  | Classes (25, 30)
============================================================
[10:10:56] Task 5 baseline (chance): 3.33%
[10:10:56] Task 5 zero-shot (pre-train): 0.00%
[10:11:08] task=5  epoch=0  train_loss=3.9889
[10:11:10] task=5  epoch=END  time_sec=12.2  acc_task0=0.0  acc_task1=0.0  acc_task2=0.0  acc_task3=0.0  acc_task4=0.0  acc_task5=39.2
[10:11:10] 
============================================================
 Task 7/20  | Classes (30, 35)
============================================================
[10:11:10] Task 6 baseline (chance): 2.86%
[10:11:10] Task 6 zero-shot (pre-train): 0.00%
[10:11:22] task=6  epoch=0  train_loss=4.4107
[10:11:24] task=6  epoch=END  time_sec=11.8  acc_task0=0.0  acc_task1=0.0  acc_task2=0.0  acc_task3=0.0  acc_task4=0.0  acc_task5=0.0  acc_task6=51.2
[10:11:24] 
============================================================
 Task 8/20  | Classes (35, 40)
============================================================
[10:11:24] Task 7 baseline (chance): 2.50%
[10:11:24] Task 7 zero-shot (pre-train): 0.00%
[10:11:36] task=7  epoch=0  train_loss=5.0949
[10:11:38] task=7  epoch=END  time_sec=11.9  acc_task0=0.0  acc_task1=0.0  acc_task2=0.0  acc_task3=0.0  acc_task4=0.0  acc_task5=0.0  acc_task6=0.0  acc_task7=36.4
[10:11:38] 
============================================================
 Task 9/20  | Classes (40, 45)
============================================================
[10:11:38] Task 8 baseline (chance): 2.22%
[10:11:38] Task 8 zero-shot (pre-train): 0.00%
[10:11:50] task=8  epoch=0  train_loss=5.0223
[10:11:53] task=8  epoch=END  time_sec=12.0  acc_task0=0.0  acc_task1=0.0  acc_task2=0.0  acc_task3=0.0  acc_task4=0.0  acc_task5=0.0  acc_task6=0.0  acc_task7=0.0  acc_task8=42.8
[10:11:53] 
============================================================
 Task 10/20  | Classes (45, 50)
============================================================
[10:11:53] Task 9 baseline (chance): 2.00%
[10:11:53] Task 9 zero-shot (pre-train): 0.00%
[10:12:05] task=9  epoch=0  train_loss=5.5515
[10:12:08] task=9  epoch=END  time_sec=12.0  acc_task0=0.0  acc_task1=0.0  acc_task2=0.0  acc_task3=0.0  acc_task4=0.0  acc_task5=0.0  acc_task6=0.0  acc_task7=0.0  acc_task8=0.0  acc_task9=42.4
[10:12:08] 
============================================================
 Task 11/20  | Classes (50, 55)
============================================================
[10:12:08] Task 10 baseline (chance): 1.82%
[10:12:08] Task 10 zero-shot (pre-train): 0.00%
[10:12:20] task=10  epoch=0  train_loss=5.3274
[10:12:23] task=10  epoch=END  time_sec=12.1  acc_task0=0.0  acc_task1=0.0  acc_task2=0.0  acc_task3=0.0  acc_task4=0.0  acc_task5=0.0  acc_task6=0.0  acc_task7=0.0  acc_task8=0.0  acc_task9=0.0  acc_task10=54.6
[10:12:23] 
============================================================
 Task 12/20  | Classes (55, 60)
============================================================
[10:12:23] Task 11 baseline (chance): 1.67%
[10:12:24] Task 11 zero-shot (pre-train): 0.00%
[10:12:36] task=11  epoch=0  train_loss=5.4697
[10:12:39] task=11  epoch=END  time_sec=12.1  acc_task0=0.0  acc_task1=0.0  acc_task2=0.0  acc_task3=0.0  acc_task4=0.0  acc_task5=0.0  acc_task6=0.0  acc_task7=0.0  acc_task8=0.0  acc_task9=0.0  acc_task10=0.0  acc_task11=37.6
[10:12:39] 
============================================================
 Task 13/20  | Classes (60, 65)
============================================================
[10:12:39] Task 12 baseline (chance): 1.54%
[10:12:39] Task 12 zero-shot (pre-train): 0.00%
[10:12:51] task=12  epoch=0  train_loss=5.5665
[10:12:55] task=12  epoch=END  time_sec=12.2  acc_task0=0.0  acc_task1=0.0  acc_task2=0.0  acc_task3=0.0  acc_task4=0.0  acc_task5=0.0  acc_task6=0.0  acc_task7=0.0  acc_task8=0.0  acc_task9=0.0  acc_task10=0.0  acc_task11=0.0  acc_task12=64.0
[10:12:55] 
============================================================
 Task 14/20  | Classes (65, 70)
============================================================
[10:12:55] Task 13 baseline (chance): 1.43%
[10:12:55] Task 13 zero-shot (pre-train): 0.00%
[10:13:08] task=13  epoch=0  train_loss=6.1001
[10:13:11] task=13  epoch=END  time_sec=12.3  acc_task0=0.0  acc_task1=0.0  acc_task2=0.0  acc_task3=0.0  acc_task4=0.0  acc_task5=0.0  acc_task6=0.0  acc_task7=0.0  acc_task8=0.0  acc_task9=0.0  acc_task10=0.0  acc_task11=0.0  acc_task12=0.0  acc_task13=38.4
[10:13:11] 
============================================================
 Task 15/20  | Classes (70, 75)
============================================================
[10:13:11] Task 14 baseline (chance): 1.33%
[10:13:12] Task 14 zero-shot (pre-train): 0.00%
[10:13:24] task=14  epoch=0  train_loss=5.6643
[10:13:28] task=14  epoch=END  time_sec=12.0  acc_task0=0.0  acc_task1=0.0  acc_task2=0.0  acc_task3=0.0  acc_task4=0.0  acc_task5=0.0  acc_task6=0.0  acc_task7=0.0  acc_task8=0.0  acc_task9=0.0  acc_task10=0.0  acc_task11=0.0  acc_task12=0.0  acc_task13=0.0  acc_task14=64.0
[10:13:28] 
============================================================
 Task 16/20  | Classes (75, 80)
============================================================
[10:13:28] Task 15 baseline (chance): 1.25%
[10:13:28] Task 15 zero-shot (pre-train): 0.00%
[10:13:40] task=15  epoch=0  train_loss=5.8256
[10:13:44] task=15  epoch=END  time_sec=11.9  acc_task0=0.0  acc_task1=0.0  acc_task2=0.0  acc_task3=0.0  acc_task4=0.0  acc_task5=0.0  acc_task6=0.0  acc_task7=0.0  acc_task8=0.0  acc_task9=0.0  acc_task10=0.0  acc_task11=0.0  acc_task12=0.0  acc_task13=0.0  acc_task14=0.0  acc_task15=40.2
[10:13:44] 
============================================================
 Task 17/20  | Classes (80, 85)
============================================================
[10:13:44] Task 16 baseline (chance): 1.18%
[10:13:45] Task 16 zero-shot (pre-train): 0.00%
[10:13:56] task=16  epoch=0  train_loss=6.0359
[10:14:01] task=16  epoch=END  time_sec=11.9  acc_task0=0.0  acc_task1=0.0  acc_task2=0.0  acc_task3=0.0  acc_task4=0.0  acc_task5=0.0  acc_task6=0.0  acc_task7=0.0  acc_task8=0.0  acc_task9=0.0  acc_task10=0.0  acc_task11=0.0  acc_task12=0.0  acc_task13=0.0  acc_task14=0.0  acc_task15=0.0  acc_task16=41.2
[10:14:01] 
============================================================
 Task 18/20  | Classes (85, 90)
============================================================
[10:14:01] Task 17 baseline (chance): 1.11%
[10:14:01] Task 17 zero-shot (pre-train): 0.00%
[10:14:13] task=17  epoch=0  train_loss=5.8457
[10:14:18] task=17  epoch=END  time_sec=11.8  acc_task0=0.0  acc_task1=0.0  acc_task2=0.0  acc_task3=0.0  acc_task4=0.0  acc_task5=0.0  acc_task6=0.0  acc_task7=0.0  acc_task8=0.0  acc_task9=0.0  acc_task10=0.0  acc_task11=0.0  acc_task12=0.0  acc_task13=0.0  acc_task14=0.0  acc_task15=0.0  acc_task16=0.0  acc_task17=53.0
[10:14:18] 
============================================================
 Task 19/20  | Classes (90, 95)
============================================================
[10:14:18] Task 18 baseline (chance): 1.05%
[10:14:18] Task 18 zero-shot (pre-train): 0.00%
[10:14:30] task=18  epoch=0  train_loss=5.789
[10:14:36] task=18  epoch=END  time_sec=11.9  acc_task0=0.0  acc_task1=0.0  acc_task2=0.0  acc_task3=0.0  acc_task4=0.0  acc_task5=0.0  acc_task6=0.0  acc_task7=0.0  acc_task8=0.0  acc_task9=0.0  acc_task10=0.0  acc_task11=0.0  acc_task12=0.0  acc_task13=0.0  acc_task14=0.0  acc_task15=0.0  acc_task16=0.0  acc_task17=0.0  acc_task18=57.6
[10:14:36] 
============================================================
 Task 20/20  | Classes (95, 100)
============================================================
[10:14:36] Task 19 baseline (chance): 1.00%
[10:14:36] Task 19 zero-shot (pre-train): 0.00%
[10:14:48] task=19  epoch=0  train_loss=5.7051
[10:14:53] task=19  epoch=END  time_sec=11.7  acc_task0=0.0  acc_task1=0.0  acc_task2=0.0  acc_task3=0.0  acc_task4=0.0  acc_task5=0.0  acc_task6=0.0  acc_task7=0.0  acc_task8=0.0  acc_task9=0.0  acc_task10=0.0  acc_task11=0.0  acc_task12=0.0  acc_task13=0.0  acc_task14=0.0  acc_task15=0.0  acc_task16=0.0  acc_task17=0.0  acc_task18=0.0  acc_task19=60.8
[10:14:53] 
Final Metrics:
  avg_accuracy         +3.0400
  forgetting           +47.0316
  backward_transfer    -47.0316
  forward_transfer     -2.7239
[10:14:55] 
Done - run: split_cifar100_si_der_seed123
[10:14:55] Metrics: {'avg_accuracy': 3.04, 'forgetting': 47.0316, 'backward_transfer': -47.0316, 'forward_transfer': -2.7239}
