[01:34:02] Starting: split_cifar100_si_der_seed789
[01:34:02] Config: {'dataset': 'split_cifar100', 'data_root': 'Project/data_local', 'model': 'slim_resnet18', 'pretrained': False, 'method': 'si_der', 'n_epochs': 1, 'batch_size': 32, 'num_workers': 0, 'lr': 0.03, 'momentum': 0.9, 'weight_decay': 0.0001, 'fp16': True, 'buffer_size': 200, 'ewc_lambda': 100.0, 'fisher_samples': 200, 'si_lambda': 1.0, 'si_xi': 0.1, 'der_alpha': 0.5, 'xder_beta': 0.5, 'lwf_lambda': 1.0, 'lwf_temp': 2.0, 'icarl_distill_w': 1.0, 'icarl_temp': 2.0, 'use_nmc': True, 'agem_mem_batch': 64, 'distill_lambda': 1.0, 'distill_temp': 2.0, 'pc_distill_w': 1.0, 'pc_ewc_lambda': 100.0, 'pc_compress_epochs': 3, 'er_replay_ratio': 0.5, 'joint_replay_epochs': 1, 'disable_tqdm': True, 'disable_checkpoints': True, 'disable_plots': False, 'seeds': [42, 123, 456, 789, 1024], 'results_root': 'd:\\Catastrophic Forgetting\\results_phase3_fwt', 'checkpoint_dir': 'results/checkpoints', 'figure_dir': 'd:\\Catastrophic Forgetting\\results_phase3_fwt\\figures', 'log_dir': 'd:\\Catastrophic Forgetting\\results_phase3_fwt\\raw', 'run_name': 'split_cifar100_si_der_seed789', 'seed': 789}
[01:34:02] Device: cuda
[01:34:03] Dataset: SplitCIFAR100(tasks=20, classes_per_task=5, scenario=class-il)
[01:34:03] 
============================================================
 Task 1/20  | Classes (0, 5)
============================================================
[01:34:04] Task 0 baseline (chance): 20.00%
[01:34:10] task=0  epoch=0  train_loss=1.6683
[01:34:10] task=0  epoch=END  time_sec=6.5  acc_task0=58.6
[01:34:10] 
============================================================
 Task 2/20  | Classes (5, 10)
============================================================
[01:34:10] Task 1 baseline (chance): 10.00%
[01:34:10] Task 1 zero-shot (pre-train): 1.20%
[01:34:19] task=1  epoch=0  train_loss=nan
[01:34:19] task=1  epoch=END  time_sec=8.3  acc_task0=55.6  acc_task1=1.0
[01:34:19] 
============================================================
 Task 3/20  | Classes (10, 15)
============================================================
[01:34:19] Task 2 baseline (chance): 6.67%
[01:34:19] Task 2 zero-shot (pre-train): 1.80%
[01:34:28] task=2  epoch=0  train_loss=nan
[01:34:28] task=2  epoch=END  time_sec=8.3  acc_task0=49.0  acc_task1=0.0  acc_task2=1.4
[01:34:28] 
============================================================
 Task 4/20  | Classes (15, 20)
============================================================
[01:34:28] Task 3 baseline (chance): 5.00%
[01:34:29] Task 3 zero-shot (pre-train): 4.20%
[01:34:37] task=3  epoch=0  train_loss=nan
[01:34:38] task=3  epoch=END  time_sec=8.3  acc_task0=39.4  acc_task1=0.0  acc_task2=1.6  acc_task3=3.0
[01:34:38] 
============================================================
 Task 5/20  | Classes (20, 25)
============================================================
[01:34:38] Task 4 baseline (chance): 4.00%
[01:34:38] Task 4 zero-shot (pre-train): 2.60%
[01:34:46] task=4  epoch=0  train_loss=nan
[01:34:47] task=4  epoch=END  time_sec=8.3  acc_task0=33.0  acc_task1=0.0  acc_task2=0.8  acc_task3=2.6  acc_task4=2.0
[01:34:47] 
============================================================
 Task 6/20  | Classes (25, 30)
============================================================
[01:34:47] Task 5 baseline (chance): 3.33%
[01:34:47] Task 5 zero-shot (pre-train): 0.00%
[01:34:56] task=5  epoch=0  train_loss=nan
[01:34:57] task=5  epoch=END  time_sec=8.4  acc_task0=50.6  acc_task1=0.0  acc_task2=0.0  acc_task3=2.2  acc_task4=2.8  acc_task5=0.0
[01:34:57] 
============================================================
 Task 7/20  | Classes (30, 35)
============================================================
[01:34:57] Task 6 baseline (chance): 2.86%
[01:34:57] Task 6 zero-shot (pre-train): 0.00%
[01:35:06] task=6  epoch=0  train_loss=nan
[01:35:07] task=6  epoch=END  time_sec=8.3  acc_task0=36.6  acc_task1=0.0  acc_task2=1.6  acc_task3=3.4  acc_task4=3.0  acc_task5=0.0  acc_task6=0.0
[01:35:07] 
============================================================
 Task 8/20  | Classes (35, 40)
============================================================
[01:35:07] Task 7 baseline (chance): 2.50%
[01:35:07] Task 7 zero-shot (pre-train): 0.00%
[01:35:16] task=7  epoch=0  train_loss=nan
[01:35:17] task=7  epoch=END  time_sec=8.1  acc_task0=39.6  acc_task1=0.0  acc_task2=1.2  acc_task3=2.0  acc_task4=2.2  acc_task5=0.0  acc_task6=0.0  acc_task7=0.0
[01:35:17] 
============================================================
 Task 9/20  | Classes (40, 45)
============================================================
[01:35:17] Task 8 baseline (chance): 2.22%
[01:35:17] Task 8 zero-shot (pre-train): 7.20%
[01:35:26] task=8  epoch=0  train_loss=nan
[01:35:28] task=8  epoch=END  time_sec=8.4  acc_task0=37.2  acc_task1=0.0  acc_task2=0.6  acc_task3=0.0  acc_task4=0.0  acc_task5=0.0  acc_task6=0.0  acc_task7=0.0  acc_task8=6.4
[01:35:28] 
============================================================
 Task 10/20  | Classes (45, 50)
============================================================
[01:35:28] Task 9 baseline (chance): 2.00%
[01:35:28] Task 9 zero-shot (pre-train): 0.00%
[01:35:36] task=9  epoch=0  train_loss=nan
[01:35:38] task=9  epoch=END  time_sec=8.4  acc_task0=42.4  acc_task1=0.0  acc_task2=0.0  acc_task3=0.2  acc_task4=0.0  acc_task5=0.0  acc_task6=0.0  acc_task7=0.0  acc_task8=6.6  acc_task9=0.0
[01:35:38] 
============================================================
 Task 11/20  | Classes (50, 55)
============================================================
[01:35:38] Task 10 baseline (chance): 1.82%
[01:35:39] Task 10 zero-shot (pre-train): 0.00%
[01:35:47] task=10  epoch=0  train_loss=nan
[01:35:49] task=10  epoch=END  time_sec=8.2  acc_task0=41.2  acc_task1=0.0  acc_task2=0.2  acc_task3=0.0  acc_task4=0.0  acc_task5=0.0  acc_task6=0.0  acc_task7=0.0  acc_task8=7.8  acc_task9=0.0  acc_task10=0.0
[01:35:49] 
============================================================
 Task 12/20  | Classes (55, 60)
============================================================
[01:35:49] Task 11 baseline (chance): 1.67%
[01:35:49] Task 11 zero-shot (pre-train): 0.00%
[01:35:58] task=11  epoch=0  train_loss=nan
[01:36:00] task=11  epoch=END  time_sec=8.3  acc_task0=44.8  acc_task1=0.0  acc_task2=0.0  acc_task3=0.0  acc_task4=0.0  acc_task5=0.0  acc_task6=0.0  acc_task7=0.0  acc_task8=8.2  acc_task9=0.0  acc_task10=0.0  acc_task11=0.0
[01:36:00] 
============================================================
 Task 13/20  | Classes (60, 65)
============================================================
[01:36:00] Task 12 baseline (chance): 1.54%
[01:36:00] Task 12 zero-shot (pre-train): 0.00%
[01:36:09] task=12  epoch=0  train_loss=nan
[01:36:12] task=12  epoch=END  time_sec=8.4  acc_task0=48.2  acc_task1=0.0  acc_task2=0.0  acc_task3=0.0  acc_task4=0.0  acc_task5=0.0  acc_task6=0.0  acc_task7=0.0  acc_task8=6.4  acc_task9=0.0  acc_task10=0.0  acc_task11=0.0  acc_task12=0.0
[01:36:12] 
============================================================
 Task 14/20  | Classes (65, 70)
============================================================
[01:36:12] Task 13 baseline (chance): 1.43%
[01:36:12] Task 13 zero-shot (pre-train): 0.00%
[01:36:20] task=13  epoch=0  train_loss=nan
[01:36:23] task=13  epoch=END  time_sec=8.3  acc_task0=29.6  acc_task1=0.0  acc_task2=0.8  acc_task3=0.0  acc_task4=0.0  acc_task5=0.0  acc_task6=0.0  acc_task7=0.0  acc_task8=6.4  acc_task9=0.0  acc_task10=0.0  acc_task11=0.0  acc_task12=0.0  acc_task13=0.0
[01:36:23] 
============================================================
 Task 15/20  | Classes (70, 75)
============================================================
[01:36:23] Task 14 baseline (chance): 1.33%
[01:36:23] Task 14 zero-shot (pre-train): 0.00%
[01:36:32] task=14  epoch=0  train_loss=nan
[01:36:35] task=14  epoch=END  time_sec=8.4  acc_task0=39.4  acc_task1=0.0  acc_task2=0.2  acc_task3=0.0  acc_task4=0.0  acc_task5=0.0  acc_task6=0.0  acc_task7=0.0  acc_task8=7.6  acc_task9=0.0  acc_task10=0.0  acc_task11=0.0  acc_task12=0.0  acc_task13=0.4  acc_task14=0.0
[01:36:35] 
============================================================
 Task 16/20  | Classes (75, 80)
============================================================
[01:36:35] Task 15 baseline (chance): 1.25%
[01:36:35] Task 15 zero-shot (pre-train): 0.00%
[01:36:44] task=15  epoch=0  train_loss=nan
[01:36:47] task=15  epoch=END  time_sec=8.5  acc_task0=35.2  acc_task1=0.0  acc_task2=0.4  acc_task3=0.2  acc_task4=0.0  acc_task5=0.0  acc_task6=0.0  acc_task7=0.0  acc_task8=5.6  acc_task9=0.0  acc_task10=0.0  acc_task11=0.0  acc_task12=0.0  acc_task13=0.2  acc_task14=0.0  acc_task15=0.0
[01:36:47] 
============================================================
 Task 17/20  | Classes (80, 85)
============================================================
[01:36:47] Task 16 baseline (chance): 1.18%
[01:36:47] Task 16 zero-shot (pre-train): 0.60%
[01:36:56] task=16  epoch=0  train_loss=nan
[01:36:59] task=16  epoch=END  time_sec=8.3  acc_task0=47.8  acc_task1=0.0  acc_task2=0.0  acc_task3=0.0  acc_task4=0.0  acc_task5=0.0  acc_task6=0.0  acc_task7=0.0  acc_task8=1.4  acc_task9=0.0  acc_task10=0.0  acc_task11=0.0  acc_task12=0.0  acc_task13=0.0  acc_task14=0.0  acc_task15=0.0  acc_task16=3.0
[01:36:59] 
============================================================
 Task 18/20  | Classes (85, 90)
============================================================
[01:36:59] Task 17 baseline (chance): 1.11%
[01:37:00] Task 17 zero-shot (pre-train): 0.00%
[01:37:08] task=17  epoch=0  train_loss=nan
[01:37:12] task=17  epoch=END  time_sec=8.3  acc_task0=36.6  acc_task1=0.0  acc_task2=0.0  acc_task3=0.0  acc_task4=0.0  acc_task5=0.0  acc_task6=0.0  acc_task7=0.0  acc_task8=1.8  acc_task9=0.0  acc_task10=0.0  acc_task11=0.0  acc_task12=0.0  acc_task13=0.0  acc_task14=0.0  acc_task15=0.0  acc_task16=0.2  acc_task17=0.4
[01:37:12] 
============================================================
 Task 19/20  | Classes (90, 95)
============================================================
[01:37:12] Task 18 baseline (chance): 1.05%
[01:37:12] Task 18 zero-shot (pre-train): 0.60%
[01:37:20] task=18  epoch=0  train_loss=nan
[01:37:25] task=18  epoch=END  time_sec=8.4  acc_task0=43.0  acc_task1=0.0  acc_task2=0.0  acc_task3=0.0  acc_task4=0.0  acc_task5=0.0  acc_task6=0.0  acc_task7=0.0  acc_task8=0.8  acc_task9=0.0  acc_task10=0.0  acc_task11=0.0  acc_task12=0.0  acc_task13=0.0  acc_task14=0.0  acc_task15=0.0  acc_task16=1.0  acc_task17=0.2  acc_task18=0.2
[01:37:25] 
============================================================
 Task 20/20  | Classes (95, 100)
============================================================
[01:37:25] Task 19 baseline (chance): 1.00%
[01:37:25] Task 19 zero-shot (pre-train): 0.00%
[01:37:33] task=19  epoch=0  train_loss=nan
[01:37:38] task=19  epoch=END  time_sec=8.4  acc_task0=30.0  acc_task1=0.0  acc_task2=0.0  acc_task3=0.0  acc_task4=0.0  acc_task5=0.0  acc_task6=0.0  acc_task7=0.0  acc_task8=0.8  acc_task9=0.0  acc_task10=0.0  acc_task11=0.0  acc_task12=0.0  acc_task13=0.0  acc_task14=0.0  acc_task15=0.0  acc_task16=0.4  acc_task17=0.2  acc_task18=0.0  acc_task19=0.0
[01:37:38] 
Final Metrics:
  avg_accuracy         +1.5700
  forgetting           +2.6316
  backward_transfer    -2.3474
  forward_transfer     -1.7766
[01:37:38] 
Done - run: split_cifar100_si_der_seed789
[01:37:38] Metrics: {'avg_accuracy': 1.57, 'forgetting': 2.6316, 'backward_transfer': -2.3474, 'forward_transfer': -1.7766}
