[01:23:07] Starting: split_cifar100_si_der_seed42
[01:23:07] Config: {'dataset': 'split_cifar100', 'data_root': 'Project/data_local', 'model': 'slim_resnet18', 'pretrained': False, 'method': 'si_der', 'n_epochs': 1, 'batch_size': 32, 'num_workers': 0, 'lr': 0.03, 'momentum': 0.9, 'weight_decay': 0.0001, 'fp16': True, 'buffer_size': 200, 'ewc_lambda': 100.0, 'fisher_samples': 200, 'si_lambda': 1.0, 'si_xi': 0.1, 'der_alpha': 0.5, 'xder_beta': 0.5, 'lwf_lambda': 1.0, 'lwf_temp': 2.0, 'icarl_distill_w': 1.0, 'icarl_temp': 2.0, 'use_nmc': True, 'agem_mem_batch': 64, 'distill_lambda': 1.0, 'distill_temp': 2.0, 'pc_distill_w': 1.0, 'pc_ewc_lambda': 100.0, 'pc_compress_epochs': 3, 'er_replay_ratio': 0.5, 'joint_replay_epochs': 1, 'disable_tqdm': True, 'disable_checkpoints': True, 'disable_plots': False, 'seeds': [42, 123, 456, 789, 1024], 'results_root': 'd:\\Catastrophic Forgetting\\results_phase3_fwt', 'checkpoint_dir': 'results/checkpoints', 'figure_dir': 'd:\\Catastrophic Forgetting\\results_phase3_fwt\\figures', 'log_dir': 'd:\\Catastrophic Forgetting\\results_phase3_fwt\\raw', 'run_name': 'split_cifar100_si_der_seed42', 'seed': 42}
[01:23:07] Device: cuda
[01:23:08] Dataset: SplitCIFAR100(tasks=20, classes_per_task=5, scenario=class-il)
[01:23:09] 
============================================================
 Task 1/20  | Classes (0, 5)
============================================================
[01:23:09] Task 0 baseline (chance): 20.00%
[01:23:16] task=0  epoch=0  train_loss=1.6364
[01:23:16] task=0  epoch=END  time_sec=7.4  acc_task0=49.8
[01:23:16] 
============================================================
 Task 2/20  | Classes (5, 10)
============================================================
[01:23:16] Task 1 baseline (chance): 10.00%
[01:23:17] Task 1 zero-shot (pre-train): 0.00%
[01:23:25] task=1  epoch=0  train_loss=nan
[01:23:25] task=1  epoch=END  time_sec=8.3  acc_task0=20.0  acc_task1=0.0
[01:23:25] 
============================================================
 Task 3/20  | Classes (10, 15)
============================================================
[01:23:25] Task 2 baseline (chance): 6.67%
[01:23:26] Task 2 zero-shot (pre-train): 0.00%
[01:23:34] task=2  epoch=0  train_loss=nan
[01:23:35] task=2  epoch=END  time_sec=8.4  acc_task0=20.0  acc_task1=0.0  acc_task2=0.0
[01:23:35] 
============================================================
 Task 4/20  | Classes (15, 20)
============================================================
[01:23:35] Task 3 baseline (chance): 5.00%
[01:23:35] Task 3 zero-shot (pre-train): 0.00%
[01:23:43] task=3  epoch=0  train_loss=nan
[01:23:44] task=3  epoch=END  time_sec=8.5  acc_task0=20.0  acc_task1=0.0  acc_task2=0.0  acc_task3=0.0
[01:23:44] 
============================================================
 Task 5/20  | Classes (20, 25)
============================================================
[01:23:44] Task 4 baseline (chance): 4.00%
[01:23:44] Task 4 zero-shot (pre-train): 0.00%
[01:23:53] task=4  epoch=0  train_loss=nan
[01:23:54] task=4  epoch=END  time_sec=8.4  acc_task0=20.0  acc_task1=0.0  acc_task2=0.0  acc_task3=0.0  acc_task4=0.0
[01:23:54] 
============================================================
 Task 6/20  | Classes (25, 30)
============================================================
[01:23:54] Task 5 baseline (chance): 3.33%
[01:23:54] Task 5 zero-shot (pre-train): 0.00%
[01:24:02] task=5  epoch=0  train_loss=nan
[01:24:04] task=5  epoch=END  time_sec=8.4  acc_task0=20.0  acc_task1=0.0  acc_task2=0.0  acc_task3=0.0  acc_task4=0.0  acc_task5=0.0
[01:24:04] 
============================================================
 Task 7/20  | Classes (30, 35)
============================================================
[01:24:04] Task 6 baseline (chance): 2.86%
[01:24:04] Task 6 zero-shot (pre-train): 0.00%
[01:24:12] task=6  epoch=0  train_loss=nan
[01:24:14] task=6  epoch=END  time_sec=8.3  acc_task0=20.0  acc_task1=0.0  acc_task2=0.0  acc_task3=0.0  acc_task4=0.0  acc_task5=0.0  acc_task6=0.0
[01:24:14] 
============================================================
 Task 8/20  | Classes (35, 40)
============================================================
[01:24:14] Task 7 baseline (chance): 2.50%
[01:24:14] Task 7 zero-shot (pre-train): 0.00%
[01:24:22] task=7  epoch=0  train_loss=nan
[01:24:24] task=7  epoch=END  time_sec=8.4  acc_task0=20.0  acc_task1=0.0  acc_task2=0.0  acc_task3=0.0  acc_task4=0.0  acc_task5=0.0  acc_task6=0.0  acc_task7=0.0
[01:24:24] 
============================================================
 Task 9/20  | Classes (40, 45)
============================================================
[01:24:24] Task 8 baseline (chance): 2.22%
[01:24:24] Task 8 zero-shot (pre-train): 0.00%
[01:24:33] task=8  epoch=0  train_loss=nan
[01:24:35] task=8  epoch=END  time_sec=8.4  acc_task0=20.0  acc_task1=0.0  acc_task2=0.0  acc_task3=0.0  acc_task4=0.0  acc_task5=0.0  acc_task6=0.0  acc_task7=0.0  acc_task8=0.0
[01:24:35] 
============================================================
 Task 10/20  | Classes (45, 50)
============================================================
[01:24:35] Task 9 baseline (chance): 2.00%
[01:24:35] Task 9 zero-shot (pre-train): 0.00%
[01:24:43] task=9  epoch=0  train_loss=nan
[01:24:45] task=9  epoch=END  time_sec=8.2  acc_task0=20.0  acc_task1=0.0  acc_task2=0.0  acc_task3=0.0  acc_task4=0.0  acc_task5=0.0  acc_task6=0.0  acc_task7=0.0  acc_task8=0.0  acc_task9=0.0
[01:24:45] 
============================================================
 Task 11/20  | Classes (50, 55)
============================================================
[01:24:45] Task 10 baseline (chance): 1.82%
[01:24:45] Task 10 zero-shot (pre-train): 0.00%
[01:24:54] task=10  epoch=0  train_loss=nan
[01:24:56] task=10  epoch=END  time_sec=8.4  acc_task0=20.0  acc_task1=0.0  acc_task2=0.0  acc_task3=0.0  acc_task4=0.0  acc_task5=0.0  acc_task6=0.0  acc_task7=0.0  acc_task8=0.0  acc_task9=0.0  acc_task10=0.0
[01:24:56] 
============================================================
 Task 12/20  | Classes (55, 60)
============================================================
[01:24:56] Task 11 baseline (chance): 1.67%
[01:24:56] Task 11 zero-shot (pre-train): 0.00%
[01:25:05] task=11  epoch=0  train_loss=nan
[01:25:07] task=11  epoch=END  time_sec=8.5  acc_task0=20.0  acc_task1=0.0  acc_task2=0.0  acc_task3=0.0  acc_task4=0.0  acc_task5=0.0  acc_task6=0.0  acc_task7=0.0  acc_task8=0.0  acc_task9=0.0  acc_task10=0.0  acc_task11=0.0
[01:25:07] 
============================================================
 Task 13/20  | Classes (60, 65)
============================================================
[01:25:07] Task 12 baseline (chance): 1.54%
[01:25:08] Task 12 zero-shot (pre-train): 0.00%
[01:25:16] task=12  epoch=0  train_loss=nan
[01:25:19] task=12  epoch=END  time_sec=8.4  acc_task0=20.0  acc_task1=0.0  acc_task2=0.0  acc_task3=0.0  acc_task4=0.0  acc_task5=0.0  acc_task6=0.0  acc_task7=0.0  acc_task8=0.0  acc_task9=0.0  acc_task10=0.0  acc_task11=0.0  acc_task12=0.0
[01:25:19] 
============================================================
 Task 14/20  | Classes (65, 70)
============================================================
[01:25:19] Task 13 baseline (chance): 1.43%
[01:25:19] Task 13 zero-shot (pre-train): 0.00%
[01:25:27] task=13  epoch=0  train_loss=nan
[01:25:30] task=13  epoch=END  time_sec=8.3  acc_task0=20.0  acc_task1=0.0  acc_task2=0.0  acc_task3=0.0  acc_task4=0.0  acc_task5=0.0  acc_task6=0.0  acc_task7=0.0  acc_task8=0.0  acc_task9=0.0  acc_task10=0.0  acc_task11=0.0  acc_task12=0.0  acc_task13=0.0
[01:25:30] 
============================================================
 Task 15/20  | Classes (70, 75)
============================================================
[01:25:30] Task 14 baseline (chance): 1.33%
[01:25:31] Task 14 zero-shot (pre-train): 0.00%
[01:25:39] task=14  epoch=0  train_loss=nan
[01:25:42] task=14  epoch=END  time_sec=8.4  acc_task0=20.0  acc_task1=0.0  acc_task2=0.0  acc_task3=0.0  acc_task4=0.0  acc_task5=0.0  acc_task6=0.0  acc_task7=0.0  acc_task8=0.0  acc_task9=0.0  acc_task10=0.0  acc_task11=0.0  acc_task12=0.0  acc_task13=0.0  acc_task14=0.0
[01:25:42] 
============================================================
 Task 16/20  | Classes (75, 80)
============================================================
[01:25:42] Task 15 baseline (chance): 1.25%
[01:25:42] Task 15 zero-shot (pre-train): 0.00%
[01:25:51] task=15  epoch=0  train_loss=nan
[01:25:54] task=15  epoch=END  time_sec=8.5  acc_task0=20.0  acc_task1=0.0  acc_task2=0.0  acc_task3=0.0  acc_task4=0.0  acc_task5=0.0  acc_task6=0.0  acc_task7=0.0  acc_task8=0.0  acc_task9=0.0  acc_task10=0.0  acc_task11=0.0  acc_task12=0.0  acc_task13=0.0  acc_task14=0.0  acc_task15=0.0
[01:25:54] 
============================================================
 Task 17/20  | Classes (80, 85)
============================================================
[01:25:54] Task 16 baseline (chance): 1.18%
[01:25:55] Task 16 zero-shot (pre-train): 0.00%
[01:26:03] task=16  epoch=0  train_loss=nan
[01:26:07] task=16  epoch=END  time_sec=8.5  acc_task0=20.0  acc_task1=0.0  acc_task2=0.0  acc_task3=0.0  acc_task4=0.0  acc_task5=0.0  acc_task6=0.0  acc_task7=0.0  acc_task8=0.0  acc_task9=0.0  acc_task10=0.0  acc_task11=0.0  acc_task12=0.0  acc_task13=0.0  acc_task14=0.0  acc_task15=0.0  acc_task16=0.0
[01:26:07] 
============================================================
 Task 18/20  | Classes (85, 90)
============================================================
[01:26:07] Task 17 baseline (chance): 1.11%
[01:26:07] Task 17 zero-shot (pre-train): 0.00%
[01:26:15] task=17  epoch=0  train_loss=nan
[01:26:19] task=17  epoch=END  time_sec=8.3  acc_task0=20.0  acc_task1=0.0  acc_task2=0.0  acc_task3=0.0  acc_task4=0.0  acc_task5=0.0  acc_task6=0.0  acc_task7=0.0  acc_task8=0.0  acc_task9=0.0  acc_task10=0.0  acc_task11=0.0  acc_task12=0.0  acc_task13=0.0  acc_task14=0.0  acc_task15=0.0  acc_task16=0.0  acc_task17=0.0
[01:26:19] 
============================================================
 Task 19/20  | Classes (90, 95)
============================================================
[01:26:19] Task 18 baseline (chance): 1.05%
[01:26:19] Task 18 zero-shot (pre-train): 0.00%
[01:26:28] task=18  epoch=0  train_loss=nan
[01:26:32] task=18  epoch=END  time_sec=8.3  acc_task0=20.0  acc_task1=0.0  acc_task2=0.0  acc_task3=0.0  acc_task4=0.0  acc_task5=0.0  acc_task6=0.0  acc_task7=0.0  acc_task8=0.0  acc_task9=0.0  acc_task10=0.0  acc_task11=0.0  acc_task12=0.0  acc_task13=0.0  acc_task14=0.0  acc_task15=0.0  acc_task16=0.0  acc_task17=0.0  acc_task18=0.0
[01:26:32] 
============================================================
 Task 20/20  | Classes (95, 100)
============================================================
[01:26:32] Task 19 baseline (chance): 1.00%
[01:26:32] Task 19 zero-shot (pre-train): 0.00%
[01:26:40] task=19  epoch=0  train_loss=nan
[01:26:45] task=19  epoch=END  time_sec=8.4  acc_task0=20.0  acc_task1=0.0  acc_task2=0.0  acc_task3=0.0  acc_task4=0.0  acc_task5=0.0  acc_task6=0.0  acc_task7=0.0  acc_task8=0.0  acc_task9=0.0  acc_task10=0.0  acc_task11=0.0  acc_task12=0.0  acc_task13=0.0  acc_task14=0.0  acc_task15=0.0  acc_task16=0.0  acc_task17=0.0  acc_task18=0.0  acc_task19=0.0
[01:26:45] 
Final Metrics:
  avg_accuracy         +1.0000
  forgetting           +1.5684
  backward_transfer    -1.5684
  forward_transfer     -2.7345
[01:26:46] 
Done - run: split_cifar100_si_der_seed42
[01:26:46] Metrics: {'avg_accuracy': 1.0, 'forgetting': 1.5684, 'backward_transfer': -1.5684, 'forward_transfer': -2.7345}
