[02:18:30] Starting: split_cifar100_joint_training_seed1024
[02:18:30] Config: {'dataset': 'split_cifar100', 'data_root': 'Project/data_local', 'model': 'slim_resnet18', 'pretrained': False, 'method': 'joint_training', 'n_epochs': 1, 'batch_size': 32, 'num_workers': 0, 'lr': 0.03, 'momentum': 0.9, 'weight_decay': 0.0001, 'fp16': True, 'buffer_size': 200, 'ewc_lambda': 100.0, 'fisher_samples': 200, 'si_lambda': 1.0, 'si_xi': 0.1, 'der_alpha': 0.5, 'xder_beta': 0.5, 'lwf_lambda': 1.0, 'lwf_temp': 2.0, 'icarl_distill_w': 1.0, 'icarl_temp': 2.0, 'use_nmc': True, 'agem_mem_batch': 64, 'distill_lambda': 1.0, 'distill_temp': 2.0, 'pc_distill_w': 1.0, 'pc_ewc_lambda': 100.0, 'pc_compress_epochs': 3, 'er_replay_ratio': 0.5, 'joint_replay_epochs': 1, 'disable_tqdm': True, 'disable_checkpoints': True, 'disable_plots': True, 'seeds': [42, 123, 456, 789, 1024], 'results_root': 'results', 'checkpoint_dir': 'results/checkpoints', 'figure_dir': 'results/figures', 'log_dir': 'results/raw', 'run_name': 'split_cifar100_joint_training_seed1024', 'seed': 1024}
[02:18:30] Device: cuda
[02:18:32] Dataset: SplitCIFAR100(tasks=20, classes_per_task=5, scenario=class-il)
[02:18:32] 
============================================================
 Task 1/20  | Classes (0, 5)
============================================================
[02:18:32] Task 0 baseline (before training): 0.00%
[02:18:35] task=0  epoch=0  train_loss=1.48
[02:18:38] task=0  epoch=END  time_sec=3.3  acc_task0=54.6
[02:18:38] 
============================================================
 Task 2/20  | Classes (5, 10)
============================================================
[02:18:38] Task 1 baseline (before training): 0.00%
[02:18:41] task=1  epoch=0  train_loss=1.6854
[02:18:46] task=1  epoch=END  time_sec=3.1  acc_task0=43.8  acc_task1=37.0
[02:18:46] 
============================================================
 Task 3/20  | Classes (10, 15)
============================================================
[02:18:46] Task 2 baseline (before training): 0.00%
[02:18:49] task=2  epoch=0  train_loss=1.4928
[02:18:56] task=2  epoch=END  time_sec=3.1  acc_task0=48.6  acc_task1=13.0  acc_task2=10.8
[02:18:56] 
============================================================
 Task 4/20  | Classes (15, 20)
============================================================
[02:18:56] Task 3 baseline (before training): 0.00%
[02:18:59] task=3  epoch=0  train_loss=1.5478
[02:19:07] task=3  epoch=END  time_sec=3.1  acc_task0=39.6  acc_task1=20.8  acc_task2=8.0  acc_task3=27.0
[02:19:07] 
============================================================
 Task 5/20  | Classes (20, 25)
============================================================
[02:19:07] Task 4 baseline (before training): 0.00%
[02:19:10] task=4  epoch=0  train_loss=1.4084
[02:19:19] task=4  epoch=END  time_sec=3.2  acc_task0=43.2  acc_task1=27.2  acc_task2=22.2  acc_task3=32.8  acc_task4=42.4
[02:19:19] 
============================================================
 Task 6/20  | Classes (25, 30)
============================================================
[02:19:20] Task 5 baseline (before training): 0.00%
[02:19:23] task=5  epoch=0  train_loss=1.708
[02:19:34] task=5  epoch=END  time_sec=3.2  acc_task0=37.2  acc_task1=31.0  acc_task2=23.0  acc_task3=33.2  acc_task4=45.2  acc_task5=10.6
[02:19:34] 
============================================================
 Task 7/20  | Classes (30, 35)
============================================================
[02:19:34] Task 6 baseline (before training): 0.00%
[02:19:37] task=6  epoch=0  train_loss=1.4874
[02:19:50] task=6  epoch=END  time_sec=3.1  acc_task0=41.6  acc_task1=28.6  acc_task2=22.8  acc_task3=27.2  acc_task4=55.0  acc_task5=8.8  acc_task6=30.8
[02:19:50] 
============================================================
 Task 8/20  | Classes (35, 40)
============================================================
[02:19:50] Task 7 baseline (before training): 0.00%
[02:19:53] task=7  epoch=0  train_loss=1.4484
[02:20:08] task=7  epoch=END  time_sec=3.2  acc_task0=36.0  acc_task1=29.0  acc_task2=32.8  acc_task3=27.6  acc_task4=57.8  acc_task5=10.8  acc_task6=35.6  acc_task7=14.6
[02:20:08] 
============================================================
 Task 9/20  | Classes (40, 45)
============================================================
[02:20:08] Task 8 baseline (before training): 0.00%
[02:20:11] task=8  epoch=0  train_loss=1.58
[02:20:27] task=8  epoch=END  time_sec=3.2  acc_task0=45.8  acc_task1=23.0  acc_task2=23.4  acc_task3=34.6  acc_task4=50.6  acc_task5=20.4  acc_task6=36.8  acc_task7=30.0  acc_task8=24.8
[02:20:27] 
============================================================
 Task 10/20  | Classes (45, 50)
============================================================
[02:20:27] Task 9 baseline (before training): 0.00%
[02:20:30] task=9  epoch=0  train_loss=1.2428
[02:20:47] task=9  epoch=END  time_sec=3.2  acc_task0=39.8  acc_task1=31.0  acc_task2=35.2  acc_task3=39.8  acc_task4=56.8  acc_task5=22.0  acc_task6=40.8  acc_task7=27.2  acc_task8=32.8  acc_task9=35.2
[02:20:47] 
============================================================
 Task 11/20  | Classes (50, 55)
============================================================
[02:20:47] Task 10 baseline (before training): 0.00%
[02:20:51] task=10  epoch=0  train_loss=1.1752
[02:21:10] task=10  epoch=END  time_sec=3.2  acc_task0=43.0  acc_task1=43.8  acc_task2=26.2  acc_task3=43.0  acc_task4=62.4  acc_task5=27.4  acc_task6=31.6  acc_task7=41.4  acc_task8=30.6  acc_task9=49.6  acc_task10=44.6
[02:21:10] 
============================================================
 Task 12/20  | Classes (55, 60)
============================================================
[02:21:10] Task 11 baseline (before training): 0.00%
[02:21:13] task=11  epoch=0  train_loss=1.2264
[02:21:33] task=11  epoch=END  time_sec=3.2  acc_task0=43.8  acc_task1=44.0  acc_task2=27.0  acc_task3=43.0  acc_task4=61.0  acc_task5=38.6  acc_task6=45.0  acc_task7=33.6  acc_task8=48.4  acc_task9=43.4  acc_task10=36.8  acc_task11=35.6
[02:21:33] 
============================================================
 Task 13/20  | Classes (60, 65)
============================================================
[02:21:34] Task 12 baseline (before training): 0.00%
[02:21:37] task=12  epoch=0  train_loss=1.0732
[02:21:59] task=12  epoch=END  time_sec=3.2  acc_task0=47.6  acc_task1=50.2  acc_task2=38.4  acc_task3=46.2  acc_task4=60.8  acc_task5=43.2  acc_task6=53.2  acc_task7=40.6  acc_task8=42.0  acc_task9=45.8  acc_task10=54.8  acc_task11=51.2  acc_task12=44.4
[02:21:59] 
============================================================
 Task 14/20  | Classes (65, 70)
============================================================
[02:21:59] Task 13 baseline (before training): 0.00%
[02:22:02] task=13  epoch=0  train_loss=1.2773
[02:22:26] task=13  epoch=END  time_sec=3.2  acc_task0=49.8  acc_task1=51.2  acc_task2=29.4  acc_task3=54.0  acc_task4=64.0  acc_task5=39.8  acc_task6=41.4  acc_task7=47.6  acc_task8=49.2  acc_task9=50.0  acc_task10=51.8  acc_task11=50.8  acc_task12=51.8  acc_task13=39.2
[02:22:26] 
============================================================
 Task 15/20  | Classes (70, 75)
============================================================
[02:22:26] Task 14 baseline (before training): 0.00%
[02:22:29] task=14  epoch=0  train_loss=1.3245
[02:22:54] task=14  epoch=END  time_sec=3.1  acc_task0=48.2  acc_task1=60.8  acc_task2=43.6  acc_task3=49.4  acc_task4=63.6  acc_task5=44.2  acc_task6=46.6  acc_task7=46.6  acc_task8=50.0  acc_task9=51.6  acc_task10=54.6  acc_task11=54.2  acc_task12=51.6  acc_task13=48.8  acc_task14=32.2
[02:22:54] 
============================================================
 Task 16/20  | Classes (75, 80)
============================================================
[02:22:55] Task 15 baseline (before training): 0.00%
[02:22:58] task=15  epoch=0  train_loss=1.3244
[02:23:25] task=15  epoch=END  time_sec=3.2  acc_task0=39.8  acc_task1=62.2  acc_task2=37.2  acc_task3=49.8  acc_task4=61.2  acc_task5=49.8  acc_task6=45.4  acc_task7=49.6  acc_task8=47.6  acc_task9=43.2  acc_task10=63.6  acc_task11=49.0  acc_task12=51.8  acc_task13=51.6  acc_task14=37.2  acc_task15=46.6
[02:23:25] 
============================================================
 Task 17/20  | Classes (80, 85)
============================================================
[02:23:25] Task 16 baseline (before training): 0.00%
[02:23:28] task=16  epoch=0  train_loss=1.3774
[02:23:57] task=16  epoch=END  time_sec=3.2  acc_task0=43.0  acc_task1=63.4  acc_task2=44.2  acc_task3=59.6  acc_task4=65.4  acc_task5=37.2  acc_task6=52.6  acc_task7=48.2  acc_task8=51.0  acc_task9=52.6  acc_task10=47.6  acc_task11=52.4  acc_task12=48.2  acc_task13=48.2  acc_task14=39.8  acc_task15=45.6  acc_task16=39.8
[02:23:57] 
============================================================
 Task 18/20  | Classes (85, 90)
============================================================
[02:23:57] Task 17 baseline (before training): 0.00%
[02:24:00] task=17  epoch=0  train_loss=1.3177
[02:24:31] task=17  epoch=END  time_sec=3.2  acc_task0=40.8  acc_task1=58.6  acc_task2=42.8  acc_task3=58.4  acc_task4=58.0  acc_task5=42.4  acc_task6=50.0  acc_task7=48.8  acc_task8=50.2  acc_task9=46.4  acc_task10=48.4  acc_task11=57.4  acc_task12=52.2  acc_task13=56.2  acc_task14=33.8  acc_task15=55.8  acc_task16=37.2  acc_task17=50.6
[02:24:31] 
============================================================
 Task 19/20  | Classes (90, 95)
============================================================
[02:24:31] Task 18 baseline (before training): 0.00%
[02:24:34] task=18  epoch=0  train_loss=1.401
[02:25:06] task=18  epoch=END  time_sec=3.3  acc_task0=50.0  acc_task1=55.4  acc_task2=35.0  acc_task3=48.8  acc_task4=63.6  acc_task5=48.4  acc_task6=45.0  acc_task7=52.4  acc_task8=49.0  acc_task9=50.6  acc_task10=62.0  acc_task11=52.2  acc_task12=51.2  acc_task13=50.2  acc_task14=40.6  acc_task15=47.8  acc_task16=40.4  acc_task17=48.8  acc_task18=33.4
[02:25:06] 
============================================================
 Task 20/20  | Classes (95, 100)
============================================================
[02:25:06] Task 19 baseline (before training): 0.00%
[02:25:09] task=19  epoch=0  train_loss=1.2521
[02:25:43] task=19  epoch=END  time_sec=3.2  acc_task0=39.0  acc_task1=57.8  acc_task2=45.2  acc_task3=58.0  acc_task4=68.0  acc_task5=39.2  acc_task6=44.2  acc_task7=42.4  acc_task8=50.2  acc_task9=54.2  acc_task10=44.0  acc_task11=54.2  acc_task12=45.8  acc_task13=54.4  acc_task14=39.6  acc_task15=53.8  acc_task16=42.2  acc_task17=53.4  acc_task18=48.2  acc_task19=36.8
[02:25:43] 
Final Metrics:
  avg_accuracy         +48.5300
  forgetting           +4.5895
  backward_transfer    +14.7158
  forward_transfer     +0.0000
[02:25:43] 
Done - run: split_cifar100_joint_training_seed1024
[02:25:43] Metrics: {'avg_accuracy': 48.53, 'forgetting': 4.5895, 'backward_transfer': 14.7158, 'forward_transfer': 0.0}
