[01:46:04] Starting: split_cifar100_joint_training_seed42
[01:46:04] Config: {'dataset': 'split_cifar100', 'data_root': 'Project/data_local', 'model': 'slim_resnet18', 'pretrained': False, 'method': 'joint_training', 'n_epochs': 1, 'batch_size': 32, 'num_workers': 0, 'lr': 0.03, 'momentum': 0.9, 'weight_decay': 0.0001, 'fp16': True, 'buffer_size': 200, 'ewc_lambda': 100.0, 'fisher_samples': 200, 'si_lambda': 1.0, 'si_xi': 0.1, 'der_alpha': 0.5, 'xder_beta': 0.5, 'lwf_lambda': 1.0, 'lwf_temp': 2.0, 'icarl_distill_w': 1.0, 'icarl_temp': 2.0, 'use_nmc': True, 'agem_mem_batch': 64, 'distill_lambda': 1.0, 'distill_temp': 2.0, 'pc_distill_w': 1.0, 'pc_ewc_lambda': 100.0, 'pc_compress_epochs': 3, 'er_replay_ratio': 0.5, 'joint_replay_epochs': 1, 'disable_tqdm': True, 'disable_checkpoints': True, 'disable_plots': True, 'seeds': [42, 123, 456, 789, 1024], 'checkpoint_dir': 'results/checkpoints', 'figure_dir': 'results/figures', 'log_dir': 'results/raw', 'run_name': 'split_cifar100_joint_training_seed42', 'seed': 42}
[01:46:04] Device: cuda
[01:46:06] Dataset: SplitCIFAR100(tasks=20, classes_per_task=5, scenario=class-il)
[01:46:06] 
============================================================
 Task 1/20  | Classes (0, 5)
============================================================
[01:46:06] Task 0 baseline (before training): 0.00%
[01:46:09] task=0  epoch=0  train_loss=1.6126
[01:46:12] task=0  epoch=END  time_sec=3.1  acc_task0=54.2
[01:46:12] 
============================================================
 Task 2/20  | Classes (5, 10)
============================================================
[01:46:12] Task 1 baseline (before training): 0.00%
[01:46:15] task=1  epoch=0  train_loss=1.5741
[01:46:20] task=1  epoch=END  time_sec=3.0  acc_task0=41.4  acc_task1=26.0
[01:46:20] 
============================================================
 Task 3/20  | Classes (10, 15)
============================================================
[01:46:20] Task 2 baseline (before training): 0.00%
[01:46:23] task=2  epoch=0  train_loss=1.478
[01:46:29] task=2  epoch=END  time_sec=3.2  acc_task0=26.2  acc_task1=20.0  acc_task2=24.2
[01:46:29] 
============================================================
 Task 4/20  | Classes (15, 20)
============================================================
[01:46:29] Task 3 baseline (before training): 0.00%
[01:46:33] task=3  epoch=0  train_loss=1.6077
[01:46:41] task=3  epoch=END  time_sec=3.2  acc_task0=40.0  acc_task1=13.4  acc_task2=13.8  acc_task3=23.6
[01:46:41] 
============================================================
 Task 5/20  | Classes (20, 25)
============================================================
[01:46:41] Task 4 baseline (before training): 0.00%
[01:46:44] task=4  epoch=0  train_loss=1.5204
[01:46:53] task=4  epoch=END  time_sec=3.2  acc_task0=25.4  acc_task1=13.0  acc_task2=14.0  acc_task3=27.0  acc_task4=47.8
[01:46:53] 
============================================================
 Task 6/20  | Classes (25, 30)
============================================================
[01:46:54] Task 5 baseline (before training): 0.00%
[01:46:57] task=5  epoch=0  train_loss=1.7829
[01:47:08] task=5  epoch=END  time_sec=3.2  acc_task0=29.2  acc_task1=21.0  acc_task2=20.2  acc_task3=34.6  acc_task4=37.2  acc_task5=10.6
[01:47:08] 
============================================================
 Task 7/20  | Classes (30, 35)
============================================================
[01:47:08] Task 6 baseline (before training): 0.00%
[01:47:11] task=6  epoch=0  train_loss=1.4925
[01:47:24] task=6  epoch=END  time_sec=3.2  acc_task0=32.6  acc_task1=14.8  acc_task2=16.6  acc_task3=29.4  acc_task4=42.4  acc_task5=9.8  acc_task6=26.6
[01:47:24] 
============================================================
 Task 8/20  | Classes (35, 40)
============================================================
[01:47:24] Task 7 baseline (before training): 0.00%
[01:47:27] task=7  epoch=0  train_loss=1.4889
[01:47:41] task=7  epoch=END  time_sec=3.2  acc_task0=32.4  acc_task1=25.8  acc_task2=25.0  acc_task3=24.2  acc_task4=55.2  acc_task5=8.4  acc_task6=22.4  acc_task7=18.2
[01:47:41] 
============================================================
 Task 9/20  | Classes (40, 45)
============================================================
[01:47:41] Task 8 baseline (before training): 0.00%
[01:47:45] task=8  epoch=0  train_loss=1.6382
[01:48:01] task=8  epoch=END  time_sec=3.2  acc_task0=35.2  acc_task1=25.6  acc_task2=22.2  acc_task3=29.6  acc_task4=38.6  acc_task5=17.8  acc_task6=28.2  acc_task7=22.0  acc_task8=26.4
[01:48:01] 
============================================================
 Task 10/20  | Classes (45, 50)
============================================================
[01:48:01] Task 9 baseline (before training): 0.00%
[01:48:04] task=9  epoch=0  train_loss=1.2844
[01:48:21] task=9  epoch=END  time_sec=3.2  acc_task0=32.2  acc_task1=35.4  acc_task2=26.4  acc_task3=26.0  acc_task4=54.2  acc_task5=15.2  acc_task6=33.2  acc_task7=31.8  acc_task8=25.6  acc_task9=44.4
[01:48:22] 
============================================================
 Task 11/20  | Classes (50, 55)
============================================================
[01:48:22] Task 10 baseline (before training): 0.00%
[01:48:25] task=10  epoch=0  train_loss=1.1982
[01:48:44] task=10  epoch=END  time_sec=3.2  acc_task0=26.8  acc_task1=33.8  acc_task2=21.6  acc_task3=38.0  acc_task4=57.8  acc_task5=25.4  acc_task6=41.0  acc_task7=31.6  acc_task8=35.8  acc_task9=38.6  acc_task10=43.2
[01:48:44] 
============================================================
 Task 12/20  | Classes (55, 60)
============================================================
[01:48:44] Task 11 baseline (before training): 0.00%
[01:48:47] task=11  epoch=0  train_loss=1.3348
[01:49:08] task=11  epoch=END  time_sec=3.2  acc_task0=42.2  acc_task1=47.4  acc_task2=38.0  acc_task3=32.4  acc_task4=54.8  acc_task5=27.4  acc_task6=41.6  acc_task7=34.2  acc_task8=33.8  acc_task9=36.0  acc_task10=46.8  acc_task11=30.0
[01:49:08] 
============================================================
 Task 13/20  | Classes (60, 65)
============================================================
[01:49:08] Task 12 baseline (before training): 0.00%
[01:49:11] task=12  epoch=0  train_loss=1.2547
[01:49:34] task=12  epoch=END  time_sec=3.2  acc_task0=32.8  acc_task1=46.6  acc_task2=34.6  acc_task3=44.8  acc_task4=55.8  acc_task5=43.8  acc_task6=53.4  acc_task7=46.4  acc_task8=38.0  acc_task9=44.4  acc_task10=44.2  acc_task11=46.4  acc_task12=44.4
[01:49:34] 
============================================================
 Task 14/20  | Classes (65, 70)
============================================================
[01:49:34] Task 13 baseline (before training): 0.00%
[01:49:37] task=13  epoch=0  train_loss=1.2641
[01:50:01] task=13  epoch=END  time_sec=3.2  acc_task0=35.6  acc_task1=49.2  acc_task2=42.4  acc_task3=45.8  acc_task4=72.0  acc_task5=33.0  acc_task6=38.6  acc_task7=39.8  acc_task8=46.8  acc_task9=47.4  acc_task10=52.0  acc_task11=52.2  acc_task12=35.2  acc_task13=39.8
[01:50:01] 
============================================================
 Task 15/20  | Classes (70, 75)
============================================================
[01:50:01] Task 14 baseline (before training): 0.00%
[01:50:04] task=14  epoch=0  train_loss=1.3203
[01:50:30] task=14  epoch=END  time_sec=3.2  acc_task0=46.2  acc_task1=53.8  acc_task2=39.2  acc_task3=49.2  acc_task4=64.2  acc_task5=39.2  acc_task6=38.4  acc_task7=46.2  acc_task8=42.4  acc_task9=56.0  acc_task10=54.2  acc_task11=53.8  acc_task12=41.8  acc_task13=40.0  acc_task14=29.8
[01:50:30] 
============================================================
 Task 16/20  | Classes (75, 80)
============================================================
[01:50:30] Task 15 baseline (before training): 0.00%
[01:50:33] task=15  epoch=0  train_loss=1.3454
[01:51:00] task=15  epoch=END  time_sec=3.2  acc_task0=45.8  acc_task1=52.8  acc_task2=45.4  acc_task3=51.0  acc_task4=65.6  acc_task5=38.4  acc_task6=48.6  acc_task7=50.0  acc_task8=47.8  acc_task9=47.0  acc_task10=59.6  acc_task11=45.4  acc_task12=49.2  acc_task13=47.6  acc_task14=29.6  acc_task15=41.4
[01:51:00] 
============================================================
 Task 17/20  | Classes (80, 85)
============================================================
[01:51:00] Task 16 baseline (before training): 0.00%
[01:51:03] task=16  epoch=0  train_loss=1.347
[01:51:32] task=16  epoch=END  time_sec=3.2  acc_task0=45.4  acc_task1=58.6  acc_task2=35.8  acc_task3=53.0  acc_task4=64.2  acc_task5=39.6  acc_task6=43.4  acc_task7=49.8  acc_task8=52.6  acc_task9=54.4  acc_task10=55.2  acc_task11=52.0  acc_task12=40.6  acc_task13=52.4  acc_task14=37.8  acc_task15=41.8  acc_task16=37.0
[01:51:32] 
============================================================
 Task 18/20  | Classes (85, 90)
============================================================
[01:51:32] Task 17 baseline (before training): 0.00%
[01:51:35] task=17  epoch=0  train_loss=1.3173
[01:52:06] task=17  epoch=END  time_sec=3.2  acc_task0=50.4  acc_task1=56.4  acc_task2=35.8  acc_task3=40.4  acc_task4=62.2  acc_task5=41.4  acc_task6=44.4  acc_task7=49.6  acc_task8=56.0  acc_task9=55.6  acc_task10=60.6  acc_task11=48.0  acc_task12=56.2  acc_task13=48.4  acc_task14=41.8  acc_task15=42.0  acc_task16=45.4  acc_task17=51.0
[01:52:06] 
============================================================
 Task 19/20  | Classes (90, 95)
============================================================
[01:52:06] Task 18 baseline (before training): 0.00%
[01:52:09] task=18  epoch=0  train_loss=1.2216
[01:52:41] task=18  epoch=END  time_sec=3.2  acc_task0=40.0  acc_task1=54.2  acc_task2=30.2  acc_task3=51.6  acc_task4=71.0  acc_task5=42.2  acc_task6=39.8  acc_task7=49.6  acc_task8=43.2  acc_task9=50.2  acc_task10=46.8  acc_task11=56.6  acc_task12=56.4  acc_task13=51.0  acc_task14=34.0  acc_task15=45.0  acc_task16=36.6  acc_task17=50.2  acc_task18=43.2
[01:52:41] 
============================================================
 Task 20/20  | Classes (95, 100)
============================================================
[01:52:41] Task 19 baseline (before training): 0.00%
[01:52:44] task=19  epoch=0  train_loss=1.2371
[01:53:18] task=19  epoch=END  time_sec=3.2  acc_task0=48.6  acc_task1=51.4  acc_task2=31.6  acc_task3=48.2  acc_task4=66.8  acc_task5=46.0  acc_task6=49.8  acc_task7=46.4  acc_task8=44.8  acc_task9=53.8  acc_task10=55.0  acc_task11=51.4  acc_task12=50.6  acc_task13=55.4  acc_task14=37.8  acc_task15=51.2  acc_task16=46.4  acc_task17=48.2  acc_task18=41.2  acc_task19=36.2
[01:53:18] 
Final Metrics:
  avg_accuracy         +48.0400
  forgetting           +4.3474
  backward_transfer    +13.8316
  forward_transfer     +0.0000
[01:53:18] 
Done - run: split_cifar100_joint_training_seed42
[01:53:18] Metrics: {'avg_accuracy': 48.04, 'forgetting': 4.3474, 'backward_transfer': 13.8316, 'forward_transfer': 0.0}
