[02:04:05] Starting: split_cifar100_joint_training_seed456
[02:04:05] Config: {'dataset': 'split_cifar100', 'data_root': 'Project/data_local', 'model': 'slim_resnet18', 'pretrained': False, 'method': 'joint_training', 'n_epochs': 1, 'batch_size': 32, 'num_workers': 0, 'lr': 0.03, 'momentum': 0.9, 'weight_decay': 0.0001, 'fp16': True, 'buffer_size': 200, 'ewc_lambda': 100.0, 'fisher_samples': 200, 'si_lambda': 1.0, 'si_xi': 0.1, 'der_alpha': 0.5, 'xder_beta': 0.5, 'lwf_lambda': 1.0, 'lwf_temp': 2.0, 'icarl_distill_w': 1.0, 'icarl_temp': 2.0, 'use_nmc': True, 'agem_mem_batch': 64, 'distill_lambda': 1.0, 'distill_temp': 2.0, 'pc_distill_w': 1.0, 'pc_ewc_lambda': 100.0, 'pc_compress_epochs': 3, 'er_replay_ratio': 0.5, 'joint_replay_epochs': 1, 'disable_tqdm': True, 'disable_checkpoints': True, 'disable_plots': True, 'seeds': [42, 123, 456, 789, 1024], 'results_root': 'results', 'checkpoint_dir': 'results/checkpoints', 'figure_dir': 'results/figures', 'log_dir': 'results/raw', 'run_name': 'split_cifar100_joint_training_seed456', 'seed': 456}
[02:04:05] Device: cuda
[02:04:07] Dataset: SplitCIFAR100(tasks=20, classes_per_task=5, scenario=class-il)
[02:04:07] 
============================================================
 Task 1/20  | Classes (0, 5)
============================================================
[02:04:07] Task 0 baseline (before training): 0.00%
[02:04:10] task=0  epoch=0  train_loss=1.2978
[02:04:13] task=0  epoch=END  time_sec=3.3  acc_task0=57.8
[02:04:13] 
============================================================
 Task 2/20  | Classes (5, 10)
============================================================
[02:04:13] Task 1 baseline (before training): 0.00%
[02:04:16] task=1  epoch=0  train_loss=1.655
[02:04:21] task=1  epoch=END  time_sec=3.1  acc_task0=41.2  acc_task1=44.6
[02:04:21] 
============================================================
 Task 3/20  | Classes (10, 15)
============================================================
[02:04:21] Task 2 baseline (before training): 0.00%
[02:04:24] task=2  epoch=0  train_loss=1.428
[02:04:31] task=2  epoch=END  time_sec=3.1  acc_task0=41.2  acc_task1=27.8  acc_task2=22.2
[02:04:31] 
============================================================
 Task 4/20  | Classes (15, 20)
============================================================
[02:04:31] Task 3 baseline (before training): 0.00%
[02:04:34] task=3  epoch=0  train_loss=1.5004
[02:04:42] task=3  epoch=END  time_sec=3.1  acc_task0=35.8  acc_task1=31.2  acc_task2=22.8  acc_task3=28.8
[02:04:42] 
============================================================
 Task 5/20  | Classes (20, 25)
============================================================
[02:04:42] Task 4 baseline (before training): 0.00%
[02:04:45] task=4  epoch=0  train_loss=1.3054
[02:04:55] task=4  epoch=END  time_sec=3.1  acc_task0=37.4  acc_task1=30.0  acc_task2=19.4  acc_task3=31.2  acc_task4=52.2
[02:04:55] 
============================================================
 Task 6/20  | Classes (25, 30)
============================================================
[02:04:55] Task 5 baseline (before training): 0.00%
[02:04:58] task=5  epoch=0  train_loss=1.6541
[02:05:09] task=5  epoch=END  time_sec=3.1  acc_task0=42.4  acc_task1=33.4  acc_task2=19.8  acc_task3=31.2  acc_task4=46.8  acc_task5=15.4
[02:05:09] 
============================================================
 Task 7/20  | Classes (30, 35)
============================================================
[02:05:09] Task 6 baseline (before training): 0.00%
[02:05:12] task=6  epoch=0  train_loss=1.4527
[02:05:25] task=6  epoch=END  time_sec=3.1  acc_task0=37.0  acc_task1=35.0  acc_task2=30.6  acc_task3=15.0  acc_task4=52.8  acc_task5=11.4  acc_task6=38.4
[02:05:25] 
============================================================
 Task 8/20  | Classes (35, 40)
============================================================
[02:05:25] Task 7 baseline (before training): 0.00%
[02:05:28] task=7  epoch=0  train_loss=1.4694
[02:05:42] task=7  epoch=END  time_sec=3.2  acc_task0=29.2  acc_task1=36.4  acc_task2=22.4  acc_task3=36.2  acc_task4=41.0  acc_task5=19.6  acc_task6=41.4  acc_task7=22.6
[02:05:42] 
============================================================
 Task 9/20  | Classes (40, 45)
============================================================
[02:05:42] Task 8 baseline (before training): 0.00%
[02:05:46] task=8  epoch=0  train_loss=1.531
[02:06:01] task=8  epoch=END  time_sec=3.1  acc_task0=39.6  acc_task1=44.4  acc_task2=33.6  acc_task3=22.2  acc_task4=56.2  acc_task5=26.0  acc_task6=37.6  acc_task7=17.8  acc_task8=20.6
[02:06:01] 
============================================================
 Task 10/20  | Classes (45, 50)
============================================================
[02:06:02] Task 9 baseline (before training): 0.00%
[02:06:05] task=9  epoch=0  train_loss=1.1655
[02:06:22] task=9  epoch=END  time_sec=3.1  acc_task0=37.8  acc_task1=44.6  acc_task2=29.6  acc_task3=34.0  acc_task4=55.2  acc_task5=33.2  acc_task6=47.0  acc_task7=27.4  acc_task8=29.6  acc_task9=47.8
[02:06:22] 
============================================================
 Task 11/20  | Classes (50, 55)
============================================================
[02:06:22] Task 10 baseline (before training): 0.00%
[02:06:25] task=10  epoch=0  train_loss=1.1709
[02:06:44] task=10  epoch=END  time_sec=3.2  acc_task0=38.6  acc_task1=54.2  acc_task2=40.4  acc_task3=40.8  acc_task4=69.2  acc_task5=29.6  acc_task6=39.4  acc_task7=43.0  acc_task8=38.8  acc_task9=43.0  acc_task10=40.2
[02:06:44] 
============================================================
 Task 12/20  | Classes (55, 60)
============================================================
[02:06:44] Task 11 baseline (before training): 0.00%
[02:06:48] task=11  epoch=0  train_loss=1.1838
[02:07:08] task=11  epoch=END  time_sec=3.1  acc_task0=41.6  acc_task1=53.8  acc_task2=34.0  acc_task3=47.0  acc_task4=68.0  acc_task5=34.6  acc_task6=47.0  acc_task7=41.2  acc_task8=41.4  acc_task9=51.6  acc_task10=50.2  acc_task11=48.6
[02:07:08] 
============================================================
 Task 13/20  | Classes (60, 65)
============================================================
[02:07:08] Task 12 baseline (before training): 0.00%
[02:07:11] task=12  epoch=0  train_loss=1.2248
[02:07:34] task=12  epoch=END  time_sec=3.1  acc_task0=48.6  acc_task1=52.0  acc_task2=33.4  acc_task3=49.8  acc_task4=69.8  acc_task5=44.6  acc_task6=48.0  acc_task7=45.6  acc_task8=49.0  acc_task9=51.4  acc_task10=51.2  acc_task11=47.8  acc_task12=43.4
[02:07:34] 
============================================================
 Task 14/20  | Classes (65, 70)
============================================================
[02:07:34] Task 13 baseline (before training): 0.00%
[02:07:37] task=13  epoch=0  train_loss=1.3049
[02:08:01] task=13  epoch=END  time_sec=3.1  acc_task0=45.0  acc_task1=55.2  acc_task2=47.0  acc_task3=55.2  acc_task4=71.4  acc_task5=45.2  acc_task6=52.0  acc_task7=43.6  acc_task8=45.4  acc_task9=50.2  acc_task10=61.2  acc_task11=39.2  acc_task12=44.6  acc_task13=50.0
[02:08:01] 
============================================================
 Task 15/20  | Classes (70, 75)
============================================================
[02:08:01] Task 14 baseline (before training): 0.00%
[02:08:04] task=14  epoch=0  train_loss=1.3486
[02:08:30] task=14  epoch=END  time_sec=3.2  acc_task0=44.6  acc_task1=50.4  acc_task2=36.8  acc_task3=53.8  acc_task4=69.8  acc_task5=42.4  acc_task6=41.4  acc_task7=47.6  acc_task8=37.2  acc_task9=55.0  acc_task10=53.4  acc_task11=50.4  acc_task12=50.8  acc_task13=36.8  acc_task14=40.6
[02:08:30] 
============================================================
 Task 16/20  | Classes (75, 80)
============================================================
[02:08:30] Task 15 baseline (before training): 0.00%
[02:08:33] task=15  epoch=0  train_loss=1.3606
[02:09:00] task=15  epoch=END  time_sec=3.1  acc_task0=48.0  acc_task1=58.4  acc_task2=44.6  acc_task3=55.0  acc_task4=61.0  acc_task5=44.0  acc_task6=50.0  acc_task7=52.4  acc_task8=43.4  acc_task9=48.8  acc_task10=64.2  acc_task11=47.4  acc_task12=56.8  acc_task13=52.6  acc_task14=33.0  acc_task15=41.2
[02:09:00] 
============================================================
 Task 17/20  | Classes (80, 85)
============================================================
[02:09:00] Task 16 baseline (before training): 0.00%
[02:09:03] task=16  epoch=0  train_loss=1.3638
[02:09:32] task=16  epoch=END  time_sec=3.2  acc_task0=47.4  acc_task1=60.4  acc_task2=35.4  acc_task3=46.2  acc_task4=62.0  acc_task5=40.2  acc_task6=46.8  acc_task7=43.0  acc_task8=42.8  acc_task9=54.8  acc_task10=56.0  acc_task11=51.0  acc_task12=52.2  acc_task13=52.0  acc_task14=50.8  acc_task15=54.2  acc_task16=35.2
[02:09:32] 
============================================================
 Task 18/20  | Classes (85, 90)
============================================================
[02:09:32] Task 17 baseline (before training): 0.00%
[02:09:35] task=17  epoch=0  train_loss=1.3543
[02:10:05] task=17  epoch=END  time_sec=3.3  acc_task0=39.2  acc_task1=51.8  acc_task2=34.6  acc_task3=53.2  acc_task4=63.4  acc_task5=49.8  acc_task6=49.4  acc_task7=50.2  acc_task8=50.0  acc_task9=51.6  acc_task10=61.6  acc_task11=39.4  acc_task12=56.2  acc_task13=48.4  acc_task14=44.0  acc_task15=48.2  acc_task16=42.6  acc_task17=48.0
[02:10:05] 
============================================================
 Task 19/20  | Classes (90, 95)
============================================================
[02:10:05] Task 18 baseline (before training): 0.00%
[02:10:09] task=18  epoch=0  train_loss=1.3768
[02:10:40] task=18  epoch=END  time_sec=3.2  acc_task0=46.2  acc_task1=49.2  acc_task2=33.4  acc_task3=54.2  acc_task4=67.8  acc_task5=39.6  acc_task6=42.6  acc_task7=50.8  acc_task8=48.2  acc_task9=56.4  acc_task10=48.8  acc_task11=56.8  acc_task12=59.6  acc_task13=53.0  acc_task14=47.6  acc_task15=56.0  acc_task16=38.6  acc_task17=47.2  acc_task18=34.8
[02:10:40] 
============================================================
 Task 20/20  | Classes (95, 100)
============================================================
[02:10:41] Task 19 baseline (before training): 0.00%
[02:10:44] task=19  epoch=0  train_loss=1.3227
[02:11:17] task=19  epoch=END  time_sec=3.2  acc_task0=47.0  acc_task1=53.4  acc_task2=46.6  acc_task3=50.6  acc_task4=67.4  acc_task5=46.8  acc_task6=38.0  acc_task7=45.6  acc_task8=49.6  acc_task9=49.2  acc_task10=53.2  acc_task11=56.4  acc_task12=50.6  acc_task13=52.0  acc_task14=34.0  acc_task15=51.8  acc_task16=43.2  acc_task17=54.6  acc_task18=43.8  acc_task19=23.6
[02:11:17] 
Final Metrics:
  avg_accuracy         +47.8700
  forgetting           +5.2947
  backward_transfer    +10.6000
  forward_transfer     +0.0000
[02:11:17] 
Done - run: split_cifar100_joint_training_seed456
[02:11:17] Metrics: {'avg_accuracy': 47.87, 'forgetting': 5.2947, 'backward_transfer': 10.6, 'forward_transfer': 0.0}
