[01:34:17] Starting: split_cifar10_icarl_seed456
[01:34:17] Config: {'dataset': 'split_cifar10', 'data_root': 'F:\\Temp\\cf\\Catastrophic Forgetting\\research_v2\\Project\\data_local', 'dataset_image_size': None, 'dataset_out_channels': None, 'model': 'slim_resnet18', 'pretrained': False, 'model_image_size': None, 'method': 'icarl', 'n_epochs': 1, 'batch_size': 32, 'num_workers': 0, 'lr': 0.03, 'momentum': 0.9, 'weight_decay': 0.0001, 'fp16': False, 'buffer_size': 500, 'ewc_lambda': 100.0, 'fisher_samples': 200, 'si_lambda': 1.0, 'si_xi': 0.1, 'der_alpha': 0.5, 'xder_beta': 0.5, 'lwf_lambda': 1.0, 'lwf_temp': 2.0, 'icarl_distill_w': 1.0, 'icarl_temp': 2.0, 'use_nmc': True, 'agem_mem_batch': 64, 'distill_lambda': 1.0, 'distill_temp': 2.0, 'pc_distill_w': 1.0, 'pc_ewc_lambda': 100.0, 'pc_compress_epochs': 3, 'er_replay_ratio': 0.5, 'joint_replay_epochs': 1, 'disable_tqdm': True, 'disable_checkpoints': False, 'disable_plots': False, 'resume': True, 'cleanup_checkpoints_on_success': True, 'result_group': 'runs', 'ablation_family': None, 'seeds': [42, 123, 456, 789, 1024], 'results_root': 'F:\\Temp\\cf\\Catastrophic Forgetting\\research_v2\\results', 'seed': 456, 'run_name': 'split_cifar10_icarl_seed456', 'project_root': 'F:\\Temp\\cf\\Catastrophic Forgetting\\research_v2\\Project', 'workspace_root': 'F:\\Temp\\cf\\Catastrophic Forgetting\\research_v2', 'run_root': 'F:\\Temp\\cf\\Catastrophic Forgetting\\research_v2\\results\\runs\\epoch_1\\split_cifar10\\hybrids\\icarl\\seed_456', 'log_dir': 'F:\\Temp\\cf\\Catastrophic Forgetting\\research_v2\\results\\runs\\epoch_1\\split_cifar10\\hybrids\\icarl\\seed_456\\logs', 'metrics_dir': 'F:\\Temp\\cf\\Catastrophic Forgetting\\research_v2\\results\\runs\\epoch_1\\split_cifar10\\hybrids\\icarl\\seed_456\\metrics', 'checkpoint_dir': 'F:\\Temp\\cf\\Catastrophic Forgetting\\research_v2\\results\\runs\\epoch_1\\split_cifar10\\hybrids\\icarl\\seed_456\\checkpoints', 'artifact_dir': 'F:\\Temp\\cf\\Catastrophic Forgetting\\research_v2\\results\\runs\\epoch_1\\split_cifar10\\hybrids\\icarl\\seed_456\\artifacts', 'figure_dir': 'F:\\Temp\\cf\\Catastrophic Forgetting\\research_v2\\results\\figures\\epoch_1\\split_cifar10\\hybrids\\icarl\\seed_456'}
[01:34:17] Device: cuda
[01:34:19] Dataset: SplitCIFAR10(tasks=5, classes_per_task=2, scenario=class-il)
[01:34:19] 
============================================================
 Task 1/5  | Classes (0, 2)
============================================================
[01:34:19] Task 0 baseline (chance): 50.00%
[01:34:31] task=0  epoch=0  train_loss=0.5142
[01:34:40] task=0  epoch=END  time_sec=11.2  acc_task0=82.3
[01:34:40] 
============================================================
 Task 2/5  | Classes (2, 4)
============================================================
[01:34:40] Task 1 baseline (chance): 25.00%
[01:34:41] Task 1 zero-shot (pre-train): 0.00%
[01:34:58] task=1  epoch=0  train_loss=0.6574
[01:35:07] task=1  epoch=END  time_sec=17.0  acc_task0=51.2  acc_task1=58.9
[01:35:07] 
============================================================
 Task 3/5  | Classes (4, 6)
============================================================
[01:35:07] Task 2 baseline (chance): 16.67%
[01:35:08] Task 2 zero-shot (pre-train): 0.00%
[01:35:24] task=2  epoch=0  train_loss=0.6536
[01:35:33] task=2  epoch=END  time_sec=15.9  acc_task0=43.85  acc_task1=15.2  acc_task2=60.75
[01:35:34] 
============================================================
 Task 4/5  | Classes (6, 8)
============================================================
[01:35:34] Task 3 baseline (chance): 12.50%
[01:35:35] Task 3 zero-shot (pre-train): 0.00%
[01:35:51] task=3  epoch=0  train_loss=0.7184
[01:36:01] task=3  epoch=END  time_sec=15.9  acc_task0=26.4  acc_task1=17.85  acc_task2=35.4  acc_task3=55.05
[01:36:02] 
============================================================
 Task 5/5  | Classes (8, 10)
============================================================
[01:36:02] Task 4 baseline (chance): 10.00%
[01:36:03] Task 4 zero-shot (pre-train): 0.00%
[01:36:19] task=4  epoch=0  train_loss=0.8989
[01:36:30] task=4  epoch=END  time_sec=16.0  acc_task0=17.45  acc_task1=8.85  acc_task2=33.65  acc_task3=20.35  acc_task4=52.6
[01:36:31] 
Final Metrics:
  avg_accuracy         +26.5800
  forgetting           +44.1750
  backward_transfer    -44.1750
  forward_transfer     -16.0417
[01:36:32] 
Done - run: split_cifar10_icarl_seed456
[01:36:32] Metrics: {'avg_accuracy': 26.58, 'forgetting': 44.175, 'backward_transfer': -44.175, 'forward_transfer': -16.0417}
[01:36:32] Deleted 5 checkpoint(s) after successful completion.
