[23:06:07] Starting: split_cifar100_agem_distill_seed42
[23:06:07] Config: {'dataset': 'split_cifar100', 'data_root': 'Project/data_local', 'model': 'slim_resnet18', 'pretrained': False, 'method': 'agem_distill', 'n_epochs': 1, 'batch_size': 32, 'num_workers': 0, 'lr': 0.03, 'momentum': 0.9, 'weight_decay': 0.0001, 'fp16': True, 'buffer_size': 200, 'ewc_lambda': 100.0, 'fisher_samples': 200, 'si_lambda': 1.0, 'si_xi': 0.1, 'der_alpha': 0.5, 'xder_beta': 0.5, 'lwf_lambda': 1.0, 'lwf_temp': 2.0, 'icarl_distill_w': 1.0, 'icarl_temp': 2.0, 'use_nmc': True, 'agem_mem_batch': 64, 'distill_lambda': 1.0, 'distill_temp': 2.0, 'pc_distill_w': 1.0, 'pc_ewc_lambda': 100.0, 'pc_compress_epochs': 3, 'er_replay_ratio': 0.5, 'joint_replay_epochs': 1, 'disable_tqdm': True, 'disable_checkpoints': True, 'disable_plots': False, 'seeds': [42, 123, 456, 789, 1024], 'results_root': 'results_phase3_fwt', 'checkpoint_dir': 'results/checkpoints', 'figure_dir': 'results_phase3_fwt/figures', 'log_dir': 'results_phase3_fwt/raw', 'run_name': 'split_cifar100_agem_distill_seed42', 'seed': 42}
[23:06:07] Device: cuda
[23:06:08] Dataset: SplitCIFAR100(tasks=20, classes_per_task=5, scenario=class-il)
[23:06:09] 
============================================================
 Task 1/20  | Classes (0, 5)
============================================================
[23:06:09] Task 0 baseline (chance): 20.00%
[23:06:15] task=0  epoch=0  train_loss=1.6074
[23:06:15] task=0  epoch=END  time_sec=6.4  acc_task0=55.2
[23:06:15] 
============================================================
 Task 2/20  | Classes (5, 10)
============================================================
[23:06:15] Task 1 baseline (chance): 10.00%
[23:06:16] Task 1 zero-shot (pre-train): 0.00%
[23:06:22] task=1  epoch=0  train_loss=8.7753
[23:06:22] task=1  epoch=END  time_sec=6.2  acc_task0=41.4  acc_task1=27.6
[23:06:22] 
============================================================
 Task 3/20  | Classes (10, 15)
============================================================
[23:06:22] Task 2 baseline (chance): 6.67%
[23:06:23] Task 2 zero-shot (pre-train): 0.00%
[23:06:29] task=2  epoch=0  train_loss=8.9722
[23:06:29] task=2  epoch=END  time_sec=6.2  acc_task0=33.4  acc_task1=14.8  acc_task2=25.4
[23:06:29] 
============================================================
 Task 4/20  | Classes (15, 20)
============================================================
[23:06:29] Task 3 baseline (chance): 5.00%
[23:06:30] Task 3 zero-shot (pre-train): 0.00%
[23:06:36] task=3  epoch=0  train_loss=7.4031
[23:06:37] task=3  epoch=END  time_sec=6.3  acc_task0=29.6  acc_task1=7.4  acc_task2=12.6  acc_task3=32.0
[23:06:37] 
============================================================
 Task 5/20  | Classes (20, 25)
============================================================
[23:06:37] Task 4 baseline (chance): 4.00%
[23:06:37] Task 4 zero-shot (pre-train): 0.00%
[23:06:43] task=4  epoch=0  train_loss=7.5803
[23:06:44] task=4  epoch=END  time_sec=6.2  acc_task0=22.6  acc_task1=3.6  acc_task2=7.0  acc_task3=18.8  acc_task4=47.2
[23:06:44] 
============================================================
 Task 6/20  | Classes (25, 30)
============================================================
[23:06:44] Task 5 baseline (chance): 3.33%
[23:06:45] Task 5 zero-shot (pre-train): 0.00%
[23:06:51] task=5  epoch=0  train_loss=6.9985
[23:06:52] task=5  epoch=END  time_sec=6.3  acc_task0=13.8  acc_task1=0.6  acc_task2=2.2  acc_task3=13.8  acc_task4=30.8  acc_task5=20.4
[23:06:52] 
============================================================
 Task 7/20  | Classes (30, 35)
============================================================
[23:06:52] Task 6 baseline (chance): 2.86%
[23:06:52] Task 6 zero-shot (pre-train): 0.00%
[23:06:58] task=6  epoch=0  train_loss=8.2631
[23:07:00] task=6  epoch=END  time_sec=6.1  acc_task0=13.2  acc_task1=1.2  acc_task2=3.8  acc_task3=13.2  acc_task4=31.6  acc_task5=5.0  acc_task6=18.8
[23:07:00] 
============================================================
 Task 8/20  | Classes (35, 40)
============================================================
[23:07:00] Task 7 baseline (chance): 2.50%
[23:07:00] Task 7 zero-shot (pre-train): 0.00%
[23:07:06] task=7  epoch=0  train_loss=6.3214
[23:07:08] task=7  epoch=END  time_sec=6.2  acc_task0=17.0  acc_task1=1.6  acc_task2=1.0  acc_task3=4.0  acc_task4=26.0  acc_task5=3.8  acc_task6=11.2  acc_task7=29.0
[23:07:08] 
============================================================
 Task 9/20  | Classes (40, 45)
============================================================
[23:07:08] Task 8 baseline (chance): 2.22%
[23:07:08] Task 8 zero-shot (pre-train): 0.00%
[23:07:14] task=8  epoch=0  train_loss=6.5222
[23:07:16] task=8  epoch=END  time_sec=6.3  acc_task0=11.6  acc_task1=0.8  acc_task2=1.8  acc_task3=3.8  acc_task4=21.2  acc_task5=2.2  acc_task6=13.0  acc_task7=16.4  acc_task8=12.4
[23:07:16] 
============================================================
 Task 10/20  | Classes (45, 50)
============================================================
[23:07:16] Task 9 baseline (chance): 2.00%
[23:07:17] Task 9 zero-shot (pre-train): 0.00%
[23:07:23] task=9  epoch=0  train_loss=5.4402
[23:07:25] task=9  epoch=END  time_sec=6.3  acc_task0=7.4  acc_task1=2.2  acc_task2=2.2  acc_task3=3.4  acc_task4=13.8  acc_task5=1.2  acc_task6=11.6  acc_task7=6.0  acc_task8=6.0  acc_task9=21.6
[23:07:25] 
============================================================
 Task 11/20  | Classes (50, 55)
============================================================
[23:07:25] Task 10 baseline (chance): 1.82%
[23:07:25] Task 10 zero-shot (pre-train): 0.00%
[23:07:31] task=10  epoch=0  train_loss=6.7562
[23:07:34] task=10  epoch=END  time_sec=6.3  acc_task0=10.2  acc_task1=1.6  acc_task2=1.6  acc_task3=3.6  acc_task4=15.6  acc_task5=2.2  acc_task6=10.4  acc_task7=7.0  acc_task8=3.2  acc_task9=7.4  acc_task10=26.6
[23:07:34] 
============================================================
 Task 12/20  | Classes (55, 60)
============================================================
[23:07:34] Task 11 baseline (chance): 1.67%
[23:07:34] Task 11 zero-shot (pre-train): 0.00%
[23:07:40] task=11  epoch=0  train_loss=6.3299
[23:07:43] task=11  epoch=END  time_sec=6.3  acc_task0=9.0  acc_task1=1.8  acc_task2=1.2  acc_task3=3.2  acc_task4=17.4  acc_task5=1.2  acc_task6=9.6  acc_task7=5.4  acc_task8=3.2  acc_task9=1.8  acc_task10=6.6  acc_task11=14.2
[23:07:43] 
============================================================
 Task 13/20  | Classes (60, 65)
============================================================
[23:07:43] Task 12 baseline (chance): 1.54%
[23:07:43] Task 12 zero-shot (pre-train): 0.00%
[23:07:49] task=12  epoch=0  train_loss=6.1086
[23:07:52] task=12  epoch=END  time_sec=6.2  acc_task0=5.8  acc_task1=3.4  acc_task2=1.2  acc_task3=3.2  acc_task4=9.6  acc_task5=0.6  acc_task6=8.8  acc_task7=2.8  acc_task8=1.8  acc_task9=3.4  acc_task10=9.8  acc_task11=8.6  acc_task12=27.6
[23:07:52] 
============================================================
 Task 14/20  | Classes (65, 70)
============================================================
[23:07:52] Task 13 baseline (chance): 1.43%
[23:07:52] Task 13 zero-shot (pre-train): 0.00%
[23:07:58] task=13  epoch=0  train_loss=7.3418
[23:08:01] task=13  epoch=END  time_sec=6.1  acc_task0=5.8  acc_task1=0.6  acc_task2=0.8  acc_task3=0.8  acc_task4=9.2  acc_task5=0.6  acc_task6=5.8  acc_task7=2.4  acc_task8=1.2  acc_task9=2.6  acc_task10=15.8  acc_task11=3.2  acc_task12=15.2  acc_task13=20.2
[23:08:01] 
============================================================
 Task 15/20  | Classes (70, 75)
============================================================
[23:08:01] Task 14 baseline (chance): 1.33%
[23:08:01] Task 14 zero-shot (pre-train): 0.00%
[23:08:07] task=14  epoch=0  train_loss=7.5678
[23:08:11] task=14  epoch=END  time_sec=6.2  acc_task0=6.0  acc_task1=1.6  acc_task2=0.4  acc_task3=2.2  acc_task4=4.6  acc_task5=0.6  acc_task6=1.4  acc_task7=4.6  acc_task8=1.0  acc_task9=4.2  acc_task10=12.4  acc_task11=3.6  acc_task12=13.6  acc_task13=14.8  acc_task14=6.2
[23:08:11] 
============================================================
 Task 16/20  | Classes (75, 80)
============================================================
[23:08:11] Task 15 baseline (chance): 1.25%
[23:08:11] Task 15 zero-shot (pre-train): 0.00%
[23:08:17] task=15  epoch=0  train_loss=6.1773
[23:08:20] task=15  epoch=END  time_sec=6.2  acc_task0=5.0  acc_task1=0.2  acc_task2=0.2  acc_task3=1.0  acc_task4=5.8  acc_task5=0.4  acc_task6=0.8  acc_task7=2.4  acc_task8=1.0  acc_task9=1.4  acc_task10=12.6  acc_task11=1.2  acc_task12=10.8  acc_task13=7.8  acc_task14=1.8  acc_task15=18.0
[23:08:20] 
============================================================
 Task 17/20  | Classes (80, 85)
============================================================
[23:08:20] Task 16 baseline (chance): 1.18%
[23:08:21] Task 16 zero-shot (pre-train): 0.00%
[23:08:27] task=16  epoch=0  train_loss=6.5925
[23:08:31] task=16  epoch=END  time_sec=6.3  acc_task0=3.6  acc_task1=0.0  acc_task2=1.0  acc_task3=1.2  acc_task4=4.8  acc_task5=0.8  acc_task6=1.2  acc_task7=1.2  acc_task8=0.4  acc_task9=0.6  acc_task10=5.0  acc_task11=1.2  acc_task12=5.4  acc_task13=7.6  acc_task14=1.0  acc_task15=3.6  acc_task16=14.4
[23:08:31] 
============================================================
 Task 18/20  | Classes (85, 90)
============================================================
[23:08:31] Task 17 baseline (chance): 1.11%
[23:08:31] Task 17 zero-shot (pre-train): 0.00%
[23:08:37] task=17  epoch=0  train_loss=7.029
[23:08:41] task=17  epoch=END  time_sec=6.2  acc_task0=5.0  acc_task1=0.0  acc_task2=0.8  acc_task3=0.6  acc_task4=3.4  acc_task5=0.6  acc_task6=0.8  acc_task7=2.2  acc_task8=1.0  acc_task9=0.6  acc_task10=8.8  acc_task11=2.2  acc_task12=5.6  acc_task13=5.0  acc_task14=1.6  acc_task15=4.0  acc_task16=1.4  acc_task17=20.2
[23:08:41] 
============================================================
 Task 19/20  | Classes (90, 95)
============================================================
[23:08:41] Task 18 baseline (chance): 1.05%
[23:08:41] Task 18 zero-shot (pre-train): 0.00%
[23:08:47] task=18  epoch=0  train_loss=6.1737
[23:08:51] task=18  epoch=END  time_sec=6.2  acc_task0=2.6  acc_task1=0.0  acc_task2=0.6  acc_task3=0.2  acc_task4=2.0  acc_task5=1.0  acc_task6=1.0  acc_task7=1.4  acc_task8=1.2  acc_task9=1.0  acc_task10=4.8  acc_task11=1.2  acc_task12=4.8  acc_task13=5.2  acc_task14=1.2  acc_task15=2.4  acc_task16=1.8  acc_task17=4.0  acc_task18=19.6
[23:08:51] 
============================================================
 Task 20/20  | Classes (95, 100)
============================================================
[23:08:51] Task 19 baseline (chance): 1.00%
[23:08:51] Task 19 zero-shot (pre-train): 0.00%
[23:08:58] task=19  epoch=0  train_loss=5.6471
[23:09:02] task=19  epoch=END  time_sec=6.2  acc_task0=3.2  acc_task1=0.0  acc_task2=0.8  acc_task3=0.2  acc_task4=4.4  acc_task5=1.2  acc_task6=0.8  acc_task7=1.0  acc_task8=0.8  acc_task9=1.4  acc_task10=6.8  acc_task11=0.4  acc_task12=4.2  acc_task13=3.2  acc_task14=0.2  acc_task15=2.6  acc_task16=1.0  acc_task17=4.0  acc_task18=7.2  acc_task19=33.0
[23:09:02] 
Final Metrics:
  avg_accuracy         +3.8200
  forgetting           +21.7474
  backward_transfer    -21.7474
  forward_transfer     -2.7345
[23:09:03] 
Done - run: split_cifar100_agem_distill_seed42
[23:09:03] Metrics: {'avg_accuracy': 3.82, 'forgetting': 21.7474, 'backward_transfer': -21.7474, 'forward_transfer': -2.7345}
