[04:32:35] Starting: split_cifar10_si_der_buf200_seed42
[04:32:35] Config: {'dataset': 'split_cifar10', 'data_root': 'F:\\Temp\\cf\\Catastrophic Forgetting\\research_v2\\Project\\data_local', 'dataset_image_size': None, 'dataset_out_channels': None, 'model': 'slim_resnet18', 'pretrained': False, 'model_image_size': None, 'method': 'si_der', 'n_epochs': 1, 'batch_size': 32, 'num_workers': 0, 'lr': 0.03, 'momentum': 0.9, 'weight_decay': 0.0001, 'fp16': False, 'buffer_size': 200, 'ewc_lambda': 100.0, 'fisher_samples': 200, 'si_lambda': 1.0, 'si_xi': 0.1, 'der_alpha': 0.5, 'xder_beta': 0.5, 'lwf_lambda': 1.0, 'lwf_temp': 2.0, 'icarl_distill_w': 1.0, 'icarl_temp': 2.0, 'use_nmc': True, 'agem_mem_batch': 64, 'distill_lambda': 1.0, 'distill_temp': 2.0, 'pc_distill_w': 1.0, 'pc_ewc_lambda': 100.0, 'pc_compress_epochs': 3, 'er_replay_ratio': 0.5, 'joint_replay_epochs': 1, 'disable_tqdm': True, 'disable_checkpoints': False, 'disable_plots': True, 'resume': False, 'cleanup_checkpoints_on_success': True, 'result_group': 'ablations', 'ablation_family': 'buffer', 'seeds': [42, 123, 456, 789, 1024], 'results_root': 'F:\\Temp\\cf\\Catastrophic Forgetting\\research_v2\\results', 'run_tag': 'buf200', 'seed': 42, 'run_name': 'split_cifar10_si_der_buf200_seed42', 'project_root': 'F:\\Temp\\cf\\Catastrophic Forgetting\\research_v2\\Project', 'workspace_root': 'F:\\Temp\\cf\\Catastrophic Forgetting\\research_v2', 'run_root': 'F:\\Temp\\cf\\Catastrophic Forgetting\\research_v2\\results\\ablations\\epoch_1\\split_cifar10\\buffer\\si_der__buf200\\seed_42', 'log_dir': 'F:\\Temp\\cf\\Catastrophic Forgetting\\research_v2\\results\\ablations\\epoch_1\\split_cifar10\\buffer\\si_der__buf200\\seed_42\\logs', 'metrics_dir': 'F:\\Temp\\cf\\Catastrophic Forgetting\\research_v2\\results\\ablations\\epoch_1\\split_cifar10\\buffer\\si_der__buf200\\seed_42\\metrics', 'checkpoint_dir': 'F:\\Temp\\cf\\Catastrophic Forgetting\\research_v2\\results\\ablations\\epoch_1\\split_cifar10\\buffer\\si_der__buf200\\seed_42\\checkpoints', 'artifact_dir': 'F:\\Temp\\cf\\Catastrophic Forgetting\\research_v2\\results\\ablations\\epoch_1\\split_cifar10\\buffer\\si_der__buf200\\seed_42\\artifacts', 'figure_dir': 'F:\\Temp\\cf\\Catastrophic Forgetting\\research_v2\\results\\figures\\ablations\\epoch_1\\split_cifar10\\buffer\\si_der__buf200\\seed_42'}
[04:32:35] Device: cuda
[04:32:38] Dataset: SplitCIFAR10(tasks=5, classes_per_task=2, scenario=class-il)
[04:32:38] 
============================================================
 Task 1/5  | Classes (0, 2)
============================================================
[04:32:38] Task 0 baseline (chance): 50.00%
[04:33:10] task=0  epoch=0  train_loss=1.3548
[04:33:11] task=0  epoch=END  time_sec=31.8  acc_task0=80.35
[04:33:11] 
============================================================
 Task 2/5  | Classes (2, 4)
============================================================
[04:33:11] Task 1 baseline (chance): 25.00%
[04:33:12] Task 1 zero-shot (pre-train): 0.00%
[04:33:58] task=1  epoch=0  train_loss=0.957
[04:33:59] task=1  epoch=END  time_sec=46.0  acc_task0=0.1  acc_task1=72.8
[04:33:59] 
============================================================
 Task 3/5  | Classes (4, 6)
============================================================
[04:33:59] Task 2 baseline (chance): 16.67%
[04:34:00] Task 2 zero-shot (pre-train): 0.00%
[04:34:41] task=2  epoch=0  train_loss=0.9709
[04:34:43] task=2  epoch=END  time_sec=40.2  acc_task0=0.0  acc_task1=0.0  acc_task2=77.7
[04:34:44] 
============================================================
 Task 4/5  | Classes (6, 8)
============================================================
[04:34:44] Task 3 baseline (chance): 12.50%
[04:34:44] Task 3 zero-shot (pre-train): 0.00%
[04:35:29] task=3  epoch=0  train_loss=1.4772
[04:35:32] task=3  epoch=END  time_sec=44.6  acc_task0=0.0  acc_task1=0.0  acc_task2=0.0  acc_task3=81.75
[04:35:33] 
============================================================
 Task 5/5  | Classes (8, 10)
============================================================
[04:35:33] Task 4 baseline (chance): 10.00%
[04:35:33] Task 4 zero-shot (pre-train): 0.00%
[04:36:23] task=4  epoch=0  train_loss=1.3565
[04:36:27] task=4  epoch=END  time_sec=50.0  acc_task0=0.0  acc_task1=0.0  acc_task2=0.0  acc_task3=0.05  acc_task4=81.65
[04:36:27] 
Final Metrics:
  avg_accuracy         +16.3400
  forgetting           +78.1375
  backward_transfer    -78.1375
  forward_transfer     -16.0417
[04:36:27] 
Done - run: split_cifar10_si_der_buf200_seed42
[04:36:27] Metrics: {'avg_accuracy': 16.34, 'forgetting': 78.1375, 'backward_transfer': -78.1375, 'forward_transfer': -16.0417}
[04:36:27] Deleted 5 checkpoint(s) after successful completion.
