[04:07:22] Starting: split_cifar10_icarl_buf500_seed789
[04:07:22] Config: {'dataset': 'split_cifar10', 'data_root': 'F:\\Temp\\cf\\Catastrophic Forgetting\\research_v2\\Project\\data_local', 'dataset_image_size': None, 'dataset_out_channels': None, 'model': 'slim_resnet18', 'pretrained': False, 'model_image_size': None, 'method': 'icarl', 'n_epochs': 1, 'batch_size': 32, 'num_workers': 0, 'lr': 0.03, 'momentum': 0.9, 'weight_decay': 0.0001, 'fp16': False, 'buffer_size': 500, 'ewc_lambda': 100.0, 'fisher_samples': 200, 'si_lambda': 1.0, 'si_xi': 0.1, 'der_alpha': 0.5, 'xder_beta': 0.5, 'lwf_lambda': 1.0, 'lwf_temp': 2.0, 'icarl_distill_w': 1.0, 'icarl_temp': 2.0, 'use_nmc': True, 'agem_mem_batch': 64, 'distill_lambda': 1.0, 'distill_temp': 2.0, 'pc_distill_w': 1.0, 'pc_ewc_lambda': 100.0, 'pc_compress_epochs': 3, 'er_replay_ratio': 0.5, 'joint_replay_epochs': 1, 'disable_tqdm': True, 'disable_checkpoints': False, 'disable_plots': True, 'resume': False, 'cleanup_checkpoints_on_success': True, 'result_group': 'ablations', 'ablation_family': 'buffer', 'seeds': [42, 123, 456, 789, 1024], 'results_root': 'F:\\Temp\\cf\\Catastrophic Forgetting\\research_v2\\results', 'run_tag': 'buf500', 'seed': 789, 'run_name': 'split_cifar10_icarl_buf500_seed789', 'project_root': 'F:\\Temp\\cf\\Catastrophic Forgetting\\research_v2\\Project', 'workspace_root': 'F:\\Temp\\cf\\Catastrophic Forgetting\\research_v2', 'run_root': 'F:\\Temp\\cf\\Catastrophic Forgetting\\research_v2\\results\\ablations\\epoch_1\\split_cifar10\\buffer\\icarl__buf500\\seed_789', 'log_dir': 'F:\\Temp\\cf\\Catastrophic Forgetting\\research_v2\\results\\ablations\\epoch_1\\split_cifar10\\buffer\\icarl__buf500\\seed_789\\logs', 'metrics_dir': 'F:\\Temp\\cf\\Catastrophic Forgetting\\research_v2\\results\\ablations\\epoch_1\\split_cifar10\\buffer\\icarl__buf500\\seed_789\\metrics', 'checkpoint_dir': 'F:\\Temp\\cf\\Catastrophic Forgetting\\research_v2\\results\\ablations\\epoch_1\\split_cifar10\\buffer\\icarl__buf500\\seed_789\\checkpoints', 'artifact_dir': 'F:\\Temp\\cf\\Catastrophic Forgetting\\research_v2\\results\\ablations\\epoch_1\\split_cifar10\\buffer\\icarl__buf500\\seed_789\\artifacts', 'figure_dir': 'F:\\Temp\\cf\\Catastrophic Forgetting\\research_v2\\results\\figures\\ablations\\epoch_1\\split_cifar10\\buffer\\icarl__buf500\\seed_789'}
[04:07:22] Device: cuda
[04:07:24] Dataset: SplitCIFAR10(tasks=5, classes_per_task=2, scenario=class-il)
[04:07:25] 
============================================================
 Task 1/5  | Classes (0, 2)
============================================================
[04:07:25] Task 0 baseline (chance): 50.00%
[04:07:40] task=0  epoch=0  train_loss=0.5285
[04:07:48] task=0  epoch=END  time_sec=15.1  acc_task0=81.4
[04:07:49] 
============================================================
 Task 2/5  | Classes (2, 4)
============================================================
[04:07:49] Task 1 baseline (chance): 25.00%
[04:07:49] Task 1 zero-shot (pre-train): 0.00%
[04:08:15] task=1  epoch=0  train_loss=0.6669
[04:08:25] task=1  epoch=END  time_sec=25.4  acc_task0=42.25  acc_task1=60.45
[04:08:25] 
============================================================
 Task 3/5  | Classes (4, 6)
============================================================
[04:08:25] Task 2 baseline (chance): 16.67%
[04:08:26] Task 2 zero-shot (pre-train): 0.00%
[04:08:53] task=2  epoch=0  train_loss=0.6425
[04:09:03] task=2  epoch=END  time_sec=26.3  acc_task0=41.5  acc_task1=27.25  acc_task2=49.6
[04:09:04] 
============================================================
 Task 4/5  | Classes (6, 8)
============================================================
[04:09:04] Task 3 baseline (chance): 12.50%
[04:09:05] Task 3 zero-shot (pre-train): 0.00%
[04:09:25] task=3  epoch=0  train_loss=0.7658
[04:09:34] task=3  epoch=END  time_sec=19.4  acc_task0=41.2  acc_task1=16.95  acc_task2=26.35  acc_task3=60.3
[04:09:36] 
============================================================
 Task 5/5  | Classes (8, 10)
============================================================
[04:09:36] Task 4 baseline (chance): 10.00%
[04:09:37] Task 4 zero-shot (pre-train): 0.00%
[04:09:54] task=4  epoch=0  train_loss=0.9964
[04:10:07] task=4  epoch=END  time_sec=17.5  acc_task0=28.95  acc_task1=4.0  acc_task2=12.05  acc_task3=54.55  acc_task4=47.1
[04:10:08] 
Final Metrics:
  avg_accuracy         +29.3300
  forgetting           +38.0500
  backward_transfer    -38.0500
  forward_transfer     -16.0417
[04:10:08] 
Done - run: split_cifar10_icarl_buf500_seed789
[04:10:08] Metrics: {'avg_accuracy': 29.33, 'forgetting': 38.05, 'backward_transfer': -38.05, 'forward_transfer': -16.0417}
[04:10:08] Deleted 5 checkpoint(s) after successful completion.
