[02:18:06] Starting: split_cifar10_der_buf200_seed789
[02:18:06] Config: {'dataset': 'split_cifar10', 'data_root': 'F:\\Temp\\cf\\Catastrophic Forgetting\\research_v2\\Project\\data_local', 'dataset_image_size': None, 'dataset_out_channels': None, 'model': 'slim_resnet18', 'pretrained': False, 'model_image_size': None, 'method': 'der', 'n_epochs': 1, 'batch_size': 32, 'num_workers': 0, 'lr': 0.03, 'momentum': 0.9, 'weight_decay': 0.0001, 'fp16': False, 'buffer_size': 200, 'ewc_lambda': 100.0, 'fisher_samples': 200, 'si_lambda': 1.0, 'si_xi': 0.1, 'der_alpha': 0.5, 'xder_beta': 0.5, 'lwf_lambda': 1.0, 'lwf_temp': 2.0, 'icarl_distill_w': 1.0, 'icarl_temp': 2.0, 'use_nmc': True, 'agem_mem_batch': 64, 'distill_lambda': 1.0, 'distill_temp': 2.0, 'pc_distill_w': 1.0, 'pc_ewc_lambda': 100.0, 'pc_compress_epochs': 3, 'er_replay_ratio': 0.5, 'joint_replay_epochs': 1, 'disable_tqdm': True, 'disable_checkpoints': False, 'disable_plots': True, 'resume': False, 'cleanup_checkpoints_on_success': True, 'result_group': 'ablations', 'ablation_family': 'buffer', 'seeds': [42, 123, 456, 789, 1024], 'results_root': 'F:\\Temp\\cf\\Catastrophic Forgetting\\research_v2\\results', 'run_tag': 'buf200', 'seed': 789, 'run_name': 'split_cifar10_der_buf200_seed789', 'project_root': 'F:\\Temp\\cf\\Catastrophic Forgetting\\research_v2\\Project', 'workspace_root': 'F:\\Temp\\cf\\Catastrophic Forgetting\\research_v2', 'run_root': 'F:\\Temp\\cf\\Catastrophic Forgetting\\research_v2\\results\\ablations\\epoch_1\\split_cifar10\\buffer\\der__buf200\\seed_789', 'log_dir': 'F:\\Temp\\cf\\Catastrophic Forgetting\\research_v2\\results\\ablations\\epoch_1\\split_cifar10\\buffer\\der__buf200\\seed_789\\logs', 'metrics_dir': 'F:\\Temp\\cf\\Catastrophic Forgetting\\research_v2\\results\\ablations\\epoch_1\\split_cifar10\\buffer\\der__buf200\\seed_789\\metrics', 'checkpoint_dir': 'F:\\Temp\\cf\\Catastrophic Forgetting\\research_v2\\results\\ablations\\epoch_1\\split_cifar10\\buffer\\der__buf200\\seed_789\\checkpoints', 'artifact_dir': 'F:\\Temp\\cf\\Catastrophic Forgetting\\research_v2\\results\\ablations\\epoch_1\\split_cifar10\\buffer\\der__buf200\\seed_789\\artifacts', 'figure_dir': 'F:\\Temp\\cf\\Catastrophic Forgetting\\research_v2\\results\\figures\\ablations\\epoch_1\\split_cifar10\\buffer\\der__buf200\\seed_789'}
[02:18:06] Device: cuda
[02:18:08] Dataset: SplitCIFAR10(tasks=5, classes_per_task=2, scenario=class-il)
[02:18:08] 
============================================================
 Task 1/5  | Classes (0, 2)
============================================================
[02:18:08] Task 0 baseline (chance): 50.00%
[02:18:42] task=0  epoch=0  train_loss=0.8606
[02:18:43] task=0  epoch=END  time_sec=33.6  acc_task0=85.8
[02:18:43] 
============================================================
 Task 2/5  | Classes (2, 4)
============================================================
[02:18:43] Task 1 baseline (chance): 25.00%
[02:18:44] Task 1 zero-shot (pre-train): 17.10%
[02:19:12] task=1  epoch=0  train_loss=0.7753
[02:19:14] task=1  epoch=END  time_sec=28.4  acc_task0=0.0  acc_task1=74.0
[02:19:15] 
============================================================
 Task 3/5  | Classes (4, 6)
============================================================
[02:19:15] Task 2 baseline (chance): 16.67%
[02:19:16] Task 2 zero-shot (pre-train): 0.00%
[02:19:44] task=2  epoch=0  train_loss=0.8262
[02:19:47] task=2  epoch=END  time_sec=28.4  acc_task0=0.0  acc_task1=0.0  acc_task2=78.35
[02:19:47] 
============================================================
 Task 4/5  | Classes (6, 8)
============================================================
[02:19:47] Task 3 baseline (chance): 12.50%
[02:19:48] Task 3 zero-shot (pre-train): 0.00%
[02:20:15] task=3  epoch=0  train_loss=1.0636
[02:20:19] task=3  epoch=END  time_sec=26.8  acc_task0=0.0  acc_task1=0.0  acc_task2=0.05  acc_task3=82.65
[02:20:19] 
============================================================
 Task 5/5  | Classes (8, 10)
============================================================
[02:20:19] Task 4 baseline (chance): 10.00%
[02:20:20] Task 4 zero-shot (pre-train): 0.00%
[02:20:47] task=4  epoch=0  train_loss=1.2426
[02:20:52] task=4  epoch=END  time_sec=26.4  acc_task0=0.0  acc_task1=0.0  acc_task2=0.0  acc_task3=0.0  acc_task4=84.4
[02:20:53] 
Final Metrics:
  avg_accuracy         +16.8800
  forgetting           +80.2000
  backward_transfer    -80.2000
  forward_transfer     -11.7667
[02:20:53] 
Done - run: split_cifar10_der_buf200_seed789
[02:20:53] Metrics: {'avg_accuracy': 16.88, 'forgetting': 80.2, 'backward_transfer': -80.2, 'forward_transfer': -11.7667}
[02:20:53] Deleted 5 checkpoint(s) after successful completion.
