[11:22:23] Starting: permuted_mnist_agem_distill_nodistill_seed456
[11:22:23] Config: {'dataset': 'permuted_mnist', 'data_root': 'Project/data_local', 'model': 'resnet8', 'pretrained': False, 'method': 'agem_distill', 'n_epochs': 1, 'batch_size': 32, 'num_workers': 0, 'lr': 0.03, 'momentum': 0.9, 'weight_decay': 0.0001, 'fp16': False, 'buffer_size': 200, 'ewc_lambda': 100.0, 'fisher_samples': 200, 'si_lambda': 1.0, 'si_xi': 0.1, 'der_alpha': 0.5, 'xder_beta': 0.5, 'lwf_lambda': 1.0, 'lwf_temp': 2.0, 'icarl_distill_w': 1.0, 'icarl_temp': 2.0, 'use_nmc': True, 'agem_mem_batch': 64, 'distill_lambda': 0.0, 'distill_temp': 2.0, 'pc_distill_w': 1.0, 'pc_ewc_lambda': 100.0, 'pc_compress_epochs': 3, 'er_replay_ratio': 0.5, 'joint_replay_epochs': 1, 'disable_tqdm': True, 'disable_checkpoints': True, 'disable_plots': True, 'seeds': [42, 123, 456], 'results_root': 'results_phase3_interactions', 'checkpoint_dir': 'results/checkpoints', 'figure_dir': 'results_phase3_interactions\\figures', 'log_dir': 'results_phase3_interactions\\raw', 'run_tag': 'nodistill', 'run_name': 'permuted_mnist_agem_distill_nodistill_seed456', 'seed': 456}
[11:22:23] Device: cuda
[11:22:23] Dataset: PermutedMNIST(tasks=10, classes_per_task=10, scenario=domain-il)
[11:22:24] 
============================================================
 Task 1/10  | Classes (0, 10)
============================================================
[11:22:24] Task 0 baseline (chance): 10.00%
[11:23:21] task=0  epoch=0  train_loss=0.62
[11:23:26] task=0  epoch=END  time_sec=57.9  acc_task0=86.44
[11:23:26] 
============================================================
 Task 2/10  | Classes (0, 10)
============================================================
[11:23:26] Task 1 baseline (chance): 10.00%
[11:23:30] Task 1 zero-shot (pre-train): 9.65%
[11:24:35] task=1  epoch=0  train_loss=1.4599
[11:24:44] task=1  epoch=END  time_sec=64.7  acc_task0=77.94  acc_task1=70.91
[11:24:44] 
============================================================
 Task 3/10  | Classes (0, 10)
============================================================
[11:24:44] Task 2 baseline (chance): 10.00%
[11:24:49] Task 2 zero-shot (pre-train): 13.98%
[11:25:53] task=2  epoch=0  train_loss=2.0473
[11:26:07] task=2  epoch=END  time_sec=64.2  acc_task0=74.26  acc_task1=66.73  acc_task2=60.45
[11:26:07] 
============================================================
 Task 4/10  | Classes (0, 10)
============================================================
[11:26:07] Task 3 baseline (chance): 10.00%
[11:26:12] Task 3 zero-shot (pre-train): 10.73%
[11:27:12] task=3  epoch=0  train_loss=2.4268
[11:27:26] task=3  epoch=END  time_sec=59.6  acc_task0=69.84  acc_task1=64.2  acc_task2=57.29  acc_task3=51.92
[11:27:26] 
============================================================
 Task 5/10  | Classes (0, 10)
============================================================
[11:27:26] Task 4 baseline (chance): 10.00%
[11:27:29] Task 4 zero-shot (pre-train): 14.48%
[11:28:22] task=4  epoch=0  train_loss=2.4786
[11:28:41] task=4  epoch=END  time_sec=52.4  acc_task0=62.98  acc_task1=60.68  acc_task2=56.21  acc_task3=48.13  acc_task4=50.74
[11:28:41] 
============================================================
 Task 6/10  | Classes (0, 10)
============================================================
[11:28:41] Task 5 baseline (chance): 10.00%
[11:28:45] Task 5 zero-shot (pre-train): 12.07%
[11:29:36] task=5  epoch=0  train_loss=2.6484
[11:29:57] task=5  epoch=END  time_sec=50.9  acc_task0=57.37  acc_task1=54.54  acc_task2=49.9  acc_task3=45.83  acc_task4=46.44  acc_task5=49.26
[11:29:57] 
============================================================
 Task 7/10  | Classes (0, 10)
============================================================
[11:29:57] Task 6 baseline (chance): 10.00%
[11:30:00] Task 6 zero-shot (pre-train): 15.13%
[11:30:51] task=6  epoch=0  train_loss=2.8505
[11:31:15] task=6  epoch=END  time_sec=50.8  acc_task0=54.8  acc_task1=52.15  acc_task2=46.1  acc_task3=42.09  acc_task4=43.74  acc_task5=48.12  acc_task6=42.89
[11:31:15] 
============================================================
 Task 8/10  | Classes (0, 10)
============================================================
[11:31:15] Task 7 baseline (chance): 10.00%
[11:31:19] Task 7 zero-shot (pre-train): 21.54%
[11:32:10] task=7  epoch=0  train_loss=2.5547
[11:32:39] task=7  epoch=END  time_sec=51.6  acc_task0=51.08  acc_task1=49.18  acc_task2=45.14  acc_task3=39.52  acc_task4=41.77  acc_task5=44.33  acc_task6=38.66  acc_task7=46.54
[11:32:39] 
============================================================
 Task 9/10  | Classes (0, 10)
============================================================
[11:32:39] Task 8 baseline (chance): 10.00%
[11:32:43] Task 8 zero-shot (pre-train): 17.83%
[11:33:33] task=8  epoch=0  train_loss=3.0328
[11:34:05] task=8  epoch=END  time_sec=50.3  acc_task0=49.52  acc_task1=43.17  acc_task2=43.21  acc_task3=42.37  acc_task4=38.52  acc_task5=39.93  acc_task6=33.98  acc_task7=41.27  acc_task8=37.34
[11:34:05] 
============================================================
 Task 10/10  | Classes (0, 10)
============================================================
[11:34:05] Task 9 baseline (chance): 10.00%
[11:34:08] Task 9 zero-shot (pre-train): 20.17%
[11:34:59] task=9  epoch=0  train_loss=2.7452
[11:35:34] task=9  epoch=END  time_sec=50.4  acc_task0=51.61  acc_task1=45.8  acc_task2=46.86  acc_task3=42.78  acc_task4=40.21  acc_task5=42.25  acc_task6=40.99  acc_task7=40.07  acc_task8=39.32  acc_task9=33.95
[11:35:34] 
Final Metrics:
  avg_accuracy         +42.3840
  forgetting           +12.0644
  backward_transfer    -11.8444
  forward_transfer     +5.0644
[11:35:34] 
Done - run: permuted_mnist_agem_distill_nodistill_seed456
[11:35:34] Metrics: {'avg_accuracy': 42.384, 'forgetting': 12.0644, 'backward_transfer': -11.8444, 'forward_transfer': 5.0644}
