[01:17:10] Starting: split_cifar10_agem_distill_buf100_seed789
[01:17:10] Config: {'dataset': 'split_cifar10', 'data_root': 'F:\\Temp\\cf\\Catastrophic Forgetting\\research_v2\\Project\\data_local', 'dataset_image_size': None, 'dataset_out_channels': None, 'model': 'slim_resnet18', 'pretrained': False, 'model_image_size': None, 'method': 'agem_distill', 'n_epochs': 1, 'batch_size': 32, 'num_workers': 0, 'lr': 0.03, 'momentum': 0.9, 'weight_decay': 0.0001, 'fp16': False, 'buffer_size': 100, 'ewc_lambda': 100.0, 'fisher_samples': 200, 'si_lambda': 1.0, 'si_xi': 0.1, 'der_alpha': 0.5, 'xder_beta': 0.5, 'lwf_lambda': 1.0, 'lwf_temp': 2.0, 'icarl_distill_w': 1.0, 'icarl_temp': 2.0, 'use_nmc': True, 'agem_mem_batch': 64, 'distill_lambda': 1.0, 'distill_temp': 2.0, 'pc_distill_w': 1.0, 'pc_ewc_lambda': 100.0, 'pc_compress_epochs': 3, 'er_replay_ratio': 0.5, 'joint_replay_epochs': 1, 'disable_tqdm': True, 'disable_checkpoints': False, 'disable_plots': True, 'resume': False, 'cleanup_checkpoints_on_success': True, 'result_group': 'ablations', 'ablation_family': 'buffer', 'seeds': [42, 123, 456, 789, 1024], 'results_root': 'F:\\Temp\\cf\\Catastrophic Forgetting\\research_v2\\results', 'run_tag': 'buf100', 'seed': 789, 'run_name': 'split_cifar10_agem_distill_buf100_seed789', 'project_root': 'F:\\Temp\\cf\\Catastrophic Forgetting\\research_v2\\Project', 'workspace_root': 'F:\\Temp\\cf\\Catastrophic Forgetting\\research_v2', 'run_root': 'F:\\Temp\\cf\\Catastrophic Forgetting\\research_v2\\results\\ablations\\epoch_1\\split_cifar10\\buffer\\agem_distill__buf100\\seed_789', 'log_dir': 'F:\\Temp\\cf\\Catastrophic Forgetting\\research_v2\\results\\ablations\\epoch_1\\split_cifar10\\buffer\\agem_distill__buf100\\seed_789\\logs', 'metrics_dir': 'F:\\Temp\\cf\\Catastrophic Forgetting\\research_v2\\results\\ablations\\epoch_1\\split_cifar10\\buffer\\agem_distill__buf100\\seed_789\\metrics', 'checkpoint_dir': 'F:\\Temp\\cf\\Catastrophic Forgetting\\research_v2\\results\\ablations\\epoch_1\\split_cifar10\\buffer\\agem_distill__buf100\\seed_789\\checkpoints', 'artifact_dir': 'F:\\Temp\\cf\\Catastrophic Forgetting\\research_v2\\results\\ablations\\epoch_1\\split_cifar10\\buffer\\agem_distill__buf100\\seed_789\\artifacts', 'figure_dir': 'F:\\Temp\\cf\\Catastrophic Forgetting\\research_v2\\results\\figures\\ablations\\epoch_1\\split_cifar10\\buffer\\agem_distill__buf100\\seed_789'}
[01:17:10] Device: cuda
[01:17:12] Dataset: SplitCIFAR10(tasks=5, classes_per_task=2, scenario=class-il)
[01:17:12] 
============================================================
 Task 1/5  | Classes (0, 2)
============================================================
[01:17:12] Task 0 baseline (chance): 50.00%
[01:17:27] task=0  epoch=0  train_loss=0.5285
[01:17:29] task=0  epoch=END  time_sec=15.7  acc_task0=80.15
[01:17:29] 
============================================================
 Task 2/5  | Classes (2, 4)
============================================================
[01:17:29] Task 1 baseline (chance): 25.00%
[01:17:30] Task 1 zero-shot (pre-train): 4.90%
[01:18:02] task=1  epoch=0  train_loss=0.7204
[01:18:04] task=1  epoch=END  time_sec=32.2  acc_task0=0.0  acc_task1=72.25
[01:18:04] 
============================================================
 Task 3/5  | Classes (4, 6)
============================================================
[01:18:04] Task 2 baseline (chance): 16.67%
[01:18:06] Task 2 zero-shot (pre-train): 0.00%
[01:18:35] task=2  epoch=0  train_loss=0.674
[01:18:39] task=2  epoch=END  time_sec=29.5  acc_task0=0.0  acc_task1=0.0  acc_task2=77.1
[01:18:39] 
============================================================
 Task 4/5  | Classes (6, 8)
============================================================
[01:18:39] Task 3 baseline (chance): 12.50%
[01:18:40] Task 3 zero-shot (pre-train): 0.00%
[01:19:17] task=3  epoch=0  train_loss=0.7266
[01:19:22] task=3  epoch=END  time_sec=37.3  acc_task0=0.0  acc_task1=0.0  acc_task2=0.0  acc_task3=85.05
[01:19:22] 
============================================================
 Task 5/5  | Classes (8, 10)
============================================================
[01:19:22] Task 4 baseline (chance): 10.00%
[01:19:23] Task 4 zero-shot (pre-train): 0.00%
[01:20:05] task=4  epoch=0  train_loss=0.7991
[01:20:10] task=4  epoch=END  time_sec=42.0  acc_task0=0.0  acc_task1=0.0  acc_task2=0.0  acc_task3=0.0  acc_task4=84.2
[01:20:10] 
Final Metrics:
  avg_accuracy         +16.8400
  forgetting           +78.6375
  backward_transfer    -78.6375
  forward_transfer     -14.8167
[01:20:10] 
Done - run: split_cifar10_agem_distill_buf100_seed789
[01:20:10] Metrics: {'avg_accuracy': 16.84, 'forgetting': 78.6375, 'backward_transfer': -78.6375, 'forward_transfer': -14.8167}
[01:20:10] Deleted 5 checkpoint(s) after successful completion.
