[00:35:51] Starting: split_cifar100_agem_seed456
[00:35:51] Config: {'dataset': 'split_cifar100', 'data_root': 'F:\\Temp\\cf\\Catastrophic Forgetting\\research_v2\\Project\\data_local', 'dataset_image_size': None, 'dataset_out_channels': None, 'model': 'slim_resnet18', 'pretrained': False, 'model_image_size': None, 'method': 'agem', 'n_epochs': 1, 'batch_size': 32, 'num_workers': 0, 'lr': 0.03, 'momentum': 0.9, 'weight_decay': 0.0001, 'fp16': True, 'buffer_size': 200, 'ewc_lambda': 100.0, 'fisher_samples': 200, 'si_lambda': 1.0, 'si_xi': 0.1, 'der_alpha': 0.5, 'xder_beta': 0.5, 'lwf_lambda': 1.0, 'lwf_temp': 2.0, 'icarl_distill_w': 1.0, 'icarl_temp': 2.0, 'use_nmc': True, 'agem_mem_batch': 64, 'distill_lambda': 1.0, 'distill_temp': 2.0, 'pc_distill_w': 1.0, 'pc_ewc_lambda': 100.0, 'pc_compress_epochs': 3, 'er_replay_ratio': 0.5, 'joint_replay_epochs': 1, 'disable_tqdm': True, 'disable_checkpoints': False, 'disable_plots': False, 'resume': True, 'cleanup_checkpoints_on_success': True, 'result_group': 'runs', 'ablation_family': None, 'seeds': [42, 123, 456, 789, 1024], 'results_root': 'F:\\Temp\\cf\\Catastrophic Forgetting\\research_v2\\results', 'seed': 456, 'run_name': 'split_cifar100_agem_seed456', 'project_root': 'F:\\Temp\\cf\\Catastrophic Forgetting\\research_v2\\Project', 'workspace_root': 'F:\\Temp\\cf\\Catastrophic Forgetting\\research_v2', 'run_root': 'F:\\Temp\\cf\\Catastrophic Forgetting\\research_v2\\results\\runs\\epoch_1\\split_cifar100\\baselines\\agem\\seed_456', 'log_dir': 'F:\\Temp\\cf\\Catastrophic Forgetting\\research_v2\\results\\runs\\epoch_1\\split_cifar100\\baselines\\agem\\seed_456\\logs', 'metrics_dir': 'F:\\Temp\\cf\\Catastrophic Forgetting\\research_v2\\results\\runs\\epoch_1\\split_cifar100\\baselines\\agem\\seed_456\\metrics', 'checkpoint_dir': 'F:\\Temp\\cf\\Catastrophic Forgetting\\research_v2\\results\\runs\\epoch_1\\split_cifar100\\baselines\\agem\\seed_456\\checkpoints', 'artifact_dir': 'F:\\Temp\\cf\\Catastrophic Forgetting\\research_v2\\results\\runs\\epoch_1\\split_cifar100\\baselines\\agem\\seed_456\\artifacts', 'figure_dir': 'F:\\Temp\\cf\\Catastrophic Forgetting\\research_v2\\results\\figures\\epoch_1\\split_cifar100\\baselines\\agem\\seed_456'}
[00:35:51] Device: cuda
[00:35:53] Dataset: SplitCIFAR100(tasks=20, classes_per_task=5, scenario=class-il)
[00:35:53] 
============================================================
 Task 1/20  | Classes (0, 5)
============================================================
[00:35:53] Task 0 baseline (chance): 20.00%
[00:35:57] task=0  epoch=0  train_loss=1.5424
[00:35:57] task=0  epoch=END  time_sec=3.5  acc_task0=43.2
[00:35:57] 
============================================================
 Task 2/20  | Classes (5, 10)
============================================================
[00:35:57] Task 1 baseline (chance): 10.00%
[00:35:57] Task 1 zero-shot (pre-train): 0.00%
[00:36:03] task=1  epoch=0  train_loss=1.687
[00:36:04] task=1  epoch=END  time_sec=6.2  acc_task0=0.0  acc_task1=36.2
[00:36:04] 
============================================================
 Task 3/20  | Classes (10, 15)
============================================================
[00:36:04] Task 2 baseline (chance): 6.67%
[00:36:04] Task 2 zero-shot (pre-train): 0.00%
[00:36:11] task=2  epoch=0  train_loss=1.6835
[00:36:11] task=2  epoch=END  time_sec=6.7  acc_task0=0.0  acc_task1=0.0  acc_task2=36.0
[00:36:11] 
============================================================
 Task 4/20  | Classes (15, 20)
============================================================
[00:36:11] Task 3 baseline (chance): 5.00%
[00:36:12] Task 3 zero-shot (pre-train): 0.00%
[00:36:19] task=3  epoch=0  train_loss=1.942
[00:36:20] task=3  epoch=END  time_sec=7.2  acc_task0=0.0  acc_task1=0.0  acc_task2=0.0  acc_task3=31.4
[00:36:20] 
============================================================
 Task 5/20  | Classes (20, 25)
============================================================
[00:36:20] Task 4 baseline (chance): 4.00%
[00:36:20] Task 4 zero-shot (pre-train): 0.00%
[00:36:27] task=4  epoch=0  train_loss=2.032
[00:36:28] task=4  epoch=END  time_sec=7.2  acc_task0=0.0  acc_task1=0.0  acc_task2=0.0  acc_task3=0.0  acc_task4=39.4
[00:36:28] 
============================================================
 Task 6/20  | Classes (25, 30)
============================================================
[00:36:28] Task 5 baseline (chance): 3.33%
[00:36:29] Task 5 zero-shot (pre-train): 0.00%
[00:36:35] task=5  epoch=0  train_loss=2.2399
[00:36:37] task=5  epoch=END  time_sec=6.6  acc_task0=0.0  acc_task1=0.0  acc_task2=0.0  acc_task3=0.0  acc_task4=0.0  acc_task5=26.2
[00:36:37] 
============================================================
 Task 7/20  | Classes (30, 35)
============================================================
[00:36:37] Task 6 baseline (chance): 2.86%
[00:36:37] Task 6 zero-shot (pre-train): 0.00%
[00:36:44] task=6  epoch=0  train_loss=2.2152
[00:36:45] task=6  epoch=END  time_sec=6.7  acc_task0=0.0  acc_task1=0.0  acc_task2=0.0  acc_task3=0.0  acc_task4=0.0  acc_task5=0.0  acc_task6=38.0
[00:36:45] 
============================================================
 Task 8/20  | Classes (35, 40)
============================================================
[00:36:45] Task 7 baseline (chance): 2.50%
[00:36:45] Task 7 zero-shot (pre-train): 0.00%
[00:36:52] task=7  epoch=0  train_loss=2.3109
[00:36:53] task=7  epoch=END  time_sec=6.4  acc_task0=0.0  acc_task1=0.0  acc_task2=0.0  acc_task3=0.0  acc_task4=0.0  acc_task5=0.0  acc_task6=0.0  acc_task7=32.2
[00:36:53] 
============================================================
 Task 9/20  | Classes (40, 45)
============================================================
[00:36:53] Task 8 baseline (chance): 2.22%
[00:36:54] Task 8 zero-shot (pre-train): 0.00%
[00:37:01] task=8  epoch=0  train_loss=2.1797
[00:37:02] task=8  epoch=END  time_sec=6.9  acc_task0=0.0  acc_task1=0.0  acc_task2=0.0  acc_task3=0.0  acc_task4=0.0  acc_task5=0.0  acc_task6=0.0  acc_task7=0.0  acc_task8=34.0
[00:37:02] 
============================================================
 Task 10/20  | Classes (45, 50)
============================================================
[00:37:02] Task 9 baseline (chance): 2.00%
[00:37:03] Task 9 zero-shot (pre-train): 0.00%
[00:37:10] task=9  epoch=0  train_loss=2.3035
[00:37:12] task=9  epoch=END  time_sec=7.2  acc_task0=0.0  acc_task1=0.0  acc_task2=0.0  acc_task3=0.0  acc_task4=0.0  acc_task5=0.0  acc_task6=0.0  acc_task7=0.0  acc_task8=0.0  acc_task9=34.4
[00:37:12] 
============================================================
 Task 11/20  | Classes (50, 55)
============================================================
[00:37:12] Task 10 baseline (chance): 1.82%
[00:37:12] Task 10 zero-shot (pre-train): 0.00%
[00:37:20] task=10  epoch=0  train_loss=2.2029
[00:37:22] task=10  epoch=END  time_sec=7.7  acc_task0=0.0  acc_task1=0.0  acc_task2=0.0  acc_task3=0.0  acc_task4=0.0  acc_task5=0.0  acc_task6=0.0  acc_task7=0.0  acc_task8=0.0  acc_task9=0.0  acc_task10=48.4
[00:37:22] 
============================================================
 Task 12/20  | Classes (55, 60)
============================================================
[00:37:22] Task 11 baseline (chance): 1.67%
[00:37:22] Task 11 zero-shot (pre-train): 0.00%
[00:37:29] task=11  epoch=0  train_loss=2.3842
[00:37:31] task=11  epoch=END  time_sec=6.8  acc_task0=0.0  acc_task1=0.0  acc_task2=0.0  acc_task3=0.0  acc_task4=0.0  acc_task5=0.0  acc_task6=0.0  acc_task7=0.0  acc_task8=0.0  acc_task9=0.0  acc_task10=0.0  acc_task11=35.2
[00:37:31] 
============================================================
 Task 13/20  | Classes (60, 65)
============================================================
[00:37:31] Task 12 baseline (chance): 1.54%
[00:37:32] Task 12 zero-shot (pre-train): 0.00%
[00:37:40] task=12  epoch=0  train_loss=2.2463
[00:37:44] task=12  epoch=END  time_sec=8.2  acc_task0=0.0  acc_task1=0.0  acc_task2=0.0  acc_task3=0.0  acc_task4=0.0  acc_task5=0.0  acc_task6=0.0  acc_task7=0.0  acc_task8=0.0  acc_task9=0.0  acc_task10=0.0  acc_task11=0.0  acc_task12=43.0
[00:37:44] 
============================================================
 Task 14/20  | Classes (65, 70)
============================================================
[00:37:44] Task 13 baseline (chance): 1.43%
[00:37:44] Task 13 zero-shot (pre-train): 0.00%
[00:37:51] task=13  epoch=0  train_loss=2.5513
[00:37:55] task=13  epoch=END  time_sec=7.4  acc_task0=0.0  acc_task1=0.0  acc_task2=0.0  acc_task3=0.0  acc_task4=0.0  acc_task5=0.0  acc_task6=0.0  acc_task7=0.0  acc_task8=0.0  acc_task9=0.0  acc_task10=0.0  acc_task11=0.0  acc_task12=0.0  acc_task13=27.6
[00:37:55] 
============================================================
 Task 15/20  | Classes (70, 75)
============================================================
[00:37:55] Task 14 baseline (chance): 1.33%
[00:37:55] Task 14 zero-shot (pre-train): 0.00%
[00:38:02] task=14  epoch=0  train_loss=2.2777
[00:38:06] task=14  epoch=END  time_sec=7.1  acc_task0=0.0  acc_task1=0.0  acc_task2=0.0  acc_task3=0.0  acc_task4=0.0  acc_task5=0.0  acc_task6=0.0  acc_task7=0.0  acc_task8=0.0  acc_task9=0.0  acc_task10=0.0  acc_task11=0.0  acc_task12=0.0  acc_task13=0.0  acc_task14=44.0
[00:38:06] 
============================================================
 Task 16/20  | Classes (75, 80)
============================================================
[00:38:06] Task 15 baseline (chance): 1.25%
[00:38:06] Task 15 zero-shot (pre-train): 0.00%
[00:38:12] task=15  epoch=0  train_loss=2.5459
[00:38:15] task=15  epoch=END  time_sec=5.8  acc_task0=0.0  acc_task1=0.0  acc_task2=0.0  acc_task3=0.0  acc_task4=0.0  acc_task5=0.0  acc_task6=0.0  acc_task7=0.0  acc_task8=0.0  acc_task9=0.0  acc_task10=0.0  acc_task11=0.0  acc_task12=0.0  acc_task13=0.0  acc_task14=0.0  acc_task15=37.6
[00:38:15] 
============================================================
 Task 17/20  | Classes (80, 85)
============================================================
[00:38:15] Task 16 baseline (chance): 1.18%
[00:38:15] Task 16 zero-shot (pre-train): 0.00%
[00:38:21] task=16  epoch=0  train_loss=2.287
[00:38:25] task=16  epoch=END  time_sec=6.3  acc_task0=0.0  acc_task1=0.0  acc_task2=0.0  acc_task3=0.0  acc_task4=0.0  acc_task5=0.0  acc_task6=0.0  acc_task7=0.0  acc_task8=0.0  acc_task9=0.0  acc_task10=0.0  acc_task11=0.0  acc_task12=0.0  acc_task13=0.0  acc_task14=0.0  acc_task15=0.0  acc_task16=39.6
[00:38:25] 
============================================================
 Task 18/20  | Classes (85, 90)
============================================================
[00:38:25] Task 17 baseline (chance): 1.11%
[00:38:25] Task 17 zero-shot (pre-train): 0.00%
[00:38:32] task=17  epoch=0  train_loss=2.5875
[00:38:36] task=17  epoch=END  time_sec=7.1  acc_task0=0.0  acc_task1=0.0  acc_task2=0.0  acc_task3=0.0  acc_task4=0.0  acc_task5=0.0  acc_task6=0.0  acc_task7=0.0  acc_task8=0.0  acc_task9=0.0  acc_task10=0.0  acc_task11=0.0  acc_task12=0.0  acc_task13=0.0  acc_task14=0.0  acc_task15=0.0  acc_task16=0.0  acc_task17=21.8
[00:38:36] 
============================================================
 Task 19/20  | Classes (90, 95)
============================================================
[00:38:36] Task 18 baseline (chance): 1.05%
[00:38:36] Task 18 zero-shot (pre-train): 0.00%
[00:38:43] task=18  epoch=0  train_loss=2.3479
[00:38:47] task=18  epoch=END  time_sec=7.0  acc_task0=0.0  acc_task1=0.0  acc_task2=0.0  acc_task3=0.0  acc_task4=0.0  acc_task5=0.0  acc_task6=0.0  acc_task7=0.0  acc_task8=0.0  acc_task9=0.0  acc_task10=0.0  acc_task11=0.0  acc_task12=0.0  acc_task13=0.0  acc_task14=0.0  acc_task15=0.0  acc_task16=0.0  acc_task17=0.0  acc_task18=28.8
[00:38:47] 
============================================================
 Task 20/20  | Classes (95, 100)
============================================================
[00:38:47] Task 19 baseline (chance): 1.00%
[00:38:47] Task 19 zero-shot (pre-train): 0.00%
[00:38:54] task=19  epoch=0  train_loss=2.9534
[00:38:58] task=19  epoch=END  time_sec=7.1  acc_task0=0.0  acc_task1=0.0  acc_task2=0.0  acc_task3=0.0  acc_task4=0.0  acc_task5=0.0  acc_task6=0.0  acc_task7=0.0  acc_task8=0.0  acc_task9=0.0  acc_task10=0.0  acc_task11=0.0  acc_task12=0.0  acc_task13=0.0  acc_task14=0.0  acc_task15=0.0  acc_task16=0.0  acc_task17=0.0  acc_task18=0.0  acc_task19=30.6
[00:38:58] 
Final Metrics:
  avg_accuracy         +1.5300
  forgetting           +35.6316
  backward_transfer    -35.6316
  forward_transfer     -2.7345
[00:39:00] 
Done - run: split_cifar100_agem_seed456
[00:39:00] Metrics: {'avg_accuracy': 1.53, 'forgetting': 35.6316, 'backward_transfer': -35.6316, 'forward_transfer': -2.7345}
[00:39:01] Deleted 20 checkpoint(s) after successful completion.
