[17:40:52] Starting: split_cifar10_agem_seed1024
[17:40:52] Config: {'dataset': 'split_cifar10', 'data_root': 'Project/data_local', 'model': 'slim_resnet18', 'pretrained': False, 'method': 'agem', 'n_epochs': 1, 'batch_size': 32, 'num_workers': 0, 'lr': 0.03, 'momentum': 0.9, 'weight_decay': 0.0001, 'fp16': False, 'buffer_size': 200, 'ewc_lambda': 100.0, 'fisher_samples': 200, 'si_lambda': 1.0, 'si_xi': 0.1, 'der_alpha': 0.5, 'xder_beta': 0.5, 'lwf_lambda': 1.0, 'lwf_temp': 2.0, 'icarl_distill_w': 1.0, 'icarl_temp': 2.0, 'use_nmc': True, 'agem_mem_batch': 64, 'distill_lambda': 1.0, 'distill_temp': 2.0, 'pc_distill_w': 1.0, 'pc_ewc_lambda': 100.0, 'pc_compress_epochs': 3, 'er_replay_ratio': 0.5, 'joint_replay_epochs': 1, 'disable_tqdm': True, 'disable_checkpoints': True, 'disable_plots': False, 'seeds': [42, 123, 456, 789, 1024], 'results_root': 'results_fwt', 'checkpoint_dir': 'results/checkpoints', 'figure_dir': 'results_fwt\\figures', 'log_dir': 'results_fwt\\raw', 'run_name': 'split_cifar10_agem_seed1024', 'seed': 1024}
[17:40:52] Device: cuda
[17:40:53] Dataset: SplitCIFAR10(tasks=5, classes_per_task=2, scenario=class-il)
[17:40:53] 
============================================================
 Task 1/5  | Classes (0, 2)
============================================================
[17:40:53] Task 0 baseline (chance): 50.00%
[17:41:04] task=0  epoch=0  train_loss=0.5051
[17:41:05] task=0  epoch=END  time_sec=10.8  acc_task0=86.05
[17:41:05] 
============================================================
 Task 2/5  | Classes (2, 4)
============================================================
[17:41:05] Task 1 baseline (chance): 25.00%
[17:41:06] Task 1 zero-shot (pre-train): 0.10%
[17:41:25] task=1  epoch=0  train_loss=14.6422
[17:41:27] task=1  epoch=END  time_sec=19.4  acc_task0=87.85  acc_task1=0.0
[17:41:27] 
============================================================
 Task 3/5  | Classes (4, 6)
============================================================
[17:41:27] Task 2 baseline (chance): 16.67%
[17:41:28] Task 2 zero-shot (pre-train): 0.00%
[17:41:47] task=2  epoch=0  train_loss=16.004
[17:41:49] task=2  epoch=END  time_sec=19.4  acc_task0=78.4  acc_task1=36.15  acc_task2=0.0
[17:41:49] 
============================================================
 Task 4/5  | Classes (6, 8)
============================================================
[17:41:49] Task 3 baseline (chance): 12.50%
[17:41:50] Task 3 zero-shot (pre-train): 0.00%
[17:42:10] task=3  epoch=0  train_loss=12.6443
[17:42:13] task=3  epoch=END  time_sec=19.4  acc_task0=69.85  acc_task1=15.9  acc_task2=31.65  acc_task3=0.0
[17:42:13] 
============================================================
 Task 5/5  | Classes (8, 10)
============================================================
[17:42:13] Task 4 baseline (chance): 10.00%
[17:42:14] Task 4 zero-shot (pre-train): 0.00%
[17:42:33] task=4  epoch=0  train_loss=11.5712
[17:42:37] task=4  epoch=END  time_sec=19.5  acc_task0=49.9  acc_task1=14.75  acc_task2=21.2  acc_task3=29.1  acc_task4=0.0
[17:42:37] 
Final Metrics:
  avg_accuracy         +22.9900
  forgetting           +17.4500
  backward_transfer    +7.2250
  forward_transfer     -16.0167
[17:42:38] 
Done - run: split_cifar10_agem_seed1024
[17:42:38] Metrics: {'avg_accuracy': 22.99, 'forgetting': 17.45, 'backward_transfer': 7.225, 'forward_transfer': -16.0167}
