[17:33:51] Starting: split_cifar10_agem_seed42
[17:33:51] Config: {'dataset': 'split_cifar10', 'data_root': 'Project/data_local', 'model': 'slim_resnet18', 'pretrained': False, 'method': 'agem', 'n_epochs': 1, 'batch_size': 32, 'num_workers': 0, 'lr': 0.03, 'momentum': 0.9, 'weight_decay': 0.0001, 'fp16': False, 'buffer_size': 200, 'ewc_lambda': 100.0, 'fisher_samples': 200, 'si_lambda': 1.0, 'si_xi': 0.1, 'der_alpha': 0.5, 'xder_beta': 0.5, 'lwf_lambda': 1.0, 'lwf_temp': 2.0, 'icarl_distill_w': 1.0, 'icarl_temp': 2.0, 'use_nmc': True, 'agem_mem_batch': 64, 'distill_lambda': 1.0, 'distill_temp': 2.0, 'pc_distill_w': 1.0, 'pc_ewc_lambda': 100.0, 'pc_compress_epochs': 3, 'er_replay_ratio': 0.5, 'joint_replay_epochs': 1, 'disable_tqdm': True, 'disable_checkpoints': True, 'disable_plots': False, 'seeds': [42, 123, 456, 789, 1024], 'results_root': 'results_fwt', 'checkpoint_dir': 'results/checkpoints', 'figure_dir': 'results_fwt\\figures', 'log_dir': 'results_fwt\\raw', 'run_name': 'split_cifar10_agem_seed42', 'seed': 42}
[17:33:52] Device: cuda
[17:33:53] Dataset: SplitCIFAR10(tasks=5, classes_per_task=2, scenario=class-il)
[17:33:53] 
============================================================
 Task 1/5  | Classes (0, 2)
============================================================
[17:33:53] Task 0 baseline (chance): 50.00%
[17:34:03] task=0  epoch=0  train_loss=0.5556
[17:34:04] task=0  epoch=END  time_sec=10.4  acc_task0=87.25
[17:34:04] 
============================================================
 Task 2/5  | Classes (2, 4)
============================================================
[17:34:04] Task 1 baseline (chance): 25.00%
[17:34:05] Task 1 zero-shot (pre-train): 2.30%
[17:34:24] task=1  epoch=0  train_loss=15.5745
[17:34:25] task=1  epoch=END  time_sec=18.5  acc_task0=85.8  acc_task1=0.0
[17:34:25] 
============================================================
 Task 3/5  | Classes (4, 6)
============================================================
[17:34:25] Task 2 baseline (chance): 16.67%
[17:34:26] Task 2 zero-shot (pre-train): 0.00%
[17:34:45] task=2  epoch=0  train_loss=13.0926
[17:34:47] task=2  epoch=END  time_sec=19.1  acc_task0=77.25  acc_task1=38.45  acc_task2=0.0
[17:34:47] 
============================================================
 Task 4/5  | Classes (6, 8)
============================================================
[17:34:47] Task 3 baseline (chance): 12.50%
[17:34:48] Task 3 zero-shot (pre-train): 0.00%
[17:35:07] task=3  epoch=0  train_loss=11.7668
[17:35:10] task=3  epoch=END  time_sec=19.0  acc_task0=66.8  acc_task1=22.8  acc_task2=26.45  acc_task3=0.0
[17:35:10] 
============================================================
 Task 5/5  | Classes (8, 10)
============================================================
[17:35:10] Task 4 baseline (chance): 10.00%
[17:35:11] Task 4 zero-shot (pre-train): 0.00%
[17:35:30] task=4  epoch=0  train_loss=11.5883
[17:35:34] task=4  epoch=END  time_sec=19.0  acc_task0=54.1  acc_task1=29.75  acc_task2=11.2  acc_task3=28.35  acc_task4=0.0
[17:35:34] 
Final Metrics:
  avg_accuracy         +24.6800
  forgetting           +14.2750
  backward_transfer    +9.0375
  forward_transfer     -15.4667
[17:35:35] 
Done - run: split_cifar10_agem_seed42
[17:35:35] Metrics: {'avg_accuracy': 24.68, 'forgetting': 14.275, 'backward_transfer': 9.0375, 'forward_transfer': -15.4667}
