[15:46:10] Starting: permuted_mnist_joint_training_seed42
[15:46:10] Config: {'dataset': 'permuted_mnist', 'data_root': 'Project/data', 'model': 'resnet8', 'pretrained': False, 'method': 'joint_training', 'n_epochs': 1, 'batch_size': 32, 'num_workers': 0, 'lr': 0.03, 'momentum': 0.9, 'weight_decay': 0.0001, 'fp16': False, 'buffer_size': 200, 'ewc_lambda': 100.0, 'fisher_samples': 200, 'si_lambda': 1.0, 'si_xi': 0.1, 'der_alpha': 0.5, 'xder_beta': 0.5, 'lwf_lambda': 1.0, 'lwf_temp': 2.0, 'icarl_distill_w': 1.0, 'icarl_temp': 2.0, 'use_nmc': True, 'agem_mem_batch': 64, 'distill_lambda': 1.0, 'distill_temp': 2.0, 'pc_distill_w': 1.0, 'pc_ewc_lambda': 100.0, 'pc_compress_epochs': 3, 'er_replay_ratio': 0.5, 'joint_replay_epochs': 1, 'seeds': [42, 123, 456, 789, 1024], 'checkpoint_dir': 'results/checkpoints', 'figure_dir': 'results/figures', 'log_dir': 'results/raw', 'run_name': 'permuted_mnist_joint_training_seed42', 'seed': 42}
[15:46:10] Device: cuda
[15:46:10] Dataset: PermutedMNIST(tasks=10, classes_per_task=10, scenario=domain-il)
[15:46:11] 
============================================================
 Task 1/10  | Classes (0, 10)
============================================================
[15:46:11] Task 0 baseline (before training): 0.00%
[15:46:51] task=0  epoch=0  train_loss=0.3245
[15:47:26] task=0  epoch=END  time_sec=40.9  acc_task0=96.07
[15:47:26] 
============================================================
 Task 2/10  | Classes (0, 10)
============================================================
[15:47:30] Task 1 baseline (before training): 11.29%
[15:48:08] task=1  epoch=0  train_loss=0.2496
[15:49:10] task=1  epoch=END  time_sec=37.6  acc_task0=95.06  acc_task1=94.78
[15:49:10] 
============================================================
 Task 3/10  | Classes (0, 10)
============================================================
[15:49:14] Task 2 baseline (before training): 11.15%
[15:49:51] task=2  epoch=0  train_loss=0.2445
[15:51:14] task=2  epoch=END  time_sec=36.8  acc_task0=94.16  acc_task1=93.92  acc_task2=94.18
[15:51:14] 
============================================================
 Task 4/10  | Classes (0, 10)
============================================================
[15:51:18] Task 3 baseline (before training): 9.24%
[15:51:55] task=3  epoch=0  train_loss=0.2426
[15:53:37] task=3  epoch=END  time_sec=36.4  acc_task0=94.82  acc_task1=94.86  acc_task2=94.96  acc_task3=93.3
[15:53:37] 
============================================================
 Task 5/10  | Classes (0, 10)
============================================================
[15:53:40] Task 4 baseline (before training): 14.96%
[15:54:12] task=4  epoch=0  train_loss=0.2366
[15:56:08] task=4  epoch=END  time_sec=32.0  acc_task0=94.85  acc_task1=94.85  acc_task2=93.7  acc_task3=94.31  acc_task4=93.92
[15:56:08] 
============================================================
 Task 6/10  | Classes (0, 10)
============================================================
[15:56:12] Task 5 baseline (before training): 8.09%
[15:56:45] task=5  epoch=0  train_loss=0.2299
[16:28:22] task=5  epoch=END  time_sec=32.2  acc_task0=94.89  acc_task1=94.22  acc_task2=94.36  acc_task3=94.19  acc_task4=93.02  acc_task5=94.04
[16:28:22] 
============================================================
 Task 7/10  | Classes (0, 10)
============================================================
[16:28:26] Task 6 baseline (before training): 14.65%
[16:28:51] task=6  epoch=0  train_loss=0.2307
[16:31:08] task=6  epoch=END  time_sec=25.3  acc_task0=94.64  acc_task1=93.16  acc_task2=94.35  acc_task3=93.39  acc_task4=93.69  acc_task5=94.29  acc_task6=93.4
[16:31:08] 
============================================================
 Task 8/10  | Classes (0, 10)
============================================================
[16:31:12] Task 7 baseline (before training): 11.00%
[16:31:38] task=7  epoch=0  train_loss=0.2262
[16:34:58] task=7  epoch=END  time_sec=26.7  acc_task0=93.63  acc_task1=93.41  acc_task2=93.22  acc_task3=93.32  acc_task4=93.59  acc_task5=93.03  acc_task6=93.02  acc_task7=92.95
[16:34:58] 
============================================================
 Task 9/10  | Classes (0, 10)
============================================================
[16:35:03] Task 8 baseline (before training): 12.17%
[16:35:50] task=8  epoch=0  train_loss=0.2215
[16:40:25] task=8  epoch=END  time_sec=46.7  acc_task0=93.38  acc_task1=93.85  acc_task2=93.45  acc_task3=93.35  acc_task4=93.66  acc_task5=92.45  acc_task6=93.71  acc_task7=92.93  acc_task8=91.88
[16:40:25] 
============================================================
 Task 10/10  | Classes (0, 10)
============================================================
[16:40:29] Task 9 baseline (before training): 13.54%
[16:41:16] task=9  epoch=0  train_loss=0.2235
[16:45:22] task=9  epoch=END  time_sec=47.2  acc_task0=92.79  acc_task1=93.29  acc_task2=92.95  acc_task3=91.05  acc_task4=92.16  acc_task5=92.56  acc_task6=93.48  acc_task7=92.71  acc_task8=91.38  acc_task9=92.09
[16:45:22] 
Final Metrics:
  avg_accuracy         +92.4460
  forgetting           +1.6200
  backward_transfer    -1.3500
  forward_transfer     +0.0000
