[20:59:13] Starting: permuted_mnist_joint_training_seed1024
[20:59:13] Config: {'dataset': 'permuted_mnist', 'data_root': 'Project/data', 'model': 'resnet8', 'pretrained': False, 'method': 'joint_training', 'n_epochs': 1, 'batch_size': 32, 'num_workers': 0, 'lr': 0.03, 'momentum': 0.9, 'weight_decay': 0.0001, 'fp16': False, 'buffer_size': 200, 'ewc_lambda': 100.0, 'fisher_samples': 200, 'si_lambda': 1.0, 'si_xi': 0.1, 'der_alpha': 0.5, 'xder_beta': 0.5, 'lwf_lambda': 1.0, 'lwf_temp': 2.0, 'icarl_distill_w': 1.0, 'icarl_temp': 2.0, 'use_nmc': True, 'agem_mem_batch': 64, 'distill_lambda': 1.0, 'distill_temp': 2.0, 'pc_distill_w': 1.0, 'pc_ewc_lambda': 100.0, 'pc_compress_epochs': 3, 'er_replay_ratio': 0.5, 'joint_replay_epochs': 1, 'disable_tqdm': True, 'seeds': [42, 123, 456, 789, 1024], 'checkpoint_dir': 'results/checkpoints', 'figure_dir': 'results/figures', 'log_dir': 'results/raw', 'run_name': 'permuted_mnist_joint_training_seed1024', 'seed': 1024}
[20:59:13] Device: cuda
[20:59:13] Dataset: PermutedMNIST(tasks=10, classes_per_task=10, scenario=domain-il)
[20:59:14] 
============================================================
 Task 1/10  | Classes (0, 10)
============================================================
[20:59:14] Task 0 baseline (before training): 0.00%
[20:59:38] task=0  epoch=0  train_loss=0.3189
[21:00:05] task=0  epoch=END  time_sec=24.7  acc_task0=96.07
[21:00:05] 
============================================================
 Task 2/10  | Classes (0, 10)
============================================================
[21:00:08] Task 1 baseline (before training): 7.32%
[21:00:34] task=1  epoch=0  train_loss=0.251
[21:01:18] task=1  epoch=END  time_sec=25.8  acc_task0=95.26  acc_task1=95.45
[21:01:18] 
============================================================
 Task 3/10  | Classes (0, 10)
============================================================
[21:01:21] Task 2 baseline (before training): 15.34%
[21:01:47] task=2  epoch=0  train_loss=0.2442
[21:02:47] task=2  epoch=END  time_sec=25.4  acc_task0=94.87  acc_task1=94.08  acc_task2=93.93
[21:02:47] 
============================================================
 Task 4/10  | Classes (0, 10)
============================================================
[21:02:51] Task 3 baseline (before training): 22.12%
[21:03:16] task=3  epoch=0  train_loss=0.2401
[21:04:33] task=3  epoch=END  time_sec=25.3  acc_task0=93.68  acc_task1=92.87  acc_task2=92.66  acc_task3=92.98
[21:04:33] 
============================================================
 Task 5/10  | Classes (0, 10)
============================================================
[21:04:37] Task 4 baseline (before training): 9.99%
[21:05:02] task=4  epoch=0  train_loss=0.2358
[21:06:53] task=4  epoch=END  time_sec=25.6  acc_task0=95.01  acc_task1=94.87  acc_task2=94.35  acc_task3=94.86  acc_task4=93.99
[21:06:53] 
============================================================
 Task 6/10  | Classes (0, 10)
============================================================
[21:06:57] Task 5 baseline (before training): 10.83%
[21:07:22] task=5  epoch=0  train_loss=0.2301
[21:09:18] task=5  epoch=END  time_sec=25.5  acc_task0=94.49  acc_task1=94.21  acc_task2=94.22  acc_task3=94.16  acc_task4=93.77  acc_task5=93.19
[21:09:18] 
============================================================
 Task 7/10  | Classes (0, 10)
============================================================
[21:09:22] Task 6 baseline (before training): 11.90%
[21:09:47] task=6  epoch=0  train_loss=0.2275
[21:11:56] task=6  epoch=END  time_sec=25.4  acc_task0=93.82  acc_task1=93.38  acc_task2=94.05  acc_task3=94.31  acc_task4=93.13  acc_task5=94.08  acc_task6=93.07
[21:11:56] 
============================================================
 Task 8/10  | Classes (0, 10)
============================================================
[21:11:59] Task 7 baseline (before training): 10.85%
[21:12:28] task=7  epoch=0  train_loss=0.2273
[21:15:46] task=7  epoch=END  time_sec=28.9  acc_task0=93.88  acc_task1=93.45  acc_task2=92.9  acc_task3=93.5  acc_task4=93.12  acc_task5=93.31  acc_task6=93.31  acc_task7=92.91
[21:15:46] 
============================================================
 Task 9/10  | Classes (0, 10)
============================================================
[21:15:50] Task 8 baseline (before training): 8.66%
[21:16:15] task=8  epoch=0  train_loss=0.2227
[21:19:21] task=8  epoch=END  time_sec=25.6  acc_task0=93.84  acc_task1=93.57  acc_task2=92.98  acc_task3=92.77  acc_task4=93.4  acc_task5=93.42  acc_task6=92.54  acc_task7=92.98  acc_task8=92.54
[21:19:21] 
============================================================
 Task 10/10  | Classes (0, 10)
============================================================
[21:19:27] Task 9 baseline (before training): 12.01%
[21:20:14] task=9  epoch=0  train_loss=0.2256
[21:25:08] task=9  epoch=END  time_sec=47.3  acc_task0=93.9  acc_task1=94.09  acc_task2=93.3  acc_task3=93.88  acc_task4=93.15  acc_task5=93.56  acc_task6=92.89  acc_task7=93.37  acc_task8=93.5  acc_task9=92.66
[21:25:08] 
Final Metrics:
  avg_accuracy         +93.4300
  forgetting           +0.8156
  backward_transfer    -0.2767
  forward_transfer     +0.0000
[21:25:09] 
Done - run: permuted_mnist_joint_training_seed1024
[21:25:09] Metrics: {'avg_accuracy': 93.43, 'forgetting': 0.8156, 'backward_transfer': -0.2767, 'forward_transfer': 0.0}
