[20:43:14] Starting: permuted_mnist_joint_training_seed789
[20:43:14] Config: {'dataset': 'permuted_mnist', 'data_root': 'Project/data', 'model': 'resnet8', 'pretrained': False, 'method': 'joint_training', 'n_epochs': 1, 'batch_size': 32, 'num_workers': 0, 'lr': 0.03, 'momentum': 0.9, 'weight_decay': 0.0001, 'fp16': False, 'buffer_size': 200, 'ewc_lambda': 100.0, 'fisher_samples': 200, 'si_lambda': 1.0, 'si_xi': 0.1, 'der_alpha': 0.5, 'xder_beta': 0.5, 'lwf_lambda': 1.0, 'lwf_temp': 2.0, 'icarl_distill_w': 1.0, 'icarl_temp': 2.0, 'use_nmc': True, 'agem_mem_batch': 64, 'distill_lambda': 1.0, 'distill_temp': 2.0, 'pc_distill_w': 1.0, 'pc_ewc_lambda': 100.0, 'pc_compress_epochs': 3, 'er_replay_ratio': 0.5, 'joint_replay_epochs': 1, 'disable_tqdm': True, 'seeds': [42, 123, 456, 789, 1024], 'checkpoint_dir': 'results/checkpoints', 'figure_dir': 'results/figures', 'log_dir': 'results/raw', 'run_name': 'permuted_mnist_joint_training_seed789', 'seed': 789}
[20:43:14] Device: cuda
[20:43:14] Dataset: PermutedMNIST(tasks=10, classes_per_task=10, scenario=domain-il)
[20:43:14] 
============================================================
 Task 1/10  | Classes (0, 10)
============================================================
[20:43:14] Task 0 baseline (before training): 0.00%
[20:43:40] task=0  epoch=0  train_loss=0.3135
[20:44:07] task=0  epoch=END  time_sec=25.7  acc_task0=96.01
[20:44:07] 
============================================================
 Task 2/10  | Classes (0, 10)
============================================================
[20:44:10] Task 1 baseline (before training): 8.18%
[20:44:35] task=1  epoch=0  train_loss=0.2438
[20:45:18] task=1  epoch=END  time_sec=25.6  acc_task0=95.37  acc_task1=95.4
[20:45:18] 
============================================================
 Task 3/10  | Classes (0, 10)
============================================================
[20:45:22] Task 2 baseline (before training): 11.14%
[20:45:48] task=2  epoch=0  train_loss=0.2383
[20:46:48] task=2  epoch=END  time_sec=25.5  acc_task0=95.56  acc_task1=94.95  acc_task2=94.64
[20:46:48] 
============================================================
 Task 4/10  | Classes (0, 10)
============================================================
[20:46:52] Task 3 baseline (before training): 13.17%
[20:47:17] task=3  epoch=0  train_loss=0.2375
[20:48:34] task=3  epoch=END  time_sec=25.7  acc_task0=95.3  acc_task1=95.01  acc_task2=95.08  acc_task3=94.88
[20:48:35] 
============================================================
 Task 5/10  | Classes (0, 10)
============================================================
[20:48:38] Task 4 baseline (before training): 11.32%
[20:49:04] task=4  epoch=0  train_loss=0.2327
[20:50:39] task=4  epoch=END  time_sec=25.5  acc_task0=95.07  acc_task1=94.27  acc_task2=94.65  acc_task3=94.7  acc_task4=94.05
[20:50:39] 
============================================================
 Task 6/10  | Classes (0, 10)
============================================================
[20:50:42] Task 5 baseline (before training): 9.16%
[20:51:08] task=5  epoch=0  train_loss=0.234
[20:53:00] task=5  epoch=END  time_sec=25.5  acc_task0=95.07  acc_task1=94.22  acc_task2=94.4  acc_task3=94.73  acc_task4=94.25  acc_task5=93.86
[20:53:00] 
============================================================
 Task 7/10  | Classes (0, 10)
============================================================
[20:53:04] Task 6 baseline (before training): 14.22%
[20:53:29] task=6  epoch=0  train_loss=0.2258
[20:55:39] task=6  epoch=END  time_sec=25.5  acc_task0=94.44  acc_task1=94.35  acc_task2=94.4  acc_task3=94.14  acc_task4=94.08  acc_task5=93.48  acc_task6=93.74
[20:55:39] 
============================================================
 Task 8/10  | Classes (0, 10)
============================================================
[20:55:42] Task 7 baseline (before training): 12.40%
[20:56:08] task=7  epoch=0  train_loss=0.2254
[20:58:33] task=7  epoch=END  time_sec=25.8  acc_task0=93.75  acc_task1=93.71  acc_task2=93.21  acc_task3=93.42  acc_task4=93.37  acc_task5=92.8  acc_task6=93.16  acc_task7=92.35
[20:58:33] 
============================================================
 Task 9/10  | Classes (0, 10)
============================================================
[20:58:37] Task 8 baseline (before training): 16.32%
