[20:21:07] Starting: permuted_mnist_joint_training_seed456
[20:21:07] Config: {'dataset': 'permuted_mnist', 'data_root': 'Project/data', 'model': 'resnet8', 'pretrained': False, 'method': 'joint_training', 'n_epochs': 1, 'batch_size': 32, 'num_workers': 0, 'lr': 0.03, 'momentum': 0.9, 'weight_decay': 0.0001, 'fp16': False, 'buffer_size': 200, 'ewc_lambda': 100.0, 'fisher_samples': 200, 'si_lambda': 1.0, 'si_xi': 0.1, 'der_alpha': 0.5, 'xder_beta': 0.5, 'lwf_lambda': 1.0, 'lwf_temp': 2.0, 'icarl_distill_w': 1.0, 'icarl_temp': 2.0, 'use_nmc': True, 'agem_mem_batch': 64, 'distill_lambda': 1.0, 'distill_temp': 2.0, 'pc_distill_w': 1.0, 'pc_ewc_lambda': 100.0, 'pc_compress_epochs': 3, 'er_replay_ratio': 0.5, 'joint_replay_epochs': 1, 'disable_tqdm': True, 'seeds': [42, 123, 456, 789, 1024], 'checkpoint_dir': 'results/checkpoints', 'figure_dir': 'results/figures', 'log_dir': 'results/raw', 'run_name': 'permuted_mnist_joint_training_seed456', 'seed': 456}
[20:21:07] Device: cuda
[20:21:07] Dataset: PermutedMNIST(tasks=10, classes_per_task=10, scenario=domain-il)
[20:21:07] 
============================================================
 Task 1/10  | Classes (0, 10)
============================================================
[20:21:07] Task 0 baseline (before training): 0.00%
[20:21:33] task=0  epoch=0  train_loss=0.3176
[20:22:00] task=0  epoch=END  time_sec=25.6  acc_task0=95.78
[20:22:00] 
============================================================
 Task 2/10  | Classes (0, 10)
============================================================
[20:22:03] Task 1 baseline (before training): 7.68%
[20:22:28] task=1  epoch=0  train_loss=0.2518
[20:23:12] task=1  epoch=END  time_sec=25.6  acc_task0=95.55  acc_task1=95.31
[20:23:12] 
============================================================
 Task 3/10  | Classes (0, 10)
============================================================
[20:23:16] Task 2 baseline (before training): 9.48%
[20:23:41] task=2  epoch=0  train_loss=0.2406
[20:24:42] task=2  epoch=END  time_sec=25.6  acc_task0=95.86  acc_task1=95.13  acc_task2=94.46
[20:24:42] 
============================================================
 Task 4/10  | Classes (0, 10)
============================================================
[20:24:45] Task 3 baseline (before training): 11.46%
[20:25:11] task=3  epoch=0  train_loss=0.2389
[20:26:28] task=3  epoch=END  time_sec=25.6  acc_task0=95.52  acc_task1=95.32  acc_task2=94.87  acc_task3=94.58
[20:26:28] 
============================================================
 Task 5/10  | Classes (0, 10)
============================================================
[20:26:32] Task 4 baseline (before training): 9.23%
[20:26:58] task=4  epoch=0  train_loss=0.2347
[20:28:32] task=4  epoch=END  time_sec=25.6  acc_task0=95.28  acc_task1=94.74  acc_task2=94.9  acc_task3=94.19  acc_task4=94.3
[20:28:33] 
============================================================
 Task 6/10  | Classes (0, 10)
============================================================
[20:28:36] Task 5 baseline (before training): 11.82%
[20:29:01] task=5  epoch=0  train_loss=0.2318
[20:30:55] task=5  epoch=END  time_sec=25.5  acc_task0=94.69  acc_task1=94.88  acc_task2=94.3  acc_task3=94.46  acc_task4=94.18  acc_task5=93.09
[20:30:55] 
============================================================
 Task 7/10  | Classes (0, 10)
============================================================
[20:30:58] Task 6 baseline (before training): 11.76%
[20:31:24] task=6  epoch=0  train_loss=0.2267
[20:33:35] task=6  epoch=END  time_sec=25.9  acc_task0=93.61  acc_task1=93.78  acc_task2=94.1  acc_task3=93.62  acc_task4=94.47  acc_task5=93.15  acc_task6=91.6
[20:33:35] 
============================================================
 Task 8/10  | Classes (0, 10)
============================================================
[20:33:38] Task 7 baseline (before training): 17.25%
[20:34:04] task=7  epoch=0  train_loss=0.2263
[20:36:31] task=7  epoch=END  time_sec=25.7  acc_task0=93.85  acc_task1=93.12  acc_task2=94.24  acc_task3=93.97  acc_task4=93.3  acc_task5=93.14  acc_task6=92.06  acc_task7=92.44
[20:36:31] 
============================================================
 Task 9/10  | Classes (0, 10)
============================================================
[20:36:34] Task 8 baseline (before training): 17.01%
[20:37:00] task=8  epoch=0  train_loss=0.2264
[20:39:43] task=8  epoch=END  time_sec=25.8  acc_task0=94.47  acc_task1=94.11  acc_task2=94.29  acc_task3=93.63  acc_task4=94.38  acc_task5=93.73  acc_task6=93.19  acc_task7=93.41  acc_task8=93.29
[20:39:43] 
============================================================
 Task 10/10  | Classes (0, 10)
============================================================
[20:39:47] Task 9 baseline (before training): 14.53%
[20:40:13] task=9  epoch=0  train_loss=0.2231
[20:43:14] task=9  epoch=END  time_sec=25.8  acc_task0=92.58  acc_task1=93.96  acc_task2=93.99  acc_task3=93.64  acc_task4=93.97  acc_task5=93.67  acc_task6=93.82  acc_task7=93.05  acc_task8=93.29  acc_task9=91.76
[20:43:14] 
Final Metrics:
  avg_accuracy         +93.3730
  forgetting           +0.8233
  backward_transfer    -0.3200
  forward_transfer     +0.0000
[20:43:14] 
Done - run: permuted_mnist_joint_training_seed456
[20:43:14] Metrics: {'avg_accuracy': 93.373, 'forgetting': 0.8233, 'backward_transfer': -0.32, 'forward_transfer': 0.0}
