[18:22:21] Starting: split_cifar10_er_ewc_lambda100_seed789
[18:22:21] Config: {'dataset': 'split_cifar10', 'data_root': 'Project/data_local', 'model': 'slim_resnet18', 'pretrained': False, 'method': 'er_ewc', 'n_epochs': 1, 'batch_size': 32, 'num_workers': 0, 'lr': 0.03, 'momentum': 0.9, 'weight_decay': 0.0001, 'fp16': False, 'buffer_size': 200, 'ewc_lambda': 100.0, 'fisher_samples': 200, 'si_lambda': 1.0, 'si_xi': 0.1, 'der_alpha': 0.5, 'xder_beta': 0.5, 'lwf_lambda': 1.0, 'lwf_temp': 2.0, 'icarl_distill_w': 1.0, 'icarl_temp': 2.0, 'use_nmc': True, 'agem_mem_batch': 64, 'distill_lambda': 1.0, 'distill_temp': 2.0, 'pc_distill_w': 1.0, 'pc_ewc_lambda': 100.0, 'pc_compress_epochs': 3, 'er_replay_ratio': 0.5, 'joint_replay_epochs': 1, 'disable_tqdm': True, 'disable_checkpoints': True, 'disable_plots': True, 'seeds': [42, 123, 456, 789, 1024], 'results_root': 'results_phase3_ablations', 'checkpoint_dir': 'results/checkpoints', 'figure_dir': 'results_phase3_ablations\\figures', 'log_dir': 'results_phase3_ablations\\raw', 'run_tag': 'lambda100', 'run_name': 'split_cifar10_er_ewc_lambda100_seed789', 'seed': 789}
[18:22:21] Device: cuda
[18:22:23] Dataset: SplitCIFAR10(tasks=5, classes_per_task=2, scenario=class-il)
[18:22:23] 
============================================================
 Task 1/5  | Classes (0, 2)
============================================================
[18:22:23] Task 0 baseline (chance): 50.00%
[18:22:37] task=0  epoch=0  train_loss=0.3811
[18:22:38] task=0  epoch=END  time_sec=14.6  acc_task0=89.9
[18:22:38] 
============================================================
 Task 2/5  | Classes (2, 4)
============================================================
[18:22:38] Task 1 baseline (chance): 25.00%
[18:22:39] Task 1 zero-shot (pre-train): 1.50%
[18:23:01] task=1  epoch=0  train_loss=0.6757
[18:23:03] task=1  epoch=END  time_sec=22.0  acc_task0=30.75  acc_task1=73.8
[18:23:03] 
============================================================
 Task 3/5  | Classes (4, 6)
============================================================
[18:23:03] Task 2 baseline (chance): 16.67%
[18:23:04] Task 2 zero-shot (pre-train): 0.00%
[18:23:34] task=2  epoch=0  train_loss=0.708
[18:23:37] task=2  epoch=END  time_sec=30.3  acc_task0=32.9  acc_task1=1.7  acc_task2=76.4
[18:23:37] 
============================================================
 Task 4/5  | Classes (6, 8)
============================================================
[18:23:37] Task 3 baseline (chance): 12.50%
[18:23:38] Task 3 zero-shot (pre-train): 0.00%
[18:24:16] task=3  epoch=0  train_loss=0.5794
[18:24:19] task=3  epoch=END  time_sec=37.2  acc_task0=28.95  acc_task1=0.3  acc_task2=6.85  acc_task3=90.55
[18:24:19] 
============================================================
 Task 5/5  | Classes (8, 10)
============================================================
[18:24:19] Task 4 baseline (chance): 10.00%
[18:24:20] Task 4 zero-shot (pre-train): 0.00%
[18:25:04] task=4  epoch=0  train_loss=0.4629
[18:25:09] task=4  epoch=END  time_sec=44.2  acc_task0=1.0  acc_task1=1.75  acc_task2=15.75  acc_task3=50.4  acc_task4=91.15
[18:25:09] 
Final Metrics:
  avg_accuracy         +32.0100
  forgetting           +65.4375
  backward_transfer    -65.4375
  forward_transfer     -15.6667
[18:25:09] 
Done - run: split_cifar10_er_ewc_lambda100_seed789
[18:25:09] Metrics: {'avg_accuracy': 32.01, 'forgetting': 65.4375, 'backward_transfer': -65.4375, 'forward_transfer': -15.6667}
