[18:19:32] Starting: split_cifar10_er_ewc_lambda100_seed456
[18:19:32] Config: {'dataset': 'split_cifar10', 'data_root': 'Project/data_local', 'model': 'slim_resnet18', 'pretrained': False, 'method': 'er_ewc', 'n_epochs': 1, 'batch_size': 32, 'num_workers': 0, 'lr': 0.03, 'momentum': 0.9, 'weight_decay': 0.0001, 'fp16': False, 'buffer_size': 200, 'ewc_lambda': 100.0, 'fisher_samples': 200, 'si_lambda': 1.0, 'si_xi': 0.1, 'der_alpha': 0.5, 'xder_beta': 0.5, 'lwf_lambda': 1.0, 'lwf_temp': 2.0, 'icarl_distill_w': 1.0, 'icarl_temp': 2.0, 'use_nmc': True, 'agem_mem_batch': 64, 'distill_lambda': 1.0, 'distill_temp': 2.0, 'pc_distill_w': 1.0, 'pc_ewc_lambda': 100.0, 'pc_compress_epochs': 3, 'er_replay_ratio': 0.5, 'joint_replay_epochs': 1, 'disable_tqdm': True, 'disable_checkpoints': True, 'disable_plots': True, 'seeds': [42, 123, 456, 789, 1024], 'results_root': 'results_phase3_ablations', 'checkpoint_dir': 'results/checkpoints', 'figure_dir': 'results_phase3_ablations\\figures', 'log_dir': 'results_phase3_ablations\\raw', 'run_tag': 'lambda100', 'run_name': 'split_cifar10_er_ewc_lambda100_seed456', 'seed': 456}
[18:19:32] Device: cuda
[18:19:34] Dataset: SplitCIFAR10(tasks=5, classes_per_task=2, scenario=class-il)
[18:19:34] 
============================================================
 Task 1/5  | Classes (0, 2)
============================================================
[18:19:34] Task 0 baseline (chance): 50.00%
[18:19:49] task=0  epoch=0  train_loss=0.3887
[18:19:50] task=0  epoch=END  time_sec=14.7  acc_task0=90.1
[18:19:50] 
============================================================
 Task 2/5  | Classes (2, 4)
============================================================
[18:19:50] Task 1 baseline (chance): 25.00%
[18:19:51] Task 1 zero-shot (pre-train): 0.25%
[18:20:13] task=1  epoch=0  train_loss=0.6632
[18:20:15] task=1  epoch=END  time_sec=22.0  acc_task0=64.0  acc_task1=71.9
[18:20:15] 
============================================================
 Task 3/5  | Classes (4, 6)
============================================================
[18:20:15] Task 2 baseline (chance): 16.67%
[18:20:16] Task 2 zero-shot (pre-train): 0.05%
[18:20:46] task=2  epoch=0  train_loss=0.6208
[18:20:49] task=2  epoch=END  time_sec=30.0  acc_task0=19.25  acc_task1=2.95  acc_task2=78.4
[18:20:49] 
============================================================
 Task 4/5  | Classes (6, 8)
============================================================
[18:20:49] Task 3 baseline (chance): 12.50%
[18:20:50] Task 3 zero-shot (pre-train): 0.00%
[18:21:27] task=3  epoch=0  train_loss=0.5309
[18:21:30] task=3  epoch=END  time_sec=36.7  acc_task0=22.15  acc_task1=0.1  acc_task2=4.95  acc_task3=89.9
[18:21:30] 
============================================================
 Task 5/5  | Classes (8, 10)
============================================================
[18:21:30] Task 4 baseline (chance): 10.00%
[18:21:31] Task 4 zero-shot (pre-train): 0.00%
[18:22:16] task=4  epoch=0  train_loss=0.5022
[18:22:21] task=4  epoch=END  time_sec=44.9  acc_task0=1.0  acc_task1=4.1  acc_task2=7.7  acc_task3=26.6  acc_task4=91.75
[18:22:21] 
Final Metrics:
  avg_accuracy         +26.2300
  forgetting           +72.7250
  backward_transfer    -72.7250
  forward_transfer     -15.9667
[18:22:21] 
Done - run: split_cifar10_er_ewc_lambda100_seed456
[18:22:21] Metrics: {'avg_accuracy': 26.23, 'forgetting': 72.725, 'backward_transfer': -72.725, 'forward_transfer': -15.9667}
