[18:25:09] Starting: split_cifar10_er_ewc_lambda100_seed1024
[18:25:09] Config: {'dataset': 'split_cifar10', 'data_root': 'Project/data_local', 'model': 'slim_resnet18', 'pretrained': False, 'method': 'er_ewc', 'n_epochs': 1, 'batch_size': 32, 'num_workers': 0, 'lr': 0.03, 'momentum': 0.9, 'weight_decay': 0.0001, 'fp16': False, 'buffer_size': 200, 'ewc_lambda': 100.0, 'fisher_samples': 200, 'si_lambda': 1.0, 'si_xi': 0.1, 'der_alpha': 0.5, 'xder_beta': 0.5, 'lwf_lambda': 1.0, 'lwf_temp': 2.0, 'icarl_distill_w': 1.0, 'icarl_temp': 2.0, 'use_nmc': True, 'agem_mem_batch': 64, 'distill_lambda': 1.0, 'distill_temp': 2.0, 'pc_distill_w': 1.0, 'pc_ewc_lambda': 100.0, 'pc_compress_epochs': 3, 'er_replay_ratio': 0.5, 'joint_replay_epochs': 1, 'disable_tqdm': True, 'disable_checkpoints': True, 'disable_plots': True, 'seeds': [42, 123, 456, 789, 1024], 'results_root': 'results_phase3_ablations', 'checkpoint_dir': 'results/checkpoints', 'figure_dir': 'results_phase3_ablations\\figures', 'log_dir': 'results_phase3_ablations\\raw', 'run_tag': 'lambda100', 'run_name': 'split_cifar10_er_ewc_lambda100_seed1024', 'seed': 1024}
[18:25:09] Device: cuda
[18:25:11] Dataset: SplitCIFAR10(tasks=5, classes_per_task=2, scenario=class-il)
[18:25:11] 
============================================================
 Task 1/5  | Classes (0, 2)
============================================================
[18:25:11] Task 0 baseline (chance): 50.00%
[18:25:25] task=0  epoch=0  train_loss=0.377
[18:25:27] task=0  epoch=END  time_sec=14.7  acc_task0=84.9
[18:25:27] 
============================================================
 Task 2/5  | Classes (2, 4)
============================================================
[18:25:27] Task 1 baseline (chance): 25.00%
[18:25:28] Task 1 zero-shot (pre-train): 0.00%
[18:25:50] task=1  epoch=0  train_loss=0.6564
[18:25:52] task=1  epoch=END  time_sec=22.3  acc_task0=62.7  acc_task1=67.7
[18:25:52] 
============================================================
 Task 3/5  | Classes (4, 6)
============================================================
[18:25:52] Task 2 baseline (chance): 16.67%
[18:25:53] Task 2 zero-shot (pre-train): 0.00%
[18:26:23] task=2  epoch=0  train_loss=0.6403
[18:26:26] task=2  epoch=END  time_sec=30.0  acc_task0=32.45  acc_task1=5.75  acc_task2=80.95
[18:26:26] 
============================================================
 Task 4/5  | Classes (6, 8)
============================================================
[18:26:26] Task 3 baseline (chance): 12.50%
[18:26:27] Task 3 zero-shot (pre-train): 0.00%
[18:27:04] task=3  epoch=0  train_loss=0.4743
[18:27:08] task=3  epoch=END  time_sec=37.4  acc_task0=35.3  acc_task1=0.75  acc_task2=2.5  acc_task3=94.0
[18:27:08] 
============================================================
 Task 5/5  | Classes (8, 10)
============================================================
[18:27:08] Task 4 baseline (chance): 10.00%
[18:27:09] Task 4 zero-shot (pre-train): 0.00%
[18:27:53] task=4  epoch=0  train_loss=0.4413
[18:27:58] task=4  epoch=END  time_sec=44.5  acc_task0=6.9  acc_task1=3.0  acc_task2=3.05  acc_task3=29.0  acc_task4=90.9
[18:27:58] 
Final Metrics:
  avg_accuracy         +26.5700
  forgetting           +71.4000
  backward_transfer    -71.4000
  forward_transfer     -16.0417
[18:27:58] 
Done - run: split_cifar10_er_ewc_lambda100_seed1024
[18:27:58] Metrics: {'avg_accuracy': 26.57, 'forgetting': 71.4, 'backward_transfer': -71.4, 'forward_transfer': -16.0417}
