[03:46:24] Starting: split_cifar10_icarl_buf200_seed42
[03:46:24] Config: {'dataset': 'split_cifar10', 'data_root': 'F:\\Temp\\cf\\Catastrophic Forgetting\\research_v2\\Project\\data_local', 'dataset_image_size': None, 'dataset_out_channels': None, 'model': 'slim_resnet18', 'pretrained': False, 'model_image_size': None, 'method': 'icarl', 'n_epochs': 1, 'batch_size': 32, 'num_workers': 0, 'lr': 0.03, 'momentum': 0.9, 'weight_decay': 0.0001, 'fp16': False, 'buffer_size': 200, 'ewc_lambda': 100.0, 'fisher_samples': 200, 'si_lambda': 1.0, 'si_xi': 0.1, 'der_alpha': 0.5, 'xder_beta': 0.5, 'lwf_lambda': 1.0, 'lwf_temp': 2.0, 'icarl_distill_w': 1.0, 'icarl_temp': 2.0, 'use_nmc': True, 'agem_mem_batch': 64, 'distill_lambda': 1.0, 'distill_temp': 2.0, 'pc_distill_w': 1.0, 'pc_ewc_lambda': 100.0, 'pc_compress_epochs': 3, 'er_replay_ratio': 0.5, 'joint_replay_epochs': 1, 'disable_tqdm': True, 'disable_checkpoints': False, 'disable_plots': True, 'resume': False, 'cleanup_checkpoints_on_success': True, 'result_group': 'ablations', 'ablation_family': 'buffer', 'seeds': [42, 123, 456, 789, 1024], 'results_root': 'F:\\Temp\\cf\\Catastrophic Forgetting\\research_v2\\results', 'run_tag': 'buf200', 'seed': 42, 'run_name': 'split_cifar10_icarl_buf200_seed42', 'project_root': 'F:\\Temp\\cf\\Catastrophic Forgetting\\research_v2\\Project', 'workspace_root': 'F:\\Temp\\cf\\Catastrophic Forgetting\\research_v2', 'run_root': 'F:\\Temp\\cf\\Catastrophic Forgetting\\research_v2\\results\\ablations\\epoch_1\\split_cifar10\\buffer\\icarl__buf200\\seed_42', 'log_dir': 'F:\\Temp\\cf\\Catastrophic Forgetting\\research_v2\\results\\ablations\\epoch_1\\split_cifar10\\buffer\\icarl__buf200\\seed_42\\logs', 'metrics_dir': 'F:\\Temp\\cf\\Catastrophic Forgetting\\research_v2\\results\\ablations\\epoch_1\\split_cifar10\\buffer\\icarl__buf200\\seed_42\\metrics', 'checkpoint_dir': 'F:\\Temp\\cf\\Catastrophic Forgetting\\research_v2\\results\\ablations\\epoch_1\\split_cifar10\\buffer\\icarl__buf200\\seed_42\\checkpoints', 'artifact_dir': 'F:\\Temp\\cf\\Catastrophic Forgetting\\research_v2\\results\\ablations\\epoch_1\\split_cifar10\\buffer\\icarl__buf200\\seed_42\\artifacts', 'figure_dir': 'F:\\Temp\\cf\\Catastrophic Forgetting\\research_v2\\results\\figures\\ablations\\epoch_1\\split_cifar10\\buffer\\icarl__buf200\\seed_42'}
[03:46:24] Device: cuda
[03:46:26] Dataset: SplitCIFAR10(tasks=5, classes_per_task=2, scenario=class-il)
[03:46:26] 
============================================================
 Task 1/5  | Classes (0, 2)
============================================================
[03:46:26] Task 0 baseline (chance): 50.00%
[03:46:39] task=0  epoch=0  train_loss=0.5767
[03:46:48] task=0  epoch=END  time_sec=12.8  acc_task0=82.0
[03:46:48] 
============================================================
 Task 2/5  | Classes (2, 4)
============================================================
[03:46:48] Task 1 baseline (chance): 25.00%
[03:46:49] Task 1 zero-shot (pre-train): 0.00%
[03:47:04] task=1  epoch=0  train_loss=0.624
[03:47:14] task=1  epoch=END  time_sec=15.1  acc_task0=24.45  acc_task1=67.85
[03:47:15] 
============================================================
 Task 3/5  | Classes (4, 6)
============================================================
[03:47:15] Task 2 baseline (chance): 16.67%
[03:47:16] Task 2 zero-shot (pre-train): 0.00%
[03:47:31] task=2  epoch=0  train_loss=0.7077
[03:47:42] task=2  epoch=END  time_sec=15.4  acc_task0=47.35  acc_task1=10.1  acc_task2=38.65
[03:47:43] 
============================================================
 Task 4/5  | Classes (6, 8)
============================================================
[03:47:43] Task 3 baseline (chance): 12.50%
[03:47:44] Task 3 zero-shot (pre-train): 0.00%
[03:48:03] task=3  epoch=0  train_loss=0.7703
[03:48:14] task=3  epoch=END  time_sec=19.4  acc_task0=35.65  acc_task1=3.35  acc_task2=19.55  acc_task3=53.55
[03:48:15] 
============================================================
 Task 5/5  | Classes (8, 10)
============================================================
[03:48:15] Task 4 baseline (chance): 10.00%
[03:48:16] Task 4 zero-shot (pre-train): 0.00%
[03:48:42] task=4  epoch=0  train_loss=1.1177
[03:48:55] task=4  epoch=END  time_sec=26.6  acc_task0=21.3  acc_task1=13.2  acc_task2=10.8  acc_task3=56.1  acc_task4=38.3
[03:48:56] 
Final Metrics:
  avg_accuracy         +27.9400
  forgetting           +35.8000
  backward_transfer    -35.1625
  forward_transfer     -16.0417
[03:48:56] 
Done - run: split_cifar10_icarl_buf200_seed42
[03:48:56] Metrics: {'avg_accuracy': 27.94, 'forgetting': 35.8, 'backward_transfer': -35.1625, 'forward_transfer': -16.0417}
[03:48:57] Deleted 5 checkpoint(s) after successful completion.
