[01:42:00] Starting: permuted_mnist_der_nodistill_seed456
[01:42:00] Config: {'dataset': 'permuted_mnist', 'data_root': 'Project/data_local', 'model': 'resnet8', 'pretrained': False, 'method': 'der', 'n_epochs': 1, 'batch_size': 32, 'num_workers': 0, 'lr': 0.03, 'momentum': 0.9, 'weight_decay': 0.0001, 'fp16': False, 'buffer_size': 200, 'ewc_lambda': 100.0, 'fisher_samples': 200, 'si_lambda': 1.0, 'si_xi': 0.1, 'der_alpha': 0.0, 'xder_beta': 0.5, 'lwf_lambda': 1.0, 'lwf_temp': 2.0, 'icarl_distill_w': 1.0, 'icarl_temp': 2.0, 'use_nmc': True, 'agem_mem_batch': 64, 'distill_lambda': 1.0, 'distill_temp': 2.0, 'pc_distill_w': 1.0, 'pc_ewc_lambda': 100.0, 'pc_compress_epochs': 3, 'er_replay_ratio': 0.5, 'joint_replay_epochs': 1, 'disable_tqdm': True, 'disable_checkpoints': False, 'disable_plots': False, 'seeds': [42, 123, 456], 'results_root': 'results_phase3_interactions_plots', 'checkpoint_dir': 'results/checkpoints', 'figure_dir': 'results_phase3_interactions_plots\\figures', 'log_dir': 'results_phase3_interactions_plots\\raw', 'run_tag': 'nodistill', 'run_name': 'permuted_mnist_der_nodistill_seed456', 'seed': 456}
[01:42:00] Device: cuda
[01:42:00] Dataset: PermutedMNIST(tasks=10, classes_per_task=10, scenario=domain-il)
[01:42:00] 
============================================================
 Task 1/10  | Classes (0, 10)
============================================================
[01:42:00] Task 0 baseline (chance): 10.00%
[01:42:53] task=0  epoch=0  train_loss=0.3176
[01:42:57] task=0  epoch=END  time_sec=53.0  acc_task0=94.66
[01:42:57] 
============================================================
 Task 2/10  | Classes (0, 10)
============================================================
[01:42:57] Task 1 baseline (chance): 10.00%
[01:43:01] Task 1 zero-shot (pre-train): 7.73%
[01:43:54] task=1  epoch=0  train_loss=0.2518
[01:44:02] task=1  epoch=END  time_sec=53.0  acc_task0=42.19  acc_task1=95.83
[01:44:02] 
============================================================
 Task 3/10  | Classes (0, 10)
============================================================
[01:44:02] Task 2 baseline (chance): 10.00%
[01:44:07] Task 2 zero-shot (pre-train): 12.03%
[01:45:00] task=2  epoch=0  train_loss=0.2475
[01:45:12] task=2  epoch=END  time_sec=53.1  acc_task0=15.71  acc_task1=41.14  acc_task2=95.48
[01:45:12] 
============================================================
 Task 4/10  | Classes (0, 10)
============================================================
[01:45:12] Task 3 baseline (chance): 10.00%
[01:45:16] Task 3 zero-shot (pre-train): 11.68%
[01:46:09] task=3  epoch=0  train_loss=0.2427
[01:46:24] task=3  epoch=END  time_sec=52.9  acc_task0=15.48  acc_task1=17.24  acc_task2=55.04  acc_task3=94.81
[01:46:25] 
============================================================
 Task 5/10  | Classes (0, 10)
============================================================
[01:46:25] Task 4 baseline (chance): 10.00%
[01:46:29] Task 4 zero-shot (pre-train): 12.30%
[01:47:22] task=4  epoch=0  train_loss=0.2403
[01:47:42] task=4  epoch=END  time_sec=53.3  acc_task0=12.33  acc_task1=19.62  acc_task2=24.64  acc_task3=53.34  acc_task4=95.43
[01:47:42] 
============================================================
 Task 6/10  | Classes (0, 10)
============================================================
[01:47:42] Task 5 baseline (chance): 10.00%
[01:47:46] Task 5 zero-shot (pre-train): 12.97%
[01:48:39] task=5  epoch=0  train_loss=0.2469
[01:49:03] task=5  epoch=END  time_sec=53.0  acc_task0=13.75  acc_task1=13.66  acc_task2=19.58  acc_task3=23.77  acc_task4=52.04  acc_task5=95.96
[01:49:03] 
============================================================
 Task 7/10  | Classes (0, 10)
============================================================
[01:49:03] Task 6 baseline (chance): 10.00%
[01:49:08] Task 6 zero-shot (pre-train): 13.39%
[01:50:00] task=6  epoch=0  train_loss=0.2423
[01:50:29] task=6  epoch=END  time_sec=52.7  acc_task0=14.06  acc_task1=12.84  acc_task2=12.79  acc_task3=15.92  acc_task4=24.48  acc_task5=57.83  acc_task6=95.75
[01:50:29] 
============================================================
 Task 8/10  | Classes (0, 10)
============================================================
[01:50:29] Task 7 baseline (chance): 10.00%
[01:50:33] Task 7 zero-shot (pre-train): 9.06%
[01:51:26] task=7  epoch=0  train_loss=0.245
[01:51:58] task=7  epoch=END  time_sec=52.8  acc_task0=17.22  acc_task1=12.37  acc_task2=11.46  acc_task3=13.85  acc_task4=23.28  acc_task5=27.31  acc_task6=54.05  acc_task7=95.77
[01:51:58] 
============================================================
 Task 9/10  | Classes (0, 10)
============================================================
[01:51:58] Task 8 baseline (chance): 10.00%
[01:52:02] Task 8 zero-shot (pre-train): 16.71%
[01:52:55] task=8  epoch=0  train_loss=0.2408
[01:53:32] task=8  epoch=END  time_sec=53.0  acc_task0=13.45  acc_task1=17.91  acc_task2=7.6  acc_task3=24.06  acc_task4=21.74  acc_task5=16.18  acc_task6=32.07  acc_task7=53.16  acc_task8=96.0
[01:53:32] 
============================================================
 Task 10/10  | Classes (0, 10)
============================================================
[01:53:32] Task 9 baseline (chance): 10.00%
[01:53:36] Task 9 zero-shot (pre-train): 21.67%
[01:54:29] task=9  epoch=0  train_loss=0.2407
[01:55:09] task=9  epoch=END  time_sec=53.1  acc_task0=12.79  acc_task1=14.08  acc_task2=15.53  acc_task3=12.7  acc_task4=20.1  acc_task5=9.61  acc_task6=15.64  acc_task7=29.09  acc_task8=59.5  acc_task9=95.63
[01:55:09] 
Final Metrics:
  avg_accuracy         +28.4670
  forgetting           +74.5167
  backward_transfer    -74.5167
  forward_transfer     +3.0600
[01:55:10] 
Done - run: permuted_mnist_der_nodistill_seed456
[01:55:10] Metrics: {'avg_accuracy': 28.467, 'forgetting': 74.5167, 'backward_transfer': -74.5167, 'forward_transfer': 3.06}
