[01:08:10] Starting: permuted_mnist_der_nodistill_seed42
[01:08:10] Config: {'dataset': 'permuted_mnist', 'data_root': 'Project/data_local', 'model': 'resnet8', 'pretrained': False, 'method': 'der', 'n_epochs': 1, 'batch_size': 32, 'num_workers': 0, 'lr': 0.03, 'momentum': 0.9, 'weight_decay': 0.0001, 'fp16': False, 'buffer_size': 200, 'ewc_lambda': 100.0, 'fisher_samples': 200, 'si_lambda': 1.0, 'si_xi': 0.1, 'der_alpha': 0.0, 'xder_beta': 0.5, 'lwf_lambda': 1.0, 'lwf_temp': 2.0, 'icarl_distill_w': 1.0, 'icarl_temp': 2.0, 'use_nmc': True, 'agem_mem_batch': 64, 'distill_lambda': 1.0, 'distill_temp': 2.0, 'pc_distill_w': 1.0, 'pc_ewc_lambda': 100.0, 'pc_compress_epochs': 3, 'er_replay_ratio': 0.5, 'joint_replay_epochs': 1, 'disable_tqdm': True, 'disable_checkpoints': False, 'disable_plots': False, 'seeds': [42, 123, 456], 'results_root': 'results_phase3_interactions_plots', 'checkpoint_dir': 'results/checkpoints', 'figure_dir': 'results_phase3_interactions_plots\\figures', 'log_dir': 'results_phase3_interactions_plots\\raw', 'run_tag': 'nodistill', 'run_name': 'permuted_mnist_der_nodistill_seed42', 'seed': 42}
[01:08:10] Device: cuda
[01:08:10] Dataset: PermutedMNIST(tasks=10, classes_per_task=10, scenario=domain-il)
[01:08:10] 
============================================================
 Task 1/10  | Classes (0, 10)
============================================================
[01:08:10] Task 0 baseline (chance): 10.00%
[01:09:04] task=0  epoch=0  train_loss=0.3245
[01:09:07] task=0  epoch=END  time_sec=53.6  acc_task0=94.96
[01:09:07] 
============================================================
 Task 2/10  | Classes (0, 10)
============================================================
[01:09:07] Task 1 baseline (chance): 10.00%
[01:09:12] Task 1 zero-shot (pre-train): 8.22%
[01:10:05] task=1  epoch=0  train_loss=0.2528
[01:10:13] task=1  epoch=END  time_sec=53.2  acc_task0=38.29  acc_task1=95.57
[01:10:13] 
============================================================
 Task 3/10  | Classes (0, 10)
============================================================
[01:10:13] Task 2 baseline (chance): 10.00%
[01:10:17] Task 2 zero-shot (pre-train): 11.18%
[01:11:10] task=2  epoch=0  train_loss=0.2461
[01:11:22] task=2  epoch=END  time_sec=53.2  acc_task0=14.12  acc_task1=44.83  acc_task2=96.08
[01:11:22] 
============================================================
 Task 4/10  | Classes (0, 10)
============================================================
[01:11:22] Task 3 baseline (chance): 10.00%
[01:11:26] Task 3 zero-shot (pre-train): 10.96%
[01:12:20] task=3  epoch=0  train_loss=0.2404
[01:12:36] task=3  epoch=END  time_sec=53.5  acc_task0=11.23  acc_task1=15.6  acc_task2=46.77  acc_task3=95.8
[01:12:36] 
============================================================
 Task 5/10  | Classes (0, 10)
============================================================
[01:12:36] Task 4 baseline (chance): 10.00%
[01:12:40] Task 4 zero-shot (pre-train): 9.05%
[01:13:33] task=4  epoch=0  train_loss=0.233
[01:13:53] task=4  epoch=END  time_sec=53.3  acc_task0=11.28  acc_task1=14.91  acc_task2=25.69  acc_task3=59.22  acc_task4=95.65
[01:13:54] 
============================================================
 Task 6/10  | Classes (0, 10)
============================================================
[01:13:54] Task 5 baseline (chance): 10.00%
[01:13:58] Task 5 zero-shot (pre-train): 9.19%
[01:14:51] task=5  epoch=0  train_loss=0.2435
[01:15:16] task=5  epoch=END  time_sec=53.5  acc_task0=13.14  acc_task1=7.68  acc_task2=17.32  acc_task3=24.18  acc_task4=53.8  acc_task5=95.89
[01:15:16] 
============================================================
 Task 7/10  | Classes (0, 10)
============================================================
[01:15:16] Task 6 baseline (chance): 10.00%
[01:15:20] Task 6 zero-shot (pre-train): 15.81%
[01:16:13] task=6  epoch=0  train_loss=0.2444
[01:16:41] task=6  epoch=END  time_sec=53.4  acc_task0=16.74  acc_task1=12.82  acc_task2=16.24  acc_task3=15.22  acc_task4=29.81  acc_task5=59.55  acc_task6=94.72
[01:16:42] 
============================================================
 Task 8/10  | Classes (0, 10)
============================================================
[01:16:42] Task 7 baseline (chance): 10.00%
[01:16:46] Task 7 zero-shot (pre-train): 10.77%
[01:17:39] task=7  epoch=0  train_loss=0.2395
[01:18:12] task=7  epoch=END  time_sec=53.6  acc_task0=14.54  acc_task1=16.05  acc_task2=17.19  acc_task3=16.79  acc_task4=21.1  acc_task5=31.5  acc_task6=57.2  acc_task7=95.17
[01:18:12] 
============================================================
 Task 9/10  | Classes (0, 10)
============================================================
[01:18:12] Task 8 baseline (chance): 10.00%
[01:18:16] Task 8 zero-shot (pre-train): 16.46%
[01:19:09] task=8  epoch=0  train_loss=0.2455
[01:19:46] task=8  epoch=END  time_sec=53.1  acc_task0=14.73  acc_task1=13.73  acc_task2=11.51  acc_task3=16.28  acc_task4=13.7  acc_task5=15.52  acc_task6=27.74  acc_task7=47.64  acc_task8=95.3
[01:19:46] 
============================================================
 Task 10/10  | Classes (0, 10)
============================================================
[01:19:46] Task 9 baseline (chance): 10.00%
[01:19:50] Task 9 zero-shot (pre-train): 15.65%
[01:20:43] task=9  epoch=0  train_loss=0.2358
[01:21:24] task=9  epoch=END  time_sec=53.5  acc_task0=12.14  acc_task1=10.84  acc_task2=12.61  acc_task3=14.8  acc_task4=13.09  acc_task5=10.59  acc_task6=16.71  acc_task7=25.9  acc_task8=51.28  acc_task9=95.82
[01:21:24] 
Final Metrics:
  avg_accuracy         +26.3780
  forgetting           +76.7978
  backward_transfer    -76.7978
  forward_transfer     +1.9211
[01:21:24] 
Done - run: permuted_mnist_der_nodistill_seed42
[01:21:24] Metrics: {'avg_accuracy': 26.378, 'forgetting': 76.7978, 'backward_transfer': -76.7978, 'forward_transfer': 1.9211}
