[01:19:24] Starting: split_cifar10_ewc_seed789
[01:19:24] Config: {'dataset': 'split_cifar10', 'data_root': 'F:\\Temp\\cf\\Catastrophic Forgetting\\research_v2\\Project\\data_local', 'dataset_image_size': None, 'dataset_out_channels': None, 'model': 'slim_resnet18', 'pretrained': False, 'model_image_size': None, 'method': 'ewc', 'n_epochs': 1, 'batch_size': 32, 'num_workers': 0, 'lr': 0.03, 'momentum': 0.9, 'weight_decay': 0.0001, 'fp16': False, 'buffer_size': 200, 'ewc_lambda': 100.0, 'fisher_samples': 200, 'si_lambda': 1.0, 'si_xi': 0.1, 'der_alpha': 0.5, 'xder_beta': 0.5, 'lwf_lambda': 1.0, 'lwf_temp': 2.0, 'icarl_distill_w': 1.0, 'icarl_temp': 2.0, 'use_nmc': True, 'agem_mem_batch': 64, 'distill_lambda': 1.0, 'distill_temp': 2.0, 'pc_distill_w': 1.0, 'pc_ewc_lambda': 100.0, 'pc_compress_epochs': 3, 'er_replay_ratio': 0.5, 'joint_replay_epochs': 1, 'disable_tqdm': True, 'disable_checkpoints': False, 'disable_plots': False, 'resume': True, 'cleanup_checkpoints_on_success': True, 'result_group': 'runs', 'ablation_family': None, 'seeds': [42, 123, 456, 789, 1024], 'results_root': 'F:\\Temp\\cf\\Catastrophic Forgetting\\research_v2\\results', 'seed': 789, 'run_name': 'split_cifar10_ewc_seed789', 'project_root': 'F:\\Temp\\cf\\Catastrophic Forgetting\\research_v2\\Project', 'workspace_root': 'F:\\Temp\\cf\\Catastrophic Forgetting\\research_v2', 'run_root': 'F:\\Temp\\cf\\Catastrophic Forgetting\\research_v2\\results\\runs\\epoch_1\\split_cifar10\\baselines\\ewc\\seed_789', 'log_dir': 'F:\\Temp\\cf\\Catastrophic Forgetting\\research_v2\\results\\runs\\epoch_1\\split_cifar10\\baselines\\ewc\\seed_789\\logs', 'metrics_dir': 'F:\\Temp\\cf\\Catastrophic Forgetting\\research_v2\\results\\runs\\epoch_1\\split_cifar10\\baselines\\ewc\\seed_789\\metrics', 'checkpoint_dir': 'F:\\Temp\\cf\\Catastrophic Forgetting\\research_v2\\results\\runs\\epoch_1\\split_cifar10\\baselines\\ewc\\seed_789\\checkpoints', 'artifact_dir': 'F:\\Temp\\cf\\Catastrophic Forgetting\\research_v2\\results\\runs\\epoch_1\\split_cifar10\\baselines\\ewc\\seed_789\\artifacts', 'figure_dir': 'F:\\Temp\\cf\\Catastrophic Forgetting\\research_v2\\results\\figures\\epoch_1\\split_cifar10\\baselines\\ewc\\seed_789'}
[01:19:24] Device: cuda
[01:19:26] Dataset: SplitCIFAR10(tasks=5, classes_per_task=2, scenario=class-il)
[01:19:26] 
============================================================
 Task 1/5  | Classes (0, 2)
============================================================
[01:19:26] Task 0 baseline (chance): 50.00%
[01:19:37] task=0  epoch=0  train_loss=0.5285
[01:19:38] task=0  epoch=END  time_sec=10.8  acc_task0=80.15
[01:19:38] 
============================================================
 Task 2/5  | Classes (2, 4)
============================================================
[01:19:38] Task 1 baseline (chance): 25.00%
[01:19:39] Task 1 zero-shot (pre-train): 4.90%
[01:19:57] task=1  epoch=0  train_loss=0.6267
[01:19:58] task=1  epoch=END  time_sec=17.7  acc_task0=0.0  acc_task1=72.5
[01:19:59] 
============================================================
 Task 3/5  | Classes (4, 6)
============================================================
[01:19:59] Task 2 baseline (chance): 16.67%
[01:19:59] Task 2 zero-shot (pre-train): 0.00%
[01:20:22] task=2  epoch=0  train_loss=0.6459
[01:20:24] task=2  epoch=END  time_sec=22.9  acc_task0=0.0  acc_task1=0.0  acc_task2=76.75
[01:20:24] 
============================================================
 Task 4/5  | Classes (6, 8)
============================================================
[01:20:24] Task 3 baseline (chance): 12.50%
[01:20:25] Task 3 zero-shot (pre-train): 0.00%
[01:20:45] task=3  epoch=0  train_loss=0.6354
[01:20:48] task=3  epoch=END  time_sec=20.5  acc_task0=0.0  acc_task1=0.0  acc_task2=0.0  acc_task3=87.4
[01:20:48] 
============================================================
 Task 5/5  | Classes (8, 10)
============================================================
[01:20:48] Task 4 baseline (chance): 10.00%
[01:20:49] Task 4 zero-shot (pre-train): 0.00%
[01:21:15] task=4  epoch=0  train_loss=0.6942
[01:21:18] task=4  epoch=END  time_sec=26.3  acc_task0=0.0  acc_task1=0.0  acc_task2=0.0  acc_task3=0.0  acc_task4=86.0
[01:21:18] 
Final Metrics:
  avg_accuracy         +17.2000
  forgetting           +79.2000
  backward_transfer    -79.2000
  forward_transfer     -14.8167
[01:21:19] 
Done - run: split_cifar10_ewc_seed789
[01:21:19] Metrics: {'avg_accuracy': 17.2, 'forgetting': 79.2, 'backward_transfer': -79.2, 'forward_transfer': -14.8167}
[01:21:19] Deleted 5 checkpoint(s) after successful completion.
