[13:31:54] Starting: split_cifar10_icarl_nonmc_seed123
[13:31:54] Config: {'dataset': 'split_cifar10', 'data_root': 'F:\\Temp\\cf\\Catastrophic Forgetting\\research_v2\\Project\\data_local', 'dataset_image_size': None, 'dataset_out_channels': None, 'model': 'slim_resnet18', 'pretrained': False, 'model_image_size': None, 'method': 'icarl', 'n_epochs': 1, 'batch_size': 32, 'num_workers': 0, 'lr': 0.03, 'momentum': 0.9, 'weight_decay': 0.0001, 'fp16': False, 'buffer_size': 200, 'ewc_lambda': 100.0, 'fisher_samples': 200, 'si_lambda': 1.0, 'si_xi': 0.1, 'der_alpha': 0.5, 'xder_beta': 0.5, 'lwf_lambda': 1.0, 'lwf_temp': 2.0, 'icarl_distill_w': 1.0, 'icarl_temp': 2.0, 'use_nmc': False, 'agem_mem_batch': 64, 'distill_lambda': 1.0, 'distill_temp': 2.0, 'pc_distill_w': 1.0, 'pc_ewc_lambda': 100.0, 'pc_compress_epochs': 3, 'er_replay_ratio': 0.5, 'joint_replay_epochs': 1, 'disable_tqdm': True, 'disable_checkpoints': False, 'disable_plots': False, 'resume': False, 'cleanup_checkpoints_on_success': True, 'result_group': 'ablations', 'ablation_family': 'interaction', 'seeds': [42, 123, 456], 'results_root': 'F:\\Temp\\cf\\Catastrophic Forgetting\\research_v2\\results', 'run_tag': 'nonmc', 'seed': 123, 'run_name': 'split_cifar10_icarl_nonmc_seed123', 'project_root': 'F:\\Temp\\cf\\Catastrophic Forgetting\\research_v2\\Project', 'workspace_root': 'F:\\Temp\\cf\\Catastrophic Forgetting\\research_v2', 'run_root': 'F:\\Temp\\cf\\Catastrophic Forgetting\\research_v2\\results\\ablations\\epoch_1\\split_cifar10\\interaction\\icarl__nonmc\\seed_123', 'log_dir': 'F:\\Temp\\cf\\Catastrophic Forgetting\\research_v2\\results\\ablations\\epoch_1\\split_cifar10\\interaction\\icarl__nonmc\\seed_123\\logs', 'metrics_dir': 'F:\\Temp\\cf\\Catastrophic Forgetting\\research_v2\\results\\ablations\\epoch_1\\split_cifar10\\interaction\\icarl__nonmc\\seed_123\\metrics', 'checkpoint_dir': 'F:\\Temp\\cf\\Catastrophic Forgetting\\research_v2\\results\\ablations\\epoch_1\\split_cifar10\\interaction\\icarl__nonmc\\seed_123\\checkpoints', 'artifact_dir': 'F:\\Temp\\cf\\Catastrophic Forgetting\\research_v2\\results\\ablations\\epoch_1\\split_cifar10\\interaction\\icarl__nonmc\\seed_123\\artifacts', 'figure_dir': 'F:\\Temp\\cf\\Catastrophic Forgetting\\research_v2\\results\\figures\\ablations\\epoch_1\\split_cifar10\\interaction\\icarl__nonmc\\seed_123'}
[13:31:54] Device: cuda
[13:31:56] Dataset: SplitCIFAR10(tasks=5, classes_per_task=2, scenario=class-il)
[13:31:56] 
============================================================
 Task 1/5  | Classes (0, 2)
============================================================
[13:31:56] Task 0 baseline (chance): 50.00%
[13:32:05] task=0  epoch=0  train_loss=0.5361
[13:32:10] task=0  epoch=END  time_sec=9.2  acc_task0=84.9
[13:32:11] 
============================================================
 Task 2/5  | Classes (2, 4)
============================================================
[13:32:11] Task 1 baseline (chance): 25.00%
[13:32:11] Task 1 zero-shot (pre-train): 0.20%
[13:32:28] task=1  epoch=0  train_loss=0.6674
[13:32:34] task=1  epoch=END  time_sec=17.0  acc_task0=0.0  acc_task1=69.35
[13:32:34] 
============================================================
 Task 3/5  | Classes (4, 6)
============================================================
[13:32:34] Task 2 baseline (chance): 16.67%
[13:32:35] Task 2 zero-shot (pre-train): 0.00%
[13:32:52] task=2  epoch=0  train_loss=0.6851
[13:32:58] task=2  epoch=END  time_sec=17.0  acc_task0=0.0  acc_task1=0.0  acc_task2=78.7
[13:32:59] 
============================================================
 Task 4/5  | Classes (6, 8)
============================================================
[13:32:59] Task 3 baseline (chance): 12.50%
[13:32:59] Task 3 zero-shot (pre-train): 0.00%
[13:33:16] task=3  epoch=0  train_loss=0.7174
[13:33:23] task=3  epoch=END  time_sec=17.1  acc_task0=0.0  acc_task1=0.0  acc_task2=0.0  acc_task3=87.15
[13:33:24] 
============================================================
 Task 5/5  | Classes (8, 10)
============================================================
[13:33:24] Task 4 baseline (chance): 10.00%
[13:33:24] Task 4 zero-shot (pre-train): 0.00%
[13:33:41] task=4  epoch=0  train_loss=0.8957
[13:33:48] task=4  epoch=END  time_sec=16.9  acc_task0=0.0  acc_task1=0.0  acc_task2=0.0  acc_task3=0.0  acc_task4=84.55
[13:33:49] 
Final Metrics:
  avg_accuracy         +16.9100
  forgetting           +80.0250
  backward_transfer    -80.0250
  forward_transfer     -15.9917
[13:33:50] 
Done - run: split_cifar10_icarl_nonmc_seed123
[13:33:50] Metrics: {'avg_accuracy': 16.91, 'forgetting': 80.025, 'backward_transfer': -80.025, 'forward_transfer': -15.9917}
[13:33:50] Deleted 5 checkpoint(s) after successful completion.
