[23:45:32] Starting: split_cifar100_er_ewc_seed789
[23:45:32] Config: {'dataset': 'split_cifar100', 'data_root': 'Project/data_local', 'model': 'slim_resnet18', 'pretrained': False, 'method': 'er_ewc', 'n_epochs': 1, 'batch_size': 32, 'num_workers': 0, 'lr': 0.03, 'momentum': 0.9, 'weight_decay': 0.0001, 'fp16': True, 'buffer_size': 200, 'ewc_lambda': 100.0, 'fisher_samples': 200, 'si_lambda': 1.0, 'si_xi': 0.1, 'der_alpha': 0.5, 'xder_beta': 0.5, 'lwf_lambda': 1.0, 'lwf_temp': 2.0, 'icarl_distill_w': 1.0, 'icarl_temp': 2.0, 'use_nmc': True, 'agem_mem_batch': 64, 'distill_lambda': 1.0, 'distill_temp': 2.0, 'pc_distill_w': 1.0, 'pc_ewc_lambda': 100.0, 'pc_compress_epochs': 3, 'er_replay_ratio': 0.5, 'joint_replay_epochs': 1, 'disable_tqdm': True, 'disable_checkpoints': True, 'disable_plots': False, 'seeds': [42, 123, 456, 789, 1024], 'results_root': 'results_phase3_fwt', 'checkpoint_dir': 'results/checkpoints', 'figure_dir': 'results_phase3_fwt/figures', 'log_dir': 'results_phase3_fwt/raw', 'run_name': 'split_cifar100_er_ewc_seed789', 'seed': 789}
[23:45:32] Device: cuda
[23:45:33] Dataset: SplitCIFAR100(tasks=20, classes_per_task=5, scenario=class-il)
[23:45:34] 
============================================================
 Task 1/20  | Classes (0, 5)
============================================================
[23:45:34] Task 0 baseline (chance): 20.00%
[23:45:38] task=0  epoch=0  train_loss=1.2309
[23:45:38] task=0  epoch=END  time_sec=4.2  acc_task0=48.6
[23:45:38] 
============================================================
 Task 2/20  | Classes (5, 10)
============================================================
[23:45:38] Task 1 baseline (chance): 10.00%
[23:45:38] Task 1 zero-shot (pre-train): 0.00%
[23:45:44] task=1  epoch=0  train_loss=1.9459
[23:45:45] task=1  epoch=END  time_sec=6.0  acc_task0=14.2  acc_task1=29.2
[23:45:45] 
============================================================
 Task 3/20  | Classes (10, 15)
============================================================
[23:45:45] Task 2 baseline (chance): 6.67%
[23:45:45] Task 2 zero-shot (pre-train): 0.00%
[23:45:53] task=2  epoch=0  train_loss=1.8811
[23:45:54] task=2  epoch=END  time_sec=8.1  acc_task0=4.0  acc_task1=1.0  acc_task2=47.0
[23:45:54] 
============================================================
 Task 4/20  | Classes (15, 20)
============================================================
[23:45:54] Task 3 baseline (chance): 5.00%
[23:45:55] Task 3 zero-shot (pre-train): 0.00%
[23:46:05] task=3  epoch=0  train_loss=1.8365
[23:46:06] task=3  epoch=END  time_sec=10.4  acc_task0=19.0  acc_task1=8.0  acc_task2=1.0  acc_task3=48.6
[23:46:06] 
============================================================
 Task 5/20  | Classes (20, 25)
============================================================
[23:46:06] Task 4 baseline (chance): 4.00%
[23:46:06] Task 4 zero-shot (pre-train): 0.00%
[23:46:18] task=4  epoch=0  train_loss=1.6908
[23:46:20] task=4  epoch=END  time_sec=12.3  acc_task0=11.2  acc_task1=1.6  acc_task2=3.8  acc_task3=14.8  acc_task4=46.2
[23:46:20] 
============================================================
 Task 6/20  | Classes (25, 30)
============================================================
[23:46:20] Task 5 baseline (chance): 3.33%
[23:46:20] Task 5 zero-shot (pre-train): 0.00%
[23:46:34] task=5  epoch=0  train_loss=1.9128
[23:46:36] task=5  epoch=END  time_sec=14.5  acc_task0=3.8  acc_task1=3.2  acc_task2=4.2  acc_task3=6.4  acc_task4=5.0  acc_task5=44.2
[23:46:36] 
============================================================
 Task 7/20  | Classes (30, 35)
============================================================
[23:46:36] Task 6 baseline (chance): 2.86%
[23:46:36] Task 6 zero-shot (pre-train): 0.00%
[23:46:53] task=6  epoch=0  train_loss=1.6244
[23:46:55] task=6  epoch=END  time_sec=16.6  acc_task0=12.6  acc_task1=2.6  acc_task2=1.2  acc_task3=2.0  acc_task4=2.6  acc_task5=2.2  acc_task6=54.2
[23:46:55] 
============================================================
 Task 8/20  | Classes (35, 40)
============================================================
[23:46:55] Task 7 baseline (chance): 2.50%
[23:46:55] Task 7 zero-shot (pre-train): 0.00%
[23:47:13] task=7  epoch=0  train_loss=1.8065
[23:47:15] task=7  epoch=END  time_sec=18.5  acc_task0=2.0  acc_task1=1.0  acc_task2=1.8  acc_task3=1.8  acc_task4=3.0  acc_task5=3.4  acc_task6=8.0  acc_task7=54.8
[23:47:15] 
============================================================
 Task 9/20  | Classes (40, 45)
============================================================
[23:47:15] Task 8 baseline (chance): 2.22%
[23:47:15] Task 8 zero-shot (pre-train): 0.00%
[23:47:35] task=8  epoch=0  train_loss=1.6842
[23:47:38] task=8  epoch=END  time_sec=20.1  acc_task0=4.0  acc_task1=1.8  acc_task2=0.2  acc_task3=1.4  acc_task4=1.2  acc_task5=1.6  acc_task6=10.0  acc_task7=12.2  acc_task8=58.8
[23:47:38] 
============================================================
 Task 10/20  | Classes (45, 50)
============================================================
[23:47:38] Task 9 baseline (chance): 2.00%
[23:47:38] Task 9 zero-shot (pre-train): 0.00%
[23:48:00] task=9  epoch=0  train_loss=1.4994
[23:48:02] task=9  epoch=END  time_sec=21.9  acc_task0=1.6  acc_task1=1.0  acc_task2=0.0  acc_task3=4.0  acc_task4=8.2  acc_task5=6.2  acc_task6=6.4  acc_task7=6.6  acc_task8=9.4  acc_task9=62.4
[23:48:02] 
============================================================
 Task 11/20  | Classes (50, 55)
============================================================
[23:48:02] Task 10 baseline (chance): 1.82%
[23:48:02] Task 10 zero-shot (pre-train): 0.00%
[23:48:26] task=10  epoch=0  train_loss=1.4563
[23:48:28] task=10  epoch=END  time_sec=23.4  acc_task0=2.2  acc_task1=0.0  acc_task2=0.0  acc_task3=0.2  acc_task4=11.6  acc_task5=1.2  acc_task6=10.0  acc_task7=2.2  acc_task8=1.2  acc_task9=1.0  acc_task10=77.4
[23:48:28] 
============================================================
 Task 12/20  | Classes (55, 60)
============================================================
[23:48:28] Task 11 baseline (chance): 1.67%
[23:48:29] Task 11 zero-shot (pre-train): 0.00%
[23:48:53] task=11  epoch=0  train_loss=1.6384
[23:48:56] task=11  epoch=END  time_sec=24.9  acc_task0=1.8  acc_task1=2.0  acc_task2=0.4  acc_task3=0.0  acc_task4=2.2  acc_task5=0.2  acc_task6=5.0  acc_task7=0.4  acc_task8=3.0  acc_task9=0.8  acc_task10=1.8  acc_task11=45.6
[23:48:56] 
============================================================
 Task 13/20  | Classes (60, 65)
============================================================
[23:48:56] Task 12 baseline (chance): 1.54%
[23:48:56] Task 12 zero-shot (pre-train): 0.00%
[23:49:23] task=12  epoch=0  train_loss=1.4291
[23:49:26] task=12  epoch=END  time_sec=26.7  acc_task0=0.0  acc_task1=0.0  acc_task2=0.0  acc_task3=1.6  acc_task4=1.0  acc_task5=0.0  acc_task6=5.2  acc_task7=2.0  acc_task8=0.6  acc_task9=0.2  acc_task10=7.2  acc_task11=0.0  acc_task12=70.0
[23:49:26] 
============================================================
 Task 14/20  | Classes (65, 70)
============================================================
[23:49:26] Task 13 baseline (chance): 1.43%
[23:49:26] Task 13 zero-shot (pre-train): 0.00%
[23:49:54] task=13  epoch=0  train_loss=1.7166
[23:49:58] task=13  epoch=END  time_sec=28.0  acc_task0=0.2  acc_task1=0.0  acc_task2=0.0  acc_task3=0.2  acc_task4=2.4  acc_task5=0.8  acc_task6=1.0  acc_task7=0.2  acc_task8=0.4  acc_task9=1.8  acc_task10=16.2  acc_task11=0.8  acc_task12=0.2  acc_task13=64.6
[23:49:58] 
============================================================
 Task 15/20  | Classes (70, 75)
============================================================
[23:49:58] Task 14 baseline (chance): 1.33%
[23:49:58] Task 14 zero-shot (pre-train): 0.00%
[23:50:28] task=14  epoch=0  train_loss=1.5202
[23:50:32] task=14  epoch=END  time_sec=30.1  acc_task0=0.0  acc_task1=0.0  acc_task2=0.0  acc_task3=0.4  acc_task4=1.2  acc_task5=0.0  acc_task6=1.2  acc_task7=2.8  acc_task8=0.2  acc_task9=0.6  acc_task10=3.4  acc_task11=0.8  acc_task12=2.6  acc_task13=0.0  acc_task14=77.8
[23:50:32] 
============================================================
 Task 16/20  | Classes (75, 80)
============================================================
[23:50:32] Task 15 baseline (chance): 1.25%
[23:50:32] Task 15 zero-shot (pre-train): 0.00%
[23:51:03] task=15  epoch=0  train_loss=1.7722
[23:51:07] task=15  epoch=END  time_sec=31.6  acc_task0=0.4  acc_task1=0.0  acc_task2=0.2  acc_task3=0.0  acc_task4=0.0  acc_task5=0.0  acc_task6=1.6  acc_task7=0.4  acc_task8=1.2  acc_task9=0.0  acc_task10=7.2  acc_task11=0.4  acc_task12=5.6  acc_task13=1.0  acc_task14=15.0  acc_task15=66.4
[23:51:07] 
============================================================
 Task 17/20  | Classes (80, 85)
============================================================
[23:51:07] Task 16 baseline (chance): 1.18%
[23:51:07] Task 16 zero-shot (pre-train): 0.00%
[23:51:40] task=16  epoch=0  train_loss=1.6039
[23:51:44] task=16  epoch=END  time_sec=32.8  acc_task0=1.0  acc_task1=0.0  acc_task2=0.0  acc_task3=0.0  acc_task4=0.2  acc_task5=0.0  acc_task6=3.4  acc_task7=0.4  acc_task8=0.6  acc_task9=0.0  acc_task10=5.0  acc_task11=2.0  acc_task12=8.2  acc_task13=1.6  acc_task14=7.6  acc_task15=2.2  acc_task16=77.6
[23:51:44] 
============================================================
 Task 18/20  | Classes (85, 90)
============================================================
[23:51:44] Task 17 baseline (chance): 1.11%
[23:51:44] Task 17 zero-shot (pre-train): 0.00%
[23:52:18] task=17  epoch=0  train_loss=1.7781
[23:52:22] task=17  epoch=END  time_sec=34.3  acc_task0=0.0  acc_task1=0.0  acc_task2=0.0  acc_task3=0.0  acc_task4=0.0  acc_task5=0.2  acc_task6=3.4  acc_task7=0.2  acc_task8=0.4  acc_task9=0.0  acc_task10=2.0  acc_task11=0.4  acc_task12=1.0  acc_task13=0.0  acc_task14=9.4  acc_task15=0.0  acc_task16=2.8  acc_task17=58.4
[23:52:22] 
============================================================
 Task 19/20  | Classes (90, 95)
============================================================
[23:52:22] Task 18 baseline (chance): 1.05%
[23:52:23] Task 18 zero-shot (pre-train): 0.00%
[23:52:59] task=18  epoch=0  train_loss=1.6497
[23:53:04] task=18  epoch=END  time_sec=36.6  acc_task0=0.0  acc_task1=0.0  acc_task2=0.0  acc_task3=0.0  acc_task4=2.0  acc_task5=0.0  acc_task6=1.8  acc_task7=0.4  acc_task8=0.2  acc_task9=0.2  acc_task10=0.4  acc_task11=0.6  acc_task12=1.4  acc_task13=0.0  acc_task14=8.6  acc_task15=0.0  acc_task16=0.0  acc_task17=0.0  acc_task18=76.4
[23:53:04] 
============================================================
 Task 20/20  | Classes (95, 100)
============================================================
[23:53:04] Task 19 baseline (chance): 1.00%
[23:53:04] Task 19 zero-shot (pre-train): 0.00%
[23:53:42] task=19  epoch=0  train_loss=1.7519
[23:53:46] task=19  epoch=END  time_sec=38.0  acc_task0=0.0  acc_task1=0.2  acc_task2=0.0  acc_task3=0.0  acc_task4=0.0  acc_task5=0.2  acc_task6=0.0  acc_task7=0.6  acc_task8=0.0  acc_task9=0.0  acc_task10=0.2  acc_task11=0.0  acc_task12=1.6  acc_task13=0.0  acc_task14=1.8  acc_task15=0.2  acc_task16=1.2  acc_task17=1.0  acc_task18=0.2  acc_task19=75.8
[23:53:46] 
Final Metrics:
  avg_accuracy         +4.1500
  forgetting           +57.9474
  backward_transfer    -57.9474
  forward_transfer     -2.7345
[23:53:47] 
Done - run: split_cifar100_er_ewc_seed789
[23:53:47] Metrics: {'avg_accuracy': 4.15, 'forgetting': 57.9474, 'backward_transfer': -57.9474, 'forward_transfer': -2.7345}
