[23:53:47] Starting: split_cifar100_er_ewc_seed1024
[23:53:47] Config: {'dataset': 'split_cifar100', 'data_root': 'Project/data_local', 'model': 'slim_resnet18', 'pretrained': False, 'method': 'er_ewc', 'n_epochs': 1, 'batch_size': 32, 'num_workers': 0, 'lr': 0.03, 'momentum': 0.9, 'weight_decay': 0.0001, 'fp16': True, 'buffer_size': 200, 'ewc_lambda': 100.0, 'fisher_samples': 200, 'si_lambda': 1.0, 'si_xi': 0.1, 'der_alpha': 0.5, 'xder_beta': 0.5, 'lwf_lambda': 1.0, 'lwf_temp': 2.0, 'icarl_distill_w': 1.0, 'icarl_temp': 2.0, 'use_nmc': True, 'agem_mem_batch': 64, 'distill_lambda': 1.0, 'distill_temp': 2.0, 'pc_distill_w': 1.0, 'pc_ewc_lambda': 100.0, 'pc_compress_epochs': 3, 'er_replay_ratio': 0.5, 'joint_replay_epochs': 1, 'disable_tqdm': True, 'disable_checkpoints': True, 'disable_plots': False, 'seeds': [42, 123, 456, 789, 1024], 'results_root': 'results_phase3_fwt', 'checkpoint_dir': 'results/checkpoints', 'figure_dir': 'results_phase3_fwt/figures', 'log_dir': 'results_phase3_fwt/raw', 'run_name': 'split_cifar100_er_ewc_seed1024', 'seed': 1024}
[23:53:47] Device: cuda
[23:53:49] Dataset: SplitCIFAR100(tasks=20, classes_per_task=5, scenario=class-il)
[23:53:49] 
============================================================
 Task 1/20  | Classes (0, 5)
============================================================
[23:53:49] Task 0 baseline (chance): 20.00%
[23:53:53] task=0  epoch=0  train_loss=1.4
[23:53:54] task=0  epoch=END  time_sec=4.0  acc_task0=44.4
[23:53:54] 
============================================================
 Task 2/20  | Classes (5, 10)
============================================================
[23:53:54] Task 1 baseline (chance): 10.00%
[23:53:54] Task 1 zero-shot (pre-train): 0.00%
[23:54:00] task=1  epoch=0  train_loss=1.998
[23:54:01] task=1  epoch=END  time_sec=6.0  acc_task0=7.6  acc_task1=36.8
[23:54:01] 
============================================================
 Task 3/20  | Classes (10, 15)
============================================================
[23:54:01] Task 2 baseline (chance): 6.67%
[23:54:01] Task 2 zero-shot (pre-train): 0.00%
[23:54:09] task=2  epoch=0  train_loss=2.0409
[23:54:10] task=2  epoch=END  time_sec=8.0  acc_task0=3.2  acc_task1=0.4  acc_task2=46.8
[23:54:10] 
============================================================
 Task 4/20  | Classes (15, 20)
============================================================
[23:54:10] Task 3 baseline (chance): 5.00%
[23:54:10] Task 3 zero-shot (pre-train): 0.00%
[23:54:20] task=3  epoch=0  train_loss=2.0996
[23:54:21] task=3  epoch=END  time_sec=10.2  acc_task0=5.2  acc_task1=1.0  acc_task2=3.6  acc_task3=53.0
[23:54:21] 
============================================================
 Task 5/20  | Classes (20, 25)
============================================================
[23:54:21] Task 4 baseline (chance): 4.00%
[23:54:22] Task 4 zero-shot (pre-train): 0.00%
[23:54:34] task=4  epoch=0  train_loss=2.0767
[23:54:35] task=4  epoch=END  time_sec=12.3  acc_task0=3.2  acc_task1=4.8  acc_task2=2.2  acc_task3=11.8  acc_task4=65.2
[23:54:35] 
============================================================
 Task 6/20  | Classes (25, 30)
============================================================
[23:54:35] Task 5 baseline (chance): 3.33%
[23:54:35] Task 5 zero-shot (pre-train): 0.00%
[23:54:50] task=5  epoch=0  train_loss=2.3703
[23:54:52] task=5  epoch=END  time_sec=14.6  acc_task0=6.6  acc_task1=3.8  acc_task2=8.6  acc_task3=11.4  acc_task4=2.8  acc_task5=40.0
[23:54:52] 
============================================================
 Task 7/20  | Classes (30, 35)
============================================================
[23:54:52] Task 6 baseline (chance): 2.86%
[23:54:52] Task 6 zero-shot (pre-train): 0.00%
[23:55:08] task=6  epoch=0  train_loss=2.1248
[23:55:10] task=6  epoch=END  time_sec=16.4  acc_task0=2.0  acc_task1=0.6  acc_task2=4.6  acc_task3=6.0  acc_task4=1.8  acc_task5=0.0  acc_task6=53.4
[23:55:10] 
============================================================
 Task 8/20  | Classes (35, 40)
============================================================
[23:55:10] Task 7 baseline (chance): 2.50%
[23:55:10] Task 7 zero-shot (pre-train): 0.00%
[23:55:28] task=7  epoch=0  train_loss=2.0942
[23:55:30] task=7  epoch=END  time_sec=18.2  acc_task0=2.6  acc_task1=2.0  acc_task2=0.2  acc_task3=0.6  acc_task4=4.2  acc_task5=0.0  acc_task6=3.4  acc_task7=57.2
[23:55:30] 
============================================================
 Task 9/20  | Classes (40, 45)
============================================================
[23:55:30] Task 8 baseline (chance): 2.22%
[23:55:31] Task 8 zero-shot (pre-train): 0.00%
[23:55:51] task=8  epoch=0  train_loss=2.0964
[23:55:53] task=8  epoch=END  time_sec=20.1  acc_task0=3.2  acc_task1=1.6  acc_task2=6.0  acc_task3=5.0  acc_task4=2.6  acc_task5=0.4  acc_task6=3.4  acc_task7=1.4  acc_task8=52.0
[23:55:53] 
============================================================
 Task 10/20  | Classes (45, 50)
============================================================
[23:55:53] Task 9 baseline (chance): 2.00%
[23:55:53] Task 9 zero-shot (pre-train): 0.00%
[23:56:15] task=9  epoch=0  train_loss=1.7781
[23:56:17] task=9  epoch=END  time_sec=21.6  acc_task0=1.8  acc_task1=2.0  acc_task2=1.2  acc_task3=0.2  acc_task4=3.6  acc_task5=0.4  acc_task6=0.2  acc_task7=3.2  acc_task8=0.2  acc_task9=70.0
[23:56:17] 
============================================================
 Task 11/20  | Classes (50, 55)
============================================================
[23:56:17] Task 10 baseline (chance): 1.82%
[23:56:17] Task 10 zero-shot (pre-train): 0.00%
[23:56:41] task=10  epoch=0  train_loss=1.7107
[23:56:43] task=10  epoch=END  time_sec=23.3  acc_task0=0.4  acc_task1=4.0  acc_task2=2.0  acc_task3=2.0  acc_task4=3.0  acc_task5=1.0  acc_task6=1.6  acc_task7=1.4  acc_task8=3.2  acc_task9=10.4  acc_task10=61.4
[23:56:43] 
============================================================
 Task 12/20  | Classes (55, 60)
============================================================
[23:56:43] Task 11 baseline (chance): 1.67%
[23:56:43] Task 11 zero-shot (pre-train): 0.00%
[23:57:08] task=11  epoch=0  train_loss=1.7956
[23:57:11] task=11  epoch=END  time_sec=24.8  acc_task0=0.0  acc_task1=3.2  acc_task2=1.8  acc_task3=1.8  acc_task4=0.8  acc_task5=0.0  acc_task6=0.4  acc_task7=3.4  acc_task8=3.4  acc_task9=2.0  acc_task10=0.4  acc_task11=56.0
[23:57:11] 
============================================================
 Task 13/20  | Classes (60, 65)
============================================================
[23:57:11] Task 12 baseline (chance): 1.54%
[23:57:11] Task 12 zero-shot (pre-train): 0.00%
[23:57:38] task=12  epoch=0  train_loss=1.5965
[23:57:41] task=12  epoch=END  time_sec=26.6  acc_task0=1.0  acc_task1=0.4  acc_task2=0.4  acc_task3=0.2  acc_task4=2.4  acc_task5=0.0  acc_task6=0.8  acc_task7=0.8  acc_task8=0.4  acc_task9=1.6  acc_task10=2.8  acc_task11=6.8  acc_task12=62.0
[23:57:41] 
============================================================
 Task 14/20  | Classes (65, 70)
============================================================
[23:57:41] Task 13 baseline (chance): 1.43%
[23:57:41] Task 13 zero-shot (pre-train): 0.00%
[23:58:09] task=13  epoch=0  train_loss=1.8004
[23:58:13] task=13  epoch=END  time_sec=28.3  acc_task0=0.0  acc_task1=0.8  acc_task2=2.4  acc_task3=0.2  acc_task4=0.4  acc_task5=0.4  acc_task6=0.4  acc_task7=5.0  acc_task8=1.2  acc_task9=4.0  acc_task10=0.8  acc_task11=2.4  acc_task12=1.8  acc_task13=53.2
[23:58:13] 
============================================================
 Task 15/20  | Classes (70, 75)
============================================================
[23:58:13] Task 14 baseline (chance): 1.33%
[23:58:13] Task 14 zero-shot (pre-train): 0.00%
[23:58:43] task=14  epoch=0  train_loss=1.6135
[23:58:46] task=14  epoch=END  time_sec=30.1  acc_task0=0.2  acc_task1=0.8  acc_task2=0.6  acc_task3=0.4  acc_task4=0.2  acc_task5=0.0  acc_task6=0.4  acc_task7=0.4  acc_task8=0.0  acc_task9=2.8  acc_task10=0.8  acc_task11=5.4  acc_task12=1.8  acc_task13=0.0  acc_task14=76.0
[23:58:46] 
============================================================
 Task 16/20  | Classes (75, 80)
============================================================
[23:58:46] Task 15 baseline (chance): 1.25%
[23:58:47] Task 15 zero-shot (pre-train): 0.00%
[23:59:18] task=15  epoch=0  train_loss=1.8262
[23:59:22] task=15  epoch=END  time_sec=31.3  acc_task0=1.0  acc_task1=0.2  acc_task2=0.6  acc_task3=0.2  acc_task4=0.0  acc_task5=0.0  acc_task6=0.0  acc_task7=0.8  acc_task8=0.4  acc_task9=2.6  acc_task10=2.0  acc_task11=1.6  acc_task12=6.2  acc_task13=0.0  acc_task14=0.4  acc_task15=61.2
[23:59:22] 
============================================================
 Task 17/20  | Classes (80, 85)
============================================================
[23:59:22] Task 16 baseline (chance): 1.18%
[23:59:22] Task 16 zero-shot (pre-train): 0.00%
[23:59:55] task=16  epoch=0  train_loss=1.6814
[23:59:58] task=16  epoch=END  time_sec=32.9  acc_task0=0.2  acc_task1=0.6  acc_task2=0.2  acc_task3=0.0  acc_task4=3.0  acc_task5=0.0  acc_task6=0.0  acc_task7=0.6  acc_task8=0.0  acc_task9=1.2  acc_task10=0.2  acc_task11=1.2  acc_task12=6.2  acc_task13=0.2  acc_task14=8.2  acc_task15=0.6  acc_task16=73.6
[23:59:58] 
============================================================
 Task 18/20  | Classes (85, 90)
============================================================
[23:59:58] Task 17 baseline (chance): 1.11%
[23:59:59] Task 17 zero-shot (pre-train): 0.00%
[00:00:33] task=17  epoch=0  train_loss=1.8828
[00:00:37] task=17  epoch=END  time_sec=34.6  acc_task0=0.0  acc_task1=0.2  acc_task2=0.0  acc_task3=0.2  acc_task4=3.0  acc_task5=0.0  acc_task6=0.4  acc_task7=0.6  acc_task8=0.0  acc_task9=0.2  acc_task10=0.0  acc_task11=0.2  acc_task12=0.6  acc_task13=0.2  acc_task14=0.2  acc_task15=0.4  acc_task16=7.8  acc_task17=55.0
[00:00:37] 
============================================================
 Task 19/20  | Classes (90, 95)
============================================================
[00:00:37] Task 18 baseline (chance): 1.05%
[00:00:38] Task 18 zero-shot (pre-train): 0.00%
[00:01:14] task=18  epoch=0  train_loss=1.6734
[00:01:18] task=18  epoch=END  time_sec=36.0  acc_task0=0.0  acc_task1=0.0  acc_task2=0.0  acc_task3=0.0  acc_task4=2.8  acc_task5=0.0  acc_task6=0.0  acc_task7=0.0  acc_task8=0.0  acc_task9=1.6  acc_task10=0.0  acc_task11=0.0  acc_task12=1.8  acc_task13=0.6  acc_task14=0.2  acc_task15=0.2  acc_task16=0.0  acc_task17=0.0  acc_task18=74.2
[00:01:18] 
============================================================
 Task 20/20  | Classes (95, 100)
============================================================
[00:01:18] Task 19 baseline (chance): 1.00%
[00:01:18] Task 19 zero-shot (pre-train): 0.00%
[00:01:56] task=19  epoch=0  train_loss=1.7734
[00:02:00] task=19  epoch=END  time_sec=37.7  acc_task0=1.4  acc_task1=0.4  acc_task2=0.8  acc_task3=0.0  acc_task4=0.0  acc_task5=0.0  acc_task6=0.0  acc_task7=0.2  acc_task8=0.2  acc_task9=0.0  acc_task10=0.0  acc_task11=0.0  acc_task12=0.2  acc_task13=0.2  acc_task14=0.4  acc_task15=0.2  acc_task16=2.8  acc_task17=0.2  acc_task18=0.0  acc_task19=76.0
[00:02:00] 
Final Metrics:
  avg_accuracy         +4.1500
  forgetting           +57.0737
  backward_transfer    -57.0737
  forward_transfer     -2.7345
[00:02:01] 
Done - run: split_cifar100_er_ewc_seed1024
[00:02:01] Metrics: {'avg_accuracy': 4.15, 'forgetting': 57.0737, 'backward_transfer': -57.0737, 'forward_transfer': -2.7345}
