[23:20:49] Starting: split_cifar100_er_ewc_seed42
[23:20:49] Config: {'dataset': 'split_cifar100', 'data_root': 'Project/data_local', 'model': 'slim_resnet18', 'pretrained': False, 'method': 'er_ewc', 'n_epochs': 1, 'batch_size': 32, 'num_workers': 0, 'lr': 0.03, 'momentum': 0.9, 'weight_decay': 0.0001, 'fp16': True, 'buffer_size': 200, 'ewc_lambda': 100.0, 'fisher_samples': 200, 'si_lambda': 1.0, 'si_xi': 0.1, 'der_alpha': 0.5, 'xder_beta': 0.5, 'lwf_lambda': 1.0, 'lwf_temp': 2.0, 'icarl_distill_w': 1.0, 'icarl_temp': 2.0, 'use_nmc': True, 'agem_mem_batch': 64, 'distill_lambda': 1.0, 'distill_temp': 2.0, 'pc_distill_w': 1.0, 'pc_ewc_lambda': 100.0, 'pc_compress_epochs': 3, 'er_replay_ratio': 0.5, 'joint_replay_epochs': 1, 'disable_tqdm': True, 'disable_checkpoints': True, 'disable_plots': False, 'seeds': [42, 123, 456, 789, 1024], 'results_root': 'results_phase3_fwt', 'checkpoint_dir': 'results/checkpoints', 'figure_dir': 'results_phase3_fwt/figures', 'log_dir': 'results_phase3_fwt/raw', 'run_name': 'split_cifar100_er_ewc_seed42', 'seed': 42}
[23:20:49] Device: cuda
[23:20:51] Dataset: SplitCIFAR100(tasks=20, classes_per_task=5, scenario=class-il)
[23:20:51] 
============================================================
 Task 1/20  | Classes (0, 5)
============================================================
[23:20:51] Task 0 baseline (chance): 20.00%
[23:20:55] task=0  epoch=0  train_loss=1.3277
[23:20:56] task=0  epoch=END  time_sec=4.4  acc_task0=48.4
[23:20:56] 
============================================================
 Task 2/20  | Classes (5, 10)
============================================================
[23:20:56] Task 1 baseline (chance): 10.00%
[23:20:56] Task 1 zero-shot (pre-train): 0.00%
[23:21:02] task=1  epoch=0  train_loss=1.9272
[23:21:03] task=1  epoch=END  time_sec=6.0  acc_task0=12.8  acc_task1=34.6
[23:21:03] 
============================================================
 Task 3/20  | Classes (10, 15)
============================================================
[23:21:03] Task 2 baseline (chance): 6.67%
[23:21:03] Task 2 zero-shot (pre-train): 0.00%
[23:21:11] task=2  epoch=0  train_loss=2.0247
[23:21:12] task=2  epoch=END  time_sec=8.0  acc_task0=14.2  acc_task1=6.0  acc_task2=45.8
[23:21:12] 
============================================================
 Task 4/20  | Classes (15, 20)
============================================================
[23:21:12] Task 3 baseline (chance): 5.00%
[23:21:12] Task 3 zero-shot (pre-train): 0.00%
[23:21:22] task=3  epoch=0  train_loss=1.9651
[23:21:24] task=3  epoch=END  time_sec=10.2  acc_task0=7.2  acc_task1=2.4  acc_task2=0.0  acc_task3=54.8
[23:21:24] 
============================================================
 Task 5/20  | Classes (20, 25)
============================================================
[23:21:24] Task 4 baseline (chance): 4.00%
[23:21:24] Task 4 zero-shot (pre-train): 0.00%
[23:21:36] task=4  epoch=0  train_loss=1.851
[23:21:37] task=4  epoch=END  time_sec=12.2  acc_task0=7.4  acc_task1=4.4  acc_task2=2.8  acc_task3=8.4  acc_task4=65.8
[23:21:37] 
============================================================
 Task 6/20  | Classes (25, 30)
============================================================
[23:21:37] Task 5 baseline (chance): 3.33%
[23:21:38] Task 5 zero-shot (pre-train): 0.00%
[23:21:52] task=5  epoch=0  train_loss=2.0408
[23:21:54] task=5  epoch=END  time_sec=14.6  acc_task0=8.6  acc_task1=3.6  acc_task2=7.4  acc_task3=4.8  acc_task4=8.4  acc_task5=37.6
[23:21:54] 
============================================================
 Task 7/20  | Classes (30, 35)
============================================================
[23:21:54] Task 6 baseline (chance): 2.86%
[23:21:54] Task 6 zero-shot (pre-train): 0.00%
[23:22:10] task=6  epoch=0  train_loss=1.7646
[23:22:12] task=6  epoch=END  time_sec=16.4  acc_task0=7.2  acc_task1=2.6  acc_task2=0.6  acc_task3=3.0  acc_task4=12.8  acc_task5=1.4  acc_task6=53.6
[23:22:12] 
============================================================
 Task 8/20  | Classes (35, 40)
============================================================
[23:22:12] Task 7 baseline (chance): 2.50%
[23:22:12] Task 7 zero-shot (pre-train): 0.00%
[23:22:30] task=7  epoch=0  train_loss=1.746
[23:22:32] task=7  epoch=END  time_sec=18.3  acc_task0=2.0  acc_task1=2.0  acc_task2=2.8  acc_task3=6.0  acc_task4=10.8  acc_task5=0.6  acc_task6=0.0  acc_task7=57.2
[23:22:32] 
============================================================
 Task 9/20  | Classes (40, 45)
============================================================
[23:22:32] Task 8 baseline (chance): 2.22%
[23:22:33] Task 8 zero-shot (pre-train): 0.00%
[23:22:53] task=8  epoch=0  train_loss=1.7779
[23:22:55] task=8  epoch=END  time_sec=20.2  acc_task0=1.4  acc_task1=1.8  acc_task2=2.2  acc_task3=3.4  acc_task4=4.0  acc_task5=0.2  acc_task6=2.4  acc_task7=6.2  acc_task8=55.2
[23:22:55] 
============================================================
 Task 10/20  | Classes (45, 50)
============================================================
[23:22:55] Task 9 baseline (chance): 2.00%
[23:22:55] Task 9 zero-shot (pre-train): 0.00%
[23:23:17] task=9  epoch=0  train_loss=1.6531
[23:23:19] task=9  epoch=END  time_sec=21.4  acc_task0=0.8  acc_task1=2.4  acc_task2=0.6  acc_task3=0.6  acc_task4=1.6  acc_task5=0.6  acc_task6=1.4  acc_task7=2.8  acc_task8=1.8  acc_task9=66.2
[23:23:19] 
============================================================
 Task 11/20  | Classes (50, 55)
============================================================
[23:23:19] Task 10 baseline (chance): 1.82%
[23:23:19] Task 10 zero-shot (pre-train): 0.00%
[23:23:43] task=10  epoch=0  train_loss=1.5913
[23:23:45] task=10  epoch=END  time_sec=23.5  acc_task0=0.6  acc_task1=1.2  acc_task2=2.0  acc_task3=0.4  acc_task4=2.6  acc_task5=0.0  acc_task6=6.4  acc_task7=3.6  acc_task8=0.0  acc_task9=0.4  acc_task10=74.4
[23:23:45] 
============================================================
 Task 12/20  | Classes (55, 60)
============================================================
[23:23:45] Task 11 baseline (chance): 1.67%
[23:23:45] Task 11 zero-shot (pre-train): 0.00%
[23:24:11] task=11  epoch=0  train_loss=1.6478
[23:24:13] task=11  epoch=END  time_sec=25.1  acc_task0=0.0  acc_task1=0.2  acc_task2=0.2  acc_task3=3.8  acc_task4=0.2  acc_task5=0.2  acc_task6=0.6  acc_task7=3.6  acc_task8=1.4  acc_task9=0.8  acc_task10=1.6  acc_task11=59.0
[23:24:13] 
============================================================
 Task 13/20  | Classes (60, 65)
============================================================
[23:24:13] Task 12 baseline (chance): 1.54%
[23:24:14] Task 12 zero-shot (pre-train): 0.00%
[23:24:40] task=12  epoch=0  train_loss=1.4343
[23:24:43] task=12  epoch=END  time_sec=26.3  acc_task0=0.0  acc_task1=1.0  acc_task2=0.2  acc_task3=0.4  acc_task4=0.4  acc_task5=0.0  acc_task6=0.8  acc_task7=1.4  acc_task8=0.4  acc_task9=0.0  acc_task10=10.8  acc_task11=3.2  acc_task12=72.2
[23:24:43] 
============================================================
 Task 14/20  | Classes (65, 70)
============================================================
[23:24:43] Task 13 baseline (chance): 1.43%
[23:24:43] Task 13 zero-shot (pre-train): 0.00%
[23:25:11] task=13  epoch=0  train_loss=1.7309
[23:25:14] task=13  epoch=END  time_sec=27.9  acc_task0=1.6  acc_task1=0.2  acc_task2=0.2  acc_task3=0.4  acc_task4=0.4  acc_task5=0.0  acc_task6=0.6  acc_task7=1.8  acc_task8=1.0  acc_task9=0.0  acc_task10=5.4  acc_task11=4.0  acc_task12=9.8  acc_task13=61.0
[23:25:14] 
============================================================
 Task 15/20  | Classes (70, 75)
============================================================
[23:25:14] Task 14 baseline (chance): 1.33%
[23:25:14] Task 14 zero-shot (pre-train): 0.00%
[23:25:44] task=14  epoch=0  train_loss=1.517
[23:25:48] task=14  epoch=END  time_sec=29.9  acc_task0=0.0  acc_task1=0.2  acc_task2=0.0  acc_task3=0.4  acc_task4=0.4  acc_task5=0.2  acc_task6=0.0  acc_task7=0.8  acc_task8=1.0  acc_task9=0.4  acc_task10=6.4  acc_task11=0.8  acc_task12=0.2  acc_task13=0.0  acc_task14=77.8
[23:25:48] 
============================================================
 Task 16/20  | Classes (75, 80)
============================================================
[23:25:48] Task 15 baseline (chance): 1.25%
[23:25:48] Task 15 zero-shot (pre-train): 0.00%
[23:26:19] task=15  epoch=0  train_loss=1.7475
[23:26:23] task=15  epoch=END  time_sec=31.3  acc_task0=1.0  acc_task1=0.0  acc_task2=0.2  acc_task3=0.0  acc_task4=0.2  acc_task5=0.0  acc_task6=0.0  acc_task7=0.4  acc_task8=0.8  acc_task9=0.6  acc_task10=1.0  acc_task11=0.0  acc_task12=1.2  acc_task13=1.0  acc_task14=9.2  acc_task15=66.4
[23:26:23] 
============================================================
 Task 17/20  | Classes (80, 85)
============================================================
[23:26:23] Task 16 baseline (chance): 1.18%
[23:26:23] Task 16 zero-shot (pre-train): 0.00%
[23:26:56] task=16  epoch=0  train_loss=1.6457
[23:27:00] task=16  epoch=END  time_sec=33.0  acc_task0=0.0  acc_task1=0.4  acc_task2=0.0  acc_task3=0.2  acc_task4=0.0  acc_task5=0.0  acc_task6=6.2  acc_task7=0.4  acc_task8=0.0  acc_task9=0.0  acc_task10=5.6  acc_task11=0.2  acc_task12=0.6  acc_task13=0.0  acc_task14=5.0  acc_task15=2.0  acc_task16=76.8
[23:27:00] 
============================================================
 Task 18/20  | Classes (85, 90)
============================================================
[23:27:00] Task 17 baseline (chance): 1.11%
[23:27:00] Task 17 zero-shot (pre-train): 0.00%
[23:27:35] task=17  epoch=0  train_loss=1.8007
[23:27:39] task=17  epoch=END  time_sec=34.5  acc_task0=0.0  acc_task1=0.4  acc_task2=0.0  acc_task3=1.0  acc_task4=0.8  acc_task5=0.2  acc_task6=0.2  acc_task7=0.2  acc_task8=0.0  acc_task9=0.4  acc_task10=1.0  acc_task11=0.2  acc_task12=0.2  acc_task13=0.8  acc_task14=10.8  acc_task15=0.8  acc_task16=15.6  acc_task17=62.2
[23:27:39] 
============================================================
 Task 19/20  | Classes (90, 95)
============================================================
[23:27:39] Task 18 baseline (chance): 1.05%
[23:27:39] Task 18 zero-shot (pre-train): 0.00%
[23:28:16] task=18  epoch=0  train_loss=1.6565
[23:28:20] task=18  epoch=END  time_sec=36.8  acc_task0=0.2  acc_task1=0.2  acc_task2=0.0  acc_task3=0.0  acc_task4=0.4  acc_task5=0.0  acc_task6=0.2  acc_task7=0.0  acc_task8=0.6  acc_task9=0.0  acc_task10=0.6  acc_task11=0.2  acc_task12=0.2  acc_task13=0.6  acc_task14=1.2  acc_task15=1.2  acc_task16=5.6  acc_task17=0.0  acc_task18=78.8
[23:28:20] 
============================================================
 Task 20/20  | Classes (95, 100)
============================================================
[23:28:20] Task 19 baseline (chance): 1.00%
[23:28:20] Task 19 zero-shot (pre-train): 0.00%
[23:28:59] task=19  epoch=0  train_loss=1.7332
[23:29:03] task=19  epoch=END  time_sec=38.1  acc_task0=0.0  acc_task1=0.2  acc_task2=0.0  acc_task3=0.0  acc_task4=0.0  acc_task5=0.0  acc_task6=0.0  acc_task7=0.4  acc_task8=0.2  acc_task9=0.0  acc_task10=0.2  acc_task11=0.0  acc_task12=1.6  acc_task13=0.2  acc_task14=0.8  acc_task15=0.4  acc_task16=8.8  acc_task17=0.0  acc_task18=0.4  acc_task19=73.0
[23:29:03] 
Final Metrics:
  avg_accuracy         +4.3100
  forgetting           +59.7158
  backward_transfer    -59.7158
  forward_transfer     -2.7345
[23:29:04] 
Done - run: split_cifar100_er_ewc_seed42
[23:29:04] Metrics: {'avg_accuracy': 4.31, 'forgetting': 59.7158, 'backward_transfer': -59.7158, 'forward_transfer': -2.7345}
