[09:50:24] Starting: split_mini_imagenet_lwf_seed789
[09:50:24] Config: {'dataset': 'split_mini_imagenet', 'data_root': 'F:\\Temp\\cf\\Catastrophic Forgetting\\research_v2\\Project\\data_local\\mini-imagenet', 'dataset_image_size': None, 'dataset_out_channels': None, 'model': 'slim_resnet18', 'pretrained': False, 'model_image_size': None, 'method': 'lwf', 'n_epochs': 1, 'batch_size': 32, 'num_workers': 0, 'lr': 0.03, 'momentum': 0.9, 'weight_decay': 0.0001, 'fp16': True, 'buffer_size': 200, 'ewc_lambda': 100.0, 'fisher_samples': 200, 'si_lambda': 1.0, 'si_xi': 0.1, 'der_alpha': 0.5, 'xder_beta': 0.5, 'lwf_lambda': 1.0, 'lwf_temp': 2.0, 'icarl_distill_w': 1.0, 'icarl_temp': 2.0, 'use_nmc': True, 'agem_mem_batch': 64, 'distill_lambda': 1.0, 'distill_temp': 2.0, 'pc_distill_w': 1.0, 'pc_ewc_lambda': 100.0, 'pc_compress_epochs': 3, 'er_replay_ratio': 0.5, 'joint_replay_epochs': 1, 'disable_tqdm': True, 'disable_checkpoints': False, 'disable_plots': False, 'resume': True, 'cleanup_checkpoints_on_success': True, 'result_group': 'runs', 'ablation_family': None, 'seeds': [42, 123, 456, 789, 1024], 'results_root': 'F:\\Temp\\cf\\Catastrophic Forgetting\\research_v2\\results', 'seed': 789, 'run_name': 'split_mini_imagenet_lwf_seed789', 'project_root': 'F:\\Temp\\cf\\Catastrophic Forgetting\\research_v2\\Project', 'workspace_root': 'F:\\Temp\\cf\\Catastrophic Forgetting\\research_v2', 'run_root': 'F:\\Temp\\cf\\Catastrophic Forgetting\\research_v2\\results\\runs\\epoch_1\\split_mini_imagenet\\baselines\\lwf\\seed_789', 'log_dir': 'F:\\Temp\\cf\\Catastrophic Forgetting\\research_v2\\results\\runs\\epoch_1\\split_mini_imagenet\\baselines\\lwf\\seed_789\\logs', 'metrics_dir': 'F:\\Temp\\cf\\Catastrophic Forgetting\\research_v2\\results\\runs\\epoch_1\\split_mini_imagenet\\baselines\\lwf\\seed_789\\metrics', 'checkpoint_dir': 'F:\\Temp\\cf\\Catastrophic Forgetting\\research_v2\\results\\runs\\epoch_1\\split_mini_imagenet\\baselines\\lwf\\seed_789\\checkpoints', 'artifact_dir': 'F:\\Temp\\cf\\Catastrophic Forgetting\\research_v2\\results\\runs\\epoch_1\\split_mini_imagenet\\baselines\\lwf\\seed_789\\artifacts', 'figure_dir': 'F:\\Temp\\cf\\Catastrophic Forgetting\\research_v2\\results\\figures\\epoch_1\\split_mini_imagenet\\baselines\\lwf\\seed_789'}
[09:50:24] Device: cuda
[09:50:25] Dataset: SplitMiniImageNet(tasks=20, classes_per_task=5, scenario=class-il)
[09:50:25] 
============================================================
 Task 1/20  | Classes (0, 5)
============================================================
[09:50:25] Task 0 baseline (chance): 20.00%
[09:50:45] task=0  epoch=0  train_loss=1.7203
[09:50:49] task=0  epoch=END  time_sec=20.4  acc_task0=32.17
[09:50:49] 
============================================================
 Task 2/20  | Classes (5, 10)
============================================================
[09:50:49] Task 1 baseline (chance): 10.00%
[09:50:52] Task 1 zero-shot (pre-train): 0.17%
[09:51:13] task=1  epoch=0  train_loss=1.5923
[09:51:19] task=1  epoch=END  time_sec=21.0  acc_task0=0.0  acc_task1=47.83
[09:51:19] 
============================================================
 Task 3/20  | Classes (10, 15)
============================================================
[09:51:19] Task 2 baseline (chance): 6.67%
[09:51:22] Task 2 zero-shot (pre-train): 0.00%
[09:51:41] task=2  epoch=0  train_loss=2.0339
[09:51:49] task=2  epoch=END  time_sec=18.5  acc_task0=0.0  acc_task1=0.0  acc_task2=35.83
[09:51:49] 
============================================================
 Task 4/20  | Classes (15, 20)
============================================================
[09:51:49] Task 3 baseline (chance): 5.00%
[09:51:52] Task 3 zero-shot (pre-train): 0.00%
[09:52:12] task=3  epoch=0  train_loss=2.3634
[09:52:26] task=3  epoch=END  time_sec=19.6  acc_task0=0.0  acc_task1=0.0  acc_task2=0.0  acc_task3=36.83
[09:52:26] 
============================================================
 Task 5/20  | Classes (20, 25)
============================================================
[09:52:27] Task 4 baseline (chance): 4.00%
[09:52:30] Task 4 zero-shot (pre-train): 0.00%
[09:52:56] task=4  epoch=0  train_loss=2.8579
[09:53:20] task=4  epoch=END  time_sec=26.2  acc_task0=0.0  acc_task1=0.0  acc_task2=0.0  acc_task3=0.0  acc_task4=32.33
[09:53:20] 
============================================================
 Task 6/20  | Classes (25, 30)
============================================================
[09:53:20] Task 5 baseline (chance): 3.33%
[09:53:25] Task 5 zero-shot (pre-train): 0.00%
[09:53:51] task=5  epoch=0  train_loss=3.0935
[09:54:13] task=5  epoch=END  time_sec=25.9  acc_task0=0.0  acc_task1=0.0  acc_task2=0.0  acc_task3=0.0  acc_task4=0.0  acc_task5=26.0
[09:54:13] 
============================================================
 Task 7/20  | Classes (30, 35)
============================================================
[09:54:13] Task 6 baseline (chance): 2.86%
[09:54:16] Task 6 zero-shot (pre-train): 0.00%
[09:54:37] task=6  epoch=0  train_loss=3.1903
[09:54:59] task=6  epoch=END  time_sec=21.3  acc_task0=0.0  acc_task1=0.0  acc_task2=0.0  acc_task3=0.0  acc_task4=0.0  acc_task5=0.0  acc_task6=23.5
[09:54:59] 
============================================================
 Task 8/20  | Classes (35, 40)
============================================================
[09:54:59] Task 7 baseline (chance): 2.50%
[09:55:03] Task 7 zero-shot (pre-train): 0.00%
[09:55:27] task=7  epoch=0  train_loss=3.5788
[09:55:53] task=7  epoch=END  time_sec=23.4  acc_task0=0.0  acc_task1=0.0  acc_task2=0.0  acc_task3=0.0  acc_task4=0.0  acc_task5=0.0  acc_task6=0.0  acc_task7=28.0
[09:55:53] 
============================================================
 Task 9/20  | Classes (40, 45)
============================================================
[09:55:53] Task 8 baseline (chance): 2.22%
[09:55:58] Task 8 zero-shot (pre-train): 0.00%
[09:56:23] task=8  epoch=0  train_loss=3.541
[09:56:53] task=8  epoch=END  time_sec=24.8  acc_task0=0.0  acc_task1=0.0  acc_task2=0.0  acc_task3=0.0  acc_task4=0.0  acc_task5=0.0  acc_task6=0.0  acc_task7=0.0  acc_task8=19.5
[09:56:53] 
============================================================
 Task 10/20  | Classes (45, 50)
============================================================
[09:56:53] Task 9 baseline (chance): 2.00%
[09:56:57] Task 9 zero-shot (pre-train): 0.00%
[09:57:19] task=9  epoch=0  train_loss=4.1842
[09:57:52] task=9  epoch=END  time_sec=22.2  acc_task0=0.0  acc_task1=0.0  acc_task2=0.0  acc_task3=0.0  acc_task4=0.0  acc_task5=0.0  acc_task6=0.0  acc_task7=0.0  acc_task8=0.0  acc_task9=23.83
[09:57:52] 
============================================================
 Task 11/20  | Classes (50, 55)
============================================================
[09:57:52] Task 10 baseline (chance): 1.82%
[09:57:56] Task 10 zero-shot (pre-train): 0.00%
[09:58:20] task=10  epoch=0  train_loss=3.9957
[09:58:57] task=10  epoch=END  time_sec=23.9  acc_task0=0.0  acc_task1=0.0  acc_task2=0.0  acc_task3=0.0  acc_task4=0.0  acc_task5=0.0  acc_task6=0.0  acc_task7=0.0  acc_task8=0.0  acc_task9=0.0  acc_task10=21.0
[09:58:57] 
============================================================
 Task 12/20  | Classes (55, 60)
============================================================
[09:58:58] Task 11 baseline (chance): 1.67%
[09:59:02] Task 11 zero-shot (pre-train): 0.00%
[09:59:25] task=11  epoch=0  train_loss=4.2826
[10:00:09] task=11  epoch=END  time_sec=23.5  acc_task0=0.0  acc_task1=0.0  acc_task2=0.0  acc_task3=0.0  acc_task4=0.0  acc_task5=0.0  acc_task6=0.0  acc_task7=0.0  acc_task8=0.0  acc_task9=0.0  acc_task10=0.0  acc_task11=20.0
[10:00:09] 
============================================================
 Task 13/20  | Classes (60, 65)
============================================================
[10:00:09] Task 12 baseline (chance): 1.54%
[10:00:13] Task 12 zero-shot (pre-train): 0.00%
[10:00:35] task=12  epoch=0  train_loss=4.2936
[10:01:21] task=12  epoch=END  time_sec=22.2  acc_task0=0.0  acc_task1=0.0  acc_task2=0.0  acc_task3=0.0  acc_task4=0.0  acc_task5=0.0  acc_task6=0.0  acc_task7=0.0  acc_task8=0.0  acc_task9=0.0  acc_task10=0.0  acc_task11=0.0  acc_task12=20.0
[10:01:21] 
============================================================
 Task 14/20  | Classes (65, 70)
============================================================
[10:01:21] Task 13 baseline (chance): 1.43%
[10:01:25] Task 13 zero-shot (pre-train): 0.00%
[10:01:47] task=13  epoch=0  train_loss=4.4472
[10:02:38] task=13  epoch=END  time_sec=21.6  acc_task0=0.0  acc_task1=0.0  acc_task2=0.0  acc_task3=0.0  acc_task4=0.0  acc_task5=0.0  acc_task6=0.0  acc_task7=0.0  acc_task8=0.0  acc_task9=0.0  acc_task10=0.0  acc_task11=0.0  acc_task12=0.0  acc_task13=20.5
[10:02:38] 
============================================================
 Task 15/20  | Classes (70, 75)
============================================================
[10:02:38] Task 14 baseline (chance): 1.33%
[10:02:41] Task 14 zero-shot (pre-train): 0.00%
[10:03:04] task=14  epoch=0  train_loss=4.6637
[10:04:00] task=14  epoch=END  time_sec=23.1  acc_task0=0.0  acc_task1=0.0  acc_task2=0.0  acc_task3=0.0  acc_task4=0.0  acc_task5=0.0  acc_task6=0.0  acc_task7=0.0  acc_task8=0.0  acc_task9=0.0  acc_task10=0.0  acc_task11=0.0  acc_task12=0.0  acc_task13=0.0  acc_task14=20.33
[10:04:00] 
============================================================
 Task 16/20  | Classes (75, 80)
============================================================
[10:04:00] Task 15 baseline (chance): 1.25%
[10:04:05] Task 15 zero-shot (pre-train): 0.00%
[10:04:29] task=15  epoch=0  train_loss=4.6544
[10:05:29] task=15  epoch=END  time_sec=24.1  acc_task0=0.0  acc_task1=0.0  acc_task2=0.0  acc_task3=0.0  acc_task4=0.0  acc_task5=0.0  acc_task6=0.0  acc_task7=0.0  acc_task8=0.0  acc_task9=0.0  acc_task10=0.0  acc_task11=0.0  acc_task12=0.0  acc_task13=0.0  acc_task14=0.0  acc_task15=23.67
[10:05:29] 
============================================================
 Task 17/20  | Classes (80, 85)
============================================================
[10:05:29] Task 16 baseline (chance): 1.18%
[10:05:33] Task 16 zero-shot (pre-train): 0.00%
[10:05:58] task=16  epoch=0  train_loss=4.565
[10:07:01] task=16  epoch=END  time_sec=24.8  acc_task0=0.0  acc_task1=0.0  acc_task2=0.0  acc_task3=0.0  acc_task4=0.0  acc_task5=0.0  acc_task6=0.0  acc_task7=0.0  acc_task8=0.0  acc_task9=0.0  acc_task10=0.0  acc_task11=0.0  acc_task12=0.0  acc_task13=0.0  acc_task14=0.0  acc_task15=0.0  acc_task16=25.67
[10:07:01] 
============================================================
 Task 18/20  | Classes (85, 90)
============================================================
[10:07:01] Task 17 baseline (chance): 1.11%
[10:07:05] Task 17 zero-shot (pre-train): 0.00%
[10:07:28] task=17  epoch=0  train_loss=4.9346
[10:08:29] task=17  epoch=END  time_sec=23.1  acc_task0=0.0  acc_task1=0.0  acc_task2=0.0  acc_task3=0.0  acc_task4=0.0  acc_task5=0.0  acc_task6=0.0  acc_task7=0.0  acc_task8=0.0  acc_task9=0.0  acc_task10=0.0  acc_task11=0.0  acc_task12=0.0  acc_task13=0.0  acc_task14=0.0  acc_task15=0.0  acc_task16=0.0  acc_task17=21.17
[10:08:29] 
============================================================
 Task 19/20  | Classes (90, 95)
============================================================
[10:08:29] Task 18 baseline (chance): 1.05%
[10:08:34] Task 18 zero-shot (pre-train): 0.00%
[10:08:57] task=18  epoch=0  train_loss=4.9709
[10:09:57] task=18  epoch=END  time_sec=23.0  acc_task0=0.0  acc_task1=0.0  acc_task2=0.0  acc_task3=0.0  acc_task4=0.0  acc_task5=0.0  acc_task6=0.0  acc_task7=0.0  acc_task8=0.0  acc_task9=0.0  acc_task10=0.0  acc_task11=0.0  acc_task12=0.0  acc_task13=0.0  acc_task14=0.0  acc_task15=0.0  acc_task16=0.0  acc_task17=0.0  acc_task18=20.0
[10:09:57] 
============================================================
 Task 20/20  | Classes (95, 100)
============================================================
[10:09:57] Task 19 baseline (chance): 1.00%
[10:10:02] Task 19 zero-shot (pre-train): 0.00%
[10:10:26] task=19  epoch=0  train_loss=4.9965
[10:11:29] task=19  epoch=END  time_sec=23.7  acc_task0=0.0  acc_task1=0.0  acc_task2=0.0  acc_task3=0.0  acc_task4=0.0  acc_task5=0.0  acc_task6=0.0  acc_task7=0.0  acc_task8=0.0  acc_task9=0.0  acc_task10=0.0  acc_task11=0.0  acc_task12=0.0  acc_task13=0.0  acc_task14=0.0  acc_task15=0.0  acc_task16=0.0  acc_task17=0.0  acc_task18=0.0  acc_task19=27.5
[10:11:29] 
Final Metrics:
  avg_accuracy         +1.3750
  forgetting           +26.2193
  backward_transfer    -26.2193
  forward_transfer     -2.7257
[10:11:31] 
Done - run: split_mini_imagenet_lwf_seed789
[10:11:31] Metrics: {'avg_accuracy': 1.375, 'forgetting': 26.2193, 'backward_transfer': -26.2193, 'forward_transfer': -2.7257}
[10:11:31] Deleted 20 checkpoint(s) after successful completion.
