[10:24:59] Starting: split_cifar100_si_der_seed1024
[10:24:59] Config: {'dataset': 'split_cifar100', 'data_root': 'Project/data_local', 'model': 'slim_resnet18', 'pretrained': False, 'method': 'si_der', 'n_epochs': 1, 'batch_size': 32, 'num_workers': 0, 'lr': 0.03, 'momentum': 0.9, 'weight_decay': 0.0001, 'fp16': True, 'buffer_size': 200, 'ewc_lambda': 100.0, 'fisher_samples': 200, 'si_lambda': 1.0, 'si_xi': 0.1, 'der_alpha': 0.5, 'xder_beta': 0.5, 'lwf_lambda': 1.0, 'lwf_temp': 2.0, 'icarl_distill_w': 1.0, 'icarl_temp': 2.0, 'use_nmc': True, 'agem_mem_batch': 64, 'distill_lambda': 1.0, 'distill_temp': 2.0, 'pc_distill_w': 1.0, 'pc_ewc_lambda': 100.0, 'pc_compress_epochs': 3, 'er_replay_ratio': 0.5, 'joint_replay_epochs': 1, 'disable_tqdm': True, 'disable_checkpoints': True, 'disable_plots': False, 'seeds': [42, 123, 456, 789, 1024], 'results_root': 'd:\\Catastrophic Forgetting\\results_phase3_fwt_sider_fix', 'checkpoint_dir': 'results/checkpoints', 'figure_dir': 'd:\\Catastrophic Forgetting\\results_phase3_fwt_sider_fix\\figures', 'log_dir': 'd:\\Catastrophic Forgetting\\results_phase3_fwt_sider_fix\\raw', 'run_name': 'split_cifar100_si_der_seed1024', 'seed': 1024}
[10:24:59] Device: cuda
[10:25:01] Dataset: SplitCIFAR100(tasks=20, classes_per_task=5, scenario=class-il)
[10:25:01] 
============================================================
 Task 1/20  | Classes (0, 5)
============================================================
[10:25:01] Task 0 baseline (chance): 20.00%
[10:25:10] task=0  epoch=0  train_loss=2.0151
[10:25:11] task=0  epoch=END  time_sec=9.7  acc_task0=44.2
[10:25:11] 
============================================================
 Task 2/20  | Classes (5, 10)
============================================================
[10:25:11] Task 1 baseline (chance): 10.00%
[10:25:11] Task 1 zero-shot (pre-train): 0.00%
[10:25:23] task=1  epoch=0  train_loss=1.9455
[10:25:23] task=1  epoch=END  time_sec=11.9  acc_task0=0.0  acc_task1=37.6
[10:25:23] 
============================================================
 Task 3/20  | Classes (10, 15)
============================================================
[10:25:23] Task 2 baseline (chance): 6.67%
[10:25:24] Task 2 zero-shot (pre-train): 0.00%
[10:25:35] task=2  epoch=0  train_loss=2.0839
[10:25:36] task=2  epoch=END  time_sec=11.9  acc_task0=0.0  acc_task1=0.0  acc_task2=46.8
[10:25:36] 
============================================================
 Task 4/20  | Classes (15, 20)
============================================================
[10:25:36] Task 3 baseline (chance): 5.00%
[10:25:37] Task 3 zero-shot (pre-train): 0.00%
[10:25:48] task=3  epoch=0  train_loss=2.7227
[10:25:50] task=3  epoch=END  time_sec=11.8  acc_task0=0.0  acc_task1=0.0  acc_task2=0.0  acc_task3=46.0
[10:25:50] 
============================================================
 Task 5/20  | Classes (20, 25)
============================================================
[10:25:50] Task 4 baseline (chance): 4.00%
[10:25:50] Task 4 zero-shot (pre-train): 0.00%
[10:26:02] task=4  epoch=0  train_loss=2.9402
[10:26:03] task=4  epoch=END  time_sec=11.8  acc_task0=0.0  acc_task1=0.0  acc_task2=0.0  acc_task3=0.0  acc_task4=46.4
[10:26:03] 
============================================================
 Task 6/20  | Classes (25, 30)
============================================================
[10:26:03] Task 5 baseline (chance): 3.33%
[10:26:03] Task 5 zero-shot (pre-train): 0.00%
[10:26:15] task=5  epoch=0  train_loss=3.7189
[10:26:17] task=5  epoch=END  time_sec=11.8  acc_task0=0.0  acc_task1=0.0  acc_task2=0.0  acc_task3=0.0  acc_task4=0.0  acc_task5=35.2
[10:26:17] 
============================================================
 Task 7/20  | Classes (30, 35)
============================================================
[10:26:17] Task 6 baseline (chance): 2.86%
[10:26:17] Task 6 zero-shot (pre-train): 0.00%
[10:26:29] task=6  epoch=0  train_loss=3.8891
[10:26:31] task=6  epoch=END  time_sec=12.2  acc_task0=0.0  acc_task1=0.0  acc_task2=0.0  acc_task3=0.0  acc_task4=0.0  acc_task5=0.0  acc_task6=43.8
[10:26:31] 
============================================================
 Task 8/20  | Classes (35, 40)
============================================================
[10:26:31] Task 7 baseline (chance): 2.50%
[10:26:31] Task 7 zero-shot (pre-train): 0.00%
[10:26:43] task=7  epoch=0  train_loss=4.2698
[10:26:46] task=7  epoch=END  time_sec=11.9  acc_task0=0.0  acc_task1=0.0  acc_task2=0.0  acc_task3=0.0  acc_task4=0.0  acc_task5=0.0  acc_task6=0.0  acc_task7=36.8
[10:26:46] 
============================================================
 Task 9/20  | Classes (40, 45)
============================================================
[10:26:46] Task 8 baseline (chance): 2.22%
[10:26:46] Task 8 zero-shot (pre-train): 0.00%
[10:26:58] task=8  epoch=0  train_loss=4.8019
[10:27:01] task=8  epoch=END  time_sec=12.1  acc_task0=0.0  acc_task1=0.0  acc_task2=0.0  acc_task3=0.0  acc_task4=0.0  acc_task5=0.0  acc_task6=0.0  acc_task7=0.0  acc_task8=33.2
[10:27:01] 
============================================================
 Task 10/20  | Classes (45, 50)
============================================================
[10:27:01] Task 9 baseline (chance): 2.00%
[10:27:01] Task 9 zero-shot (pre-train): 0.00%
[10:27:13] task=9  epoch=0  train_loss=5.2749
[10:27:16] task=9  epoch=END  time_sec=11.9  acc_task0=0.0  acc_task1=0.0  acc_task2=0.0  acc_task3=0.0  acc_task4=0.0  acc_task5=0.0  acc_task6=0.0  acc_task7=0.0  acc_task8=0.0  acc_task9=42.4
[10:27:16] 
============================================================
 Task 11/20  | Classes (50, 55)
============================================================
[10:27:16] Task 10 baseline (chance): 1.82%
[10:27:16] Task 10 zero-shot (pre-train): 0.00%
[10:27:28] task=10  epoch=0  train_loss=5.2339
[10:27:31] task=10  epoch=END  time_sec=11.9  acc_task0=0.0  acc_task1=0.0  acc_task2=0.0  acc_task3=0.0  acc_task4=0.0  acc_task5=0.0  acc_task6=0.0  acc_task7=0.0  acc_task8=0.0  acc_task9=0.0  acc_task10=51.0
[10:27:31] 
============================================================
 Task 12/20  | Classes (55, 60)
============================================================
[10:27:31] Task 11 baseline (chance): 1.67%
[10:27:31] Task 11 zero-shot (pre-train): 0.00%
[10:27:43] task=11  epoch=0  train_loss=5.3403
[10:27:46] task=11  epoch=END  time_sec=11.9  acc_task0=0.0  acc_task1=0.0  acc_task2=0.0  acc_task3=0.0  acc_task4=0.0  acc_task5=0.0  acc_task6=0.0  acc_task7=0.0  acc_task8=0.0  acc_task9=0.0  acc_task10=0.0  acc_task11=36.6
[10:27:46] 
============================================================
 Task 13/20  | Classes (60, 65)
============================================================
[10:27:46] Task 12 baseline (chance): 1.54%
[10:27:47] Task 12 zero-shot (pre-train): 0.00%
[10:27:59] task=12  epoch=0  train_loss=5.6155
[10:28:02] task=12  epoch=END  time_sec=11.9  acc_task0=0.0  acc_task1=0.0  acc_task2=0.0  acc_task3=0.0  acc_task4=0.0  acc_task5=0.0  acc_task6=0.0  acc_task7=0.0  acc_task8=0.0  acc_task9=0.0  acc_task10=0.0  acc_task11=0.0  acc_task12=55.0
[10:28:02] 
============================================================
 Task 14/20  | Classes (65, 70)
============================================================
[10:28:02] Task 13 baseline (chance): 1.43%
[10:28:02] Task 13 zero-shot (pre-train): 0.00%
[10:28:14] task=13  epoch=0  train_loss=6.0187
[10:28:18] task=13  epoch=END  time_sec=11.9  acc_task0=0.0  acc_task1=0.0  acc_task2=0.0  acc_task3=0.0  acc_task4=0.0  acc_task5=0.0  acc_task6=0.0  acc_task7=0.0  acc_task8=0.0  acc_task9=0.0  acc_task10=0.0  acc_task11=0.0  acc_task12=0.0  acc_task13=33.8
[10:28:18] 
============================================================
 Task 15/20  | Classes (70, 75)
============================================================
[10:28:18] Task 14 baseline (chance): 1.33%
[10:28:18] Task 14 zero-shot (pre-train): 0.00%
[10:28:30] task=14  epoch=0  train_loss=6.0875
[10:28:34] task=14  epoch=END  time_sec=11.8  acc_task0=0.0  acc_task1=0.0  acc_task2=0.0  acc_task3=0.0  acc_task4=0.0  acc_task5=0.0  acc_task6=0.0  acc_task7=0.0  acc_task8=0.0  acc_task9=0.0  acc_task10=0.0  acc_task11=0.0  acc_task12=0.0  acc_task13=0.0  acc_task14=57.6
[10:28:34] 
============================================================
 Task 16/20  | Classes (75, 80)
============================================================
[10:28:34] Task 15 baseline (chance): 1.25%
[10:28:35] Task 15 zero-shot (pre-train): 0.00%
[10:28:47] task=15  epoch=0  train_loss=6.1979
[10:28:51] task=15  epoch=END  time_sec=11.9  acc_task0=0.0  acc_task1=0.0  acc_task2=0.0  acc_task3=0.0  acc_task4=0.0  acc_task5=0.0  acc_task6=0.0  acc_task7=0.0  acc_task8=0.0  acc_task9=0.0  acc_task10=0.0  acc_task11=0.0  acc_task12=0.0  acc_task13=0.0  acc_task14=0.0  acc_task15=42.6
[10:28:51] 
============================================================
 Task 17/20  | Classes (80, 85)
============================================================
[10:28:51] Task 16 baseline (chance): 1.18%
[10:28:51] Task 16 zero-shot (pre-train): 0.00%
[10:29:03] task=16  epoch=0  train_loss=6.5627
[10:29:08] task=16  epoch=END  time_sec=11.9  acc_task0=0.0  acc_task1=0.0  acc_task2=0.0  acc_task3=0.0  acc_task4=0.0  acc_task5=0.0  acc_task6=0.0  acc_task7=0.0  acc_task8=0.0  acc_task9=0.0  acc_task10=0.0  acc_task11=0.0  acc_task12=0.0  acc_task13=0.0  acc_task14=0.0  acc_task15=0.0  acc_task16=42.4
[10:29:08] 
============================================================
 Task 18/20  | Classes (85, 90)
============================================================
[10:29:08] Task 17 baseline (chance): 1.11%
[10:29:08] Task 17 zero-shot (pre-train): 0.00%
[10:29:20] task=17  epoch=0  train_loss=6.5951
[10:29:25] task=17  epoch=END  time_sec=11.9  acc_task0=0.0  acc_task1=0.0  acc_task2=0.0  acc_task3=0.0  acc_task4=0.0  acc_task5=0.0  acc_task6=0.0  acc_task7=0.0  acc_task8=0.0  acc_task9=0.0  acc_task10=0.0  acc_task11=0.0  acc_task12=0.0  acc_task13=0.0  acc_task14=0.0  acc_task15=0.0  acc_task16=0.0  acc_task17=38.4
[10:29:25] 
============================================================
 Task 19/20  | Classes (90, 95)
============================================================
[10:29:25] Task 18 baseline (chance): 1.05%
[10:29:25] Task 18 zero-shot (pre-train): 0.00%
[10:29:37] task=18  epoch=0  train_loss=6.3637
[10:29:42] task=18  epoch=END  time_sec=11.9  acc_task0=0.0  acc_task1=0.0  acc_task2=0.0  acc_task3=0.0  acc_task4=0.0  acc_task5=0.0  acc_task6=0.0  acc_task7=0.0  acc_task8=0.0  acc_task9=0.0  acc_task10=0.0  acc_task11=0.0  acc_task12=0.0  acc_task13=0.0  acc_task14=0.0  acc_task15=0.0  acc_task16=0.0  acc_task17=0.0  acc_task18=44.8
[10:29:42] 
============================================================
 Task 20/20  | Classes (95, 100)
============================================================
[10:29:42] Task 19 baseline (chance): 1.00%
[10:29:43] Task 19 zero-shot (pre-train): 0.00%
[10:29:55] task=19  epoch=0  train_loss=6.5623
[10:30:00] task=19  epoch=END  time_sec=12.1  acc_task0=0.0  acc_task1=0.0  acc_task2=0.0  acc_task3=0.0  acc_task4=0.0  acc_task5=0.0  acc_task6=0.0  acc_task7=0.0  acc_task8=0.0  acc_task9=0.0  acc_task10=0.0  acc_task11=0.0  acc_task12=0.0  acc_task13=0.0  acc_task14=0.0  acc_task15=0.0  acc_task16=0.0  acc_task17=0.0  acc_task18=0.0  acc_task19=54.2
[10:30:00] 
Final Metrics:
  avg_accuracy         +2.7100
  forgetting           +42.8737
  backward_transfer    -42.8737
  forward_transfer     -2.7345
[10:30:02] 
Done - run: split_cifar100_si_der_seed1024
[10:30:02] Metrics: {'avg_accuracy': 2.71, 'forgetting': 42.8737, 'backward_transfer': -42.8737, 'forward_transfer': -2.7345}
