[10:14:55] Starting: split_cifar100_si_der_seed456
[10:14:55] Config: {'dataset': 'split_cifar100', 'data_root': 'Project/data_local', 'model': 'slim_resnet18', 'pretrained': False, 'method': 'si_der', 'n_epochs': 1, 'batch_size': 32, 'num_workers': 0, 'lr': 0.03, 'momentum': 0.9, 'weight_decay': 0.0001, 'fp16': True, 'buffer_size': 200, 'ewc_lambda': 100.0, 'fisher_samples': 200, 'si_lambda': 1.0, 'si_xi': 0.1, 'der_alpha': 0.5, 'xder_beta': 0.5, 'lwf_lambda': 1.0, 'lwf_temp': 2.0, 'icarl_distill_w': 1.0, 'icarl_temp': 2.0, 'use_nmc': True, 'agem_mem_batch': 64, 'distill_lambda': 1.0, 'distill_temp': 2.0, 'pc_distill_w': 1.0, 'pc_ewc_lambda': 100.0, 'pc_compress_epochs': 3, 'er_replay_ratio': 0.5, 'joint_replay_epochs': 1, 'disable_tqdm': True, 'disable_checkpoints': True, 'disable_plots': False, 'seeds': [42, 123, 456, 789, 1024], 'results_root': 'd:\\Catastrophic Forgetting\\results_phase3_fwt_sider_fix', 'checkpoint_dir': 'results/checkpoints', 'figure_dir': 'd:\\Catastrophic Forgetting\\results_phase3_fwt_sider_fix\\figures', 'log_dir': 'd:\\Catastrophic Forgetting\\results_phase3_fwt_sider_fix\\raw', 'run_name': 'split_cifar100_si_der_seed456', 'seed': 456}
[10:14:55] Device: cuda
[10:14:57] Dataset: SplitCIFAR100(tasks=20, classes_per_task=5, scenario=class-il)
[10:14:57] 
============================================================
 Task 1/20  | Classes (0, 5)
============================================================
[10:14:57] Task 0 baseline (chance): 20.00%
[10:15:06] task=0  epoch=0  train_loss=1.6041
[10:15:06] task=0  epoch=END  time_sec=9.3  acc_task0=47.2
[10:15:06] 
============================================================
 Task 2/20  | Classes (5, 10)
============================================================
[10:15:06] Task 1 baseline (chance): 10.00%
[10:15:07] Task 1 zero-shot (pre-train): 0.20%
[10:15:18] task=1  epoch=0  train_loss=1.8435
[10:15:19] task=1  epoch=END  time_sec=11.8  acc_task0=0.0  acc_task1=45.2
[10:15:19] 
============================================================
 Task 3/20  | Classes (10, 15)
============================================================
[10:15:19] Task 2 baseline (chance): 6.67%
[10:15:19] Task 2 zero-shot (pre-train): 0.00%
[10:15:31] task=2  epoch=0  train_loss=2.0682
[10:15:32] task=2  epoch=END  time_sec=11.7  acc_task0=0.0  acc_task1=0.0  acc_task2=44.0
[10:15:32] 
============================================================
 Task 4/20  | Classes (15, 20)
============================================================
[10:15:32] Task 3 baseline (chance): 5.00%
[10:15:32] Task 3 zero-shot (pre-train): 0.00%
[10:15:44] task=3  epoch=0  train_loss=2.8717
[10:15:45] task=3  epoch=END  time_sec=11.9  acc_task0=0.0  acc_task1=0.0  acc_task2=0.0  acc_task3=39.4
[10:15:45] 
============================================================
 Task 5/20  | Classes (20, 25)
============================================================
[10:15:45] Task 4 baseline (chance): 4.00%
[10:15:45] Task 4 zero-shot (pre-train): 0.00%
[10:15:57] task=4  epoch=0  train_loss=3.2858
[10:15:58] task=4  epoch=END  time_sec=11.7  acc_task0=0.0  acc_task1=0.0  acc_task2=0.0  acc_task3=0.0  acc_task4=48.8
[10:15:58] 
============================================================
 Task 6/20  | Classes (25, 30)
============================================================
[10:15:58] Task 5 baseline (chance): 3.33%
[10:15:59] Task 5 zero-shot (pre-train): 0.00%
[10:16:11] task=5  epoch=0  train_loss=3.9908
[10:16:12] task=5  epoch=END  time_sec=12.2  acc_task0=0.0  acc_task1=0.0  acc_task2=0.0  acc_task3=0.0  acc_task4=0.0  acc_task5=21.4
[10:16:12] 
============================================================
 Task 7/20  | Classes (30, 35)
============================================================
[10:16:12] Task 6 baseline (chance): 2.86%
[10:16:13] Task 6 zero-shot (pre-train): 0.00%
[10:16:25] task=6  epoch=0  train_loss=4.0218
[10:16:26] task=6  epoch=END  time_sec=11.9  acc_task0=0.0  acc_task1=0.0  acc_task2=0.0  acc_task3=0.0  acc_task4=0.2  acc_task5=0.0  acc_task6=48.0
[10:16:26] 
============================================================
 Task 8/20  | Classes (35, 40)
============================================================
[10:16:26] Task 7 baseline (chance): 2.50%
[10:16:27] Task 7 zero-shot (pre-train): 0.00%
[10:16:39] task=7  epoch=0  train_loss=4.6592
[10:16:41] task=7  epoch=END  time_sec=11.9  acc_task0=0.0  acc_task1=0.0  acc_task2=0.0  acc_task3=0.0  acc_task4=0.0  acc_task5=0.0  acc_task6=0.0  acc_task7=30.4
[10:16:41] 
============================================================
 Task 9/20  | Classes (40, 45)
============================================================
[10:16:41] Task 8 baseline (chance): 2.22%
[10:16:41] Task 8 zero-shot (pre-train): 0.00%
[10:16:53] task=8  epoch=0  train_loss=4.9811
[10:16:55] task=8  epoch=END  time_sec=11.9  acc_task0=0.0  acc_task1=0.0  acc_task2=0.0  acc_task3=0.0  acc_task4=0.0  acc_task5=0.0  acc_task6=0.0  acc_task7=0.0  acc_task8=40.6
[10:16:55] 
============================================================
 Task 10/20  | Classes (45, 50)
============================================================
[10:16:55] Task 9 baseline (chance): 2.00%
[10:16:56] Task 9 zero-shot (pre-train): 0.00%
[10:17:08] task=9  epoch=0  train_loss=5.5593
[10:17:10] task=9  epoch=END  time_sec=11.9  acc_task0=0.0  acc_task1=0.0  acc_task2=0.0  acc_task3=0.0  acc_task4=0.0  acc_task5=0.0  acc_task6=0.0  acc_task7=0.0  acc_task8=0.0  acc_task9=38.6
[10:17:10] 
============================================================
 Task 11/20  | Classes (50, 55)
============================================================
[10:17:10] Task 10 baseline (chance): 1.82%
[10:17:11] Task 10 zero-shot (pre-train): 0.00%
[10:17:22] task=10  epoch=0  train_loss=5.2102
[10:17:25] task=10  epoch=END  time_sec=11.9  acc_task0=0.0  acc_task1=0.0  acc_task2=0.0  acc_task3=0.0  acc_task4=0.0  acc_task5=0.0  acc_task6=0.0  acc_task7=0.0  acc_task8=0.0  acc_task9=0.0  acc_task10=52.8
[10:17:25] 
============================================================
 Task 12/20  | Classes (55, 60)
============================================================
[10:17:25] Task 11 baseline (chance): 1.67%
[10:17:26] Task 11 zero-shot (pre-train): 0.00%
[10:17:38] task=11  epoch=0  train_loss=5.3153
[10:17:41] task=11  epoch=END  time_sec=11.9  acc_task0=0.0  acc_task1=0.0  acc_task2=0.0  acc_task3=0.0  acc_task4=0.0  acc_task5=0.0  acc_task6=0.0  acc_task7=0.0  acc_task8=0.0  acc_task9=0.0  acc_task10=0.0  acc_task11=39.6
[10:17:41] 
============================================================
 Task 13/20  | Classes (60, 65)
============================================================
[10:17:41] Task 12 baseline (chance): 1.54%
[10:17:41] Task 12 zero-shot (pre-train): 0.00%
[10:17:53] task=12  epoch=0  train_loss=5.5266
[10:17:57] task=12  epoch=END  time_sec=11.9  acc_task0=0.0  acc_task1=0.0  acc_task2=0.0  acc_task3=0.0  acc_task4=0.0  acc_task5=0.0  acc_task6=0.0  acc_task7=0.0  acc_task8=0.0  acc_task9=0.0  acc_task10=0.0  acc_task11=0.0  acc_task12=54.0
[10:17:57] 
============================================================
 Task 14/20  | Classes (65, 70)
============================================================
[10:17:57] Task 13 baseline (chance): 1.43%
[10:17:57] Task 13 zero-shot (pre-train): 0.00%
[10:18:09] task=13  epoch=0  train_loss=5.3377
[10:18:13] task=13  epoch=END  time_sec=11.9  acc_task0=0.0  acc_task1=0.0  acc_task2=0.0  acc_task3=0.0  acc_task4=0.0  acc_task5=0.0  acc_task6=0.0  acc_task7=0.0  acc_task8=0.0  acc_task9=0.0  acc_task10=0.0  acc_task11=0.0  acc_task12=0.0  acc_task13=44.0
[10:18:13] 
============================================================
 Task 15/20  | Classes (70, 75)
============================================================
[10:18:13] Task 14 baseline (chance): 1.33%
[10:18:13] Task 14 zero-shot (pre-train): 0.00%
[10:18:25] task=14  epoch=0  train_loss=5.6374
[10:18:29] task=14  epoch=END  time_sec=11.8  acc_task0=0.0  acc_task1=0.0  acc_task2=0.0  acc_task3=0.0  acc_task4=0.0  acc_task5=0.0  acc_task6=0.0  acc_task7=0.0  acc_task8=0.0  acc_task9=0.0  acc_task10=0.0  acc_task11=0.0  acc_task12=0.0  acc_task13=0.0  acc_task14=62.8
[10:18:29] 
============================================================
 Task 16/20  | Classes (75, 80)
============================================================
[10:18:29] Task 15 baseline (chance): 1.25%
[10:18:29] Task 15 zero-shot (pre-train): 0.00%
[10:18:41] task=15  epoch=0  train_loss=5.7883
[10:18:45] task=15  epoch=END  time_sec=11.9  acc_task0=0.0  acc_task1=0.0  acc_task2=0.0  acc_task3=0.0  acc_task4=0.0  acc_task5=0.0  acc_task6=0.0  acc_task7=0.0  acc_task8=0.0  acc_task9=0.0  acc_task10=0.0  acc_task11=0.0  acc_task12=0.0  acc_task13=0.0  acc_task14=0.0  acc_task15=39.8
[10:18:45] 
============================================================
 Task 17/20  | Classes (80, 85)
============================================================
[10:18:45] Task 16 baseline (chance): 1.18%
[10:18:46] Task 16 zero-shot (pre-train): 0.00%
[10:18:58] task=16  epoch=0  train_loss=5.6472
[10:19:02] task=16  epoch=END  time_sec=11.9  acc_task0=0.0  acc_task1=0.0  acc_task2=0.0  acc_task3=0.0  acc_task4=0.0  acc_task5=0.0  acc_task6=0.0  acc_task7=0.0  acc_task8=0.0  acc_task9=0.0  acc_task10=0.0  acc_task11=0.0  acc_task12=0.0  acc_task13=0.0  acc_task14=0.0  acc_task15=0.0  acc_task16=48.0
[10:19:02] 
============================================================
 Task 18/20  | Classes (85, 90)
============================================================
[10:19:02] Task 17 baseline (chance): 1.11%
[10:19:03] Task 17 zero-shot (pre-train): 0.00%
[10:19:15] task=17  epoch=0  train_loss=5.7584
[10:19:20] task=17  epoch=END  time_sec=12.0  acc_task0=0.0  acc_task1=0.0  acc_task2=0.0  acc_task3=0.0  acc_task4=0.0  acc_task5=0.0  acc_task6=0.0  acc_task7=0.0  acc_task8=0.0  acc_task9=0.0  acc_task10=0.0  acc_task11=0.0  acc_task12=0.0  acc_task13=0.0  acc_task14=0.0  acc_task15=0.0  acc_task16=0.0  acc_task17=38.0
[10:19:20] 
============================================================
 Task 19/20  | Classes (90, 95)
============================================================
[10:19:20] Task 18 baseline (chance): 1.05%
[10:19:20] Task 18 zero-shot (pre-train): 0.00%
[10:19:32] task=18  epoch=0  train_loss=6.0809
[10:19:37] task=18  epoch=END  time_sec=12.0  acc_task0=0.0  acc_task1=0.0  acc_task2=0.0  acc_task3=0.0  acc_task4=0.0  acc_task5=0.0  acc_task6=0.0  acc_task7=0.0  acc_task8=0.0  acc_task9=0.0  acc_task10=0.0  acc_task11=0.0  acc_task12=0.0  acc_task13=0.0  acc_task14=0.0  acc_task15=0.0  acc_task16=0.0  acc_task17=0.0  acc_task18=46.6
[10:19:37] 
============================================================
 Task 20/20  | Classes (95, 100)
============================================================
[10:19:37] Task 19 baseline (chance): 1.00%
[10:19:37] Task 19 zero-shot (pre-train): 0.00%
[10:19:49] task=19  epoch=0  train_loss=5.8327
[10:19:55] task=19  epoch=END  time_sec=11.8  acc_task0=0.0  acc_task1=0.0  acc_task2=0.0  acc_task3=0.0  acc_task4=0.0  acc_task5=0.0  acc_task6=0.0  acc_task7=0.0  acc_task8=0.0  acc_task9=0.0  acc_task10=0.0  acc_task11=0.0  acc_task12=0.0  acc_task13=0.0  acc_task14=0.0  acc_task15=0.0  acc_task16=0.0  acc_task17=0.0  acc_task18=0.0  acc_task19=50.0
[10:19:55] 
Final Metrics:
  avg_accuracy         +2.5000
  forgetting           +43.6421
  backward_transfer    -43.6421
  forward_transfer     -2.7239
[10:19:56] 
Done - run: split_cifar100_si_der_seed456
[10:19:56] Metrics: {'avg_accuracy': 2.5, 'forgetting': 43.6421, 'backward_transfer': -43.6421, 'forward_transfer': -2.7239}
