[02:45:07] Starting: split_cifar10_er_ewc_buf100_seed456
[02:45:07] Config: {'dataset': 'split_cifar10', 'data_root': 'F:\\Temp\\cf\\Catastrophic Forgetting\\research_v2\\Project\\data_local', 'dataset_image_size': None, 'dataset_out_channels': None, 'model': 'slim_resnet18', 'pretrained': False, 'model_image_size': None, 'method': 'er_ewc', 'n_epochs': 1, 'batch_size': 32, 'num_workers': 0, 'lr': 0.03, 'momentum': 0.9, 'weight_decay': 0.0001, 'fp16': False, 'buffer_size': 100, 'ewc_lambda': 100.0, 'fisher_samples': 200, 'si_lambda': 1.0, 'si_xi': 0.1, 'der_alpha': 0.5, 'xder_beta': 0.5, 'lwf_lambda': 1.0, 'lwf_temp': 2.0, 'icarl_distill_w': 1.0, 'icarl_temp': 2.0, 'use_nmc': True, 'agem_mem_batch': 64, 'distill_lambda': 1.0, 'distill_temp': 2.0, 'pc_distill_w': 1.0, 'pc_ewc_lambda': 100.0, 'pc_compress_epochs': 3, 'er_replay_ratio': 0.5, 'joint_replay_epochs': 1, 'disable_tqdm': True, 'disable_checkpoints': False, 'disable_plots': True, 'resume': False, 'cleanup_checkpoints_on_success': True, 'result_group': 'ablations', 'ablation_family': 'buffer', 'seeds': [42, 123, 456, 789, 1024], 'results_root': 'F:\\Temp\\cf\\Catastrophic Forgetting\\research_v2\\results', 'run_tag': 'buf100', 'seed': 456, 'run_name': 'split_cifar10_er_ewc_buf100_seed456', 'project_root': 'F:\\Temp\\cf\\Catastrophic Forgetting\\research_v2\\Project', 'workspace_root': 'F:\\Temp\\cf\\Catastrophic Forgetting\\research_v2', 'run_root': 'F:\\Temp\\cf\\Catastrophic Forgetting\\research_v2\\results\\ablations\\epoch_1\\split_cifar10\\buffer\\er_ewc__buf100\\seed_456', 'log_dir': 'F:\\Temp\\cf\\Catastrophic Forgetting\\research_v2\\results\\ablations\\epoch_1\\split_cifar10\\buffer\\er_ewc__buf100\\seed_456\\logs', 'metrics_dir': 'F:\\Temp\\cf\\Catastrophic Forgetting\\research_v2\\results\\ablations\\epoch_1\\split_cifar10\\buffer\\er_ewc__buf100\\seed_456\\metrics', 'checkpoint_dir': 'F:\\Temp\\cf\\Catastrophic Forgetting\\research_v2\\results\\ablations\\epoch_1\\split_cifar10\\buffer\\er_ewc__buf100\\seed_456\\checkpoints', 'artifact_dir': 'F:\\Temp\\cf\\Catastrophic Forgetting\\research_v2\\results\\ablations\\epoch_1\\split_cifar10\\buffer\\er_ewc__buf100\\seed_456\\artifacts', 'figure_dir': 'F:\\Temp\\cf\\Catastrophic Forgetting\\research_v2\\results\\figures\\ablations\\epoch_1\\split_cifar10\\buffer\\er_ewc__buf100\\seed_456'}
[02:45:07] Device: cuda
[02:45:10] Dataset: SplitCIFAR10(tasks=5, classes_per_task=2, scenario=class-il)
[02:45:10] 
============================================================
 Task 1/5  | Classes (0, 2)
============================================================
[02:45:10] Task 0 baseline (chance): 50.00%
[02:45:31] task=0  epoch=0  train_loss=0.4212
[02:45:32] task=0  epoch=END  time_sec=21.4  acc_task0=87.75
[02:45:33] 
============================================================
 Task 2/5  | Classes (2, 4)
============================================================
[02:45:33] Task 1 baseline (chance): 25.00%
[02:45:34] Task 1 zero-shot (pre-train): 2.35%
[02:46:10] task=1  epoch=0  train_loss=0.6288
[02:46:12] task=1  epoch=END  time_sec=36.0  acc_task0=48.8  acc_task1=69.9
[02:46:13] 
============================================================
 Task 3/5  | Classes (4, 6)
============================================================
[02:46:13] Task 2 baseline (chance): 16.67%
[02:46:14] Task 2 zero-shot (pre-train): 0.00%
[02:46:56] task=2  epoch=0  train_loss=0.6315
[02:46:59] task=2  epoch=END  time_sec=42.1  acc_task0=19.55  acc_task1=0.05  acc_task2=76.4
[02:46:59] 
============================================================
 Task 4/5  | Classes (6, 8)
============================================================
[02:46:59] Task 3 baseline (chance): 12.50%
[02:47:00] Task 3 zero-shot (pre-train): 0.00%
[02:47:44] task=3  epoch=0  train_loss=0.5212
[02:47:49] task=3  epoch=END  time_sec=44.6  acc_task0=5.0  acc_task1=0.9  acc_task2=1.25  acc_task3=81.05
[02:47:49] 
============================================================
 Task 5/5  | Classes (8, 10)
============================================================
[02:47:49] Task 4 baseline (chance): 10.00%
[02:47:50] Task 4 zero-shot (pre-train): 0.00%
[02:48:34] task=4  epoch=0  train_loss=0.4936
[02:48:40] task=4  epoch=END  time_sec=44.3  acc_task0=0.25  acc_task1=0.85  acc_task2=6.05  acc_task3=8.5  acc_task4=85.35
[02:48:40] 
Final Metrics:
  avg_accuracy         +20.2000
  forgetting           +74.8625
  backward_transfer    -74.8625
  forward_transfer     -15.4542
[02:48:40] 
Done - run: split_cifar10_er_ewc_buf100_seed456
[02:48:40] Metrics: {'avg_accuracy': 20.2, 'forgetting': 74.8625, 'backward_transfer': -74.8625, 'forward_transfer': -15.4542}
[02:48:40] Deleted 5 checkpoint(s) after successful completion.
