[18:49:28] Starting: split_cifar10_joint_training_resumecheck_seed456
[18:49:28] Config: {'dataset': 'split_cifar10', 'data_root': 'F:\\Temp\\cf\\Catastrophic Forgetting\\research_v2\\Project\\data_local', 'dataset_image_size': None, 'dataset_out_channels': None, 'model': 'slim_resnet18', 'pretrained': False, 'model_image_size': None, 'method': 'joint_training', 'n_epochs': 1, 'batch_size': 32, 'num_workers': 0, 'lr': 0.03, 'momentum': 0.9, 'weight_decay': 0.0001, 'fp16': False, 'buffer_size': 200, 'ewc_lambda': 100.0, 'fisher_samples': 200, 'si_lambda': 1.0, 'si_xi': 0.1, 'der_alpha': 0.5, 'xder_beta': 0.5, 'lwf_lambda': 1.0, 'lwf_temp': 2.0, 'icarl_distill_w': 1.0, 'icarl_temp': 2.0, 'use_nmc': True, 'agem_mem_batch': 64, 'distill_lambda': 1.0, 'distill_temp': 2.0, 'pc_distill_w': 1.0, 'pc_ewc_lambda': 100.0, 'pc_compress_epochs': 3, 'er_replay_ratio': 0.5, 'joint_replay_epochs': 1, 'disable_tqdm': True, 'disable_checkpoints': False, 'disable_plots': True, 'resume': False, 'cleanup_checkpoints_on_success': False, 'result_group': 'ablations', 'ablation_family': 'robustness', 'seeds': [42, 123, 456], 'results_root': 'F:\\Temp\\cf\\Catastrophic Forgetting\\research_v2\\results', 'run_tag': 'resumecheck', 'robustness_stop_task': 1, 'stop_after_task': 1, 'seed': 456, 'run_name': 'split_cifar10_joint_training_resumecheck_seed456', 'project_root': 'F:\\Temp\\cf\\Catastrophic Forgetting\\research_v2\\Project', 'workspace_root': 'F:\\Temp\\cf\\Catastrophic Forgetting\\research_v2', 'run_root': 'F:\\Temp\\cf\\Catastrophic Forgetting\\research_v2\\results\\ablations\\epoch_1\\split_cifar10\\robustness\\joint_training__resumecheck\\seed_456', 'log_dir': 'F:\\Temp\\cf\\Catastrophic Forgetting\\research_v2\\results\\ablations\\epoch_1\\split_cifar10\\robustness\\joint_training__resumecheck\\seed_456\\logs', 'metrics_dir': 'F:\\Temp\\cf\\Catastrophic Forgetting\\research_v2\\results\\ablations\\epoch_1\\split_cifar10\\robustness\\joint_training__resumecheck\\seed_456\\metrics', 'checkpoint_dir': 'F:\\Temp\\cf\\Catastrophic Forgetting\\research_v2\\results\\ablations\\epoch_1\\split_cifar10\\robustness\\joint_training__resumecheck\\seed_456\\checkpoints', 'artifact_dir': 'F:\\Temp\\cf\\Catastrophic Forgetting\\research_v2\\results\\ablations\\epoch_1\\split_cifar10\\robustness\\joint_training__resumecheck\\seed_456\\artifacts', 'figure_dir': 'F:\\Temp\\cf\\Catastrophic Forgetting\\research_v2\\results\\figures\\ablations\\epoch_1\\split_cifar10\\robustness\\joint_training__resumecheck\\seed_456'}
[18:49:28] Device: cuda
[18:49:30] Dataset: SplitCIFAR10(tasks=5, classes_per_task=2, scenario=class-il)
[18:49:30] 
============================================================
 Task 1/5  | Classes (0, 2)
============================================================
[18:49:30] Task 0 baseline (chance): 50.00%
[18:49:41] task=0  epoch=0  train_loss=0.5142
[18:49:52] task=0  epoch=END  time_sec=10.2  acc_task0=88.5
[18:49:52] 
============================================================
 Task 2/5  | Classes (2, 4)
============================================================
[18:49:52] Task 1 baseline (chance): 25.00%
[18:49:53] Task 1 zero-shot (pre-train): 3.10%
[18:50:05] task=1  epoch=0  train_loss=0.583
[18:50:23] task=1  epoch=END  time_sec=11.9  acc_task0=82.7  acc_task1=66.95
[18:50:23] Planned early stop after task 1. Checkpoint saved for resume/restart robustness testing.
[18:50:23] Run stopped intentionally before completion; final metrics and plots were skipped so this checkpoint can be resumed later.
[18:50:23] Starting: split_cifar10_joint_training_resumecheck_seed456
[18:50:23] Config: {'dataset': 'split_cifar10', 'data_root': 'F:\\Temp\\cf\\Catastrophic Forgetting\\research_v2\\Project\\data_local', 'dataset_image_size': None, 'dataset_out_channels': None, 'model': 'slim_resnet18', 'pretrained': False, 'model_image_size': None, 'method': 'joint_training', 'n_epochs': 1, 'batch_size': 32, 'num_workers': 0, 'lr': 0.03, 'momentum': 0.9, 'weight_decay': 0.0001, 'fp16': False, 'buffer_size': 200, 'ewc_lambda': 100.0, 'fisher_samples': 200, 'si_lambda': 1.0, 'si_xi': 0.1, 'der_alpha': 0.5, 'xder_beta': 0.5, 'lwf_lambda': 1.0, 'lwf_temp': 2.0, 'icarl_distill_w': 1.0, 'icarl_temp': 2.0, 'use_nmc': True, 'agem_mem_batch': 64, 'distill_lambda': 1.0, 'distill_temp': 2.0, 'pc_distill_w': 1.0, 'pc_ewc_lambda': 100.0, 'pc_compress_epochs': 3, 'er_replay_ratio': 0.5, 'joint_replay_epochs': 1, 'disable_tqdm': True, 'disable_checkpoints': False, 'disable_plots': True, 'resume': True, 'cleanup_checkpoints_on_success': True, 'result_group': 'ablations', 'ablation_family': 'robustness', 'seeds': [42, 123, 456], 'results_root': 'F:\\Temp\\cf\\Catastrophic Forgetting\\research_v2\\results', 'run_tag': 'resumecheck', 'robustness_stop_task': 1, 'seed': 456, 'run_name': 'split_cifar10_joint_training_resumecheck_seed456', 'project_root': 'F:\\Temp\\cf\\Catastrophic Forgetting\\research_v2\\Project', 'workspace_root': 'F:\\Temp\\cf\\Catastrophic Forgetting\\research_v2', 'run_root': 'F:\\Temp\\cf\\Catastrophic Forgetting\\research_v2\\results\\ablations\\epoch_1\\split_cifar10\\robustness\\joint_training__resumecheck\\seed_456', 'log_dir': 'F:\\Temp\\cf\\Catastrophic Forgetting\\research_v2\\results\\ablations\\epoch_1\\split_cifar10\\robustness\\joint_training__resumecheck\\seed_456\\logs', 'metrics_dir': 'F:\\Temp\\cf\\Catastrophic Forgetting\\research_v2\\results\\ablations\\epoch_1\\split_cifar10\\robustness\\joint_training__resumecheck\\seed_456\\metrics', 'checkpoint_dir': 'F:\\Temp\\cf\\Catastrophic Forgetting\\research_v2\\results\\ablations\\epoch_1\\split_cifar10\\robustness\\joint_training__resumecheck\\seed_456\\checkpoints', 'artifact_dir': 'F:\\Temp\\cf\\Catastrophic Forgetting\\research_v2\\results\\ablations\\epoch_1\\split_cifar10\\robustness\\joint_training__resumecheck\\seed_456\\artifacts', 'figure_dir': 'F:\\Temp\\cf\\Catastrophic Forgetting\\research_v2\\results\\figures\\ablations\\epoch_1\\split_cifar10\\robustness\\joint_training__resumecheck\\seed_456'}
[18:50:23] Device: cuda
[18:50:25] Dataset: SplitCIFAR10(tasks=5, classes_per_task=2, scenario=class-il)
[18:50:26] Resumed from checkpoint: F:\Temp\cf\Catastrophic Forgetting\research_v2\results\ablations\epoch_1\split_cifar10\robustness\joint_training__resumecheck\seed_456\checkpoints\split_cifar10_joint_training_resumecheck_seed456_task1.pt
[18:50:26] Next task index: 2
[18:50:26] 
============================================================
 Task 3/5  | Classes (4, 6)
============================================================
[18:50:26] Task 2 baseline (chance): 16.67%
[18:50:27] Task 2 zero-shot (pre-train): 0.00%
[18:50:36] task=2  epoch=0  train_loss=0.5089
[18:51:00] task=2  epoch=END  time_sec=9.0  acc_task0=85.5  acc_task1=20.0  acc_task2=60.4
[18:51:01] 
============================================================
 Task 4/5  | Classes (6, 8)
============================================================
[18:51:01] Task 3 baseline (chance): 12.50%
[18:51:01] Task 3 zero-shot (pre-train): 0.00%
[18:51:11] task=3  epoch=0  train_loss=0.3572
[18:51:45] task=3  epoch=END  time_sec=9.7  acc_task0=88.85  acc_task1=23.1  acc_task2=54.85  acc_task3=66.55
[18:51:46] 
============================================================
 Task 5/5  | Classes (8, 10)
============================================================
[18:51:46] Task 4 baseline (chance): 10.00%
[18:51:47] Task 4 zero-shot (pre-train): 0.00%
[18:51:57] task=4  epoch=0  train_loss=0.2803
[18:52:38] task=4  epoch=END  time_sec=10.6  acc_task0=80.85  acc_task1=49.9  acc_task2=65.35  acc_task3=61.35  acc_task4=68.5
[18:52:39] 
Final Metrics:
  avg_accuracy         +65.1900
  forgetting           +7.5625
  backward_transfer    -6.2375
  forward_transfer     -15.2667
[18:52:39] 
Done - run: split_cifar10_joint_training_resumecheck_seed456
[18:52:39] Metrics: {'avg_accuracy': 65.19, 'forgetting': 7.5625, 'backward_transfer': -6.2375, 'forward_transfer': -15.2667}
[18:52:39] Deleted 5 checkpoint(s) after successful completion.
