[08:44:53] Starting: split_mini_imagenet_der_seed456
[08:44:53] Config: {'dataset': 'split_mini_imagenet', 'data_root': 'F:\\Temp\\cf\\Catastrophic Forgetting\\research_v2\\Project\\data_local\\mini-imagenet', 'dataset_image_size': None, 'dataset_out_channels': None, 'model': 'slim_resnet18', 'pretrained': False, 'model_image_size': None, 'method': 'der', 'n_epochs': 1, 'batch_size': 32, 'num_workers': 0, 'lr': 0.03, 'momentum': 0.9, 'weight_decay': 0.0001, 'fp16': True, 'buffer_size': 200, 'ewc_lambda': 100.0, 'fisher_samples': 200, 'si_lambda': 1.0, 'si_xi': 0.1, 'der_alpha': 0.5, 'xder_beta': 0.5, 'lwf_lambda': 1.0, 'lwf_temp': 2.0, 'icarl_distill_w': 1.0, 'icarl_temp': 2.0, 'use_nmc': True, 'agem_mem_batch': 64, 'distill_lambda': 1.0, 'distill_temp': 2.0, 'pc_distill_w': 1.0, 'pc_ewc_lambda': 100.0, 'pc_compress_epochs': 3, 'er_replay_ratio': 0.5, 'joint_replay_epochs': 1, 'disable_tqdm': True, 'disable_checkpoints': False, 'disable_plots': False, 'resume': True, 'cleanup_checkpoints_on_success': True, 'result_group': 'runs', 'ablation_family': None, 'seeds': [42, 123, 456, 789, 1024], 'results_root': 'F:\\Temp\\cf\\Catastrophic Forgetting\\research_v2\\results', 'seed': 456, 'run_name': 'split_mini_imagenet_der_seed456', 'project_root': 'F:\\Temp\\cf\\Catastrophic Forgetting\\research_v2\\Project', 'workspace_root': 'F:\\Temp\\cf\\Catastrophic Forgetting\\research_v2', 'run_root': 'F:\\Temp\\cf\\Catastrophic Forgetting\\research_v2\\results\\runs\\epoch_1\\split_mini_imagenet\\hybrids\\der\\seed_456', 'log_dir': 'F:\\Temp\\cf\\Catastrophic Forgetting\\research_v2\\results\\runs\\epoch_1\\split_mini_imagenet\\hybrids\\der\\seed_456\\logs', 'metrics_dir': 'F:\\Temp\\cf\\Catastrophic Forgetting\\research_v2\\results\\runs\\epoch_1\\split_mini_imagenet\\hybrids\\der\\seed_456\\metrics', 'checkpoint_dir': 'F:\\Temp\\cf\\Catastrophic Forgetting\\research_v2\\results\\runs\\epoch_1\\split_mini_imagenet\\hybrids\\der\\seed_456\\checkpoints', 'artifact_dir': 'F:\\Temp\\cf\\Catastrophic Forgetting\\research_v2\\results\\runs\\epoch_1\\split_mini_imagenet\\hybrids\\der\\seed_456\\artifacts', 'figure_dir': 'F:\\Temp\\cf\\Catastrophic Forgetting\\research_v2\\results\\figures\\epoch_1\\split_mini_imagenet\\hybrids\\der\\seed_456'}
[08:44:53] Device: cuda
[08:44:55] Dataset: SplitMiniImageNet(tasks=20, classes_per_task=5, scenario=class-il)
[08:44:55] 
============================================================
 Task 1/20  | Classes (0, 5)
============================================================
[08:44:55] Task 0 baseline (chance): 20.00%
[08:45:15] task=0  epoch=0  train_loss=1.8946
[08:45:17] task=0  epoch=END  time_sec=19.5  acc_task0=36.33
[08:45:18] 
============================================================
 Task 2/20  | Classes (5, 10)
============================================================
[08:45:18] Task 1 baseline (chance): 10.00%
[08:45:21] Task 1 zero-shot (pre-train): 0.00%
[08:45:40] task=1  epoch=0  train_loss=1.682
[08:45:45] task=1  epoch=END  time_sec=19.0  acc_task0=0.0  acc_task1=52.33
[08:45:45] 
============================================================
 Task 3/20  | Classes (10, 15)
============================================================
[08:45:45] Task 2 baseline (chance): 6.67%
[08:45:47] Task 2 zero-shot (pre-train): 0.00%
[08:46:03] task=2  epoch=0  train_loss=2.093
[08:46:09] task=2  epoch=END  time_sec=15.7  acc_task0=0.0  acc_task1=0.0  acc_task2=42.33
[08:46:10] 
============================================================
 Task 4/20  | Classes (15, 20)
============================================================
[08:46:10] Task 3 baseline (chance): 5.00%
[08:46:13] Task 3 zero-shot (pre-train): 0.00%
[08:46:32] task=3  epoch=0  train_loss=2.8523
[08:46:42] task=3  epoch=END  time_sec=19.1  acc_task0=0.0  acc_task1=0.0  acc_task2=0.0  acc_task3=34.0
[08:46:42] 
============================================================
 Task 5/20  | Classes (20, 25)
============================================================
[08:46:42] Task 4 baseline (chance): 4.00%
[08:46:45] Task 4 zero-shot (pre-train): 0.00%
[08:47:03] task=4  epoch=0  train_loss=3.1077
[08:47:15] task=4  epoch=END  time_sec=17.8  acc_task0=0.0  acc_task1=0.0  acc_task2=0.0  acc_task3=0.0  acc_task4=24.83
[08:47:16] 
============================================================
 Task 6/20  | Classes (25, 30)
============================================================
[08:47:16] Task 5 baseline (chance): 3.33%
[08:47:18] Task 5 zero-shot (pre-train): 0.00%
[08:47:36] task=5  epoch=0  train_loss=3.5173
[08:47:52] task=5  epoch=END  time_sec=17.9  acc_task0=0.0  acc_task1=0.0  acc_task2=0.0  acc_task3=0.0  acc_task4=0.0  acc_task5=29.33
[08:47:52] 
============================================================
 Task 7/20  | Classes (30, 35)
============================================================
[08:47:52] Task 6 baseline (chance): 2.86%
[08:47:55] Task 6 zero-shot (pre-train): 0.00%
[08:48:16] task=6  epoch=0  train_loss=3.595
[08:48:34] task=6  epoch=END  time_sec=21.4  acc_task0=0.0  acc_task1=0.0  acc_task2=0.0  acc_task3=0.0  acc_task4=0.0  acc_task5=0.0  acc_task6=33.67
[08:48:34] 
============================================================
 Task 8/20  | Classes (35, 40)
============================================================
[08:48:34] Task 7 baseline (chance): 2.50%
[08:48:37] Task 7 zero-shot (pre-train): 0.00%
[08:48:55] task=7  epoch=0  train_loss=3.9463
[08:49:16] task=7  epoch=END  time_sec=17.7  acc_task0=0.0  acc_task1=0.0  acc_task2=0.0  acc_task3=0.0  acc_task4=0.0  acc_task5=0.0  acc_task6=0.0  acc_task7=34.17
[08:49:16] 
============================================================
 Task 9/20  | Classes (40, 45)
============================================================
[08:49:16] Task 8 baseline (chance): 2.22%
[08:49:20] Task 8 zero-shot (pre-train): 0.00%
[08:49:42] task=8  epoch=0  train_loss=4.0251
[08:50:06] task=8  epoch=END  time_sec=22.2  acc_task0=0.0  acc_task1=0.0  acc_task2=0.0  acc_task3=0.0  acc_task4=0.0  acc_task5=0.0  acc_task6=0.0  acc_task7=0.0  acc_task8=43.83
[08:50:06] 
============================================================
 Task 10/20  | Classes (45, 50)
============================================================
[08:50:06] Task 9 baseline (chance): 2.00%
[08:50:09] Task 9 zero-shot (pre-train): 0.00%
[08:50:25] task=9  epoch=0  train_loss=4.4697
[08:50:50] task=9  epoch=END  time_sec=16.0  acc_task0=0.0  acc_task1=0.0  acc_task2=0.0  acc_task3=0.0  acc_task4=0.0  acc_task5=0.0  acc_task6=0.0  acc_task7=0.0  acc_task8=0.0  acc_task9=26.0
[08:50:50] 
============================================================
 Task 11/20  | Classes (50, 55)
============================================================
[08:50:50] Task 10 baseline (chance): 1.82%
[08:50:53] Task 10 zero-shot (pre-train): 0.00%
[08:51:13] task=10  epoch=0  train_loss=4.3139
[08:51:41] task=10  epoch=END  time_sec=19.8  acc_task0=0.0  acc_task1=0.0  acc_task2=0.0  acc_task3=0.0  acc_task4=0.0  acc_task5=0.0  acc_task6=0.0  acc_task7=0.0  acc_task8=0.0  acc_task9=0.0  acc_task10=26.83
[08:51:41] 
============================================================
 Task 12/20  | Classes (55, 60)
============================================================
[08:51:41] Task 11 baseline (chance): 1.67%
[08:51:44] Task 11 zero-shot (pre-train): 0.00%
[08:52:05] task=11  epoch=0  train_loss=4.7175
[08:52:38] task=11  epoch=END  time_sec=20.4  acc_task0=0.0  acc_task1=0.0  acc_task2=0.0  acc_task3=0.0  acc_task4=0.0  acc_task5=0.0  acc_task6=0.0  acc_task7=0.0  acc_task8=0.0  acc_task9=0.0  acc_task10=0.0  acc_task11=34.33
[08:52:39] 
============================================================
 Task 13/20  | Classes (60, 65)
============================================================
[08:52:39] Task 12 baseline (chance): 1.54%
[08:52:42] Task 12 zero-shot (pre-train): 0.00%
[08:52:58] task=12  epoch=0  train_loss=4.6096
[08:53:32] task=12  epoch=END  time_sec=16.2  acc_task0=0.0  acc_task1=0.0  acc_task2=0.0  acc_task3=0.0  acc_task4=0.0  acc_task5=0.0  acc_task6=0.0  acc_task7=0.0  acc_task8=0.0  acc_task9=0.0  acc_task10=0.0  acc_task11=0.0  acc_task12=20.33
[08:53:33] 
============================================================
 Task 14/20  | Classes (65, 70)
============================================================
[08:53:33] Task 13 baseline (chance): 1.43%
[08:53:36] Task 13 zero-shot (pre-train): 0.00%
[08:53:56] task=13  epoch=0  train_loss=4.8011
[08:54:34] task=13  epoch=END  time_sec=20.0  acc_task0=0.0  acc_task1=0.0  acc_task2=0.0  acc_task3=0.0  acc_task4=0.0  acc_task5=0.0  acc_task6=0.0  acc_task7=0.0  acc_task8=0.0  acc_task9=0.0  acc_task10=0.0  acc_task11=0.0  acc_task12=0.0  acc_task13=30.83
[08:54:34] 
============================================================
 Task 15/20  | Classes (70, 75)
============================================================
[08:54:34] Task 14 baseline (chance): 1.33%
[08:54:37] Task 14 zero-shot (pre-train): 0.00%
[08:54:54] task=14  epoch=0  train_loss=4.8858
[08:55:32] task=14  epoch=END  time_sec=16.8  acc_task0=0.0  acc_task1=0.0  acc_task2=0.0  acc_task3=0.0  acc_task4=0.0  acc_task5=0.0  acc_task6=0.0  acc_task7=0.0  acc_task8=0.0  acc_task9=0.0  acc_task10=0.0  acc_task11=0.0  acc_task12=0.0  acc_task13=0.0  acc_task14=28.83
[08:55:33] 
============================================================
 Task 16/20  | Classes (75, 80)
============================================================
[08:55:33] Task 15 baseline (chance): 1.25%
[08:55:37] Task 15 zero-shot (pre-train): 0.00%
[08:55:58] task=15  epoch=0  train_loss=4.8007
[08:56:40] task=15  epoch=END  time_sec=21.0  acc_task0=0.0  acc_task1=0.0  acc_task2=0.0  acc_task3=0.0  acc_task4=0.0  acc_task5=0.0  acc_task6=0.0  acc_task7=0.0  acc_task8=0.0  acc_task9=0.0  acc_task10=0.0  acc_task11=0.0  acc_task12=0.0  acc_task13=0.0  acc_task14=0.0  acc_task15=31.33
[08:56:41] 
============================================================
 Task 17/20  | Classes (80, 85)
============================================================
[08:56:41] Task 16 baseline (chance): 1.18%
[08:56:44] Task 16 zero-shot (pre-train): 0.00%
[08:57:05] task=16  epoch=0  train_loss=4.7666
[08:57:48] task=16  epoch=END  time_sec=20.9  acc_task0=0.0  acc_task1=0.0  acc_task2=0.0  acc_task3=0.0  acc_task4=0.0  acc_task5=0.0  acc_task6=0.0  acc_task7=0.0  acc_task8=0.0  acc_task9=0.0  acc_task10=0.0  acc_task11=0.0  acc_task12=0.0  acc_task13=0.0  acc_task14=0.0  acc_task15=0.0  acc_task16=42.0
[08:57:49] 
============================================================
 Task 18/20  | Classes (85, 90)
============================================================
[08:57:49] Task 17 baseline (chance): 1.11%
[08:57:52] Task 17 zero-shot (pre-train): 0.00%
[08:58:14] task=17  epoch=0  train_loss=4.8401
[08:59:01] task=17  epoch=END  time_sec=21.5  acc_task0=0.0  acc_task1=0.0  acc_task2=0.0  acc_task3=0.0  acc_task4=0.0  acc_task5=0.0  acc_task6=0.0  acc_task7=0.0  acc_task8=0.0  acc_task9=0.0  acc_task10=0.0  acc_task11=0.0  acc_task12=0.0  acc_task13=0.0  acc_task14=0.0  acc_task15=0.0  acc_task16=0.0  acc_task17=35.33
[08:59:03] 
============================================================
 Task 19/20  | Classes (90, 95)
============================================================
[08:59:03] Task 18 baseline (chance): 1.05%
[08:59:06] Task 18 zero-shot (pre-train): 0.00%
[08:59:27] task=18  epoch=0  train_loss=4.9629
[09:00:18] task=18  epoch=END  time_sec=20.1  acc_task0=0.0  acc_task1=0.0  acc_task2=0.0  acc_task3=0.0  acc_task4=0.0  acc_task5=0.0  acc_task6=0.0  acc_task7=0.0  acc_task8=0.0  acc_task9=0.0  acc_task10=0.0  acc_task11=0.0  acc_task12=0.0  acc_task13=0.0  acc_task14=0.0  acc_task15=0.0  acc_task16=0.0  acc_task17=0.0  acc_task18=37.5
[09:00:19] 
============================================================
 Task 20/20  | Classes (95, 100)
============================================================
[09:00:19] Task 19 baseline (chance): 1.00%
[09:00:22] Task 19 zero-shot (pre-train): 0.00%
[09:00:41] task=19  epoch=0  train_loss=5.1524
[09:01:41] task=19  epoch=END  time_sec=18.8  acc_task0=0.0  acc_task1=0.0  acc_task2=0.0  acc_task3=0.0  acc_task4=0.0  acc_task5=0.0  acc_task6=0.0  acc_task7=0.0  acc_task8=0.0  acc_task9=0.0  acc_task10=0.0  acc_task11=0.0  acc_task12=0.0  acc_task13=0.0  acc_task14=0.0  acc_task15=0.0  acc_task16=0.0  acc_task17=0.0  acc_task18=0.0  acc_task19=33.33
[09:01:44] 
Final Metrics:
  avg_accuracy         +1.6667
  forgetting           +33.9035
  backward_transfer    -33.9035
  forward_transfer     -2.7345
[09:01:47] 
Done - run: split_mini_imagenet_der_seed456
[09:01:47] Metrics: {'avg_accuracy': 1.6667, 'forgetting': 33.9035, 'backward_transfer': -33.9035, 'forward_transfer': -2.7345}
[09:01:47] Deleted 20 checkpoint(s) after successful completion.
