[23:07:57] Starting: split_cifar10_fine_tune_seed1024
[23:07:57] Config: {'dataset': 'split_cifar10', 'data_root': 'Project/data_local', 'model': 'slim_resnet18', 'pretrained': False, 'method': 'fine_tune', 'n_epochs': 1, 'batch_size': 32, 'num_workers': 0, 'lr': 0.03, 'momentum': 0.9, 'weight_decay': 0.0001, 'fp16': False, 'buffer_size': 200, 'ewc_lambda': 100.0, 'fisher_samples': 200, 'si_lambda': 1.0, 'si_xi': 0.1, 'der_alpha': 0.5, 'xder_beta': 0.5, 'lwf_lambda': 1.0, 'lwf_temp': 2.0, 'icarl_distill_w': 1.0, 'icarl_temp': 2.0, 'use_nmc': True, 'agem_mem_batch': 64, 'distill_lambda': 1.0, 'distill_temp': 2.0, 'pc_distill_w': 1.0, 'pc_ewc_lambda': 100.0, 'pc_compress_epochs': 3, 'er_replay_ratio': 0.5, 'joint_replay_epochs': 1, 'disable_tqdm': True, 'seeds': [42, 123, 456, 789, 1024], 'checkpoint_dir': 'results/checkpoints', 'figure_dir': 'results/figures', 'log_dir': 'results/raw', 'run_name': 'split_cifar10_fine_tune_seed1024', 'seed': 1024}
[23:07:57] Device: cuda
[23:07:59] Dataset: SplitCIFAR10(tasks=5, classes_per_task=2, scenario=class-il)
[23:07:59] 
============================================================
 Task 1/5  | Classes (0, 2)
============================================================
[23:07:59] Task 0 baseline (before training): 0.00%
[23:08:09] task=0  epoch=0  train_loss=0.5051
[23:08:10] task=0  epoch=END  time_sec=9.8  acc_task0=86.05
[23:08:10] 
============================================================
 Task 2/5  | Classes (2, 4)
============================================================
[23:08:10] Task 1 baseline (before training): 0.00%
[23:08:20] task=1  epoch=0  train_loss=0.5955
[23:08:22] task=1  epoch=END  time_sec=9.7  acc_task0=0.0  acc_task1=74.6
[23:08:22] 
============================================================
 Task 3/5  | Classes (4, 6)
============================================================
[23:08:22] Task 2 baseline (before training): 0.00%
[23:08:32] task=2  epoch=0  train_loss=0.6092
[23:08:34] task=2  epoch=END  time_sec=9.7  acc_task0=0.0  acc_task1=0.0  acc_task2=79.05
[23:08:34] 
============================================================
 Task 4/5  | Classes (6, 8)
============================================================
[23:08:35] Task 3 baseline (before training): 0.00%
[23:08:44] task=3  epoch=0  train_loss=0.668
[23:08:47] task=3  epoch=END  time_sec=9.6  acc_task0=0.0  acc_task1=0.0  acc_task2=0.0  acc_task3=81.3
[23:08:47] 
============================================================
 Task 5/5  | Classes (8, 10)
============================================================
[23:08:48] Task 4 baseline (before training): 0.00%
[23:08:58] task=4  epoch=0  train_loss=0.6455
[23:09:01] task=4  epoch=END  time_sec=9.6  acc_task0=0.0  acc_task1=0.0  acc_task2=0.0  acc_task3=0.0  acc_task4=69.55
[23:09:01] 
Final Metrics:
  avg_accuracy         +13.9100
  forgetting           +80.2500
  backward_transfer    -80.2500
  forward_transfer     +0.0000
[23:09:02] 
Done - run: split_cifar10_fine_tune_seed1024
[23:09:02] Metrics: {'avg_accuracy': 13.91, 'forgetting': 80.25, 'backward_transfer': -80.25, 'forward_transfer': 0.0}
