[23:04:47] Starting: split_cifar10_fine_tune_seed123
[23:04:47] Config: {'dataset': 'split_cifar10', 'data_root': 'Project/data_local', 'model': 'slim_resnet18', 'pretrained': False, 'method': 'fine_tune', 'n_epochs': 1, 'batch_size': 32, 'num_workers': 0, 'lr': 0.03, 'momentum': 0.9, 'weight_decay': 0.0001, 'fp16': False, 'buffer_size': 200, 'ewc_lambda': 100.0, 'fisher_samples': 200, 'si_lambda': 1.0, 'si_xi': 0.1, 'der_alpha': 0.5, 'xder_beta': 0.5, 'lwf_lambda': 1.0, 'lwf_temp': 2.0, 'icarl_distill_w': 1.0, 'icarl_temp': 2.0, 'use_nmc': True, 'agem_mem_batch': 64, 'distill_lambda': 1.0, 'distill_temp': 2.0, 'pc_distill_w': 1.0, 'pc_ewc_lambda': 100.0, 'pc_compress_epochs': 3, 'er_replay_ratio': 0.5, 'joint_replay_epochs': 1, 'disable_tqdm': True, 'seeds': [42, 123, 456, 789, 1024], 'checkpoint_dir': 'results/checkpoints', 'figure_dir': 'results/figures', 'log_dir': 'results/raw', 'run_name': 'split_cifar10_fine_tune_seed123', 'seed': 123}
[23:04:47] Device: cuda
[23:04:48] Dataset: SplitCIFAR10(tasks=5, classes_per_task=2, scenario=class-il)
[23:04:48] 
============================================================
 Task 1/5  | Classes (0, 2)
============================================================
[23:04:48] Task 0 baseline (before training): 0.00%
[23:04:58] task=0  epoch=0  train_loss=0.5108
[23:04:58] task=0  epoch=END  time_sec=9.4  acc_task0=78.5
[23:04:58] 
============================================================
 Task 2/5  | Classes (2, 4)
============================================================
[23:04:59] Task 1 baseline (before training): 0.00%
[23:05:09] task=1  epoch=0  train_loss=0.6132
[23:05:10] task=1  epoch=END  time_sec=9.4  acc_task0=0.0  acc_task1=72.55
[23:05:10] 
============================================================
 Task 3/5  | Classes (4, 6)
============================================================
[23:05:11] Task 2 baseline (before training): 0.00%
[23:05:20] task=2  epoch=0  train_loss=0.6177
[23:05:22] task=2  epoch=END  time_sec=9.5  acc_task0=0.0  acc_task1=0.0  acc_task2=74.1
[23:05:22] 
============================================================
 Task 4/5  | Classes (6, 8)
============================================================
[23:05:23] Task 3 baseline (before training): 0.00%
[23:05:32] task=3  epoch=0  train_loss=0.6035
[23:05:35] task=3  epoch=END  time_sec=9.4  acc_task0=0.0  acc_task1=0.0  acc_task2=0.0  acc_task3=85.1
[23:05:35] 
============================================================
 Task 5/5  | Classes (8, 10)
============================================================
[23:05:36] Task 4 baseline (before training): 0.00%
[23:05:46] task=4  epoch=0  train_loss=0.6605
[23:05:49] task=4  epoch=END  time_sec=9.6  acc_task0=0.0  acc_task1=0.0  acc_task2=0.0  acc_task3=0.0  acc_task4=83.55
[23:05:49] 
Final Metrics:
  avg_accuracy         +16.7100
  forgetting           +77.5625
  backward_transfer    -77.5625
  forward_transfer     +0.0000
[23:05:50] 
Done - run: split_cifar10_fine_tune_seed123
[23:05:50] Metrics: {'avg_accuracy': 16.71, 'forgetting': 77.5625, 'backward_transfer': -77.5625, 'forward_transfer': 0.0}
