[04:06:20] Starting: split_cifar100_progress_compress_seed456
[04:06:20] Config: {'dataset': 'split_cifar100', 'data_root': 'F:\\Temp\\cf\\Catastrophic Forgetting\\research_v2\\Project\\data_local', 'dataset_image_size': None, 'dataset_out_channels': None, 'model': 'slim_resnet18', 'pretrained': False, 'model_image_size': None, 'method': 'progress_compress', 'n_epochs': 1, 'batch_size': 32, 'num_workers': 0, 'lr': 0.03, 'momentum': 0.9, 'weight_decay': 0.0001, 'fp16': True, 'buffer_size': 200, 'ewc_lambda': 100.0, 'fisher_samples': 200, 'si_lambda': 1.0, 'si_xi': 0.1, 'der_alpha': 0.5, 'xder_beta': 0.5, 'lwf_lambda': 1.0, 'lwf_temp': 2.0, 'icarl_distill_w': 1.0, 'icarl_temp': 2.0, 'use_nmc': True, 'agem_mem_batch': 64, 'distill_lambda': 1.0, 'distill_temp': 2.0, 'pc_distill_w': 1.0, 'pc_ewc_lambda': 100.0, 'pc_compress_epochs': 3, 'er_replay_ratio': 0.5, 'joint_replay_epochs': 1, 'disable_tqdm': True, 'disable_checkpoints': False, 'disable_plots': False, 'resume': True, 'cleanup_checkpoints_on_success': True, 'result_group': 'runs', 'ablation_family': None, 'seeds': [42, 123, 456, 789, 1024], 'results_root': 'F:\\Temp\\cf\\Catastrophic Forgetting\\research_v2\\results', 'seed': 456, 'run_name': 'split_cifar100_progress_compress_seed456', 'project_root': 'F:\\Temp\\cf\\Catastrophic Forgetting\\research_v2\\Project', 'workspace_root': 'F:\\Temp\\cf\\Catastrophic Forgetting\\research_v2', 'run_root': 'F:\\Temp\\cf\\Catastrophic Forgetting\\research_v2\\results\\runs\\epoch_1\\split_cifar100\\hybrids\\progress_compress\\seed_456', 'log_dir': 'F:\\Temp\\cf\\Catastrophic Forgetting\\research_v2\\results\\runs\\epoch_1\\split_cifar100\\hybrids\\progress_compress\\seed_456\\logs', 'metrics_dir': 'F:\\Temp\\cf\\Catastrophic Forgetting\\research_v2\\results\\runs\\epoch_1\\split_cifar100\\hybrids\\progress_compress\\seed_456\\metrics', 'checkpoint_dir': 'F:\\Temp\\cf\\Catastrophic Forgetting\\research_v2\\results\\runs\\epoch_1\\split_cifar100\\hybrids\\progress_compress\\seed_456\\checkpoints', 'artifact_dir': 'F:\\Temp\\cf\\Catastrophic Forgetting\\research_v2\\results\\runs\\epoch_1\\split_cifar100\\hybrids\\progress_compress\\seed_456\\artifacts', 'figure_dir': 'F:\\Temp\\cf\\Catastrophic Forgetting\\research_v2\\results\\figures\\epoch_1\\split_cifar100\\hybrids\\progress_compress\\seed_456'}
[04:06:20] Device: cuda
[04:06:22] Dataset: SplitCIFAR100(tasks=20, classes_per_task=5, scenario=class-il)
[04:06:22] 
============================================================
 Task 1/20  | Classes (0, 5)
============================================================
[04:06:22] Task 0 baseline (chance): 20.00%
[04:06:25] task=0  epoch=0  train_loss=1.6271
[04:06:33] task=0  epoch=END  time_sec=3.0  acc_task0=51.4
[04:06:33] 
============================================================
 Task 2/20  | Classes (5, 10)
============================================================
[04:06:33] Task 1 baseline (chance): 10.00%
[04:06:33] Task 1 zero-shot (pre-train): 0.80%
[04:06:37] task=1  epoch=0  train_loss=2.0199
[04:06:51] task=1  epoch=END  time_sec=3.2  acc_task0=0.2  acc_task1=35.0
[04:06:51] 
============================================================
 Task 3/20  | Classes (10, 15)
============================================================
[04:06:51] Task 2 baseline (chance): 6.67%
[04:06:51] Task 2 zero-shot (pre-train): 0.00%
[04:06:55] task=2  epoch=0  train_loss=2.243
[04:07:12] task=2  epoch=END  time_sec=4.2  acc_task0=0.0  acc_task1=0.0  acc_task2=44.8
[04:07:12] 
============================================================
 Task 4/20  | Classes (15, 20)
============================================================
[04:07:12] Task 3 baseline (chance): 5.00%
[04:07:12] Task 3 zero-shot (pre-train): 0.00%
[04:07:16] task=3  epoch=0  train_loss=2.5233
[04:07:34] task=3  epoch=END  time_sec=4.1  acc_task0=0.0  acc_task1=0.0  acc_task2=0.0  acc_task3=53.0
[04:07:34] 
============================================================
 Task 5/20  | Classes (20, 25)
============================================================
[04:07:34] Task 4 baseline (chance): 4.00%
[04:07:34] Task 4 zero-shot (pre-train): 0.00%
[04:07:38] task=4  epoch=0  train_loss=2.4103
[04:07:54] task=4  epoch=END  time_sec=4.1  acc_task0=0.0  acc_task1=0.0  acc_task2=0.0  acc_task3=0.0  acc_task4=55.6
[04:07:54] 
============================================================
 Task 6/20  | Classes (25, 30)
============================================================
[04:07:54] Task 5 baseline (chance): 3.33%
[04:07:54] Task 5 zero-shot (pre-train): 0.00%
[04:07:59] task=5  epoch=0  train_loss=2.8408
[04:08:15] task=5  epoch=END  time_sec=4.5  acc_task0=0.0  acc_task1=0.0  acc_task2=0.0  acc_task3=0.0  acc_task4=18.6  acc_task5=35.4
[04:08:16] 
============================================================
 Task 7/20  | Classes (30, 35)
============================================================
[04:08:16] Task 6 baseline (chance): 2.86%
[04:08:16] Task 6 zero-shot (pre-train): 0.00%
[04:08:20] task=6  epoch=0  train_loss=2.6845
[04:08:38] task=6  epoch=END  time_sec=3.9  acc_task0=0.0  acc_task1=0.0  acc_task2=0.0  acc_task3=0.0  acc_task4=0.0  acc_task5=0.0  acc_task6=50.4
[04:08:38] 
============================================================
 Task 8/20  | Classes (35, 40)
============================================================
[04:08:38] Task 7 baseline (chance): 2.50%
[04:08:38] Task 7 zero-shot (pre-train): 0.00%
[04:08:42] task=7  epoch=0  train_loss=2.7771
[04:09:01] task=7  epoch=END  time_sec=4.6  acc_task0=0.0  acc_task1=0.0  acc_task2=0.0  acc_task3=0.0  acc_task4=0.0  acc_task5=0.0  acc_task6=1.4  acc_task7=57.2
[04:09:01] 
============================================================
 Task 9/20  | Classes (40, 45)
============================================================
[04:09:01] Task 8 baseline (chance): 2.22%
[04:09:01] Task 8 zero-shot (pre-train): 0.00%
[04:09:06] task=8  epoch=0  train_loss=2.9104
[04:09:24] task=8  epoch=END  time_sec=4.2  acc_task0=0.0  acc_task1=0.0  acc_task2=0.0  acc_task3=0.0  acc_task4=0.0  acc_task5=0.0  acc_task6=0.0  acc_task7=2.8  acc_task8=48.6
[04:09:24] 
============================================================
 Task 10/20  | Classes (45, 50)
============================================================
[04:09:24] Task 9 baseline (chance): 2.00%
[04:09:24] Task 9 zero-shot (pre-train): 0.00%
[04:09:28] task=9  epoch=0  train_loss=2.8892
[04:09:45] task=9  epoch=END  time_sec=3.8  acc_task0=0.0  acc_task1=0.0  acc_task2=0.0  acc_task3=0.0  acc_task4=0.0  acc_task5=0.0  acc_task6=0.0  acc_task7=0.0  acc_task8=9.4  acc_task9=55.8
[04:09:45] 
============================================================
 Task 11/20  | Classes (50, 55)
============================================================
[04:09:45] Task 10 baseline (chance): 1.82%
[04:09:45] Task 10 zero-shot (pre-train): 0.00%
[04:09:50] task=10  epoch=0  train_loss=2.8922
[04:10:07] task=10  epoch=END  time_sec=4.3  acc_task0=0.0  acc_task1=0.0  acc_task2=0.0  acc_task3=0.0  acc_task4=0.0  acc_task5=0.0  acc_task6=0.0  acc_task7=0.0  acc_task8=0.0  acc_task9=3.8  acc_task10=66.6
[04:10:08] 
============================================================
 Task 12/20  | Classes (55, 60)
============================================================
[04:10:08] Task 11 baseline (chance): 1.67%
[04:10:08] Task 11 zero-shot (pre-train): 0.00%
[04:10:11] task=11  epoch=0  train_loss=3.1425
[04:10:28] task=11  epoch=END  time_sec=3.4  acc_task0=0.0  acc_task1=0.0  acc_task2=0.0  acc_task3=0.0  acc_task4=0.0  acc_task5=0.0  acc_task6=0.0  acc_task7=0.0  acc_task8=0.0  acc_task9=0.2  acc_task10=2.4  acc_task11=51.8
[04:10:28] 
============================================================
 Task 13/20  | Classes (60, 65)
============================================================
[04:10:28] Task 12 baseline (chance): 1.54%
[04:10:28] Task 12 zero-shot (pre-train): 0.00%
[04:10:31] task=12  epoch=0  train_loss=2.9014
[04:10:46] task=12  epoch=END  time_sec=3.4  acc_task0=0.0  acc_task1=0.0  acc_task2=0.0  acc_task3=0.0  acc_task4=0.0  acc_task5=0.0  acc_task6=0.0  acc_task7=0.0  acc_task8=0.0  acc_task9=0.0  acc_task10=0.0  acc_task11=0.6  acc_task12=64.2
[04:10:46] 
============================================================
 Task 14/20  | Classes (65, 70)
============================================================
[04:10:46] Task 13 baseline (chance): 1.43%
[04:10:46] Task 13 zero-shot (pre-train): 0.00%
[04:10:50] task=13  epoch=0  train_loss=3.2075
[04:11:10] task=13  epoch=END  time_sec=3.6  acc_task0=0.0  acc_task1=0.0  acc_task2=0.0  acc_task3=0.0  acc_task4=0.0  acc_task5=0.0  acc_task6=0.0  acc_task7=0.0  acc_task8=0.0  acc_task9=0.0  acc_task10=0.0  acc_task11=0.0  acc_task12=9.0  acc_task13=46.2
[04:11:10] 
============================================================
 Task 15/20  | Classes (70, 75)
============================================================
[04:11:10] Task 14 baseline (chance): 1.33%
[04:11:10] Task 14 zero-shot (pre-train): 0.00%
[04:11:14] task=14  epoch=0  train_loss=3.1121
[04:11:34] task=14  epoch=END  time_sec=3.9  acc_task0=0.0  acc_task1=0.0  acc_task2=0.0  acc_task3=0.0  acc_task4=0.0  acc_task5=0.0  acc_task6=0.0  acc_task7=0.0  acc_task8=0.0  acc_task9=0.0  acc_task10=0.0  acc_task11=0.0  acc_task12=0.4  acc_task13=0.4  acc_task14=64.8
[04:11:34] 
============================================================
 Task 16/20  | Classes (75, 80)
============================================================
[04:11:34] Task 15 baseline (chance): 1.25%
[04:11:34] Task 15 zero-shot (pre-train): 0.00%
[04:11:39] task=15  epoch=0  train_loss=3.3109
[04:11:57] task=15  epoch=END  time_sec=4.9  acc_task0=0.0  acc_task1=0.0  acc_task2=0.0  acc_task3=0.0  acc_task4=0.0  acc_task5=0.0  acc_task6=0.0  acc_task7=0.0  acc_task8=0.0  acc_task9=0.0  acc_task10=0.0  acc_task11=0.0  acc_task12=0.0  acc_task13=0.0  acc_task14=5.2  acc_task15=45.0
[04:11:57] 
============================================================
 Task 17/20  | Classes (80, 85)
============================================================
[04:11:57] Task 16 baseline (chance): 1.18%
[04:11:57] Task 16 zero-shot (pre-train): 0.00%
[04:12:01] task=16  epoch=0  train_loss=3.2038
[04:12:18] task=16  epoch=END  time_sec=3.5  acc_task0=0.0  acc_task1=0.0  acc_task2=0.0  acc_task3=0.0  acc_task4=0.0  acc_task5=0.0  acc_task6=0.0  acc_task7=0.0  acc_task8=0.0  acc_task9=0.0  acc_task10=0.0  acc_task11=0.0  acc_task12=0.0  acc_task13=0.0  acc_task14=0.0  acc_task15=2.8  acc_task16=57.0
[04:12:19] 
============================================================
 Task 18/20  | Classes (85, 90)
============================================================
[04:12:19] Task 17 baseline (chance): 1.11%
[04:12:19] Task 17 zero-shot (pre-train): 0.00%
[04:12:23] task=17  epoch=0  train_loss=3.378
[04:12:42] task=17  epoch=END  time_sec=3.8  acc_task0=0.0  acc_task1=0.0  acc_task2=0.0  acc_task3=0.0  acc_task4=0.0  acc_task5=0.0  acc_task6=0.0  acc_task7=0.0  acc_task8=0.0  acc_task9=0.0  acc_task10=0.0  acc_task11=0.0  acc_task12=0.0  acc_task13=0.0  acc_task14=0.0  acc_task15=0.0  acc_task16=1.6  acc_task17=51.0
[04:12:42] 
============================================================
 Task 19/20  | Classes (90, 95)
============================================================
[04:12:42] Task 18 baseline (chance): 1.05%
[04:12:42] Task 18 zero-shot (pre-train): 0.00%
[04:12:46] task=18  epoch=0  train_loss=3.3128
[04:13:07] task=18  epoch=END  time_sec=3.9  acc_task0=0.0  acc_task1=0.0  acc_task2=0.0  acc_task3=0.0  acc_task4=0.0  acc_task5=0.0  acc_task6=0.0  acc_task7=0.0  acc_task8=0.0  acc_task9=0.0  acc_task10=0.0  acc_task11=0.0  acc_task12=0.0  acc_task13=0.0  acc_task14=0.0  acc_task15=0.0  acc_task16=0.2  acc_task17=3.8  acc_task18=58.0
[04:13:07] 
============================================================
 Task 20/20  | Classes (95, 100)
============================================================
[04:13:07] Task 19 baseline (chance): 1.00%
[04:13:07] Task 19 zero-shot (pre-train): 0.00%
[04:13:11] task=19  epoch=0  train_loss=3.1837
[04:13:30] task=19  epoch=END  time_sec=3.9  acc_task0=0.0  acc_task1=0.0  acc_task2=0.0  acc_task3=0.0  acc_task4=0.0  acc_task5=0.0  acc_task6=0.0  acc_task7=0.0  acc_task8=0.0  acc_task9=0.0  acc_task10=0.0  acc_task11=0.0  acc_task12=0.0  acc_task13=0.0  acc_task14=0.0  acc_task15=0.0  acc_task16=0.0  acc_task17=0.0  acc_task18=8.8  acc_task19=60.4
[04:13:30] 
Final Metrics:
  avg_accuracy         +3.4600
  forgetting           +51.7368
  backward_transfer    -51.7368
  forward_transfer     -2.6924
[04:13:34] 
Done - run: split_cifar100_progress_compress_seed456
[04:13:34] Metrics: {'avg_accuracy': 3.46, 'forgetting': 51.7368, 'backward_transfer': -51.7368, 'forward_transfer': -2.6924}
[04:13:34] Deleted 20 checkpoint(s) after successful completion.
