[13:29:58] Starting: split_cifar10_icarl_nonmc_seed42
[13:29:58] Config: {'dataset': 'split_cifar10', 'data_root': 'F:\\Temp\\cf\\Catastrophic Forgetting\\research_v2\\Project\\data_local', 'dataset_image_size': None, 'dataset_out_channels': None, 'model': 'slim_resnet18', 'pretrained': False, 'model_image_size': None, 'method': 'icarl', 'n_epochs': 1, 'batch_size': 32, 'num_workers': 0, 'lr': 0.03, 'momentum': 0.9, 'weight_decay': 0.0001, 'fp16': False, 'buffer_size': 200, 'ewc_lambda': 100.0, 'fisher_samples': 200, 'si_lambda': 1.0, 'si_xi': 0.1, 'der_alpha': 0.5, 'xder_beta': 0.5, 'lwf_lambda': 1.0, 'lwf_temp': 2.0, 'icarl_distill_w': 1.0, 'icarl_temp': 2.0, 'use_nmc': False, 'agem_mem_batch': 64, 'distill_lambda': 1.0, 'distill_temp': 2.0, 'pc_distill_w': 1.0, 'pc_ewc_lambda': 100.0, 'pc_compress_epochs': 3, 'er_replay_ratio': 0.5, 'joint_replay_epochs': 1, 'disable_tqdm': True, 'disable_checkpoints': False, 'disable_plots': False, 'resume': False, 'cleanup_checkpoints_on_success': True, 'result_group': 'ablations', 'ablation_family': 'interaction', 'seeds': [42, 123, 456], 'results_root': 'F:\\Temp\\cf\\Catastrophic Forgetting\\research_v2\\results', 'run_tag': 'nonmc', 'seed': 42, 'run_name': 'split_cifar10_icarl_nonmc_seed42', 'project_root': 'F:\\Temp\\cf\\Catastrophic Forgetting\\research_v2\\Project', 'workspace_root': 'F:\\Temp\\cf\\Catastrophic Forgetting\\research_v2', 'run_root': 'F:\\Temp\\cf\\Catastrophic Forgetting\\research_v2\\results\\ablations\\epoch_1\\split_cifar10\\interaction\\icarl__nonmc\\seed_42', 'log_dir': 'F:\\Temp\\cf\\Catastrophic Forgetting\\research_v2\\results\\ablations\\epoch_1\\split_cifar10\\interaction\\icarl__nonmc\\seed_42\\logs', 'metrics_dir': 'F:\\Temp\\cf\\Catastrophic Forgetting\\research_v2\\results\\ablations\\epoch_1\\split_cifar10\\interaction\\icarl__nonmc\\seed_42\\metrics', 'checkpoint_dir': 'F:\\Temp\\cf\\Catastrophic Forgetting\\research_v2\\results\\ablations\\epoch_1\\split_cifar10\\interaction\\icarl__nonmc\\seed_42\\checkpoints', 'artifact_dir': 'F:\\Temp\\cf\\Catastrophic Forgetting\\research_v2\\results\\ablations\\epoch_1\\split_cifar10\\interaction\\icarl__nonmc\\seed_42\\artifacts', 'figure_dir': 'F:\\Temp\\cf\\Catastrophic Forgetting\\research_v2\\results\\figures\\ablations\\epoch_1\\split_cifar10\\interaction\\icarl__nonmc\\seed_42'}
[13:29:58] Device: cuda
[13:29:59] Dataset: SplitCIFAR10(tasks=5, classes_per_task=2, scenario=class-il)
[13:29:59] 
============================================================
 Task 1/5  | Classes (0, 2)
============================================================
[13:29:59] Task 0 baseline (chance): 50.00%
[13:30:09] task=0  epoch=0  train_loss=0.5767
[13:30:14] task=0  epoch=END  time_sec=9.5  acc_task0=75.25
[13:30:14] 
============================================================
 Task 2/5  | Classes (2, 4)
============================================================
[13:30:14] Task 1 baseline (chance): 25.00%
[13:30:15] Task 1 zero-shot (pre-train): 0.15%
[13:30:32] task=1  epoch=0  train_loss=0.624
[13:30:37] task=1  epoch=END  time_sec=16.9  acc_task0=0.0  acc_task1=69.35
[13:30:38] 
============================================================
 Task 3/5  | Classes (4, 6)
============================================================
[13:30:38] Task 2 baseline (chance): 16.67%
[13:30:38] Task 2 zero-shot (pre-train): 0.00%
[13:30:55] task=2  epoch=0  train_loss=0.7077
[13:31:01] task=2  epoch=END  time_sec=17.0  acc_task0=0.0  acc_task1=0.0  acc_task2=70.65
[13:31:02] 
============================================================
 Task 4/5  | Classes (6, 8)
============================================================
[13:31:02] Task 3 baseline (chance): 12.50%
[13:31:03] Task 3 zero-shot (pre-train): 0.00%
[13:31:20] task=3  epoch=0  train_loss=0.7703
[13:31:26] task=3  epoch=END  time_sec=16.9  acc_task0=0.0  acc_task1=0.0  acc_task2=0.0  acc_task3=85.95
[13:31:27] 
============================================================
 Task 5/5  | Classes (8, 10)
============================================================
[13:31:27] Task 4 baseline (chance): 10.00%
[13:31:28] Task 4 zero-shot (pre-train): 0.00%
[13:31:45] task=4  epoch=0  train_loss=1.1177
[13:31:52] task=4  epoch=END  time_sec=17.0  acc_task0=0.0  acc_task1=0.0  acc_task2=0.0  acc_task3=0.0  acc_task4=80.9
[13:31:53] 
Final Metrics:
  avg_accuracy         +16.1800
  forgetting           +75.3000
  backward_transfer    -75.3000
  forward_transfer     -16.0042
[13:31:54] 
Done - run: split_cifar10_icarl_nonmc_seed42
[13:31:54] Metrics: {'avg_accuracy': 16.18, 'forgetting': 75.3, 'backward_transfer': -75.3, 'forward_transfer': -16.0042}
[13:31:54] Deleted 5 checkpoint(s) after successful completion.
