[05:29:50] Starting: split_cifar10_xder_buf200_seed456
[05:29:50] Config: {'dataset': 'split_cifar10', 'data_root': 'F:\\Temp\\cf\\Catastrophic Forgetting\\research_v2\\Project\\data_local', 'dataset_image_size': None, 'dataset_out_channels': None, 'model': 'slim_resnet18', 'pretrained': False, 'model_image_size': None, 'method': 'xder', 'n_epochs': 1, 'batch_size': 32, 'num_workers': 0, 'lr': 0.03, 'momentum': 0.9, 'weight_decay': 0.0001, 'fp16': False, 'buffer_size': 200, 'ewc_lambda': 100.0, 'fisher_samples': 200, 'si_lambda': 1.0, 'si_xi': 0.1, 'der_alpha': 0.5, 'xder_beta': 0.5, 'lwf_lambda': 1.0, 'lwf_temp': 2.0, 'icarl_distill_w': 1.0, 'icarl_temp': 2.0, 'use_nmc': True, 'agem_mem_batch': 64, 'distill_lambda': 1.0, 'distill_temp': 2.0, 'pc_distill_w': 1.0, 'pc_ewc_lambda': 100.0, 'pc_compress_epochs': 3, 'er_replay_ratio': 0.5, 'joint_replay_epochs': 1, 'disable_tqdm': True, 'disable_checkpoints': False, 'disable_plots': True, 'resume': False, 'cleanup_checkpoints_on_success': True, 'result_group': 'ablations', 'ablation_family': 'buffer', 'seeds': [42, 123, 456, 789, 1024], 'results_root': 'F:\\Temp\\cf\\Catastrophic Forgetting\\research_v2\\results', 'run_tag': 'buf200', 'seed': 456, 'run_name': 'split_cifar10_xder_buf200_seed456', 'project_root': 'F:\\Temp\\cf\\Catastrophic Forgetting\\research_v2\\Project', 'workspace_root': 'F:\\Temp\\cf\\Catastrophic Forgetting\\research_v2', 'run_root': 'F:\\Temp\\cf\\Catastrophic Forgetting\\research_v2\\results\\ablations\\epoch_1\\split_cifar10\\buffer\\xder__buf200\\seed_456', 'log_dir': 'F:\\Temp\\cf\\Catastrophic Forgetting\\research_v2\\results\\ablations\\epoch_1\\split_cifar10\\buffer\\xder__buf200\\seed_456\\logs', 'metrics_dir': 'F:\\Temp\\cf\\Catastrophic Forgetting\\research_v2\\results\\ablations\\epoch_1\\split_cifar10\\buffer\\xder__buf200\\seed_456\\metrics', 'checkpoint_dir': 'F:\\Temp\\cf\\Catastrophic Forgetting\\research_v2\\results\\ablations\\epoch_1\\split_cifar10\\buffer\\xder__buf200\\seed_456\\checkpoints', 'artifact_dir': 'F:\\Temp\\cf\\Catastrophic Forgetting\\research_v2\\results\\ablations\\epoch_1\\split_cifar10\\buffer\\xder__buf200\\seed_456\\artifacts', 'figure_dir': 'F:\\Temp\\cf\\Catastrophic Forgetting\\research_v2\\results\\figures\\ablations\\epoch_1\\split_cifar10\\buffer\\xder__buf200\\seed_456'}
[05:29:50] Device: cuda
[05:29:52] Dataset: SplitCIFAR10(tasks=5, classes_per_task=2, scenario=class-il)
[05:29:52] 
============================================================
 Task 1/5  | Classes (0, 2)
============================================================
[05:29:52] Task 0 baseline (chance): 50.00%
[05:30:16] task=0  epoch=0  train_loss=1.4769
[05:30:18] task=0  epoch=END  time_sec=23.2  acc_task0=84.1
[05:30:18] 
============================================================
 Task 2/5  | Classes (2, 4)
============================================================
[05:30:18] Task 1 baseline (chance): 25.00%
[05:30:19] Task 1 zero-shot (pre-train): 16.75%
[05:30:41] task=1  epoch=0  train_loss=1.5435
[05:30:45] task=1  epoch=END  time_sec=22.4  acc_task0=41.05  acc_task1=69.6
[05:30:45] 
============================================================
 Task 3/5  | Classes (4, 6)
============================================================
[05:30:45] Task 2 baseline (chance): 16.67%
[05:30:46] Task 2 zero-shot (pre-train): 0.15%
[05:31:08] task=2  epoch=0  train_loss=1.5403
[05:31:12] task=2  epoch=END  time_sec=22.6  acc_task0=6.85  acc_task1=0.8  acc_task2=78.05
[05:31:12] 
============================================================
 Task 4/5  | Classes (6, 8)
============================================================
[05:31:12] Task 3 baseline (chance): 12.50%
[05:31:13] Task 3 zero-shot (pre-train): 0.00%
[05:31:37] task=3  epoch=0  train_loss=1.4935
[05:31:42] task=3  epoch=END  time_sec=23.4  acc_task0=3.45  acc_task1=0.85  acc_task2=0.1  acc_task3=87.25
[05:31:42] 
============================================================
 Task 5/5  | Classes (8, 10)
============================================================
[05:31:42] Task 4 baseline (chance): 10.00%
[05:31:43] Task 4 zero-shot (pre-train): 0.00%
[05:32:13] task=4  epoch=0  train_loss=1.2794
[05:32:19] task=4  epoch=END  time_sec=29.6  acc_task0=0.1  acc_task1=2.45  acc_task2=1.0  acc_task3=9.6  acc_task4=88.0
[05:32:19] 
Final Metrics:
  avg_accuracy         +20.2300
  forgetting           +76.4625
  backward_transfer    -76.4625
  forward_transfer     -11.8167
[05:32:19] 
Done - run: split_cifar10_xder_buf200_seed456
[05:32:19] Metrics: {'avg_accuracy': 20.23, 'forgetting': 76.4625, 'backward_transfer': -76.4625, 'forward_transfer': -11.8167}
[05:32:20] Deleted 5 checkpoint(s) after successful completion.
