[12:19:46] Starting: permuted_mnist_er_ewc_noewc_seed42
[12:19:46] Config: {'dataset': 'permuted_mnist', 'data_root': 'Project/data_local', 'model': 'resnet8', 'pretrained': False, 'method': 'er_ewc', 'n_epochs': 1, 'batch_size': 32, 'num_workers': 0, 'lr': 0.03, 'momentum': 0.9, 'weight_decay': 0.0001, 'fp16': False, 'buffer_size': 200, 'ewc_lambda': 0.0, 'fisher_samples': 200, 'si_lambda': 1.0, 'si_xi': 0.1, 'der_alpha': 0.5, 'xder_beta': 0.5, 'lwf_lambda': 1.0, 'lwf_temp': 2.0, 'icarl_distill_w': 1.0, 'icarl_temp': 2.0, 'use_nmc': True, 'agem_mem_batch': 64, 'distill_lambda': 1.0, 'distill_temp': 2.0, 'pc_distill_w': 1.0, 'pc_ewc_lambda': 100.0, 'pc_compress_epochs': 3, 'er_replay_ratio': 0.5, 'joint_replay_epochs': 1, 'disable_tqdm': True, 'disable_checkpoints': True, 'disable_plots': True, 'seeds': [42, 123, 456], 'results_root': 'results_phase3_interactions', 'checkpoint_dir': 'results/checkpoints', 'figure_dir': 'results_phase3_interactions/figures', 'log_dir': 'results_phase3_interactions/raw', 'run_tag': 'noewc', 'run_name': 'permuted_mnist_er_ewc_noewc_seed42', 'seed': 42}
[12:19:46] Device: cuda
[12:19:46] Dataset: PermutedMNIST(tasks=10, classes_per_task=10, scenario=domain-il)
[12:19:46] 
============================================================
 Task 1/10  | Classes (0, 10)
============================================================
[12:19:46] Task 0 baseline (chance): 10.00%
[12:20:18] task=0  epoch=0  train_loss=0.2255
[12:20:22] task=0  epoch=END  time_sec=32.4  acc_task0=93.92
[12:20:22] 
============================================================
 Task 2/10  | Classes (0, 10)
============================================================
[12:20:22] Task 1 baseline (chance): 10.00%
[12:20:26] Task 1 zero-shot (pre-train): 9.12%
[12:21:20] task=1  epoch=0  train_loss=0.1735
[12:21:27] task=1  epoch=END  time_sec=54.3  acc_task0=78.88  acc_task1=95.15
[12:21:27] 
============================================================
 Task 3/10  | Classes (0, 10)
============================================================
[12:21:27] Task 2 baseline (chance): 10.00%
[12:21:31] Task 2 zero-shot (pre-train): 11.79%
[12:22:50] task=2  epoch=0  train_loss=0.1687
[12:23:00] task=2  epoch=END  time_sec=78.4  acc_task0=62.83  acc_task1=72.6  acc_task2=93.91
[12:23:00] 
============================================================
 Task 4/10  | Classes (0, 10)
============================================================
[12:23:00] Task 3 baseline (chance): 10.00%
[12:23:04] Task 3 zero-shot (pre-train): 12.18%
[12:24:45] task=3  epoch=0  train_loss=0.1655
[12:24:59] task=3  epoch=END  time_sec=101.0  acc_task0=57.27  acc_task1=59.06  acc_task2=73.79  acc_task3=95.77
[12:24:59] 
============================================================
 Task 5/10  | Classes (0, 10)
============================================================
[12:24:59] Task 4 baseline (chance): 10.00%
[12:25:03] Task 4 zero-shot (pre-train): 15.44%
[12:27:13] task=4  epoch=0  train_loss=0.1645
[12:27:30] task=4  epoch=END  time_sec=130.4  acc_task0=49.31  acc_task1=50.76  acc_task2=59.41  acc_task3=68.37  acc_task4=94.97
[12:27:30] 
============================================================
 Task 6/10  | Classes (0, 10)
============================================================
[12:27:30] Task 5 baseline (chance): 10.00%
[12:27:34] Task 5 zero-shot (pre-train): 8.50%
[12:30:25] task=5  epoch=0  train_loss=0.1708
[12:30:58] task=5  epoch=END  time_sec=171.2  acc_task0=29.62  acc_task1=30.79  acc_task2=41.85  acc_task3=40.14  acc_task4=60.38  acc_task5=81.78
[12:30:58] 
============================================================
 Task 7/10  | Classes (0, 10)
============================================================
[12:30:58] Task 6 baseline (chance): 10.00%
[12:31:04] Task 6 zero-shot (pre-train): 10.40%
[12:34:13] task=6  epoch=0  train_loss=0.168
[12:34:52] task=6  epoch=END  time_sec=188.9  acc_task0=38.31  acc_task1=41.52  acc_task2=44.75  acc_task3=47.65  acc_task4=54.78  acc_task5=76.01  acc_task6=95.26
[12:34:52] 
============================================================
 Task 8/10  | Classes (0, 10)
============================================================
[12:34:52] Task 7 baseline (chance): 10.00%
[12:34:58] Task 7 zero-shot (pre-train): 14.95%
[12:38:37] task=7  epoch=0  train_loss=0.1649
[12:39:21] task=7  epoch=END  time_sec=219.2  acc_task0=38.92  acc_task1=38.28  acc_task2=46.02  acc_task3=47.01  acc_task4=52.23  acc_task5=55.68  acc_task6=71.15  acc_task7=95.57
[12:39:21] 
============================================================
 Task 9/10  | Classes (0, 10)
============================================================
[12:39:21] Task 8 baseline (chance): 10.00%
[12:39:27] Task 8 zero-shot (pre-train): 12.78%
[12:43:35] task=8  epoch=0  train_loss=0.1673
[12:44:12] task=8  epoch=END  time_sec=248.8  acc_task0=39.37  acc_task1=38.56  acc_task2=39.85  acc_task3=44.07  acc_task4=43.08  acc_task5=41.75  acc_task6=61.65  acc_task7=76.75  acc_task8=95.2
[12:44:12] 
============================================================
 Task 10/10  | Classes (0, 10)
============================================================
[12:44:12] Task 9 baseline (chance): 10.00%
[12:44:16] Task 9 zero-shot (pre-train): 16.28%
[12:48:11] task=9  epoch=0  train_loss=0.1631
[12:48:52] task=9  epoch=END  time_sec=235.0  acc_task0=30.33  acc_task1=30.08  acc_task2=34.05  acc_task3=39.11  acc_task4=36.4  acc_task5=38.62  acc_task6=50.2  acc_task7=43.76  acc_task8=66.47  acc_task9=93.89
[12:48:52] 
Final Metrics:
  avg_accuracy         +46.2910
  forgetting           +52.5011
  backward_transfer    -52.5011
  forward_transfer     +2.3822
[12:48:52] 
Done - run: permuted_mnist_er_ewc_noewc_seed42
[12:48:52] Metrics: {'avg_accuracy': 46.291, 'forgetting': 52.5011, 'backward_transfer': -52.5011, 'forward_transfer': 2.3822}
