[12:48:58] Starting: permuted_mnist_er_ewc_noewc_seed123
[12:48:58] Config: {'dataset': 'permuted_mnist', 'data_root': 'Project/data_local', 'model': 'resnet8', 'pretrained': False, 'method': 'er_ewc', 'n_epochs': 1, 'batch_size': 32, 'num_workers': 0, 'lr': 0.03, 'momentum': 0.9, 'weight_decay': 0.0001, 'fp16': False, 'buffer_size': 200, 'ewc_lambda': 0.0, 'fisher_samples': 200, 'si_lambda': 1.0, 'si_xi': 0.1, 'der_alpha': 0.5, 'xder_beta': 0.5, 'lwf_lambda': 1.0, 'lwf_temp': 2.0, 'icarl_distill_w': 1.0, 'icarl_temp': 2.0, 'use_nmc': True, 'agem_mem_batch': 64, 'distill_lambda': 1.0, 'distill_temp': 2.0, 'pc_distill_w': 1.0, 'pc_ewc_lambda': 100.0, 'pc_compress_epochs': 3, 'er_replay_ratio': 0.5, 'joint_replay_epochs': 1, 'disable_tqdm': True, 'disable_checkpoints': True, 'disable_plots': True, 'seeds': [42, 123, 456], 'results_root': 'results_phase3_interactions', 'checkpoint_dir': 'results/checkpoints', 'figure_dir': 'results_phase3_interactions/figures', 'log_dir': 'results_phase3_interactions/raw', 'run_tag': 'noewc', 'run_name': 'permuted_mnist_er_ewc_noewc_seed123', 'seed': 123}
[12:48:58] Device: cuda
[12:48:58] Dataset: PermutedMNIST(tasks=10, classes_per_task=10, scenario=domain-il)
[12:48:58] 
============================================================
 Task 1/10  | Classes (0, 10)
============================================================
[12:48:58] Task 0 baseline (chance): 10.00%
[12:49:34] task=0  epoch=0  train_loss=0.2226
[12:49:38] task=0  epoch=END  time_sec=35.3  acc_task0=94.62
[12:49:38] 
============================================================
 Task 2/10  | Classes (0, 10)
============================================================
[12:49:38] Task 1 baseline (chance): 10.00%
[12:49:42] Task 1 zero-shot (pre-train): 10.12%
[12:50:40] task=1  epoch=0  train_loss=0.171
[12:50:48] task=1  epoch=END  time_sec=58.0  acc_task0=78.25  acc_task1=94.71
[12:50:48] 
============================================================
 Task 3/10  | Classes (0, 10)
============================================================
[12:50:48] Task 2 baseline (chance): 10.00%
[12:50:52] Task 2 zero-shot (pre-train): 12.43%
[12:52:13] task=2  epoch=0  train_loss=0.1695
[12:52:25] task=2  epoch=END  time_sec=80.2  acc_task0=67.05  acc_task1=73.53  acc_task2=93.96
[12:52:25] 
============================================================
 Task 4/10  | Classes (0, 10)
============================================================
[12:52:25] Task 3 baseline (chance): 10.00%
[12:52:29] Task 3 zero-shot (pre-train): 13.82%
[12:54:16] task=3  epoch=0  train_loss=0.165
[12:54:32] task=3  epoch=END  time_sec=107.3  acc_task0=56.92  acc_task1=62.83  acc_task2=76.94  acc_task3=93.84
[12:54:32] 
============================================================
 Task 5/10  | Classes (0, 10)
============================================================
[12:54:32] Task 4 baseline (chance): 10.00%
[12:54:36] Task 4 zero-shot (pre-train): 14.40%
[12:56:51] task=4  epoch=0  train_loss=0.1614
[12:57:11] task=4  epoch=END  time_sec=134.9  acc_task0=50.94  acc_task1=53.67  acc_task2=63.3  acc_task3=60.34  acc_task4=95.47
[12:57:11] 
============================================================
 Task 6/10  | Classes (0, 10)
============================================================
[12:57:11] Task 5 baseline (chance): 10.00%
[12:57:15] Task 5 zero-shot (pre-train): 9.79%
[13:00:36] task=5  epoch=0  train_loss=0.1692
[13:01:08] task=5  epoch=END  time_sec=200.7  acc_task0=48.88  acc_task1=50.09  acc_task2=48.98  acc_task3=42.59  acc_task4=70.08  acc_task5=94.15
[13:01:08] 
============================================================
 Task 7/10  | Classes (0, 10)
============================================================
[13:01:08] Task 6 baseline (chance): 10.00%
[13:01:12] Task 6 zero-shot (pre-train): 11.27%
[13:04:12] task=6  epoch=0  train_loss=0.1692
[13:04:41] task=6  epoch=END  time_sec=180.2  acc_task0=47.66  acc_task1=52.16  acc_task2=47.18  acc_task3=36.18  acc_task4=57.31  acc_task5=75.08  acc_task6=95.1
[13:04:41] 
============================================================
 Task 8/10  | Classes (0, 10)
============================================================
[13:04:41] Task 7 baseline (chance): 10.00%
[13:04:45] Task 7 zero-shot (pre-train): 16.10%
[13:08:56] task=7  epoch=0  train_loss=0.1642
[13:09:29] task=7  epoch=END  time_sec=250.7  acc_task0=48.35  acc_task1=41.77  acc_task2=43.1  acc_task3=35.33  acc_task4=44.1  acc_task5=54.94  acc_task6=72.24  acc_task7=95.73
[13:09:29] 
============================================================
 Task 9/10  | Classes (0, 10)
============================================================
[13:09:29] Task 8 baseline (chance): 10.00%
[13:09:33] Task 8 zero-shot (pre-train): 10.39%
[13:13:07] task=8  epoch=0  train_loss=0.1678
[13:13:44] task=8  epoch=END  time_sec=214.7  acc_task0=42.48  acc_task1=42.8  acc_task2=42.72  acc_task3=34.5  acc_task4=35.83  acc_task5=49.73  acc_task6=52.76  acc_task7=70.27  acc_task8=95.42
[13:13:44] 
============================================================
 Task 10/10  | Classes (0, 10)
============================================================
[13:13:44] Task 9 baseline (chance): 10.00%
[13:13:48] Task 9 zero-shot (pre-train): 21.94%
[13:17:36] task=9  epoch=0  train_loss=0.1645
[13:18:17] task=9  epoch=END  time_sec=228.2  acc_task0=37.6  acc_task1=33.18  acc_task2=43.21  acc_task3=33.87  acc_task4=33.93  acc_task5=44.67  acc_task6=41.13  acc_task7=49.9  acc_task8=74.84  acc_task9=95.33
[13:18:17] 
Final Metrics:
  avg_accuracy         +48.7660
  forgetting           +51.1856
  backward_transfer    -51.1856
  forward_transfer     +3.3622
[13:18:17] 
Done - run: permuted_mnist_er_ewc_noewc_seed123
[13:18:17] Metrics: {'avg_accuracy': 48.766, 'forgetting': 51.1856, 'backward_transfer': -51.1856, 'forward_transfer': 3.3622}
