[03:18:15] Starting: split_cifar10_er_ewc_buf500_seed123
[03:18:15] Config: {'dataset': 'split_cifar10', 'data_root': 'F:\\Temp\\cf\\Catastrophic Forgetting\\research_v2\\Project\\data_local', 'dataset_image_size': None, 'dataset_out_channels': None, 'model': 'slim_resnet18', 'pretrained': False, 'model_image_size': None, 'method': 'er_ewc', 'n_epochs': 1, 'batch_size': 32, 'num_workers': 0, 'lr': 0.03, 'momentum': 0.9, 'weight_decay': 0.0001, 'fp16': False, 'buffer_size': 500, 'ewc_lambda': 100.0, 'fisher_samples': 200, 'si_lambda': 1.0, 'si_xi': 0.1, 'der_alpha': 0.5, 'xder_beta': 0.5, 'lwf_lambda': 1.0, 'lwf_temp': 2.0, 'icarl_distill_w': 1.0, 'icarl_temp': 2.0, 'use_nmc': True, 'agem_mem_batch': 64, 'distill_lambda': 1.0, 'distill_temp': 2.0, 'pc_distill_w': 1.0, 'pc_ewc_lambda': 100.0, 'pc_compress_epochs': 3, 'er_replay_ratio': 0.5, 'joint_replay_epochs': 1, 'disable_tqdm': True, 'disable_checkpoints': False, 'disable_plots': True, 'resume': False, 'cleanup_checkpoints_on_success': True, 'result_group': 'ablations', 'ablation_family': 'buffer', 'seeds': [42, 123, 456, 789, 1024], 'results_root': 'F:\\Temp\\cf\\Catastrophic Forgetting\\research_v2\\results', 'run_tag': 'buf500', 'seed': 123, 'run_name': 'split_cifar10_er_ewc_buf500_seed123', 'project_root': 'F:\\Temp\\cf\\Catastrophic Forgetting\\research_v2\\Project', 'workspace_root': 'F:\\Temp\\cf\\Catastrophic Forgetting\\research_v2', 'run_root': 'F:\\Temp\\cf\\Catastrophic Forgetting\\research_v2\\results\\ablations\\epoch_1\\split_cifar10\\buffer\\er_ewc__buf500\\seed_123', 'log_dir': 'F:\\Temp\\cf\\Catastrophic Forgetting\\research_v2\\results\\ablations\\epoch_1\\split_cifar10\\buffer\\er_ewc__buf500\\seed_123\\logs', 'metrics_dir': 'F:\\Temp\\cf\\Catastrophic Forgetting\\research_v2\\results\\ablations\\epoch_1\\split_cifar10\\buffer\\er_ewc__buf500\\seed_123\\metrics', 'checkpoint_dir': 'F:\\Temp\\cf\\Catastrophic Forgetting\\research_v2\\results\\ablations\\epoch_1\\split_cifar10\\buffer\\er_ewc__buf500\\seed_123\\checkpoints', 'artifact_dir': 'F:\\Temp\\cf\\Catastrophic Forgetting\\research_v2\\results\\ablations\\epoch_1\\split_cifar10\\buffer\\er_ewc__buf500\\seed_123\\artifacts', 'figure_dir': 'F:\\Temp\\cf\\Catastrophic Forgetting\\research_v2\\results\\figures\\ablations\\epoch_1\\split_cifar10\\buffer\\er_ewc__buf500\\seed_123'}
[03:18:15] Device: cuda
[03:18:18] Dataset: SplitCIFAR10(tasks=5, classes_per_task=2, scenario=class-il)
[03:18:18] 
============================================================
 Task 1/5  | Classes (0, 2)
============================================================
[03:18:18] Task 0 baseline (chance): 50.00%
[03:18:38] task=0  epoch=0  train_loss=0.4384
[03:18:39] task=0  epoch=END  time_sec=19.7  acc_task0=87.95
[03:18:39] 
============================================================
 Task 2/5  | Classes (2, 4)
============================================================
[03:18:39] Task 1 baseline (chance): 25.00%
[03:18:40] Task 1 zero-shot (pre-train): 0.05%
[03:19:09] task=1  epoch=0  train_loss=0.7895
[03:19:11] task=1  epoch=END  time_sec=28.8  acc_task0=69.8  acc_task1=68.65
[03:19:12] 
============================================================
 Task 3/5  | Classes (4, 6)
============================================================
[03:19:12] Task 2 baseline (chance): 16.67%
[03:19:13] Task 2 zero-shot (pre-train): 0.00%
[03:19:43] task=2  epoch=0  train_loss=0.8634
[03:19:46] task=2  epoch=END  time_sec=29.8  acc_task0=52.3  acc_task1=8.25  acc_task2=74.15
[03:19:47] 
============================================================
 Task 4/5  | Classes (6, 8)
============================================================
[03:19:47] Task 3 baseline (chance): 12.50%
[03:19:48] Task 3 zero-shot (pre-train): 0.00%
[03:20:26] task=3  epoch=0  train_loss=0.7022
[03:20:30] task=3  epoch=END  time_sec=38.3  acc_task0=54.6  acc_task1=6.35  acc_task2=4.05  acc_task3=87.45
[03:20:31] 
============================================================
 Task 5/5  | Classes (8, 10)
============================================================
[03:20:31] Task 4 baseline (chance): 10.00%
[03:20:32] Task 4 zero-shot (pre-train): 0.00%
[03:21:22] task=4  epoch=0  train_loss=0.5973
[03:21:27] task=4  epoch=END  time_sec=49.5  acc_task0=10.3  acc_task1=5.0  acc_task2=22.65  acc_task3=11.65  acc_task4=89.05
[03:21:28] 
Final Metrics:
  avg_accuracy         +27.7300
  forgetting           +67.1500
  backward_transfer    -67.1500
  forward_transfer     -16.0292
[03:21:28] 
Done - run: split_cifar10_er_ewc_buf500_seed123
[03:21:28] Metrics: {'avg_accuracy': 27.73, 'forgetting': 67.15, 'backward_transfer': -67.15, 'forward_transfer': -16.0292}
[03:21:28] Deleted 5 checkpoint(s) after successful completion.
