[00:46:28] Starting: split_cifar10_agem_distill_seed789
[00:46:28] Config: {'dataset': 'split_cifar10', 'data_root': 'F:\\Temp\\cf\\Catastrophic Forgetting\\research_v2\\Project\\data_local', 'dataset_image_size': None, 'dataset_out_channels': None, 'model': 'slim_resnet18', 'pretrained': False, 'model_image_size': None, 'method': 'agem_distill', 'n_epochs': 1, 'batch_size': 32, 'num_workers': 0, 'lr': 0.03, 'momentum': 0.9, 'weight_decay': 0.0001, 'fp16': False, 'buffer_size': 200, 'ewc_lambda': 100.0, 'fisher_samples': 200, 'si_lambda': 1.0, 'si_xi': 0.1, 'der_alpha': 0.5, 'xder_beta': 0.5, 'lwf_lambda': 1.0, 'lwf_temp': 2.0, 'icarl_distill_w': 1.0, 'icarl_temp': 2.0, 'use_nmc': True, 'agem_mem_batch': 64, 'distill_lambda': 1.0, 'distill_temp': 2.0, 'pc_distill_w': 1.0, 'pc_ewc_lambda': 100.0, 'pc_compress_epochs': 3, 'er_replay_ratio': 0.5, 'joint_replay_epochs': 1, 'disable_tqdm': True, 'disable_checkpoints': False, 'disable_plots': False, 'resume': True, 'cleanup_checkpoints_on_success': True, 'result_group': 'runs', 'ablation_family': None, 'seeds': [42, 123, 456, 789, 1024], 'results_root': 'F:\\Temp\\cf\\Catastrophic Forgetting\\research_v2\\results', 'seed': 789, 'run_name': 'split_cifar10_agem_distill_seed789', 'project_root': 'F:\\Temp\\cf\\Catastrophic Forgetting\\research_v2\\Project', 'workspace_root': 'F:\\Temp\\cf\\Catastrophic Forgetting\\research_v2', 'run_root': 'F:\\Temp\\cf\\Catastrophic Forgetting\\research_v2\\results\\runs\\epoch_1\\split_cifar10\\hybrids\\agem_distill\\seed_789', 'log_dir': 'F:\\Temp\\cf\\Catastrophic Forgetting\\research_v2\\results\\runs\\epoch_1\\split_cifar10\\hybrids\\agem_distill\\seed_789\\logs', 'metrics_dir': 'F:\\Temp\\cf\\Catastrophic Forgetting\\research_v2\\results\\runs\\epoch_1\\split_cifar10\\hybrids\\agem_distill\\seed_789\\metrics', 'checkpoint_dir': 'F:\\Temp\\cf\\Catastrophic Forgetting\\research_v2\\results\\runs\\epoch_1\\split_cifar10\\hybrids\\agem_distill\\seed_789\\checkpoints', 'artifact_dir': 'F:\\Temp\\cf\\Catastrophic Forgetting\\research_v2\\results\\runs\\epoch_1\\split_cifar10\\hybrids\\agem_distill\\seed_789\\artifacts', 'figure_dir': 'F:\\Temp\\cf\\Catastrophic Forgetting\\research_v2\\results\\figures\\epoch_1\\split_cifar10\\hybrids\\agem_distill\\seed_789'}
[00:46:28] Device: cuda
[00:46:30] Dataset: SplitCIFAR10(tasks=5, classes_per_task=2, scenario=class-il)
[00:46:30] 
============================================================
 Task 1/5  | Classes (0, 2)
============================================================
[00:46:30] Task 0 baseline (chance): 50.00%
[00:46:42] task=0  epoch=0  train_loss=0.5285
[00:46:43] task=0  epoch=END  time_sec=12.1  acc_task0=80.15
[00:46:43] 
============================================================
 Task 2/5  | Classes (2, 4)
============================================================
[00:46:43] Task 1 baseline (chance): 25.00%
[00:46:44] Task 1 zero-shot (pre-train): 4.90%
[00:47:08] task=1  epoch=0  train_loss=0.7338
[00:47:10] task=1  epoch=END  time_sec=24.2  acc_task0=0.0  acc_task1=72.7
[00:47:10] 
============================================================
 Task 3/5  | Classes (4, 6)
============================================================
[00:47:10] Task 2 baseline (chance): 16.67%
[00:47:11] Task 2 zero-shot (pre-train): 0.00%
[00:47:35] task=2  epoch=0  train_loss=0.6839
[00:47:37] task=2  epoch=END  time_sec=24.3  acc_task0=0.0  acc_task1=0.0  acc_task2=79.8
[00:47:37] 
============================================================
 Task 4/5  | Classes (6, 8)
============================================================
[00:47:37] Task 3 baseline (chance): 12.50%
[00:47:38] Task 3 zero-shot (pre-train): 0.00%
[00:48:03] task=3  epoch=0  train_loss=0.6462
[00:48:06] task=3  epoch=END  time_sec=25.2  acc_task0=0.0  acc_task1=0.0  acc_task2=0.0  acc_task3=86.4
[00:48:06] 
============================================================
 Task 5/5  | Classes (8, 10)
============================================================
[00:48:06] Task 4 baseline (chance): 10.00%
[00:48:07] Task 4 zero-shot (pre-train): 0.00%
[00:48:29] task=4  epoch=0  train_loss=0.9144
[00:48:33] task=4  epoch=END  time_sec=21.7  acc_task0=0.0  acc_task1=0.0  acc_task2=0.0  acc_task3=0.0  acc_task4=83.3
[00:48:33] 
Final Metrics:
  avg_accuracy         +16.6600
  forgetting           +79.7625
  backward_transfer    -79.7625
  forward_transfer     -14.8167
[00:48:34] 
Done - run: split_cifar10_agem_distill_seed789
[00:48:34] Metrics: {'avg_accuracy': 16.66, 'forgetting': 79.7625, 'backward_transfer': -79.7625, 'forward_transfer': -14.8167}
[00:48:34] Deleted 5 checkpoint(s) after successful completion.
