[01:12:40] Starting: split_cifar10_ewc_seed42
[01:12:40] Config: {'dataset': 'split_cifar10', 'data_root': 'F:\\Temp\\cf\\Catastrophic Forgetting\\research_v2\\Project\\data_local', 'dataset_image_size': None, 'dataset_out_channels': None, 'model': 'slim_resnet18', 'pretrained': False, 'model_image_size': None, 'method': 'ewc', 'n_epochs': 1, 'batch_size': 32, 'num_workers': 0, 'lr': 0.03, 'momentum': 0.9, 'weight_decay': 0.0001, 'fp16': False, 'buffer_size': 200, 'ewc_lambda': 100.0, 'fisher_samples': 200, 'si_lambda': 1.0, 'si_xi': 0.1, 'der_alpha': 0.5, 'xder_beta': 0.5, 'lwf_lambda': 1.0, 'lwf_temp': 2.0, 'icarl_distill_w': 1.0, 'icarl_temp': 2.0, 'use_nmc': True, 'agem_mem_batch': 64, 'distill_lambda': 1.0, 'distill_temp': 2.0, 'pc_distill_w': 1.0, 'pc_ewc_lambda': 100.0, 'pc_compress_epochs': 3, 'er_replay_ratio': 0.5, 'joint_replay_epochs': 1, 'disable_tqdm': True, 'disable_checkpoints': False, 'disable_plots': False, 'resume': True, 'cleanup_checkpoints_on_success': True, 'result_group': 'runs', 'ablation_family': None, 'seeds': [42, 123, 456, 789, 1024], 'results_root': 'F:\\Temp\\cf\\Catastrophic Forgetting\\research_v2\\results', 'seed': 42, 'run_name': 'split_cifar10_ewc_seed42', 'project_root': 'F:\\Temp\\cf\\Catastrophic Forgetting\\research_v2\\Project', 'workspace_root': 'F:\\Temp\\cf\\Catastrophic Forgetting\\research_v2', 'run_root': 'F:\\Temp\\cf\\Catastrophic Forgetting\\research_v2\\results\\runs\\epoch_1\\split_cifar10\\baselines\\ewc\\seed_42', 'log_dir': 'F:\\Temp\\cf\\Catastrophic Forgetting\\research_v2\\results\\runs\\epoch_1\\split_cifar10\\baselines\\ewc\\seed_42\\logs', 'metrics_dir': 'F:\\Temp\\cf\\Catastrophic Forgetting\\research_v2\\results\\runs\\epoch_1\\split_cifar10\\baselines\\ewc\\seed_42\\metrics', 'checkpoint_dir': 'F:\\Temp\\cf\\Catastrophic Forgetting\\research_v2\\results\\runs\\epoch_1\\split_cifar10\\baselines\\ewc\\seed_42\\checkpoints', 'artifact_dir': 'F:\\Temp\\cf\\Catastrophic Forgetting\\research_v2\\results\\runs\\epoch_1\\split_cifar10\\baselines\\ewc\\seed_42\\artifacts', 'figure_dir': 'F:\\Temp\\cf\\Catastrophic Forgetting\\research_v2\\results\\figures\\epoch_1\\split_cifar10\\baselines\\ewc\\seed_42'}
[01:12:40] Device: cuda
[01:12:42] Dataset: SplitCIFAR10(tasks=5, classes_per_task=2, scenario=class-il)
[01:12:42] 
============================================================
 Task 1/5  | Classes (0, 2)
============================================================
[01:12:42] Task 0 baseline (chance): 50.00%
[01:12:53] task=0  epoch=0  train_loss=0.5767
[01:12:54] task=0  epoch=END  time_sec=11.0  acc_task0=75.25
[01:12:54] 
============================================================
 Task 2/5  | Classes (2, 4)
============================================================
[01:12:54] Task 1 baseline (chance): 25.00%
[01:12:55] Task 1 zero-shot (pre-train): 0.15%
[01:13:12] task=1  epoch=0  train_loss=0.6096
[01:13:14] task=1  epoch=END  time_sec=17.4  acc_task0=0.0  acc_task1=73.95
[01:13:14] 
============================================================
 Task 3/5  | Classes (4, 6)
============================================================
[01:13:14] Task 2 baseline (chance): 16.67%
[01:13:15] Task 2 zero-shot (pre-train): 0.00%
[01:13:37] task=2  epoch=0  train_loss=0.6044
[01:13:40] task=2  epoch=END  time_sec=22.8  acc_task0=0.0  acc_task1=0.0  acc_task2=80.45
[01:13:40] 
============================================================
 Task 4/5  | Classes (6, 8)
============================================================
[01:13:40] Task 3 baseline (chance): 12.50%
[01:13:41] Task 3 zero-shot (pre-train): 0.00%
[01:14:10] task=3  epoch=0  train_loss=0.6578
[01:14:13] task=3  epoch=END  time_sec=29.2  acc_task0=0.0  acc_task1=0.0  acc_task2=0.0  acc_task3=84.25
[01:14:14] 
============================================================
 Task 5/5  | Classes (8, 10)
============================================================
[01:14:14] Task 4 baseline (chance): 10.00%
[01:14:14] Task 4 zero-shot (pre-train): 0.00%
[01:14:51] task=4  epoch=0  train_loss=0.7452
[01:14:54] task=4  epoch=END  time_sec=36.3  acc_task0=0.0  acc_task1=0.0  acc_task2=0.0  acc_task3=0.0  acc_task4=82.95
[01:14:55] 
Final Metrics:
  avg_accuracy         +16.5900
  forgetting           +78.4750
  backward_transfer    -78.4750
  forward_transfer     -16.0042
[01:14:56] 
Done - run: split_cifar10_ewc_seed42
[01:14:56] Metrics: {'avg_accuracy': 16.59, 'forgetting': 78.475, 'backward_transfer': -78.475, 'forward_transfer': -16.0042}
[01:14:56] Deleted 5 checkpoint(s) after successful completion.
