[02:12:23] Starting: split_cifar10_er_ewc_lambda1000_seed123
[02:12:23] Config: {'dataset': 'split_cifar10', 'data_root': 'F:\\Temp\\cf\\Catastrophic Forgetting\\research_v2\\Project\\data_local', 'dataset_image_size': None, 'dataset_out_channels': None, 'model': 'slim_resnet18', 'pretrained': False, 'model_image_size': None, 'method': 'er_ewc', 'n_epochs': 1, 'batch_size': 32, 'num_workers': 0, 'lr': 0.03, 'momentum': 0.9, 'weight_decay': 0.0001, 'fp16': False, 'buffer_size': 200, 'ewc_lambda': 1000.0, 'fisher_samples': 200, 'si_lambda': 1.0, 'si_xi': 0.1, 'der_alpha': 0.5, 'xder_beta': 0.5, 'lwf_lambda': 1.0, 'lwf_temp': 2.0, 'icarl_distill_w': 1.0, 'icarl_temp': 2.0, 'use_nmc': True, 'agem_mem_batch': 64, 'distill_lambda': 1.0, 'distill_temp': 2.0, 'pc_distill_w': 1.0, 'pc_ewc_lambda': 100.0, 'pc_compress_epochs': 3, 'er_replay_ratio': 0.5, 'joint_replay_epochs': 1, 'disable_tqdm': True, 'disable_checkpoints': False, 'disable_plots': True, 'resume': False, 'cleanup_checkpoints_on_success': True, 'result_group': 'ablations', 'ablation_family': 'lambda', 'seeds': [42, 123, 456, 789, 1024], 'results_root': 'F:\\Temp\\cf\\Catastrophic Forgetting\\research_v2\\results', 'run_tag': 'lambda1000', 'seed': 123, 'run_name': 'split_cifar10_er_ewc_lambda1000_seed123', 'project_root': 'F:\\Temp\\cf\\Catastrophic Forgetting\\research_v2\\Project', 'workspace_root': 'F:\\Temp\\cf\\Catastrophic Forgetting\\research_v2', 'run_root': 'F:\\Temp\\cf\\Catastrophic Forgetting\\research_v2\\results\\ablations\\epoch_1\\split_cifar10\\lambda\\er_ewc__lambda1000\\seed_123', 'log_dir': 'F:\\Temp\\cf\\Catastrophic Forgetting\\research_v2\\results\\ablations\\epoch_1\\split_cifar10\\lambda\\er_ewc__lambda1000\\seed_123\\logs', 'metrics_dir': 'F:\\Temp\\cf\\Catastrophic Forgetting\\research_v2\\results\\ablations\\epoch_1\\split_cifar10\\lambda\\er_ewc__lambda1000\\seed_123\\metrics', 'checkpoint_dir': 'F:\\Temp\\cf\\Catastrophic Forgetting\\research_v2\\results\\ablations\\epoch_1\\split_cifar10\\lambda\\er_ewc__lambda1000\\seed_123\\checkpoints', 'artifact_dir': 'F:\\Temp\\cf\\Catastrophic Forgetting\\research_v2\\results\\ablations\\epoch_1\\split_cifar10\\lambda\\er_ewc__lambda1000\\seed_123\\artifacts', 'figure_dir': 'F:\\Temp\\cf\\Catastrophic Forgetting\\research_v2\\results\\figures\\ablations\\epoch_1\\split_cifar10\\lambda\\er_ewc__lambda1000\\seed_123'}
[02:12:23] Device: cuda
[02:12:25] Dataset: SplitCIFAR10(tasks=5, classes_per_task=2, scenario=class-il)
[02:12:25] 
============================================================
 Task 1/5  | Classes (0, 2)
============================================================
[02:12:25] Task 0 baseline (chance): 50.00%
[02:12:46] task=0  epoch=0  train_loss=0.4113
[02:12:47] task=0  epoch=END  time_sec=20.8  acc_task0=89.1
[02:12:48] 
============================================================
 Task 2/5  | Classes (2, 4)
============================================================
[02:12:48] Task 1 baseline (chance): 25.00%
[02:12:49] Task 1 zero-shot (pre-train): 1.85%
[02:13:23] task=1  epoch=0  train_loss=0.6891
[02:13:25] task=1  epoch=END  time_sec=33.7  acc_task0=60.8  acc_task1=68.9
[02:13:26] 
============================================================
 Task 3/5  | Classes (4, 6)
============================================================
[02:13:26] Task 2 baseline (chance): 16.67%
[02:13:27] Task 2 zero-shot (pre-train): 0.00%
[02:14:05] task=2  epoch=0  train_loss=0.679
[02:14:09] task=2  epoch=END  time_sec=37.9  acc_task0=7.15  acc_task1=0.6  acc_task2=80.55
[02:14:09] 
============================================================
 Task 4/5  | Classes (6, 8)
============================================================
[02:14:09] Task 3 baseline (chance): 12.50%
[02:14:11] Task 3 zero-shot (pre-train): 0.00%
[02:14:54] task=3  epoch=0  train_loss=0.6175
[02:14:59] task=3  epoch=END  time_sec=43.8  acc_task0=35.4  acc_task1=1.25  acc_task2=0.7  acc_task3=87.75
[02:15:00] 
============================================================
 Task 5/5  | Classes (8, 10)
============================================================
[02:15:00] Task 4 baseline (chance): 10.00%
[02:15:01] Task 4 zero-shot (pre-train): 0.00%
[02:15:54] task=4  epoch=0  train_loss=0.5687
[02:15:59] task=4  epoch=END  time_sec=52.6  acc_task0=0.25  acc_task1=7.9  acc_task2=1.5  acc_task3=46.15  acc_task4=90.3
[02:16:00] 
Final Metrics:
  avg_accuracy         +29.2200
  forgetting           +67.6250
  backward_transfer    -67.6250
  forward_transfer     -15.5792
[02:16:00] 
Done - run: split_cifar10_er_ewc_lambda1000_seed123
[02:16:00] Metrics: {'avg_accuracy': 29.22, 'forgetting': 67.625, 'backward_transfer': -67.625, 'forward_transfer': -15.5792}
[02:16:00] Deleted 5 checkpoint(s) after successful completion.
