[05:32:20] Starting: split_cifar10_xder_buf200_seed789
[05:32:20] Config: {'dataset': 'split_cifar10', 'data_root': 'F:\\Temp\\cf\\Catastrophic Forgetting\\research_v2\\Project\\data_local', 'dataset_image_size': None, 'dataset_out_channels': None, 'model': 'slim_resnet18', 'pretrained': False, 'model_image_size': None, 'method': 'xder', 'n_epochs': 1, 'batch_size': 32, 'num_workers': 0, 'lr': 0.03, 'momentum': 0.9, 'weight_decay': 0.0001, 'fp16': False, 'buffer_size': 200, 'ewc_lambda': 100.0, 'fisher_samples': 200, 'si_lambda': 1.0, 'si_xi': 0.1, 'der_alpha': 0.5, 'xder_beta': 0.5, 'lwf_lambda': 1.0, 'lwf_temp': 2.0, 'icarl_distill_w': 1.0, 'icarl_temp': 2.0, 'use_nmc': True, 'agem_mem_batch': 64, 'distill_lambda': 1.0, 'distill_temp': 2.0, 'pc_distill_w': 1.0, 'pc_ewc_lambda': 100.0, 'pc_compress_epochs': 3, 'er_replay_ratio': 0.5, 'joint_replay_epochs': 1, 'disable_tqdm': True, 'disable_checkpoints': False, 'disable_plots': True, 'resume': False, 'cleanup_checkpoints_on_success': True, 'result_group': 'ablations', 'ablation_family': 'buffer', 'seeds': [42, 123, 456, 789, 1024], 'results_root': 'F:\\Temp\\cf\\Catastrophic Forgetting\\research_v2\\results', 'run_tag': 'buf200', 'seed': 789, 'run_name': 'split_cifar10_xder_buf200_seed789', 'project_root': 'F:\\Temp\\cf\\Catastrophic Forgetting\\research_v2\\Project', 'workspace_root': 'F:\\Temp\\cf\\Catastrophic Forgetting\\research_v2', 'run_root': 'F:\\Temp\\cf\\Catastrophic Forgetting\\research_v2\\results\\ablations\\epoch_1\\split_cifar10\\buffer\\xder__buf200\\seed_789', 'log_dir': 'F:\\Temp\\cf\\Catastrophic Forgetting\\research_v2\\results\\ablations\\epoch_1\\split_cifar10\\buffer\\xder__buf200\\seed_789\\logs', 'metrics_dir': 'F:\\Temp\\cf\\Catastrophic Forgetting\\research_v2\\results\\ablations\\epoch_1\\split_cifar10\\buffer\\xder__buf200\\seed_789\\metrics', 'checkpoint_dir': 'F:\\Temp\\cf\\Catastrophic Forgetting\\research_v2\\results\\ablations\\epoch_1\\split_cifar10\\buffer\\xder__buf200\\seed_789\\checkpoints', 'artifact_dir': 'F:\\Temp\\cf\\Catastrophic Forgetting\\research_v2\\results\\ablations\\epoch_1\\split_cifar10\\buffer\\xder__buf200\\seed_789\\artifacts', 'figure_dir': 'F:\\Temp\\cf\\Catastrophic Forgetting\\research_v2\\results\\figures\\ablations\\epoch_1\\split_cifar10\\buffer\\xder__buf200\\seed_789'}
[05:32:20] Device: cuda
[05:32:21] Dataset: SplitCIFAR10(tasks=5, classes_per_task=2, scenario=class-il)
[05:32:22] 
============================================================
 Task 1/5  | Classes (0, 2)
============================================================
[05:32:22] Task 0 baseline (chance): 50.00%
[05:32:56] task=0  epoch=0  train_loss=0.9994
[05:32:59] task=0  epoch=END  time_sec=34.9  acc_task0=87.1
[05:32:59] 
============================================================
 Task 2/5  | Classes (2, 4)
============================================================
[05:32:59] Task 1 baseline (chance): 25.00%
[05:33:00] Task 1 zero-shot (pre-train): 10.60%
[05:33:29] task=1  epoch=0  train_loss=1.4579
[05:33:32] task=1  epoch=END  time_sec=28.7  acc_task0=21.0  acc_task1=72.4
[05:33:32] 
============================================================
 Task 3/5  | Classes (4, 6)
============================================================
[05:33:32] Task 2 baseline (chance): 16.67%
[05:33:33] Task 2 zero-shot (pre-train): 0.00%
[05:33:54] task=2  epoch=0  train_loss=1.4649
[05:33:58] task=2  epoch=END  time_sec=20.9  acc_task0=24.8  acc_task1=0.2  acc_task2=76.65
[05:33:58] 
============================================================
 Task 4/5  | Classes (6, 8)
============================================================
[05:33:58] Task 3 baseline (chance): 12.50%
[05:33:59] Task 3 zero-shot (pre-train): 0.00%
[05:34:20] task=3  epoch=0  train_loss=1.2582
[05:34:25] task=3  epoch=END  time_sec=21.6  acc_task0=18.65  acc_task1=0.95  acc_task2=2.8  acc_task3=90.9
[05:34:25] 
============================================================
 Task 5/5  | Classes (8, 10)
============================================================
[05:34:25] Task 4 baseline (chance): 10.00%
[05:34:26] Task 4 zero-shot (pre-train): 0.00%
[05:34:48] task=4  epoch=0  train_loss=1.0936
[05:34:54] task=4  epoch=END  time_sec=22.4  acc_task0=0.85  acc_task1=0.6  acc_task2=3.6  acc_task3=7.05  acc_task4=89.9
[05:34:54] 
Final Metrics:
  avg_accuracy         +20.4000
  forgetting           +78.7375
  backward_transfer    -78.7375
  forward_transfer     -13.3917
[05:34:54] 
Done - run: split_cifar10_xder_buf200_seed789
[05:34:54] Metrics: {'avg_accuracy': 20.4, 'forgetting': 78.7375, 'backward_transfer': -78.7375, 'forward_transfer': -13.3917}
[05:34:54] Deleted 5 checkpoint(s) after successful completion.
