[09:17:04] Starting: permuted_mnist_lwf_seed789
[09:17:04] Config: {'dataset': 'permuted_mnist', 'data_root': 'F:\\Temp\\cf\\Catastrophic Forgetting\\research_v2\\Project\\data_local', 'dataset_image_size': None, 'dataset_out_channels': None, 'model': 'resnet8', 'pretrained': False, 'model_image_size': None, 'method': 'lwf', 'n_epochs': 1, 'batch_size': 32, 'num_workers': 0, 'lr': 0.03, 'momentum': 0.9, 'weight_decay': 0.0001, 'fp16': False, 'buffer_size': 200, 'ewc_lambda': 100.0, 'fisher_samples': 200, 'si_lambda': 1.0, 'si_xi': 0.1, 'der_alpha': 0.5, 'xder_beta': 0.5, 'lwf_lambda': 1.0, 'lwf_temp': 2.0, 'icarl_distill_w': 1.0, 'icarl_temp': 2.0, 'use_nmc': True, 'agem_mem_batch': 64, 'distill_lambda': 1.0, 'distill_temp': 2.0, 'pc_distill_w': 1.0, 'pc_ewc_lambda': 100.0, 'pc_compress_epochs': 3, 'er_replay_ratio': 0.5, 'joint_replay_epochs': 1, 'disable_tqdm': True, 'disable_checkpoints': False, 'disable_plots': False, 'resume': True, 'cleanup_checkpoints_on_success': True, 'result_group': 'runs', 'ablation_family': None, 'seeds': [42, 123, 456, 789, 1024], 'results_root': 'F:\\Temp\\cf\\Catastrophic Forgetting\\research_v2\\results', 'seed': 789, 'run_name': 'permuted_mnist_lwf_seed789', 'project_root': 'F:\\Temp\\cf\\Catastrophic Forgetting\\research_v2\\Project', 'workspace_root': 'F:\\Temp\\cf\\Catastrophic Forgetting\\research_v2', 'run_root': 'F:\\Temp\\cf\\Catastrophic Forgetting\\research_v2\\results\\runs\\epoch_1\\permuted_mnist\\baselines\\lwf\\seed_789', 'log_dir': 'F:\\Temp\\cf\\Catastrophic Forgetting\\research_v2\\results\\runs\\epoch_1\\permuted_mnist\\baselines\\lwf\\seed_789\\logs', 'metrics_dir': 'F:\\Temp\\cf\\Catastrophic Forgetting\\research_v2\\results\\runs\\epoch_1\\permuted_mnist\\baselines\\lwf\\seed_789\\metrics', 'checkpoint_dir': 'F:\\Temp\\cf\\Catastrophic Forgetting\\research_v2\\results\\runs\\epoch_1\\permuted_mnist\\baselines\\lwf\\seed_789\\checkpoints', 'artifact_dir': 'F:\\Temp\\cf\\Catastrophic Forgetting\\research_v2\\results\\runs\\epoch_1\\permuted_mnist\\baselines\\lwf\\seed_789\\artifacts', 'figure_dir': 'F:\\Temp\\cf\\Catastrophic Forgetting\\research_v2\\results\\figures\\epoch_1\\permuted_mnist\\baselines\\lwf\\seed_789'}
[09:17:04] Device: cuda
[09:17:04] Dataset: PermutedMNIST(tasks=10, classes_per_task=10, scenario=domain-il)
[09:17:04] 
============================================================
 Task 1/10  | Classes (0, 10)
============================================================
[09:17:04] Task 0 baseline (chance): 10.00%
[09:17:24] task=0  epoch=0  train_loss=0.3142
[09:17:25] task=0  epoch=END  time_sec=19.5  acc_task0=94.69
[09:17:25] 
============================================================
 Task 2/10  | Classes (0, 10)
============================================================
[09:17:25] Task 1 baseline (chance): 10.00%
[09:17:27] Task 1 zero-shot (pre-train): 8.79%
[09:17:49] task=1  epoch=0  train_loss=1.8354
[09:17:53] task=1  epoch=END  time_sec=22.6  acc_task0=90.79  acc_task1=83.43
[09:17:53] 
============================================================
 Task 3/10  | Classes (0, 10)
============================================================
[09:17:53] Task 2 baseline (chance): 10.00%
[09:17:54] Task 2 zero-shot (pre-train): 8.12%
[09:18:17] task=2  epoch=0  train_loss=1.4824
[09:18:22] task=2  epoch=END  time_sec=22.9  acc_task0=70.25  acc_task1=47.42  acc_task2=84.62
[09:18:22] 
============================================================
 Task 4/10  | Classes (0, 10)
============================================================
[09:18:22] Task 3 baseline (chance): 10.00%
[09:18:24] Task 3 zero-shot (pre-train): 11.83%
[09:18:46] task=3  epoch=0  train_loss=1.2755
[09:18:53] task=3  epoch=END  time_sec=22.4  acc_task0=47.37  acc_task1=33.76  acc_task2=44.62  acc_task3=94.78
[09:18:53] 
============================================================
 Task 5/10  | Classes (0, 10)
============================================================
[09:18:53] Task 4 baseline (chance): 10.00%
[09:18:54] Task 4 zero-shot (pre-train): 7.79%
[09:19:17] task=4  epoch=0  train_loss=1.2487
[09:19:25] task=4  epoch=END  time_sec=23.2  acc_task0=40.46  acc_task1=22.79  acc_task2=33.76  acc_task3=78.02  acc_task4=95.67
[09:19:25] 
============================================================
 Task 6/10  | Classes (0, 10)
============================================================
[09:19:25] Task 5 baseline (chance): 10.00%
[09:19:27] Task 5 zero-shot (pre-train): 9.79%
[09:19:50] task=5  epoch=0  train_loss=1.2201
[09:20:00] task=5  epoch=END  time_sec=23.1  acc_task0=29.4  acc_task1=16.58  acc_task2=20.03  acc_task3=52.21  acc_task4=82.34  acc_task5=95.9
[09:20:00] 
============================================================
 Task 7/10  | Classes (0, 10)
============================================================
[09:20:00] Task 6 baseline (chance): 10.00%
[09:20:02] Task 6 zero-shot (pre-train): 12.11%
[09:20:25] task=6  epoch=0  train_loss=1.2239
[09:20:36] task=6  epoch=END  time_sec=23.0  acc_task0=22.48  acc_task1=14.03  acc_task2=14.66  acc_task3=31.08  acc_task4=53.74  acc_task5=79.03  acc_task6=95.34
[09:20:36] 
============================================================
 Task 8/10  | Classes (0, 10)
============================================================
[09:20:36] Task 7 baseline (chance): 10.00%
[09:20:38] Task 7 zero-shot (pre-train): 11.64%
[09:21:01] task=7  epoch=0  train_loss=1.1991
[09:21:14] task=7  epoch=END  time_sec=23.2  acc_task0=21.63  acc_task1=15.92  acc_task2=19.44  acc_task3=21.24  acc_task4=33.01  acc_task5=35.5  acc_task6=75.95  acc_task7=95.82
[09:21:14] 
============================================================
 Task 9/10  | Classes (0, 10)
============================================================
[09:21:14] Task 8 baseline (chance): 10.00%
[09:21:16] Task 8 zero-shot (pre-train): 11.38%
[09:21:39] task=8  epoch=0  train_loss=1.198
[09:21:54] task=8  epoch=END  time_sec=23.0  acc_task0=17.47  acc_task1=14.37  acc_task2=12.37  acc_task3=18.6  acc_task4=18.42  acc_task5=24.65  acc_task6=48.29  acc_task7=73.8  acc_task8=95.53
[09:21:54] 
============================================================
 Task 10/10  | Classes (0, 10)
============================================================
[09:21:54] Task 9 baseline (chance): 10.00%
[09:21:56] Task 9 zero-shot (pre-train): 11.35%
[09:22:19] task=9  epoch=0  train_loss=1.2243
[09:22:35] task=9  epoch=END  time_sec=23.0  acc_task0=15.82  acc_task1=14.05  acc_task2=14.16  acc_task3=15.35  acc_task4=16.41  acc_task5=20.13  acc_task6=31.08  acc_task7=42.65  acc_task8=69.59  acc_task9=94.94
[09:22:35] 
Final Metrics:
  avg_accuracy         +33.4180
  forgetting           +66.2822
  backward_transfer    -66.2822
  forward_transfer     +0.3111
[09:22:36] 
Done - run: permuted_mnist_lwf_seed789
[09:22:36] Metrics: {'avg_accuracy': 33.418, 'forgetting': 66.2822, 'backward_transfer': -66.2822, 'forward_transfer': 0.3111}
[09:22:36] Deleted 10 checkpoint(s) after successful completion.
[14:58:29] Starting: permuted_mnist_lwf_seed789
[14:58:29] Config: {'dataset': 'permuted_mnist', 'data_root': 'F:\\Temp\\cf\\Catastrophic Forgetting\\research_v2\\Project\\data_local', 'dataset_image_size': 32, 'dataset_out_channels': None, 'model': 'slim_resnet18', 'pretrained': False, 'model_image_size': None, 'method': 'lwf', 'n_epochs': 1, 'batch_size': 32, 'num_workers': 2, 'lr': 0.03, 'momentum': 0.9, 'weight_decay': 0.0001, 'fp16': False, 'buffer_size': 200, 'ewc_lambda': 100.0, 'fisher_samples': 200, 'si_lambda': 1.0, 'si_xi': 0.1, 'der_alpha': 0.5, 'xder_beta': 0.5, 'lwf_lambda': 1.0, 'lwf_temp': 2.0, 'icarl_distill_w': 1.0, 'icarl_temp': 2.0, 'use_nmc': True, 'agem_mem_batch': 64, 'distill_lambda': 1.0, 'distill_temp': 2.0, 'pc_distill_w': 1.0, 'pc_ewc_lambda': 100.0, 'pc_compress_epochs': 3, 'er_replay_ratio': 0.5, 'joint_replay_epochs': 1, 'disable_tqdm': True, 'disable_checkpoints': False, 'disable_plots': False, 'resume': True, 'cleanup_checkpoints_on_success': True, 'result_group': 'runs', 'ablation_family': None, 'seeds': [42, 123, 456, 789, 1024], 'results_root': 'F:\\Temp\\cf\\Catastrophic Forgetting\\research_v2\\results', 'seed': 789, 'run_name': 'permuted_mnist_lwf_seed789', 'project_root': 'F:\\Temp\\cf\\Catastrophic Forgetting\\research_v2\\Project', 'workspace_root': 'F:\\Temp\\cf\\Catastrophic Forgetting\\research_v2', 'run_root': 'F:\\Temp\\cf\\Catastrophic Forgetting\\research_v2\\results\\runs\\epoch_1\\permuted_mnist\\baselines\\lwf\\seed_789', 'log_dir': 'F:\\Temp\\cf\\Catastrophic Forgetting\\research_v2\\results\\runs\\epoch_1\\permuted_mnist\\baselines\\lwf\\seed_789\\logs', 'metrics_dir': 'F:\\Temp\\cf\\Catastrophic Forgetting\\research_v2\\results\\runs\\epoch_1\\permuted_mnist\\baselines\\lwf\\seed_789\\metrics', 'checkpoint_dir': 'F:\\Temp\\cf\\Catastrophic Forgetting\\research_v2\\results\\runs\\epoch_1\\permuted_mnist\\baselines\\lwf\\seed_789\\checkpoints', 'artifact_dir': 'F:\\Temp\\cf\\Catastrophic Forgetting\\research_v2\\results\\runs\\epoch_1\\permuted_mnist\\baselines\\lwf\\seed_789\\artifacts', 'figure_dir': 'F:\\Temp\\cf\\Catastrophic Forgetting\\research_v2\\results\\figures\\epoch_1\\permuted_mnist\\baselines\\lwf\\seed_789'}
[14:58:29] Device: cuda
[14:58:29] Dataset: PermutedMNIST(tasks=10, classes_per_task=10, scenario=domain-il)
[14:58:29] 
============================================================
 Task 1/10  | Classes (0, 10)
============================================================
[14:58:29] Task 0 baseline (chance): 10.00%
[14:58:57] task=0  epoch=0  train_loss=0.2722
[14:59:04] task=0  epoch=END  time_sec=27.8  acc_task0=96.09
[14:59:04] 
============================================================
 Task 2/10  | Classes (0, 10)
============================================================
[14:59:04] Task 1 baseline (chance): 10.00%
[14:59:12] Task 1 zero-shot (pre-train): 13.37%
[14:59:45] task=1  epoch=0  train_loss=1.3683
[15:00:02] task=1  epoch=END  time_sec=33.0  acc_task0=86.29  acc_task1=94.65
[15:00:02] 
============================================================
 Task 3/10  | Classes (0, 10)
============================================================
[15:00:02] Task 2 baseline (chance): 10.00%
[15:00:10] Task 2 zero-shot (pre-train): 11.40%
[15:00:43] task=2  epoch=0  train_loss=1.1832
[15:01:06] task=2  epoch=END  time_sec=32.8  acc_task0=63.75  acc_task1=85.04  acc_task2=96.84
[15:01:06] 
============================================================
 Task 4/10  | Classes (0, 10)
============================================================
[15:01:07] Task 3 baseline (chance): 10.00%
[15:01:14] Task 3 zero-shot (pre-train): 10.22%
[15:01:48] task=3  epoch=0  train_loss=1.1821
[15:02:18] task=3  epoch=END  time_sec=33.6  acc_task0=25.0  acc_task1=29.53  acc_task2=68.51  acc_task3=96.11
[15:02:18] 
============================================================
 Task 5/10  | Classes (0, 10)
============================================================
[15:02:18] Task 4 baseline (chance): 10.00%
[15:02:25] Task 4 zero-shot (pre-train): 10.53%
[15:02:58] task=4  epoch=0  train_loss=1.1897
[15:03:35] task=4  epoch=END  time_sec=32.8  acc_task0=19.87  acc_task1=18.21  acc_task2=31.93  acc_task3=72.32  acc_task4=96.35
[15:03:35] 
============================================================
 Task 6/10  | Classes (0, 10)
============================================================
[15:03:35] Task 5 baseline (chance): 10.00%
[15:03:43] Task 5 zero-shot (pre-train): 10.64%
[15:04:16] task=5  epoch=0  train_loss=1.2027
[15:05:00] task=5  epoch=END  time_sec=32.8  acc_task0=17.41  acc_task1=13.59  acc_task2=18.55  acc_task3=30.81  acc_task4=73.81  acc_task5=96.44
[15:05:00] 
============================================================
 Task 7/10  | Classes (0, 10)
============================================================
[15:05:00] Task 6 baseline (chance): 10.00%
[15:05:08] Task 6 zero-shot (pre-train): 12.36%
[15:05:41] task=6  epoch=0  train_loss=1.1916
[15:06:33] task=6  epoch=END  time_sec=33.0  acc_task0=10.34  acc_task1=12.68  acc_task2=12.77  acc_task3=22.63  acc_task4=38.69  acc_task5=67.0  acc_task6=97.17
[15:06:33] 
============================================================
 Task 8/10  | Classes (0, 10)
============================================================
[15:06:33] Task 7 baseline (chance): 10.00%
[15:06:41] Task 7 zero-shot (pre-train): 12.88%
[15:07:14] task=7  epoch=0  train_loss=1.2047
[15:08:13] task=7  epoch=END  time_sec=33.0  acc_task0=9.2  acc_task1=10.54  acc_task2=10.13  acc_task3=18.47  acc_task4=24.96  acc_task5=32.19  acc_task6=78.32  acc_task7=96.31
[15:08:13] 
============================================================
 Task 9/10  | Classes (0, 10)
============================================================
[15:08:13] Task 8 baseline (chance): 10.00%
[15:08:20] Task 8 zero-shot (pre-train): 11.47%
[15:08:53] task=8  epoch=0  train_loss=1.1951
[15:09:59] task=8  epoch=END  time_sec=32.3  acc_task0=9.56  acc_task1=11.17  acc_task2=10.38  acc_task3=15.51  acc_task4=17.62  acc_task5=24.27  acc_task6=36.87  acc_task7=75.51  acc_task8=97.1
[15:09:59] 
============================================================
 Task 10/10  | Classes (0, 10)
============================================================
[15:10:00] Task 9 baseline (chance): 10.00%
[15:10:07] Task 9 zero-shot (pre-train): 9.29%
[15:10:41] task=9  epoch=0  train_loss=1.1815
[15:11:55] task=9  epoch=END  time_sec=33.8  acc_task0=8.11  acc_task1=10.7  acc_task2=10.66  acc_task3=14.79  acc_task4=15.71  acc_task5=20.21  acc_task6=19.97  acc_task7=35.39  acc_task8=82.17  acc_task9=96.69
[15:11:55] 
Final Metrics:
  avg_accuracy         +31.4400
  forgetting           +72.1500
  backward_transfer    -72.1500
  forward_transfer     +1.3511
[15:11:56] 
Done - run: permuted_mnist_lwf_seed789
[15:11:56] Metrics: {'avg_accuracy': 31.44, 'forgetting': 72.15, 'backward_transfer': -72.15, 'forward_transfer': 1.3511}
[15:11:56] Deleted 10 checkpoint(s) after successful completion.
