[23:41:38] Starting: permuted_mnist_si_der_ntasks10_seed1024
[23:41:38] Config: {'dataset': 'permuted_mnist', 'data_root': 'Project/data_local', 'model': 'resnet8', 'pretrained': False, 'method': 'si_der', 'n_epochs': 1, 'batch_size': 32, 'num_workers': 0, 'lr': 0.03, 'momentum': 0.9, 'weight_decay': 0.0001, 'fp16': False, 'buffer_size': 200, 'ewc_lambda': 100.0, 'fisher_samples': 200, 'si_lambda': 1.0, 'si_xi': 0.1, 'der_alpha': 0.5, 'xder_beta': 0.5, 'lwf_lambda': 1.0, 'lwf_temp': 2.0, 'icarl_distill_w': 1.0, 'icarl_temp': 2.0, 'use_nmc': True, 'agem_mem_batch': 64, 'distill_lambda': 1.0, 'distill_temp': 2.0, 'pc_distill_w': 1.0, 'pc_ewc_lambda': 100.0, 'pc_compress_epochs': 3, 'er_replay_ratio': 0.5, 'joint_replay_epochs': 1, 'disable_tqdm': True, 'disable_checkpoints': True, 'disable_plots': True, 'seeds': [42, 123, 456, 789, 1024], 'results_root': 'results', 'checkpoint_dir': 'results/checkpoints', 'figure_dir': 'results/figures', 'log_dir': 'results/raw', 'n_tasks': 10, 'run_tag': 'ntasks10', 'run_name': 'permuted_mnist_si_der_ntasks10_seed1024', 'seed': 1024}
[23:41:38] Device: cuda
[23:41:38] Dataset: PermutedMNIST(tasks=10, classes_per_task=10, scenario=domain-il)
[23:41:38] 
============================================================
 Task 1/10  | Classes (0, 10)
============================================================
[23:41:38] Task 0 baseline (chance): 10.00%
[23:42:52] task=0  epoch=0  train_loss=0.4383
[23:42:55] task=0  epoch=END  time_sec=73.7  acc_task0=95.74
[23:42:55] 
============================================================
 Task 2/10  | Classes (0, 10)
============================================================
[23:42:55] Task 1 baseline (chance): 10.00%
[23:42:59] Task 1 zero-shot (pre-train): 7.64%
[23:44:33] task=1  epoch=0  train_loss=0.3527
[23:44:40] task=1  epoch=END  time_sec=93.7  acc_task0=85.77  acc_task1=95.72
[23:44:40] 
============================================================
 Task 3/10  | Classes (0, 10)
============================================================
[23:44:40] Task 2 baseline (chance): 10.00%
[23:44:44] Task 2 zero-shot (pre-train): 9.11%
[23:46:17] task=2  epoch=0  train_loss=0.3728
[23:46:29] task=2  epoch=END  time_sec=93.2  acc_task0=75.1  acc_task1=87.61  acc_task2=95.99
[23:46:29] 
============================================================
 Task 4/10  | Classes (0, 10)
============================================================
[23:46:29] Task 3 baseline (chance): 10.00%
[23:46:32] Task 3 zero-shot (pre-train): 10.69%
[23:48:07] task=3  epoch=0  train_loss=0.3779
[23:48:22] task=3  epoch=END  time_sec=94.4  acc_task0=69.45  acc_task1=79.53  acc_task2=87.1  acc_task3=95.59
[23:48:22] 
============================================================
 Task 5/10  | Classes (0, 10)
============================================================
[23:48:22] Task 4 baseline (chance): 10.00%
[23:48:26] Task 4 zero-shot (pre-train): 19.09%
[23:50:00] task=4  epoch=0  train_loss=0.3823
[23:50:19] task=4  epoch=END  time_sec=94.1  acc_task0=61.41  acc_task1=72.79  acc_task2=80.71  acc_task3=87.2  acc_task4=95.84
[23:50:19] 
============================================================
 Task 6/10  | Classes (0, 10)
============================================================
[23:50:19] Task 5 baseline (chance): 10.00%
[23:50:23] Task 5 zero-shot (pre-train): 7.83%
[23:51:57] task=5  epoch=0  train_loss=0.3982
[23:52:20] task=5  epoch=END  time_sec=93.9  acc_task0=59.14  acc_task1=68.16  acc_task2=72.02  acc_task3=74.51  acc_task4=87.64  acc_task5=95.85
[23:52:20] 
============================================================
 Task 7/10  | Classes (0, 10)
============================================================
[23:52:20] Task 6 baseline (chance): 10.00%
[23:52:24] Task 6 zero-shot (pre-train): 14.88%
[23:53:59] task=6  epoch=0  train_loss=0.3998
[23:54:25] task=6  epoch=END  time_sec=94.7  acc_task0=57.33  acc_task1=63.84  acc_task2=64.77  acc_task3=63.92  acc_task4=76.03  acc_task5=87.51  acc_task6=95.54
[23:54:25] 
============================================================
 Task 8/10  | Classes (0, 10)
============================================================
[23:54:25] Task 7 baseline (chance): 10.00%
[23:54:29] Task 7 zero-shot (pre-train): 11.56%
[23:56:03] task=7  epoch=0  train_loss=0.4055
[23:56:33] task=7  epoch=END  time_sec=93.7  acc_task0=51.67  acc_task1=62.87  acc_task2=60.53  acc_task3=61.71  acc_task4=69.45  acc_task5=78.76  acc_task6=90.15  acc_task7=95.49
[23:56:33] 
============================================================
 Task 9/10  | Classes (0, 10)
============================================================
[23:56:33] Task 8 baseline (chance): 10.00%
[23:56:37] Task 8 zero-shot (pre-train): 14.24%
[23:58:11] task=8  epoch=0  train_loss=0.4099
[23:58:46] task=8  epoch=END  time_sec=94.4  acc_task0=48.61  acc_task1=62.02  acc_task2=60.19  acc_task3=57.12  acc_task4=60.95  acc_task5=65.84  acc_task6=82.43  acc_task7=88.75  acc_task8=95.34
[23:58:46] 
============================================================
 Task 10/10  | Classes (0, 10)
============================================================
[23:58:46] Task 9 baseline (chance): 10.00%
[23:58:49] Task 9 zero-shot (pre-train): 15.33%
[00:00:24] task=9  epoch=0  train_loss=0.4146
[00:01:03] task=9  epoch=END  time_sec=94.5  acc_task0=46.59  acc_task1=60.58  acc_task2=52.52  acc_task3=49.55  acc_task4=51.66  acc_task5=61.71  acc_task6=73.53  acc_task7=76.44  acc_task8=85.99  acc_task9=95.4
[00:01:03] 
Final Metrics:
  avg_accuracy         +65.3970
  forgetting           +33.6144
  backward_transfer    -33.6144
  forward_transfer     +2.2633
[00:01:03] 
Done - run: permuted_mnist_si_der_ntasks10_seed1024
[00:01:03] Metrics: {'avg_accuracy': 65.397, 'forgetting': 33.6144, 'backward_transfer': -33.6144, 'forward_transfer': 2.2633}
