[10:31:25] Starting: split_mini_imagenet_progress_compress_seed42
[10:31:25] Config: {'dataset': 'split_mini_imagenet', 'data_root': 'F:\\Temp\\cf\\Catastrophic Forgetting\\research_v2\\Project\\data_local\\mini-imagenet', 'dataset_image_size': None, 'dataset_out_channels': None, 'model': 'slim_resnet18', 'pretrained': False, 'model_image_size': None, 'method': 'progress_compress', 'n_epochs': 1, 'batch_size': 32, 'num_workers': 0, 'lr': 0.03, 'momentum': 0.9, 'weight_decay': 0.0001, 'fp16': True, 'buffer_size': 200, 'ewc_lambda': 100.0, 'fisher_samples': 200, 'si_lambda': 1.0, 'si_xi': 0.1, 'der_alpha': 0.5, 'xder_beta': 0.5, 'lwf_lambda': 1.0, 'lwf_temp': 2.0, 'icarl_distill_w': 1.0, 'icarl_temp': 2.0, 'use_nmc': True, 'agem_mem_batch': 64, 'distill_lambda': 1.0, 'distill_temp': 2.0, 'pc_distill_w': 1.0, 'pc_ewc_lambda': 100.0, 'pc_compress_epochs': 3, 'er_replay_ratio': 0.5, 'joint_replay_epochs': 1, 'disable_tqdm': True, 'disable_checkpoints': False, 'disable_plots': False, 'resume': True, 'cleanup_checkpoints_on_success': True, 'result_group': 'runs', 'ablation_family': None, 'seeds': [42, 123, 456, 789, 1024], 'results_root': 'F:\\Temp\\cf\\Catastrophic Forgetting\\research_v2\\results', 'seed': 42, 'run_name': 'split_mini_imagenet_progress_compress_seed42', 'project_root': 'F:\\Temp\\cf\\Catastrophic Forgetting\\research_v2\\Project', 'workspace_root': 'F:\\Temp\\cf\\Catastrophic Forgetting\\research_v2', 'run_root': 'F:\\Temp\\cf\\Catastrophic Forgetting\\research_v2\\results\\runs\\epoch_1\\split_mini_imagenet\\hybrids\\progress_compress\\seed_42', 'log_dir': 'F:\\Temp\\cf\\Catastrophic Forgetting\\research_v2\\results\\runs\\epoch_1\\split_mini_imagenet\\hybrids\\progress_compress\\seed_42\\logs', 'metrics_dir': 'F:\\Temp\\cf\\Catastrophic Forgetting\\research_v2\\results\\runs\\epoch_1\\split_mini_imagenet\\hybrids\\progress_compress\\seed_42\\metrics', 'checkpoint_dir': 'F:\\Temp\\cf\\Catastrophic Forgetting\\research_v2\\results\\runs\\epoch_1\\split_mini_imagenet\\hybrids\\progress_compress\\seed_42\\checkpoints', 'artifact_dir': 'F:\\Temp\\cf\\Catastrophic Forgetting\\research_v2\\results\\runs\\epoch_1\\split_mini_imagenet\\hybrids\\progress_compress\\seed_42\\artifacts', 'figure_dir': 'F:\\Temp\\cf\\Catastrophic Forgetting\\research_v2\\results\\figures\\epoch_1\\split_mini_imagenet\\hybrids\\progress_compress\\seed_42'}
[10:31:25] Device: cuda
[10:31:26] Dataset: SplitMiniImageNet(tasks=20, classes_per_task=5, scenario=class-il)
[10:31:26] 
============================================================
 Task 1/20  | Classes (0, 5)
============================================================
[10:31:26] Task 0 baseline (chance): 20.00%
[10:31:50] task=0  epoch=0  train_loss=1.7988
[10:32:54] task=0  epoch=END  time_sec=23.9  acc_task0=37.5
[10:32:54] 
============================================================
 Task 2/20  | Classes (5, 10)
============================================================
[10:32:54] Task 1 baseline (chance): 10.00%
[10:32:58] Task 1 zero-shot (pre-train): 1.00%
[10:33:21] task=1  epoch=0  train_loss=2.0982
[10:34:33] task=1  epoch=END  time_sec=23.2  acc_task0=0.0  acc_task1=51.83
[10:34:33] 
============================================================
 Task 3/20  | Classes (10, 15)
============================================================
[10:34:33] Task 2 baseline (chance): 6.67%
[10:34:37] Task 2 zero-shot (pre-train): 0.00%
[10:34:58] task=2  epoch=0  train_loss=2.1666
[10:36:06] task=2  epoch=END  time_sec=21.4  acc_task0=0.0  acc_task1=0.0  acc_task2=47.83
[10:36:06] 
============================================================
 Task 4/20  | Classes (15, 20)
============================================================
[10:36:06] Task 3 baseline (chance): 5.00%
[10:36:10] Task 3 zero-shot (pre-train): 0.00%
[10:36:32] task=3  epoch=0  train_loss=2.489
[10:37:42] task=3  epoch=END  time_sec=21.4  acc_task0=0.0  acc_task1=0.0  acc_task2=0.0  acc_task3=35.83
[10:37:42] 
============================================================
 Task 5/20  | Classes (20, 25)
============================================================
[10:37:42] Task 4 baseline (chance): 4.00%
[10:37:46] Task 4 zero-shot (pre-train): 0.00%
[10:38:08] task=4  epoch=0  train_loss=2.6334
[10:39:25] task=4  epoch=END  time_sec=21.6  acc_task0=0.0  acc_task1=0.0  acc_task2=0.0  acc_task3=0.0  acc_task4=45.67
[10:39:25] 
============================================================
 Task 6/20  | Classes (25, 30)
============================================================
[10:39:25] Task 5 baseline (chance): 3.33%
[10:39:29] Task 5 zero-shot (pre-train): 0.00%
[10:39:51] task=5  epoch=0  train_loss=2.6976
[10:41:14] task=5  epoch=END  time_sec=22.4  acc_task0=0.0  acc_task1=0.0  acc_task2=0.0  acc_task3=0.0  acc_task4=0.5  acc_task5=39.83
[10:41:14] 
============================================================
 Task 7/20  | Classes (30, 35)
============================================================
[10:41:14] Task 6 baseline (chance): 2.86%
[10:41:18] Task 6 zero-shot (pre-train): 0.00%
[10:41:39] task=6  epoch=0  train_loss=2.7791
[10:43:01] task=6  epoch=END  time_sec=21.5  acc_task0=0.0  acc_task1=0.0  acc_task2=0.0  acc_task3=0.0  acc_task4=0.0  acc_task5=4.67  acc_task6=47.5
[10:43:01] 
============================================================
 Task 8/20  | Classes (35, 40)
============================================================
[10:43:01] Task 7 baseline (chance): 2.50%
[10:43:06] Task 7 zero-shot (pre-train): 0.00%
[10:43:29] task=7  epoch=0  train_loss=2.9265
[10:44:59] task=7  epoch=END  time_sec=23.4  acc_task0=0.0  acc_task1=0.0  acc_task2=0.0  acc_task3=0.0  acc_task4=0.0  acc_task5=0.0  acc_task6=0.83  acc_task7=42.17
[10:44:59] 
============================================================
 Task 9/20  | Classes (40, 45)
============================================================
[10:44:59] Task 8 baseline (chance): 2.22%
[10:45:04] Task 8 zero-shot (pre-train): 0.00%
[10:45:29] task=8  epoch=0  train_loss=2.8579
[10:47:06] task=8  epoch=END  time_sec=25.1  acc_task0=0.0  acc_task1=0.0  acc_task2=0.0  acc_task3=0.0  acc_task4=0.0  acc_task5=0.0  acc_task6=0.0  acc_task7=0.0  acc_task8=56.17
[10:47:06] 
============================================================
 Task 10/20  | Classes (45, 50)
============================================================
[10:47:06] Task 9 baseline (chance): 2.00%
[10:47:09] Task 9 zero-shot (pre-train): 0.00%
[10:47:30] task=9  epoch=0  train_loss=3.1766
[10:49:02] task=9  epoch=END  time_sec=21.5  acc_task0=0.0  acc_task1=0.0  acc_task2=0.0  acc_task3=0.0  acc_task4=0.0  acc_task5=0.0  acc_task6=0.0  acc_task7=0.0  acc_task8=8.33  acc_task9=35.17
[10:49:02] 
============================================================
 Task 11/20  | Classes (50, 55)
============================================================
[10:49:02] Task 10 baseline (chance): 1.82%
[10:49:06] Task 10 zero-shot (pre-train): 0.00%
[10:49:29] task=10  epoch=0  train_loss=3.1786
[10:51:07] task=10  epoch=END  time_sec=23.2  acc_task0=0.0  acc_task1=0.0  acc_task2=0.0  acc_task3=0.0  acc_task4=0.0  acc_task5=0.0  acc_task6=0.0  acc_task7=0.0  acc_task8=0.0  acc_task9=0.5  acc_task10=37.0
[10:51:08] 
============================================================
 Task 12/20  | Classes (55, 60)
============================================================
[10:51:08] Task 11 baseline (chance): 1.67%
[10:51:11] Task 11 zero-shot (pre-train): 0.00%
[10:51:35] task=11  epoch=0  train_loss=3.1953
[10:53:15] task=11  epoch=END  time_sec=23.2  acc_task0=0.0  acc_task1=0.0  acc_task2=0.0  acc_task3=0.0  acc_task4=0.0  acc_task5=0.0  acc_task6=0.0  acc_task7=0.0  acc_task8=0.0  acc_task9=0.0  acc_task10=1.17  acc_task11=40.0
[10:53:15] 
============================================================
 Task 13/20  | Classes (60, 65)
============================================================
[10:53:15] Task 12 baseline (chance): 1.54%
[10:53:19] Task 12 zero-shot (pre-train): 0.00%
[10:53:41] task=12  epoch=0  train_loss=3.2727
[10:55:22] task=12  epoch=END  time_sec=22.3  acc_task0=0.0  acc_task1=0.0  acc_task2=0.0  acc_task3=0.0  acc_task4=0.0  acc_task5=0.0  acc_task6=0.0  acc_task7=0.0  acc_task8=0.0  acc_task9=0.0  acc_task10=0.0  acc_task11=4.0  acc_task12=36.5
[10:55:22] 
============================================================
 Task 14/20  | Classes (65, 70)
============================================================
[10:55:22] Task 13 baseline (chance): 1.43%
[10:55:26] Task 13 zero-shot (pre-train): 0.00%
[10:55:48] task=13  epoch=0  train_loss=3.2551
[10:57:33] task=13  epoch=END  time_sec=22.5  acc_task0=0.0  acc_task1=0.0  acc_task2=0.0  acc_task3=0.0  acc_task4=0.0  acc_task5=0.0  acc_task6=0.0  acc_task7=0.0  acc_task8=0.0  acc_task9=0.0  acc_task10=0.0  acc_task11=0.0  acc_task12=0.33  acc_task13=41.0
[10:57:33] 
============================================================
 Task 15/20  | Classes (70, 75)
============================================================
[10:57:33] Task 14 baseline (chance): 1.33%
[10:57:37] Task 14 zero-shot (pre-train): 0.00%
[10:57:59] task=14  epoch=0  train_loss=3.239
[10:59:46] task=14  epoch=END  time_sec=21.7  acc_task0=0.0  acc_task1=0.0  acc_task2=0.0  acc_task3=0.0  acc_task4=0.0  acc_task5=0.0  acc_task6=0.0  acc_task7=0.0  acc_task8=0.0  acc_task9=0.0  acc_task10=0.0  acc_task11=0.0  acc_task12=0.0  acc_task13=2.17  acc_task14=55.83
[10:59:46] 
============================================================
 Task 16/20  | Classes (75, 80)
============================================================
[10:59:46] Task 15 baseline (chance): 1.25%
[10:59:51] Task 15 zero-shot (pre-train): 0.00%
[11:00:15] task=15  epoch=0  train_loss=3.252
[11:02:11] task=15  epoch=END  time_sec=23.4  acc_task0=0.0  acc_task1=0.0  acc_task2=0.0  acc_task3=0.0  acc_task4=0.0  acc_task5=0.0  acc_task6=0.0  acc_task7=0.0  acc_task8=0.0  acc_task9=0.0  acc_task10=0.0  acc_task11=0.0  acc_task12=0.0  acc_task13=0.17  acc_task14=3.83  acc_task15=50.83
[11:02:11] 
============================================================
 Task 17/20  | Classes (80, 85)
============================================================
[11:02:11] Task 16 baseline (chance): 1.18%
[11:02:15] Task 16 zero-shot (pre-train): 0.00%
[11:02:39] task=16  epoch=0  train_loss=3.2307
[11:04:52] task=16  epoch=END  time_sec=23.4  acc_task0=0.0  acc_task1=0.0  acc_task2=0.0  acc_task3=0.0  acc_task4=0.0  acc_task5=0.0  acc_task6=0.0  acc_task7=0.0  acc_task8=0.0  acc_task9=0.0  acc_task10=0.0  acc_task11=0.0  acc_task12=0.0  acc_task13=0.0  acc_task14=0.0  acc_task15=6.67  acc_task16=49.17
[11:04:52] 
============================================================
 Task 18/20  | Classes (85, 90)
============================================================
[11:04:52] Task 17 baseline (chance): 1.11%
[11:04:56] Task 17 zero-shot (pre-train): 0.00%
[11:05:19] task=17  epoch=0  train_loss=3.4108
[11:07:19] task=17  epoch=END  time_sec=23.2  acc_task0=0.0  acc_task1=0.0  acc_task2=0.0  acc_task3=0.0  acc_task4=0.0  acc_task5=0.0  acc_task6=0.0  acc_task7=0.0  acc_task8=0.0  acc_task9=0.0  acc_task10=0.0  acc_task11=0.0  acc_task12=0.0  acc_task13=0.0  acc_task14=0.0  acc_task15=0.5  acc_task16=11.17  acc_task17=43.67
[11:07:19] 
============================================================
 Task 19/20  | Classes (90, 95)
============================================================
[11:07:19] Task 18 baseline (chance): 1.05%
[11:07:23] Task 18 zero-shot (pre-train): 0.00%
[11:07:50] task=18  epoch=0  train_loss=3.2308
[11:09:55] task=18  epoch=END  time_sec=26.6  acc_task0=0.0  acc_task1=0.0  acc_task2=0.0  acc_task3=0.0  acc_task4=0.0  acc_task5=0.0  acc_task6=0.0  acc_task7=0.0  acc_task8=0.0  acc_task9=0.0  acc_task10=0.0  acc_task11=0.0  acc_task12=0.0  acc_task13=0.0  acc_task14=0.0  acc_task15=0.0  acc_task16=0.17  acc_task17=2.33  acc_task18=56.33
[11:09:55] 
============================================================
 Task 20/20  | Classes (95, 100)
============================================================
[11:09:55] Task 19 baseline (chance): 1.00%
[11:09:59] Task 19 zero-shot (pre-train): 0.00%
[11:10:23] task=19  epoch=0  train_loss=3.1953
[11:12:33] task=19  epoch=END  time_sec=23.7  acc_task0=0.0  acc_task1=0.0  acc_task2=0.0  acc_task3=0.0  acc_task4=0.0  acc_task5=0.0  acc_task6=0.0  acc_task7=0.0  acc_task8=0.0  acc_task9=0.0  acc_task10=0.0  acc_task11=0.0  acc_task12=0.0  acc_task13=0.0  acc_task14=0.0  acc_task15=0.0  acc_task16=0.0  acc_task17=0.0  acc_task18=2.83  acc_task19=52.0
[11:12:34] 
Final Metrics:
  avg_accuracy         +2.7417
  forgetting           +44.5789
  backward_transfer    -44.5789
  forward_transfer     -2.6818
[11:12:35] 
Done - run: split_mini_imagenet_progress_compress_seed42
[11:12:35] Metrics: {'avg_accuracy': 2.7417, 'forgetting': 44.5789, 'backward_transfer': -44.5789, 'forward_transfer': -2.6818}
[11:12:35] Deleted 20 checkpoint(s) after successful completion.
