[00:10:03] Starting: permuted_mnist_si_der_ntasks5_seed123
[00:10:03] Config: {'dataset': 'permuted_mnist', 'data_root': 'Project/data_local', 'model': 'resnet8', 'pretrained': False, 'method': 'si_der', 'n_epochs': 1, 'batch_size': 32, 'num_workers': 0, 'lr': 0.03, 'momentum': 0.9, 'weight_decay': 0.0001, 'fp16': False, 'buffer_size': 200, 'ewc_lambda': 100.0, 'fisher_samples': 200, 'si_lambda': 1.0, 'si_xi': 0.1, 'der_alpha': 0.5, 'xder_beta': 0.5, 'lwf_lambda': 1.0, 'lwf_temp': 2.0, 'icarl_distill_w': 1.0, 'icarl_temp': 2.0, 'use_nmc': True, 'agem_mem_batch': 64, 'distill_lambda': 1.0, 'distill_temp': 2.0, 'pc_distill_w': 1.0, 'pc_ewc_lambda': 100.0, 'pc_compress_epochs': 3, 'er_replay_ratio': 0.5, 'joint_replay_epochs': 1, 'disable_tqdm': True, 'disable_checkpoints': True, 'disable_plots': True, 'seeds': [42, 123, 456, 789, 1024], 'results_root': 'results', 'checkpoint_dir': 'results/checkpoints', 'figure_dir': 'results/figures', 'log_dir': 'results/raw', 'n_tasks': 5, 'run_tag': 'ntasks5', 'run_name': 'permuted_mnist_si_der_ntasks5_seed123', 'seed': 123}
[00:10:03] Device: cuda
[00:10:03] Dataset: PermutedMNIST(tasks=5, classes_per_task=10, scenario=domain-il)
[00:10:03] 
============================================================
 Task 1/5  | Classes (0, 10)
============================================================
[00:10:03] Task 0 baseline (chance): 10.00%
[00:11:16] task=0  epoch=0  train_loss=0.43
[00:11:20] task=0  epoch=END  time_sec=72.6  acc_task0=95.37
[00:11:20] 
============================================================
 Task 2/5  | Classes (0, 10)
============================================================
[00:11:20] Task 1 baseline (chance): 10.00%
[00:11:24] Task 1 zero-shot (pre-train): 6.57%
[00:12:57] task=1  epoch=0  train_loss=0.3462
[00:13:04] task=1  epoch=END  time_sec=93.3  acc_task0=87.82  acc_task1=95.94
[00:13:04] 
============================================================
 Task 3/5  | Classes (0, 10)
============================================================
[00:13:04] Task 2 baseline (chance): 10.00%
[00:13:08] Task 2 zero-shot (pre-train): 9.61%
[00:14:42] task=2  epoch=0  train_loss=0.3644
[00:14:53] task=2  epoch=END  time_sec=94.1  acc_task0=78.93  acc_task1=88.27  acc_task2=96.03
[00:14:53] 
============================================================
 Task 4/5  | Classes (0, 10)
============================================================
[00:14:53] Task 3 baseline (chance): 10.00%
[00:14:57] Task 3 zero-shot (pre-train): 13.25%
[00:16:31] task=3  epoch=0  train_loss=0.3743
[00:16:46] task=3  epoch=END  time_sec=93.4  acc_task0=69.11  acc_task1=81.72  acc_task2=88.05  acc_task3=96.02
[00:16:46] 
============================================================
 Task 5/5  | Classes (0, 10)
============================================================
[00:16:46] Task 4 baseline (chance): 10.00%
[00:16:50] Task 4 zero-shot (pre-train): 8.29%
[00:18:23] task=4  epoch=0  train_loss=0.3832
[00:18:42] task=4  epoch=END  time_sec=93.8  acc_task0=65.75  acc_task1=72.93  acc_task2=80.43  acc_task3=87.58  acc_task4=95.24
[00:18:42] 
Final Metrics:
  avg_accuracy         +80.3860
  forgetting           +19.1675
  backward_transfer    -19.1675
  forward_transfer     -0.5700
[00:18:42] 
Done - run: permuted_mnist_si_der_ntasks5_seed123
[00:18:42] Metrics: {'avg_accuracy': 80.386, 'forgetting': 19.1675, 'backward_transfer': -19.1675, 'forward_transfer': -0.57}
