[13:23:11] Starting: split_mini_imagenet_progress_compress_seed1024
[13:23:11] Config: {'dataset': 'split_mini_imagenet', 'data_root': 'F:\\Temp\\cf\\Catastrophic Forgetting\\research_v2\\Project\\data_local\\mini-imagenet', 'dataset_image_size': None, 'dataset_out_channels': None, 'model': 'slim_resnet18', 'pretrained': False, 'model_image_size': None, 'method': 'progress_compress', 'n_epochs': 1, 'batch_size': 32, 'num_workers': 0, 'lr': 0.03, 'momentum': 0.9, 'weight_decay': 0.0001, 'fp16': True, 'buffer_size': 200, 'ewc_lambda': 100.0, 'fisher_samples': 200, 'si_lambda': 1.0, 'si_xi': 0.1, 'der_alpha': 0.5, 'xder_beta': 0.5, 'lwf_lambda': 1.0, 'lwf_temp': 2.0, 'icarl_distill_w': 1.0, 'icarl_temp': 2.0, 'use_nmc': True, 'agem_mem_batch': 64, 'distill_lambda': 1.0, 'distill_temp': 2.0, 'pc_distill_w': 1.0, 'pc_ewc_lambda': 100.0, 'pc_compress_epochs': 3, 'er_replay_ratio': 0.5, 'joint_replay_epochs': 1, 'disable_tqdm': True, 'disable_checkpoints': False, 'disable_plots': False, 'resume': True, 'cleanup_checkpoints_on_success': True, 'result_group': 'runs', 'ablation_family': None, 'seeds': [42, 123, 456, 789, 1024], 'results_root': 'F:\\Temp\\cf\\Catastrophic Forgetting\\research_v2\\results', 'seed': 1024, 'run_name': 'split_mini_imagenet_progress_compress_seed1024', 'project_root': 'F:\\Temp\\cf\\Catastrophic Forgetting\\research_v2\\Project', 'workspace_root': 'F:\\Temp\\cf\\Catastrophic Forgetting\\research_v2', 'run_root': 'F:\\Temp\\cf\\Catastrophic Forgetting\\research_v2\\results\\runs\\epoch_1\\split_mini_imagenet\\hybrids\\progress_compress\\seed_1024', 'log_dir': 'F:\\Temp\\cf\\Catastrophic Forgetting\\research_v2\\results\\runs\\epoch_1\\split_mini_imagenet\\hybrids\\progress_compress\\seed_1024\\logs', 'metrics_dir': 'F:\\Temp\\cf\\Catastrophic Forgetting\\research_v2\\results\\runs\\epoch_1\\split_mini_imagenet\\hybrids\\progress_compress\\seed_1024\\metrics', 'checkpoint_dir': 'F:\\Temp\\cf\\Catastrophic Forgetting\\research_v2\\results\\runs\\epoch_1\\split_mini_imagenet\\hybrids\\progress_compress\\seed_1024\\checkpoints', 'artifact_dir': 'F:\\Temp\\cf\\Catastrophic Forgetting\\research_v2\\results\\runs\\epoch_1\\split_mini_imagenet\\hybrids\\progress_compress\\seed_1024\\artifacts', 'figure_dir': 'F:\\Temp\\cf\\Catastrophic Forgetting\\research_v2\\results\\figures\\epoch_1\\split_mini_imagenet\\hybrids\\progress_compress\\seed_1024'}
[13:23:11] Device: cuda
[13:23:12] Dataset: SplitMiniImageNet(tasks=20, classes_per_task=5, scenario=class-il)
[13:23:13] 
============================================================
 Task 1/20  | Classes (0, 5)
============================================================
[13:23:13] Task 0 baseline (chance): 20.00%
[13:23:36] task=0  epoch=0  train_loss=1.7475
[13:24:45] task=0  epoch=END  time_sec=23.6  acc_task0=36.17
[13:24:45] 
============================================================
 Task 2/20  | Classes (5, 10)
============================================================
[13:24:45] Task 1 baseline (chance): 10.00%
[13:24:49] Task 1 zero-shot (pre-train): 0.00%
[13:25:13] task=1  epoch=0  train_loss=1.8141
[13:26:30] task=1  epoch=END  time_sec=24.3  acc_task0=0.0  acc_task1=55.67
[13:26:30] 
============================================================
 Task 3/20  | Classes (10, 15)
============================================================
[13:26:30] Task 2 baseline (chance): 6.67%
[13:26:33] Task 2 zero-shot (pre-train): 0.00%
[13:26:55] task=2  epoch=0  train_loss=2.275
[13:28:09] task=2  epoch=END  time_sec=21.9  acc_task0=0.0  acc_task1=0.67  acc_task2=45.67
[13:28:09] 
============================================================
 Task 4/20  | Classes (15, 20)
============================================================
[13:28:09] Task 3 baseline (chance): 5.00%
[13:28:13] Task 3 zero-shot (pre-train): 0.00%
[13:28:36] task=3  epoch=0  train_loss=2.534
[13:29:56] task=3  epoch=END  time_sec=23.0  acc_task0=0.0  acc_task1=0.0  acc_task2=1.5  acc_task3=41.5
[13:29:56] 
============================================================
 Task 5/20  | Classes (20, 25)
============================================================
[13:29:56] Task 4 baseline (chance): 4.00%
[13:30:00] Task 4 zero-shot (pre-train): 0.00%
[13:30:23] task=4  epoch=0  train_loss=2.6306
[13:31:47] task=4  epoch=END  time_sec=23.0  acc_task0=0.0  acc_task1=0.0  acc_task2=0.0  acc_task3=0.0  acc_task4=34.33
[13:31:48] 
============================================================
 Task 6/20  | Classes (25, 30)
============================================================
[13:31:48] Task 5 baseline (chance): 3.33%
[13:31:51] Task 5 zero-shot (pre-train): 0.00%
[13:32:15] task=5  epoch=0  train_loss=2.6918
[13:33:43] task=5  epoch=END  time_sec=23.5  acc_task0=0.0  acc_task1=0.0  acc_task2=0.0  acc_task3=0.0  acc_task4=0.67  acc_task5=51.83
[13:33:43] 
============================================================
 Task 7/20  | Classes (30, 35)
============================================================
[13:33:43] Task 6 baseline (chance): 2.86%
[13:33:47] Task 6 zero-shot (pre-train): 0.00%
[13:34:09] task=6  epoch=0  train_loss=2.881
[13:35:38] task=6  epoch=END  time_sec=22.3  acc_task0=0.0  acc_task1=0.0  acc_task2=0.0  acc_task3=0.0  acc_task4=0.0  acc_task5=2.83  acc_task6=48.33
[13:35:38] 
============================================================
 Task 8/20  | Classes (35, 40)
============================================================
[13:35:38] Task 7 baseline (chance): 2.50%
[13:35:42] Task 7 zero-shot (pre-train): 0.00%
[13:36:06] task=7  epoch=0  train_loss=2.8919
[13:37:43] task=7  epoch=END  time_sec=24.0  acc_task0=0.0  acc_task1=0.0  acc_task2=0.0  acc_task3=0.0  acc_task4=0.0  acc_task5=0.0  acc_task6=1.17  acc_task7=47.0
[13:37:43] 
============================================================
 Task 9/20  | Classes (40, 45)
============================================================
[13:37:43] Task 8 baseline (chance): 2.22%
[13:37:50] Task 8 zero-shot (pre-train): 0.00%
[13:38:27] task=8  epoch=0  train_loss=2.8917
[13:40:11] task=8  epoch=END  time_sec=36.9  acc_task0=0.0  acc_task1=0.0  acc_task2=0.0  acc_task3=0.0  acc_task4=0.0  acc_task5=0.0  acc_task6=0.0  acc_task7=0.33  acc_task8=56.0
[13:40:11] 
============================================================
 Task 10/20  | Classes (45, 50)
============================================================
[13:40:11] Task 9 baseline (chance): 2.00%
[13:40:14] Task 9 zero-shot (pre-train): 0.00%
[13:40:36] task=9  epoch=0  train_loss=3.1664
[13:42:13] task=9  epoch=END  time_sec=22.1  acc_task0=0.0  acc_task1=0.0  acc_task2=0.0  acc_task3=0.0  acc_task4=0.0  acc_task5=0.0  acc_task6=0.0  acc_task7=0.0  acc_task8=4.17  acc_task9=35.83
[13:42:13] 
============================================================
 Task 11/20  | Classes (50, 55)
============================================================
[13:42:13] Task 10 baseline (chance): 1.82%
[13:42:17] Task 10 zero-shot (pre-train): 0.00%
[13:42:41] task=10  epoch=0  train_loss=3.1832
[13:44:28] task=10  epoch=END  time_sec=23.8  acc_task0=0.0  acc_task1=0.0  acc_task2=0.0  acc_task3=0.0  acc_task4=0.0  acc_task5=0.0  acc_task6=0.0  acc_task7=0.0  acc_task8=0.0  acc_task9=0.0  acc_task10=38.67
[13:44:28] 
============================================================
 Task 12/20  | Classes (55, 60)
============================================================
[13:44:28] Task 11 baseline (chance): 1.67%
[13:44:32] Task 11 zero-shot (pre-train): 0.00%
[13:44:56] task=11  epoch=0  train_loss=3.2457
[13:46:43] task=11  epoch=END  time_sec=23.8  acc_task0=0.0  acc_task1=0.0  acc_task2=0.0  acc_task3=0.0  acc_task4=0.0  acc_task5=0.0  acc_task6=0.0  acc_task7=0.0  acc_task8=0.0  acc_task9=0.0  acc_task10=6.17  acc_task11=32.33
[13:46:43] 
============================================================
 Task 13/20  | Classes (60, 65)
============================================================
[13:46:43] Task 12 baseline (chance): 1.54%
[13:46:47] Task 12 zero-shot (pre-train): 0.00%
[13:47:09] task=12  epoch=0  train_loss=3.2351
[13:48:57] task=12  epoch=END  time_sec=22.5  acc_task0=0.0  acc_task1=0.0  acc_task2=0.0  acc_task3=0.0  acc_task4=0.0  acc_task5=0.0  acc_task6=0.0  acc_task7=0.0  acc_task8=0.0  acc_task9=0.0  acc_task10=0.0  acc_task11=0.0  acc_task12=36.33
[13:48:57] 
============================================================
 Task 14/20  | Classes (65, 70)
============================================================
[13:48:57] Task 13 baseline (chance): 1.43%
[13:49:01] Task 13 zero-shot (pre-train): 0.00%
[13:49:24] task=13  epoch=0  train_loss=3.3184
[13:51:18] task=13  epoch=END  time_sec=23.2  acc_task0=0.0  acc_task1=0.0  acc_task2=0.0  acc_task3=0.0  acc_task4=0.0  acc_task5=0.0  acc_task6=0.0  acc_task7=0.0  acc_task8=0.0  acc_task9=0.0  acc_task10=0.0  acc_task11=0.0  acc_task12=5.17  acc_task13=33.83
[13:51:19] 
============================================================
 Task 15/20  | Classes (70, 75)
============================================================
[13:51:19] Task 14 baseline (chance): 1.33%
[13:51:22] Task 14 zero-shot (pre-train): 0.00%
[13:51:45] task=14  epoch=0  train_loss=3.2766
[13:53:40] task=14  epoch=END  time_sec=23.0  acc_task0=0.0  acc_task1=0.0  acc_task2=0.0  acc_task3=0.0  acc_task4=0.0  acc_task5=0.0  acc_task6=0.0  acc_task7=0.0  acc_task8=0.0  acc_task9=0.0  acc_task10=0.0  acc_task11=0.0  acc_task12=2.0  acc_task13=0.0  acc_task14=49.17
[13:53:40] 
============================================================
 Task 16/20  | Classes (75, 80)
============================================================
[13:53:40] Task 15 baseline (chance): 1.25%
[13:53:45] Task 15 zero-shot (pre-train): 0.00%
[13:54:09] task=15  epoch=0  train_loss=3.2171
[13:56:20] task=15  epoch=END  time_sec=24.3  acc_task0=0.0  acc_task1=0.0  acc_task2=0.0  acc_task3=0.0  acc_task4=0.0  acc_task5=0.0  acc_task6=0.0  acc_task7=0.0  acc_task8=0.0  acc_task9=0.0  acc_task10=0.0  acc_task11=0.0  acc_task12=0.0  acc_task13=0.0  acc_task14=3.5  acc_task15=54.83
[13:56:20] 
============================================================
 Task 17/20  | Classes (80, 85)
============================================================
[13:56:20] Task 16 baseline (chance): 1.18%
[13:56:24] Task 16 zero-shot (pre-train): 0.00%
[13:56:48] task=16  epoch=0  train_loss=3.2789
[13:58:54] task=16  epoch=END  time_sec=24.5  acc_task0=0.0  acc_task1=0.0  acc_task2=0.0  acc_task3=0.0  acc_task4=0.0  acc_task5=0.0  acc_task6=0.0  acc_task7=0.0  acc_task8=0.0  acc_task9=0.0  acc_task10=0.0  acc_task11=0.0  acc_task12=0.0  acc_task13=0.0  acc_task14=0.0  acc_task15=3.17  acc_task16=46.67
[13:58:54] 
============================================================
 Task 18/20  | Classes (85, 90)
============================================================
[13:58:54] Task 17 baseline (chance): 1.11%
[13:58:58] Task 17 zero-shot (pre-train): 0.00%
[13:59:22] task=17  epoch=0  train_loss=3.4009
[14:01:30] task=17  epoch=END  time_sec=24.0  acc_task0=0.0  acc_task1=0.0  acc_task2=0.0  acc_task3=0.0  acc_task4=0.0  acc_task5=0.0  acc_task6=0.0  acc_task7=0.0  acc_task8=0.0  acc_task9=0.0  acc_task10=0.0  acc_task11=0.0  acc_task12=0.0  acc_task13=0.0  acc_task14=0.0  acc_task15=0.0  acc_task16=1.0  acc_task17=39.0
[14:01:30] 
============================================================
 Task 19/20  | Classes (90, 95)
============================================================
[14:01:30] Task 18 baseline (chance): 1.05%
[14:01:34] Task 18 zero-shot (pre-train): 0.00%
[14:01:58] task=18  epoch=0  train_loss=3.3167
[14:04:23] task=18  epoch=END  time_sec=23.8  acc_task0=0.0  acc_task1=0.0  acc_task2=0.0  acc_task3=0.0  acc_task4=0.0  acc_task5=0.0  acc_task6=0.0  acc_task7=0.0  acc_task8=0.0  acc_task9=0.0  acc_task10=0.0  acc_task11=0.0  acc_task12=0.0  acc_task13=0.0  acc_task14=0.0  acc_task15=0.0  acc_task16=0.0  acc_task17=2.5  acc_task18=43.0
[14:04:23] 
============================================================
 Task 20/20  | Classes (95, 100)
============================================================
[14:04:23] Task 19 baseline (chance): 1.00%
[14:04:27] Task 19 zero-shot (pre-train): 0.00%
[14:04:52] task=19  epoch=0  train_loss=3.3017
[14:07:19] task=19  epoch=END  time_sec=24.6  acc_task0=0.0  acc_task1=0.0  acc_task2=0.0  acc_task3=0.0  acc_task4=0.0  acc_task5=0.0  acc_task6=0.0  acc_task7=0.0  acc_task8=0.0  acc_task9=0.0  acc_task10=0.0  acc_task11=0.0  acc_task12=0.0  acc_task13=0.0  acc_task14=0.0  acc_task15=0.0  acc_task16=0.0  acc_task17=0.0  acc_task18=0.17  acc_task19=51.83
[14:07:19] 
Final Metrics:
  avg_accuracy         +2.6000
  forgetting           +43.4737
  backward_transfer    -43.4737
  forward_transfer     -2.7345
[14:07:21] 
Done - run: split_mini_imagenet_progress_compress_seed1024
[14:07:21] Metrics: {'avg_accuracy': 2.6, 'forgetting': 43.4737, 'backward_transfer': -43.4737, 'forward_transfer': -2.7345}
[14:07:21] Deleted 20 checkpoint(s) after successful completion.
