[17:20:45] Starting: split_cifar10_ewc_lambda100_seed456
[17:20:45] Config: {'dataset': 'split_cifar10', 'data_root': 'Project/data_local', 'model': 'slim_resnet18', 'pretrained': False, 'method': 'ewc', 'n_epochs': 1, 'batch_size': 32, 'num_workers': 0, 'lr': 0.03, 'momentum': 0.9, 'weight_decay': 0.0001, 'fp16': False, 'buffer_size': 200, 'ewc_lambda': 100.0, 'fisher_samples': 200, 'si_lambda': 1.0, 'si_xi': 0.1, 'der_alpha': 0.5, 'xder_beta': 0.5, 'lwf_lambda': 1.0, 'lwf_temp': 2.0, 'icarl_distill_w': 1.0, 'icarl_temp': 2.0, 'use_nmc': True, 'agem_mem_batch': 64, 'distill_lambda': 1.0, 'distill_temp': 2.0, 'pc_distill_w': 1.0, 'pc_ewc_lambda': 100.0, 'pc_compress_epochs': 3, 'er_replay_ratio': 0.5, 'joint_replay_epochs': 1, 'disable_tqdm': True, 'disable_checkpoints': True, 'disable_plots': True, 'seeds': [42, 123, 456, 789, 1024], 'results_root': 'results_phase3_ablations', 'checkpoint_dir': 'results/checkpoints', 'figure_dir': 'results_phase3_ablations\\figures', 'log_dir': 'results_phase3_ablations\\raw', 'run_tag': 'lambda100', 'run_name': 'split_cifar10_ewc_lambda100_seed456', 'seed': 456}
[17:20:45] Device: cuda
[17:20:47] Dataset: SplitCIFAR10(tasks=5, classes_per_task=2, scenario=class-il)
[17:20:47] 
============================================================
 Task 1/5  | Classes (0, 2)
============================================================
[17:20:47] Task 0 baseline (chance): 50.00%
[17:20:59] task=0  epoch=0  train_loss=0.5418
[17:21:00] task=0  epoch=END  time_sec=11.9  acc_task0=87.15
[17:21:00] 
============================================================
 Task 2/5  | Classes (2, 4)
============================================================
[17:21:00] Task 1 baseline (chance): 25.00%
[17:21:01] Task 1 zero-shot (pre-train): 4.00%
[17:21:20] task=1  epoch=0  train_loss=0.6283
[17:21:22] task=1  epoch=END  time_sec=19.4  acc_task0=0.0  acc_task1=73.2
[17:21:22] 
============================================================
 Task 3/5  | Classes (4, 6)
============================================================
[17:21:22] Task 2 baseline (chance): 16.67%
[17:21:23] Task 2 zero-shot (pre-train): 0.00%
[17:21:51] task=2  epoch=0  train_loss=0.6252
[17:21:54] task=2  epoch=END  time_sec=28.1  acc_task0=0.0  acc_task1=0.0  acc_task2=79.85
[17:21:54] 
============================================================
 Task 4/5  | Classes (6, 8)
============================================================
[17:21:54] Task 3 baseline (chance): 12.50%
[17:21:55] Task 3 zero-shot (pre-train): 0.00%
[17:22:32] task=3  epoch=0  train_loss=0.6436
[17:22:35] task=3  epoch=END  time_sec=36.4  acc_task0=0.0  acc_task1=0.0  acc_task2=0.0  acc_task3=86.4
[17:22:35] 
============================================================
 Task 5/5  | Classes (8, 10)
============================================================
[17:22:35] Task 4 baseline (chance): 10.00%
[17:22:36] Task 4 zero-shot (pre-train): 0.00%
[17:23:21] task=4  epoch=0  train_loss=0.7404
[17:23:25] task=4  epoch=END  time_sec=44.3  acc_task0=0.0  acc_task1=0.0  acc_task2=0.0  acc_task3=0.0  acc_task4=82.4
[17:23:25] 
Final Metrics:
  avg_accuracy         +16.4800
  forgetting           +81.6500
  backward_transfer    -81.6500
  forward_transfer     -15.0417
[17:23:25] 
Done - run: split_cifar10_ewc_lambda100_seed456
[17:23:25] Metrics: {'avg_accuracy': 16.48, 'forgetting': 81.65, 'backward_transfer': -81.65, 'forward_transfer': -15.0417}
