[01:40:01] Starting: split_cifar100_lwf_seed456
[01:40:01] Config: {'dataset': 'split_cifar100', 'data_root': 'Project/data_local', 'model': 'slim_resnet18', 'pretrained': False, 'method': 'lwf', 'n_epochs': 1, 'batch_size': 32, 'num_workers': 0, 'lr': 0.03, 'momentum': 0.9, 'weight_decay': 0.0001, 'fp16': True, 'buffer_size': 200, 'ewc_lambda': 100.0, 'fisher_samples': 200, 'si_lambda': 1.0, 'si_xi': 0.1, 'der_alpha': 0.5, 'xder_beta': 0.5, 'lwf_lambda': 1.0, 'lwf_temp': 2.0, 'icarl_distill_w': 1.0, 'icarl_temp': 2.0, 'use_nmc': True, 'agem_mem_batch': 64, 'distill_lambda': 1.0, 'distill_temp': 2.0, 'pc_distill_w': 1.0, 'pc_ewc_lambda': 100.0, 'pc_compress_epochs': 3, 'er_replay_ratio': 0.5, 'joint_replay_epochs': 1, 'disable_tqdm': True, 'disable_checkpoints': True, 'disable_plots': True, 'seeds': [42, 123, 456, 789, 1024], 'checkpoint_dir': 'results/checkpoints', 'figure_dir': 'results/figures', 'log_dir': 'results/raw', 'run_name': 'split_cifar100_lwf_seed456', 'seed': 456}
[01:40:01] Device: cuda
[01:40:02] Dataset: SplitCIFAR100(tasks=20, classes_per_task=5, scenario=class-il)
[01:40:02] 
============================================================
 Task 1/20  | Classes (0, 5)
============================================================
[01:40:02] Task 0 baseline (before training): 0.00%
[01:40:05] task=0  epoch=0  train_loss=1.2978
[01:40:06] task=0  epoch=END  time_sec=3.2  acc_task0=39.4
[01:40:06] 
============================================================
 Task 2/20  | Classes (5, 10)
============================================================
[01:40:06] Task 1 baseline (before training): 0.00%
[01:40:09] task=1  epoch=0  train_loss=2.0808
[01:40:10] task=1  epoch=END  time_sec=3.6  acc_task0=0.0  acc_task1=40.4
[01:40:10] 
============================================================
 Task 3/20  | Classes (10, 15)
============================================================
[01:40:10] Task 2 baseline (before training): 0.00%
[01:40:14] task=2  epoch=0  train_loss=1.8823
[01:40:14] task=2  epoch=END  time_sec=3.6  acc_task0=0.0  acc_task1=0.0  acc_task2=43.0
[01:40:14] 
============================================================
 Task 4/20  | Classes (15, 20)
============================================================
[01:40:14] Task 3 baseline (before training): 0.00%
[01:40:18] task=3  epoch=0  train_loss=2.4341
[01:40:19] task=3  epoch=END  time_sec=3.6  acc_task0=0.0  acc_task1=0.0  acc_task2=0.0  acc_task3=47.6
[01:40:19] 
============================================================
 Task 5/20  | Classes (20, 25)
============================================================
[01:40:19] Task 4 baseline (before training): 0.00%
[01:40:22] task=4  epoch=0  train_loss=2.8824
[01:40:23] task=4  epoch=END  time_sec=3.5  acc_task0=0.0  acc_task1=0.0  acc_task2=0.0  acc_task3=0.0  acc_task4=44.2
[01:40:23] 
============================================================
 Task 6/20  | Classes (25, 30)
============================================================
[01:40:23] Task 5 baseline (before training): 0.00%
[01:40:27] task=5  epoch=0  train_loss=3.1042
[01:40:28] task=5  epoch=END  time_sec=3.6  acc_task0=0.0  acc_task1=0.0  acc_task2=0.0  acc_task3=0.0  acc_task4=0.0  acc_task5=22.0
[01:40:28] 
============================================================
 Task 7/20  | Classes (30, 35)
============================================================
[01:40:28] Task 6 baseline (before training): 0.00%
[01:40:32] task=6  epoch=0  train_loss=3.2128
[01:40:33] task=6  epoch=END  time_sec=3.5  acc_task0=0.0  acc_task1=0.0  acc_task2=0.0  acc_task3=0.0  acc_task4=0.0  acc_task5=0.0  acc_task6=42.6
[01:40:33] 
============================================================
 Task 8/20  | Classes (35, 40)
============================================================
[01:40:33] Task 7 baseline (before training): 0.00%
[01:40:37] task=7  epoch=0  train_loss=3.5916
[01:40:38] task=7  epoch=END  time_sec=3.7  acc_task0=0.0  acc_task1=0.0  acc_task2=0.0  acc_task3=0.0  acc_task4=0.0  acc_task5=0.0  acc_task6=0.0  acc_task7=33.6
[01:40:38] 
============================================================
 Task 9/20  | Classes (40, 45)
============================================================
[01:40:38] Task 8 baseline (before training): 0.00%
[01:40:42] task=8  epoch=0  train_loss=3.4966
[01:40:43] task=8  epoch=END  time_sec=3.6  acc_task0=0.0  acc_task1=0.0  acc_task2=0.0  acc_task3=0.0  acc_task4=0.0  acc_task5=0.0  acc_task6=0.0  acc_task7=0.0  acc_task8=38.0
[01:40:43] 
============================================================
 Task 10/20  | Classes (45, 50)
============================================================
[01:40:44] Task 9 baseline (before training): 0.00%
[01:40:47] task=9  epoch=0  train_loss=3.7586
[01:40:49] task=9  epoch=END  time_sec=3.7  acc_task0=0.0  acc_task1=0.0  acc_task2=0.0  acc_task3=0.0  acc_task4=0.0  acc_task5=0.0  acc_task6=0.0  acc_task7=0.0  acc_task8=0.0  acc_task9=39.6
[01:40:49] 
============================================================
 Task 11/20  | Classes (50, 55)
============================================================
[01:40:49] Task 10 baseline (before training): 0.00%
[01:40:53] task=10  epoch=0  train_loss=3.5572
[01:40:55] task=10  epoch=END  time_sec=3.6  acc_task0=0.0  acc_task1=0.0  acc_task2=0.0  acc_task3=0.0  acc_task4=0.0  acc_task5=0.0  acc_task6=0.0  acc_task7=0.0  acc_task8=0.0  acc_task9=0.0  acc_task10=57.6
[01:40:55] 
============================================================
 Task 12/20  | Classes (55, 60)
============================================================
[01:40:55] Task 11 baseline (before training): 0.00%
[01:40:59] task=11  epoch=0  train_loss=4.2104
[01:41:01] task=11  epoch=END  time_sec=3.6  acc_task0=0.0  acc_task1=0.0  acc_task2=0.0  acc_task3=0.0  acc_task4=0.0  acc_task5=0.0  acc_task6=0.0  acc_task7=0.0  acc_task8=0.0  acc_task9=0.0  acc_task10=0.0  acc_task11=39.2
[01:41:01] 
============================================================
 Task 13/20  | Classes (60, 65)
============================================================
[01:41:01] Task 12 baseline (before training): 0.00%
[01:41:04] task=12  epoch=0  train_loss=4.2033
[01:41:07] task=12  epoch=END  time_sec=3.5  acc_task0=0.0  acc_task1=0.0  acc_task2=0.0  acc_task3=0.0  acc_task4=0.0  acc_task5=0.0  acc_task6=0.0  acc_task7=0.0  acc_task8=0.0  acc_task9=0.0  acc_task10=0.0  acc_task11=0.0  acc_task12=55.6
[01:41:07] 
============================================================
 Task 14/20  | Classes (65, 70)
============================================================
[01:41:07] Task 13 baseline (before training): 0.00%
[01:41:11] task=13  epoch=0  train_loss=4.4637
[01:41:13] task=13  epoch=END  time_sec=3.7  acc_task0=0.0  acc_task1=0.0  acc_task2=0.0  acc_task3=0.0  acc_task4=0.0  acc_task5=0.0  acc_task6=0.0  acc_task7=0.0  acc_task8=0.0  acc_task9=0.0  acc_task10=0.0  acc_task11=0.0  acc_task12=0.0  acc_task13=43.4
[01:41:13] 
============================================================
 Task 15/20  | Classes (70, 75)
============================================================
[01:41:13] Task 14 baseline (before training): 0.00%
[01:41:17] task=14  epoch=0  train_loss=4.2371
[01:41:20] task=14  epoch=END  time_sec=3.6  acc_task0=0.0  acc_task1=0.0  acc_task2=0.0  acc_task3=0.0  acc_task4=0.0  acc_task5=0.0  acc_task6=0.0  acc_task7=0.0  acc_task8=0.0  acc_task9=0.0  acc_task10=0.0  acc_task11=0.0  acc_task12=0.0  acc_task13=0.0  acc_task14=56.0
[01:41:20] 
============================================================
 Task 16/20  | Classes (75, 80)
============================================================
[01:41:20] Task 15 baseline (before training): 0.00%
[01:41:23] task=15  epoch=0  train_loss=4.466
[01:41:26] task=15  epoch=END  time_sec=3.6  acc_task0=0.0  acc_task1=0.0  acc_task2=0.0  acc_task3=0.0  acc_task4=0.0  acc_task5=0.0  acc_task6=0.0  acc_task7=0.0  acc_task8=0.0  acc_task9=0.0  acc_task10=0.0  acc_task11=0.0  acc_task12=0.0  acc_task13=0.0  acc_task14=0.0  acc_task15=34.0
[01:41:26] 
============================================================
 Task 17/20  | Classes (80, 85)
============================================================
[01:41:26] Task 16 baseline (before training): 0.00%
[01:41:30] task=16  epoch=0  train_loss=4.2468
[01:41:33] task=16  epoch=END  time_sec=3.7  acc_task0=0.0  acc_task1=0.0  acc_task2=0.0  acc_task3=0.0  acc_task4=0.0  acc_task5=0.0  acc_task6=0.0  acc_task7=0.0  acc_task8=0.0  acc_task9=0.0  acc_task10=0.0  acc_task11=0.0  acc_task12=0.0  acc_task13=0.0  acc_task14=0.0  acc_task15=0.0  acc_task16=45.0
[01:41:33] 
============================================================
 Task 18/20  | Classes (85, 90)
============================================================
[01:41:33] Task 17 baseline (before training): 0.00%
[01:41:37] task=17  epoch=0  train_loss=4.1871
[01:41:40] task=17  epoch=END  time_sec=3.5  acc_task0=0.0  acc_task1=0.0  acc_task2=0.0  acc_task3=0.0  acc_task4=0.0  acc_task5=0.0  acc_task6=0.0  acc_task7=0.0  acc_task8=0.0  acc_task9=0.0  acc_task10=0.0  acc_task11=0.0  acc_task12=0.0  acc_task13=0.0  acc_task14=0.0  acc_task15=0.0  acc_task16=0.0  acc_task17=38.6
[01:41:40] 
============================================================
 Task 19/20  | Classes (90, 95)
============================================================
[01:41:40] Task 18 baseline (before training): 0.00%
[01:41:44] task=18  epoch=0  train_loss=4.4056
[01:41:47] task=18  epoch=END  time_sec=3.6  acc_task0=0.0  acc_task1=0.0  acc_task2=0.0  acc_task3=0.0  acc_task4=0.0  acc_task5=0.0  acc_task6=0.0  acc_task7=0.0  acc_task8=0.0  acc_task9=0.0  acc_task10=0.0  acc_task11=0.0  acc_task12=0.0  acc_task13=0.0  acc_task14=0.0  acc_task15=0.0  acc_task16=0.0  acc_task17=0.0  acc_task18=42.4
[01:41:47] 
============================================================
 Task 20/20  | Classes (95, 100)
============================================================
[01:41:47] Task 19 baseline (before training): 0.00%
[01:41:51] task=19  epoch=0  train_loss=4.5227
[01:41:55] task=19  epoch=END  time_sec=3.6  acc_task0=0.0  acc_task1=0.0  acc_task2=0.0  acc_task3=0.0  acc_task4=0.0  acc_task5=0.0  acc_task6=0.0  acc_task7=0.0  acc_task8=0.0  acc_task9=0.0  acc_task10=0.0  acc_task11=0.0  acc_task12=0.0  acc_task13=0.0  acc_task14=0.0  acc_task15=0.0  acc_task16=0.0  acc_task17=0.0  acc_task18=0.0  acc_task19=51.2
[01:41:55] 
Final Metrics:
  avg_accuracy         +2.5600
  forgetting           +42.2211
  backward_transfer    -42.2211
  forward_transfer     +0.0000
[01:41:55] 
Done - run: split_cifar100_lwf_seed456
[01:41:55] Metrics: {'avg_accuracy': 2.56, 'forgetting': 42.2211, 'backward_transfer': -42.2211, 'forward_transfer': 0.0}
