[10:35:31] Starting: split_cifar10_si_der_nosi_seed123
[10:35:31] Config: {'dataset': 'split_cifar10', 'data_root': 'Project/data_local', 'model': 'slim_resnet18', 'pretrained': False, 'method': 'si_der', 'n_epochs': 1, 'batch_size': 32, 'num_workers': 0, 'lr': 0.03, 'momentum': 0.9, 'weight_decay': 0.0001, 'fp16': False, 'buffer_size': 200, 'ewc_lambda': 100.0, 'fisher_samples': 200, 'si_lambda': 0.0, 'si_xi': 0.1, 'der_alpha': 0.5, 'xder_beta': 0.5, 'lwf_lambda': 1.0, 'lwf_temp': 2.0, 'icarl_distill_w': 1.0, 'icarl_temp': 2.0, 'use_nmc': True, 'agem_mem_batch': 64, 'distill_lambda': 1.0, 'distill_temp': 2.0, 'pc_distill_w': 1.0, 'pc_ewc_lambda': 100.0, 'pc_compress_epochs': 3, 'er_replay_ratio': 0.5, 'joint_replay_epochs': 1, 'disable_tqdm': True, 'disable_checkpoints': True, 'disable_plots': True, 'seeds': [42, 123, 456], 'results_root': 'results_phase3_interactions', 'checkpoint_dir': 'results/checkpoints', 'figure_dir': 'results_phase3_interactions\\figures', 'log_dir': 'results_phase3_interactions\\raw', 'run_tag': 'nosi', 'run_name': 'split_cifar10_si_der_nosi_seed123', 'seed': 123}
[10:35:31] Device: cuda
[10:35:33] Dataset: SplitCIFAR10(tasks=5, classes_per_task=2, scenario=class-il)
[10:35:33] 
============================================================
 Task 1/5  | Classes (0, 2)
============================================================
[10:35:33] Task 0 baseline (chance): 50.00%
[10:36:02] task=0  epoch=0  train_loss=0.9823
[10:36:03] task=0  epoch=END  time_sec=29.3  acc_task0=85.45
[10:36:03] 
============================================================
 Task 2/5  | Classes (2, 4)
============================================================
[10:36:03] Task 1 baseline (chance): 25.00%
[10:36:04] Task 1 zero-shot (pre-train): 8.60%
[10:36:41] task=1  epoch=0  train_loss=0.8337
[10:36:43] task=1  epoch=END  time_sec=37.0  acc_task0=0.0  acc_task1=73.65
[10:36:43] 
============================================================
 Task 3/5  | Classes (4, 6)
============================================================
[10:36:43] Task 2 baseline (chance): 16.67%
[10:36:44] Task 2 zero-shot (pre-train): 0.00%
[10:37:25] task=2  epoch=0  train_loss=0.9333
[10:37:28] task=2  epoch=END  time_sec=41.0  acc_task0=0.0  acc_task1=0.0  acc_task2=79.3
[10:37:28] 
============================================================
 Task 4/5  | Classes (6, 8)
============================================================
[10:37:28] Task 3 baseline (chance): 12.50%
[10:37:29] Task 3 zero-shot (pre-train): 0.00%
[10:38:13] task=3  epoch=0  train_loss=1.0651
[10:38:18] task=3  epoch=END  time_sec=43.8  acc_task0=0.0  acc_task1=0.0  acc_task2=0.0  acc_task3=85.3
[10:38:18] 
============================================================
 Task 5/5  | Classes (8, 10)
============================================================
[10:38:18] Task 4 baseline (chance): 10.00%
[10:38:19] Task 4 zero-shot (pre-train): 0.00%
[10:38:57] task=4  epoch=0  train_loss=1.1415
[10:39:02] task=4  epoch=END  time_sec=38.3  acc_task0=0.0  acc_task1=0.0  acc_task2=0.0  acc_task3=0.0  acc_task4=87.7
[10:39:02] 
Final Metrics:
  avg_accuracy         +17.5400
  forgetting           +80.9250
  backward_transfer    -80.9250
  forward_transfer     -13.8917
[10:39:02] 
Done - run: split_cifar10_si_der_nosi_seed123
[10:39:02] Metrics: {'avg_accuracy': 17.54, 'forgetting': 80.925, 'backward_transfer': -80.925, 'forward_transfer': -13.8917}
