[21:25:37] Starting: split_cifar100_fine_tune_seed42
[21:25:37] Config: {'dataset': 'split_cifar100', 'data_root': 'Project/data', 'model': 'slim_resnet18', 'pretrained': False, 'method': 'fine_tune', 'n_epochs': 1, 'batch_size': 32, 'num_workers': 0, 'lr': 0.03, 'momentum': 0.9, 'weight_decay': 0.0001, 'fp16': True, 'buffer_size': 200, 'ewc_lambda': 100.0, 'fisher_samples': 200, 'si_lambda': 1.0, 'si_xi': 0.1, 'der_alpha': 0.5, 'xder_beta': 0.5, 'lwf_lambda': 1.0, 'lwf_temp': 2.0, 'icarl_distill_w': 1.0, 'icarl_temp': 2.0, 'use_nmc': True, 'agem_mem_batch': 64, 'distill_lambda': 1.0, 'distill_temp': 2.0, 'pc_distill_w': 1.0, 'pc_ewc_lambda': 100.0, 'pc_compress_epochs': 3, 'er_replay_ratio': 0.5, 'joint_replay_epochs': 1, 'disable_tqdm': True, 'seeds': [42, 123, 456, 789, 1024], 'checkpoint_dir': 'results/checkpoints', 'figure_dir': 'results/figures', 'log_dir': 'results/raw', 'run_name': 'split_cifar100_fine_tune_seed42', 'seed': 42}
[21:25:37] Device: cuda
[00:36:04] Starting: split_cifar100_fine_tune_seed42
[00:36:04] Config: {'dataset': 'split_cifar100', 'data_root': 'Project/data_local', 'model': 'slim_resnet18', 'pretrained': False, 'method': 'fine_tune', 'n_epochs': 1, 'batch_size': 32, 'num_workers': 0, 'lr': 0.03, 'momentum': 0.9, 'weight_decay': 0.0001, 'fp16': True, 'buffer_size': 200, 'ewc_lambda': 100.0, 'fisher_samples': 200, 'si_lambda': 1.0, 'si_xi': 0.1, 'der_alpha': 0.5, 'xder_beta': 0.5, 'lwf_lambda': 1.0, 'lwf_temp': 2.0, 'icarl_distill_w': 1.0, 'icarl_temp': 2.0, 'use_nmc': True, 'agem_mem_batch': 64, 'distill_lambda': 1.0, 'distill_temp': 2.0, 'pc_distill_w': 1.0, 'pc_ewc_lambda': 100.0, 'pc_compress_epochs': 3, 'er_replay_ratio': 0.5, 'joint_replay_epochs': 1, 'disable_tqdm': True, 'seeds': [42, 123, 456, 789, 1024], 'checkpoint_dir': 'results/checkpoints', 'figure_dir': 'results/figures', 'log_dir': 'results/raw', 'run_name': 'split_cifar100_fine_tune_seed42', 'seed': 42}
[00:36:04] Device: cuda
[00:36:06] Dataset: SplitCIFAR100(tasks=20, classes_per_task=5, scenario=class-il)
[00:36:06] 
============================================================
 Task 1/20  | Classes (0, 5)
============================================================
[00:36:06] Task 0 baseline (before training): 0.00%
[00:36:09] task=0  epoch=0  train_loss=1.6126
[00:36:09] task=0  epoch=END  time_sec=3.4  acc_task0=48.8
[00:36:09] 
============================================================
 Task 2/20  | Classes (5, 10)
============================================================
[00:36:09] Task 1 baseline (before training): 0.00%
[00:36:12] task=1  epoch=0  train_loss=1.6768
[00:36:12] task=1  epoch=END  time_sec=2.6  acc_task0=0.0  acc_task1=32.4
[00:36:12] 
============================================================
 Task 3/20  | Classes (10, 15)
============================================================
[00:36:12] Task 2 baseline (before training): 0.00%
[00:36:16] task=2  epoch=0  train_loss=1.7123
[00:36:17] task=2  epoch=END  time_sec=3.6  acc_task0=0.0  acc_task1=0.0  acc_task2=45.6
[00:36:17] 
============================================================
 Task 4/20  | Classes (15, 20)
============================================================
[00:36:17] Task 3 baseline (before training): 0.00%
[00:36:21] task=3  epoch=0  train_loss=2.1072
[00:36:22] task=3  epoch=END  time_sec=4.1  acc_task0=0.0  acc_task1=0.0  acc_task2=0.0  acc_task3=34.2
[00:36:22] 
============================================================
 Task 5/20  | Classes (20, 25)
============================================================
[00:36:22] Task 4 baseline (before training): 0.00%
[00:36:25] task=4  epoch=0  train_loss=2.134
[00:36:26] task=4  epoch=END  time_sec=2.7  acc_task0=0.0  acc_task1=0.0  acc_task2=0.0  acc_task3=0.0  acc_task4=24.0
[00:36:26] 
============================================================
 Task 6/20  | Classes (25, 30)
============================================================
[00:36:26] Task 5 baseline (before training): 0.00%
[00:36:29] task=5  epoch=0  train_loss=2.1545
[00:36:29] task=5  epoch=END  time_sec=2.7  acc_task0=0.0  acc_task1=0.0  acc_task2=0.0  acc_task3=0.0  acc_task4=0.0  acc_task5=27.6
[00:36:29] 
============================================================
 Task 7/20  | Classes (30, 35)
============================================================
[00:36:30] Task 6 baseline (before training): 0.00%
[00:36:32] task=6  epoch=0  train_loss=2.1747
[00:36:34] task=6  epoch=END  time_sec=2.8  acc_task0=0.0  acc_task1=0.0  acc_task2=0.0  acc_task3=0.0  acc_task4=0.0  acc_task5=0.0  acc_task6=43.6
[00:36:34] 
============================================================
 Task 8/20  | Classes (35, 40)
============================================================
[00:36:34] Task 7 baseline (before training): 0.00%
[00:36:37] task=7  epoch=0  train_loss=2.101
[00:36:38] task=7  epoch=END  time_sec=2.8  acc_task0=0.0  acc_task1=0.0  acc_task2=0.0  acc_task3=0.0  acc_task4=0.0  acc_task5=0.0  acc_task6=0.0  acc_task7=37.2
[00:36:38] 
============================================================
 Task 9/20  | Classes (40, 45)
============================================================
[00:36:38] Task 8 baseline (before training): 0.00%
[00:36:41] task=8  epoch=0  train_loss=2.3779
[00:36:42] task=8  epoch=END  time_sec=2.7  acc_task0=0.0  acc_task1=0.0  acc_task2=0.0  acc_task3=0.0  acc_task4=0.0  acc_task5=0.0  acc_task6=0.0  acc_task7=0.0  acc_task8=29.8
[00:36:42] 
============================================================
 Task 10/20  | Classes (45, 50)
============================================================
[00:36:42] Task 9 baseline (before training): 0.00%
[00:36:45] task=9  epoch=0  train_loss=2.1239
[00:36:47] task=9  epoch=END  time_sec=2.8  acc_task0=0.0  acc_task1=0.0  acc_task2=0.0  acc_task3=0.0  acc_task4=0.0  acc_task5=0.0  acc_task6=0.0  acc_task7=0.0  acc_task8=0.0  acc_task9=34.0
[00:36:47] 
============================================================
 Task 11/20  | Classes (50, 55)
============================================================
[00:36:47] Task 10 baseline (before training): 0.00%
[00:36:50] task=10  epoch=0  train_loss=2.8759
[00:36:51] task=10  epoch=END  time_sec=2.7  acc_task0=0.0  acc_task1=0.0  acc_task2=0.0  acc_task3=0.0  acc_task4=0.0  acc_task5=0.0  acc_task6=0.0  acc_task7=0.0  acc_task8=0.0  acc_task9=0.0  acc_task10=32.8
[00:36:51] 
============================================================
 Task 12/20  | Classes (55, 60)
============================================================
[00:36:52] Task 11 baseline (before training): 0.00%
[00:36:54] task=11  epoch=0  train_loss=2.4022
[00:36:56] task=11  epoch=END  time_sec=2.8  acc_task0=0.0  acc_task1=0.0  acc_task2=0.0  acc_task3=0.0  acc_task4=0.0  acc_task5=0.0  acc_task6=0.0  acc_task7=0.0  acc_task8=0.0  acc_task9=0.0  acc_task10=0.0  acc_task11=24.6
[00:36:56] 
============================================================
 Task 13/20  | Classes (60, 65)
============================================================
[00:36:56] Task 12 baseline (before training): 0.00%
[00:36:59] task=12  epoch=0  train_loss=2.3337
[00:37:01] task=12  epoch=END  time_sec=2.8  acc_task0=0.0  acc_task1=0.0  acc_task2=0.0  acc_task3=0.0  acc_task4=0.0  acc_task5=0.0  acc_task6=0.0  acc_task7=0.0  acc_task8=0.0  acc_task9=0.0  acc_task10=0.0  acc_task11=0.0  acc_task12=46.6
[00:37:01] 
============================================================
 Task 14/20  | Classes (65, 70)
============================================================
[00:37:02] Task 13 baseline (before training): 0.00%
[00:37:04] task=13  epoch=0  train_loss=2.5134
[00:37:07] task=13  epoch=END  time_sec=2.8  acc_task0=0.0  acc_task1=0.0  acc_task2=0.0  acc_task3=0.0  acc_task4=0.0  acc_task5=0.0  acc_task6=0.0  acc_task7=0.0  acc_task8=0.0  acc_task9=0.0  acc_task10=0.0  acc_task11=0.0  acc_task12=0.0  acc_task13=32.8
[00:37:07] 
============================================================
 Task 15/20  | Classes (70, 75)
============================================================
[00:37:07] Task 14 baseline (before training): 0.00%
[00:37:11] task=14  epoch=0  train_loss=2.3133
[00:37:13] task=14  epoch=END  time_sec=3.9  acc_task0=0.0  acc_task1=0.0  acc_task2=0.0  acc_task3=0.0  acc_task4=0.0  acc_task5=0.0  acc_task6=0.0  acc_task7=0.0  acc_task8=0.0  acc_task9=0.0  acc_task10=0.0  acc_task11=0.0  acc_task12=0.0  acc_task13=0.0  acc_task14=57.8
[00:37:13] 
============================================================
 Task 16/20  | Classes (75, 80)
============================================================
[00:37:13] Task 15 baseline (before training): 0.00%
[00:37:16] task=15  epoch=0  train_loss=2.7109
[00:37:19] task=15  epoch=END  time_sec=2.8  acc_task0=0.0  acc_task1=0.0  acc_task2=0.0  acc_task3=0.0  acc_task4=0.0  acc_task5=0.0  acc_task6=0.0  acc_task7=0.0  acc_task8=0.0  acc_task9=0.0  acc_task10=0.0  acc_task11=0.0  acc_task12=0.0  acc_task13=0.0  acc_task14=0.0  acc_task15=40.0
[00:37:19] 
============================================================
 Task 17/20  | Classes (80, 85)
============================================================
[00:37:19] Task 16 baseline (before training): 0.00%
[00:37:22] task=16  epoch=0  train_loss=2.1631
[00:37:24] task=16  epoch=END  time_sec=2.8  acc_task0=0.0  acc_task1=0.0  acc_task2=0.0  acc_task3=0.0  acc_task4=0.0  acc_task5=0.0  acc_task6=0.0  acc_task7=0.0  acc_task8=0.0  acc_task9=0.0  acc_task10=0.0  acc_task11=0.0  acc_task12=0.0  acc_task13=0.0  acc_task14=0.0  acc_task15=0.0  acc_task16=49.8
[00:37:25] 
============================================================
 Task 18/20  | Classes (85, 90)
============================================================
[00:37:25] Task 17 baseline (before training): 0.00%
[00:37:28] task=17  epoch=0  train_loss=2.8062
[00:37:30] task=17  epoch=END  time_sec=2.8  acc_task0=0.0  acc_task1=0.0  acc_task2=0.0  acc_task3=0.0  acc_task4=0.0  acc_task5=0.0  acc_task6=0.0  acc_task7=0.0  acc_task8=0.0  acc_task9=0.0  acc_task10=0.0  acc_task11=0.0  acc_task12=0.0  acc_task13=0.0  acc_task14=0.0  acc_task15=0.0  acc_task16=0.0  acc_task17=38.0
[00:37:30] 
============================================================
 Task 19/20  | Classes (90, 95)
============================================================
[00:37:31] Task 18 baseline (before training): 0.00%
[00:37:34] task=18  epoch=0  train_loss=2.2889
[00:37:37] task=18  epoch=END  time_sec=2.9  acc_task0=0.0  acc_task1=0.0  acc_task2=0.0  acc_task3=0.0  acc_task4=0.0  acc_task5=0.0  acc_task6=0.0  acc_task7=0.0  acc_task8=0.0  acc_task9=0.0  acc_task10=0.0  acc_task11=0.0  acc_task12=0.0  acc_task13=0.0  acc_task14=0.0  acc_task15=0.0  acc_task16=0.0  acc_task17=0.0  acc_task18=47.2
[00:37:37] 
============================================================
 Task 20/20  | Classes (95, 100)
============================================================
[00:37:37] Task 19 baseline (before training): 0.00%
[00:37:40] task=19  epoch=0  train_loss=2.8153
[00:37:43] task=19  epoch=END  time_sec=2.8  acc_task0=0.0  acc_task1=0.0  acc_task2=0.0  acc_task3=0.0  acc_task4=0.0  acc_task5=0.0  acc_task6=0.0  acc_task7=0.0  acc_task8=0.0  acc_task9=0.0  acc_task10=0.0  acc_task11=0.0  acc_task12=0.0  acc_task13=0.0  acc_task14=0.0  acc_task15=0.0  acc_task16=0.0  acc_task17=0.0  acc_task18=0.0  acc_task19=48.0
[00:37:43] 
Final Metrics:
  avg_accuracy         +2.4000
  forgetting           +38.2526
  backward_transfer    -38.2526
  forward_transfer     +0.0000
[00:37:44] 
Done - run: split_cifar100_fine_tune_seed42
[00:37:44] Metrics: {'avg_accuracy': 2.4, 'forgetting': 38.2526, 'backward_transfer': -38.2526, 'forward_transfer': 0.0}
