[00:37:44] Starting: split_cifar100_fine_tune_seed123
[00:37:44] Config: {'dataset': 'split_cifar100', 'data_root': 'Project/data_local', 'model': 'slim_resnet18', 'pretrained': False, 'method': 'fine_tune', 'n_epochs': 1, 'batch_size': 32, 'num_workers': 0, 'lr': 0.03, 'momentum': 0.9, 'weight_decay': 0.0001, 'fp16': True, 'buffer_size': 200, 'ewc_lambda': 100.0, 'fisher_samples': 200, 'si_lambda': 1.0, 'si_xi': 0.1, 'der_alpha': 0.5, 'xder_beta': 0.5, 'lwf_lambda': 1.0, 'lwf_temp': 2.0, 'icarl_distill_w': 1.0, 'icarl_temp': 2.0, 'use_nmc': True, 'agem_mem_batch': 64, 'distill_lambda': 1.0, 'distill_temp': 2.0, 'pc_distill_w': 1.0, 'pc_ewc_lambda': 100.0, 'pc_compress_epochs': 3, 'er_replay_ratio': 0.5, 'joint_replay_epochs': 1, 'disable_tqdm': True, 'seeds': [42, 123, 456, 789, 1024], 'checkpoint_dir': 'results/checkpoints', 'figure_dir': 'results/figures', 'log_dir': 'results/raw', 'run_name': 'split_cifar100_fine_tune_seed123', 'seed': 123}
[00:37:44] Device: cuda
[00:37:45] Dataset: SplitCIFAR100(tasks=20, classes_per_task=5, scenario=class-il)
[00:37:45] 
============================================================
 Task 1/20  | Classes (0, 5)
============================================================
[00:37:45] Task 0 baseline (before training): 0.00%
[00:37:48] task=0  epoch=0  train_loss=1.3618
[00:37:48] task=0  epoch=END  time_sec=3.0  acc_task0=47.4
[00:37:48] 
============================================================
 Task 2/20  | Classes (5, 10)
============================================================
[00:37:48] Task 1 baseline (before training): 0.00%
[00:37:51] task=1  epoch=0  train_loss=1.7242
[00:37:52] task=1  epoch=END  time_sec=2.9  acc_task0=0.0  acc_task1=40.0
[00:37:52] 
============================================================
 Task 3/20  | Classes (10, 15)
============================================================
[00:37:52] Task 2 baseline (before training): 0.00%
[00:37:55] task=2  epoch=0  train_loss=1.7667
[00:37:56] task=2  epoch=END  time_sec=3.4  acc_task0=0.0  acc_task1=0.0  acc_task2=41.0
[00:37:56] 
============================================================
 Task 4/20  | Classes (15, 20)
============================================================
[00:37:56] Task 3 baseline (before training): 0.00%
[00:38:00] task=3  epoch=0  train_loss=2.135
[00:38:00] task=3  epoch=END  time_sec=3.3  acc_task0=0.0  acc_task1=0.0  acc_task2=0.0  acc_task3=43.2
[00:38:00] 
============================================================
 Task 5/20  | Classes (20, 25)
============================================================
[00:38:00] Task 4 baseline (before training): 0.00%
[00:38:03] task=4  epoch=0  train_loss=2.0515
[00:38:04] task=4  epoch=END  time_sec=2.9  acc_task0=0.0  acc_task1=0.0  acc_task2=0.0  acc_task3=0.0  acc_task4=34.4
[00:38:04] 
============================================================
 Task 6/20  | Classes (25, 30)
============================================================
[00:38:04] Task 5 baseline (before training): 0.00%
[00:38:07] task=5  epoch=0  train_loss=2.2714
[00:38:08] task=5  epoch=END  time_sec=2.8  acc_task0=0.0  acc_task1=0.0  acc_task2=0.0  acc_task3=0.0  acc_task4=0.0  acc_task5=20.6
[00:38:08] 
============================================================
 Task 7/20  | Classes (30, 35)
============================================================
[00:38:08] Task 6 baseline (before training): 0.00%
[00:38:11] task=6  epoch=0  train_loss=2.1042
[00:38:12] task=6  epoch=END  time_sec=2.9  acc_task0=0.0  acc_task1=0.0  acc_task2=0.0  acc_task3=0.0  acc_task4=0.0  acc_task5=0.0  acc_task6=36.2
[00:38:12] 
============================================================
 Task 8/20  | Classes (35, 40)
============================================================
[00:38:12] Task 7 baseline (before training): 0.00%
[00:38:15] task=7  epoch=0  train_loss=2.5788
[00:38:17] task=7  epoch=END  time_sec=2.9  acc_task0=0.0  acc_task1=0.0  acc_task2=0.0  acc_task3=0.0  acc_task4=0.0  acc_task5=0.0  acc_task6=0.0  acc_task7=23.0
[00:38:17] 
============================================================
 Task 9/20  | Classes (40, 45)
============================================================
[00:38:17] Task 8 baseline (before training): 0.00%
[00:38:20] task=8  epoch=0  train_loss=2.2118
[00:38:21] task=8  epoch=END  time_sec=2.9  acc_task0=0.0  acc_task1=0.0  acc_task2=0.0  acc_task3=0.0  acc_task4=0.0  acc_task5=0.0  acc_task6=0.0  acc_task7=0.0  acc_task8=24.0
[00:38:21] 
============================================================
 Task 10/20  | Classes (45, 50)
============================================================
[00:38:21] Task 9 baseline (before training): 0.00%
[00:38:24] task=9  epoch=0  train_loss=2.9321
[00:38:26] task=9  epoch=END  time_sec=2.8  acc_task0=0.0  acc_task1=0.0  acc_task2=0.0  acc_task3=0.0  acc_task4=0.0  acc_task5=0.0  acc_task6=0.0  acc_task7=0.0  acc_task8=0.0  acc_task9=33.6
[00:38:26] 
============================================================
 Task 11/20  | Classes (50, 55)
============================================================
[00:38:26] Task 10 baseline (before training): 0.00%
[00:38:29] task=10  epoch=0  train_loss=2.5796
[00:38:31] task=10  epoch=END  time_sec=2.9  acc_task0=0.0  acc_task1=0.0  acc_task2=0.0  acc_task3=0.0  acc_task4=0.0  acc_task5=0.0  acc_task6=0.0  acc_task7=0.0  acc_task8=0.0  acc_task9=0.0  acc_task10=48.2
[00:38:31] 
============================================================
 Task 12/20  | Classes (55, 60)
============================================================
[00:38:31] Task 11 baseline (before training): 0.00%
[00:38:34] task=11  epoch=0  train_loss=2.2717
[00:38:36] task=11  epoch=END  time_sec=2.8  acc_task0=0.0  acc_task1=0.0  acc_task2=0.0  acc_task3=0.0  acc_task4=0.0  acc_task5=0.0  acc_task6=0.0  acc_task7=0.0  acc_task8=0.0  acc_task9=0.0  acc_task10=0.0  acc_task11=35.6
[00:38:36] 
============================================================
 Task 13/20  | Classes (60, 65)
============================================================
[00:38:36] Task 12 baseline (before training): 0.00%
[00:38:39] task=12  epoch=0  train_loss=2.3962
[00:38:41] task=12  epoch=END  time_sec=2.9  acc_task0=0.0  acc_task1=0.0  acc_task2=0.0  acc_task3=0.0  acc_task4=0.0  acc_task5=0.0  acc_task6=0.0  acc_task7=0.0  acc_task8=0.0  acc_task9=0.0  acc_task10=0.0  acc_task11=0.0  acc_task12=41.8
[00:38:41] 
============================================================
 Task 14/20  | Classes (65, 70)
============================================================
[00:38:41] Task 13 baseline (before training): 0.00%
[00:38:44] task=13  epoch=0  train_loss=2.4286
[00:38:46] task=13  epoch=END  time_sec=2.9  acc_task0=0.0  acc_task1=0.0  acc_task2=0.0  acc_task3=0.0  acc_task4=0.0  acc_task5=0.0  acc_task6=0.0  acc_task7=0.0  acc_task8=0.0  acc_task9=0.0  acc_task10=0.0  acc_task11=0.0  acc_task12=0.0  acc_task13=28.8
[00:38:46] 
============================================================
 Task 15/20  | Classes (70, 75)
============================================================
[00:38:46] Task 14 baseline (before training): 0.00%
[00:38:49] task=14  epoch=0  train_loss=2.3818
[00:38:52] task=14  epoch=END  time_sec=2.9  acc_task0=0.0  acc_task1=0.0  acc_task2=0.0  acc_task3=0.0  acc_task4=0.0  acc_task5=0.0  acc_task6=0.0  acc_task7=0.0  acc_task8=0.0  acc_task9=0.0  acc_task10=0.0  acc_task11=0.0  acc_task12=0.0  acc_task13=0.0  acc_task14=38.4
[00:38:52] 
============================================================
 Task 16/20  | Classes (75, 80)
============================================================
[00:38:52] Task 15 baseline (before training): 0.00%
[00:38:55] task=15  epoch=0  train_loss=3.1086
[00:38:58] task=15  epoch=END  time_sec=2.8  acc_task0=0.0  acc_task1=0.0  acc_task2=0.0  acc_task3=0.0  acc_task4=0.0  acc_task5=0.0  acc_task6=0.0  acc_task7=0.0  acc_task8=0.0  acc_task9=0.0  acc_task10=0.0  acc_task11=0.0  acc_task12=0.0  acc_task13=0.0  acc_task14=0.0  acc_task15=33.6
[00:38:58] 
============================================================
 Task 17/20  | Classes (80, 85)
============================================================
[00:38:58] Task 16 baseline (before training): 0.00%
[00:39:01] task=16  epoch=0  train_loss=2.3651
[00:39:03] task=16  epoch=END  time_sec=2.8  acc_task0=0.0  acc_task1=0.0  acc_task2=0.0  acc_task3=0.0  acc_task4=0.0  acc_task5=0.0  acc_task6=0.0  acc_task7=0.0  acc_task8=0.0  acc_task9=0.0  acc_task10=0.0  acc_task11=0.0  acc_task12=0.0  acc_task13=0.0  acc_task14=0.0  acc_task15=0.0  acc_task16=27.2
[00:39:03] 
============================================================
 Task 18/20  | Classes (85, 90)
============================================================
[00:39:04] Task 17 baseline (before training): 0.00%
[00:39:06] task=17  epoch=0  train_loss=3.5383
[00:39:09] task=17  epoch=END  time_sec=2.8  acc_task0=0.0  acc_task1=0.0  acc_task2=0.0  acc_task3=0.0  acc_task4=0.0  acc_task5=0.0  acc_task6=0.0  acc_task7=0.0  acc_task8=0.0  acc_task9=0.0  acc_task10=0.0  acc_task11=0.0  acc_task12=0.0  acc_task13=0.0  acc_task14=0.0  acc_task15=0.0  acc_task16=0.0  acc_task17=33.2
[00:39:09] 
============================================================
 Task 19/20  | Classes (90, 95)
============================================================
[00:39:10] Task 18 baseline (before training): 0.00%
[00:39:12] task=18  epoch=0  train_loss=2.7498
[00:39:16] task=18  epoch=END  time_sec=2.9  acc_task0=0.0  acc_task1=0.0  acc_task2=0.0  acc_task3=0.0  acc_task4=0.0  acc_task5=0.0  acc_task6=0.0  acc_task7=0.0  acc_task8=0.0  acc_task9=0.0  acc_task10=0.0  acc_task11=0.0  acc_task12=0.0  acc_task13=0.0  acc_task14=0.0  acc_task15=0.0  acc_task16=0.0  acc_task17=0.0  acc_task18=41.4
[00:39:16] 
============================================================
 Task 20/20  | Classes (95, 100)
============================================================
[00:39:16] Task 19 baseline (before training): 0.00%
[00:39:19] task=19  epoch=0  train_loss=2.123
[00:39:22] task=19  epoch=END  time_sec=3.0  acc_task0=0.0  acc_task1=0.0  acc_task2=0.0  acc_task3=0.0  acc_task4=0.0  acc_task5=0.0  acc_task6=0.0  acc_task7=0.0  acc_task8=0.0  acc_task9=0.0  acc_task10=0.0  acc_task11=0.0  acc_task12=0.0  acc_task13=0.0  acc_task14=0.0  acc_task15=0.0  acc_task16=0.0  acc_task17=0.0  acc_task18=0.0  acc_task19=61.4
[00:39:22] 
Final Metrics:
  avg_accuracy         +3.0700
  forgetting           +35.3474
  backward_transfer    -35.3474
  forward_transfer     +0.0000
[00:39:23] 
Done - run: split_cifar100_fine_tune_seed123
[00:39:23] Metrics: {'avg_accuracy': 3.07, 'forgetting': 35.3474, 'backward_transfer': -35.3474, 'forward_transfer': 0.0}
