[00:41:11] Starting: split_cifar100_fine_tune_seed789
[00:41:11] Config: {'dataset': 'split_cifar100', 'data_root': 'Project/data_local', 'model': 'slim_resnet18', 'pretrained': False, 'method': 'fine_tune', 'n_epochs': 1, 'batch_size': 32, 'num_workers': 0, 'lr': 0.03, 'momentum': 0.9, 'weight_decay': 0.0001, 'fp16': True, 'buffer_size': 200, 'ewc_lambda': 100.0, 'fisher_samples': 200, 'si_lambda': 1.0, 'si_xi': 0.1, 'der_alpha': 0.5, 'xder_beta': 0.5, 'lwf_lambda': 1.0, 'lwf_temp': 2.0, 'icarl_distill_w': 1.0, 'icarl_temp': 2.0, 'use_nmc': True, 'agem_mem_batch': 64, 'distill_lambda': 1.0, 'distill_temp': 2.0, 'pc_distill_w': 1.0, 'pc_ewc_lambda': 100.0, 'pc_compress_epochs': 3, 'er_replay_ratio': 0.5, 'joint_replay_epochs': 1, 'disable_tqdm': True, 'seeds': [42, 123, 456, 789, 1024], 'checkpoint_dir': 'results/checkpoints', 'figure_dir': 'results/figures', 'log_dir': 'results/raw', 'run_name': 'split_cifar100_fine_tune_seed789', 'seed': 789}
[00:41:11] Device: cuda
[00:41:12] Dataset: SplitCIFAR100(tasks=20, classes_per_task=5, scenario=class-il)
[00:41:12] 
============================================================
 Task 1/20  | Classes (0, 5)
============================================================
[00:41:12] Task 0 baseline (before training): 0.00%
[00:41:15] task=0  epoch=0  train_loss=1.5299
[00:41:15] task=0  epoch=END  time_sec=3.2  acc_task0=24.6
[00:41:15] 
============================================================
 Task 2/20  | Classes (5, 10)
============================================================
[00:41:16] Task 1 baseline (before training): 0.00%
[00:41:19] task=1  epoch=0  train_loss=1.773
[00:41:19] task=1  epoch=END  time_sec=3.1  acc_task0=0.0  acc_task1=37.2
[00:41:19] 
============================================================
 Task 3/20  | Classes (10, 15)
============================================================
[00:41:19] Task 2 baseline (before training): 0.00%
[00:41:22] task=2  epoch=0  train_loss=1.7569
[00:41:23] task=2  epoch=END  time_sec=3.1  acc_task0=0.0  acc_task1=0.0  acc_task2=39.8
[00:41:23] 
============================================================
 Task 4/20  | Classes (15, 20)
============================================================
[00:41:23] Task 3 baseline (before training): 0.00%
[00:41:26] task=3  epoch=0  train_loss=1.9059
[00:41:27] task=3  epoch=END  time_sec=3.2  acc_task0=0.0  acc_task1=0.0  acc_task2=0.0  acc_task3=47.8
[00:41:27] 
============================================================
 Task 5/20  | Classes (20, 25)
============================================================
[00:41:27] Task 4 baseline (before training): 0.00%
[00:41:30] task=4  epoch=0  train_loss=2.0333
[00:41:31] task=4  epoch=END  time_sec=3.2  acc_task0=0.0  acc_task1=0.0  acc_task2=0.0  acc_task3=0.0  acc_task4=44.6
[00:41:31] 
============================================================
 Task 6/20  | Classes (25, 30)
============================================================
[00:41:32] Task 5 baseline (before training): 0.00%
[00:41:35] task=5  epoch=0  train_loss=2.193
[00:41:36] task=5  epoch=END  time_sec=3.1  acc_task0=0.0  acc_task1=0.0  acc_task2=0.0  acc_task3=0.0  acc_task4=0.0  acc_task5=30.4
[00:41:36] 
============================================================
 Task 7/20  | Classes (30, 35)
============================================================
[00:41:36] Task 6 baseline (before training): 0.00%
[00:41:39] task=6  epoch=0  train_loss=2.2911
[00:41:40] task=6  epoch=END  time_sec=3.2  acc_task0=0.0  acc_task1=0.0  acc_task2=0.0  acc_task3=0.0  acc_task4=0.0  acc_task5=0.0  acc_task6=30.4
[00:41:40] 
============================================================
 Task 8/20  | Classes (35, 40)
============================================================
[00:41:41] Task 7 baseline (before training): 0.00%
[00:41:44] task=7  epoch=0  train_loss=2.2669
[00:41:45] task=7  epoch=END  time_sec=3.2  acc_task0=0.0  acc_task1=0.0  acc_task2=0.0  acc_task3=0.0  acc_task4=0.0  acc_task5=0.0  acc_task6=0.0  acc_task7=29.0
[00:41:45] 
============================================================
 Task 9/20  | Classes (40, 45)
============================================================
[00:41:45] Task 8 baseline (before training): 0.00%
[00:41:49] task=8  epoch=0  train_loss=2.2755
[00:41:50] task=8  epoch=END  time_sec=3.2  acc_task0=0.0  acc_task1=0.0  acc_task2=0.0  acc_task3=0.0  acc_task4=0.0  acc_task5=0.0  acc_task6=0.0  acc_task7=0.0  acc_task8=37.2
[00:41:50] 
============================================================
 Task 10/20  | Classes (45, 50)
============================================================
[00:41:50] Task 9 baseline (before training): 0.00%
[00:41:54] task=9  epoch=0  train_loss=2.1265
[00:41:55] task=9  epoch=END  time_sec=3.1  acc_task0=0.0  acc_task1=0.0  acc_task2=0.0  acc_task3=0.0  acc_task4=0.0  acc_task5=0.0  acc_task6=0.0  acc_task7=0.0  acc_task8=0.0  acc_task9=37.4
[00:41:55] 
============================================================
 Task 11/20  | Classes (50, 55)
============================================================
[00:41:56] Task 10 baseline (before training): 0.00%
[00:41:59] task=10  epoch=0  train_loss=2.2724
[00:42:01] task=10  epoch=END  time_sec=3.3  acc_task0=0.0  acc_task1=0.0  acc_task2=0.0  acc_task3=0.0  acc_task4=0.0  acc_task5=0.0  acc_task6=0.0  acc_task7=0.0  acc_task8=0.0  acc_task9=0.0  acc_task10=57.2
[00:42:01] 
============================================================
 Task 12/20  | Classes (55, 60)
============================================================
[00:42:01] Task 11 baseline (before training): 0.00%
[00:42:04] task=11  epoch=0  train_loss=2.1947
[00:42:07] task=11  epoch=END  time_sec=3.2  acc_task0=0.0  acc_task1=0.0  acc_task2=0.0  acc_task3=0.0  acc_task4=0.0  acc_task5=0.0  acc_task6=0.0  acc_task7=0.0  acc_task8=0.0  acc_task9=0.0  acc_task10=0.0  acc_task11=37.2
[00:42:07] 
============================================================
 Task 13/20  | Classes (60, 65)
============================================================
[00:42:07] Task 12 baseline (before training): 0.00%
[00:42:10] task=12  epoch=0  train_loss=2.3279
[00:42:12] task=12  epoch=END  time_sec=3.2  acc_task0=0.0  acc_task1=0.0  acc_task2=0.0  acc_task3=0.0  acc_task4=0.0  acc_task5=0.0  acc_task6=0.0  acc_task7=0.0  acc_task8=0.0  acc_task9=0.0  acc_task10=0.0  acc_task11=0.0  acc_task12=52.8
[00:42:12] 
============================================================
 Task 14/20  | Classes (65, 70)
============================================================
[00:42:13] Task 13 baseline (before training): 0.00%
[00:42:16] task=13  epoch=0  train_loss=2.2066
[00:42:18] task=13  epoch=END  time_sec=3.2  acc_task0=0.0  acc_task1=0.0  acc_task2=0.0  acc_task3=0.0  acc_task4=0.0  acc_task5=0.0  acc_task6=0.0  acc_task7=0.0  acc_task8=0.0  acc_task9=0.0  acc_task10=0.0  acc_task11=0.0  acc_task12=0.0  acc_task13=42.4
[00:42:18] 
============================================================
 Task 15/20  | Classes (70, 75)
============================================================
[00:42:19] Task 14 baseline (before training): 0.00%
[00:42:22] task=14  epoch=0  train_loss=2.4936
[00:42:25] task=14  epoch=END  time_sec=3.2  acc_task0=0.0  acc_task1=0.0  acc_task2=0.0  acc_task3=0.0  acc_task4=0.0  acc_task5=0.0  acc_task6=0.0  acc_task7=0.0  acc_task8=0.0  acc_task9=0.0  acc_task10=0.0  acc_task11=0.0  acc_task12=0.0  acc_task13=0.0  acc_task14=46.0
[00:42:25] 
============================================================
 Task 16/20  | Classes (75, 80)
============================================================
[00:42:25] Task 15 baseline (before training): 0.00%
[00:42:28] task=15  epoch=0  train_loss=2.2954
[00:42:31] task=15  epoch=END  time_sec=3.2  acc_task0=0.0  acc_task1=0.0  acc_task2=0.0  acc_task3=0.0  acc_task4=0.0  acc_task5=0.0  acc_task6=0.0  acc_task7=0.0  acc_task8=0.0  acc_task9=0.0  acc_task10=0.0  acc_task11=0.0  acc_task12=0.0  acc_task13=0.0  acc_task14=0.0  acc_task15=37.0
[00:42:31] 
============================================================
 Task 17/20  | Classes (80, 85)
============================================================
[00:42:31] Task 16 baseline (before training): 0.00%
[00:42:34] task=16  epoch=0  train_loss=2.3003
[00:42:37] task=16  epoch=END  time_sec=3.1  acc_task0=0.0  acc_task1=0.0  acc_task2=0.0  acc_task3=0.0  acc_task4=0.0  acc_task5=0.0  acc_task6=0.0  acc_task7=0.0  acc_task8=0.0  acc_task9=0.0  acc_task10=0.0  acc_task11=0.0  acc_task12=0.0  acc_task13=0.0  acc_task14=0.0  acc_task15=0.0  acc_task16=40.4
[00:42:37] 
============================================================
 Task 18/20  | Classes (85, 90)
============================================================
[00:42:38] Task 17 baseline (before training): 0.00%
[00:42:41] task=17  epoch=0  train_loss=2.3602
[00:42:44] task=17  epoch=END  time_sec=3.2  acc_task0=0.0  acc_task1=0.0  acc_task2=0.0  acc_task3=0.0  acc_task4=0.0  acc_task5=0.0  acc_task6=0.0  acc_task7=0.0  acc_task8=0.0  acc_task9=0.0  acc_task10=0.0  acc_task11=0.0  acc_task12=0.0  acc_task13=0.0  acc_task14=0.0  acc_task15=0.0  acc_task16=0.0  acc_task17=49.4
[00:42:44] 
============================================================
 Task 19/20  | Classes (90, 95)
============================================================
[00:42:44] Task 18 baseline (before training): 0.00%
[00:42:47] task=18  epoch=0  train_loss=2.4028
[00:42:51] task=18  epoch=END  time_sec=3.2  acc_task0=0.0  acc_task1=0.0  acc_task2=0.0  acc_task3=0.0  acc_task4=0.0  acc_task5=0.0  acc_task6=0.0  acc_task7=0.0  acc_task8=0.0  acc_task9=0.0  acc_task10=0.0  acc_task11=0.0  acc_task12=0.0  acc_task13=0.0  acc_task14=0.0  acc_task15=0.0  acc_task16=0.0  acc_task17=0.0  acc_task18=47.4
[00:42:51] 
============================================================
 Task 20/20  | Classes (95, 100)
============================================================
[00:42:51] Task 19 baseline (before training): 0.00%
[00:42:54] task=19  epoch=0  train_loss=2.4276
[00:42:58] task=19  epoch=END  time_sec=3.2  acc_task0=0.0  acc_task1=0.0  acc_task2=0.0  acc_task3=0.0  acc_task4=0.0  acc_task5=0.0  acc_task6=0.0  acc_task7=0.0  acc_task8=0.0  acc_task9=0.0  acc_task10=0.0  acc_task11=0.0  acc_task12=0.0  acc_task13=0.0  acc_task14=0.0  acc_task15=0.0  acc_task16=0.0  acc_task17=0.0  acc_task18=0.0  acc_task19=43.8
[00:42:58] 
Final Metrics:
  avg_accuracy         +2.1900
  forgetting           +40.4316
  backward_transfer    -40.4316
  forward_transfer     +0.0000
[00:42:59] 
Done - run: split_cifar100_fine_tune_seed789
[00:42:59] Metrics: {'avg_accuracy': 2.19, 'forgetting': 40.4316, 'backward_transfer': -40.4316, 'forward_transfer': 0.0}
