[06:00:27] Starting: permuted_mnist_er_ewc_seed42
[06:00:27] Config: {'dataset': 'permuted_mnist', 'data_root': 'F:\\Temp\\cf\\Catastrophic Forgetting\\research_v2\\Project\\data_local', 'dataset_image_size': 32, 'dataset_out_channels': None, 'model': 'slim_resnet18', 'pretrained': False, 'model_image_size': None, 'method': 'er_ewc', 'n_epochs': 1, 'batch_size': 32, 'num_workers': 2, 'lr': 0.03, 'momentum': 0.9, 'weight_decay': 0.0001, 'fp16': False, 'buffer_size': 200, 'ewc_lambda': 100.0, 'fisher_samples': 200, 'si_lambda': 1.0, 'si_xi': 0.1, 'der_alpha': 0.5, 'xder_beta': 0.5, 'lwf_lambda': 1.0, 'lwf_temp': 2.0, 'icarl_distill_w': 1.0, 'icarl_temp': 2.0, 'use_nmc': True, 'agem_mem_batch': 64, 'distill_lambda': 1.0, 'distill_temp': 2.0, 'pc_distill_w': 1.0, 'pc_ewc_lambda': 100.0, 'pc_compress_epochs': 3, 'er_replay_ratio': 0.5, 'joint_replay_epochs': 1, 'disable_tqdm': True, 'disable_checkpoints': False, 'disable_plots': False, 'resume': False, 'cleanup_checkpoints_on_success': True, 'result_group': 'runs', 'ablation_family': None, 'seeds': [42, 123, 456, 789, 1024], 'results_root': 'F:\\Temp\\cf\\Catastrophic Forgetting\\research_v2\\results', 'seed': 42, 'run_name': 'permuted_mnist_er_ewc_seed42', 'project_root': 'F:\\Temp\\cf\\Catastrophic Forgetting\\research_v2\\Project', 'workspace_root': 'F:\\Temp\\cf\\Catastrophic Forgetting\\research_v2', 'run_root': 'F:\\Temp\\cf\\Catastrophic Forgetting\\research_v2\\results\\runs\\epoch_1\\permuted_mnist\\hybrids\\er_ewc\\seed_42', 'log_dir': 'F:\\Temp\\cf\\Catastrophic Forgetting\\research_v2\\results\\runs\\epoch_1\\permuted_mnist\\hybrids\\er_ewc\\seed_42\\logs', 'metrics_dir': 'F:\\Temp\\cf\\Catastrophic Forgetting\\research_v2\\results\\runs\\epoch_1\\permuted_mnist\\hybrids\\er_ewc\\seed_42\\metrics', 'checkpoint_dir': 'F:\\Temp\\cf\\Catastrophic Forgetting\\research_v2\\results\\runs\\epoch_1\\permuted_mnist\\hybrids\\er_ewc\\seed_42\\checkpoints', 'artifact_dir': 'F:\\Temp\\cf\\Catastrophic Forgetting\\research_v2\\results\\runs\\epoch_1\\permuted_mnist\\hybrids\\er_ewc\\seed_42\\artifacts', 'figure_dir': 'F:\\Temp\\cf\\Catastrophic Forgetting\\research_v2\\results\\figures\\epoch_1\\permuted_mnist\\hybrids\\er_ewc\\seed_42'}
[06:00:27] Device: cuda
[06:00:27] Dataset: PermutedMNIST(tasks=10, classes_per_task=10, scenario=domain-il)
[06:00:27] 
============================================================
 Task 1/10  | Classes (0, 10)
============================================================
[06:00:27] Task 0 baseline (chance): 10.00%
[06:01:08] task=0  epoch=0  train_loss=0.1739
[06:01:28] task=0  epoch=END  time_sec=41.2  acc_task0=96.28
[06:01:28] 
============================================================
 Task 2/10  | Classes (0, 10)
============================================================
[06:01:28] Task 1 baseline (chance): 10.00%
[06:01:39] Task 1 zero-shot (pre-train): 11.82%
[06:03:06] task=1  epoch=0  train_loss=0.1389
[06:03:40] task=1  epoch=END  time_sec=86.4  acc_task0=90.6  acc_task1=96.54
[06:03:40] 
============================================================
 Task 3/10  | Classes (0, 10)
============================================================
[06:03:40] Task 2 baseline (chance): 10.00%
[06:03:52] Task 2 zero-shot (pre-train): 9.41%
[06:05:43] task=2  epoch=0  train_loss=0.1261
[06:06:30] task=2  epoch=END  time_sec=111.3  acc_task0=77.4  acc_task1=86.78  acc_task2=96.87
[06:06:30] 
============================================================
 Task 4/10  | Classes (0, 10)
============================================================
[06:06:30] Task 3 baseline (chance): 10.00%
[06:06:44] Task 3 zero-shot (pre-train): 14.81%
[06:09:02] task=3  epoch=0  train_loss=0.1265
[06:09:59] task=3  epoch=END  time_sec=138.4  acc_task0=74.44  acc_task1=73.44  acc_task2=89.14  acc_task3=96.78
[06:09:59] 
============================================================
 Task 5/10  | Classes (0, 10)
============================================================
[06:09:59] Task 4 baseline (chance): 10.00%
[06:10:10] Task 4 zero-shot (pre-train): 6.80%
[06:12:53] task=4  epoch=0  train_loss=0.1233
[06:13:59] task=4  epoch=END  time_sec=163.2  acc_task0=53.23  acc_task1=56.69  acc_task2=72.59  acc_task3=85.82  acc_task4=96.23
[06:13:59] 
============================================================
 Task 6/10  | Classes (0, 10)
============================================================
[06:13:59] Task 5 baseline (chance): 10.00%
[06:14:09] Task 5 zero-shot (pre-train): 7.61%
[06:17:20] task=5  epoch=0  train_loss=0.1241
[06:18:33] task=5  epoch=END  time_sec=191.2  acc_task0=56.36  acc_task1=55.15  acc_task2=67.81  acc_task3=71.48  acc_task4=88.79  acc_task5=96.14
[06:18:34] 
============================================================
 Task 7/10  | Classes (0, 10)
============================================================
[06:18:34] Task 6 baseline (chance): 10.00%
[06:18:44] Task 6 zero-shot (pre-train): 15.39%
[06:22:21] task=6  epoch=0  train_loss=0.1263
[06:23:42] task=6  epoch=END  time_sec=217.5  acc_task0=55.14  acc_task1=46.34  acc_task2=58.7  acc_task3=65.71  acc_task4=73.66  acc_task5=87.56  acc_task6=97.16
[06:23:43] 
============================================================
 Task 8/10  | Classes (0, 10)
============================================================
[06:23:43] Task 7 baseline (chance): 10.00%
[06:23:52] Task 7 zero-shot (pre-train): 13.80%
[06:28:04] task=7  epoch=0  train_loss=0.1258
[06:29:29] task=7  epoch=END  time_sec=251.8  acc_task0=46.56  acc_task1=47.26  acc_task2=53.71  acc_task3=59.36  acc_task4=62.71  acc_task5=72.08  acc_task6=89.94  acc_task7=96.99
[06:29:30] 
============================================================
 Task 9/10  | Classes (0, 10)
============================================================
[06:29:30] Task 8 baseline (chance): 10.00%
[06:29:39] Task 8 zero-shot (pre-train): 10.00%
[06:34:26] task=8  epoch=0  train_loss=0.1261
[06:36:00] task=8  epoch=END  time_sec=287.2  acc_task0=38.02  acc_task1=47.74  acc_task2=51.45  acc_task3=52.28  acc_task4=55.51  acc_task5=59.1  acc_task6=77.54  acc_task7=89.11  acc_task8=96.61
[06:36:00] 
============================================================
 Task 10/10  | Classes (0, 10)
============================================================
[06:36:00] Task 9 baseline (chance): 10.00%
[06:36:10] Task 9 zero-shot (pre-train): 8.83%
[06:41:20] task=9  epoch=0  train_loss=0.1313
[06:43:06] task=9  epoch=END  time_sec=309.7  acc_task0=30.16  acc_task1=36.8  acc_task2=40.89  acc_task3=48.49  acc_task4=49.98  acc_task5=51.25  acc_task6=55.85  acc_task7=73.96  acc_task8=83.93  acc_task9=96.82
[06:43:07] 
Final Metrics:
  avg_accuracy         +56.8130
  forgetting           +44.2544
  backward_transfer    -44.2544
  forward_transfer     +0.9411
[06:43:08] 
Done - run: permuted_mnist_er_ewc_seed42
[06:43:08] Metrics: {'avg_accuracy': 56.813, 'forgetting': 44.2544, 'backward_transfer': -44.2544, 'forward_transfer': 0.9411}
[06:43:08] Deleted 10 checkpoint(s) after successful completion.
[21:51:04] Starting: permuted_mnist_er_ewc_seed42
[21:51:04] Config: {'dataset': 'permuted_mnist', 'data_root': 'F:\\Temp\\cf\\Catastrophic Forgetting\\research_v2\\Project\\data_local', 'dataset_image_size': 32, 'dataset_out_channels': None, 'model': 'slim_resnet18', 'pretrained': False, 'model_image_size': None, 'method': 'er_ewc', 'n_epochs': 1, 'batch_size': 32, 'num_workers': 2, 'lr': 0.03, 'momentum': 0.9, 'weight_decay': 0.0001, 'fp16': False, 'buffer_size': 200, 'ewc_lambda': 100.0, 'fisher_samples': 200, 'si_lambda': 1.0, 'si_xi': 0.1, 'der_alpha': 0.5, 'xder_beta': 0.5, 'lwf_lambda': 1.0, 'lwf_temp': 2.0, 'icarl_distill_w': 1.0, 'icarl_temp': 2.0, 'use_nmc': True, 'agem_mem_batch': 64, 'distill_lambda': 1.0, 'distill_temp': 2.0, 'pc_distill_w': 1.0, 'pc_ewc_lambda': 100.0, 'pc_compress_epochs': 3, 'er_replay_ratio': 0.5, 'joint_replay_epochs': 1, 'disable_tqdm': True, 'disable_checkpoints': False, 'disable_plots': False, 'resume': True, 'cleanup_checkpoints_on_success': True, 'result_group': 'runs', 'ablation_family': None, 'seeds': [42, 123, 456, 789, 1024], 'results_root': 'F:\\Temp\\cf\\Catastrophic Forgetting\\research_v2\\results', 'seed': 42, 'run_name': 'permuted_mnist_er_ewc_seed42', 'project_root': 'F:\\Temp\\cf\\Catastrophic Forgetting\\research_v2\\Project', 'workspace_root': 'F:\\Temp\\cf\\Catastrophic Forgetting\\research_v2', 'run_root': 'F:\\Temp\\cf\\Catastrophic Forgetting\\research_v2\\results\\runs\\epoch_1\\permuted_mnist\\hybrids\\er_ewc\\seed_42', 'log_dir': 'F:\\Temp\\cf\\Catastrophic Forgetting\\research_v2\\results\\runs\\epoch_1\\permuted_mnist\\hybrids\\er_ewc\\seed_42\\logs', 'metrics_dir': 'F:\\Temp\\cf\\Catastrophic Forgetting\\research_v2\\results\\runs\\epoch_1\\permuted_mnist\\hybrids\\er_ewc\\seed_42\\metrics', 'checkpoint_dir': 'F:\\Temp\\cf\\Catastrophic Forgetting\\research_v2\\results\\runs\\epoch_1\\permuted_mnist\\hybrids\\er_ewc\\seed_42\\checkpoints', 'artifact_dir': 'F:\\Temp\\cf\\Catastrophic Forgetting\\research_v2\\results\\runs\\epoch_1\\permuted_mnist\\hybrids\\er_ewc\\seed_42\\artifacts', 'figure_dir': 'F:\\Temp\\cf\\Catastrophic Forgetting\\research_v2\\results\\figures\\epoch_1\\permuted_mnist\\hybrids\\er_ewc\\seed_42'}
[21:51:04] Device: cuda
[21:51:04] Dataset: PermutedMNIST(tasks=10, classes_per_task=10, scenario=domain-il)
[21:51:04] 
============================================================
 Task 1/10  | Classes (0, 10)
============================================================
[21:51:04] Task 0 baseline (chance): 10.00%
[21:51:39] task=0  epoch=0  train_loss=0.1739
[21:51:54] task=0  epoch=END  time_sec=34.8  acc_task0=96.28
[21:51:54] 
============================================================
 Task 2/10  | Classes (0, 10)
============================================================
[21:51:54] Task 1 baseline (chance): 10.00%
[21:52:02] Task 1 zero-shot (pre-train): 11.82%
[21:52:57] task=1  epoch=0  train_loss=0.1389
[21:53:21] task=1  epoch=END  time_sec=55.2  acc_task0=90.6  acc_task1=96.54
[21:53:21] 
============================================================
 Task 3/10  | Classes (0, 10)
============================================================
[21:53:21] Task 2 baseline (chance): 10.00%
[21:53:29] Task 2 zero-shot (pre-train): 9.41%
[21:54:47] task=2  epoch=0  train_loss=0.1261
[21:55:19] task=2  epoch=END  time_sec=77.5  acc_task0=77.4  acc_task1=86.78  acc_task2=96.87
[21:55:19] 
============================================================
 Task 4/10  | Classes (0, 10)
============================================================
[21:55:19] Task 3 baseline (chance): 10.00%
[21:55:28] Task 3 zero-shot (pre-train): 14.81%
[21:57:02] task=3  epoch=0  train_loss=0.1265
[21:57:42] task=3  epoch=END  time_sec=94.1  acc_task0=74.44  acc_task1=73.44  acc_task2=89.14  acc_task3=96.78
[21:57:43] 
============================================================
 Task 5/10  | Classes (0, 10)
============================================================
[21:57:43] Task 4 baseline (chance): 10.00%
[21:57:51] Task 4 zero-shot (pre-train): 6.80%
[21:59:49] task=4  epoch=0  train_loss=0.1233
[22:00:36] task=4  epoch=END  time_sec=118.1  acc_task0=53.23  acc_task1=56.69  acc_task2=72.59  acc_task3=85.82  acc_task4=96.23
[22:00:36] 
============================================================
 Task 6/10  | Classes (0, 10)
============================================================
[22:00:36] Task 5 baseline (chance): 10.00%
[22:00:44] Task 5 zero-shot (pre-train): 7.61%
[22:03:01] task=5  epoch=0  train_loss=0.1241
[22:03:56] task=5  epoch=END  time_sec=136.8  acc_task0=56.36  acc_task1=55.15  acc_task2=67.81  acc_task3=71.48  acc_task4=88.79  acc_task5=96.14
[22:03:56] 
============================================================
 Task 7/10  | Classes (0, 10)
============================================================
[22:03:56] Task 6 baseline (chance): 10.00%
[22:04:04] Task 6 zero-shot (pre-train): 15.39%
[22:06:34] task=6  epoch=0  train_loss=0.1263
[22:07:37] task=6  epoch=END  time_sec=149.2  acc_task0=55.14  acc_task1=46.34  acc_task2=58.7  acc_task3=65.71  acc_task4=73.66  acc_task5=87.56  acc_task6=97.16
[22:07:38] 
============================================================
 Task 8/10  | Classes (0, 10)
============================================================
[22:07:38] Task 7 baseline (chance): 10.00%
[22:07:46] Task 7 zero-shot (pre-train): 13.80%
[22:10:30] task=7  epoch=0  train_loss=0.1258
[22:11:40] task=7  epoch=END  time_sec=163.9  acc_task0=46.56  acc_task1=47.26  acc_task2=53.71  acc_task3=59.36  acc_task4=62.71  acc_task5=72.08  acc_task6=89.94  acc_task7=96.99
[22:11:41] 
============================================================
 Task 9/10  | Classes (0, 10)
============================================================
[22:11:41] Task 8 baseline (chance): 10.00%
[22:11:48] Task 8 zero-shot (pre-train): 10.00%
[22:14:53] task=8  epoch=0  train_loss=0.1261
[22:16:12] task=8  epoch=END  time_sec=184.9  acc_task0=38.02  acc_task1=47.74  acc_task2=51.45  acc_task3=52.28  acc_task4=55.51  acc_task5=59.1  acc_task6=77.54  acc_task7=89.11  acc_task8=96.61
[22:16:13] 
============================================================
 Task 10/10  | Classes (0, 10)
============================================================
[22:16:13] Task 9 baseline (chance): 10.00%
[22:16:20] Task 9 zero-shot (pre-train): 8.83%
[22:19:49] task=9  epoch=0  train_loss=0.1313
[22:21:14] task=9  epoch=END  time_sec=209.0  acc_task0=30.16  acc_task1=36.8  acc_task2=40.89  acc_task3=48.49  acc_task4=49.98  acc_task5=51.25  acc_task6=55.85  acc_task7=73.96  acc_task8=83.93  acc_task9=96.82
[22:21:15] 
Final Metrics:
  avg_accuracy         +56.8130
  forgetting           +44.2544
  backward_transfer    -44.2544
  forward_transfer     +0.9411
[22:21:16] 
Done - run: permuted_mnist_er_ewc_seed42
[22:21:16] Metrics: {'avg_accuracy': 56.813, 'forgetting': 44.2544, 'backward_transfer': -44.2544, 'forward_transfer': 0.9411}
[22:21:16] Deleted 10 checkpoint(s) after successful completion.
