[01:39:30] Starting: split_cifar10_agem_distill_buf500_seed42
[01:39:30] Config: {'dataset': 'split_cifar10', 'data_root': 'F:\\Temp\\cf\\Catastrophic Forgetting\\research_v2\\Project\\data_local', 'dataset_image_size': None, 'dataset_out_channels': None, 'model': 'slim_resnet18', 'pretrained': False, 'model_image_size': None, 'method': 'agem_distill', 'n_epochs': 1, 'batch_size': 32, 'num_workers': 0, 'lr': 0.03, 'momentum': 0.9, 'weight_decay': 0.0001, 'fp16': False, 'buffer_size': 500, 'ewc_lambda': 100.0, 'fisher_samples': 200, 'si_lambda': 1.0, 'si_xi': 0.1, 'der_alpha': 0.5, 'xder_beta': 0.5, 'lwf_lambda': 1.0, 'lwf_temp': 2.0, 'icarl_distill_w': 1.0, 'icarl_temp': 2.0, 'use_nmc': True, 'agem_mem_batch': 64, 'distill_lambda': 1.0, 'distill_temp': 2.0, 'pc_distill_w': 1.0, 'pc_ewc_lambda': 100.0, 'pc_compress_epochs': 3, 'er_replay_ratio': 0.5, 'joint_replay_epochs': 1, 'disable_tqdm': True, 'disable_checkpoints': False, 'disable_plots': True, 'resume': False, 'cleanup_checkpoints_on_success': True, 'result_group': 'ablations', 'ablation_family': 'buffer', 'seeds': [42, 123, 456, 789, 1024], 'results_root': 'F:\\Temp\\cf\\Catastrophic Forgetting\\research_v2\\results', 'run_tag': 'buf500', 'seed': 42, 'run_name': 'split_cifar10_agem_distill_buf500_seed42', 'project_root': 'F:\\Temp\\cf\\Catastrophic Forgetting\\research_v2\\Project', 'workspace_root': 'F:\\Temp\\cf\\Catastrophic Forgetting\\research_v2', 'run_root': 'F:\\Temp\\cf\\Catastrophic Forgetting\\research_v2\\results\\ablations\\epoch_1\\split_cifar10\\buffer\\agem_distill__buf500\\seed_42', 'log_dir': 'F:\\Temp\\cf\\Catastrophic Forgetting\\research_v2\\results\\ablations\\epoch_1\\split_cifar10\\buffer\\agem_distill__buf500\\seed_42\\logs', 'metrics_dir': 'F:\\Temp\\cf\\Catastrophic Forgetting\\research_v2\\results\\ablations\\epoch_1\\split_cifar10\\buffer\\agem_distill__buf500\\seed_42\\metrics', 'checkpoint_dir': 'F:\\Temp\\cf\\Catastrophic Forgetting\\research_v2\\results\\ablations\\epoch_1\\split_cifar10\\buffer\\agem_distill__buf500\\seed_42\\checkpoints', 'artifact_dir': 'F:\\Temp\\cf\\Catastrophic Forgetting\\research_v2\\results\\ablations\\epoch_1\\split_cifar10\\buffer\\agem_distill__buf500\\seed_42\\artifacts', 'figure_dir': 'F:\\Temp\\cf\\Catastrophic Forgetting\\research_v2\\results\\figures\\ablations\\epoch_1\\split_cifar10\\buffer\\agem_distill__buf500\\seed_42'}
[01:39:30] Device: cuda
[01:39:32] Dataset: SplitCIFAR10(tasks=5, classes_per_task=2, scenario=class-il)
[01:39:32] 
============================================================
 Task 1/5  | Classes (0, 2)
============================================================
[01:39:32] Task 0 baseline (chance): 50.00%
[01:39:49] task=0  epoch=0  train_loss=0.5767
[01:39:50] task=0  epoch=END  time_sec=16.6  acc_task0=75.25
[01:39:50] 
============================================================
 Task 2/5  | Classes (2, 4)
============================================================
[01:39:50] Task 1 baseline (chance): 25.00%
[01:39:51] Task 1 zero-shot (pre-train): 0.15%
[01:40:28] task=1  epoch=0  train_loss=0.6755
[01:40:29] task=1  epoch=END  time_sec=36.2  acc_task0=0.0  acc_task1=72.6
[01:40:29] 
============================================================
 Task 3/5  | Classes (4, 6)
============================================================
[01:40:29] Task 2 baseline (chance): 16.67%
[01:40:30] Task 2 zero-shot (pre-train): 0.00%
[01:41:03] task=2  epoch=0  train_loss=0.6908
[01:41:07] task=2  epoch=END  time_sec=33.4  acc_task0=0.0  acc_task1=0.0  acc_task2=75.6
[01:41:07] 
============================================================
 Task 4/5  | Classes (6, 8)
============================================================
[01:41:07] Task 3 baseline (chance): 12.50%
[01:41:08] Task 3 zero-shot (pre-train): 0.00%
[01:41:43] task=3  epoch=0  train_loss=0.7786
[01:41:47] task=3  epoch=END  time_sec=35.1  acc_task0=0.0  acc_task1=0.0  acc_task2=0.0  acc_task3=81.55
[01:41:48] 
============================================================
 Task 5/5  | Classes (8, 10)
============================================================
[01:41:48] Task 4 baseline (chance): 10.00%
[01:41:49] Task 4 zero-shot (pre-train): 0.00%
[01:42:23] task=4  epoch=0  train_loss=0.8114
[01:42:29] task=4  epoch=END  time_sec=34.5  acc_task0=0.0  acc_task1=0.0  acc_task2=0.0  acc_task3=0.0  acc_task4=76.9
[01:42:29] 
Final Metrics:
  avg_accuracy         +15.3800
  forgetting           +76.2500
  backward_transfer    -76.2500
  forward_transfer     -16.0042
[01:42:29] 
Done - run: split_cifar10_agem_distill_buf500_seed42
[01:42:29] Metrics: {'avg_accuracy': 15.38, 'forgetting': 76.25, 'backward_transfer': -76.25, 'forward_transfer': -16.0042}
[01:42:29] Deleted 5 checkpoint(s) after successful completion.
