[16:45:13] Starting: split_cifar10_si_der_buf500_seed1024
[16:45:13] Config: {'dataset': 'split_cifar10', 'data_root': 'Project/data_local', 'model': 'slim_resnet18', 'pretrained': False, 'method': 'si_der', 'n_epochs': 1, 'batch_size': 32, 'num_workers': 0, 'lr': 0.03, 'momentum': 0.9, 'weight_decay': 0.0001, 'fp16': False, 'buffer_size': 500, 'ewc_lambda': 100.0, 'fisher_samples': 200, 'si_lambda': 1.0, 'si_xi': 0.1, 'der_alpha': 0.5, 'xder_beta': 0.5, 'lwf_lambda': 1.0, 'lwf_temp': 2.0, 'icarl_distill_w': 1.0, 'icarl_temp': 2.0, 'use_nmc': True, 'agem_mem_batch': 64, 'distill_lambda': 1.0, 'distill_temp': 2.0, 'pc_distill_w': 1.0, 'pc_ewc_lambda': 100.0, 'pc_compress_epochs': 3, 'er_replay_ratio': 0.5, 'joint_replay_epochs': 1, 'disable_tqdm': True, 'disable_checkpoints': True, 'disable_plots': True, 'seeds': [42, 123, 456, 789, 1024], 'results_root': 'results_phase3_ablations', 'checkpoint_dir': 'results/checkpoints', 'figure_dir': 'results_phase3_ablations\\figures', 'log_dir': 'results_phase3_ablations\\raw', 'run_tag': 'buf500', 'run_name': 'split_cifar10_si_der_buf500_seed1024', 'seed': 1024}
[16:45:13] Device: cuda
[16:45:15] Dataset: SplitCIFAR10(tasks=5, classes_per_task=2, scenario=class-il)
[16:45:15] 
============================================================
 Task 1/5  | Classes (0, 2)
============================================================
[16:45:15] Task 0 baseline (chance): 50.00%
[16:45:44] task=0  epoch=0  train_loss=0.8711
[16:45:45] task=0  epoch=END  time_sec=28.8  acc_task0=86.2
[16:45:45] 
============================================================
 Task 2/5  | Classes (2, 4)
============================================================
[16:45:45] Task 1 baseline (chance): 25.00%
[16:45:46] Task 1 zero-shot (pre-train): 0.00%
[16:46:22] task=1  epoch=0  train_loss=0.8519
[16:46:24] task=1  epoch=END  time_sec=36.7  acc_task0=0.0  acc_task1=73.55
[16:46:24] 
============================================================
 Task 3/5  | Classes (4, 6)
============================================================
[16:46:24] Task 2 baseline (chance): 16.67%
[16:46:25] Task 2 zero-shot (pre-train): 0.00%
[16:47:01] task=2  epoch=0  train_loss=0.9514
[16:47:04] task=2  epoch=END  time_sec=36.3  acc_task0=0.0  acc_task1=0.0  acc_task2=79.2
[16:47:04] 
============================================================
 Task 4/5  | Classes (6, 8)
============================================================
[16:47:04] Task 3 baseline (chance): 12.50%
[16:47:05] Task 3 zero-shot (pre-train): 0.00%
[16:47:42] task=3  epoch=0  train_loss=1.1344
[16:47:45] task=3  epoch=END  time_sec=36.6  acc_task0=0.0  acc_task1=0.0  acc_task2=0.0  acc_task3=86.4
[16:47:45] 
============================================================
 Task 5/5  | Classes (8, 10)
============================================================
[16:47:45] Task 4 baseline (chance): 10.00%
[16:47:46] Task 4 zero-shot (pre-train): 0.00%
[16:48:22] task=4  epoch=0  train_loss=1.5173
[16:48:27] task=4  epoch=END  time_sec=36.3  acc_task0=0.0  acc_task1=0.0  acc_task2=0.0  acc_task3=0.0  acc_task4=78.55
[16:48:27] 
Final Metrics:
  avg_accuracy         +15.7100
  forgetting           +81.3375
  backward_transfer    -81.3375
  forward_transfer     -16.0417
[16:48:27] 
Done - run: split_cifar10_si_der_buf500_seed1024
[16:48:27] Metrics: {'avg_accuracy': 15.71, 'forgetting': 81.3375, 'backward_transfer': -81.3375, 'forward_transfer': -16.0417}
