[16:35:33] Starting: split_cifar10_si_der_buf500_seed123
[16:35:33] Config: {'dataset': 'split_cifar10', 'data_root': 'Project/data_local', 'model': 'slim_resnet18', 'pretrained': False, 'method': 'si_der', 'n_epochs': 1, 'batch_size': 32, 'num_workers': 0, 'lr': 0.03, 'momentum': 0.9, 'weight_decay': 0.0001, 'fp16': False, 'buffer_size': 500, 'ewc_lambda': 100.0, 'fisher_samples': 200, 'si_lambda': 1.0, 'si_xi': 0.1, 'der_alpha': 0.5, 'xder_beta': 0.5, 'lwf_lambda': 1.0, 'lwf_temp': 2.0, 'icarl_distill_w': 1.0, 'icarl_temp': 2.0, 'use_nmc': True, 'agem_mem_batch': 64, 'distill_lambda': 1.0, 'distill_temp': 2.0, 'pc_distill_w': 1.0, 'pc_ewc_lambda': 100.0, 'pc_compress_epochs': 3, 'er_replay_ratio': 0.5, 'joint_replay_epochs': 1, 'disable_tqdm': True, 'disable_checkpoints': True, 'disable_plots': True, 'seeds': [42, 123, 456, 789, 1024], 'results_root': 'results_phase3_ablations', 'checkpoint_dir': 'results/checkpoints', 'figure_dir': 'results_phase3_ablations\\figures', 'log_dir': 'results_phase3_ablations\\raw', 'run_tag': 'buf500', 'run_name': 'split_cifar10_si_der_buf500_seed123', 'seed': 123}
[16:35:33] Device: cuda
[16:35:35] Dataset: SplitCIFAR10(tasks=5, classes_per_task=2, scenario=class-il)
[16:35:35] 
============================================================
 Task 1/5  | Classes (0, 2)
============================================================
[16:35:35] Task 0 baseline (chance): 50.00%
[16:36:04] task=0  epoch=0  train_loss=1.1225
[16:36:05] task=0  epoch=END  time_sec=28.8  acc_task0=83.7
[16:36:05] 
============================================================
 Task 2/5  | Classes (2, 4)
============================================================
[16:36:05] Task 1 baseline (chance): 25.00%
[16:36:05] Task 1 zero-shot (pre-train): 17.60%
[16:36:42] task=1  epoch=0  train_loss=0.8215
[16:36:44] task=1  epoch=END  time_sec=36.4  acc_task0=0.0  acc_task1=73.1
[16:36:44] 
============================================================
 Task 3/5  | Classes (4, 6)
============================================================
[16:36:44] Task 2 baseline (chance): 16.67%
[16:36:45] Task 2 zero-shot (pre-train): 0.00%
[16:37:21] task=2  epoch=0  train_loss=0.9631
[16:37:24] task=2  epoch=END  time_sec=36.5  acc_task0=0.0  acc_task1=0.0  acc_task2=77.2
[16:37:24] 
============================================================
 Task 4/5  | Classes (6, 8)
============================================================
[16:37:24] Task 3 baseline (chance): 12.50%
[16:37:25] Task 3 zero-shot (pre-train): 0.00%
[16:38:01] task=3  epoch=0  train_loss=1.3631
[16:38:05] task=3  epoch=END  time_sec=36.3  acc_task0=0.0  acc_task1=0.0  acc_task2=0.0  acc_task3=83.25
[16:38:05] 
============================================================
 Task 5/5  | Classes (8, 10)
============================================================
[16:38:05] Task 4 baseline (chance): 10.00%
[16:38:06] Task 4 zero-shot (pre-train): 0.00%
[16:38:42] task=4  epoch=0  train_loss=1.7363
[16:38:47] task=4  epoch=END  time_sec=36.6  acc_task0=0.0  acc_task1=0.0  acc_task2=0.0  acc_task3=0.0  acc_task4=79.5
[16:38:47] 
Final Metrics:
  avg_accuracy         +15.9000
  forgetting           +79.3125
  backward_transfer    -79.3125
  forward_transfer     -11.6417
[16:38:47] 
Done - run: split_cifar10_si_der_buf500_seed123
[16:38:47] Metrics: {'avg_accuracy': 15.9, 'forgetting': 79.3125, 'backward_transfer': -79.3125, 'forward_transfer': -11.6417}
