[16:42:00] Starting: split_cifar10_si_der_buf500_seed789
[16:42:00] Config: {'dataset': 'split_cifar10', 'data_root': 'Project/data_local', 'model': 'slim_resnet18', 'pretrained': False, 'method': 'si_der', 'n_epochs': 1, 'batch_size': 32, 'num_workers': 0, 'lr': 0.03, 'momentum': 0.9, 'weight_decay': 0.0001, 'fp16': False, 'buffer_size': 500, 'ewc_lambda': 100.0, 'fisher_samples': 200, 'si_lambda': 1.0, 'si_xi': 0.1, 'der_alpha': 0.5, 'xder_beta': 0.5, 'lwf_lambda': 1.0, 'lwf_temp': 2.0, 'icarl_distill_w': 1.0, 'icarl_temp': 2.0, 'use_nmc': True, 'agem_mem_batch': 64, 'distill_lambda': 1.0, 'distill_temp': 2.0, 'pc_distill_w': 1.0, 'pc_ewc_lambda': 100.0, 'pc_compress_epochs': 3, 'er_replay_ratio': 0.5, 'joint_replay_epochs': 1, 'disable_tqdm': True, 'disable_checkpoints': True, 'disable_plots': True, 'seeds': [42, 123, 456, 789, 1024], 'results_root': 'results_phase3_ablations', 'checkpoint_dir': 'results/checkpoints', 'figure_dir': 'results_phase3_ablations\\figures', 'log_dir': 'results_phase3_ablations\\raw', 'run_tag': 'buf500', 'run_name': 'split_cifar10_si_der_buf500_seed789', 'seed': 789}
[16:42:00] Device: cuda
[16:42:02] Dataset: SplitCIFAR10(tasks=5, classes_per_task=2, scenario=class-il)
[16:42:02] 
============================================================
 Task 1/5  | Classes (0, 2)
============================================================
[16:42:02] Task 0 baseline (chance): 50.00%
[16:42:31] task=0  epoch=0  train_loss=0.8651
[16:42:31] task=0  epoch=END  time_sec=28.8  acc_task0=77.65
[16:42:31] 
============================================================
 Task 2/5  | Classes (2, 4)
============================================================
[16:42:31] Task 1 baseline (chance): 25.00%
[16:42:32] Task 1 zero-shot (pre-train): 0.55%
[16:43:09] task=1  epoch=0  train_loss=0.8526
[16:43:11] task=1  epoch=END  time_sec=36.4  acc_task0=0.0  acc_task1=73.65
[16:43:11] 
============================================================
 Task 3/5  | Classes (4, 6)
============================================================
[16:43:11] Task 2 baseline (chance): 16.67%
[16:43:11] Task 2 zero-shot (pre-train): 0.00%
[16:43:48] task=2  epoch=0  train_loss=0.9942
[16:43:50] task=2  epoch=END  time_sec=36.2  acc_task0=0.0  acc_task1=0.0  acc_task2=78.35
[16:43:50] 
============================================================
 Task 4/5  | Classes (6, 8)
============================================================
[16:43:50] Task 3 baseline (chance): 12.50%
[16:43:51] Task 3 zero-shot (pre-train): 0.00%
[16:44:28] task=3  epoch=0  train_loss=1.1247
[16:44:31] task=3  epoch=END  time_sec=36.5  acc_task0=0.0  acc_task1=0.0  acc_task2=0.0  acc_task3=84.25
[16:44:31] 
============================================================
 Task 5/5  | Classes (8, 10)
============================================================
[16:44:31] Task 4 baseline (chance): 10.00%
[16:44:32] Task 4 zero-shot (pre-train): 0.00%
[16:45:09] task=4  epoch=0  train_loss=1.4446
[16:45:13] task=4  epoch=END  time_sec=36.3  acc_task0=0.0  acc_task1=0.0  acc_task2=0.0  acc_task3=0.0  acc_task4=82.9
[16:45:13] 
Final Metrics:
  avg_accuracy         +16.5800
  forgetting           +78.4750
  backward_transfer    -78.4750
  forward_transfer     -15.9042
[16:45:13] 
Done - run: split_cifar10_si_der_buf500_seed789
[16:45:13] Metrics: {'avg_accuracy': 16.58, 'forgetting': 78.475, 'backward_transfer': -78.475, 'forward_transfer': -15.9042}
