[06:39:47] Starting: permuted_mnist_si_der_ntasks10_seed123
[06:39:47] Config: {'dataset': 'permuted_mnist', 'data_root': 'F:\\Temp\\cf\\Catastrophic Forgetting\\research_v2\\Project\\data_local', 'dataset_image_size': 32, 'dataset_out_channels': None, 'model': 'slim_resnet18', 'pretrained': False, 'model_image_size': None, 'method': 'si_der', 'n_epochs': 1, 'batch_size': 32, 'num_workers': 2, 'lr': 0.03, 'momentum': 0.9, 'weight_decay': 0.0001, 'fp16': False, 'buffer_size': 200, 'ewc_lambda': 100.0, 'fisher_samples': 200, 'si_lambda': 1.0, 'si_xi': 0.1, 'der_alpha': 0.5, 'xder_beta': 0.5, 'lwf_lambda': 1.0, 'lwf_temp': 2.0, 'icarl_distill_w': 1.0, 'icarl_temp': 2.0, 'use_nmc': True, 'agem_mem_batch': 64, 'distill_lambda': 1.0, 'distill_temp': 2.0, 'pc_distill_w': 1.0, 'pc_ewc_lambda': 100.0, 'pc_compress_epochs': 3, 'er_replay_ratio': 0.5, 'joint_replay_epochs': 1, 'disable_tqdm': True, 'disable_checkpoints': False, 'disable_plots': True, 'resume': False, 'cleanup_checkpoints_on_success': True, 'result_group': 'ablations', 'ablation_family': 'tasklen', 'seeds': [42, 123, 456, 789, 1024], 'results_root': 'F:\\Temp\\cf\\Catastrophic Forgetting\\research_v2\\results', 'n_tasks': 10, 'run_tag': 'ntasks10', 'seed': 123, 'run_name': 'permuted_mnist_si_der_ntasks10_seed123', 'project_root': 'F:\\Temp\\cf\\Catastrophic Forgetting\\research_v2\\Project', 'workspace_root': 'F:\\Temp\\cf\\Catastrophic Forgetting\\research_v2', 'run_root': 'F:\\Temp\\cf\\Catastrophic Forgetting\\research_v2\\results\\ablations\\epoch_1\\permuted_mnist\\tasklen\\si_der__ntasks10\\seed_123', 'log_dir': 'F:\\Temp\\cf\\Catastrophic Forgetting\\research_v2\\results\\ablations\\epoch_1\\permuted_mnist\\tasklen\\si_der__ntasks10\\seed_123\\logs', 'metrics_dir': 'F:\\Temp\\cf\\Catastrophic Forgetting\\research_v2\\results\\ablations\\epoch_1\\permuted_mnist\\tasklen\\si_der__ntasks10\\seed_123\\metrics', 'checkpoint_dir': 'F:\\Temp\\cf\\Catastrophic Forgetting\\research_v2\\results\\ablations\\epoch_1\\permuted_mnist\\tasklen\\si_der__ntasks10\\seed_123\\checkpoints', 'artifact_dir': 'F:\\Temp\\cf\\Catastrophic Forgetting\\research_v2\\results\\ablations\\epoch_1\\permuted_mnist\\tasklen\\si_der__ntasks10\\seed_123\\artifacts', 'figure_dir': 'F:\\Temp\\cf\\Catastrophic Forgetting\\research_v2\\results\\figures\\ablations\\epoch_1\\permuted_mnist\\tasklen\\si_der__ntasks10\\seed_123'}
[06:39:47] Device: cuda
[06:39:48] Dataset: PermutedMNIST(tasks=10, classes_per_task=10, scenario=domain-il)
[06:39:48] 
============================================================
 Task 1/10  | Classes (0, 10)
============================================================
[06:39:48] Task 0 baseline (chance): 10.00%
[06:42:23] task=0  epoch=0  train_loss=0.3407
[06:42:36] task=0  epoch=END  time_sec=155.5  acc_task0=97.05
[06:42:36] 
============================================================
 Task 2/10  | Classes (0, 10)
============================================================
[06:42:36] Task 1 baseline (chance): 10.00%
[06:42:50] Task 1 zero-shot (pre-train): 14.37%
[06:46:06] task=1  epoch=0  train_loss=0.2497
[06:46:35] task=1  epoch=END  time_sec=196.7  acc_task0=92.97  acc_task1=97.05
[06:46:35] 
============================================================
 Task 3/10  | Classes (0, 10)
============================================================
[06:46:35] Task 2 baseline (chance): 10.00%
[06:46:49] Task 2 zero-shot (pre-train): 11.27%
[06:49:46] task=2  epoch=0  train_loss=0.2236
[06:50:25] task=2  epoch=END  time_sec=177.1  acc_task0=88.2  acc_task1=93.66  acc_task2=97.15
[06:50:25] 
============================================================
 Task 4/10  | Classes (0, 10)
============================================================
[06:50:25] Task 3 baseline (chance): 10.00%
[06:50:37] Task 3 zero-shot (pre-train): 13.78%
[06:53:39] task=3  epoch=0  train_loss=0.2116
[06:54:32] task=3  epoch=END  time_sec=181.9  acc_task0=83.63  acc_task1=85.21  acc_task2=93.96  acc_task3=97.18
[06:54:32] 
============================================================
 Task 5/10  | Classes (0, 10)
============================================================
[06:54:32] Task 4 baseline (chance): 10.00%
[06:54:46] Task 4 zero-shot (pre-train): 10.30%
[06:57:53] task=4  epoch=0  train_loss=0.2056
[06:58:58] task=4  epoch=END  time_sec=187.2  acc_task0=77.34  acc_task1=79.47  acc_task2=87.82  acc_task3=92.59  acc_task4=97.27
[06:58:58] 
============================================================
 Task 6/10  | Classes (0, 10)
============================================================
[06:58:58] Task 5 baseline (chance): 10.00%
[06:59:10] Task 5 zero-shot (pre-train): 7.48%
[07:02:18] task=5  epoch=0  train_loss=0.2011
[07:03:36] task=5  epoch=END  time_sec=187.7  acc_task0=72.9  acc_task1=72.86  acc_task2=84.41  acc_task3=87.43  acc_task4=92.73  acc_task5=97.3
[07:03:36] 
============================================================
 Task 7/10  | Classes (0, 10)
============================================================
[07:03:36] Task 6 baseline (chance): 10.00%
[07:03:48] Task 6 zero-shot (pre-train): 10.05%
[07:06:55] task=6  epoch=0  train_loss=0.1971
[07:08:26] task=6  epoch=END  time_sec=186.7  acc_task0=69.68  acc_task1=70.44  acc_task2=77.17  acc_task3=79.3  acc_task4=86.13  acc_task5=93.29  acc_task6=97.38
[07:08:26] 
============================================================
 Task 8/10  | Classes (0, 10)
============================================================
[07:08:26] Task 7 baseline (chance): 10.00%
[07:08:40] Task 7 zero-shot (pre-train): 11.98%
[07:11:45] task=7  epoch=0  train_loss=0.1964
[07:13:26] task=7  epoch=END  time_sec=185.2  acc_task0=64.32  acc_task1=65.26  acc_task2=73.56  acc_task3=73.63  acc_task4=75.03  acc_task5=86.48  acc_task6=94.0  acc_task7=97.38
[07:13:26] 
============================================================
 Task 9/10  | Classes (0, 10)
============================================================
[07:13:27] Task 8 baseline (chance): 10.00%
[07:13:40] Task 8 zero-shot (pre-train): 11.31%
[07:16:36] task=8  epoch=0  train_loss=0.1959
[07:18:33] task=8  epoch=END  time_sec=176.1  acc_task0=60.44  acc_task1=62.85  acc_task2=67.79  acc_task3=70.6  acc_task4=66.09  acc_task5=70.81  acc_task6=86.61  acc_task7=94.05  acc_task8=97.49
[07:18:33] 
============================================================
 Task 10/10  | Classes (0, 10)
============================================================
[07:18:33] Task 9 baseline (chance): 10.00%
[07:18:45] Task 9 zero-shot (pre-train): 12.96%
[07:21:55] task=9  epoch=0  train_loss=0.1946
[07:24:01] task=9  epoch=END  time_sec=189.7  acc_task0=50.39  acc_task1=63.9  acc_task2=64.67  acc_task3=70.03  acc_task4=60.3  acc_task5=62.27  acc_task6=75.08  acc_task7=89.44  acc_task8=94.74  acc_task9=97.38
[07:24:02] 
Final Metrics:
  avg_accuracy         +72.8200
  forgetting           +27.1589
  backward_transfer    -27.1589
  forward_transfer     +1.5000
[07:24:02] 
Done - run: permuted_mnist_si_der_ntasks10_seed123
[07:24:02] Metrics: {'avg_accuracy': 72.82, 'forgetting': 27.1589, 'backward_transfer': -27.1589, 'forward_transfer': 1.5}
[07:24:02] Deleted 10 checkpoint(s) after successful completion.
