[02:52:20] Starting: split_cifar10_er_ewc_buf100_seed1024
[02:52:20] Config: {'dataset': 'split_cifar10', 'data_root': 'F:\\Temp\\cf\\Catastrophic Forgetting\\research_v2\\Project\\data_local', 'dataset_image_size': None, 'dataset_out_channels': None, 'model': 'slim_resnet18', 'pretrained': False, 'model_image_size': None, 'method': 'er_ewc', 'n_epochs': 1, 'batch_size': 32, 'num_workers': 0, 'lr': 0.03, 'momentum': 0.9, 'weight_decay': 0.0001, 'fp16': False, 'buffer_size': 100, 'ewc_lambda': 100.0, 'fisher_samples': 200, 'si_lambda': 1.0, 'si_xi': 0.1, 'der_alpha': 0.5, 'xder_beta': 0.5, 'lwf_lambda': 1.0, 'lwf_temp': 2.0, 'icarl_distill_w': 1.0, 'icarl_temp': 2.0, 'use_nmc': True, 'agem_mem_batch': 64, 'distill_lambda': 1.0, 'distill_temp': 2.0, 'pc_distill_w': 1.0, 'pc_ewc_lambda': 100.0, 'pc_compress_epochs': 3, 'er_replay_ratio': 0.5, 'joint_replay_epochs': 1, 'disable_tqdm': True, 'disable_checkpoints': False, 'disable_plots': True, 'resume': False, 'cleanup_checkpoints_on_success': True, 'result_group': 'ablations', 'ablation_family': 'buffer', 'seeds': [42, 123, 456, 789, 1024], 'results_root': 'F:\\Temp\\cf\\Catastrophic Forgetting\\research_v2\\results', 'run_tag': 'buf100', 'seed': 1024, 'run_name': 'split_cifar10_er_ewc_buf100_seed1024', 'project_root': 'F:\\Temp\\cf\\Catastrophic Forgetting\\research_v2\\Project', 'workspace_root': 'F:\\Temp\\cf\\Catastrophic Forgetting\\research_v2', 'run_root': 'F:\\Temp\\cf\\Catastrophic Forgetting\\research_v2\\results\\ablations\\epoch_1\\split_cifar10\\buffer\\er_ewc__buf100\\seed_1024', 'log_dir': 'F:\\Temp\\cf\\Catastrophic Forgetting\\research_v2\\results\\ablations\\epoch_1\\split_cifar10\\buffer\\er_ewc__buf100\\seed_1024\\logs', 'metrics_dir': 'F:\\Temp\\cf\\Catastrophic Forgetting\\research_v2\\results\\ablations\\epoch_1\\split_cifar10\\buffer\\er_ewc__buf100\\seed_1024\\metrics', 'checkpoint_dir': 'F:\\Temp\\cf\\Catastrophic Forgetting\\research_v2\\results\\ablations\\epoch_1\\split_cifar10\\buffer\\er_ewc__buf100\\seed_1024\\checkpoints', 'artifact_dir': 'F:\\Temp\\cf\\Catastrophic Forgetting\\research_v2\\results\\ablations\\epoch_1\\split_cifar10\\buffer\\er_ewc__buf100\\seed_1024\\artifacts', 'figure_dir': 'F:\\Temp\\cf\\Catastrophic Forgetting\\research_v2\\results\\figures\\ablations\\epoch_1\\split_cifar10\\buffer\\er_ewc__buf100\\seed_1024'}
[02:52:20] Device: cuda
[02:52:23] Dataset: SplitCIFAR10(tasks=5, classes_per_task=2, scenario=class-il)
[02:52:23] 
============================================================
 Task 1/5  | Classes (0, 2)
============================================================
[02:52:23] Task 0 baseline (chance): 50.00%
[02:52:42] task=0  epoch=0  train_loss=0.4125
[02:52:43] task=0  epoch=END  time_sec=19.0  acc_task0=89.8
[02:52:43] 
============================================================
 Task 2/5  | Classes (2, 4)
============================================================
[02:52:43] Task 1 baseline (chance): 25.00%
[02:52:45] Task 1 zero-shot (pre-train): 1.60%
[02:53:15] task=1  epoch=0  train_loss=0.6279
[02:53:17] task=1  epoch=END  time_sec=30.1  acc_task0=12.15  acc_task1=73.15
[02:53:17] 
============================================================
 Task 3/5  | Classes (4, 6)
============================================================
[02:53:17] Task 2 baseline (chance): 16.67%
[02:53:19] Task 2 zero-shot (pre-train): 0.00%
[02:54:04] task=2  epoch=0  train_loss=0.595
[02:54:08] task=2  epoch=END  time_sec=45.0  acc_task0=13.9  acc_task1=2.25  acc_task2=79.7
[02:54:08] 
============================================================
 Task 4/5  | Classes (6, 8)
============================================================
[02:54:08] Task 3 baseline (chance): 12.50%
[02:54:09] Task 3 zero-shot (pre-train): 0.00%
[02:55:04] task=3  epoch=0  train_loss=0.4456
[02:55:08] task=3  epoch=END  time_sec=54.8  acc_task0=14.45  acc_task1=0.1  acc_task2=1.05  acc_task3=86.5
[02:55:08] 
============================================================
 Task 5/5  | Classes (8, 10)
============================================================
[02:55:08] Task 4 baseline (chance): 10.00%
[02:55:09] Task 4 zero-shot (pre-train): 0.00%
[02:55:56] task=4  epoch=0  train_loss=0.4239
[02:56:01] task=4  epoch=END  time_sec=47.6  acc_task0=0.45  acc_task1=0.25  acc_task2=5.25  acc_task3=7.05  acc_task4=89.95
[02:56:02] 
Final Metrics:
  avg_accuracy         +20.5900
  forgetting           +79.0375
  backward_transfer    -79.0375
  forward_transfer     -15.6417
[02:56:02] 
Done - run: split_cifar10_er_ewc_buf100_seed1024
[02:56:02] Metrics: {'avg_accuracy': 20.59, 'forgetting': 79.0375, 'backward_transfer': -79.0375, 'forward_transfer': -15.6417}
[02:56:02] Deleted 5 checkpoint(s) after successful completion.
