[15:41:30] Starting: split_mini_imagenet_si_der_seed1024
[15:41:30] Config: {'dataset': 'split_mini_imagenet', 'data_root': 'F:\\Temp\\cf\\Catastrophic Forgetting\\research_v2\\Project\\data_local\\mini-imagenet', 'dataset_image_size': None, 'dataset_out_channels': None, 'model': 'slim_resnet18', 'pretrained': False, 'model_image_size': None, 'method': 'si_der', 'n_epochs': 1, 'batch_size': 32, 'num_workers': 0, 'lr': 0.03, 'momentum': 0.9, 'weight_decay': 0.0001, 'fp16': True, 'buffer_size': 200, 'ewc_lambda': 100.0, 'fisher_samples': 200, 'si_lambda': 1.0, 'si_xi': 0.1, 'der_alpha': 0.5, 'xder_beta': 0.5, 'lwf_lambda': 1.0, 'lwf_temp': 2.0, 'icarl_distill_w': 1.0, 'icarl_temp': 2.0, 'use_nmc': True, 'agem_mem_batch': 64, 'distill_lambda': 1.0, 'distill_temp': 2.0, 'pc_distill_w': 1.0, 'pc_ewc_lambda': 100.0, 'pc_compress_epochs': 3, 'er_replay_ratio': 0.5, 'joint_replay_epochs': 1, 'disable_tqdm': True, 'disable_checkpoints': False, 'disable_plots': False, 'resume': True, 'cleanup_checkpoints_on_success': True, 'result_group': 'runs', 'ablation_family': None, 'seeds': [42, 123, 456, 789, 1024], 'results_root': 'F:\\Temp\\cf\\Catastrophic Forgetting\\research_v2\\results', 'seed': 1024, 'run_name': 'split_mini_imagenet_si_der_seed1024', 'project_root': 'F:\\Temp\\cf\\Catastrophic Forgetting\\research_v2\\Project', 'workspace_root': 'F:\\Temp\\cf\\Catastrophic Forgetting\\research_v2', 'run_root': 'F:\\Temp\\cf\\Catastrophic Forgetting\\research_v2\\results\\runs\\epoch_1\\split_mini_imagenet\\hybrids\\si_der\\seed_1024', 'log_dir': 'F:\\Temp\\cf\\Catastrophic Forgetting\\research_v2\\results\\runs\\epoch_1\\split_mini_imagenet\\hybrids\\si_der\\seed_1024\\logs', 'metrics_dir': 'F:\\Temp\\cf\\Catastrophic Forgetting\\research_v2\\results\\runs\\epoch_1\\split_mini_imagenet\\hybrids\\si_der\\seed_1024\\metrics', 'checkpoint_dir': 'F:\\Temp\\cf\\Catastrophic Forgetting\\research_v2\\results\\runs\\epoch_1\\split_mini_imagenet\\hybrids\\si_der\\seed_1024\\checkpoints', 'artifact_dir': 'F:\\Temp\\cf\\Catastrophic Forgetting\\research_v2\\results\\runs\\epoch_1\\split_mini_imagenet\\hybrids\\si_der\\seed_1024\\artifacts', 'figure_dir': 'F:\\Temp\\cf\\Catastrophic Forgetting\\research_v2\\results\\figures\\epoch_1\\split_mini_imagenet\\hybrids\\si_der\\seed_1024'}
[15:41:30] Device: cuda
[15:41:31] Dataset: SplitMiniImageNet(tasks=20, classes_per_task=5, scenario=class-il)
[15:41:32] 
============================================================
 Task 1/20  | Classes (0, 5)
============================================================
[15:41:32] Task 0 baseline (chance): 20.00%
[15:41:59] task=0  epoch=0  train_loss=1.7953
[15:42:02] task=0  epoch=END  time_sec=27.0  acc_task0=27.17
[15:42:02] 
============================================================
 Task 2/20  | Classes (5, 10)
============================================================
[15:42:02] Task 1 baseline (chance): 10.00%
[15:42:06] Task 1 zero-shot (pre-train): 4.67%
[15:42:36] task=1  epoch=0  train_loss=1.746
[15:42:44] task=1  epoch=END  time_sec=30.4  acc_task0=0.0  acc_task1=57.67
[15:42:44] 
============================================================
 Task 3/20  | Classes (10, 15)
============================================================
[15:42:44] Task 2 baseline (chance): 6.67%
[15:42:48] Task 2 zero-shot (pre-train): 0.00%
[15:43:15] task=2  epoch=0  train_loss=2.1759
[15:43:25] task=2  epoch=END  time_sec=27.2  acc_task0=0.0  acc_task1=0.0  acc_task2=35.83
[15:43:25] 
============================================================
 Task 4/20  | Classes (15, 20)
============================================================
[15:43:25] Task 3 baseline (chance): 5.00%
[15:43:29] Task 3 zero-shot (pre-train): 0.00%
[15:43:58] task=3  epoch=0  train_loss=2.7032
[15:44:11] task=3  epoch=END  time_sec=29.1  acc_task0=0.0  acc_task1=0.0  acc_task2=0.0  acc_task3=32.83
[15:44:11] 
============================================================
 Task 5/20  | Classes (20, 25)
============================================================
[15:44:11] Task 4 baseline (chance): 4.00%
[15:44:15] Task 4 zero-shot (pre-train): 0.00%
[15:44:44] task=4  epoch=0  train_loss=3.6141
[15:45:01] task=4  epoch=END  time_sec=28.7  acc_task0=0.0  acc_task1=0.0  acc_task2=0.0  acc_task3=0.0  acc_task4=32.33
[15:45:01] 
============================================================
 Task 6/20  | Classes (25, 30)
============================================================
[15:45:01] Task 5 baseline (chance): 3.33%
[15:45:05] Task 5 zero-shot (pre-train): 0.00%
[15:45:35] task=5  epoch=0  train_loss=4.1257
[15:45:55] task=5  epoch=END  time_sec=29.7  acc_task0=0.0  acc_task1=0.0  acc_task2=0.0  acc_task3=0.0  acc_task4=0.0  acc_task5=34.83
[15:45:56] 
============================================================
 Task 7/20  | Classes (30, 35)
============================================================
[15:45:56] Task 6 baseline (chance): 2.86%
[15:45:59] Task 6 zero-shot (pre-train): 0.00%
[15:46:27] task=6  epoch=0  train_loss=4.6528
[15:46:51] task=6  epoch=END  time_sec=27.6  acc_task0=0.0  acc_task1=0.0  acc_task2=0.0  acc_task3=0.0  acc_task4=0.0  acc_task5=0.0  acc_task6=23.33
[15:46:51] 
============================================================
 Task 8/20  | Classes (35, 40)
============================================================
[15:46:51] Task 7 baseline (chance): 2.50%
[15:46:55] Task 7 zero-shot (pre-train): 0.00%
[15:47:25] task=7  epoch=0  train_loss=4.9389
[15:47:52] task=7  epoch=END  time_sec=30.2  acc_task0=0.0  acc_task1=0.0  acc_task2=0.0  acc_task3=0.0  acc_task4=0.0  acc_task5=0.0  acc_task6=0.0  acc_task7=30.83
[15:47:53] 
============================================================
 Task 9/20  | Classes (40, 45)
============================================================
[15:47:53] Task 8 baseline (chance): 2.22%
[15:47:57] Task 8 zero-shot (pre-train): 0.00%
[15:48:29] task=8  epoch=0  train_loss=5.2739
[15:48:59] task=8  epoch=END  time_sec=31.4  acc_task0=0.0  acc_task1=0.0  acc_task2=0.0  acc_task3=0.0  acc_task4=0.0  acc_task5=0.0  acc_task6=0.0  acc_task7=0.0  acc_task8=34.33
[15:49:00] 
============================================================
 Task 10/20  | Classes (45, 50)
============================================================
[15:49:00] Task 9 baseline (chance): 2.00%
[15:49:03] Task 9 zero-shot (pre-train): 0.00%
[15:49:30] task=9  epoch=0  train_loss=5.0679
[15:50:03] task=9  epoch=END  time_sec=26.8  acc_task0=0.0  acc_task1=0.0  acc_task2=0.0  acc_task3=0.0  acc_task4=0.0  acc_task5=0.0  acc_task6=0.0  acc_task7=0.0  acc_task8=0.0  acc_task9=26.33
[15:50:04] 
============================================================
 Task 11/20  | Classes (50, 55)
============================================================
[15:50:04] Task 10 baseline (chance): 1.82%
[15:50:08] Task 10 zero-shot (pre-train): 0.00%
[15:50:37] task=10  epoch=0  train_loss=5.2307
[15:51:14] task=10  epoch=END  time_sec=29.1  acc_task0=0.0  acc_task1=0.0  acc_task2=0.0  acc_task3=0.0  acc_task4=0.0  acc_task5=0.0  acc_task6=0.0  acc_task7=0.0  acc_task8=0.0  acc_task9=0.0  acc_task10=36.0
[15:51:14] 
============================================================
 Task 12/20  | Classes (55, 60)
============================================================
[15:51:14] Task 11 baseline (chance): 1.67%
[15:51:18] Task 11 zero-shot (pre-train): 0.00%
[15:51:47] task=11  epoch=0  train_loss=5.5667
[15:52:26] task=11  epoch=END  time_sec=28.8  acc_task0=0.0  acc_task1=0.0  acc_task2=0.0  acc_task3=0.0  acc_task4=0.0  acc_task5=0.0  acc_task6=0.0  acc_task7=0.0  acc_task8=0.0  acc_task9=0.0  acc_task10=0.0  acc_task11=28.33
[15:52:27] 
============================================================
 Task 13/20  | Classes (60, 65)
============================================================
[15:52:27] Task 12 baseline (chance): 1.54%
[15:52:30] Task 12 zero-shot (pre-train): 0.00%
[15:52:58] task=12  epoch=0  train_loss=5.8562
[15:53:41] task=12  epoch=END  time_sec=28.1  acc_task0=0.0  acc_task1=0.0  acc_task2=0.0  acc_task3=0.0  acc_task4=0.0  acc_task5=0.0  acc_task6=0.0  acc_task7=0.0  acc_task8=0.0  acc_task9=0.0  acc_task10=0.0  acc_task11=0.0  acc_task12=27.0
[15:53:42] 
============================================================
 Task 14/20  | Classes (65, 70)
============================================================
[15:53:42] Task 13 baseline (chance): 1.43%
[15:53:46] Task 13 zero-shot (pre-train): 0.00%
[15:54:14] task=13  epoch=0  train_loss=5.9549
[15:55:01] task=13  epoch=END  time_sec=28.9  acc_task0=0.0  acc_task1=0.0  acc_task2=0.0  acc_task3=0.0  acc_task4=0.0  acc_task5=0.0  acc_task6=0.0  acc_task7=0.0  acc_task8=0.0  acc_task9=0.0  acc_task10=0.0  acc_task11=0.0  acc_task12=0.0  acc_task13=26.5
[15:55:01] 
============================================================
 Task 15/20  | Classes (70, 75)
============================================================
[15:55:01] Task 14 baseline (chance): 1.33%
[15:55:05] Task 14 zero-shot (pre-train): 0.00%
[15:55:33] task=14  epoch=0  train_loss=6.3471
[15:56:22] task=14  epoch=END  time_sec=28.0  acc_task0=0.0  acc_task1=0.0  acc_task2=0.0  acc_task3=0.0  acc_task4=0.0  acc_task5=0.0  acc_task6=0.0  acc_task7=0.0  acc_task8=0.0  acc_task9=0.0  acc_task10=0.0  acc_task11=0.0  acc_task12=0.0  acc_task13=0.0  acc_task14=44.17
[15:56:23] 
============================================================
 Task 16/20  | Classes (75, 80)
============================================================
[15:56:23] Task 15 baseline (chance): 1.25%
[15:56:27] Task 15 zero-shot (pre-train): 0.00%
[15:56:57] task=15  epoch=0  train_loss=6.2704
[15:57:50] task=15  epoch=END  time_sec=30.1  acc_task0=0.0  acc_task1=0.0  acc_task2=0.0  acc_task3=0.0  acc_task4=0.0  acc_task5=0.0  acc_task6=0.0  acc_task7=0.0  acc_task8=0.0  acc_task9=0.0  acc_task10=0.0  acc_task11=0.0  acc_task12=0.0  acc_task13=0.0  acc_task14=0.0  acc_task15=37.67
[15:57:51] 
============================================================
 Task 17/20  | Classes (80, 85)
============================================================
[15:57:51] Task 16 baseline (chance): 1.18%
[15:57:55] Task 16 zero-shot (pre-train): 0.00%
[15:58:25] task=16  epoch=0  train_loss=5.7056
[15:59:23] task=16  epoch=END  time_sec=30.5  acc_task0=0.0  acc_task1=0.0  acc_task2=0.0  acc_task3=0.0  acc_task4=0.0  acc_task5=0.0  acc_task6=0.0  acc_task7=0.0  acc_task8=0.0  acc_task9=0.0  acc_task10=0.0  acc_task11=0.0  acc_task12=0.0  acc_task13=0.0  acc_task14=0.0  acc_task15=0.0  acc_task16=40.83
[15:59:24] 
============================================================
 Task 18/20  | Classes (85, 90)
============================================================
[15:59:24] Task 17 baseline (chance): 1.11%
[15:59:28] Task 17 zero-shot (pre-train): 0.00%
[15:59:57] task=17  epoch=0  train_loss=5.6604
[16:01:05] task=17  epoch=END  time_sec=29.5  acc_task0=0.0  acc_task1=0.0  acc_task2=0.0  acc_task3=0.0  acc_task4=0.0  acc_task5=0.0  acc_task6=0.0  acc_task7=0.0  acc_task8=0.0  acc_task9=0.0  acc_task10=0.0  acc_task11=0.0  acc_task12=0.0  acc_task13=0.0  acc_task14=0.0  acc_task15=0.0  acc_task16=0.0  acc_task17=32.67
[16:01:06] 
============================================================
 Task 19/20  | Classes (90, 95)
============================================================
[16:01:06] Task 18 baseline (chance): 1.05%
[16:01:10] Task 18 zero-shot (pre-train): 0.00%
[16:01:39] task=18  epoch=0  train_loss=6.1445
[16:02:43] task=18  epoch=END  time_sec=29.6  acc_task0=0.0  acc_task1=0.0  acc_task2=0.0  acc_task3=0.0  acc_task4=0.0  acc_task5=0.0  acc_task6=0.0  acc_task7=0.0  acc_task8=0.0  acc_task9=0.0  acc_task10=0.0  acc_task11=0.0  acc_task12=0.0  acc_task13=0.0  acc_task14=0.0  acc_task15=0.0  acc_task16=0.0  acc_task17=0.0  acc_task18=37.0
[16:02:44] 
============================================================
 Task 20/20  | Classes (95, 100)
============================================================
[16:02:44] Task 19 baseline (chance): 1.00%
[16:02:48] Task 19 zero-shot (pre-train): 0.00%
[16:03:18] task=19  epoch=0  train_loss=5.9426
[16:04:24] task=19  epoch=END  time_sec=30.3  acc_task0=0.0  acc_task1=0.0  acc_task2=0.0  acc_task3=0.0  acc_task4=0.0  acc_task5=0.0  acc_task6=0.0  acc_task7=0.0  acc_task8=0.0  acc_task9=0.0  acc_task10=0.0  acc_task11=0.0  acc_task12=0.0  acc_task13=0.0  acc_task14=0.0  acc_task15=0.0  acc_task16=0.0  acc_task17=0.0  acc_task18=0.0  acc_task19=45.33
[16:04:25] 
Final Metrics:
  avg_accuracy         +2.2667
  forgetting           +33.9825
  backward_transfer    -33.9825
  forward_transfer     -2.4888
[16:04:27] 
Done - run: split_mini_imagenet_si_der_seed1024
[16:04:27] Metrics: {'avg_accuracy': 2.2667, 'forgetting': 33.9825, 'backward_transfer': -33.9825, 'forward_transfer': -2.4888}
[16:04:27] Deleted 20 checkpoint(s) after successful completion.
