[06:52:51] Starting: permuted_mnist_icarl_seed42
[06:52:51] Config: {'dataset': 'permuted_mnist', 'data_root': 'F:\\Temp\\cf\\Catastrophic Forgetting\\research_v2\\Project\\data_local', 'dataset_image_size': None, 'dataset_out_channels': None, 'model': 'resnet8', 'pretrained': False, 'model_image_size': None, 'method': 'icarl', 'n_epochs': 1, 'batch_size': 32, 'num_workers': 0, 'lr': 0.03, 'momentum': 0.9, 'weight_decay': 0.0001, 'fp16': False, 'buffer_size': 500, 'ewc_lambda': 100.0, 'fisher_samples': 200, 'si_lambda': 1.0, 'si_xi': 0.1, 'der_alpha': 0.5, 'xder_beta': 0.5, 'lwf_lambda': 1.0, 'lwf_temp': 2.0, 'icarl_distill_w': 1.0, 'icarl_temp': 2.0, 'use_nmc': True, 'agem_mem_batch': 64, 'distill_lambda': 1.0, 'distill_temp': 2.0, 'pc_distill_w': 1.0, 'pc_ewc_lambda': 100.0, 'pc_compress_epochs': 3, 'er_replay_ratio': 0.5, 'joint_replay_epochs': 1, 'disable_tqdm': True, 'disable_checkpoints': False, 'disable_plots': False, 'resume': True, 'cleanup_checkpoints_on_success': True, 'result_group': 'runs', 'ablation_family': None, 'seeds': [42, 123, 456, 789, 1024], 'results_root': 'F:\\Temp\\cf\\Catastrophic Forgetting\\research_v2\\results', 'seed': 42, 'run_name': 'permuted_mnist_icarl_seed42', 'project_root': 'F:\\Temp\\cf\\Catastrophic Forgetting\\research_v2\\Project', 'workspace_root': 'F:\\Temp\\cf\\Catastrophic Forgetting\\research_v2', 'run_root': 'F:\\Temp\\cf\\Catastrophic Forgetting\\research_v2\\results\\runs\\epoch_1\\permuted_mnist\\hybrids\\icarl\\seed_42', 'log_dir': 'F:\\Temp\\cf\\Catastrophic Forgetting\\research_v2\\results\\runs\\epoch_1\\permuted_mnist\\hybrids\\icarl\\seed_42\\logs', 'metrics_dir': 'F:\\Temp\\cf\\Catastrophic Forgetting\\research_v2\\results\\runs\\epoch_1\\permuted_mnist\\hybrids\\icarl\\seed_42\\metrics', 'checkpoint_dir': 'F:\\Temp\\cf\\Catastrophic Forgetting\\research_v2\\results\\runs\\epoch_1\\permuted_mnist\\hybrids\\icarl\\seed_42\\checkpoints', 'artifact_dir': 'F:\\Temp\\cf\\Catastrophic Forgetting\\research_v2\\results\\runs\\epoch_1\\permuted_mnist\\hybrids\\icarl\\seed_42\\artifacts', 'figure_dir': 'F:\\Temp\\cf\\Catastrophic Forgetting\\research_v2\\results\\figures\\epoch_1\\permuted_mnist\\hybrids\\icarl\\seed_42'}
[06:52:51] Device: cuda
[06:52:51] Dataset: PermutedMNIST(tasks=10, classes_per_task=10, scenario=domain-il)
[06:52:51] 
============================================================
 Task 1/10  | Classes (0, 10)
============================================================
[06:52:51] Task 0 baseline (chance): 10.00%
[06:53:10] task=0  epoch=0  train_loss=0.3168
[06:53:24] task=0  epoch=END  time_sec=19.3  acc_task0=95.28
[06:53:24] 
============================================================
 Task 2/10  | Classes (0, 10)
============================================================
[06:53:24] Task 1 baseline (chance): 10.00%
[06:53:26] Task 1 zero-shot (pre-train): 8.80%
[06:53:50] task=1  epoch=0  train_loss=1.3337
[06:54:06] task=1  epoch=END  time_sec=24.0  acc_task0=92.72  acc_task1=40.61
[06:54:06] 
============================================================
 Task 3/10  | Classes (0, 10)
============================================================
[06:54:07] Task 2 baseline (chance): 10.00%
[06:54:08] Task 2 zero-shot (pre-train): 14.23%
[06:54:33] task=2  epoch=0  train_loss=1.2272
[06:54:49] task=2  epoch=END  time_sec=24.3  acc_task0=91.67  acc_task1=32.23  acc_task2=45.0
[06:54:49] 
============================================================
 Task 4/10  | Classes (0, 10)
============================================================
[06:54:49] Task 3 baseline (chance): 10.00%
[06:54:51] Task 3 zero-shot (pre-train): 12.91%
[06:55:14] task=3  epoch=0  train_loss=1.0364
[06:55:34] task=3  epoch=END  time_sec=23.1  acc_task0=90.25  acc_task1=25.97  acc_task2=36.33  acc_task3=37.98
[06:55:34] 
============================================================
 Task 5/10  | Classes (0, 10)
============================================================
[06:55:34] Task 4 baseline (chance): 10.00%
[06:55:36] Task 4 zero-shot (pre-train): 10.86%
[06:56:02] task=4  epoch=0  train_loss=1.0143
[06:56:22] task=4  epoch=END  time_sec=25.6  acc_task0=88.98  acc_task1=15.9  acc_task2=23.51  acc_task3=26.86  acc_task4=28.5
[06:56:23] 
============================================================
 Task 6/10  | Classes (0, 10)
============================================================
[06:56:23] Task 5 baseline (chance): 10.00%
[06:56:25] Task 5 zero-shot (pre-train): 9.50%
[06:56:47] task=5  epoch=0  train_loss=1.019
[06:57:10] task=5  epoch=END  time_sec=22.6  acc_task0=88.48  acc_task1=13.54  acc_task2=14.02  acc_task3=19.51  acc_task4=23.45  acc_task5=22.6
[06:57:10] 
============================================================
 Task 7/10  | Classes (0, 10)
============================================================
[06:57:10] Task 6 baseline (chance): 10.00%
[06:57:12] Task 6 zero-shot (pre-train): 9.09%
[06:57:37] task=6  epoch=0  train_loss=1.0588
[06:58:02] task=6  epoch=END  time_sec=25.3  acc_task0=88.31  acc_task1=13.37  acc_task2=13.96  acc_task3=13.91  acc_task4=14.17  acc_task5=19.7  acc_task6=25.61
[06:58:02] 
============================================================
 Task 8/10  | Classes (0, 10)
============================================================
[06:58:02] Task 7 baseline (chance): 10.00%
[06:58:04] Task 7 zero-shot (pre-train): 10.30%
[06:58:29] task=7  epoch=0  train_loss=0.9697
[06:58:55] task=7  epoch=END  time_sec=24.8  acc_task0=88.58  acc_task1=10.72  acc_task2=10.92  acc_task3=12.18  acc_task4=11.77  acc_task5=13.5  acc_task6=15.07  acc_task7=17.65
[06:58:55] 
============================================================
 Task 9/10  | Classes (0, 10)
============================================================
[06:58:55] Task 8 baseline (chance): 10.00%
[06:58:57] Task 8 zero-shot (pre-train): 8.61%
[06:59:22] task=8  epoch=0  train_loss=0.9925
[06:59:50] task=8  epoch=END  time_sec=25.6  acc_task0=87.32  acc_task1=10.85  acc_task2=12.69  acc_task3=11.71  acc_task4=10.76  acc_task5=10.25  acc_task6=13.55  acc_task7=15.88  acc_task8=16.13
[06:59:50] 
============================================================
 Task 10/10  | Classes (0, 10)
============================================================
[06:59:50] Task 9 baseline (chance): 10.00%
[06:59:52] Task 9 zero-shot (pre-train): 9.80%
[07:00:17] task=9  epoch=0  train_loss=1.0227
[07:00:46] task=9  epoch=END  time_sec=25.0  acc_task0=86.82  acc_task1=10.54  acc_task2=10.67  acc_task3=10.91  acc_task4=10.91  acc_task5=11.71  acc_task6=14.46  acc_task7=12.61  acc_task8=17.18  acc_task9=20.53
[07:00:46] 
Final Metrics:
  avg_accuracy         +20.6340
  forgetting           +16.0667
  backward_transfer    -15.9500
  forward_transfer     +0.4556
[07:00:47] 
Done - run: permuted_mnist_icarl_seed42
[07:00:47] Metrics: {'avg_accuracy': 20.634, 'forgetting': 16.0667, 'backward_transfer': -15.95, 'forward_transfer': 0.4556}
[07:00:47] Deleted 10 checkpoint(s) after successful completion.
[07:20:43] Starting: permuted_mnist_icarl_seed42
[07:20:43] Config: {'dataset': 'permuted_mnist', 'data_root': 'F:\\Temp\\cf\\Catastrophic Forgetting\\research_v2\\Project\\data_local', 'dataset_image_size': 32, 'dataset_out_channels': None, 'model': 'slim_resnet18', 'pretrained': False, 'model_image_size': None, 'method': 'icarl', 'n_epochs': 1, 'batch_size': 32, 'num_workers': 2, 'lr': 0.03, 'momentum': 0.9, 'weight_decay': 0.0001, 'fp16': False, 'buffer_size': 500, 'ewc_lambda': 100.0, 'fisher_samples': 200, 'si_lambda': 1.0, 'si_xi': 0.1, 'der_alpha': 0.5, 'xder_beta': 0.5, 'lwf_lambda': 1.0, 'lwf_temp': 2.0, 'icarl_distill_w': 1.0, 'icarl_temp': 2.0, 'use_nmc': True, 'agem_mem_batch': 64, 'distill_lambda': 1.0, 'distill_temp': 2.0, 'pc_distill_w': 1.0, 'pc_ewc_lambda': 100.0, 'pc_compress_epochs': 3, 'er_replay_ratio': 0.5, 'joint_replay_epochs': 1, 'disable_tqdm': True, 'disable_checkpoints': False, 'disable_plots': False, 'resume': True, 'cleanup_checkpoints_on_success': True, 'result_group': 'runs', 'ablation_family': None, 'seeds': [42, 123, 456, 789, 1024], 'results_root': 'F:\\Temp\\cf\\Catastrophic Forgetting\\research_v2\\results', 'seed': 42, 'run_name': 'permuted_mnist_icarl_seed42', 'project_root': 'F:\\Temp\\cf\\Catastrophic Forgetting\\research_v2\\Project', 'workspace_root': 'F:\\Temp\\cf\\Catastrophic Forgetting\\research_v2', 'run_root': 'F:\\Temp\\cf\\Catastrophic Forgetting\\research_v2\\results\\runs\\epoch_1\\permuted_mnist\\hybrids\\icarl\\seed_42', 'log_dir': 'F:\\Temp\\cf\\Catastrophic Forgetting\\research_v2\\results\\runs\\epoch_1\\permuted_mnist\\hybrids\\icarl\\seed_42\\logs', 'metrics_dir': 'F:\\Temp\\cf\\Catastrophic Forgetting\\research_v2\\results\\runs\\epoch_1\\permuted_mnist\\hybrids\\icarl\\seed_42\\metrics', 'checkpoint_dir': 'F:\\Temp\\cf\\Catastrophic Forgetting\\research_v2\\results\\runs\\epoch_1\\permuted_mnist\\hybrids\\icarl\\seed_42\\checkpoints', 'artifact_dir': 'F:\\Temp\\cf\\Catastrophic Forgetting\\research_v2\\results\\runs\\epoch_1\\permuted_mnist\\hybrids\\icarl\\seed_42\\artifacts', 'figure_dir': 'F:\\Temp\\cf\\Catastrophic Forgetting\\research_v2\\results\\figures\\epoch_1\\permuted_mnist\\hybrids\\icarl\\seed_42'}
[07:20:43] Device: cuda
[07:20:44] Dataset: PermutedMNIST(tasks=10, classes_per_task=10, scenario=domain-il)
[07:20:44] 
============================================================
 Task 1/10  | Classes (0, 10)
============================================================
[07:20:44] Task 0 baseline (chance): 10.00%
[07:21:40] task=0  epoch=0  train_loss=0.2686
[07:22:18] task=0  epoch=END  time_sec=56.1  acc_task0=92.82
[07:22:19] 
============================================================
 Task 2/10  | Classes (0, 10)
============================================================
[07:22:19] Task 1 baseline (chance): 10.00%
[07:22:32] Task 1 zero-shot (pre-train): 10.10%
[07:23:47] task=1  epoch=0  train_loss=0.9531
[07:24:41] task=1  epoch=END  time_sec=75.4  acc_task0=90.43  acc_task1=18.91
[07:24:42] 
============================================================
 Task 3/10  | Classes (0, 10)
============================================================
[07:24:42] Task 2 baseline (chance): 10.00%
[07:24:54] Task 2 zero-shot (pre-train): 10.04%
[07:26:32] task=2  epoch=0  train_loss=0.9153
[07:27:34] task=2  epoch=END  time_sec=98.3  acc_task0=89.79  acc_task1=19.0  acc_task2=19.96
[07:27:35] 
============================================================
 Task 4/10  | Classes (0, 10)
============================================================
[07:27:35] Task 3 baseline (chance): 10.00%
[07:27:47] Task 3 zero-shot (pre-train): 10.78%
[07:29:15] task=3  epoch=0  train_loss=0.8669
[07:30:26] task=3  epoch=END  time_sec=87.8  acc_task0=89.36  acc_task1=23.03  acc_task2=23.12  acc_task3=25.99
[07:30:27] 
============================================================
 Task 5/10  | Classes (0, 10)
============================================================
[07:30:27] Task 4 baseline (chance): 10.00%
[07:30:39] Task 4 zero-shot (pre-train): 7.30%
[07:32:08] task=4  epoch=0  train_loss=0.938
[07:33:38] task=4  epoch=END  time_sec=88.7  acc_task0=88.35  acc_task1=10.78  acc_task2=13.42  acc_task3=18.27  acc_task4=18.98
[07:33:38] 
============================================================
 Task 6/10  | Classes (0, 10)
============================================================
[07:33:38] Task 5 baseline (chance): 10.00%
[07:33:51] Task 5 zero-shot (pre-train): 10.77%
[07:35:15] task=5  epoch=0  train_loss=0.9257
[07:36:53] task=5  epoch=END  time_sec=83.7  acc_task0=86.97  acc_task1=10.6  acc_task2=11.9  acc_task3=14.7  acc_task4=17.17  acc_task5=19.18
[07:36:54] 
============================================================
 Task 7/10  | Classes (0, 10)
============================================================
[07:36:54] Task 6 baseline (chance): 10.00%
[07:37:06] Task 6 zero-shot (pre-train): 10.75%
[07:38:27] task=6  epoch=0  train_loss=0.9326
[07:40:23] task=6  epoch=END  time_sec=81.3  acc_task0=87.14  acc_task1=14.44  acc_task2=13.58  acc_task3=13.83  acc_task4=15.29  acc_task5=19.92  acc_task6=22.62
[07:40:24] 
============================================================
 Task 8/10  | Classes (0, 10)
============================================================
[07:40:24] Task 7 baseline (chance): 10.00%
[07:40:36] Task 7 zero-shot (pre-train): 12.60%
[07:42:09] task=7  epoch=0  train_loss=0.9004
[07:44:20] task=7  epoch=END  time_sec=92.8  acc_task0=87.72  acc_task1=11.44  acc_task2=13.24  acc_task3=15.55  acc_task4=16.95  acc_task5=18.57  acc_task6=20.84  acc_task7=20.09
[07:44:20] 
============================================================
 Task 9/10  | Classes (0, 10)
============================================================
[07:44:20] Task 8 baseline (chance): 10.00%
[07:44:33] Task 8 zero-shot (pre-train): 14.11%
[07:45:59] task=8  epoch=0  train_loss=0.9142
[07:48:17] task=8  epoch=END  time_sec=86.2  acc_task0=87.86  acc_task1=10.31  acc_task2=10.53  acc_task3=10.26  acc_task4=11.15  acc_task5=15.42  acc_task6=13.08  acc_task7=16.76  acc_task8=20.56
[07:48:18] 
============================================================
 Task 10/10  | Classes (0, 10)
============================================================
[07:48:18] Task 9 baseline (chance): 10.00%
[07:48:32] Task 9 zero-shot (pre-train): 10.25%
[07:50:01] task=9  epoch=0  train_loss=0.8647
[07:52:36] task=9  epoch=END  time_sec=89.6  acc_task0=86.99  acc_task1=10.51  acc_task2=10.28  acc_task3=10.46  acc_task4=10.58  acc_task5=13.1  acc_task6=13.98  acc_task7=13.3  acc_task8=20.75  acc_task9=27.64
[07:52:37] 
Final Metrics:
  avg_accuracy         +21.7590
  forgetting           +8.5967
  backward_transfer    -7.6844
  forward_transfer     +0.7444
[07:52:38] 
Done - run: permuted_mnist_icarl_seed42
[07:52:38] Metrics: {'avg_accuracy': 21.759, 'forgetting': 8.5967, 'backward_transfer': -7.6844, 'forward_transfer': 0.7444}
[07:52:38] Deleted 10 checkpoint(s) after successful completion.
