[05:04:10] Starting: split_cifar10_si_der_buf500_seed789
[05:04:10] Config: {'dataset': 'split_cifar10', 'data_root': 'F:\\Temp\\cf\\Catastrophic Forgetting\\research_v2\\Project\\data_local', 'dataset_image_size': None, 'dataset_out_channels': None, 'model': 'slim_resnet18', 'pretrained': False, 'model_image_size': None, 'method': 'si_der', 'n_epochs': 1, 'batch_size': 32, 'num_workers': 0, 'lr': 0.03, 'momentum': 0.9, 'weight_decay': 0.0001, 'fp16': False, 'buffer_size': 500, 'ewc_lambda': 100.0, 'fisher_samples': 200, 'si_lambda': 1.0, 'si_xi': 0.1, 'der_alpha': 0.5, 'xder_beta': 0.5, 'lwf_lambda': 1.0, 'lwf_temp': 2.0, 'icarl_distill_w': 1.0, 'icarl_temp': 2.0, 'use_nmc': True, 'agem_mem_batch': 64, 'distill_lambda': 1.0, 'distill_temp': 2.0, 'pc_distill_w': 1.0, 'pc_ewc_lambda': 100.0, 'pc_compress_epochs': 3, 'er_replay_ratio': 0.5, 'joint_replay_epochs': 1, 'disable_tqdm': True, 'disable_checkpoints': False, 'disable_plots': True, 'resume': False, 'cleanup_checkpoints_on_success': True, 'result_group': 'ablations', 'ablation_family': 'buffer', 'seeds': [42, 123, 456, 789, 1024], 'results_root': 'F:\\Temp\\cf\\Catastrophic Forgetting\\research_v2\\results', 'run_tag': 'buf500', 'seed': 789, 'run_name': 'split_cifar10_si_der_buf500_seed789', 'project_root': 'F:\\Temp\\cf\\Catastrophic Forgetting\\research_v2\\Project', 'workspace_root': 'F:\\Temp\\cf\\Catastrophic Forgetting\\research_v2', 'run_root': 'F:\\Temp\\cf\\Catastrophic Forgetting\\research_v2\\results\\ablations\\epoch_1\\split_cifar10\\buffer\\si_der__buf500\\seed_789', 'log_dir': 'F:\\Temp\\cf\\Catastrophic Forgetting\\research_v2\\results\\ablations\\epoch_1\\split_cifar10\\buffer\\si_der__buf500\\seed_789\\logs', 'metrics_dir': 'F:\\Temp\\cf\\Catastrophic Forgetting\\research_v2\\results\\ablations\\epoch_1\\split_cifar10\\buffer\\si_der__buf500\\seed_789\\metrics', 'checkpoint_dir': 'F:\\Temp\\cf\\Catastrophic Forgetting\\research_v2\\results\\ablations\\epoch_1\\split_cifar10\\buffer\\si_der__buf500\\seed_789\\checkpoints', 'artifact_dir': 'F:\\Temp\\cf\\Catastrophic Forgetting\\research_v2\\results\\ablations\\epoch_1\\split_cifar10\\buffer\\si_der__buf500\\seed_789\\artifacts', 'figure_dir': 'F:\\Temp\\cf\\Catastrophic Forgetting\\research_v2\\results\\figures\\ablations\\epoch_1\\split_cifar10\\buffer\\si_der__buf500\\seed_789'}
[05:04:10] Device: cuda
[05:04:12] Dataset: SplitCIFAR10(tasks=5, classes_per_task=2, scenario=class-il)
[05:04:12] 
============================================================
 Task 1/5  | Classes (0, 2)
============================================================
[05:04:12] Task 0 baseline (chance): 50.00%
[05:04:47] task=0  epoch=0  train_loss=0.8711
[05:04:48] task=0  epoch=END  time_sec=35.2  acc_task0=85.4
[05:04:48] 
============================================================
 Task 2/5  | Classes (2, 4)
============================================================
[05:04:48] Task 1 baseline (chance): 25.00%
[05:04:49] Task 1 zero-shot (pre-train): 24.50%
[05:05:28] task=1  epoch=0  train_loss=0.8386
[05:05:29] task=1  epoch=END  time_sec=38.3  acc_task0=0.0  acc_task1=73.35
[05:05:30] 
============================================================
 Task 3/5  | Classes (4, 6)
============================================================
[05:05:30] Task 2 baseline (chance): 16.67%
[05:05:31] Task 2 zero-shot (pre-train): 0.00%
[05:06:13] task=2  epoch=0  train_loss=1.0479
[05:06:16] task=2  epoch=END  time_sec=42.1  acc_task0=0.0  acc_task1=0.0  acc_task2=76.0
[05:06:16] 
============================================================
 Task 4/5  | Classes (6, 8)
============================================================
[05:06:16] Task 3 baseline (chance): 12.50%
[05:06:17] Task 3 zero-shot (pre-train): 0.00%
[05:07:14] task=3  epoch=0  train_loss=1.1042
[05:07:18] task=3  epoch=END  time_sec=57.4  acc_task0=0.0  acc_task1=0.0  acc_task2=0.0  acc_task3=83.15
[05:07:19] 
============================================================
 Task 5/5  | Classes (8, 10)
============================================================
[05:07:19] Task 4 baseline (chance): 10.00%
[05:07:20] Task 4 zero-shot (pre-train): 0.00%
[05:08:08] task=4  epoch=0  train_loss=1.5156
[05:08:12] task=4  epoch=END  time_sec=48.0  acc_task0=0.0  acc_task1=0.0  acc_task2=0.0  acc_task3=0.0  acc_task4=83.7
[05:08:12] 
Final Metrics:
  avg_accuracy         +16.7400
  forgetting           +79.4750
  backward_transfer    -79.4750
  forward_transfer     -9.9167
[05:08:12] 
Done - run: split_cifar10_si_der_buf500_seed789
[05:08:12] Metrics: {'avg_accuracy': 16.74, 'forgetting': 79.475, 'backward_transfer': -79.475, 'forward_transfer': -9.9167}
[05:08:12] Deleted 5 checkpoint(s) after successful completion.
