[17:57:05] Starting: split_cifar10_er_ewc_lambda1_seed1024
[17:57:05] Config: {'dataset': 'split_cifar10', 'data_root': 'Project/data_local', 'model': 'slim_resnet18', 'pretrained': False, 'method': 'er_ewc', 'n_epochs': 1, 'batch_size': 32, 'num_workers': 0, 'lr': 0.03, 'momentum': 0.9, 'weight_decay': 0.0001, 'fp16': False, 'buffer_size': 200, 'ewc_lambda': 1.0, 'fisher_samples': 200, 'si_lambda': 1.0, 'si_xi': 0.1, 'der_alpha': 0.5, 'xder_beta': 0.5, 'lwf_lambda': 1.0, 'lwf_temp': 2.0, 'icarl_distill_w': 1.0, 'icarl_temp': 2.0, 'use_nmc': True, 'agem_mem_batch': 64, 'distill_lambda': 1.0, 'distill_temp': 2.0, 'pc_distill_w': 1.0, 'pc_ewc_lambda': 100.0, 'pc_compress_epochs': 3, 'er_replay_ratio': 0.5, 'joint_replay_epochs': 1, 'disable_tqdm': True, 'disable_checkpoints': True, 'disable_plots': True, 'seeds': [42, 123, 456, 789, 1024], 'results_root': 'results_phase3_ablations', 'checkpoint_dir': 'results/checkpoints', 'figure_dir': 'results_phase3_ablations\\figures', 'log_dir': 'results_phase3_ablations\\raw', 'run_tag': 'lambda1', 'run_name': 'split_cifar10_er_ewc_lambda1_seed1024', 'seed': 1024}
[17:57:05] Device: cuda
[17:57:06] Dataset: SplitCIFAR10(tasks=5, classes_per_task=2, scenario=class-il)
[17:57:06] 
============================================================
 Task 1/5  | Classes (0, 2)
============================================================
[17:57:06] Task 0 baseline (chance): 50.00%
[17:57:21] task=0  epoch=0  train_loss=0.377
[17:57:22] task=0  epoch=END  time_sec=14.8  acc_task0=84.9
[17:57:22] 
============================================================
 Task 2/5  | Classes (2, 4)
============================================================
[17:57:22] Task 1 baseline (chance): 25.00%
[17:57:23] Task 1 zero-shot (pre-train): 0.00%
[17:57:45] task=1  epoch=0  train_loss=0.6614
[17:57:47] task=1  epoch=END  time_sec=22.1  acc_task0=39.6  acc_task1=72.5
[17:57:47] 
============================================================
 Task 3/5  | Classes (4, 6)
============================================================
[17:57:47] Task 2 baseline (chance): 16.67%
[17:57:48] Task 2 zero-shot (pre-train): 0.00%
[17:58:18] task=2  epoch=0  train_loss=0.6469
[17:58:21] task=2  epoch=END  time_sec=29.8  acc_task0=46.95  acc_task1=4.45  acc_task2=79.2
[17:58:21] 
============================================================
 Task 4/5  | Classes (6, 8)
============================================================
[17:58:21] Task 3 baseline (chance): 12.50%
[17:58:22] Task 3 zero-shot (pre-train): 0.00%
[17:58:59] task=3  epoch=0  train_loss=0.4481
[17:59:03] task=3  epoch=END  time_sec=37.3  acc_task0=34.55  acc_task1=1.75  acc_task2=5.15  acc_task3=91.35
[17:59:03] 
============================================================
 Task 5/5  | Classes (8, 10)
============================================================
[17:59:03] Task 4 baseline (chance): 10.00%
[17:59:04] Task 4 zero-shot (pre-train): 0.00%
[17:59:49] task=4  epoch=0  train_loss=0.4108
[17:59:53] task=4  epoch=END  time_sec=44.9  acc_task0=6.6  acc_task1=2.6  acc_task2=3.5  acc_task3=29.05  acc_task4=92.7
[17:59:53] 
Final Metrics:
  avg_accuracy         +26.8900
  forgetting           +71.5500
  backward_transfer    -71.5500
  forward_transfer     -16.0417
[17:59:53] 
Done - run: split_cifar10_er_ewc_lambda1_seed1024
[17:59:53] Metrics: {'avg_accuracy': 26.89, 'forgetting': 71.55, 'backward_transfer': -71.55, 'forward_transfer': -16.0417}
