[17:54:16] Starting: split_cifar10_er_ewc_lambda1_seed789
[17:54:16] Config: {'dataset': 'split_cifar10', 'data_root': 'Project/data_local', 'model': 'slim_resnet18', 'pretrained': False, 'method': 'er_ewc', 'n_epochs': 1, 'batch_size': 32, 'num_workers': 0, 'lr': 0.03, 'momentum': 0.9, 'weight_decay': 0.0001, 'fp16': False, 'buffer_size': 200, 'ewc_lambda': 1.0, 'fisher_samples': 200, 'si_lambda': 1.0, 'si_xi': 0.1, 'der_alpha': 0.5, 'xder_beta': 0.5, 'lwf_lambda': 1.0, 'lwf_temp': 2.0, 'icarl_distill_w': 1.0, 'icarl_temp': 2.0, 'use_nmc': True, 'agem_mem_batch': 64, 'distill_lambda': 1.0, 'distill_temp': 2.0, 'pc_distill_w': 1.0, 'pc_ewc_lambda': 100.0, 'pc_compress_epochs': 3, 'er_replay_ratio': 0.5, 'joint_replay_epochs': 1, 'disable_tqdm': True, 'disable_checkpoints': True, 'disable_plots': True, 'seeds': [42, 123, 456, 789, 1024], 'results_root': 'results_phase3_ablations', 'checkpoint_dir': 'results/checkpoints', 'figure_dir': 'results_phase3_ablations\\figures', 'log_dir': 'results_phase3_ablations\\raw', 'run_tag': 'lambda1', 'run_name': 'split_cifar10_er_ewc_lambda1_seed789', 'seed': 789}
[17:54:16] Device: cuda
[17:54:17] Dataset: SplitCIFAR10(tasks=5, classes_per_task=2, scenario=class-il)
[17:54:18] 
============================================================
 Task 1/5  | Classes (0, 2)
============================================================
[17:54:18] Task 0 baseline (chance): 50.00%
[17:54:32] task=0  epoch=0  train_loss=0.3811
[17:54:33] task=0  epoch=END  time_sec=14.8  acc_task0=89.9
[17:54:33] 
============================================================
 Task 2/5  | Classes (2, 4)
============================================================
[17:54:33] Task 1 baseline (chance): 25.00%
[17:54:34] Task 1 zero-shot (pre-train): 1.50%
[17:54:56] task=1  epoch=0  train_loss=0.6666
[17:54:58] task=1  epoch=END  time_sec=21.9  acc_task0=64.35  acc_task1=70.35
[17:54:58] 
============================================================
 Task 3/5  | Classes (4, 6)
============================================================
[17:54:58] Task 2 baseline (chance): 16.67%
[17:54:59] Task 2 zero-shot (pre-train): 0.05%
[17:55:29] task=2  epoch=0  train_loss=0.6845
[17:55:32] task=2  epoch=END  time_sec=30.2  acc_task0=46.25  acc_task1=1.55  acc_task2=78.8
[17:55:32] 
============================================================
 Task 4/5  | Classes (6, 8)
============================================================
[17:55:32] Task 3 baseline (chance): 12.50%
[17:55:33] Task 3 zero-shot (pre-train): 0.00%
[17:56:11] task=3  epoch=0  train_loss=0.5438
[17:56:14] task=3  epoch=END  time_sec=37.2  acc_task0=34.05  acc_task1=0.7  acc_task2=4.65  acc_task3=89.3
[17:56:14] 
============================================================
 Task 5/5  | Classes (8, 10)
============================================================
[17:56:14] Task 4 baseline (chance): 10.00%
[17:56:15] Task 4 zero-shot (pre-train): 0.00%
[17:57:00] task=4  epoch=0  train_loss=0.4256
[17:57:05] task=4  epoch=END  time_sec=44.7  acc_task0=0.95  acc_task1=1.3  acc_task2=8.3  acc_task3=35.45  acc_task4=91.7
[17:57:05] 
Final Metrics:
  avg_accuracy         +27.5400
  forgetting           +70.5875
  backward_transfer    -70.5875
  forward_transfer     -15.6542
[17:57:05] 
Done - run: split_cifar10_er_ewc_lambda1_seed789
[17:57:05] Metrics: {'avg_accuracy': 27.54, 'forgetting': 70.5875, 'backward_transfer': -70.5875, 'forward_transfer': -15.6542}
