[17:48:37] Starting: split_cifar10_er_ewc_lambda1_seed123
[17:48:37] Config: {'dataset': 'split_cifar10', 'data_root': 'Project/data_local', 'model': 'slim_resnet18', 'pretrained': False, 'method': 'er_ewc', 'n_epochs': 1, 'batch_size': 32, 'num_workers': 0, 'lr': 0.03, 'momentum': 0.9, 'weight_decay': 0.0001, 'fp16': False, 'buffer_size': 200, 'ewc_lambda': 1.0, 'fisher_samples': 200, 'si_lambda': 1.0, 'si_xi': 0.1, 'der_alpha': 0.5, 'xder_beta': 0.5, 'lwf_lambda': 1.0, 'lwf_temp': 2.0, 'icarl_distill_w': 1.0, 'icarl_temp': 2.0, 'use_nmc': True, 'agem_mem_batch': 64, 'distill_lambda': 1.0, 'distill_temp': 2.0, 'pc_distill_w': 1.0, 'pc_ewc_lambda': 100.0, 'pc_compress_epochs': 3, 'er_replay_ratio': 0.5, 'joint_replay_epochs': 1, 'disable_tqdm': True, 'disable_checkpoints': True, 'disable_plots': True, 'seeds': [42, 123, 456, 789, 1024], 'results_root': 'results_phase3_ablations', 'checkpoint_dir': 'results/checkpoints', 'figure_dir': 'results_phase3_ablations\\figures', 'log_dir': 'results_phase3_ablations\\raw', 'run_tag': 'lambda1', 'run_name': 'split_cifar10_er_ewc_lambda1_seed123', 'seed': 123}
[17:48:37] Device: cuda
[17:48:39] Dataset: SplitCIFAR10(tasks=5, classes_per_task=2, scenario=class-il)
[17:48:39] 
============================================================
 Task 1/5  | Classes (0, 2)
============================================================
[17:48:39] Task 0 baseline (chance): 50.00%
[17:48:54] task=0  epoch=0  train_loss=0.4347
[17:48:55] task=0  epoch=END  time_sec=14.7  acc_task0=86.75
[17:48:55] 
============================================================
 Task 2/5  | Classes (2, 4)
============================================================
[17:48:55] Task 1 baseline (chance): 25.00%
[17:48:56] Task 1 zero-shot (pre-train): 3.45%
[17:49:18] task=1  epoch=0  train_loss=0.6519
[17:49:20] task=1  epoch=END  time_sec=21.9  acc_task0=43.85  acc_task1=74.15
[17:49:20] 
============================================================
 Task 3/5  | Classes (4, 6)
============================================================
[17:49:20] Task 2 baseline (chance): 16.67%
[17:49:21] Task 2 zero-shot (pre-train): 0.00%
[17:49:51] task=2  epoch=0  train_loss=0.7225
[17:49:54] task=2  epoch=END  time_sec=30.1  acc_task0=31.9  acc_task1=1.65  acc_task2=79.25
[17:49:54] 
============================================================
 Task 4/5  | Classes (6, 8)
============================================================
[17:49:54] Task 3 baseline (chance): 12.50%
[17:49:54] Task 3 zero-shot (pre-train): 0.00%
[17:50:32] task=3  epoch=0  train_loss=0.5064
[17:50:36] task=3  epoch=END  time_sec=37.6  acc_task0=24.65  acc_task1=0.7  acc_task2=1.1  acc_task3=92.25
[17:50:36] 
============================================================
 Task 5/5  | Classes (8, 10)
============================================================
[17:50:36] Task 4 baseline (chance): 10.00%
[17:50:37] Task 4 zero-shot (pre-train): 0.00%
[17:51:22] task=4  epoch=0  train_loss=0.4282
[17:51:27] task=4  epoch=END  time_sec=45.2  acc_task0=1.6  acc_task1=3.2  acc_task2=18.9  acc_task3=28.9  acc_task4=90.75
[17:51:27] 
Final Metrics:
  avg_accuracy         +28.6700
  forgetting           +69.9500
  backward_transfer    -69.9500
  forward_transfer     -15.1792
[17:51:27] 
Done - run: split_cifar10_er_ewc_lambda1_seed123
[17:51:27] Metrics: {'avg_accuracy': 28.67, 'forgetting': 69.95, 'backward_transfer': -69.95, 'forward_transfer': -15.1792}
