[17:51:27] Starting: split_cifar10_er_ewc_lambda1_seed456
[17:51:27] Config: {'dataset': 'split_cifar10', 'data_root': 'Project/data_local', 'model': 'slim_resnet18', 'pretrained': False, 'method': 'er_ewc', 'n_epochs': 1, 'batch_size': 32, 'num_workers': 0, 'lr': 0.03, 'momentum': 0.9, 'weight_decay': 0.0001, 'fp16': False, 'buffer_size': 200, 'ewc_lambda': 1.0, 'fisher_samples': 200, 'si_lambda': 1.0, 'si_xi': 0.1, 'der_alpha': 0.5, 'xder_beta': 0.5, 'lwf_lambda': 1.0, 'lwf_temp': 2.0, 'icarl_distill_w': 1.0, 'icarl_temp': 2.0, 'use_nmc': True, 'agem_mem_batch': 64, 'distill_lambda': 1.0, 'distill_temp': 2.0, 'pc_distill_w': 1.0, 'pc_ewc_lambda': 100.0, 'pc_compress_epochs': 3, 'er_replay_ratio': 0.5, 'joint_replay_epochs': 1, 'disable_tqdm': True, 'disable_checkpoints': True, 'disable_plots': True, 'seeds': [42, 123, 456, 789, 1024], 'results_root': 'results_phase3_ablations', 'checkpoint_dir': 'results/checkpoints', 'figure_dir': 'results_phase3_ablations\\figures', 'log_dir': 'results_phase3_ablations\\raw', 'run_tag': 'lambda1', 'run_name': 'split_cifar10_er_ewc_lambda1_seed456', 'seed': 456}
[17:51:27] Device: cuda
[17:51:28] Dataset: SplitCIFAR10(tasks=5, classes_per_task=2, scenario=class-il)
[17:51:29] 
============================================================
 Task 1/5  | Classes (0, 2)
============================================================
[17:51:29] Task 0 baseline (chance): 50.00%
[17:51:43] task=0  epoch=0  train_loss=0.3887
[17:51:44] task=0  epoch=END  time_sec=14.9  acc_task0=90.1
[17:51:44] 
============================================================
 Task 2/5  | Classes (2, 4)
============================================================
[17:51:44] Task 1 baseline (chance): 25.00%
[17:51:45] Task 1 zero-shot (pre-train): 0.25%
[17:52:07] task=1  epoch=0  train_loss=0.6733
[17:52:09] task=1  epoch=END  time_sec=22.0  acc_task0=59.0  acc_task1=73.4
[17:52:09] 
============================================================
 Task 3/5  | Classes (4, 6)
============================================================
[17:52:09] Task 2 baseline (chance): 16.67%
[17:52:10] Task 2 zero-shot (pre-train): 0.10%
[17:52:40] task=2  epoch=0  train_loss=0.6195
[17:52:43] task=2  epoch=END  time_sec=30.1  acc_task0=13.95  acc_task1=1.25  acc_task2=80.85
[17:52:43] 
============================================================
 Task 4/5  | Classes (6, 8)
============================================================
[17:52:43] Task 3 baseline (chance): 12.50%
[17:52:44] Task 3 zero-shot (pre-train): 0.00%
[17:53:22] task=3  epoch=0  train_loss=0.5025
[17:53:25] task=3  epoch=END  time_sec=37.3  acc_task0=23.85  acc_task1=0.55  acc_task2=0.6  acc_task3=89.4
[17:53:25] 
============================================================
 Task 5/5  | Classes (8, 10)
============================================================
[17:53:25] Task 4 baseline (chance): 10.00%
[17:53:26] Task 4 zero-shot (pre-train): 0.00%
[17:54:11] task=4  epoch=0  train_loss=0.4462
[17:54:16] task=4  epoch=END  time_sec=44.9  acc_task0=0.85  acc_task1=2.55  acc_task2=11.25  acc_task3=20.75  acc_task4=90.85
[17:54:16] 
Final Metrics:
  avg_accuracy         +25.2500
  forgetting           +74.5875
  backward_transfer    -74.5875
  forward_transfer     -15.9542
[17:54:16] 
Done - run: split_cifar10_er_ewc_lambda1_seed456
[17:54:16] Metrics: {'avg_accuracy': 25.25, 'forgetting': 74.5875, 'backward_transfer': -74.5875, 'forward_transfer': -15.9542}
