[14:07:21] Starting: split_mini_imagenet_si_der_seed42
[14:07:21] Config: {'dataset': 'split_mini_imagenet', 'data_root': 'F:\\Temp\\cf\\Catastrophic Forgetting\\research_v2\\Project\\data_local\\mini-imagenet', 'dataset_image_size': None, 'dataset_out_channels': None, 'model': 'slim_resnet18', 'pretrained': False, 'model_image_size': None, 'method': 'si_der', 'n_epochs': 1, 'batch_size': 32, 'num_workers': 0, 'lr': 0.03, 'momentum': 0.9, 'weight_decay': 0.0001, 'fp16': True, 'buffer_size': 200, 'ewc_lambda': 100.0, 'fisher_samples': 200, 'si_lambda': 1.0, 'si_xi': 0.1, 'der_alpha': 0.5, 'xder_beta': 0.5, 'lwf_lambda': 1.0, 'lwf_temp': 2.0, 'icarl_distill_w': 1.0, 'icarl_temp': 2.0, 'use_nmc': True, 'agem_mem_batch': 64, 'distill_lambda': 1.0, 'distill_temp': 2.0, 'pc_distill_w': 1.0, 'pc_ewc_lambda': 100.0, 'pc_compress_epochs': 3, 'er_replay_ratio': 0.5, 'joint_replay_epochs': 1, 'disable_tqdm': True, 'disable_checkpoints': False, 'disable_plots': False, 'resume': True, 'cleanup_checkpoints_on_success': True, 'result_group': 'runs', 'ablation_family': None, 'seeds': [42, 123, 456, 789, 1024], 'results_root': 'F:\\Temp\\cf\\Catastrophic Forgetting\\research_v2\\results', 'seed': 42, 'run_name': 'split_mini_imagenet_si_der_seed42', 'project_root': 'F:\\Temp\\cf\\Catastrophic Forgetting\\research_v2\\Project', 'workspace_root': 'F:\\Temp\\cf\\Catastrophic Forgetting\\research_v2', 'run_root': 'F:\\Temp\\cf\\Catastrophic Forgetting\\research_v2\\results\\runs\\epoch_1\\split_mini_imagenet\\hybrids\\si_der\\seed_42', 'log_dir': 'F:\\Temp\\cf\\Catastrophic Forgetting\\research_v2\\results\\runs\\epoch_1\\split_mini_imagenet\\hybrids\\si_der\\seed_42\\logs', 'metrics_dir': 'F:\\Temp\\cf\\Catastrophic Forgetting\\research_v2\\results\\runs\\epoch_1\\split_mini_imagenet\\hybrids\\si_der\\seed_42\\metrics', 'checkpoint_dir': 'F:\\Temp\\cf\\Catastrophic Forgetting\\research_v2\\results\\runs\\epoch_1\\split_mini_imagenet\\hybrids\\si_der\\seed_42\\checkpoints', 'artifact_dir': 'F:\\Temp\\cf\\Catastrophic Forgetting\\research_v2\\results\\runs\\epoch_1\\split_mini_imagenet\\hybrids\\si_der\\seed_42\\artifacts', 'figure_dir': 'F:\\Temp\\cf\\Catastrophic Forgetting\\research_v2\\results\\figures\\epoch_1\\split_mini_imagenet\\hybrids\\si_der\\seed_42'}
[14:07:21] Device: cuda
[14:07:22] Dataset: SplitMiniImageNet(tasks=20, classes_per_task=5, scenario=class-il)
[14:07:22] 
============================================================
 Task 1/20  | Classes (0, 5)
============================================================
[14:07:22] Task 0 baseline (chance): 20.00%
[14:07:51] task=0  epoch=0  train_loss=1.8315
[14:07:55] task=0  epoch=END  time_sec=28.5  acc_task0=36.33
[14:07:55] 
============================================================
 Task 2/20  | Classes (5, 10)
============================================================
[14:07:55] Task 1 baseline (chance): 10.00%
[14:07:59] Task 1 zero-shot (pre-train): 1.50%
[14:08:30] task=1  epoch=0  train_loss=1.6708
[14:08:37] task=1  epoch=END  time_sec=30.9  acc_task0=0.0  acc_task1=55.33
[14:08:38] 
============================================================
 Task 3/20  | Classes (10, 15)
============================================================
[14:08:38] Task 2 baseline (chance): 6.67%
[14:08:41] Task 2 zero-shot (pre-train): 0.00%
[14:09:09] task=2  epoch=0  train_loss=1.9575
[14:09:19] task=2  epoch=END  time_sec=27.9  acc_task0=0.0  acc_task1=0.0  acc_task2=39.83
[14:09:21] 
============================================================
 Task 4/20  | Classes (15, 20)
============================================================
[14:09:21] Task 3 baseline (chance): 5.00%
[14:09:24] Task 3 zero-shot (pre-train): 0.00%
[14:09:55] task=3  epoch=0  train_loss=2.7459
[14:10:08] task=3  epoch=END  time_sec=30.2  acc_task0=0.0  acc_task1=0.0  acc_task2=0.0  acc_task3=36.17
[14:10:09] 
============================================================
 Task 5/20  | Classes (20, 25)
============================================================
[14:10:09] Task 4 baseline (chance): 4.00%
[14:10:12] Task 4 zero-shot (pre-train): 0.00%
[14:10:41] task=4  epoch=0  train_loss=3.2665
[14:10:58] task=4  epoch=END  time_sec=29.2  acc_task0=0.0  acc_task1=0.0  acc_task2=0.0  acc_task3=0.0  acc_task4=24.5
[14:10:59] 
============================================================
 Task 6/20  | Classes (25, 30)
============================================================
[14:10:59] Task 5 baseline (chance): 3.33%
[14:11:03] Task 5 zero-shot (pre-train): 0.00%
[14:11:32] task=5  epoch=0  train_loss=3.8521
[14:11:52] task=5  epoch=END  time_sec=29.5  acc_task0=0.0  acc_task1=0.0  acc_task2=0.0  acc_task3=0.0  acc_task4=0.0  acc_task5=27.67
[14:11:53] 
============================================================
 Task 7/20  | Classes (30, 35)
============================================================
[14:11:53] Task 6 baseline (chance): 2.86%
[14:11:56] Task 6 zero-shot (pre-train): 0.00%
[14:12:24] task=6  epoch=0  train_loss=4.0911
[14:12:48] task=6  epoch=END  time_sec=27.5  acc_task0=0.0  acc_task1=0.0  acc_task2=0.0  acc_task3=0.0  acc_task4=0.0  acc_task5=0.0  acc_task6=31.5
[14:12:48] 
============================================================
 Task 8/20  | Classes (35, 40)
============================================================
[14:12:48] Task 7 baseline (chance): 2.50%
[14:12:53] Task 7 zero-shot (pre-train): 0.00%
[14:13:22] task=7  epoch=0  train_loss=4.1855
[14:13:49] task=7  epoch=END  time_sec=29.7  acc_task0=0.0  acc_task1=0.0  acc_task2=0.0  acc_task3=0.0  acc_task4=0.0  acc_task5=0.0  acc_task6=0.0  acc_task7=34.83
[14:13:50] 
============================================================
 Task 9/20  | Classes (40, 45)
============================================================
[14:13:50] Task 8 baseline (chance): 2.22%
[14:13:54] Task 8 zero-shot (pre-train): 0.00%
[14:14:26] task=8  epoch=0  train_loss=4.6782
[14:14:57] task=8  epoch=END  time_sec=31.7  acc_task0=0.0  acc_task1=0.0  acc_task2=0.0  acc_task3=0.0  acc_task4=0.0  acc_task5=0.0  acc_task6=0.0  acc_task7=0.0  acc_task8=38.5
[14:14:57] 
============================================================
 Task 10/20  | Classes (45, 50)
============================================================
[14:14:57] Task 9 baseline (chance): 2.00%
[14:15:01] Task 9 zero-shot (pre-train): 0.00%
[14:15:29] task=9  epoch=0  train_loss=4.631
[14:16:02] task=9  epoch=END  time_sec=27.5  acc_task0=0.0  acc_task1=0.0  acc_task2=0.0  acc_task3=0.0  acc_task4=0.0  acc_task5=0.0  acc_task6=0.0  acc_task7=0.0  acc_task8=0.0  acc_task9=25.17
[14:16:03] 
============================================================
 Task 11/20  | Classes (50, 55)
============================================================
[14:16:03] Task 10 baseline (chance): 1.82%
[14:16:07] Task 10 zero-shot (pre-train): 0.00%
[14:16:37] task=10  epoch=0  train_loss=4.8071
[14:17:14] task=10  epoch=END  time_sec=30.2  acc_task0=0.0  acc_task1=0.0  acc_task2=0.0  acc_task3=0.0  acc_task4=0.0  acc_task5=0.0  acc_task6=0.0  acc_task7=0.0  acc_task8=0.0  acc_task9=0.0  acc_task10=30.33
[14:17:15] 
============================================================
 Task 12/20  | Classes (55, 60)
============================================================
[14:17:15] Task 11 baseline (chance): 1.67%
[14:17:19] Task 11 zero-shot (pre-train): 0.00%
[14:17:48] task=11  epoch=0  train_loss=4.9436
[14:18:28] task=11  epoch=END  time_sec=28.6  acc_task0=0.0  acc_task1=0.0  acc_task2=0.0  acc_task3=0.0  acc_task4=0.0  acc_task5=0.0  acc_task6=0.0  acc_task7=0.0  acc_task8=0.0  acc_task9=0.0  acc_task10=0.0  acc_task11=34.17
[14:18:29] 
============================================================
 Task 13/20  | Classes (60, 65)
============================================================
[14:18:29] Task 12 baseline (chance): 1.54%
[14:18:33] Task 12 zero-shot (pre-train): 0.00%
[14:19:01] task=12  epoch=0  train_loss=5.4453
[14:19:50] task=12  epoch=END  time_sec=28.6  acc_task0=0.0  acc_task1=0.0  acc_task2=0.0  acc_task3=0.0  acc_task4=0.0  acc_task5=0.0  acc_task6=0.0  acc_task7=0.0  acc_task8=0.0  acc_task9=0.0  acc_task10=0.0  acc_task11=0.0  acc_task12=30.0
[14:19:51] 
============================================================
 Task 14/20  | Classes (65, 70)
============================================================
[14:19:51] Task 13 baseline (chance): 1.43%
[14:19:55] Task 13 zero-shot (pre-train): 0.00%
[14:20:25] task=13  epoch=0  train_loss=5.6706
[14:21:12] task=13  epoch=END  time_sec=30.5  acc_task0=0.0  acc_task1=0.0  acc_task2=0.0  acc_task3=0.0  acc_task4=0.0  acc_task5=0.0  acc_task6=0.0  acc_task7=0.0  acc_task8=0.0  acc_task9=0.0  acc_task10=0.0  acc_task11=0.0  acc_task12=0.0  acc_task13=26.5
[14:21:13] 
============================================================
 Task 15/20  | Classes (70, 75)
============================================================
[14:21:13] Task 14 baseline (chance): 1.33%
[14:21:17] Task 14 zero-shot (pre-train): 0.00%
[14:21:45] task=14  epoch=0  train_loss=5.5069
[14:22:40] task=14  epoch=END  time_sec=28.6  acc_task0=0.0  acc_task1=0.0  acc_task2=0.0  acc_task3=0.0  acc_task4=0.0  acc_task5=0.0  acc_task6=0.0  acc_task7=0.0  acc_task8=0.0  acc_task9=0.0  acc_task10=0.0  acc_task11=0.0  acc_task12=0.0  acc_task13=0.0  acc_task14=34.5
[14:22:40] 
============================================================
 Task 16/20  | Classes (75, 80)
============================================================
[14:22:40] Task 15 baseline (chance): 1.25%
[14:22:45] Task 15 zero-shot (pre-train): 0.00%
[14:23:16] task=15  epoch=0  train_loss=5.3665
[14:24:15] task=15  epoch=END  time_sec=31.0  acc_task0=0.0  acc_task1=0.0  acc_task2=0.0  acc_task3=0.0  acc_task4=0.0  acc_task5=0.0  acc_task6=0.0  acc_task7=0.0  acc_task8=0.0  acc_task9=0.0  acc_task10=0.0  acc_task11=0.0  acc_task12=0.0  acc_task13=0.0  acc_task14=0.0  acc_task15=32.17
[14:24:15] 
============================================================
 Task 17/20  | Classes (80, 85)
============================================================
[14:24:15] Task 16 baseline (chance): 1.18%
[14:24:20] Task 16 zero-shot (pre-train): 0.00%
[14:24:50] task=16  epoch=0  train_loss=5.2313
[14:25:54] task=16  epoch=END  time_sec=30.9  acc_task0=0.0  acc_task1=0.0  acc_task2=0.0  acc_task3=0.0  acc_task4=0.0  acc_task5=0.0  acc_task6=0.0  acc_task7=0.0  acc_task8=0.0  acc_task9=0.0  acc_task10=0.0  acc_task11=0.0  acc_task12=0.0  acc_task13=0.0  acc_task14=0.0  acc_task15=0.0  acc_task16=42.17
[14:25:55] 
============================================================
 Task 18/20  | Classes (85, 90)
============================================================
[14:25:55] Task 17 baseline (chance): 1.11%
[14:25:59] Task 17 zero-shot (pre-train): 0.00%
[14:26:29] task=17  epoch=0  train_loss=5.7764
[14:27:39] task=17  epoch=END  time_sec=30.0  acc_task0=0.0  acc_task1=0.0  acc_task2=0.0  acc_task3=0.0  acc_task4=0.0  acc_task5=0.0  acc_task6=0.0  acc_task7=0.0  acc_task8=0.0  acc_task9=0.0  acc_task10=0.0  acc_task11=0.0  acc_task12=0.0  acc_task13=0.0  acc_task14=0.0  acc_task15=0.0  acc_task16=1.67  acc_task17=32.67
[14:27:39] 
============================================================
 Task 19/20  | Classes (90, 95)
============================================================
[14:27:39] Task 18 baseline (chance): 1.05%
[14:27:44] Task 18 zero-shot (pre-train): 0.00%
[14:28:14] task=18  epoch=0  train_loss=5.6226
[14:29:25] task=18  epoch=END  time_sec=30.0  acc_task0=0.0  acc_task1=0.0  acc_task2=0.0  acc_task3=0.0  acc_task4=0.0  acc_task5=0.0  acc_task6=0.0  acc_task7=0.0  acc_task8=0.0  acc_task9=0.0  acc_task10=0.0  acc_task11=0.0  acc_task12=0.0  acc_task13=0.0  acc_task14=0.0  acc_task15=0.0  acc_task16=0.0  acc_task17=0.0  acc_task18=39.5
[14:29:25] 
============================================================
 Task 20/20  | Classes (95, 100)
============================================================
[14:29:25] Task 19 baseline (chance): 1.00%
[14:29:30] Task 19 zero-shot (pre-train): 0.00%
[14:30:01] task=19  epoch=0  train_loss=5.8504
[14:31:17] task=19  epoch=END  time_sec=31.1  acc_task0=0.0  acc_task1=0.0  acc_task2=0.0  acc_task3=0.0  acc_task4=0.0  acc_task5=0.0  acc_task6=0.0  acc_task7=0.0  acc_task8=0.0  acc_task9=0.0  acc_task10=0.0  acc_task11=0.0  acc_task12=0.0  acc_task13=0.0  acc_task14=0.0  acc_task15=0.0  acc_task16=0.0  acc_task17=0.0  acc_task18=0.0  acc_task19=45.33
[14:31:18] 
Final Metrics:
  avg_accuracy         +2.2667
  forgetting           +34.3070
  backward_transfer    -34.3070
  forward_transfer     -2.6555
[14:31:20] 
Done - run: split_mini_imagenet_si_der_seed42
[14:31:20] Metrics: {'avg_accuracy': 2.2667, 'forgetting': 34.307, 'backward_transfer': -34.307, 'forward_transfer': -2.6555}
[14:31:20] Deleted 20 checkpoint(s) after successful completion.
