[16:06:38] Starting: split_cifar10_si_der_buf100_seed456
[16:06:38] Config: {'dataset': 'split_cifar10', 'data_root': 'Project/data_local', 'model': 'slim_resnet18', 'pretrained': False, 'method': 'si_der', 'n_epochs': 1, 'batch_size': 32, 'num_workers': 0, 'lr': 0.03, 'momentum': 0.9, 'weight_decay': 0.0001, 'fp16': False, 'buffer_size': 100, 'ewc_lambda': 100.0, 'fisher_samples': 200, 'si_lambda': 1.0, 'si_xi': 0.1, 'der_alpha': 0.5, 'xder_beta': 0.5, 'lwf_lambda': 1.0, 'lwf_temp': 2.0, 'icarl_distill_w': 1.0, 'icarl_temp': 2.0, 'use_nmc': True, 'agem_mem_batch': 64, 'distill_lambda': 1.0, 'distill_temp': 2.0, 'pc_distill_w': 1.0, 'pc_ewc_lambda': 100.0, 'pc_compress_epochs': 3, 'er_replay_ratio': 0.5, 'joint_replay_epochs': 1, 'disable_tqdm': True, 'disable_checkpoints': True, 'disable_plots': True, 'seeds': [42, 123, 456, 789, 1024], 'results_root': 'results_phase3_ablations', 'checkpoint_dir': 'results/checkpoints', 'figure_dir': 'results_phase3_ablations\\figures', 'log_dir': 'results_phase3_ablations\\raw', 'run_tag': 'buf100', 'run_name': 'split_cifar10_si_der_buf100_seed456', 'seed': 456}
[16:06:38] Device: cuda
[16:06:40] Dataset: SplitCIFAR10(tasks=5, classes_per_task=2, scenario=class-il)
[16:06:40] 
============================================================
 Task 1/5  | Classes (0, 2)
============================================================
[16:06:40] Task 0 baseline (chance): 50.00%
[16:07:08] task=0  epoch=0  train_loss=0.7071
[16:07:09] task=0  epoch=END  time_sec=28.6  acc_task0=84.1
[16:07:09] 
============================================================
 Task 2/5  | Classes (2, 4)
============================================================
[16:07:09] Task 1 baseline (chance): 25.00%
[16:07:10] Task 1 zero-shot (pre-train): 2.80%
[16:07:47] task=1  epoch=0  train_loss=0.7955
[16:07:48] task=1  epoch=END  time_sec=36.3  acc_task0=0.0  acc_task1=71.35
[16:07:48] 
============================================================
 Task 3/5  | Classes (4, 6)
============================================================
[16:07:48] Task 2 baseline (chance): 16.67%
[16:07:49] Task 2 zero-shot (pre-train): 0.00%
[16:08:26] task=2  epoch=0  train_loss=0.8441
[16:08:29] task=2  epoch=END  time_sec=36.6  acc_task0=0.0  acc_task1=0.0  acc_task2=79.6
[16:08:29] 
============================================================
 Task 4/5  | Classes (6, 8)
============================================================
[16:08:29] Task 3 baseline (chance): 12.50%
[16:08:30] Task 3 zero-shot (pre-train): 0.00%
[16:09:06] task=3  epoch=0  train_loss=0.9888
[16:09:09] task=3  epoch=END  time_sec=36.2  acc_task0=0.0  acc_task1=0.0  acc_task2=0.0  acc_task3=87.5
[16:09:09] 
============================================================
 Task 5/5  | Classes (8, 10)
============================================================
[16:09:09] Task 4 baseline (chance): 10.00%
[16:09:10] Task 4 zero-shot (pre-train): 0.00%
[16:09:47] task=4  epoch=0  train_loss=1.3148
[16:09:51] task=4  epoch=END  time_sec=36.5  acc_task0=0.0  acc_task1=0.0  acc_task2=0.0  acc_task3=0.0  acc_task4=82.4
[16:09:51] 
Final Metrics:
  avg_accuracy         +16.4800
  forgetting           +80.6375
  backward_transfer    -80.6375
  forward_transfer     -15.3417
[16:09:51] 
Done - run: split_cifar10_si_der_buf100_seed456
[16:09:51] Metrics: {'avg_accuracy': 16.48, 'forgetting': 80.6375, 'backward_transfer': -80.6375, 'forward_transfer': -15.3417}
