[13:56:45] Starting: permuted_mnist_fine_tune_seed456
[13:56:45] Config: {'dataset': 'permuted_mnist', 'data_root': 'Project/data_local', 'model': 'resnet8', 'pretrained': False, 'method': 'fine_tune', 'n_epochs': 1, 'batch_size': 32, 'num_workers': 0, 'lr': 0.03, 'momentum': 0.9, 'weight_decay': 0.0001, 'fp16': False, 'buffer_size': 200, 'ewc_lambda': 100.0, 'fisher_samples': 200, 'si_lambda': 1.0, 'si_xi': 0.1, 'der_alpha': 0.5, 'xder_beta': 0.5, 'lwf_lambda': 1.0, 'lwf_temp': 2.0, 'icarl_distill_w': 1.0, 'icarl_temp': 2.0, 'use_nmc': True, 'agem_mem_batch': 64, 'distill_lambda': 1.0, 'distill_temp': 2.0, 'pc_distill_w': 1.0, 'pc_ewc_lambda': 100.0, 'pc_compress_epochs': 3, 'er_replay_ratio': 0.5, 'joint_replay_epochs': 1, 'disable_tqdm': True, 'disable_checkpoints': True, 'disable_plots': False, 'seeds': [42, 123, 456, 789, 1024], 'results_root': 'results_fwt', 'checkpoint_dir': 'results/checkpoints', 'figure_dir': 'results_fwt\\figures', 'log_dir': 'results_fwt\\raw', 'run_name': 'permuted_mnist_fine_tune_seed456', 'seed': 456}
[13:56:45] Device: cuda
[13:56:45] Dataset: PermutedMNIST(tasks=10, classes_per_task=10, scenario=domain-il)
[13:56:45] 
============================================================
 Task 1/10  | Classes (0, 10)
============================================================
[13:56:45] Task 0 baseline (chance): 10.00%
[13:57:11] task=0  epoch=0  train_loss=0.3176
[13:57:15] task=0  epoch=END  time_sec=26.9  acc_task0=93.56
[13:57:15] 
============================================================
 Task 2/10  | Classes (0, 10)
============================================================
[13:57:15] Task 1 baseline (chance): 10.00%
[13:57:19] Task 1 zero-shot (pre-train): 9.08%
[13:57:45] task=1  epoch=0  train_loss=0.2518
[13:57:53] task=1  epoch=END  time_sec=26.5  acc_task0=33.52  acc_task1=95.12
[13:57:53] 
============================================================
 Task 3/10  | Classes (0, 10)
============================================================
[13:57:53] Task 2 baseline (chance): 10.00%
[13:57:57] Task 2 zero-shot (pre-train): 12.10%
[13:58:23] task=2  epoch=0  train_loss=0.2475
[13:58:34] task=2  epoch=END  time_sec=26.5  acc_task0=16.04  acc_task1=38.91  acc_task2=95.69
[13:58:34] 
============================================================
 Task 4/10  | Classes (0, 10)
============================================================
[13:58:34] Task 3 baseline (chance): 10.00%
[13:58:38] Task 3 zero-shot (pre-train): 11.32%
[13:59:05] task=3  epoch=0  train_loss=0.2427
[13:59:19] task=3  epoch=END  time_sec=26.6  acc_task0=14.47  acc_task1=16.26  acc_task2=53.31  acc_task3=95.24
[13:59:19] 
============================================================
 Task 5/10  | Classes (0, 10)
============================================================
[13:59:19] Task 4 baseline (chance): 10.00%
[13:59:23] Task 4 zero-shot (pre-train): 12.67%
[13:59:50] task=4  epoch=0  train_loss=0.2403
[14:00:09] task=4  epoch=END  time_sec=26.4  acc_task0=12.67  acc_task1=19.91  acc_task2=23.59  acc_task3=51.84  acc_task4=94.94
[14:00:09] 
============================================================
 Task 6/10  | Classes (0, 10)
============================================================
[14:00:09] Task 5 baseline (chance): 10.00%
[14:00:12] Task 5 zero-shot (pre-train): 13.87%
[14:00:39] task=5  epoch=0  train_loss=0.2469
[14:01:01] task=5  epoch=END  time_sec=26.7  acc_task0=14.7  acc_task1=13.5  acc_task2=20.33  acc_task3=24.76  acc_task4=50.74  acc_task5=95.61
[14:01:01] 
============================================================
 Task 7/10  | Classes (0, 10)
============================================================
[14:01:01] Task 6 baseline (chance): 10.00%
[14:01:05] Task 6 zero-shot (pre-train): 13.50%
[14:01:32] task=6  epoch=0  train_loss=0.2423
[14:01:58] task=6  epoch=END  time_sec=26.6  acc_task0=12.97  acc_task1=12.35  acc_task2=11.45  acc_task3=14.71  acc_task4=23.4  acc_task5=55.87  acc_task6=95.75
[14:01:58] 
============================================================
 Task 8/10  | Classes (0, 10)
============================================================
[14:01:58] Task 7 baseline (chance): 10.00%
[14:02:02] Task 7 zero-shot (pre-train): 8.25%
[14:02:28] task=7  epoch=0  train_loss=0.245
[14:02:58] task=7  epoch=END  time_sec=26.7  acc_task0=15.06  acc_task1=11.83  acc_task2=10.22  acc_task3=12.21  acc_task4=21.5  acc_task5=23.71  acc_task6=50.94  acc_task7=95.67
[14:02:58] 
============================================================
 Task 9/10  | Classes (0, 10)
============================================================
[14:02:58] Task 8 baseline (chance): 10.00%
[14:03:02] Task 8 zero-shot (pre-train): 15.33%
[14:03:29] task=8  epoch=0  train_loss=0.2408
[14:04:03] task=8  epoch=END  time_sec=26.6  acc_task0=13.35  acc_task1=17.89  acc_task2=8.07  acc_task3=23.27  acc_task4=20.86  acc_task5=16.58  acc_task6=31.68  acc_task7=52.67  acc_task8=96.0
[14:04:03] 
============================================================
 Task 10/10  | Classes (0, 10)
============================================================
[14:04:03] Task 9 baseline (chance): 10.00%
[14:04:06] Task 9 zero-shot (pre-train): 21.94%
[14:04:33] task=9  epoch=0  train_loss=0.2407
[14:05:23] task=9  epoch=END  time_sec=26.8  acc_task0=12.7  acc_task1=13.07  acc_task2=15.25  acc_task3=12.67  acc_task4=19.87  acc_task5=9.44  acc_task6=15.43  acc_task7=27.26  acc_task8=56.96  acc_task9=95.34
[14:05:23] 
Final Metrics:
  avg_accuracy         +27.7990
  forgetting           +74.9922
  backward_transfer    -74.9922
  forward_transfer     +3.1178
[14:05:24] 
Done - run: permuted_mnist_fine_tune_seed456
[14:05:24] Metrics: {'avg_accuracy': 27.799, 'forgetting': 74.9922, 'backward_transfer': -74.9922, 'forward_transfer': 3.1178}
