[14:54:51] Starting: split_mini_imagenet_si_der_seed456
[14:54:51] Config: {'dataset': 'split_mini_imagenet', 'data_root': 'F:\\Temp\\cf\\Catastrophic Forgetting\\research_v2\\Project\\data_local\\mini-imagenet', 'dataset_image_size': None, 'dataset_out_channels': None, 'model': 'slim_resnet18', 'pretrained': False, 'model_image_size': None, 'method': 'si_der', 'n_epochs': 1, 'batch_size': 32, 'num_workers': 0, 'lr': 0.03, 'momentum': 0.9, 'weight_decay': 0.0001, 'fp16': True, 'buffer_size': 200, 'ewc_lambda': 100.0, 'fisher_samples': 200, 'si_lambda': 1.0, 'si_xi': 0.1, 'der_alpha': 0.5, 'xder_beta': 0.5, 'lwf_lambda': 1.0, 'lwf_temp': 2.0, 'icarl_distill_w': 1.0, 'icarl_temp': 2.0, 'use_nmc': True, 'agem_mem_batch': 64, 'distill_lambda': 1.0, 'distill_temp': 2.0, 'pc_distill_w': 1.0, 'pc_ewc_lambda': 100.0, 'pc_compress_epochs': 3, 'er_replay_ratio': 0.5, 'joint_replay_epochs': 1, 'disable_tqdm': True, 'disable_checkpoints': False, 'disable_plots': False, 'resume': True, 'cleanup_checkpoints_on_success': True, 'result_group': 'runs', 'ablation_family': None, 'seeds': [42, 123, 456, 789, 1024], 'results_root': 'F:\\Temp\\cf\\Catastrophic Forgetting\\research_v2\\results', 'seed': 456, 'run_name': 'split_mini_imagenet_si_der_seed456', 'project_root': 'F:\\Temp\\cf\\Catastrophic Forgetting\\research_v2\\Project', 'workspace_root': 'F:\\Temp\\cf\\Catastrophic Forgetting\\research_v2', 'run_root': 'F:\\Temp\\cf\\Catastrophic Forgetting\\research_v2\\results\\runs\\epoch_1\\split_mini_imagenet\\hybrids\\si_der\\seed_456', 'log_dir': 'F:\\Temp\\cf\\Catastrophic Forgetting\\research_v2\\results\\runs\\epoch_1\\split_mini_imagenet\\hybrids\\si_der\\seed_456\\logs', 'metrics_dir': 'F:\\Temp\\cf\\Catastrophic Forgetting\\research_v2\\results\\runs\\epoch_1\\split_mini_imagenet\\hybrids\\si_der\\seed_456\\metrics', 'checkpoint_dir': 'F:\\Temp\\cf\\Catastrophic Forgetting\\research_v2\\results\\runs\\epoch_1\\split_mini_imagenet\\hybrids\\si_der\\seed_456\\checkpoints', 'artifact_dir': 'F:\\Temp\\cf\\Catastrophic Forgetting\\research_v2\\results\\runs\\epoch_1\\split_mini_imagenet\\hybrids\\si_der\\seed_456\\artifacts', 'figure_dir': 'F:\\Temp\\cf\\Catastrophic Forgetting\\research_v2\\results\\figures\\epoch_1\\split_mini_imagenet\\hybrids\\si_der\\seed_456'}
[14:54:51] Device: cuda
[14:54:52] Dataset: SplitMiniImageNet(tasks=20, classes_per_task=5, scenario=class-il)
[14:54:53] 
============================================================
 Task 1/20  | Classes (0, 5)
============================================================
[14:54:53] Task 0 baseline (chance): 20.00%
[14:55:19] task=0  epoch=0  train_loss=1.8946
[14:55:23] task=0  epoch=END  time_sec=26.8  acc_task0=36.33
[14:55:23] 
============================================================
 Task 2/20  | Classes (5, 10)
============================================================
[14:55:23] Task 1 baseline (chance): 10.00%
[14:55:27] Task 1 zero-shot (pre-train): 0.00%
[14:55:57] task=1  epoch=0  train_loss=1.6832
[14:56:04] task=1  epoch=END  time_sec=30.6  acc_task0=0.0  acc_task1=53.0
[14:56:05] 
============================================================
 Task 3/20  | Classes (10, 15)
============================================================
[14:56:05] Task 2 baseline (chance): 6.67%
[14:56:08] Task 2 zero-shot (pre-train): 0.00%
[14:56:35] task=2  epoch=0  train_loss=2.174
[14:56:45] task=2  epoch=END  time_sec=27.2  acc_task0=0.0  acc_task1=0.0  acc_task2=39.0
[14:56:46] 
============================================================
 Task 4/20  | Classes (15, 20)
============================================================
[14:56:46] Task 3 baseline (chance): 5.00%
[14:56:49] Task 3 zero-shot (pre-train): 0.00%
[14:57:19] task=3  epoch=0  train_loss=2.9258
[14:57:32] task=3  epoch=END  time_sec=29.4  acc_task0=0.0  acc_task1=0.0  acc_task2=0.0  acc_task3=34.33
[14:57:32] 
============================================================
 Task 5/20  | Classes (20, 25)
============================================================
[14:57:32] Task 4 baseline (chance): 4.00%
[14:57:36] Task 4 zero-shot (pre-train): 0.00%
[14:58:05] task=4  epoch=0  train_loss=3.4648
[14:58:21] task=4  epoch=END  time_sec=28.9  acc_task0=0.0  acc_task1=0.0  acc_task2=3.5  acc_task3=0.0  acc_task4=28.67
[14:58:22] 
============================================================
 Task 6/20  | Classes (25, 30)
============================================================
[14:58:22] Task 5 baseline (chance): 3.33%
[14:58:26] Task 5 zero-shot (pre-train): 0.00%
[14:58:57] task=5  epoch=0  train_loss=4.1123
[14:59:20] task=5  epoch=END  time_sec=30.7  acc_task0=0.0  acc_task1=0.0  acc_task2=0.0  acc_task3=0.0  acc_task4=0.0  acc_task5=22.0
[14:59:21] 
============================================================
 Task 7/20  | Classes (30, 35)
============================================================
[14:59:21] Task 6 baseline (chance): 2.86%
[14:59:24] Task 6 zero-shot (pre-train): 0.00%
[14:59:53] task=6  epoch=0  train_loss=4.3489
[15:00:16] task=6  epoch=END  time_sec=28.8  acc_task0=0.0  acc_task1=0.0  acc_task2=0.0  acc_task3=0.0  acc_task4=0.0  acc_task5=0.0  acc_task6=29.67
[15:00:17] 
============================================================
 Task 8/20  | Classes (35, 40)
============================================================
[15:00:17] Task 7 baseline (chance): 2.50%
[15:00:21] Task 7 zero-shot (pre-train): 0.00%
[15:00:50] task=7  epoch=0  train_loss=4.6278
[15:01:17] task=7  epoch=END  time_sec=29.2  acc_task0=0.0  acc_task1=0.0  acc_task2=1.33  acc_task3=0.0  acc_task4=0.0  acc_task5=0.0  acc_task6=0.0  acc_task7=27.83
[15:01:18] 
============================================================
 Task 9/20  | Classes (40, 45)
============================================================
[15:01:18] Task 8 baseline (chance): 2.22%
[15:01:22] Task 8 zero-shot (pre-train): 0.00%
[15:01:53] task=8  epoch=0  train_loss=4.7301
[15:02:23] task=8  epoch=END  time_sec=30.9  acc_task0=0.0  acc_task1=0.0  acc_task2=0.0  acc_task3=0.0  acc_task4=0.0  acc_task5=0.0  acc_task6=0.0  acc_task7=0.0  acc_task8=41.0
[15:02:24] 
============================================================
 Task 10/20  | Classes (45, 50)
============================================================
[15:02:24] Task 9 baseline (chance): 2.00%
[15:02:27] Task 9 zero-shot (pre-train): 0.00%
[15:02:54] task=9  epoch=0  train_loss=5.6074
[15:03:28] task=9  epoch=END  time_sec=27.1  acc_task0=0.0  acc_task1=0.0  acc_task2=0.5  acc_task3=0.0  acc_task4=0.0  acc_task5=0.0  acc_task6=0.0  acc_task7=0.0  acc_task8=0.67  acc_task9=27.67
[15:03:29] 
============================================================
 Task 11/20  | Classes (50, 55)
============================================================
[15:03:29] Task 10 baseline (chance): 1.82%
[15:03:33] Task 10 zero-shot (pre-train): 0.00%
[15:04:02] task=10  epoch=0  train_loss=5.4605
[15:04:38] task=10  epoch=END  time_sec=29.7  acc_task0=0.0  acc_task1=0.0  acc_task2=0.0  acc_task3=0.0  acc_task4=0.0  acc_task5=0.0  acc_task6=0.0  acc_task7=0.0  acc_task8=0.0  acc_task9=0.0  acc_task10=34.0
[15:04:39] 
============================================================
 Task 12/20  | Classes (55, 60)
============================================================
[15:04:39] Task 11 baseline (chance): 1.67%
[15:04:43] Task 11 zero-shot (pre-train): 0.00%
[15:05:12] task=11  epoch=0  train_loss=5.8645
[15:05:52] task=11  epoch=END  time_sec=29.7  acc_task0=0.0  acc_task1=0.0  acc_task2=0.0  acc_task3=0.0  acc_task4=0.0  acc_task5=0.0  acc_task6=0.0  acc_task7=0.0  acc_task8=0.0  acc_task9=0.0  acc_task10=0.0  acc_task11=29.17
[15:05:52] 
============================================================
 Task 13/20  | Classes (60, 65)
============================================================
[15:05:52] Task 12 baseline (chance): 1.54%
[15:05:56] Task 12 zero-shot (pre-train): 0.00%
[15:06:23] task=12  epoch=0  train_loss=5.7753
[15:07:06] task=12  epoch=END  time_sec=27.4  acc_task0=0.0  acc_task1=0.0  acc_task2=0.0  acc_task3=0.0  acc_task4=0.0  acc_task5=0.0  acc_task6=0.0  acc_task7=0.0  acc_task8=0.0  acc_task9=0.0  acc_task10=0.0  acc_task11=0.0  acc_task12=23.67
[15:07:07] 
============================================================
 Task 14/20  | Classes (65, 70)
============================================================
[15:07:07] Task 13 baseline (chance): 1.43%
[15:07:11] Task 13 zero-shot (pre-train): 0.00%
[15:07:40] task=13  epoch=0  train_loss=5.821
[15:08:26] task=13  epoch=END  time_sec=29.1  acc_task0=0.0  acc_task1=0.0  acc_task2=0.0  acc_task3=0.0  acc_task4=0.0  acc_task5=0.0  acc_task6=0.0  acc_task7=0.0  acc_task8=0.0  acc_task9=0.0  acc_task10=0.0  acc_task11=0.0  acc_task12=0.0  acc_task13=32.17
[15:08:27] 
============================================================
 Task 15/20  | Classes (70, 75)
============================================================
[15:08:27] Task 14 baseline (chance): 1.33%
[15:08:31] Task 14 zero-shot (pre-train): 0.00%
[15:08:59] task=14  epoch=0  train_loss=5.8823
[15:09:48] task=14  epoch=END  time_sec=28.1  acc_task0=0.0  acc_task1=0.0  acc_task2=0.0  acc_task3=0.0  acc_task4=0.0  acc_task5=0.0  acc_task6=0.0  acc_task7=0.0  acc_task8=0.0  acc_task9=0.0  acc_task10=0.0  acc_task11=0.0  acc_task12=0.0  acc_task13=0.0  acc_task14=29.67
[15:09:48] 
============================================================
 Task 16/20  | Classes (75, 80)
============================================================
[15:09:48] Task 15 baseline (chance): 1.25%
[15:09:53] Task 15 zero-shot (pre-train): 0.00%
[15:10:23] task=15  epoch=0  train_loss=6.0724
[15:11:19] task=15  epoch=END  time_sec=29.9  acc_task0=0.0  acc_task1=0.0  acc_task2=0.0  acc_task3=0.0  acc_task4=0.0  acc_task5=0.0  acc_task6=0.0  acc_task7=0.0  acc_task8=0.0  acc_task9=0.0  acc_task10=0.0  acc_task11=0.0  acc_task12=0.0  acc_task13=0.0  acc_task14=0.0  acc_task15=34.5
[15:11:20] 
============================================================
 Task 17/20  | Classes (80, 85)
============================================================
[15:11:20] Task 16 baseline (chance): 1.18%
[15:11:24] Task 16 zero-shot (pre-train): 0.00%
[15:11:54] task=16  epoch=0  train_loss=6.4249
[15:12:52] task=16  epoch=END  time_sec=30.3  acc_task0=0.0  acc_task1=0.0  acc_task2=0.0  acc_task3=0.0  acc_task4=0.0  acc_task5=0.0  acc_task6=0.0  acc_task7=0.0  acc_task8=0.0  acc_task9=0.0  acc_task10=0.0  acc_task11=0.0  acc_task12=0.0  acc_task13=0.0  acc_task14=0.0  acc_task15=0.0  acc_task16=36.33
[15:12:53] 
============================================================
 Task 18/20  | Classes (85, 90)
============================================================
[15:12:53] Task 17 baseline (chance): 1.11%
[15:12:57] Task 17 zero-shot (pre-train): 0.00%
[15:13:27] task=17  epoch=0  train_loss=6.1528
[15:14:33] task=17  epoch=END  time_sec=29.2  acc_task0=0.0  acc_task1=0.0  acc_task2=0.0  acc_task3=0.0  acc_task4=0.0  acc_task5=0.0  acc_task6=0.0  acc_task7=0.0  acc_task8=0.0  acc_task9=0.0  acc_task10=0.0  acc_task11=0.0  acc_task12=0.0  acc_task13=0.0  acc_task14=0.0  acc_task15=0.0  acc_task16=0.0  acc_task17=33.83
[15:14:34] 
============================================================
 Task 19/20  | Classes (90, 95)
============================================================
[15:14:34] Task 18 baseline (chance): 1.05%
[15:14:38] Task 18 zero-shot (pre-train): 0.00%
[15:15:08] task=18  epoch=0  train_loss=5.7014
[15:16:19] task=18  epoch=END  time_sec=29.8  acc_task0=0.0  acc_task1=0.0  acc_task2=0.0  acc_task3=0.0  acc_task4=0.0  acc_task5=0.0  acc_task6=0.0  acc_task7=0.0  acc_task8=0.0  acc_task9=0.0  acc_task10=0.0  acc_task11=0.0  acc_task12=0.0  acc_task13=0.0  acc_task14=0.0  acc_task15=0.0  acc_task16=0.0  acc_task17=0.0  acc_task18=37.83
[15:16:20] 
============================================================
 Task 20/20  | Classes (95, 100)
============================================================
[15:16:20] Task 19 baseline (chance): 1.00%
[15:16:24] Task 19 zero-shot (pre-train): 0.00%
[15:16:55] task=19  epoch=0  train_loss=5.7601
[15:18:11] task=19  epoch=END  time_sec=30.6  acc_task0=0.0  acc_task1=0.0  acc_task2=0.0  acc_task3=0.0  acc_task4=0.0  acc_task5=0.0  acc_task6=0.0  acc_task7=0.0  acc_task8=0.0  acc_task9=0.0  acc_task10=0.0  acc_task11=0.0  acc_task12=0.0  acc_task13=0.0  acc_task14=0.0  acc_task15=0.0  acc_task16=0.0  acc_task17=0.0  acc_task18=0.0  acc_task19=49.0
[15:18:12] 
Final Metrics:
  avg_accuracy         +2.4500
  forgetting           +33.1930
  backward_transfer    -33.1930
  forward_transfer     -2.7345
[15:18:14] 
Done - run: split_mini_imagenet_si_der_seed456
[15:18:14] Metrics: {'avg_accuracy': 2.45, 'forgetting': 33.193, 'backward_transfer': -33.193, 'forward_transfer': -2.7345}
[15:18:14] Deleted 20 checkpoint(s) after successful completion.
