[02:34:33] Starting: split_cifar10_si_der_seed123
[02:34:33] Config: {'dataset': 'split_cifar10', 'data_root': 'F:\\Temp\\cf\\Catastrophic Forgetting\\research_v2\\Project\\data_local', 'dataset_image_size': None, 'dataset_out_channels': None, 'model': 'slim_resnet18', 'pretrained': False, 'model_image_size': None, 'method': 'si_der', 'n_epochs': 1, 'batch_size': 32, 'num_workers': 0, 'lr': 0.03, 'momentum': 0.9, 'weight_decay': 0.0001, 'fp16': False, 'buffer_size': 200, 'ewc_lambda': 100.0, 'fisher_samples': 200, 'si_lambda': 1.0, 'si_xi': 0.1, 'der_alpha': 0.5, 'xder_beta': 0.5, 'lwf_lambda': 1.0, 'lwf_temp': 2.0, 'icarl_distill_w': 1.0, 'icarl_temp': 2.0, 'use_nmc': True, 'agem_mem_batch': 64, 'distill_lambda': 1.0, 'distill_temp': 2.0, 'pc_distill_w': 1.0, 'pc_ewc_lambda': 100.0, 'pc_compress_epochs': 3, 'er_replay_ratio': 0.5, 'joint_replay_epochs': 1, 'disable_tqdm': True, 'disable_checkpoints': False, 'disable_plots': False, 'resume': True, 'cleanup_checkpoints_on_success': True, 'result_group': 'runs', 'ablation_family': None, 'seeds': [42, 123, 456, 789, 1024], 'results_root': 'F:\\Temp\\cf\\Catastrophic Forgetting\\research_v2\\results', 'seed': 123, 'run_name': 'split_cifar10_si_der_seed123', 'project_root': 'F:\\Temp\\cf\\Catastrophic Forgetting\\research_v2\\Project', 'workspace_root': 'F:\\Temp\\cf\\Catastrophic Forgetting\\research_v2', 'run_root': 'F:\\Temp\\cf\\Catastrophic Forgetting\\research_v2\\results\\runs\\epoch_1\\split_cifar10\\hybrids\\si_der\\seed_123', 'log_dir': 'F:\\Temp\\cf\\Catastrophic Forgetting\\research_v2\\results\\runs\\epoch_1\\split_cifar10\\hybrids\\si_der\\seed_123\\logs', 'metrics_dir': 'F:\\Temp\\cf\\Catastrophic Forgetting\\research_v2\\results\\runs\\epoch_1\\split_cifar10\\hybrids\\si_der\\seed_123\\metrics', 'checkpoint_dir': 'F:\\Temp\\cf\\Catastrophic Forgetting\\research_v2\\results\\runs\\epoch_1\\split_cifar10\\hybrids\\si_der\\seed_123\\checkpoints', 'artifact_dir': 'F:\\Temp\\cf\\Catastrophic Forgetting\\research_v2\\results\\runs\\epoch_1\\split_cifar10\\hybrids\\si_der\\seed_123\\artifacts', 'figure_dir': 'F:\\Temp\\cf\\Catastrophic Forgetting\\research_v2\\results\\figures\\epoch_1\\split_cifar10\\hybrids\\si_der\\seed_123'}
[02:34:33] Device: cuda
[02:34:35] Dataset: SplitCIFAR10(tasks=5, classes_per_task=2, scenario=class-il)
[02:34:35] 
============================================================
 Task 1/5  | Classes (0, 2)
============================================================
[02:34:35] Task 0 baseline (chance): 50.00%
[02:35:04] task=0  epoch=0  train_loss=0.9154
[02:35:05] task=0  epoch=END  time_sec=29.1  acc_task0=82.95
[02:35:06] 
============================================================
 Task 2/5  | Classes (2, 4)
============================================================
[02:35:06] Task 1 baseline (chance): 25.00%
[02:35:06] Task 1 zero-shot (pre-train): 0.00%
[02:35:44] task=1  epoch=0  train_loss=0.8166
[02:35:46] task=1  epoch=END  time_sec=37.7  acc_task0=0.0  acc_task1=74.05
[02:35:46] 
============================================================
 Task 3/5  | Classes (4, 6)
============================================================
[02:35:46] Task 2 baseline (chance): 16.67%
[02:35:47] Task 2 zero-shot (pre-train): 0.00%
[02:36:25] task=2  epoch=0  train_loss=0.8584
[02:36:27] task=2  epoch=END  time_sec=37.4  acc_task0=0.0  acc_task1=0.0  acc_task2=73.05
[02:36:27] 
============================================================
 Task 4/5  | Classes (6, 8)
============================================================
[02:36:27] Task 3 baseline (chance): 12.50%
[02:36:28] Task 3 zero-shot (pre-train): 0.00%
[02:37:04] task=3  epoch=0  train_loss=1.0835
[02:37:08] task=3  epoch=END  time_sec=36.2  acc_task0=0.0  acc_task1=0.0  acc_task2=0.0  acc_task3=87.35
[02:37:08] 
============================================================
 Task 5/5  | Classes (8, 10)
============================================================
[02:37:08] Task 4 baseline (chance): 10.00%
[02:37:09] Task 4 zero-shot (pre-train): 0.00%
[02:37:47] task=4  epoch=0  train_loss=1.118
[02:37:52] task=4  epoch=END  time_sec=37.8  acc_task0=0.0  acc_task1=0.0  acc_task2=0.0  acc_task3=0.0  acc_task4=82.6
[02:37:52] 
Final Metrics:
  avg_accuracy         +16.5200
  forgetting           +79.3500
  backward_transfer    -79.3500
  forward_transfer     -16.0417
[02:37:53] 
Done - run: split_cifar10_si_der_seed123
[02:37:53] Metrics: {'avg_accuracy': 16.52, 'forgetting': 79.35, 'backward_transfer': -79.35, 'forward_transfer': -16.0417}
[02:37:53] Deleted 5 checkpoint(s) after successful completion.
