[03:38:47] Starting: permuted_mnist_der_nodistill_seed42
[03:38:47] Config: {'dataset': 'permuted_mnist', 'data_root': 'F:\\Temp\\cf\\Catastrophic Forgetting\\research_v2\\Project\\data_local', 'dataset_image_size': 32, 'dataset_out_channels': None, 'model': 'slim_resnet18', 'pretrained': False, 'model_image_size': None, 'method': 'der', 'n_epochs': 1, 'batch_size': 32, 'num_workers': 2, 'lr': 0.03, 'momentum': 0.9, 'weight_decay': 0.0001, 'fp16': False, 'buffer_size': 200, 'ewc_lambda': 100.0, 'fisher_samples': 200, 'si_lambda': 1.0, 'si_xi': 0.1, 'der_alpha': 0.0, 'xder_beta': 0.5, 'lwf_lambda': 1.0, 'lwf_temp': 2.0, 'icarl_distill_w': 1.0, 'icarl_temp': 2.0, 'use_nmc': True, 'agem_mem_batch': 64, 'distill_lambda': 1.0, 'distill_temp': 2.0, 'pc_distill_w': 1.0, 'pc_ewc_lambda': 100.0, 'pc_compress_epochs': 3, 'er_replay_ratio': 0.5, 'joint_replay_epochs': 1, 'disable_tqdm': True, 'disable_checkpoints': False, 'disable_plots': False, 'resume': False, 'cleanup_checkpoints_on_success': True, 'result_group': 'ablations', 'ablation_family': 'interaction', 'seeds': [42, 123, 456], 'results_root': 'F:\\Temp\\cf\\Catastrophic Forgetting\\research_v2\\results', 'run_tag': 'nodistill', 'seed': 42, 'run_name': 'permuted_mnist_der_nodistill_seed42', 'project_root': 'F:\\Temp\\cf\\Catastrophic Forgetting\\research_v2\\Project', 'workspace_root': 'F:\\Temp\\cf\\Catastrophic Forgetting\\research_v2', 'run_root': 'F:\\Temp\\cf\\Catastrophic Forgetting\\research_v2\\results\\ablations\\epoch_1\\permuted_mnist\\interaction\\der__nodistill\\seed_42', 'log_dir': 'F:\\Temp\\cf\\Catastrophic Forgetting\\research_v2\\results\\ablations\\epoch_1\\permuted_mnist\\interaction\\der__nodistill\\seed_42\\logs', 'metrics_dir': 'F:\\Temp\\cf\\Catastrophic Forgetting\\research_v2\\results\\ablations\\epoch_1\\permuted_mnist\\interaction\\der__nodistill\\seed_42\\metrics', 'checkpoint_dir': 'F:\\Temp\\cf\\Catastrophic Forgetting\\research_v2\\results\\ablations\\epoch_1\\permuted_mnist\\interaction\\der__nodistill\\seed_42\\checkpoints', 'artifact_dir': 'F:\\Temp\\cf\\Catastrophic Forgetting\\research_v2\\results\\ablations\\epoch_1\\permuted_mnist\\interaction\\der__nodistill\\seed_42\\artifacts', 'figure_dir': 'F:\\Temp\\cf\\Catastrophic Forgetting\\research_v2\\results\\figures\\ablations\\epoch_1\\permuted_mnist\\interaction\\der__nodistill\\seed_42'}
[03:38:47] Device: cuda
[03:38:47] Dataset: PermutedMNIST(tasks=10, classes_per_task=10, scenario=domain-il)
[03:38:47] 
============================================================
 Task 1/10  | Classes (0, 10)
============================================================
[03:38:47] Task 0 baseline (chance): 10.00%
[03:41:06] task=0  epoch=0  train_loss=0.2686
[03:41:16] task=0  epoch=END  time_sec=139.1  acc_task0=95.89
[03:41:17] 
============================================================
 Task 2/10  | Classes (0, 10)
============================================================
[03:41:17] Task 1 baseline (chance): 10.00%
[03:41:28] Task 1 zero-shot (pre-train): 13.08%
[03:43:36] task=1  epoch=0  train_loss=0.2087
[03:44:03] task=1  epoch=END  time_sec=127.9  acc_task0=51.44  acc_task1=96.73
[03:44:03] 
============================================================
 Task 3/10  | Classes (0, 10)
============================================================
[03:44:03] Task 2 baseline (chance): 10.00%
[03:44:16] Task 2 zero-shot (pre-train): 9.28%
[03:46:34] task=2  epoch=0  train_loss=0.1943
[03:47:21] task=2  epoch=END  time_sec=138.4  acc_task0=21.82  acc_task1=65.36  acc_task2=96.24
[03:47:21] 
============================================================
 Task 4/10  | Classes (0, 10)
============================================================
[03:47:21] Task 3 baseline (chance): 10.00%
[03:47:36] Task 3 zero-shot (pre-train): 6.13%
[03:50:04] task=3  epoch=0  train_loss=0.1887
[03:50:56] task=3  epoch=END  time_sec=147.6  acc_task0=16.75  acc_task1=25.47  acc_task2=59.36  acc_task3=96.76
[03:50:57] 
============================================================
 Task 5/10  | Classes (0, 10)
============================================================
[03:50:57] Task 4 baseline (chance): 10.00%
[03:51:11] Task 4 zero-shot (pre-train): 11.59%
[03:53:27] task=4  epoch=0  train_loss=0.1809
[03:54:28] task=4  epoch=END  time_sec=135.7  acc_task0=15.44  acc_task1=16.48  acc_task2=30.52  acc_task3=73.29  acc_task4=97.04
[03:54:28] 
============================================================
 Task 6/10  | Classes (0, 10)
============================================================
[03:54:28] Task 5 baseline (chance): 10.00%
[03:54:44] Task 5 zero-shot (pre-train): 12.92%
[03:56:43] task=5  epoch=0  train_loss=0.1774
[03:58:12] task=5  epoch=END  time_sec=119.7  acc_task0=13.3  acc_task1=12.8  acc_task2=23.2  acc_task3=43.15  acc_task4=75.96  acc_task5=96.93
[03:58:12] 
============================================================
 Task 7/10  | Classes (0, 10)
============================================================
[03:58:12] Task 6 baseline (chance): 10.00%
[03:58:26] Task 6 zero-shot (pre-train): 14.30%
[04:00:33] task=6  epoch=0  train_loss=0.1772
[04:02:10] task=6  epoch=END  time_sec=127.3  acc_task0=15.49  acc_task1=13.64  acc_task2=19.58  acc_task3=22.82  acc_task4=44.82  acc_task5=73.33  acc_task6=96.78
[04:02:10] 
============================================================
 Task 8/10  | Classes (0, 10)
============================================================
[04:02:10] Task 7 baseline (chance): 10.00%
[04:02:23] Task 7 zero-shot (pre-train): 12.39%
[04:04:49] task=7  epoch=0  train_loss=0.1737
[04:06:43] task=7  epoch=END  time_sec=146.1  acc_task0=10.13  acc_task1=12.24  acc_task2=12.91  acc_task3=20.15  acc_task4=20.97  acc_task5=28.27  acc_task6=74.16  acc_task7=96.14
[04:06:43] 
============================================================
 Task 9/10  | Classes (0, 10)
============================================================
[04:06:43] Task 8 baseline (chance): 10.00%
[04:06:58] Task 8 zero-shot (pre-train): 9.66%
[04:09:22] task=8  epoch=0  train_loss=0.1737
[04:11:22] task=8  epoch=END  time_sec=143.8  acc_task0=12.36  acc_task1=13.81  acc_task2=9.97  acc_task3=13.16  acc_task4=21.04  acc_task5=19.67  acc_task6=27.74  acc_task7=83.48  acc_task8=96.98
[04:11:23] 
============================================================
 Task 10/10  | Classes (0, 10)
============================================================
[04:11:23] Task 9 baseline (chance): 10.00%
[04:11:36] Task 9 zero-shot (pre-train): 10.84%
[04:13:48] task=9  epoch=0  train_loss=0.1713
[04:15:59] task=9  epoch=END  time_sec=132.5  acc_task0=8.81  acc_task1=9.21  acc_task2=11.37  acc_task3=14.75  acc_task4=12.74  acc_task5=16.93  acc_task6=16.61  acc_task7=44.89  acc_task8=79.38  acc_task9=96.97
[04:15:59] 
Final Metrics:
  avg_accuracy         +31.1660
  forgetting           +72.7556
  backward_transfer    -72.7556
  forward_transfer     +1.1322
[04:16:01] 
Done - run: permuted_mnist_der_nodistill_seed42
[04:16:01] Metrics: {'avg_accuracy': 31.166, 'forgetting': 72.7556, 'backward_transfer': -72.7556, 'forward_transfer': 1.1322}
[04:16:01] Deleted 10 checkpoint(s) after successful completion.
