[17:45:12] Starting: split_cifar10_ewc_seed123
[17:45:12] Config: {'dataset': 'split_cifar10', 'data_root': 'Project/data_local', 'model': 'slim_resnet18', 'pretrained': False, 'method': 'ewc', 'n_epochs': 1, 'batch_size': 32, 'num_workers': 0, 'lr': 0.03, 'momentum': 0.9, 'weight_decay': 0.0001, 'fp16': False, 'buffer_size': 200, 'ewc_lambda': 100.0, 'fisher_samples': 200, 'si_lambda': 1.0, 'si_xi': 0.1, 'der_alpha': 0.5, 'xder_beta': 0.5, 'lwf_lambda': 1.0, 'lwf_temp': 2.0, 'icarl_distill_w': 1.0, 'icarl_temp': 2.0, 'use_nmc': True, 'agem_mem_batch': 64, 'distill_lambda': 1.0, 'distill_temp': 2.0, 'pc_distill_w': 1.0, 'pc_ewc_lambda': 100.0, 'pc_compress_epochs': 3, 'er_replay_ratio': 0.5, 'joint_replay_epochs': 1, 'disable_tqdm': True, 'disable_checkpoints': True, 'disable_plots': False, 'seeds': [42, 123, 456, 789, 1024], 'results_root': 'results_fwt', 'checkpoint_dir': 'results/checkpoints', 'figure_dir': 'results_fwt\\figures', 'log_dir': 'results_fwt\\raw', 'run_name': 'split_cifar10_ewc_seed123', 'seed': 123}
[17:45:12] Device: cuda
[17:45:13] Dataset: SplitCIFAR10(tasks=5, classes_per_task=2, scenario=class-il)
[17:45:13] 
============================================================
 Task 1/5  | Classes (0, 2)
============================================================
[17:45:13] Task 0 baseline (chance): 50.00%
[17:45:24] task=0  epoch=0  train_loss=0.5108
[17:45:25] task=0  epoch=END  time_sec=10.6  acc_task0=78.5
[17:45:25] 
============================================================
 Task 2/5  | Classes (2, 4)
============================================================
[17:45:25] Task 1 baseline (chance): 25.00%
[17:45:26] Task 1 zero-shot (pre-train): 1.80%
[17:45:44] task=1  epoch=0  train_loss=0.6129
[17:45:46] task=1  epoch=END  time_sec=18.2  acc_task0=0.0  acc_task1=74.5
[17:45:46] 
============================================================
 Task 3/5  | Classes (4, 6)
============================================================
[17:45:46] Task 2 baseline (chance): 16.67%
[17:45:46] Task 2 zero-shot (pre-train): 0.00%
[17:46:13] task=2  epoch=0  train_loss=0.6199
[17:46:16] task=2  epoch=END  time_sec=26.5  acc_task0=0.0  acc_task1=0.0  acc_task2=76.05
[17:46:16] 
============================================================
 Task 4/5  | Classes (6, 8)
============================================================
[17:46:16] Task 3 baseline (chance): 12.50%
[17:46:16] Task 3 zero-shot (pre-train): 0.00%
[17:46:51] task=3  epoch=0  train_loss=0.5911
[17:46:54] task=3  epoch=END  time_sec=34.2  acc_task0=0.0  acc_task1=0.0  acc_task2=0.0  acc_task3=85.15
[17:46:54] 
============================================================
 Task 5/5  | Classes (8, 10)
============================================================
[17:46:54] Task 4 baseline (chance): 10.00%
[17:46:55] Task 4 zero-shot (pre-train): 0.00%
[17:47:37] task=4  epoch=0  train_loss=0.7292
[17:47:41] task=4  epoch=END  time_sec=41.8  acc_task0=0.0  acc_task1=0.0  acc_task2=0.0  acc_task3=0.0  acc_task4=80.3
[17:47:41] 
Final Metrics:
  avg_accuracy         +16.0600
  forgetting           +78.5500
  backward_transfer    -78.5500
  forward_transfer     -15.5917
[17:47:42] 
Done - run: split_cifar10_ewc_seed123
[17:47:42] Metrics: {'avg_accuracy': 16.06, 'forgetting': 78.55, 'backward_transfer': -78.55, 'forward_transfer': -15.5917}
