[17:52:39] Starting: split_cifar10_ewc_seed1024
[17:52:39] Config: {'dataset': 'split_cifar10', 'data_root': 'Project/data_local', 'model': 'slim_resnet18', 'pretrained': False, 'method': 'ewc', 'n_epochs': 1, 'batch_size': 32, 'num_workers': 0, 'lr': 0.03, 'momentum': 0.9, 'weight_decay': 0.0001, 'fp16': False, 'buffer_size': 200, 'ewc_lambda': 100.0, 'fisher_samples': 200, 'si_lambda': 1.0, 'si_xi': 0.1, 'der_alpha': 0.5, 'xder_beta': 0.5, 'lwf_lambda': 1.0, 'lwf_temp': 2.0, 'icarl_distill_w': 1.0, 'icarl_temp': 2.0, 'use_nmc': True, 'agem_mem_batch': 64, 'distill_lambda': 1.0, 'distill_temp': 2.0, 'pc_distill_w': 1.0, 'pc_ewc_lambda': 100.0, 'pc_compress_epochs': 3, 'er_replay_ratio': 0.5, 'joint_replay_epochs': 1, 'disable_tqdm': True, 'disable_checkpoints': True, 'disable_plots': False, 'seeds': [42, 123, 456, 789, 1024], 'results_root': 'results_fwt', 'checkpoint_dir': 'results/checkpoints', 'figure_dir': 'results_fwt\\figures', 'log_dir': 'results_fwt\\raw', 'run_name': 'split_cifar10_ewc_seed1024', 'seed': 1024}
[17:52:39] Device: cuda
[17:52:40] Dataset: SplitCIFAR10(tasks=5, classes_per_task=2, scenario=class-il)
[17:52:41] 
============================================================
 Task 1/5  | Classes (0, 2)
============================================================
[17:52:41] Task 0 baseline (chance): 50.00%
[17:52:51] task=0  epoch=0  train_loss=0.5051
[17:52:52] task=0  epoch=END  time_sec=10.3  acc_task0=86.05
[17:52:52] 
============================================================
 Task 2/5  | Classes (2, 4)
============================================================
[17:52:52] Task 1 baseline (chance): 25.00%
[17:52:53] Task 1 zero-shot (pre-train): 0.10%
[17:53:11] task=1  epoch=0  train_loss=0.5976
[17:53:13] task=1  epoch=END  time_sec=18.2  acc_task0=0.0  acc_task1=73.35
[17:53:13] 
============================================================
 Task 3/5  | Classes (4, 6)
============================================================
[17:53:13] Task 2 baseline (chance): 16.67%
[17:53:13] Task 2 zero-shot (pre-train): 0.00%
[17:53:39] task=2  epoch=0  train_loss=0.6281
[17:53:42] task=2  epoch=END  time_sec=26.1  acc_task0=0.0  acc_task1=0.0  acc_task2=76.85
[17:53:42] 
============================================================
 Task 4/5  | Classes (6, 8)
============================================================
[17:53:42] Task 3 baseline (chance): 12.50%
[17:53:43] Task 3 zero-shot (pre-train): 0.00%
[17:54:17] task=3  epoch=0  train_loss=0.6474
[17:54:21] task=3  epoch=END  time_sec=34.5  acc_task0=0.0  acc_task1=0.0  acc_task2=0.0  acc_task3=88.2
[17:54:21] 
============================================================
 Task 5/5  | Classes (8, 10)
============================================================
[17:54:21] Task 4 baseline (chance): 10.00%
[17:54:22] Task 4 zero-shot (pre-train): 0.00%
[17:55:03] task=4  epoch=0  train_loss=0.7138
[17:55:07] task=4  epoch=END  time_sec=41.6  acc_task0=0.0  acc_task1=0.0  acc_task2=0.0  acc_task3=0.0  acc_task4=84.25
[17:55:07] 
Final Metrics:
  avg_accuracy         +16.8500
  forgetting           +81.1125
  backward_transfer    -81.1125
  forward_transfer     -16.0167
[17:55:08] 
Done - run: split_cifar10_ewc_seed1024
[17:55:08] Metrics: {'avg_accuracy': 16.85, 'forgetting': 81.1125, 'backward_transfer': -81.1125, 'forward_transfer': -16.0167}
