[04:40:21] Starting: split_cifar100_si_der_seed789
[04:40:21] Config: {'dataset': 'split_cifar100', 'data_root': 'F:\\Temp\\cf\\Catastrophic Forgetting\\research_v2\\Project\\data_local', 'dataset_image_size': None, 'dataset_out_channels': None, 'model': 'slim_resnet18', 'pretrained': False, 'model_image_size': None, 'method': 'si_der', 'n_epochs': 1, 'batch_size': 32, 'num_workers': 0, 'lr': 0.03, 'momentum': 0.9, 'weight_decay': 0.0001, 'fp16': True, 'buffer_size': 200, 'ewc_lambda': 100.0, 'fisher_samples': 200, 'si_lambda': 1.0, 'si_xi': 0.1, 'der_alpha': 0.5, 'xder_beta': 0.5, 'lwf_lambda': 1.0, 'lwf_temp': 2.0, 'icarl_distill_w': 1.0, 'icarl_temp': 2.0, 'use_nmc': True, 'agem_mem_batch': 64, 'distill_lambda': 1.0, 'distill_temp': 2.0, 'pc_distill_w': 1.0, 'pc_ewc_lambda': 100.0, 'pc_compress_epochs': 3, 'er_replay_ratio': 0.5, 'joint_replay_epochs': 1, 'disable_tqdm': True, 'disable_checkpoints': False, 'disable_plots': False, 'resume': True, 'cleanup_checkpoints_on_success': True, 'result_group': 'runs', 'ablation_family': None, 'seeds': [42, 123, 456, 789, 1024], 'results_root': 'F:\\Temp\\cf\\Catastrophic Forgetting\\research_v2\\results', 'seed': 789, 'run_name': 'split_cifar100_si_der_seed789', 'project_root': 'F:\\Temp\\cf\\Catastrophic Forgetting\\research_v2\\Project', 'workspace_root': 'F:\\Temp\\cf\\Catastrophic Forgetting\\research_v2', 'run_root': 'F:\\Temp\\cf\\Catastrophic Forgetting\\research_v2\\results\\runs\\epoch_1\\split_cifar100\\hybrids\\si_der\\seed_789', 'log_dir': 'F:\\Temp\\cf\\Catastrophic Forgetting\\research_v2\\results\\runs\\epoch_1\\split_cifar100\\hybrids\\si_der\\seed_789\\logs', 'metrics_dir': 'F:\\Temp\\cf\\Catastrophic Forgetting\\research_v2\\results\\runs\\epoch_1\\split_cifar100\\hybrids\\si_der\\seed_789\\metrics', 'checkpoint_dir': 'F:\\Temp\\cf\\Catastrophic Forgetting\\research_v2\\results\\runs\\epoch_1\\split_cifar100\\hybrids\\si_der\\seed_789\\checkpoints', 'artifact_dir': 'F:\\Temp\\cf\\Catastrophic Forgetting\\research_v2\\results\\runs\\epoch_1\\split_cifar100\\hybrids\\si_der\\seed_789\\artifacts', 'figure_dir': 'F:\\Temp\\cf\\Catastrophic Forgetting\\research_v2\\results\\figures\\epoch_1\\split_cifar100\\hybrids\\si_der\\seed_789'}
[04:40:21] Device: cuda
[04:40:23] Dataset: SplitCIFAR100(tasks=20, classes_per_task=5, scenario=class-il)
[04:40:23] 
============================================================
 Task 1/20  | Classes (0, 5)
============================================================
[04:40:23] Task 0 baseline (chance): 20.00%
[04:40:29] task=0  epoch=0  train_loss=1.7601
[04:40:29] task=0  epoch=END  time_sec=5.4  acc_task0=64.8
[04:40:29] 
============================================================
 Task 2/20  | Classes (5, 10)
============================================================
[04:40:29] Task 1 baseline (chance): 10.00%
[04:40:29] Task 1 zero-shot (pre-train): 0.40%
[04:40:36] task=1  epoch=0  train_loss=1.9388
[04:40:36] task=1  epoch=END  time_sec=7.0  acc_task0=0.0  acc_task1=40.2
[04:40:37] 
============================================================
 Task 3/20  | Classes (10, 15)
============================================================
[04:40:37] Task 2 baseline (chance): 6.67%
[04:40:37] Task 2 zero-shot (pre-train): 0.00%
[04:40:45] task=2  epoch=0  train_loss=2.1407
[04:40:45] task=2  epoch=END  time_sec=7.4  acc_task0=0.0  acc_task1=0.0  acc_task2=49.8
[04:40:45] 
============================================================
 Task 4/20  | Classes (15, 20)
============================================================
[04:40:45] Task 3 baseline (chance): 5.00%
[04:40:46] Task 3 zero-shot (pre-train): 0.00%
[04:40:53] task=3  epoch=0  train_loss=2.6128
[04:40:53] task=3  epoch=END  time_sec=7.2  acc_task0=0.0  acc_task1=0.0  acc_task2=0.0  acc_task3=45.8
[04:40:53] 
============================================================
 Task 5/20  | Classes (20, 25)
============================================================
[04:40:53] Task 4 baseline (chance): 4.00%
[04:40:54] Task 4 zero-shot (pre-train): 0.00%
[04:41:01] task=4  epoch=0  train_loss=3.1051
[04:41:01] task=4  epoch=END  time_sec=6.9  acc_task0=0.0  acc_task1=0.0  acc_task2=0.0  acc_task3=0.0  acc_task4=46.8
[04:41:02] 
============================================================
 Task 6/20  | Classes (25, 30)
============================================================
[04:41:02] Task 5 baseline (chance): 3.33%
[04:41:02] Task 5 zero-shot (pre-train): 0.00%
[04:41:09] task=5  epoch=0  train_loss=3.7339
[04:41:10] task=5  epoch=END  time_sec=6.9  acc_task0=0.0  acc_task1=0.0  acc_task2=0.0  acc_task3=0.0  acc_task4=0.0  acc_task5=33.2
[04:41:10] 
============================================================
 Task 7/20  | Classes (30, 35)
============================================================
[04:41:10] Task 6 baseline (chance): 2.86%
[04:41:10] Task 6 zero-shot (pre-train): 0.00%
[04:41:17] task=6  epoch=0  train_loss=3.9888
[04:41:18] task=6  epoch=END  time_sec=7.0  acc_task0=0.0  acc_task1=0.0  acc_task2=0.0  acc_task3=0.0  acc_task4=0.0  acc_task5=0.0  acc_task6=42.4
[04:41:18] 
============================================================
 Task 8/20  | Classes (35, 40)
============================================================
[04:41:18] Task 7 baseline (chance): 2.50%
[04:41:18] Task 7 zero-shot (pre-train): 0.00%
[04:41:26] task=7  epoch=0  train_loss=4.4583
[04:41:27] task=7  epoch=END  time_sec=7.5  acc_task0=0.0  acc_task1=0.0  acc_task2=0.0  acc_task3=0.0  acc_task4=0.0  acc_task5=0.0  acc_task6=0.0  acc_task7=35.6
[04:41:27] 
============================================================
 Task 9/20  | Classes (40, 45)
============================================================
[04:41:27] Task 8 baseline (chance): 2.22%
[04:41:28] Task 8 zero-shot (pre-train): 0.00%
[04:41:34] task=8  epoch=0  train_loss=4.5686
[04:41:36] task=8  epoch=END  time_sec=7.0  acc_task0=0.0  acc_task1=0.0  acc_task2=0.0  acc_task3=0.0  acc_task4=0.0  acc_task5=0.0  acc_task6=0.0  acc_task7=0.0  acc_task8=40.0
[04:41:36] 
============================================================
 Task 10/20  | Classes (45, 50)
============================================================
[04:41:36] Task 9 baseline (chance): 2.00%
[04:41:36] Task 9 zero-shot (pre-train): 0.00%
[04:41:43] task=9  epoch=0  train_loss=4.8779
[04:41:45] task=9  epoch=END  time_sec=6.9  acc_task0=0.0  acc_task1=0.0  acc_task2=0.0  acc_task3=0.0  acc_task4=0.0  acc_task5=0.0  acc_task6=0.0  acc_task7=0.0  acc_task8=0.0  acc_task9=41.2
[04:41:45] 
============================================================
 Task 11/20  | Classes (50, 55)
============================================================
[04:41:45] Task 10 baseline (chance): 1.82%
[04:41:45] Task 10 zero-shot (pre-train): 0.00%
[04:41:52] task=10  epoch=0  train_loss=5.2318
[04:41:54] task=10  epoch=END  time_sec=7.2  acc_task0=0.0  acc_task1=0.0  acc_task2=0.0  acc_task3=0.0  acc_task4=0.0  acc_task5=0.0  acc_task6=0.0  acc_task7=0.0  acc_task8=0.0  acc_task9=0.0  acc_task10=47.0
[04:41:54] 
============================================================
 Task 12/20  | Classes (55, 60)
============================================================
[04:41:54] Task 11 baseline (chance): 1.67%
[04:41:54] Task 11 zero-shot (pre-train): 0.00%
[04:42:01] task=11  epoch=0  train_loss=5.5366
[04:42:02] task=11  epoch=END  time_sec=6.6  acc_task0=0.0  acc_task1=0.0  acc_task2=0.0  acc_task3=0.0  acc_task4=0.0  acc_task5=0.0  acc_task6=0.0  acc_task7=0.0  acc_task8=0.0  acc_task9=0.0  acc_task10=0.0  acc_task11=36.2
[04:42:02] 
============================================================
 Task 13/20  | Classes (60, 65)
============================================================
[04:42:02] Task 12 baseline (chance): 1.54%
[04:42:03] Task 12 zero-shot (pre-train): 0.00%
[04:42:09] task=12  epoch=0  train_loss=5.5942
[04:42:11] task=12  epoch=END  time_sec=6.6  acc_task0=0.0  acc_task1=0.0  acc_task2=0.0  acc_task3=0.0  acc_task4=0.0  acc_task5=0.0  acc_task6=0.0  acc_task7=0.0  acc_task8=0.0  acc_task9=0.0  acc_task10=0.0  acc_task11=0.0  acc_task12=60.0
[04:42:11] 
============================================================
 Task 14/20  | Classes (65, 70)
============================================================
[04:42:11] Task 13 baseline (chance): 1.43%
[04:42:11] Task 13 zero-shot (pre-train): 0.00%
[04:42:18] task=13  epoch=0  train_loss=5.9607
[04:42:20] task=13  epoch=END  time_sec=6.6  acc_task0=0.0  acc_task1=0.0  acc_task2=0.0  acc_task3=0.0  acc_task4=0.0  acc_task5=0.0  acc_task6=0.0  acc_task7=0.0  acc_task8=0.0  acc_task9=0.0  acc_task10=0.0  acc_task11=0.0  acc_task12=0.0  acc_task13=44.2
[04:42:20] 
============================================================
 Task 15/20  | Classes (70, 75)
============================================================
[04:42:20] Task 14 baseline (chance): 1.33%
[04:42:20] Task 14 zero-shot (pre-train): 0.00%
[04:42:27] task=14  epoch=0  train_loss=5.8137
[04:42:30] task=14  epoch=END  time_sec=7.1  acc_task0=0.0  acc_task1=0.0  acc_task2=0.0  acc_task3=0.0  acc_task4=0.0  acc_task5=0.0  acc_task6=0.0  acc_task7=0.0  acc_task8=0.0  acc_task9=0.0  acc_task10=0.0  acc_task11=0.0  acc_task12=0.0  acc_task13=0.0  acc_task14=60.2
[04:42:30] 
============================================================
 Task 16/20  | Classes (75, 80)
============================================================
[04:42:30] Task 15 baseline (chance): 1.25%
[04:42:30] Task 15 zero-shot (pre-train): 0.00%
[04:42:37] task=15  epoch=0  train_loss=5.8527
[04:42:39] task=15  epoch=END  time_sec=6.9  acc_task0=0.0  acc_task1=0.0  acc_task2=0.0  acc_task3=0.0  acc_task4=0.0  acc_task5=0.0  acc_task6=0.0  acc_task7=0.0  acc_task8=0.0  acc_task9=0.0  acc_task10=0.0  acc_task11=0.0  acc_task12=0.0  acc_task13=0.0  acc_task14=0.0  acc_task15=39.0
[04:42:39] 
============================================================
 Task 17/20  | Classes (80, 85)
============================================================
[04:42:39] Task 16 baseline (chance): 1.18%
[04:42:40] Task 16 zero-shot (pre-train): 0.00%
[04:42:47] task=16  epoch=0  train_loss=6.0987
[04:42:49] task=16  epoch=END  time_sec=6.9  acc_task0=0.0  acc_task1=0.0  acc_task2=0.0  acc_task3=0.0  acc_task4=0.0  acc_task5=0.0  acc_task6=0.0  acc_task7=0.0  acc_task8=0.0  acc_task9=0.0  acc_task10=0.0  acc_task11=0.0  acc_task12=0.0  acc_task13=0.0  acc_task14=0.0  acc_task15=0.0  acc_task16=46.0
[04:42:50] 
============================================================
 Task 18/20  | Classes (85, 90)
============================================================
[04:42:50] Task 17 baseline (chance): 1.11%
[04:42:50] Task 17 zero-shot (pre-train): 0.00%
[04:42:57] task=17  epoch=0  train_loss=5.9156
[04:43:00] task=17  epoch=END  time_sec=7.2  acc_task0=0.0  acc_task1=0.0  acc_task2=0.0  acc_task3=0.0  acc_task4=0.0  acc_task5=0.0  acc_task6=0.0  acc_task7=0.0  acc_task8=0.0  acc_task9=0.0  acc_task10=0.0  acc_task11=0.0  acc_task12=0.0  acc_task13=0.0  acc_task14=0.0  acc_task15=0.0  acc_task16=0.0  acc_task17=41.4
[04:43:00] 
============================================================
 Task 19/20  | Classes (90, 95)
============================================================
[04:43:00] Task 18 baseline (chance): 1.05%
[04:43:00] Task 18 zero-shot (pre-train): 0.00%
[04:43:07] task=18  epoch=0  train_loss=6.1099
[04:43:10] task=18  epoch=END  time_sec=7.2  acc_task0=0.0  acc_task1=0.0  acc_task2=0.0  acc_task3=0.0  acc_task4=0.0  acc_task5=0.0  acc_task6=0.0  acc_task7=0.0  acc_task8=0.0  acc_task9=0.0  acc_task10=0.0  acc_task11=0.0  acc_task12=0.0  acc_task13=0.0  acc_task14=0.0  acc_task15=0.0  acc_task16=0.0  acc_task17=0.0  acc_task18=52.4
[04:43:11] 
============================================================
 Task 20/20  | Classes (95, 100)
============================================================
[04:43:11] Task 19 baseline (chance): 1.00%
[04:43:11] Task 19 zero-shot (pre-train): 0.00%
[04:43:18] task=19  epoch=0  train_loss=6.2689
[04:43:21] task=19  epoch=END  time_sec=7.0  acc_task0=0.0  acc_task1=0.0  acc_task2=0.0  acc_task3=0.0  acc_task4=0.0  acc_task5=0.0  acc_task6=0.0  acc_task7=0.0  acc_task8=0.0  acc_task9=0.0  acc_task10=0.0  acc_task11=0.0  acc_task12=0.0  acc_task13=0.0  acc_task14=0.0  acc_task15=0.0  acc_task16=0.0  acc_task17=0.0  acc_task18=0.0  acc_task19=53.4
[04:43:21] 
Final Metrics:
  avg_accuracy         +2.6700
  forgetting           +45.5895
  backward_transfer    -45.5895
  forward_transfer     -2.7134
[04:43:23] 
Done - run: split_cifar100_si_der_seed789
[04:43:23] Metrics: {'avg_accuracy': 2.67, 'forgetting': 45.5895, 'backward_transfer': -45.5895, 'forward_transfer': -2.7134}
[04:43:23] Deleted 20 checkpoint(s) after successful completion.
