[04:36:44] Starting: split_cifar100_si_der_seed456
[04:36:44] Config: {'dataset': 'split_cifar100', 'data_root': 'F:\\Temp\\cf\\Catastrophic Forgetting\\research_v2\\Project\\data_local', 'dataset_image_size': None, 'dataset_out_channels': None, 'model': 'slim_resnet18', 'pretrained': False, 'model_image_size': None, 'method': 'si_der', 'n_epochs': 1, 'batch_size': 32, 'num_workers': 0, 'lr': 0.03, 'momentum': 0.9, 'weight_decay': 0.0001, 'fp16': True, 'buffer_size': 200, 'ewc_lambda': 100.0, 'fisher_samples': 200, 'si_lambda': 1.0, 'si_xi': 0.1, 'der_alpha': 0.5, 'xder_beta': 0.5, 'lwf_lambda': 1.0, 'lwf_temp': 2.0, 'icarl_distill_w': 1.0, 'icarl_temp': 2.0, 'use_nmc': True, 'agem_mem_batch': 64, 'distill_lambda': 1.0, 'distill_temp': 2.0, 'pc_distill_w': 1.0, 'pc_ewc_lambda': 100.0, 'pc_compress_epochs': 3, 'er_replay_ratio': 0.5, 'joint_replay_epochs': 1, 'disable_tqdm': True, 'disable_checkpoints': False, 'disable_plots': False, 'resume': True, 'cleanup_checkpoints_on_success': True, 'result_group': 'runs', 'ablation_family': None, 'seeds': [42, 123, 456, 789, 1024], 'results_root': 'F:\\Temp\\cf\\Catastrophic Forgetting\\research_v2\\results', 'seed': 456, 'run_name': 'split_cifar100_si_der_seed456', 'project_root': 'F:\\Temp\\cf\\Catastrophic Forgetting\\research_v2\\Project', 'workspace_root': 'F:\\Temp\\cf\\Catastrophic Forgetting\\research_v2', 'run_root': 'F:\\Temp\\cf\\Catastrophic Forgetting\\research_v2\\results\\runs\\epoch_1\\split_cifar100\\hybrids\\si_der\\seed_456', 'log_dir': 'F:\\Temp\\cf\\Catastrophic Forgetting\\research_v2\\results\\runs\\epoch_1\\split_cifar100\\hybrids\\si_der\\seed_456\\logs', 'metrics_dir': 'F:\\Temp\\cf\\Catastrophic Forgetting\\research_v2\\results\\runs\\epoch_1\\split_cifar100\\hybrids\\si_der\\seed_456\\metrics', 'checkpoint_dir': 'F:\\Temp\\cf\\Catastrophic Forgetting\\research_v2\\results\\runs\\epoch_1\\split_cifar100\\hybrids\\si_der\\seed_456\\checkpoints', 'artifact_dir': 'F:\\Temp\\cf\\Catastrophic Forgetting\\research_v2\\results\\runs\\epoch_1\\split_cifar100\\hybrids\\si_der\\seed_456\\artifacts', 'figure_dir': 'F:\\Temp\\cf\\Catastrophic Forgetting\\research_v2\\results\\figures\\epoch_1\\split_cifar100\\hybrids\\si_der\\seed_456'}
[04:36:44] Device: cuda
[04:36:46] Dataset: SplitCIFAR100(tasks=20, classes_per_task=5, scenario=class-il)
[04:36:46] 
============================================================
 Task 1/20  | Classes (0, 5)
============================================================
[04:36:46] Task 0 baseline (chance): 20.00%
[04:36:54] task=0  epoch=0  train_loss=1.7987
[04:36:54] task=0  epoch=END  time_sec=7.7  acc_task0=55.4
[04:36:54] 
============================================================
 Task 2/20  | Classes (5, 10)
============================================================
[04:36:54] Task 1 baseline (chance): 10.00%
[04:36:54] Task 1 zero-shot (pre-train): 0.00%
[04:37:03] task=1  epoch=0  train_loss=1.8849
[04:37:04] task=1  epoch=END  time_sec=8.9  acc_task0=0.0  acc_task1=43.0
[04:37:04] 
============================================================
 Task 3/20  | Classes (10, 15)
============================================================
[04:37:04] Task 2 baseline (chance): 6.67%
[04:37:04] Task 2 zero-shot (pre-train): 0.00%
[04:37:13] task=2  epoch=0  train_loss=2.048
[04:37:13] task=2  epoch=END  time_sec=8.8  acc_task0=0.0  acc_task1=0.0  acc_task2=49.4
[04:37:14] 
============================================================
 Task 4/20  | Classes (15, 20)
============================================================
[04:37:14] Task 3 baseline (chance): 5.00%
[04:37:14] Task 3 zero-shot (pre-train): 0.00%
[04:37:23] task=3  epoch=0  train_loss=2.4257
[04:37:23] task=3  epoch=END  time_sec=8.8  acc_task0=0.0  acc_task1=0.0  acc_task2=0.0  acc_task3=52.8
[04:37:23] 
============================================================
 Task 5/20  | Classes (20, 25)
============================================================
[04:37:23] Task 4 baseline (chance): 4.00%
[04:37:24] Task 4 zero-shot (pre-train): 0.00%
[04:37:33] task=4  epoch=0  train_loss=2.8071
[04:37:34] task=4  epoch=END  time_sec=9.1  acc_task0=0.0  acc_task1=0.0  acc_task2=0.0  acc_task3=0.0  acc_task4=43.0
[04:37:34] 
============================================================
 Task 6/20  | Classes (25, 30)
============================================================
[04:37:34] Task 5 baseline (chance): 3.33%
[04:37:34] Task 5 zero-shot (pre-train): 0.00%
[04:37:43] task=5  epoch=0  train_loss=3.6294
[04:37:44] task=5  epoch=END  time_sec=8.5  acc_task0=0.0  acc_task1=0.0  acc_task2=0.0  acc_task3=0.0  acc_task4=0.0  acc_task5=26.8
[04:37:44] 
============================================================
 Task 7/20  | Classes (30, 35)
============================================================
[04:37:44] Task 6 baseline (chance): 2.86%
[04:37:44] Task 6 zero-shot (pre-train): 0.00%
[04:37:53] task=6  epoch=0  train_loss=3.665
[04:37:54] task=6  epoch=END  time_sec=8.7  acc_task0=0.0  acc_task1=0.0  acc_task2=0.0  acc_task3=0.0  acc_task4=0.0  acc_task5=0.0  acc_task6=42.2
[04:37:54] 
============================================================
 Task 8/20  | Classes (35, 40)
============================================================
[04:37:54] Task 7 baseline (chance): 2.50%
[04:37:54] Task 7 zero-shot (pre-train): 0.00%
[04:38:03] task=7  epoch=0  train_loss=4.564
[04:38:04] task=7  epoch=END  time_sec=8.5  acc_task0=0.0  acc_task1=0.0  acc_task2=0.0  acc_task3=0.0  acc_task4=0.0  acc_task5=0.0  acc_task6=0.0  acc_task7=40.0
[04:38:05] 
============================================================
 Task 9/20  | Classes (40, 45)
============================================================
[04:38:05] Task 8 baseline (chance): 2.22%
[04:38:05] Task 8 zero-shot (pre-train): 0.00%
[04:38:13] task=8  epoch=0  train_loss=4.5933
[04:38:15] task=8  epoch=END  time_sec=8.6  acc_task0=0.0  acc_task1=0.0  acc_task2=0.0  acc_task3=0.0  acc_task4=0.0  acc_task5=0.0  acc_task6=0.0  acc_task7=0.0  acc_task8=42.6
[04:38:15] 
============================================================
 Task 10/20  | Classes (45, 50)
============================================================
[04:38:15] Task 9 baseline (chance): 2.00%
[04:38:15] Task 9 zero-shot (pre-train): 0.00%
[04:38:24] task=9  epoch=0  train_loss=4.5061
[04:38:25] task=9  epoch=END  time_sec=8.4  acc_task0=0.0  acc_task1=0.0  acc_task2=0.0  acc_task3=0.0  acc_task4=0.0  acc_task5=0.0  acc_task6=0.0  acc_task7=0.0  acc_task8=0.0  acc_task9=44.0
[04:38:26] 
============================================================
 Task 11/20  | Classes (50, 55)
============================================================
[04:38:26] Task 10 baseline (chance): 1.82%
[04:38:26] Task 10 zero-shot (pre-train): 0.00%
[04:38:35] task=10  epoch=0  train_loss=4.8984
[04:38:38] task=10  epoch=END  time_sec=9.2  acc_task0=0.0  acc_task1=0.0  acc_task2=0.0  acc_task3=0.0  acc_task4=0.0  acc_task5=0.0  acc_task6=0.0  acc_task7=0.0  acc_task8=0.0  acc_task9=0.0  acc_task10=51.0
[04:38:38] 
============================================================
 Task 12/20  | Classes (55, 60)
============================================================
[04:38:38] Task 11 baseline (chance): 1.67%
[04:38:38] Task 11 zero-shot (pre-train): 0.00%
[04:38:48] task=11  epoch=0  train_loss=5.1868
[04:38:51] task=11  epoch=END  time_sec=9.7  acc_task0=0.0  acc_task1=0.0  acc_task2=0.0  acc_task3=0.0  acc_task4=0.0  acc_task5=0.0  acc_task6=0.0  acc_task7=0.0  acc_task8=0.0  acc_task9=0.0  acc_task10=0.0  acc_task11=35.0
[04:38:51] 
============================================================
 Task 13/20  | Classes (60, 65)
============================================================
[04:38:51] Task 12 baseline (chance): 1.54%
[04:38:51] Task 12 zero-shot (pre-train): 0.00%
[04:39:03] task=12  epoch=0  train_loss=5.0361
[04:39:06] task=12  epoch=END  time_sec=11.6  acc_task0=0.0  acc_task1=0.0  acc_task2=0.0  acc_task3=0.0  acc_task4=0.0  acc_task5=0.0  acc_task6=0.0  acc_task7=0.0  acc_task8=0.0  acc_task9=0.0  acc_task10=0.0  acc_task11=0.0  acc_task12=54.8
[04:39:06] 
============================================================
 Task 14/20  | Classes (65, 70)
============================================================
[04:39:06] Task 13 baseline (chance): 1.43%
[04:39:07] Task 13 zero-shot (pre-train): 0.00%
[04:39:16] task=13  epoch=0  train_loss=5.0485
[04:39:18] task=13  epoch=END  time_sec=9.0  acc_task0=0.0  acc_task1=0.0  acc_task2=0.0  acc_task3=0.0  acc_task4=0.0  acc_task5=0.0  acc_task6=0.0  acc_task7=0.0  acc_task8=0.0  acc_task9=0.0  acc_task10=0.0  acc_task11=0.0  acc_task12=0.0  acc_task13=36.6
[04:39:18] 
============================================================
 Task 15/20  | Classes (70, 75)
============================================================
[04:39:18] Task 14 baseline (chance): 1.33%
[04:39:18] Task 14 zero-shot (pre-train): 0.00%
[04:39:27] task=14  epoch=0  train_loss=5.1303
[04:39:29] task=14  epoch=END  time_sec=8.2  acc_task0=0.0  acc_task1=0.0  acc_task2=0.0  acc_task3=0.0  acc_task4=0.0  acc_task5=0.0  acc_task6=0.0  acc_task7=0.0  acc_task8=0.0  acc_task9=0.0  acc_task10=0.0  acc_task11=0.0  acc_task12=0.0  acc_task13=0.0  acc_task14=58.6
[04:39:29] 
============================================================
 Task 16/20  | Classes (75, 80)
============================================================
[04:39:29] Task 15 baseline (chance): 1.25%
[04:39:29] Task 15 zero-shot (pre-train): 0.00%
[04:39:37] task=15  epoch=0  train_loss=4.9776
[04:39:39] task=15  epoch=END  time_sec=7.1  acc_task0=0.0  acc_task1=0.0  acc_task2=0.0  acc_task3=0.0  acc_task4=0.0  acc_task5=0.0  acc_task6=0.0  acc_task7=0.0  acc_task8=0.0  acc_task9=0.0  acc_task10=0.0  acc_task11=0.0  acc_task12=0.0  acc_task13=0.0  acc_task14=0.0  acc_task15=38.6
[04:39:39] 
============================================================
 Task 17/20  | Classes (80, 85)
============================================================
[04:39:39] Task 16 baseline (chance): 1.18%
[04:39:39] Task 16 zero-shot (pre-train): 0.00%
[04:39:47] task=16  epoch=0  train_loss=5.1014
[04:39:50] task=16  epoch=END  time_sec=8.0  acc_task0=0.0  acc_task1=0.0  acc_task2=0.0  acc_task3=0.0  acc_task4=0.0  acc_task5=0.0  acc_task6=0.0  acc_task7=0.0  acc_task8=0.0  acc_task9=0.0  acc_task10=0.0  acc_task11=0.0  acc_task12=0.0  acc_task13=0.0  acc_task14=0.0  acc_task15=0.0  acc_task16=52.0
[04:39:50] 
============================================================
 Task 18/20  | Classes (85, 90)
============================================================
[04:39:50] Task 17 baseline (chance): 1.11%
[04:39:50] Task 17 zero-shot (pre-train): 0.00%
[04:39:58] task=17  epoch=0  train_loss=5.2085
[04:40:00] task=17  epoch=END  time_sec=7.3  acc_task0=0.0  acc_task1=0.0  acc_task2=0.0  acc_task3=0.0  acc_task4=0.0  acc_task5=0.0  acc_task6=0.0  acc_task7=0.0  acc_task8=0.0  acc_task9=0.0  acc_task10=0.0  acc_task11=0.0  acc_task12=0.0  acc_task13=0.0  acc_task14=0.0  acc_task15=0.0  acc_task16=0.0  acc_task17=34.6
[04:40:01] 
============================================================
 Task 19/20  | Classes (90, 95)
============================================================
[04:40:01] Task 18 baseline (chance): 1.05%
[04:40:01] Task 18 zero-shot (pre-train): 0.00%
[04:40:08] task=18  epoch=0  train_loss=5.382
[04:40:11] task=18  epoch=END  time_sec=7.4  acc_task0=0.0  acc_task1=0.0  acc_task2=0.0  acc_task3=0.0  acc_task4=0.0  acc_task5=0.0  acc_task6=0.0  acc_task7=0.0  acc_task8=0.0  acc_task9=0.0  acc_task10=0.0  acc_task11=0.0  acc_task12=0.0  acc_task13=0.0  acc_task14=0.0  acc_task15=0.0  acc_task16=0.0  acc_task17=0.0  acc_task18=50.6
[04:40:11] 
============================================================
 Task 20/20  | Classes (95, 100)
============================================================
[04:40:11] Task 19 baseline (chance): 1.00%
[04:40:11] Task 19 zero-shot (pre-train): 0.00%
[04:40:17] task=19  epoch=0  train_loss=5.2678
[04:40:19] task=19  epoch=END  time_sec=6.0  acc_task0=0.0  acc_task1=0.0  acc_task2=0.0  acc_task3=0.0  acc_task4=0.0  acc_task5=0.0  acc_task6=0.0  acc_task7=0.0  acc_task8=0.0  acc_task9=0.0  acc_task10=0.0  acc_task11=0.0  acc_task12=0.0  acc_task13=0.0  acc_task14=0.0  acc_task15=0.0  acc_task16=0.0  acc_task17=0.0  acc_task18=0.0  acc_task19=61.4
[04:40:20] 
Final Metrics:
  avg_accuracy         +3.0700
  forgetting           +44.7895
  backward_transfer    -44.7895
  forward_transfer     -2.7345
[04:40:21] 
Done - run: split_cifar100_si_der_seed456
[04:40:21] Metrics: {'avg_accuracy': 3.07, 'forgetting': 44.7895, 'backward_transfer': -44.7895, 'forward_transfer': -2.7345}
[04:40:21] Deleted 20 checkpoint(s) after successful completion.
