[13:14:24] Starting: split_cifar10_agem_distill_nodistill_seed42
[13:14:24] Config: {'dataset': 'split_cifar10', 'data_root': 'F:\\Temp\\cf\\Catastrophic Forgetting\\research_v2\\Project\\data_local', 'dataset_image_size': None, 'dataset_out_channels': None, 'model': 'slim_resnet18', 'pretrained': False, 'model_image_size': None, 'method': 'agem_distill', 'n_epochs': 1, 'batch_size': 32, 'num_workers': 0, 'lr': 0.03, 'momentum': 0.9, 'weight_decay': 0.0001, 'fp16': False, 'buffer_size': 200, 'ewc_lambda': 100.0, 'fisher_samples': 200, 'si_lambda': 1.0, 'si_xi': 0.1, 'der_alpha': 0.5, 'xder_beta': 0.5, 'lwf_lambda': 1.0, 'lwf_temp': 2.0, 'icarl_distill_w': 1.0, 'icarl_temp': 2.0, 'use_nmc': True, 'agem_mem_batch': 64, 'distill_lambda': 0.0, 'distill_temp': 2.0, 'pc_distill_w': 1.0, 'pc_ewc_lambda': 100.0, 'pc_compress_epochs': 3, 'er_replay_ratio': 0.5, 'joint_replay_epochs': 1, 'disable_tqdm': True, 'disable_checkpoints': False, 'disable_plots': False, 'resume': False, 'cleanup_checkpoints_on_success': True, 'result_group': 'ablations', 'ablation_family': 'interaction', 'seeds': [42, 123, 456], 'results_root': 'F:\\Temp\\cf\\Catastrophic Forgetting\\research_v2\\results', 'run_tag': 'nodistill', 'seed': 42, 'run_name': 'split_cifar10_agem_distill_nodistill_seed42', 'project_root': 'F:\\Temp\\cf\\Catastrophic Forgetting\\research_v2\\Project', 'workspace_root': 'F:\\Temp\\cf\\Catastrophic Forgetting\\research_v2', 'run_root': 'F:\\Temp\\cf\\Catastrophic Forgetting\\research_v2\\results\\ablations\\epoch_1\\split_cifar10\\interaction\\agem_distill__nodistill\\seed_42', 'log_dir': 'F:\\Temp\\cf\\Catastrophic Forgetting\\research_v2\\results\\ablations\\epoch_1\\split_cifar10\\interaction\\agem_distill__nodistill\\seed_42\\logs', 'metrics_dir': 'F:\\Temp\\cf\\Catastrophic Forgetting\\research_v2\\results\\ablations\\epoch_1\\split_cifar10\\interaction\\agem_distill__nodistill\\seed_42\\metrics', 'checkpoint_dir': 'F:\\Temp\\cf\\Catastrophic Forgetting\\research_v2\\results\\ablations\\epoch_1\\split_cifar10\\interaction\\agem_distill__nodistill\\seed_42\\checkpoints', 'artifact_dir': 'F:\\Temp\\cf\\Catastrophic Forgetting\\research_v2\\results\\ablations\\epoch_1\\split_cifar10\\interaction\\agem_distill__nodistill\\seed_42\\artifacts', 'figure_dir': 'F:\\Temp\\cf\\Catastrophic Forgetting\\research_v2\\results\\figures\\ablations\\epoch_1\\split_cifar10\\interaction\\agem_distill__nodistill\\seed_42'}
[13:14:24] Device: cuda
[13:14:26] Dataset: SplitCIFAR10(tasks=5, classes_per_task=2, scenario=class-il)
[13:14:26] 
============================================================
 Task 1/5  | Classes (0, 2)
============================================================
[13:14:26] Task 0 baseline (chance): 50.00%
[13:14:34] task=0  epoch=0  train_loss=0.5767
[13:14:35] task=0  epoch=END  time_sec=8.1  acc_task0=75.25
[13:14:35] 
============================================================
 Task 2/5  | Classes (2, 4)
============================================================
[13:14:35] Task 1 baseline (chance): 25.00%
[13:14:35] Task 1 zero-shot (pre-train): 0.15%
[13:14:50] task=1  epoch=0  train_loss=0.6273
[13:14:51] task=1  epoch=END  time_sec=15.1  acc_task0=0.0  acc_task1=71.65
[13:14:51] 
============================================================
 Task 3/5  | Classes (4, 6)
============================================================
[13:14:51] Task 2 baseline (chance): 16.67%
[13:14:52] Task 2 zero-shot (pre-train): 0.00%
[13:15:12] task=2  epoch=0  train_loss=0.6033
[13:15:14] task=2  epoch=END  time_sec=20.1  acc_task0=0.0  acc_task1=0.0  acc_task2=76.15
[13:15:14] 
============================================================
 Task 4/5  | Classes (6, 8)
============================================================
[13:15:14] Task 3 baseline (chance): 12.50%
[13:15:14] Task 3 zero-shot (pre-train): 0.00%
[13:15:36] task=3  epoch=0  train_loss=0.6628
[13:15:38] task=3  epoch=END  time_sec=21.6  acc_task0=0.0  acc_task1=0.0  acc_task2=0.0  acc_task3=81.45
[13:15:38] 
============================================================
 Task 5/5  | Classes (8, 10)
============================================================
[13:15:38] Task 4 baseline (chance): 10.00%
[13:15:39] Task 4 zero-shot (pre-train): 0.00%
[13:15:53] task=4  epoch=0  train_loss=0.7415
[13:15:56] task=4  epoch=END  time_sec=14.6  acc_task0=0.0  acc_task1=0.0  acc_task2=0.0  acc_task3=0.0  acc_task4=80.35
[13:15:56] 
Final Metrics:
  avg_accuracy         +16.0700
  forgetting           +76.1250
  backward_transfer    -76.1250
  forward_transfer     -16.0042
[13:15:57] 
Done - run: split_cifar10_agem_distill_nodistill_seed42
[13:15:57] Metrics: {'avg_accuracy': 16.07, 'forgetting': 76.125, 'backward_transfer': -76.125, 'forward_transfer': -16.0042}
[13:15:57] Deleted 5 checkpoint(s) after successful completion.
