[02:09:25] Starting: split_cifar10_der_buf200_seed42
[02:09:25] Config: {'dataset': 'split_cifar10', 'data_root': 'F:\\Temp\\cf\\Catastrophic Forgetting\\research_v2\\Project\\data_local', 'dataset_image_size': None, 'dataset_out_channels': None, 'model': 'slim_resnet18', 'pretrained': False, 'model_image_size': None, 'method': 'der', 'n_epochs': 1, 'batch_size': 32, 'num_workers': 0, 'lr': 0.03, 'momentum': 0.9, 'weight_decay': 0.0001, 'fp16': False, 'buffer_size': 200, 'ewc_lambda': 100.0, 'fisher_samples': 200, 'si_lambda': 1.0, 'si_xi': 0.1, 'der_alpha': 0.5, 'xder_beta': 0.5, 'lwf_lambda': 1.0, 'lwf_temp': 2.0, 'icarl_distill_w': 1.0, 'icarl_temp': 2.0, 'use_nmc': True, 'agem_mem_batch': 64, 'distill_lambda': 1.0, 'distill_temp': 2.0, 'pc_distill_w': 1.0, 'pc_ewc_lambda': 100.0, 'pc_compress_epochs': 3, 'er_replay_ratio': 0.5, 'joint_replay_epochs': 1, 'disable_tqdm': True, 'disable_checkpoints': False, 'disable_plots': True, 'resume': False, 'cleanup_checkpoints_on_success': True, 'result_group': 'ablations', 'ablation_family': 'buffer', 'seeds': [42, 123, 456, 789, 1024], 'results_root': 'F:\\Temp\\cf\\Catastrophic Forgetting\\research_v2\\results', 'run_tag': 'buf200', 'seed': 42, 'run_name': 'split_cifar10_der_buf200_seed42', 'project_root': 'F:\\Temp\\cf\\Catastrophic Forgetting\\research_v2\\Project', 'workspace_root': 'F:\\Temp\\cf\\Catastrophic Forgetting\\research_v2', 'run_root': 'F:\\Temp\\cf\\Catastrophic Forgetting\\research_v2\\results\\ablations\\epoch_1\\split_cifar10\\buffer\\der__buf200\\seed_42', 'log_dir': 'F:\\Temp\\cf\\Catastrophic Forgetting\\research_v2\\results\\ablations\\epoch_1\\split_cifar10\\buffer\\der__buf200\\seed_42\\logs', 'metrics_dir': 'F:\\Temp\\cf\\Catastrophic Forgetting\\research_v2\\results\\ablations\\epoch_1\\split_cifar10\\buffer\\der__buf200\\seed_42\\metrics', 'checkpoint_dir': 'F:\\Temp\\cf\\Catastrophic Forgetting\\research_v2\\results\\ablations\\epoch_1\\split_cifar10\\buffer\\der__buf200\\seed_42\\checkpoints', 'artifact_dir': 'F:\\Temp\\cf\\Catastrophic Forgetting\\research_v2\\results\\ablations\\epoch_1\\split_cifar10\\buffer\\der__buf200\\seed_42\\artifacts', 'figure_dir': 'F:\\Temp\\cf\\Catastrophic Forgetting\\research_v2\\results\\figures\\ablations\\epoch_1\\split_cifar10\\buffer\\der__buf200\\seed_42'}
[02:09:25] Device: cuda
[02:09:26] Dataset: SplitCIFAR10(tasks=5, classes_per_task=2, scenario=class-il)
[02:09:27] 
============================================================
 Task 1/5  | Classes (0, 2)
============================================================
[02:09:27] Task 0 baseline (chance): 50.00%
[02:09:56] task=0  epoch=0  train_loss=1.3548
[02:09:57] task=0  epoch=END  time_sec=29.0  acc_task0=80.35
[02:09:57] 
============================================================
 Task 2/5  | Classes (2, 4)
============================================================
[02:09:57] Task 1 baseline (chance): 25.00%
[02:09:58] Task 1 zero-shot (pre-train): 0.00%
[02:10:27] task=1  epoch=0  train_loss=0.9507
[02:10:29] task=1  epoch=END  time_sec=28.9  acc_task0=0.4  acc_task1=72.85
[02:10:29] 
============================================================
 Task 3/5  | Classes (4, 6)
============================================================
[02:10:29] Task 2 baseline (chance): 16.67%
[02:10:30] Task 2 zero-shot (pre-train): 0.00%
[02:11:02] task=2  epoch=0  train_loss=1.0085
[02:11:05] task=2  epoch=END  time_sec=32.3  acc_task0=0.0  acc_task1=0.0  acc_task2=78.75
[02:11:06] 
============================================================
 Task 4/5  | Classes (6, 8)
============================================================
[02:11:06] Task 3 baseline (chance): 12.50%
[02:11:07] Task 3 zero-shot (pre-train): 0.00%
[02:11:38] task=3  epoch=0  train_loss=1.4311
[02:11:43] task=3  epoch=END  time_sec=31.8  acc_task0=0.0  acc_task1=0.0  acc_task2=0.0  acc_task3=82.25
[02:11:43] 
============================================================
 Task 5/5  | Classes (8, 10)
============================================================
[02:11:43] Task 4 baseline (chance): 10.00%
[02:11:44] Task 4 zero-shot (pre-train): 0.00%
[02:12:14] task=4  epoch=0  train_loss=1.3573
[02:12:20] task=4  epoch=END  time_sec=29.8  acc_task0=0.0  acc_task1=0.0  acc_task2=0.0  acc_task3=0.05  acc_task4=79.2
[02:12:20] 
Final Metrics:
  avg_accuracy         +15.8500
  forgetting           +78.5375
  backward_transfer    -78.5375
  forward_transfer     -16.0417
[02:12:20] 
Done - run: split_cifar10_der_buf200_seed42
[02:12:20] Metrics: {'avg_accuracy': 15.85, 'forgetting': 78.5375, 'backward_transfer': -78.5375, 'forward_transfer': -16.0417}
[02:12:20] Deleted 5 checkpoint(s) after successful completion.
