[03:40:59] Starting: split_cifar10_icarl_buf100_seed789
[03:40:59] Config: {'dataset': 'split_cifar10', 'data_root': 'F:\\Temp\\cf\\Catastrophic Forgetting\\research_v2\\Project\\data_local', 'dataset_image_size': None, 'dataset_out_channels': None, 'model': 'slim_resnet18', 'pretrained': False, 'model_image_size': None, 'method': 'icarl', 'n_epochs': 1, 'batch_size': 32, 'num_workers': 0, 'lr': 0.03, 'momentum': 0.9, 'weight_decay': 0.0001, 'fp16': False, 'buffer_size': 100, 'ewc_lambda': 100.0, 'fisher_samples': 200, 'si_lambda': 1.0, 'si_xi': 0.1, 'der_alpha': 0.5, 'xder_beta': 0.5, 'lwf_lambda': 1.0, 'lwf_temp': 2.0, 'icarl_distill_w': 1.0, 'icarl_temp': 2.0, 'use_nmc': True, 'agem_mem_batch': 64, 'distill_lambda': 1.0, 'distill_temp': 2.0, 'pc_distill_w': 1.0, 'pc_ewc_lambda': 100.0, 'pc_compress_epochs': 3, 'er_replay_ratio': 0.5, 'joint_replay_epochs': 1, 'disable_tqdm': True, 'disable_checkpoints': False, 'disable_plots': True, 'resume': False, 'cleanup_checkpoints_on_success': True, 'result_group': 'ablations', 'ablation_family': 'buffer', 'seeds': [42, 123, 456, 789, 1024], 'results_root': 'F:\\Temp\\cf\\Catastrophic Forgetting\\research_v2\\results', 'run_tag': 'buf100', 'seed': 789, 'run_name': 'split_cifar10_icarl_buf100_seed789', 'project_root': 'F:\\Temp\\cf\\Catastrophic Forgetting\\research_v2\\Project', 'workspace_root': 'F:\\Temp\\cf\\Catastrophic Forgetting\\research_v2', 'run_root': 'F:\\Temp\\cf\\Catastrophic Forgetting\\research_v2\\results\\ablations\\epoch_1\\split_cifar10\\buffer\\icarl__buf100\\seed_789', 'log_dir': 'F:\\Temp\\cf\\Catastrophic Forgetting\\research_v2\\results\\ablations\\epoch_1\\split_cifar10\\buffer\\icarl__buf100\\seed_789\\logs', 'metrics_dir': 'F:\\Temp\\cf\\Catastrophic Forgetting\\research_v2\\results\\ablations\\epoch_1\\split_cifar10\\buffer\\icarl__buf100\\seed_789\\metrics', 'checkpoint_dir': 'F:\\Temp\\cf\\Catastrophic Forgetting\\research_v2\\results\\ablations\\epoch_1\\split_cifar10\\buffer\\icarl__buf100\\seed_789\\checkpoints', 'artifact_dir': 'F:\\Temp\\cf\\Catastrophic Forgetting\\research_v2\\results\\ablations\\epoch_1\\split_cifar10\\buffer\\icarl__buf100\\seed_789\\artifacts', 'figure_dir': 'F:\\Temp\\cf\\Catastrophic Forgetting\\research_v2\\results\\figures\\ablations\\epoch_1\\split_cifar10\\buffer\\icarl__buf100\\seed_789'}
[03:40:59] Device: cuda
[03:41:01] Dataset: SplitCIFAR10(tasks=5, classes_per_task=2, scenario=class-il)
[03:41:01] 
============================================================
 Task 1/5  | Classes (0, 2)
============================================================
[03:41:01] Task 0 baseline (chance): 50.00%
[03:41:14] task=0  epoch=0  train_loss=0.5285
[03:41:20] task=0  epoch=END  time_sec=12.7  acc_task0=81.35
[03:41:21] 
============================================================
 Task 2/5  | Classes (2, 4)
============================================================
[03:41:21] Task 1 baseline (chance): 25.00%
[03:41:21] Task 1 zero-shot (pre-train): 0.00%
[03:41:44] task=1  epoch=0  train_loss=0.6629
[03:41:53] task=1  epoch=END  time_sec=22.2  acc_task0=40.3  acc_task1=59.65
[03:41:54] 
============================================================
 Task 3/5  | Classes (4, 6)
============================================================
[03:41:54] Task 2 baseline (chance): 16.67%
[03:41:55] Task 2 zero-shot (pre-train): 0.00%
[03:42:19] task=2  epoch=0  train_loss=0.6433
[03:42:27] task=2  epoch=END  time_sec=23.9  acc_task0=36.65  acc_task1=22.55  acc_task2=54.6
[03:42:28] 
============================================================
 Task 4/5  | Classes (6, 8)
============================================================
[03:42:28] Task 3 baseline (chance): 12.50%
[03:42:29] Task 3 zero-shot (pre-train): 0.00%
[03:42:50] task=3  epoch=0  train_loss=0.6983
[03:43:00] task=3  epoch=END  time_sec=21.2  acc_task0=35.35  acc_task1=7.15  acc_task2=27.65  acc_task3=59.3
[03:43:01] 
============================================================
 Task 5/5  | Classes (8, 10)
============================================================
[03:43:01] Task 4 baseline (chance): 10.00%
[03:43:02] Task 4 zero-shot (pre-train): 0.00%
[03:43:24] task=4  epoch=0  train_loss=0.928
[03:43:35] task=4  epoch=END  time_sec=21.7  acc_task0=24.55  acc_task1=22.35  acc_task2=7.05  acc_task3=45.85  acc_task4=40.3
[03:43:36] 
Final Metrics:
  avg_accuracy         +28.0200
  forgetting           +38.7750
  backward_transfer    -38.7750
  forward_transfer     -16.0417
[03:43:36] 
Done - run: split_cifar10_icarl_buf100_seed789
[03:43:36] Metrics: {'avg_accuracy': 28.02, 'forgetting': 38.775, 'backward_transfer': -38.775, 'forward_transfer': -16.0417}
[03:43:37] Deleted 5 checkpoint(s) after successful completion.
