[01:21:19] Starting: split_cifar10_ewc_seed1024
[01:21:19] Config: {'dataset': 'split_cifar10', 'data_root': 'F:\\Temp\\cf\\Catastrophic Forgetting\\research_v2\\Project\\data_local', 'dataset_image_size': None, 'dataset_out_channels': None, 'model': 'slim_resnet18', 'pretrained': False, 'model_image_size': None, 'method': 'ewc', 'n_epochs': 1, 'batch_size': 32, 'num_workers': 0, 'lr': 0.03, 'momentum': 0.9, 'weight_decay': 0.0001, 'fp16': False, 'buffer_size': 200, 'ewc_lambda': 100.0, 'fisher_samples': 200, 'si_lambda': 1.0, 'si_xi': 0.1, 'der_alpha': 0.5, 'xder_beta': 0.5, 'lwf_lambda': 1.0, 'lwf_temp': 2.0, 'icarl_distill_w': 1.0, 'icarl_temp': 2.0, 'use_nmc': True, 'agem_mem_batch': 64, 'distill_lambda': 1.0, 'distill_temp': 2.0, 'pc_distill_w': 1.0, 'pc_ewc_lambda': 100.0, 'pc_compress_epochs': 3, 'er_replay_ratio': 0.5, 'joint_replay_epochs': 1, 'disable_tqdm': True, 'disable_checkpoints': False, 'disable_plots': False, 'resume': True, 'cleanup_checkpoints_on_success': True, 'result_group': 'runs', 'ablation_family': None, 'seeds': [42, 123, 456, 789, 1024], 'results_root': 'F:\\Temp\\cf\\Catastrophic Forgetting\\research_v2\\results', 'seed': 1024, 'run_name': 'split_cifar10_ewc_seed1024', 'project_root': 'F:\\Temp\\cf\\Catastrophic Forgetting\\research_v2\\Project', 'workspace_root': 'F:\\Temp\\cf\\Catastrophic Forgetting\\research_v2', 'run_root': 'F:\\Temp\\cf\\Catastrophic Forgetting\\research_v2\\results\\runs\\epoch_1\\split_cifar10\\baselines\\ewc\\seed_1024', 'log_dir': 'F:\\Temp\\cf\\Catastrophic Forgetting\\research_v2\\results\\runs\\epoch_1\\split_cifar10\\baselines\\ewc\\seed_1024\\logs', 'metrics_dir': 'F:\\Temp\\cf\\Catastrophic Forgetting\\research_v2\\results\\runs\\epoch_1\\split_cifar10\\baselines\\ewc\\seed_1024\\metrics', 'checkpoint_dir': 'F:\\Temp\\cf\\Catastrophic Forgetting\\research_v2\\results\\runs\\epoch_1\\split_cifar10\\baselines\\ewc\\seed_1024\\checkpoints', 'artifact_dir': 'F:\\Temp\\cf\\Catastrophic Forgetting\\research_v2\\results\\runs\\epoch_1\\split_cifar10\\baselines\\ewc\\seed_1024\\artifacts', 'figure_dir': 'F:\\Temp\\cf\\Catastrophic Forgetting\\research_v2\\results\\figures\\epoch_1\\split_cifar10\\baselines\\ewc\\seed_1024'}
[01:21:19] Device: cuda
[01:21:21] Dataset: SplitCIFAR10(tasks=5, classes_per_task=2, scenario=class-il)
[01:21:21] 
============================================================
 Task 1/5  | Classes (0, 2)
============================================================
[01:21:21] Task 0 baseline (chance): 50.00%
[01:21:31] task=0  epoch=0  train_loss=0.5336
[01:21:31] task=0  epoch=END  time_sec=9.5  acc_task0=85.75
[01:21:31] 
============================================================
 Task 2/5  | Classes (2, 4)
============================================================
[01:21:31] Task 1 baseline (chance): 25.00%
[01:21:32] Task 1 zero-shot (pre-train): 1.05%
[01:21:45] task=1  epoch=0  train_loss=0.616
[01:21:47] task=1  epoch=END  time_sec=13.3  acc_task0=0.0  acc_task1=75.15
[01:21:47] 
============================================================
 Task 3/5  | Classes (4, 6)
============================================================
[01:21:47] Task 2 baseline (chance): 16.67%
[01:21:47] Task 2 zero-shot (pre-train): 0.00%
[01:22:05] task=2  epoch=0  train_loss=0.6211
[01:22:07] task=2  epoch=END  time_sec=17.3  acc_task0=0.0  acc_task1=0.0  acc_task2=77.1
[01:22:07] 
============================================================
 Task 4/5  | Classes (6, 8)
============================================================
[01:22:07] Task 3 baseline (chance): 12.50%
[01:22:08] Task 3 zero-shot (pre-train): 0.00%
[01:22:43] task=3  epoch=0  train_loss=0.6641
[01:22:47] task=3  epoch=END  time_sec=35.2  acc_task0=0.0  acc_task1=0.0  acc_task2=0.0  acc_task3=87.35
[01:22:47] 
============================================================
 Task 5/5  | Classes (8, 10)
============================================================
[01:22:47] Task 4 baseline (chance): 10.00%
[01:22:48] Task 4 zero-shot (pre-train): 0.00%
[01:23:24] task=4  epoch=0  train_loss=0.6998
[01:23:28] task=4  epoch=END  time_sec=36.4  acc_task0=0.0  acc_task1=0.0  acc_task2=0.0  acc_task3=0.0  acc_task4=85.8
[01:23:29] 
Final Metrics:
  avg_accuracy         +17.1600
  forgetting           +81.3375
  backward_transfer    -81.3375
  forward_transfer     -15.7792
[01:23:30] 
Done - run: split_cifar10_ewc_seed1024
[01:23:30] Metrics: {'avg_accuracy': 17.16, 'forgetting': 81.3375, 'backward_transfer': -81.3375, 'forward_transfer': -15.7792}
[01:23:30] Deleted 5 checkpoint(s) after successful completion.
