[13:33:50] Starting: split_cifar10_icarl_nonmc_seed456
[13:33:50] Config: {'dataset': 'split_cifar10', 'data_root': 'F:\\Temp\\cf\\Catastrophic Forgetting\\research_v2\\Project\\data_local', 'dataset_image_size': None, 'dataset_out_channels': None, 'model': 'slim_resnet18', 'pretrained': False, 'model_image_size': None, 'method': 'icarl', 'n_epochs': 1, 'batch_size': 32, 'num_workers': 0, 'lr': 0.03, 'momentum': 0.9, 'weight_decay': 0.0001, 'fp16': False, 'buffer_size': 200, 'ewc_lambda': 100.0, 'fisher_samples': 200, 'si_lambda': 1.0, 'si_xi': 0.1, 'der_alpha': 0.5, 'xder_beta': 0.5, 'lwf_lambda': 1.0, 'lwf_temp': 2.0, 'icarl_distill_w': 1.0, 'icarl_temp': 2.0, 'use_nmc': False, 'agem_mem_batch': 64, 'distill_lambda': 1.0, 'distill_temp': 2.0, 'pc_distill_w': 1.0, 'pc_ewc_lambda': 100.0, 'pc_compress_epochs': 3, 'er_replay_ratio': 0.5, 'joint_replay_epochs': 1, 'disable_tqdm': True, 'disable_checkpoints': False, 'disable_plots': False, 'resume': False, 'cleanup_checkpoints_on_success': True, 'result_group': 'ablations', 'ablation_family': 'interaction', 'seeds': [42, 123, 456], 'results_root': 'F:\\Temp\\cf\\Catastrophic Forgetting\\research_v2\\results', 'run_tag': 'nonmc', 'seed': 456, 'run_name': 'split_cifar10_icarl_nonmc_seed456', 'project_root': 'F:\\Temp\\cf\\Catastrophic Forgetting\\research_v2\\Project', 'workspace_root': 'F:\\Temp\\cf\\Catastrophic Forgetting\\research_v2', 'run_root': 'F:\\Temp\\cf\\Catastrophic Forgetting\\research_v2\\results\\ablations\\epoch_1\\split_cifar10\\interaction\\icarl__nonmc\\seed_456', 'log_dir': 'F:\\Temp\\cf\\Catastrophic Forgetting\\research_v2\\results\\ablations\\epoch_1\\split_cifar10\\interaction\\icarl__nonmc\\seed_456\\logs', 'metrics_dir': 'F:\\Temp\\cf\\Catastrophic Forgetting\\research_v2\\results\\ablations\\epoch_1\\split_cifar10\\interaction\\icarl__nonmc\\seed_456\\metrics', 'checkpoint_dir': 'F:\\Temp\\cf\\Catastrophic Forgetting\\research_v2\\results\\ablations\\epoch_1\\split_cifar10\\interaction\\icarl__nonmc\\seed_456\\checkpoints', 'artifact_dir': 'F:\\Temp\\cf\\Catastrophic Forgetting\\research_v2\\results\\ablations\\epoch_1\\split_cifar10\\interaction\\icarl__nonmc\\seed_456\\artifacts', 'figure_dir': 'F:\\Temp\\cf\\Catastrophic Forgetting\\research_v2\\results\\figures\\ablations\\epoch_1\\split_cifar10\\interaction\\icarl__nonmc\\seed_456'}
[13:33:50] Device: cuda
[13:33:52] Dataset: SplitCIFAR10(tasks=5, classes_per_task=2, scenario=class-il)
[13:33:52] 
============================================================
 Task 1/5  | Classes (0, 2)
============================================================
[13:33:52] Task 0 baseline (chance): 50.00%
[13:34:01] task=0  epoch=0  train_loss=0.5142
[13:34:06] task=0  epoch=END  time_sec=8.6  acc_task0=86.9
[13:34:06] 
============================================================
 Task 2/5  | Classes (2, 4)
============================================================
[13:34:06] Task 1 baseline (chance): 25.00%
[13:34:07] Task 1 zero-shot (pre-train): 5.25%
[13:34:17] task=1  epoch=0  train_loss=0.6507
[13:34:22] task=1  epoch=END  time_sec=10.4  acc_task0=0.0  acc_task1=72.95
[13:34:23] 
============================================================
 Task 3/5  | Classes (4, 6)
============================================================
[13:34:23] Task 2 baseline (chance): 16.67%
[13:34:23] Task 2 zero-shot (pre-train): 0.00%
[13:34:33] task=2  epoch=0  train_loss=0.626
[13:34:39] task=2  epoch=END  time_sec=10.0  acc_task0=0.0  acc_task1=0.0  acc_task2=77.45
[13:34:40] 
============================================================
 Task 4/5  | Classes (6, 8)
============================================================
[13:34:40] Task 3 baseline (chance): 12.50%
[13:34:40] Task 3 zero-shot (pre-train): 0.00%
[13:34:50] task=3  epoch=0  train_loss=0.6521
[13:34:56] task=3  epoch=END  time_sec=9.7  acc_task0=0.0  acc_task1=0.0  acc_task2=0.0  acc_task3=86.65
[13:34:57] 
============================================================
 Task 5/5  | Classes (8, 10)
============================================================
[13:34:57] Task 4 baseline (chance): 10.00%
[13:34:57] Task 4 zero-shot (pre-train): 0.00%
[13:35:07] task=4  epoch=0  train_loss=0.9262
[13:35:14] task=4  epoch=END  time_sec=9.9  acc_task0=0.0  acc_task1=0.0  acc_task2=0.0  acc_task3=0.0  acc_task4=82.55
[13:35:15] 
Final Metrics:
  avg_accuracy         +16.5100
  forgetting           +80.9875
  backward_transfer    -80.9875
  forward_transfer     -14.7292
[13:35:16] 
Done - run: split_cifar10_icarl_nonmc_seed456
[13:35:16] Metrics: {'avg_accuracy': 16.51, 'forgetting': 80.9875, 'backward_transfer': -80.9875, 'forward_transfer': -14.7292}
[13:35:16] Deleted 5 checkpoint(s) after successful completion.
