[00:57:54] Starting: split_cifar100_agem_distill_seed1024
[00:57:54] Config: {'dataset': 'split_cifar100', 'data_root': 'F:\\Temp\\cf\\Catastrophic Forgetting\\research_v2\\Project\\data_local', 'dataset_image_size': None, 'dataset_out_channels': None, 'model': 'slim_resnet18', 'pretrained': False, 'model_image_size': None, 'method': 'agem_distill', 'n_epochs': 1, 'batch_size': 32, 'num_workers': 0, 'lr': 0.03, 'momentum': 0.9, 'weight_decay': 0.0001, 'fp16': True, 'buffer_size': 200, 'ewc_lambda': 100.0, 'fisher_samples': 200, 'si_lambda': 1.0, 'si_xi': 0.1, 'der_alpha': 0.5, 'xder_beta': 0.5, 'lwf_lambda': 1.0, 'lwf_temp': 2.0, 'icarl_distill_w': 1.0, 'icarl_temp': 2.0, 'use_nmc': True, 'agem_mem_batch': 64, 'distill_lambda': 1.0, 'distill_temp': 2.0, 'pc_distill_w': 1.0, 'pc_ewc_lambda': 100.0, 'pc_compress_epochs': 3, 'er_replay_ratio': 0.5, 'joint_replay_epochs': 1, 'disable_tqdm': True, 'disable_checkpoints': False, 'disable_plots': False, 'resume': True, 'cleanup_checkpoints_on_success': True, 'result_group': 'runs', 'ablation_family': None, 'seeds': [42, 123, 456, 789, 1024], 'results_root': 'F:\\Temp\\cf\\Catastrophic Forgetting\\research_v2\\results', 'seed': 1024, 'run_name': 'split_cifar100_agem_distill_seed1024', 'project_root': 'F:\\Temp\\cf\\Catastrophic Forgetting\\research_v2\\Project', 'workspace_root': 'F:\\Temp\\cf\\Catastrophic Forgetting\\research_v2', 'run_root': 'F:\\Temp\\cf\\Catastrophic Forgetting\\research_v2\\results\\runs\\epoch_1\\split_cifar100\\hybrids\\agem_distill\\seed_1024', 'log_dir': 'F:\\Temp\\cf\\Catastrophic Forgetting\\research_v2\\results\\runs\\epoch_1\\split_cifar100\\hybrids\\agem_distill\\seed_1024\\logs', 'metrics_dir': 'F:\\Temp\\cf\\Catastrophic Forgetting\\research_v2\\results\\runs\\epoch_1\\split_cifar100\\hybrids\\agem_distill\\seed_1024\\metrics', 'checkpoint_dir': 'F:\\Temp\\cf\\Catastrophic Forgetting\\research_v2\\results\\runs\\epoch_1\\split_cifar100\\hybrids\\agem_distill\\seed_1024\\checkpoints', 'artifact_dir': 'F:\\Temp\\cf\\Catastrophic Forgetting\\research_v2\\results\\runs\\epoch_1\\split_cifar100\\hybrids\\agem_distill\\seed_1024\\artifacts', 'figure_dir': 'F:\\Temp\\cf\\Catastrophic Forgetting\\research_v2\\results\\figures\\epoch_1\\split_cifar100\\hybrids\\agem_distill\\seed_1024'}
[00:57:54] Device: cuda
[00:57:56] Dataset: SplitCIFAR100(tasks=20, classes_per_task=5, scenario=class-il)
[00:57:57] 
============================================================
 Task 1/20  | Classes (0, 5)
============================================================
[00:57:57] Task 0 baseline (chance): 20.00%
[00:58:00] task=0  epoch=0  train_loss=1.5283
[00:58:01] task=0  epoch=END  time_sec=3.9  acc_task0=53.0
[00:58:01] 
============================================================
 Task 2/20  | Classes (5, 10)
============================================================
[00:58:01] Task 1 baseline (chance): 10.00%
[00:58:01] Task 1 zero-shot (pre-train): 0.00%
[00:58:08] task=1  epoch=0  train_loss=1.9112
[00:58:08] task=1  epoch=END  time_sec=6.7  acc_task0=0.0  acc_task1=35.8
[00:58:08] 
============================================================
 Task 3/20  | Classes (10, 15)
============================================================
[00:58:08] Task 2 baseline (chance): 6.67%
[00:58:09] Task 2 zero-shot (pre-train): 0.00%
[00:58:16] task=2  epoch=0  train_loss=1.845
[00:58:17] task=2  epoch=END  time_sec=7.5  acc_task0=0.0  acc_task1=0.0  acc_task2=42.4
[00:58:17] 
============================================================
 Task 4/20  | Classes (15, 20)
============================================================
[00:58:17] Task 3 baseline (chance): 5.00%
[00:58:17] Task 3 zero-shot (pre-train): 0.00%
[00:58:25] task=3  epoch=0  train_loss=2.0125
[00:58:25] task=3  epoch=END  time_sec=7.4  acc_task0=0.0  acc_task1=0.0  acc_task2=0.0  acc_task3=52.2
[00:58:25] 
============================================================
 Task 5/20  | Classes (20, 25)
============================================================
[00:58:25] Task 4 baseline (chance): 4.00%
[00:58:26] Task 4 zero-shot (pre-train): 0.00%
[00:58:32] task=4  epoch=0  train_loss=2.1661
[00:58:34] task=4  epoch=END  time_sec=6.8  acc_task0=0.0  acc_task1=0.0  acc_task2=0.0  acc_task3=0.0  acc_task4=50.8
[00:58:34] 
============================================================
 Task 6/20  | Classes (25, 30)
============================================================
[00:58:34] Task 5 baseline (chance): 3.33%
[00:58:34] Task 5 zero-shot (pre-train): 0.00%
[00:58:41] task=5  epoch=0  train_loss=2.8668
[00:58:42] task=5  epoch=END  time_sec=7.3  acc_task0=0.0  acc_task1=0.0  acc_task2=0.0  acc_task3=0.0  acc_task4=0.0  acc_task5=41.0
[00:58:42] 
============================================================
 Task 7/20  | Classes (30, 35)
============================================================
[00:58:43] Task 6 baseline (chance): 2.86%
[00:58:43] Task 6 zero-shot (pre-train): 0.00%
[00:58:49] task=6  epoch=0  train_loss=2.9758
[00:58:51] task=6  epoch=END  time_sec=6.7  acc_task0=0.0  acc_task1=0.0  acc_task2=0.0  acc_task3=0.0  acc_task4=0.0  acc_task5=0.0  acc_task6=53.8
[00:58:51] 
============================================================
 Task 8/20  | Classes (35, 40)
============================================================
[00:58:51] Task 7 baseline (chance): 2.50%
[00:58:51] Task 7 zero-shot (pre-train): 0.00%
[00:58:58] task=7  epoch=0  train_loss=3.5033
[00:59:00] task=7  epoch=END  time_sec=7.1  acc_task0=0.0  acc_task1=0.0  acc_task2=0.0  acc_task3=0.0  acc_task4=0.0  acc_task5=0.0  acc_task6=0.0  acc_task7=48.6
[00:59:00] 
============================================================
 Task 9/20  | Classes (40, 45)
============================================================
[00:59:00] Task 8 baseline (chance): 2.22%
[00:59:00] Task 8 zero-shot (pre-train): 0.00%
[00:59:08] task=8  epoch=0  train_loss=3.6867
[00:59:10] task=8  epoch=END  time_sec=7.5  acc_task0=0.0  acc_task1=0.0  acc_task2=0.0  acc_task3=0.0  acc_task4=0.0  acc_task5=0.0  acc_task6=0.0  acc_task7=0.0  acc_task8=39.6
[00:59:10] 
============================================================
 Task 10/20  | Classes (45, 50)
============================================================
[00:59:10] Task 9 baseline (chance): 2.00%
[00:59:10] Task 9 zero-shot (pre-train): 0.00%
[00:59:18] task=9  epoch=0  train_loss=3.361
[00:59:20] task=9  epoch=END  time_sec=7.8  acc_task0=0.0  acc_task1=0.0  acc_task2=0.0  acc_task3=0.0  acc_task4=0.0  acc_task5=0.0  acc_task6=0.0  acc_task7=0.0  acc_task8=0.0  acc_task9=49.6
[00:59:20] 
============================================================
 Task 11/20  | Classes (50, 55)
============================================================
[00:59:20] Task 10 baseline (chance): 1.82%
[00:59:20] Task 10 zero-shot (pre-train): 0.00%
[00:59:28] task=10  epoch=0  train_loss=3.288
[00:59:30] task=10  epoch=END  time_sec=7.5  acc_task0=0.0  acc_task1=0.0  acc_task2=0.0  acc_task3=0.0  acc_task4=0.0  acc_task5=0.0  acc_task6=0.0  acc_task7=0.0  acc_task8=0.0  acc_task9=0.0  acc_task10=61.6
[00:59:30] 
============================================================
 Task 12/20  | Classes (55, 60)
============================================================
[00:59:30] Task 11 baseline (chance): 1.67%
[00:59:30] Task 11 zero-shot (pre-train): 0.00%
[00:59:38] task=11  epoch=0  train_loss=3.9943
[00:59:41] task=11  epoch=END  time_sec=7.5  acc_task0=0.0  acc_task1=0.0  acc_task2=0.0  acc_task3=0.0  acc_task4=0.0  acc_task5=0.0  acc_task6=0.0  acc_task7=0.0  acc_task8=0.0  acc_task9=0.0  acc_task10=0.0  acc_task11=44.6
[00:59:41] 
============================================================
 Task 13/20  | Classes (60, 65)
============================================================
[00:59:41] Task 12 baseline (chance): 1.54%
[00:59:41] Task 12 zero-shot (pre-train): 0.00%
[00:59:49] task=12  epoch=0  train_loss=3.4098
[00:59:52] task=12  epoch=END  time_sec=7.9  acc_task0=0.0  acc_task1=0.0  acc_task2=0.0  acc_task3=0.0  acc_task4=0.0  acc_task5=0.0  acc_task6=0.0  acc_task7=0.0  acc_task8=0.0  acc_task9=0.0  acc_task10=0.0  acc_task11=0.0  acc_task12=60.6
[00:59:52] 
============================================================
 Task 14/20  | Classes (65, 70)
============================================================
[00:59:52] Task 13 baseline (chance): 1.43%
[00:59:52] Task 13 zero-shot (pre-train): 0.00%
[00:59:59] task=13  epoch=0  train_loss=4.0443
[01:00:02] task=13  epoch=END  time_sec=6.8  acc_task0=0.0  acc_task1=0.0  acc_task2=0.0  acc_task3=0.0  acc_task4=0.0  acc_task5=0.0  acc_task6=0.0  acc_task7=0.0  acc_task8=0.0  acc_task9=0.0  acc_task10=0.0  acc_task11=0.0  acc_task12=0.0  acc_task13=44.0
[01:00:02] 
============================================================
 Task 15/20  | Classes (70, 75)
============================================================
[01:00:02] Task 14 baseline (chance): 1.33%
[01:00:02] Task 14 zero-shot (pre-train): 0.00%
[01:00:08] task=14  epoch=0  train_loss=3.8811
[01:00:11] task=14  epoch=END  time_sec=6.4  acc_task0=0.0  acc_task1=0.0  acc_task2=0.0  acc_task3=0.0  acc_task4=0.0  acc_task5=0.0  acc_task6=0.0  acc_task7=0.0  acc_task8=0.0  acc_task9=0.0  acc_task10=0.0  acc_task11=0.0  acc_task12=0.0  acc_task13=0.0  acc_task14=58.0
[01:00:12] 
============================================================
 Task 16/20  | Classes (75, 80)
============================================================
[01:00:12] Task 15 baseline (chance): 1.25%
[01:00:12] Task 15 zero-shot (pre-train): 0.00%
[01:00:19] task=15  epoch=0  train_loss=4.4453
[01:00:23] task=15  epoch=END  time_sec=7.5  acc_task0=0.0  acc_task1=0.0  acc_task2=0.0  acc_task3=0.0  acc_task4=0.0  acc_task5=0.0  acc_task6=0.0  acc_task7=0.0  acc_task8=0.0  acc_task9=0.0  acc_task10=0.0  acc_task11=0.0  acc_task12=0.0  acc_task13=0.0  acc_task14=0.6  acc_task15=35.0
[01:00:23] 
============================================================
 Task 17/20  | Classes (80, 85)
============================================================
[01:00:23] Task 16 baseline (chance): 1.18%
[01:00:23] Task 16 zero-shot (pre-train): 0.00%
[01:00:30] task=16  epoch=0  train_loss=4.3716
[01:00:34] task=16  epoch=END  time_sec=7.3  acc_task0=0.0  acc_task1=0.0  acc_task2=0.0  acc_task3=0.0  acc_task4=0.0  acc_task5=0.0  acc_task6=0.0  acc_task7=0.0  acc_task8=0.0  acc_task9=0.0  acc_task10=0.0  acc_task11=0.0  acc_task12=0.0  acc_task13=0.0  acc_task14=0.0  acc_task15=0.0  acc_task16=49.6
[01:00:34] 
============================================================
 Task 18/20  | Classes (85, 90)
============================================================
[01:00:34] Task 17 baseline (chance): 1.11%
[01:00:34] Task 17 zero-shot (pre-train): 0.00%
[01:00:41] task=17  epoch=0  train_loss=4.8351
[01:00:45] task=17  epoch=END  time_sec=7.1  acc_task0=0.0  acc_task1=0.0  acc_task2=0.0  acc_task3=0.0  acc_task4=0.0  acc_task5=0.0  acc_task6=0.0  acc_task7=0.0  acc_task8=0.0  acc_task9=0.0  acc_task10=0.0  acc_task11=0.0  acc_task12=0.0  acc_task13=0.0  acc_task14=0.0  acc_task15=0.0  acc_task16=0.0  acc_task17=44.0
[01:00:45] 
============================================================
 Task 19/20  | Classes (90, 95)
============================================================
[01:00:45] Task 18 baseline (chance): 1.05%
[01:00:45] Task 18 zero-shot (pre-train): 0.00%
[01:00:52] task=18  epoch=0  train_loss=4.534
[01:00:56] task=18  epoch=END  time_sec=7.1  acc_task0=0.0  acc_task1=0.0  acc_task2=0.0  acc_task3=0.0  acc_task4=0.0  acc_task5=0.0  acc_task6=0.0  acc_task7=0.0  acc_task8=0.0  acc_task9=0.0  acc_task10=0.0  acc_task11=0.0  acc_task12=0.0  acc_task13=0.0  acc_task14=0.0  acc_task15=0.0  acc_task16=0.0  acc_task17=0.0  acc_task18=51.8
[01:00:56] 
============================================================
 Task 20/20  | Classes (95, 100)
============================================================
[01:00:56] Task 19 baseline (chance): 1.00%
[01:00:56] Task 19 zero-shot (pre-train): 0.00%
[01:01:03] task=19  epoch=0  train_loss=3.9643
[01:01:07] task=19  epoch=END  time_sec=7.3  acc_task0=0.0  acc_task1=0.0  acc_task2=0.0  acc_task3=0.0  acc_task4=0.0  acc_task5=0.0  acc_task6=0.0  acc_task7=0.0  acc_task8=0.0  acc_task9=0.0  acc_task10=0.0  acc_task11=0.0  acc_task12=0.0  acc_task13=0.0  acc_task14=0.0  acc_task15=0.0  acc_task16=0.0  acc_task17=0.0  acc_task18=0.0  acc_task19=56.8
[01:01:07] 
Final Metrics:
  avg_accuracy         +2.8400
  forgetting           +48.2105
  backward_transfer    -48.2105
  forward_transfer     -2.7345
[01:01:10] 
Done - run: split_cifar100_agem_distill_seed1024
[01:01:10] Metrics: {'avg_accuracy': 2.84, 'forgetting': 48.2105, 'backward_transfer': -48.2105, 'forward_transfer': -2.7345}
[01:01:10] Deleted 20 checkpoint(s) after successful completion.
