[04:35:50] Starting: permuted_mnist_er_ewc_noewc_seed123
[04:35:50] Config: {'dataset': 'permuted_mnist', 'data_root': 'Project/data_local', 'model': 'resnet8', 'pretrained': False, 'method': 'er_ewc', 'n_epochs': 1, 'batch_size': 32, 'num_workers': 0, 'lr': 0.03, 'momentum': 0.9, 'weight_decay': 0.0001, 'fp16': False, 'buffer_size': 200, 'ewc_lambda': 0.0, 'fisher_samples': 200, 'si_lambda': 1.0, 'si_xi': 0.1, 'der_alpha': 0.5, 'xder_beta': 0.5, 'lwf_lambda': 1.0, 'lwf_temp': 2.0, 'icarl_distill_w': 1.0, 'icarl_temp': 2.0, 'use_nmc': True, 'agem_mem_batch': 64, 'distill_lambda': 1.0, 'distill_temp': 2.0, 'pc_distill_w': 1.0, 'pc_ewc_lambda': 100.0, 'pc_compress_epochs': 3, 'er_replay_ratio': 0.5, 'joint_replay_epochs': 1, 'disable_tqdm': True, 'disable_checkpoints': False, 'disable_plots': False, 'seeds': [42, 123, 456], 'results_root': 'results_phase3_interactions_plots', 'checkpoint_dir': 'results/checkpoints', 'figure_dir': 'results_phase3_interactions_plots\\figures', 'log_dir': 'results_phase3_interactions_plots\\raw', 'run_tag': 'noewc', 'run_name': 'permuted_mnist_er_ewc_noewc_seed123', 'seed': 123}
[04:35:50] Device: cuda
[04:35:50] Dataset: PermutedMNIST(tasks=10, classes_per_task=10, scenario=domain-il)
[04:35:50] 
============================================================
 Task 1/10  | Classes (0, 10)
============================================================
[04:35:51] Task 0 baseline (chance): 10.00%
[04:36:15] task=0  epoch=0  train_loss=0.2226
[04:36:18] task=0  epoch=END  time_sec=24.8  acc_task0=94.62
[04:36:18] 
============================================================
 Task 2/10  | Classes (0, 10)
============================================================
[04:36:18] Task 1 baseline (chance): 10.00%
[04:36:20] Task 1 zero-shot (pre-train): 10.12%
[04:37:01] task=1  epoch=0  train_loss=0.171
[04:37:06] task=1  epoch=END  time_sec=40.6  acc_task0=78.25  acc_task1=94.71
[04:37:06] 
============================================================
 Task 3/10  | Classes (0, 10)
============================================================
[04:37:06] Task 2 baseline (chance): 10.00%
[04:37:09] Task 2 zero-shot (pre-train): 12.43%
[04:38:06] task=2  epoch=0  train_loss=0.1695
[04:38:15] task=2  epoch=END  time_sec=57.1  acc_task0=67.05  acc_task1=73.53  acc_task2=93.96
[04:38:15] 
============================================================
 Task 4/10  | Classes (0, 10)
============================================================
[04:38:15] Task 3 baseline (chance): 10.00%
[04:38:19] Task 3 zero-shot (pre-train): 13.82%
[04:39:31] task=3  epoch=0  train_loss=0.165
[04:39:43] task=3  epoch=END  time_sec=72.5  acc_task0=56.92  acc_task1=62.83  acc_task2=76.94  acc_task3=93.84
[04:39:43] 
============================================================
 Task 5/10  | Classes (0, 10)
============================================================
[04:39:43] Task 4 baseline (chance): 10.00%
[04:39:46] Task 4 zero-shot (pre-train): 14.40%
[04:41:14] task=4  epoch=0  train_loss=0.1614
[04:41:29] task=4  epoch=END  time_sec=87.9  acc_task0=50.94  acc_task1=53.67  acc_task2=63.3  acc_task3=60.34  acc_task4=95.47
[04:41:29] 
============================================================
 Task 6/10  | Classes (0, 10)
============================================================
[04:41:29] Task 5 baseline (chance): 10.00%
[04:41:32] Task 5 zero-shot (pre-train): 9.79%
[04:43:16] task=5  epoch=0  train_loss=0.1692
[04:43:34] task=5  epoch=END  time_sec=104.1  acc_task0=48.88  acc_task1=50.09  acc_task2=48.98  acc_task3=42.59  acc_task4=70.08  acc_task5=94.15
[04:43:34] 
============================================================
 Task 7/10  | Classes (0, 10)
============================================================
[04:43:34] Task 6 baseline (chance): 10.00%
[04:43:37] Task 6 zero-shot (pre-train): 11.27%
[04:45:39] task=6  epoch=0  train_loss=0.1692
[04:46:00] task=6  epoch=END  time_sec=122.2  acc_task0=47.66  acc_task1=52.16  acc_task2=47.18  acc_task3=36.18  acc_task4=57.31  acc_task5=75.08  acc_task6=95.1
[04:46:00] 
============================================================
 Task 8/10  | Classes (0, 10)
============================================================
[04:46:00] Task 7 baseline (chance): 10.00%
[04:46:04] Task 7 zero-shot (pre-train): 16.10%
[04:48:24] task=7  epoch=0  train_loss=0.1642
[04:48:48] task=7  epoch=END  time_sec=140.3  acc_task0=48.35  acc_task1=41.77  acc_task2=43.1  acc_task3=35.33  acc_task4=44.1  acc_task5=54.94  acc_task6=72.24  acc_task7=95.73
[04:48:48] 
============================================================
 Task 9/10  | Classes (0, 10)
============================================================
[04:48:48] Task 8 baseline (chance): 10.00%
[04:48:51] Task 8 zero-shot (pre-train): 10.39%
[04:51:30] task=8  epoch=0  train_loss=0.1678
[04:51:57] task=8  epoch=END  time_sec=159.0  acc_task0=42.48  acc_task1=42.8  acc_task2=42.72  acc_task3=34.5  acc_task4=35.83  acc_task5=49.73  acc_task6=52.76  acc_task7=70.27  acc_task8=95.42
[04:51:57] 
============================================================
 Task 10/10  | Classes (0, 10)
============================================================
[04:51:57] Task 9 baseline (chance): 10.00%
[04:52:00] Task 9 zero-shot (pre-train): 21.94%
[04:54:57] task=9  epoch=0  train_loss=0.1645
[04:55:27] task=9  epoch=END  time_sec=176.7  acc_task0=37.6  acc_task1=33.18  acc_task2=43.21  acc_task3=33.87  acc_task4=33.93  acc_task5=44.67  acc_task6=41.13  acc_task7=49.9  acc_task8=74.84  acc_task9=95.33
[04:55:27] 
Final Metrics:
  avg_accuracy         +48.7660
  forgetting           +51.1856
  backward_transfer    -51.1856
  forward_transfer     +3.3622
[04:55:28] 
Done - run: permuted_mnist_er_ewc_noewc_seed123
[04:55:28] Metrics: {'avg_accuracy': 48.766, 'forgetting': 51.1856, 'backward_transfer': -51.1856, 'forward_transfer': 3.3622}
