[01:55:28] Starting: permuted_mnist_er_ewc_noewc_seed42
[01:55:28] Config: {'dataset': 'permuted_mnist', 'data_root': 'Project/data_local', 'model': 'resnet8', 'pretrained': False, 'method': 'er_ewc', 'n_epochs': 1, 'batch_size': 32, 'num_workers': 0, 'lr': 0.03, 'momentum': 0.9, 'weight_decay': 0.0001, 'fp16': False, 'buffer_size': 200, 'ewc_lambda': 0.0, 'fisher_samples': 200, 'si_lambda': 1.0, 'si_xi': 0.1, 'der_alpha': 0.5, 'xder_beta': 0.5, 'lwf_lambda': 1.0, 'lwf_temp': 2.0, 'icarl_distill_w': 1.0, 'icarl_temp': 2.0, 'use_nmc': True, 'agem_mem_batch': 64, 'distill_lambda': 1.0, 'distill_temp': 2.0, 'pc_distill_w': 1.0, 'pc_ewc_lambda': 100.0, 'pc_compress_epochs': 3, 'er_replay_ratio': 0.5, 'joint_replay_epochs': 1, 'disable_tqdm': True, 'disable_checkpoints': False, 'disable_plots': False, 'seeds': [42, 123, 456], 'results_root': 'results_phase3_interactions_plots', 'checkpoint_dir': 'results/checkpoints', 'figure_dir': 'results_phase3_interactions_plots\\figures', 'log_dir': 'results_phase3_interactions_plots\\raw', 'run_tag': 'noewc', 'run_name': 'permuted_mnist_er_ewc_noewc_seed42', 'seed': 42}
[01:55:28] Device: cuda
[01:55:29] Dataset: PermutedMNIST(tasks=10, classes_per_task=10, scenario=domain-il)
[01:55:29] 
============================================================
 Task 1/10  | Classes (0, 10)
============================================================
[01:55:29] Task 0 baseline (chance): 10.00%
[01:56:04] task=0  epoch=0  train_loss=0.2255
[01:56:07] task=0  epoch=END  time_sec=35.0  acc_task0=93.92
[01:56:08] 
============================================================
 Task 2/10  | Classes (0, 10)
============================================================
[01:56:08] Task 1 baseline (chance): 10.00%
[01:56:12] Task 1 zero-shot (pre-train): 9.12%
[01:57:10] task=1  epoch=0  train_loss=0.1735
[01:57:19] task=1  epoch=END  time_sec=58.4  acc_task0=78.88  acc_task1=95.15
[01:57:19] 
============================================================
 Task 3/10  | Classes (0, 10)
============================================================
[01:57:19] Task 2 baseline (chance): 10.00%
[01:57:23] Task 2 zero-shot (pre-train): 11.79%
[01:58:44] task=2  epoch=0  train_loss=0.1687
[01:58:56] task=2  epoch=END  time_sec=80.9  acc_task0=62.83  acc_task1=72.6  acc_task2=93.91
[01:58:56] 
============================================================
 Task 4/10  | Classes (0, 10)
============================================================
[01:58:56] Task 3 baseline (chance): 10.00%
[01:59:00] Task 3 zero-shot (pre-train): 12.18%
[02:00:49] task=3  epoch=0  train_loss=0.1655
[02:01:06] task=3  epoch=END  time_sec=109.3  acc_task0=57.27  acc_task1=59.06  acc_task2=73.79  acc_task3=95.77
[02:01:06] 
============================================================
 Task 5/10  | Classes (0, 10)
============================================================
[02:01:06] Task 4 baseline (chance): 10.00%
[02:01:10] Task 4 zero-shot (pre-train): 15.44%
[02:03:25] task=4  epoch=0  train_loss=0.1645
[02:03:45] task=4  epoch=END  time_sec=135.1  acc_task0=49.31  acc_task1=50.76  acc_task2=59.41  acc_task3=68.37  acc_task4=94.97
[02:03:45] 
============================================================
 Task 6/10  | Classes (0, 10)
============================================================
[02:03:45] Task 5 baseline (chance): 10.00%
[02:03:50] Task 5 zero-shot (pre-train): 8.50%
[02:06:24] task=5  epoch=0  train_loss=0.1708
[02:06:49] task=5  epoch=END  time_sec=154.8  acc_task0=29.62  acc_task1=30.79  acc_task2=41.85  acc_task3=40.14  acc_task4=60.38  acc_task5=81.78
[02:06:49] 
============================================================
 Task 7/10  | Classes (0, 10)
============================================================
[02:06:49] Task 6 baseline (chance): 10.00%
[02:06:53] Task 6 zero-shot (pre-train): 10.40%
[02:09:50] task=6  epoch=0  train_loss=0.168
[02:10:18] task=6  epoch=END  time_sec=176.9  acc_task0=38.31  acc_task1=41.52  acc_task2=44.75  acc_task3=47.65  acc_task4=54.78  acc_task5=76.01  acc_task6=95.26
[02:10:18] 
============================================================
 Task 8/10  | Classes (0, 10)
============================================================
[02:10:18] Task 7 baseline (chance): 10.00%
[02:10:22] Task 7 zero-shot (pre-train): 14.95%
[02:13:37] task=7  epoch=0  train_loss=0.1649
[02:14:10] task=7  epoch=END  time_sec=194.6  acc_task0=38.92  acc_task1=38.28  acc_task2=46.02  acc_task3=47.01  acc_task4=52.23  acc_task5=55.68  acc_task6=71.15  acc_task7=95.57
[02:14:10] 
============================================================
 Task 9/10  | Classes (0, 10)
============================================================
[02:14:10] Task 8 baseline (chance): 10.00%
[02:14:14] Task 8 zero-shot (pre-train): 12.78%
[02:18:25] task=8  epoch=0  train_loss=0.1673
[02:19:05] task=8  epoch=END  time_sec=251.3  acc_task0=39.37  acc_task1=38.56  acc_task2=39.85  acc_task3=44.07  acc_task4=43.08  acc_task5=41.75  acc_task6=61.65  acc_task7=76.75  acc_task8=95.2
[02:19:05] 
============================================================
 Task 10/10  | Classes (0, 10)
============================================================
[02:19:05] Task 9 baseline (chance): 10.00%
[02:19:10] Task 9 zero-shot (pre-train): 16.28%
[04:35:20] task=9  epoch=0  train_loss=0.1631
[04:35:50] task=9  epoch=END  time_sec=8170.0  acc_task0=30.33  acc_task1=30.08  acc_task2=34.05  acc_task3=39.11  acc_task4=36.4  acc_task5=38.62  acc_task6=50.2  acc_task7=43.76  acc_task8=66.47  acc_task9=93.89
[04:35:50] 
Final Metrics:
  avg_accuracy         +46.2910
  forgetting           +52.5011
  backward_transfer    -52.5011
  forward_transfer     +2.3822
[04:35:50] 
Done - run: permuted_mnist_er_ewc_noewc_seed42
[04:35:50] Metrics: {'avg_accuracy': 46.291, 'forgetting': 52.5011, 'backward_transfer': -52.5011, 'forward_transfer': 2.3822}
