[02:41:44] Starting: split_cifar10_ewc_lambda1_seed1024
[02:41:44] Config: {'dataset': 'split_cifar10', 'data_root': 'F:\\Temp\\cf\\Catastrophic Forgetting\\research_v2\\Project\\data_local', 'dataset_image_size': None, 'dataset_out_channels': None, 'model': 'slim_resnet18', 'pretrained': False, 'model_image_size': None, 'method': 'ewc', 'n_epochs': 1, 'batch_size': 32, 'num_workers': 0, 'lr': 0.03, 'momentum': 0.9, 'weight_decay': 0.0001, 'fp16': False, 'buffer_size': 200, 'ewc_lambda': 1.0, 'fisher_samples': 200, 'si_lambda': 1.0, 'si_xi': 0.1, 'der_alpha': 0.5, 'xder_beta': 0.5, 'lwf_lambda': 1.0, 'lwf_temp': 2.0, 'icarl_distill_w': 1.0, 'icarl_temp': 2.0, 'use_nmc': True, 'agem_mem_batch': 64, 'distill_lambda': 1.0, 'distill_temp': 2.0, 'pc_distill_w': 1.0, 'pc_ewc_lambda': 100.0, 'pc_compress_epochs': 3, 'er_replay_ratio': 0.5, 'joint_replay_epochs': 1, 'disable_tqdm': True, 'disable_checkpoints': False, 'disable_plots': True, 'resume': False, 'cleanup_checkpoints_on_success': True, 'result_group': 'ablations', 'ablation_family': 'lambda', 'seeds': [42, 123, 456, 789, 1024], 'results_root': 'F:\\Temp\\cf\\Catastrophic Forgetting\\research_v2\\results', 'run_tag': 'lambda1', 'seed': 1024, 'run_name': 'split_cifar10_ewc_lambda1_seed1024', 'project_root': 'F:\\Temp\\cf\\Catastrophic Forgetting\\research_v2\\Project', 'workspace_root': 'F:\\Temp\\cf\\Catastrophic Forgetting\\research_v2', 'run_root': 'F:\\Temp\\cf\\Catastrophic Forgetting\\research_v2\\results\\ablations\\epoch_1\\split_cifar10\\lambda\\ewc__lambda1\\seed_1024', 'log_dir': 'F:\\Temp\\cf\\Catastrophic Forgetting\\research_v2\\results\\ablations\\epoch_1\\split_cifar10\\lambda\\ewc__lambda1\\seed_1024\\logs', 'metrics_dir': 'F:\\Temp\\cf\\Catastrophic Forgetting\\research_v2\\results\\ablations\\epoch_1\\split_cifar10\\lambda\\ewc__lambda1\\seed_1024\\metrics', 'checkpoint_dir': 'F:\\Temp\\cf\\Catastrophic Forgetting\\research_v2\\results\\ablations\\epoch_1\\split_cifar10\\lambda\\ewc__lambda1\\seed_1024\\checkpoints', 'artifact_dir': 'F:\\Temp\\cf\\Catastrophic Forgetting\\research_v2\\results\\ablations\\epoch_1\\split_cifar10\\lambda\\ewc__lambda1\\seed_1024\\artifacts', 'figure_dir': 'F:\\Temp\\cf\\Catastrophic Forgetting\\research_v2\\results\\figures\\ablations\\epoch_1\\split_cifar10\\lambda\\ewc__lambda1\\seed_1024'}
[02:41:44] Device: cuda
[02:41:46] Dataset: SplitCIFAR10(tasks=5, classes_per_task=2, scenario=class-il)
[02:41:46] 
============================================================
 Task 1/5  | Classes (0, 2)
============================================================
[02:41:46] Task 0 baseline (chance): 50.00%
[02:42:02] task=0  epoch=0  train_loss=0.5336
[02:42:03] task=0  epoch=END  time_sec=15.2  acc_task0=85.75
[02:42:03] 
============================================================
 Task 2/5  | Classes (2, 4)
============================================================
[02:42:03] Task 1 baseline (chance): 25.00%
[02:42:04] Task 1 zero-shot (pre-train): 1.05%
[02:42:29] task=1  epoch=0  train_loss=0.6153
[02:42:32] task=1  epoch=END  time_sec=25.2  acc_task0=0.0  acc_task1=73.45
[02:42:32] 
============================================================
 Task 3/5  | Classes (4, 6)
============================================================
[02:42:32] Task 2 baseline (chance): 16.67%
[02:42:32] Task 2 zero-shot (pre-train): 0.00%
[02:43:08] task=2  epoch=0  train_loss=0.6094
[02:43:12] task=2  epoch=END  time_sec=35.9  acc_task0=0.0  acc_task1=0.0  acc_task2=77.95
[02:43:12] 
============================================================
 Task 4/5  | Classes (6, 8)
============================================================
[02:43:12] Task 3 baseline (chance): 12.50%
[02:43:13] Task 3 zero-shot (pre-train): 0.00%
[02:44:07] task=3  epoch=0  train_loss=0.5991
[02:44:12] task=3  epoch=END  time_sec=54.4  acc_task0=0.0  acc_task1=0.0  acc_task2=0.0  acc_task3=88.5
[02:44:12] 
============================================================
 Task 5/5  | Classes (8, 10)
============================================================
[02:44:12] Task 4 baseline (chance): 10.00%
[02:44:13] Task 4 zero-shot (pre-train): 0.00%
[02:45:11] task=4  epoch=0  train_loss=0.6681
[02:45:17] task=4  epoch=END  time_sec=58.3  acc_task0=0.0  acc_task1=0.0  acc_task2=0.0  acc_task3=0.0  acc_task4=81.65
[02:45:18] 
Final Metrics:
  avg_accuracy         +16.3300
  forgetting           +81.4125
  backward_transfer    -81.4125
  forward_transfer     -15.7792
[02:45:18] 
Done - run: split_cifar10_ewc_lambda1_seed1024
[02:45:18] Metrics: {'avg_accuracy': 16.33, 'forgetting': 81.4125, 'backward_transfer': -81.4125, 'forward_transfer': -15.7792}
[02:45:18] Deleted 5 checkpoint(s) after successful completion.
