[02:55:14] Starting: split_cifar10_xder_seed789
[02:55:14] Config: {'dataset': 'split_cifar10', 'data_root': 'F:\\Temp\\cf\\Catastrophic Forgetting\\research_v2\\Project\\data_local', 'dataset_image_size': None, 'dataset_out_channels': None, 'model': 'slim_resnet18', 'pretrained': False, 'model_image_size': None, 'method': 'xder', 'n_epochs': 1, 'batch_size': 32, 'num_workers': 0, 'lr': 0.03, 'momentum': 0.9, 'weight_decay': 0.0001, 'fp16': False, 'buffer_size': 200, 'ewc_lambda': 100.0, 'fisher_samples': 200, 'si_lambda': 1.0, 'si_xi': 0.1, 'der_alpha': 0.5, 'xder_beta': 0.5, 'lwf_lambda': 1.0, 'lwf_temp': 2.0, 'icarl_distill_w': 1.0, 'icarl_temp': 2.0, 'use_nmc': True, 'agem_mem_batch': 64, 'distill_lambda': 1.0, 'distill_temp': 2.0, 'pc_distill_w': 1.0, 'pc_ewc_lambda': 100.0, 'pc_compress_epochs': 3, 'er_replay_ratio': 0.5, 'joint_replay_epochs': 1, 'disable_tqdm': True, 'disable_checkpoints': False, 'disable_plots': False, 'resume': True, 'cleanup_checkpoints_on_success': True, 'result_group': 'runs', 'ablation_family': None, 'seeds': [42, 123, 456, 789, 1024], 'results_root': 'F:\\Temp\\cf\\Catastrophic Forgetting\\research_v2\\results', 'seed': 789, 'run_name': 'split_cifar10_xder_seed789', 'project_root': 'F:\\Temp\\cf\\Catastrophic Forgetting\\research_v2\\Project', 'workspace_root': 'F:\\Temp\\cf\\Catastrophic Forgetting\\research_v2', 'run_root': 'F:\\Temp\\cf\\Catastrophic Forgetting\\research_v2\\results\\runs\\epoch_1\\split_cifar10\\hybrids\\xder\\seed_789', 'log_dir': 'F:\\Temp\\cf\\Catastrophic Forgetting\\research_v2\\results\\runs\\epoch_1\\split_cifar10\\hybrids\\xder\\seed_789\\logs', 'metrics_dir': 'F:\\Temp\\cf\\Catastrophic Forgetting\\research_v2\\results\\runs\\epoch_1\\split_cifar10\\hybrids\\xder\\seed_789\\metrics', 'checkpoint_dir': 'F:\\Temp\\cf\\Catastrophic Forgetting\\research_v2\\results\\runs\\epoch_1\\split_cifar10\\hybrids\\xder\\seed_789\\checkpoints', 'artifact_dir': 'F:\\Temp\\cf\\Catastrophic Forgetting\\research_v2\\results\\runs\\epoch_1\\split_cifar10\\hybrids\\xder\\seed_789\\artifacts', 'figure_dir': 'F:\\Temp\\cf\\Catastrophic Forgetting\\research_v2\\results\\figures\\epoch_1\\split_cifar10\\hybrids\\xder\\seed_789'}
[02:55:14] Device: cuda
[02:55:17] Dataset: SplitCIFAR10(tasks=5, classes_per_task=2, scenario=class-il)
[02:55:17] 
============================================================
 Task 1/5  | Classes (0, 2)
============================================================
[02:55:17] Task 0 baseline (chance): 50.00%
[02:55:39] task=0  epoch=0  train_loss=0.9994
[02:55:41] task=0  epoch=END  time_sec=22.1  acc_task0=87.1
[02:55:42] 
============================================================
 Task 2/5  | Classes (2, 4)
============================================================
[02:55:42] Task 1 baseline (chance): 25.00%
[02:55:43] Task 1 zero-shot (pre-train): 10.60%
[02:56:05] task=1  epoch=0  train_loss=1.4579
[02:56:09] task=1  epoch=END  time_sec=22.6  acc_task0=21.0  acc_task1=72.4
[02:56:09] 
============================================================
 Task 3/5  | Classes (4, 6)
============================================================
[02:56:09] Task 2 baseline (chance): 16.67%
[02:56:10] Task 2 zero-shot (pre-train): 0.00%
[02:56:37] task=2  epoch=0  train_loss=1.4649
[02:56:43] task=2  epoch=END  time_sec=26.9  acc_task0=24.8  acc_task1=0.2  acc_task2=76.65
[02:56:43] 
============================================================
 Task 4/5  | Classes (6, 8)
============================================================
[02:56:43] Task 3 baseline (chance): 12.50%
[02:56:44] Task 3 zero-shot (pre-train): 0.00%
[02:57:05] task=3  epoch=0  train_loss=1.2582
[02:57:10] task=3  epoch=END  time_sec=21.1  acc_task0=18.65  acc_task1=0.95  acc_task2=2.8  acc_task3=90.9
[02:57:10] 
============================================================
 Task 5/5  | Classes (8, 10)
============================================================
[02:57:10] Task 4 baseline (chance): 10.00%
[02:57:11] Task 4 zero-shot (pre-train): 0.00%
[02:57:32] task=4  epoch=0  train_loss=1.0936
[02:57:37] task=4  epoch=END  time_sec=20.8  acc_task0=0.85  acc_task1=0.6  acc_task2=3.6  acc_task3=7.05  acc_task4=89.9
[02:57:37] 
Final Metrics:
  avg_accuracy         +20.4000
  forgetting           +78.7375
  backward_transfer    -78.7375
  forward_transfer     -13.3917
[02:57:39] 
Done - run: split_cifar10_xder_seed789
[02:57:39] Metrics: {'avg_accuracy': 20.4, 'forgetting': 78.7375, 'backward_transfer': -78.7375, 'forward_transfer': -13.3917}
[02:57:39] Deleted 5 checkpoint(s) after successful completion.
