[13:28:30] Starting: split_cifar10_xder_buf500_seed42
[13:28:30] Config: {'dataset': 'split_cifar10', 'data_root': 'Project/data_local', 'model': 'slim_resnet18', 'pretrained': False, 'method': 'xder', 'n_epochs': 1, 'batch_size': 32, 'num_workers': 0, 'lr': 0.03, 'momentum': 0.9, 'weight_decay': 0.0001, 'fp16': False, 'buffer_size': 500, 'ewc_lambda': 100.0, 'fisher_samples': 200, 'si_lambda': 1.0, 'si_xi': 0.1, 'der_alpha': 0.5, 'xder_beta': 0.5, 'lwf_lambda': 1.0, 'lwf_temp': 2.0, 'icarl_distill_w': 1.0, 'icarl_temp': 2.0, 'use_nmc': True, 'agem_mem_batch': 64, 'distill_lambda': 1.0, 'distill_temp': 2.0, 'pc_distill_w': 1.0, 'pc_ewc_lambda': 100.0, 'pc_compress_epochs': 3, 'er_replay_ratio': 0.5, 'joint_replay_epochs': 1, 'disable_tqdm': True, 'disable_checkpoints': True, 'disable_plots': True, 'seeds': [42, 123, 456, 789, 1024], 'results_root': 'd:\\Catastrophic Forgetting\\results_phase3_ablations', 'checkpoint_dir': 'results/checkpoints', 'figure_dir': 'd:\\Catastrophic Forgetting\\results_phase3_ablations\\figures', 'log_dir': 'd:\\Catastrophic Forgetting\\results_phase3_ablations\\raw', 'run_tag': 'buf500', 'run_name': 'split_cifar10_xder_buf500_seed42', 'seed': 42}
[13:28:30] Device: cuda
[13:28:32] Dataset: SplitCIFAR10(tasks=5, classes_per_task=2, scenario=class-il)
[13:28:32] 
============================================================
 Task 1/5  | Classes (0, 2)
============================================================
[13:28:32] Task 0 baseline (chance): 50.00%
[13:28:57] task=0  epoch=0  train_loss=1.4473
[13:29:02] task=0  epoch=END  time_sec=25.3  acc_task0=87.0
[13:29:02] 
============================================================
 Task 2/5  | Classes (2, 4)
============================================================
[13:29:02] Task 1 baseline (chance): 25.00%
[13:29:03] Task 1 zero-shot (pre-train): 0.00%
[13:29:28] task=1  epoch=0  train_loss=1.6266
[13:29:34] task=1  epoch=END  time_sec=25.1  acc_task0=7.3  acc_task1=72.65
[13:29:34] 
============================================================
 Task 3/5  | Classes (4, 6)
============================================================
[13:29:34] Task 2 baseline (chance): 16.67%
[13:29:35] Task 2 zero-shot (pre-train): 0.00%
[13:30:00] task=2  epoch=0  train_loss=1.8934
[13:30:08] task=2  epoch=END  time_sec=25.0  acc_task0=12.6  acc_task1=0.0  acc_task2=76.8
[13:30:08] 
============================================================
 Task 4/5  | Classes (6, 8)
============================================================
[13:30:08] Task 3 baseline (chance): 12.50%
[13:30:09] Task 3 zero-shot (pre-train): 0.00%
[13:30:34] task=3  epoch=0  train_loss=2.0363
[13:30:43] task=3  epoch=END  time_sec=25.2  acc_task0=13.35  acc_task1=0.0  acc_task2=0.9  acc_task3=85.9
[13:30:43] 
============================================================
 Task 5/5  | Classes (8, 10)
============================================================
[13:30:43] Task 4 baseline (chance): 10.00%
[13:30:44] Task 4 zero-shot (pre-train): 0.00%
[13:31:09] task=4  epoch=0  train_loss=2.0387
[13:31:19] task=4  epoch=END  time_sec=25.2  acc_task0=0.8  acc_task1=2.05  acc_task2=3.9  acc_task3=25.45  acc_task4=87.6
[13:31:19] 
Final Metrics:
  avg_accuracy         +23.9600
  forgetting           +72.5375
  backward_transfer    -72.5375
  forward_transfer     -16.0417
[13:31:19] 
Done - run: split_cifar10_xder_buf500_seed42
[13:31:19] Metrics: {'avg_accuracy': 23.96, 'forgetting': 72.5375, 'backward_transfer': -72.5375, 'forward_transfer': -16.0417}
