[13:39:47] Starting: split_cifar10_xder_buf500_seed1024
[13:39:47] Config: {'dataset': 'split_cifar10', 'data_root': 'Project/data_local', 'model': 'slim_resnet18', 'pretrained': False, 'method': 'xder', 'n_epochs': 1, 'batch_size': 32, 'num_workers': 0, 'lr': 0.03, 'momentum': 0.9, 'weight_decay': 0.0001, 'fp16': False, 'buffer_size': 500, 'ewc_lambda': 100.0, 'fisher_samples': 200, 'si_lambda': 1.0, 'si_xi': 0.1, 'der_alpha': 0.5, 'xder_beta': 0.5, 'lwf_lambda': 1.0, 'lwf_temp': 2.0, 'icarl_distill_w': 1.0, 'icarl_temp': 2.0, 'use_nmc': True, 'agem_mem_batch': 64, 'distill_lambda': 1.0, 'distill_temp': 2.0, 'pc_distill_w': 1.0, 'pc_ewc_lambda': 100.0, 'pc_compress_epochs': 3, 'er_replay_ratio': 0.5, 'joint_replay_epochs': 1, 'disable_tqdm': True, 'disable_checkpoints': True, 'disable_plots': True, 'seeds': [42, 123, 456, 789, 1024], 'results_root': 'd:\\Catastrophic Forgetting\\results_phase3_ablations', 'checkpoint_dir': 'results/checkpoints', 'figure_dir': 'd:\\Catastrophic Forgetting\\results_phase3_ablations\\figures', 'log_dir': 'd:\\Catastrophic Forgetting\\results_phase3_ablations\\raw', 'run_tag': 'buf500', 'run_name': 'split_cifar10_xder_buf500_seed1024', 'seed': 1024}
[13:39:47] Device: cuda
[13:39:49] Dataset: SplitCIFAR10(tasks=5, classes_per_task=2, scenario=class-il)
[13:39:49] 
============================================================
 Task 1/5  | Classes (0, 2)
============================================================
[13:39:49] Task 0 baseline (chance): 50.00%
[13:40:14] task=0  epoch=0  train_loss=1.7186
[13:40:19] task=0  epoch=END  time_sec=25.2  acc_task0=79.85
[13:40:19] 
============================================================
 Task 2/5  | Classes (2, 4)
============================================================
[13:40:19] Task 1 baseline (chance): 25.00%
[13:40:20] Task 1 zero-shot (pre-train): 0.00%
[13:40:46] task=1  epoch=0  train_loss=1.7591
[13:40:51] task=1  epoch=END  time_sec=25.3  acc_task0=10.15  acc_task1=72.7
[13:40:51] 
============================================================
 Task 3/5  | Classes (4, 6)
============================================================
[13:40:51] Task 2 baseline (chance): 16.67%
[13:40:53] Task 2 zero-shot (pre-train): 0.00%
[13:41:18] task=2  epoch=0  train_loss=1.9786
[13:41:25] task=2  epoch=END  time_sec=25.2  acc_task0=19.5  acc_task1=0.05  acc_task2=77.6
[13:41:25] 
============================================================
 Task 4/5  | Classes (6, 8)
============================================================
[13:41:25] Task 3 baseline (chance): 12.50%
[13:41:26] Task 3 zero-shot (pre-train): 0.00%
[13:41:52] task=3  epoch=0  train_loss=2.036
[13:42:00] task=3  epoch=END  time_sec=25.2  acc_task0=21.25  acc_task1=0.1  acc_task2=0.05  acc_task3=87.4
[13:42:00] 
============================================================
 Task 5/5  | Classes (8, 10)
============================================================
[13:42:00] Task 4 baseline (chance): 10.00%
[13:42:01] Task 4 zero-shot (pre-train): 0.00%
[13:42:26] task=4  epoch=0  train_loss=1.8666
[13:42:36] task=4  epoch=END  time_sec=25.2  acc_task0=1.2  acc_task1=0.2  acc_task2=6.2  acc_task3=5.75  acc_task4=87.3
[13:42:36] 
Final Metrics:
  avg_accuracy         +20.1300
  forgetting           +76.0500
  backward_transfer    -76.0500
  forward_transfer     -16.0417
[13:42:36] 
Done - run: split_cifar10_xder_buf500_seed1024
[13:42:36] Metrics: {'avg_accuracy': 20.13, 'forgetting': 76.05, 'backward_transfer': -76.05, 'forward_transfer': -16.0417}
