[13:34:08] Starting: split_cifar10_xder_buf500_seed456
[13:34:08] Config: {'dataset': 'split_cifar10', 'data_root': 'Project/data_local', 'model': 'slim_resnet18', 'pretrained': False, 'method': 'xder', 'n_epochs': 1, 'batch_size': 32, 'num_workers': 0, 'lr': 0.03, 'momentum': 0.9, 'weight_decay': 0.0001, 'fp16': False, 'buffer_size': 500, 'ewc_lambda': 100.0, 'fisher_samples': 200, 'si_lambda': 1.0, 'si_xi': 0.1, 'der_alpha': 0.5, 'xder_beta': 0.5, 'lwf_lambda': 1.0, 'lwf_temp': 2.0, 'icarl_distill_w': 1.0, 'icarl_temp': 2.0, 'use_nmc': True, 'agem_mem_batch': 64, 'distill_lambda': 1.0, 'distill_temp': 2.0, 'pc_distill_w': 1.0, 'pc_ewc_lambda': 100.0, 'pc_compress_epochs': 3, 'er_replay_ratio': 0.5, 'joint_replay_epochs': 1, 'disable_tqdm': True, 'disable_checkpoints': True, 'disable_plots': True, 'seeds': [42, 123, 456, 789, 1024], 'results_root': 'd:\\Catastrophic Forgetting\\results_phase3_ablations', 'checkpoint_dir': 'results/checkpoints', 'figure_dir': 'd:\\Catastrophic Forgetting\\results_phase3_ablations\\figures', 'log_dir': 'd:\\Catastrophic Forgetting\\results_phase3_ablations\\raw', 'run_tag': 'buf500', 'run_name': 'split_cifar10_xder_buf500_seed456', 'seed': 456}
[13:34:08] Device: cuda
[13:34:10] Dataset: SplitCIFAR10(tasks=5, classes_per_task=2, scenario=class-il)
[13:34:10] 
============================================================
 Task 1/5  | Classes (0, 2)
============================================================
[13:34:10] Task 0 baseline (chance): 50.00%
[13:34:35] task=0  epoch=0  train_loss=1.8411
[13:34:40] task=0  epoch=END  time_sec=25.3  acc_task0=80.95
[13:34:40] 
============================================================
 Task 2/5  | Classes (2, 4)
============================================================
[13:34:40] Task 1 baseline (chance): 25.00%
[13:34:41] Task 1 zero-shot (pre-train): 0.65%
[13:35:07] task=1  epoch=0  train_loss=1.7448
[13:35:12] task=1  epoch=END  time_sec=25.2  acc_task0=5.3  acc_task1=72.15
[13:35:12] 
============================================================
 Task 3/5  | Classes (4, 6)
============================================================
[13:35:12] Task 2 baseline (chance): 16.67%
[13:35:14] Task 2 zero-shot (pre-train): 0.00%
[13:35:39] task=2  epoch=0  train_loss=1.9935
[13:35:46] task=2  epoch=END  time_sec=25.1  acc_task0=6.95  acc_task1=0.05  acc_task2=77.05
[13:35:46] 
============================================================
 Task 4/5  | Classes (6, 8)
============================================================
[13:35:46] Task 3 baseline (chance): 12.50%
[13:35:47] Task 3 zero-shot (pre-train): 0.00%
[13:36:13] task=3  epoch=0  train_loss=2.1299
[13:36:21] task=3  epoch=END  time_sec=25.1  acc_task0=11.85  acc_task1=0.05  acc_task2=1.75  acc_task3=83.0
[13:36:21] 
============================================================
 Task 5/5  | Classes (8, 10)
============================================================
[13:36:21] Task 4 baseline (chance): 10.00%
[13:36:22] Task 4 zero-shot (pre-train): 0.00%
[13:36:47] task=4  epoch=0  train_loss=1.9192
[13:36:57] task=4  epoch=END  time_sec=25.2  acc_task0=0.05  acc_task1=0.0  acc_task2=3.8  acc_task3=13.1  acc_task4=77.65
[13:36:57] 
Final Metrics:
  avg_accuracy         +18.9200
  forgetting           +74.0500
  backward_transfer    -74.0500
  forward_transfer     -15.8792
[13:36:57] 
Done - run: split_cifar10_xder_buf500_seed456
[13:36:57] Metrics: {'avg_accuracy': 18.92, 'forgetting': 74.05, 'backward_transfer': -74.05, 'forward_transfer': -15.8792}
