[17:07:09] Starting: permuted_mnist_agem_seed123
[17:07:09] Config: {'dataset': 'permuted_mnist', 'data_root': 'Project/data', 'model': 'resnet8', 'pretrained': False, 'method': 'agem', 'n_epochs': 1, 'batch_size': 32, 'num_workers': 0, 'lr': 0.03, 'momentum': 0.9, 'weight_decay': 0.0001, 'fp16': False, 'buffer_size': 200, 'ewc_lambda': 100.0, 'fisher_samples': 200, 'si_lambda': 1.0, 'si_xi': 0.1, 'der_alpha': 0.5, 'xder_beta': 0.5, 'lwf_lambda': 1.0, 'lwf_temp': 2.0, 'icarl_distill_w': 1.0, 'icarl_temp': 2.0, 'use_nmc': True, 'agem_mem_batch': 64, 'distill_lambda': 1.0, 'distill_temp': 2.0, 'pc_distill_w': 1.0, 'pc_ewc_lambda': 100.0, 'pc_compress_epochs': 3, 'er_replay_ratio': 0.5, 'joint_replay_epochs': 1, 'disable_tqdm': True, 'seeds': [42, 123, 456, 789, 1024], 'checkpoint_dir': 'results/checkpoints', 'figure_dir': 'results/figures', 'log_dir': 'results/raw', 'run_name': 'permuted_mnist_agem_seed123', 'seed': 123}
[17:07:09] Device: cuda
[17:07:09] Dataset: PermutedMNIST(tasks=10, classes_per_task=10, scenario=domain-il)
[17:07:10] 
============================================================
 Task 1/10  | Classes (0, 10)
============================================================
[17:07:10] Task 0 baseline (before training): 0.00%
[17:07:31] Starting: permuted_mnist_agem_seed123
[17:07:31] Config: {'dataset': 'permuted_mnist', 'data_root': 'Project/data', 'model': 'resnet8', 'pretrained': False, 'method': 'agem', 'n_epochs': 1, 'batch_size': 32, 'num_workers': 0, 'lr': 0.03, 'momentum': 0.9, 'weight_decay': 0.0001, 'fp16': False, 'buffer_size': 200, 'ewc_lambda': 100.0, 'fisher_samples': 200, 'si_lambda': 1.0, 'si_xi': 0.1, 'der_alpha': 0.5, 'xder_beta': 0.5, 'lwf_lambda': 1.0, 'lwf_temp': 2.0, 'icarl_distill_w': 1.0, 'icarl_temp': 2.0, 'use_nmc': True, 'agem_mem_batch': 64, 'distill_lambda': 1.0, 'distill_temp': 2.0, 'pc_distill_w': 1.0, 'pc_ewc_lambda': 100.0, 'pc_compress_epochs': 3, 'er_replay_ratio': 0.5, 'joint_replay_epochs': 1, 'disable_tqdm': True, 'seeds': [42, 123, 456, 789, 1024], 'checkpoint_dir': 'results/checkpoints', 'figure_dir': 'results/figures', 'log_dir': 'results/raw', 'run_name': 'permuted_mnist_agem_seed123', 'seed': 123}
[17:07:31] Device: cuda
[17:07:31] Dataset: PermutedMNIST(tasks=10, classes_per_task=10, scenario=domain-il)
[17:07:31] 
============================================================
 Task 1/10  | Classes (0, 10)
============================================================
[17:07:31] Task 0 baseline (before training): 0.00%
[17:08:14] task=0  epoch=0  train_loss=0.3171
[17:08:19] task=0  epoch=END  time_sec=43.1  acc_task0=91.96
[17:08:19] 
============================================================
 Task 2/10  | Classes (0, 10)
============================================================
[17:08:24] Task 1 baseline (before training): 10.93%
[17:09:29] task=1  epoch=0  train_loss=3.9183
[17:09:38] task=1  epoch=END  time_sec=64.5  acc_task0=94.2  acc_task1=12.6
[17:09:38] 
============================================================
 Task 3/10  | Classes (0, 10)
============================================================
[17:09:43] Task 2 baseline (before training): 12.60%
[17:10:47] task=2  epoch=0  train_loss=3.5266
[17:11:01] task=2  epoch=END  time_sec=64.4  acc_task0=92.46  acc_task1=56.42  acc_task2=17.93
[17:11:02] 
============================================================
 Task 4/10  | Classes (0, 10)
============================================================
[17:11:06] Task 3 baseline (before training): 16.47%
[17:11:59] task=3  epoch=0  train_loss=3.6384
[17:12:10] task=3  epoch=END  time_sec=52.5  acc_task0=91.7  acc_task1=55.87  acc_task2=40.83  acc_task3=18.6
[17:12:10] 
============================================================
 Task 5/10  | Classes (0, 10)
============================================================
[17:12:13] Task 4 baseline (before training): 21.41%
[17:12:52] task=4  epoch=0  train_loss=3.0281
[17:13:07] task=4  epoch=END  time_sec=38.8  acc_task0=90.67  acc_task1=53.51  acc_task2=41.49  acc_task3=38.55  acc_task4=21.16
[17:13:07] 
============================================================
 Task 6/10  | Classes (0, 10)
============================================================
[17:13:10] Task 5 baseline (before training): 11.83%
[17:13:49] task=5  epoch=0  train_loss=3.9563
[17:14:07] task=5  epoch=END  time_sec=38.9  acc_task0=89.82  acc_task1=55.35  acc_task2=42.57  acc_task3=39.63  acc_task4=38.63  acc_task5=13.24
[17:14:07] 
============================================================
 Task 7/10  | Classes (0, 10)
============================================================
[17:14:10] Task 6 baseline (before training): 17.47%
[17:14:50] task=6  epoch=0  train_loss=3.3676
[17:15:13] task=6  epoch=END  time_sec=39.3  acc_task0=88.57  acc_task1=53.08  acc_task2=42.69  acc_task3=38.4  acc_task4=37.29  acc_task5=26.47  acc_task6=17.53
[17:15:13] 
============================================================
 Task 8/10  | Classes (0, 10)
============================================================
[17:15:16] Task 7 baseline (before training): 19.00%
[17:15:56] task=7  epoch=0  train_loss=3.1075
[17:16:23] task=7  epoch=END  time_sec=39.8  acc_task0=88.66  acc_task1=53.24  acc_task2=42.08  acc_task3=36.64  acc_task4=36.22  acc_task5=25.94  acc_task6=21.86  acc_task7=20.33
[17:16:23] 
============================================================
 Task 9/10  | Classes (0, 10)
============================================================
[17:16:26] Task 8 baseline (before training): 18.67%
[17:17:06] task=8  epoch=0  train_loss=3.3432
[17:17:36] task=8  epoch=END  time_sec=39.9  acc_task0=87.74  acc_task1=54.13  acc_task2=42.08  acc_task3=38.22  acc_task4=37.19  acc_task5=25.07  acc_task6=22.82  acc_task7=29.29  acc_task8=19.0
[17:17:36] 
============================================================
 Task 10/10  | Classes (0, 10)
============================================================
[17:17:40] Task 9 baseline (before training): 21.95%
[17:18:20] task=9  epoch=0  train_loss=2.917
[17:18:53] task=9  epoch=END  time_sec=39.8  acc_task0=86.75  acc_task1=52.92  acc_task2=43.32  acc_task3=37.72  acc_task4=35.73  acc_task5=26.03  acc_task6=22.3  acc_task7=28.45  acc_task8=25.08  acc_task9=22.72
[17:18:53] 
Final Metrics:
  avg_accuracy         +38.1020
  forgetting           +1.9511
  backward_transfer    +13.9944
  forward_transfer     +0.0000
[17:18:53] 
Done - run: permuted_mnist_agem_seed123
[17:18:53] Metrics: {'avg_accuracy': 38.102, 'forgetting': 1.9511, 'backward_transfer': 13.9944, 'forward_transfer': 0.0}
