[17:28:52] Starting: permuted_mnist_agem_seed789
[17:28:52] Config: {'dataset': 'permuted_mnist', 'data_root': 'Project/data', 'model': 'resnet8', 'pretrained': False, 'method': 'agem', 'n_epochs': 1, 'batch_size': 32, 'num_workers': 0, 'lr': 0.03, 'momentum': 0.9, 'weight_decay': 0.0001, 'fp16': False, 'buffer_size': 200, 'ewc_lambda': 100.0, 'fisher_samples': 200, 'si_lambda': 1.0, 'si_xi': 0.1, 'der_alpha': 0.5, 'xder_beta': 0.5, 'lwf_lambda': 1.0, 'lwf_temp': 2.0, 'icarl_distill_w': 1.0, 'icarl_temp': 2.0, 'use_nmc': True, 'agem_mem_batch': 64, 'distill_lambda': 1.0, 'distill_temp': 2.0, 'pc_distill_w': 1.0, 'pc_ewc_lambda': 100.0, 'pc_compress_epochs': 3, 'er_replay_ratio': 0.5, 'joint_replay_epochs': 1, 'disable_tqdm': True, 'seeds': [42, 123, 456, 789, 1024], 'checkpoint_dir': 'results/checkpoints', 'figure_dir': 'results/figures', 'log_dir': 'results/raw', 'run_name': 'permuted_mnist_agem_seed789', 'seed': 789}
[17:28:52] Device: cuda
[17:28:53] Dataset: PermutedMNIST(tasks=10, classes_per_task=10, scenario=domain-il)
[17:28:53] 
============================================================
 Task 1/10  | Classes (0, 10)
============================================================
[17:28:53] Task 0 baseline (before training): 0.00%
[17:29:18] task=0  epoch=0  train_loss=0.3135
[17:29:21] task=0  epoch=END  time_sec=25.4  acc_task0=94.32
[17:29:21] 
============================================================
 Task 2/10  | Classes (0, 10)
============================================================
[17:29:25] Task 1 baseline (before training): 8.82%
[17:30:04] task=1  epoch=0  train_loss=3.7617
[17:30:10] task=1  epoch=END  time_sec=39.8  acc_task0=94.64  acc_task1=10.6
[17:30:10] 
============================================================
 Task 3/10  | Classes (0, 10)
============================================================
[17:30:14] Task 2 baseline (before training): 8.91%
[17:30:54] task=2  epoch=0  train_loss=3.3563
[17:31:03] task=2  epoch=END  time_sec=39.8  acc_task0=92.14  acc_task1=62.42  acc_task2=14.7
[17:31:03] 
============================================================
 Task 4/10  | Classes (0, 10)
============================================================
[17:31:07] Task 3 baseline (before training): 18.28%
[17:31:47] task=3  epoch=0  train_loss=3.1349
[17:32:00] task=3  epoch=END  time_sec=39.9  acc_task0=90.17  acc_task1=60.15  acc_task2=46.99  acc_task3=22.62
[17:32:00] 
============================================================
 Task 5/10  | Classes (0, 10)
============================================================
[17:32:03] Task 4 baseline (before training): 19.93%
[17:32:43] task=4  epoch=0  train_loss=3.1068
[17:32:59] task=4  epoch=END  time_sec=39.9  acc_task0=88.35  acc_task1=59.78  acc_task2=47.58  acc_task3=46.36  acc_task4=20.94
[17:32:59] 
============================================================
 Task 6/10  | Classes (0, 10)
============================================================
[17:33:03] Task 5 baseline (before training): 13.57%
[17:33:43] task=5  epoch=0  train_loss=3.3524
[17:34:03] task=5  epoch=END  time_sec=40.0  acc_task0=86.78  acc_task1=58.99  acc_task2=44.95  acc_task3=48.13  acc_task4=32.7  acc_task5=15.33
[17:34:03] 
============================================================
 Task 7/10  | Classes (0, 10)
============================================================
[17:34:06] Task 6 baseline (before training): 15.13%
[17:34:46] task=6  epoch=0  train_loss=3.4102
[17:35:09] task=6  epoch=END  time_sec=39.8  acc_task0=87.16  acc_task1=58.8  acc_task2=45.6  acc_task3=46.84  acc_task4=32.97  acc_task5=29.98  acc_task6=15.09
[17:35:09] 
============================================================
 Task 8/10  | Classes (0, 10)
============================================================
[17:35:13] Task 7 baseline (before training): 17.84%
[17:35:53] task=7  epoch=0  train_loss=3.1634
[17:36:19] task=7  epoch=END  time_sec=39.9  acc_task0=85.08  acc_task1=58.97  acc_task2=45.67  acc_task3=46.45  acc_task4=34.18  acc_task5=31.26  acc_task6=27.23  acc_task7=20.12
[17:36:19] 
============================================================
 Task 9/10  | Classes (0, 10)
============================================================
[17:36:23] Task 8 baseline (before training): 22.87%
[17:37:03] task=8  epoch=0  train_loss=3.0818
[17:37:33] task=8  epoch=END  time_sec=39.8  acc_task0=84.12  acc_task1=60.44  acc_task2=44.94  acc_task3=47.32  acc_task4=35.85  acc_task5=32.03  acc_task6=27.47  acc_task7=29.34  acc_task8=23.16
[17:37:33] 
============================================================
 Task 10/10  | Classes (0, 10)
============================================================
[17:37:36] Task 9 baseline (before training): 19.97%
[17:38:16] task=9  epoch=0  train_loss=2.9462
[17:38:50] task=9  epoch=END  time_sec=39.8  acc_task0=84.31  acc_task1=58.1  acc_task2=45.83  acc_task3=47.03  acc_task4=35.1  acc_task5=32.04  acc_task6=29.27  acc_task7=27.74  acc_task8=31.47  acc_task9=20.92
[17:38:50] 
Final Metrics:
  avg_accuracy         +41.1810
  forgetting           +2.2056
  backward_transfer    +17.1122
  forward_transfer     +0.0000
[17:38:50] 
Done - run: permuted_mnist_agem_seed789
[17:38:50] Metrics: {'avg_accuracy': 41.181, 'forgetting': 2.2056, 'backward_transfer': 17.1122, 'forward_transfer': 0.0}
