[02:16:00] Starting: split_cifar10_er_ewc_lambda1000_seed456
[02:16:00] Config: {'dataset': 'split_cifar10', 'data_root': 'F:\\Temp\\cf\\Catastrophic Forgetting\\research_v2\\Project\\data_local', 'dataset_image_size': None, 'dataset_out_channels': None, 'model': 'slim_resnet18', 'pretrained': False, 'model_image_size': None, 'method': 'er_ewc', 'n_epochs': 1, 'batch_size': 32, 'num_workers': 0, 'lr': 0.03, 'momentum': 0.9, 'weight_decay': 0.0001, 'fp16': False, 'buffer_size': 200, 'ewc_lambda': 1000.0, 'fisher_samples': 200, 'si_lambda': 1.0, 'si_xi': 0.1, 'der_alpha': 0.5, 'xder_beta': 0.5, 'lwf_lambda': 1.0, 'lwf_temp': 2.0, 'icarl_distill_w': 1.0, 'icarl_temp': 2.0, 'use_nmc': True, 'agem_mem_batch': 64, 'distill_lambda': 1.0, 'distill_temp': 2.0, 'pc_distill_w': 1.0, 'pc_ewc_lambda': 100.0, 'pc_compress_epochs': 3, 'er_replay_ratio': 0.5, 'joint_replay_epochs': 1, 'disable_tqdm': True, 'disable_checkpoints': False, 'disable_plots': True, 'resume': False, 'cleanup_checkpoints_on_success': True, 'result_group': 'ablations', 'ablation_family': 'lambda', 'seeds': [42, 123, 456, 789, 1024], 'results_root': 'F:\\Temp\\cf\\Catastrophic Forgetting\\research_v2\\results', 'run_tag': 'lambda1000', 'seed': 456, 'run_name': 'split_cifar10_er_ewc_lambda1000_seed456', 'project_root': 'F:\\Temp\\cf\\Catastrophic Forgetting\\research_v2\\Project', 'workspace_root': 'F:\\Temp\\cf\\Catastrophic Forgetting\\research_v2', 'run_root': 'F:\\Temp\\cf\\Catastrophic Forgetting\\research_v2\\results\\ablations\\epoch_1\\split_cifar10\\lambda\\er_ewc__lambda1000\\seed_456', 'log_dir': 'F:\\Temp\\cf\\Catastrophic Forgetting\\research_v2\\results\\ablations\\epoch_1\\split_cifar10\\lambda\\er_ewc__lambda1000\\seed_456\\logs', 'metrics_dir': 'F:\\Temp\\cf\\Catastrophic Forgetting\\research_v2\\results\\ablations\\epoch_1\\split_cifar10\\lambda\\er_ewc__lambda1000\\seed_456\\metrics', 'checkpoint_dir': 'F:\\Temp\\cf\\Catastrophic Forgetting\\research_v2\\results\\ablations\\epoch_1\\split_cifar10\\lambda\\er_ewc__lambda1000\\seed_456\\checkpoints', 'artifact_dir': 'F:\\Temp\\cf\\Catastrophic Forgetting\\research_v2\\results\\ablations\\epoch_1\\split_cifar10\\lambda\\er_ewc__lambda1000\\seed_456\\artifacts', 'figure_dir': 'F:\\Temp\\cf\\Catastrophic Forgetting\\research_v2\\results\\figures\\ablations\\epoch_1\\split_cifar10\\lambda\\er_ewc__lambda1000\\seed_456'}
[02:16:00] Device: cuda
[02:16:03] Dataset: SplitCIFAR10(tasks=5, classes_per_task=2, scenario=class-il)
[02:16:03] 
============================================================
 Task 1/5  | Classes (0, 2)
============================================================
[02:16:03] Task 0 baseline (chance): 50.00%
[02:16:23] task=0  epoch=0  train_loss=0.4322
[02:16:25] task=0  epoch=END  time_sec=20.4  acc_task0=81.85
[02:16:25] 
============================================================
 Task 2/5  | Classes (2, 4)
============================================================
[02:16:25] Task 1 baseline (chance): 25.00%
[02:16:26] Task 1 zero-shot (pre-train): 1.20%
[02:16:58] task=1  epoch=0  train_loss=0.6944
[02:17:01] task=1  epoch=END  time_sec=31.7  acc_task0=50.75  acc_task1=72.4
[02:17:01] 
============================================================
 Task 3/5  | Classes (4, 6)
============================================================
[02:17:01] Task 2 baseline (chance): 16.67%
[02:17:02] Task 2 zero-shot (pre-train): 0.00%
[02:17:46] task=2  epoch=0  train_loss=0.7707
[02:17:49] task=2  epoch=END  time_sec=43.6  acc_task0=17.25  acc_task1=0.35  acc_task2=79.2
[02:17:50] 
============================================================
 Task 4/5  | Classes (6, 8)
============================================================
[02:17:50] Task 3 baseline (chance): 12.50%
[02:17:51] Task 3 zero-shot (pre-train): 0.00%
[02:18:54] task=3  epoch=0  train_loss=0.5948
[02:18:59] task=3  epoch=END  time_sec=63.0  acc_task0=26.1  acc_task1=0.15  acc_task2=0.6  acc_task3=87.65
[02:18:59] 
============================================================
 Task 5/5  | Classes (8, 10)
============================================================
[02:18:59] Task 4 baseline (chance): 10.00%
[02:19:00] Task 4 zero-shot (pre-train): 0.00%
[02:20:00] task=4  epoch=0  train_loss=0.5565
[02:20:06] task=4  epoch=END  time_sec=59.8  acc_task0=1.4  acc_task1=5.45  acc_task2=10.85  acc_task3=13.5  acc_task4=89.05
[02:20:06] 
Final Metrics:
  avg_accuracy         +24.0500
  forgetting           +72.4750
  backward_transfer    -72.4750
  forward_transfer     -15.7417
[02:20:06] 
Done - run: split_cifar10_er_ewc_lambda1000_seed456
[02:20:06] Metrics: {'avg_accuracy': 24.05, 'forgetting': 72.475, 'backward_transfer': -72.475, 'forward_transfer': -15.7417}
[02:20:06] Deleted 5 checkpoint(s) after successful completion.
