[18:22:53] Starting: split_cifar10_si_der_nosi_seed456
[18:22:53] Config: {'dataset': 'split_cifar10', 'data_root': 'Project/data_local', 'model': 'slim_resnet18', 'pretrained': False, 'method': 'si_der', 'n_epochs': 1, 'batch_size': 32, 'num_workers': 0, 'lr': 0.03, 'momentum': 0.9, 'weight_decay': 0.0001, 'fp16': False, 'buffer_size': 200, 'ewc_lambda': 100.0, 'fisher_samples': 200, 'si_lambda': 0.0, 'si_xi': 0.1, 'der_alpha': 0.5, 'xder_beta': 0.5, 'lwf_lambda': 1.0, 'lwf_temp': 2.0, 'icarl_distill_w': 1.0, 'icarl_temp': 2.0, 'use_nmc': True, 'agem_mem_batch': 64, 'distill_lambda': 1.0, 'distill_temp': 2.0, 'pc_distill_w': 1.0, 'pc_ewc_lambda': 100.0, 'pc_compress_epochs': 3, 'er_replay_ratio': 0.5, 'joint_replay_epochs': 1, 'disable_tqdm': True, 'disable_checkpoints': False, 'disable_plots': False, 'seeds': [42, 123, 456], 'results_root': 'results_phase3_interactions_plots', 'checkpoint_dir': 'results/checkpoints', 'figure_dir': 'results_phase3_interactions_plots/figures', 'log_dir': 'results_phase3_interactions_plots/raw', 'run_tag': 'nosi', 'run_name': 'split_cifar10_si_der_nosi_seed456', 'seed': 456}
[18:22:53] Device: cuda
[18:22:54] Dataset: SplitCIFAR10(tasks=5, classes_per_task=2, scenario=class-il)
[18:22:54] 
============================================================
 Task 1/5  | Classes (0, 2)
============================================================
[18:22:54] Task 0 baseline (chance): 50.00%
[18:23:17] task=0  epoch=0  train_loss=0.7252
[18:23:18] task=0  epoch=END  time_sec=23.1  acc_task0=86.55
[18:23:18] 
============================================================
 Task 2/5  | Classes (2, 4)
============================================================
[18:23:18] Task 1 baseline (chance): 25.00%
[18:23:19] Task 1 zero-shot (pre-train): 1.90%
[18:23:48] task=1  epoch=0  train_loss=0.7893
[18:23:50] task=1  epoch=END  time_sec=29.4  acc_task0=0.0  acc_task1=69.75
[18:23:50] 
============================================================
 Task 3/5  | Classes (4, 6)
============================================================
[18:23:50] Task 2 baseline (chance): 16.67%
[18:23:50] Task 2 zero-shot (pre-train): 0.00%
[18:24:20] task=2  epoch=0  train_loss=0.8836
[18:24:22] task=2  epoch=END  time_sec=29.5  acc_task0=0.0  acc_task1=0.0  acc_task2=78.6
[18:24:22] 
============================================================
 Task 4/5  | Classes (6, 8)
============================================================
[18:24:22] Task 3 baseline (chance): 12.50%
[18:24:23] Task 3 zero-shot (pre-train): 0.00%
[18:24:52] task=3  epoch=0  train_loss=1.2942
[18:24:55] task=3  epoch=END  time_sec=29.2  acc_task0=0.0  acc_task1=0.0  acc_task2=0.6  acc_task3=86.4
[18:24:55] 
============================================================
 Task 5/5  | Classes (8, 10)
============================================================
[18:24:55] Task 4 baseline (chance): 10.00%
[18:24:56] Task 4 zero-shot (pre-train): 0.00%
[18:25:25] task=4  epoch=0  train_loss=1.2632
[18:25:29] task=4  epoch=END  time_sec=29.1  acc_task0=0.0  acc_task1=0.0  acc_task2=0.0  acc_task3=0.0  acc_task4=79.55
[18:25:29] 
Final Metrics:
  avg_accuracy         +15.9100
  forgetting           +80.3250
  backward_transfer    -80.3250
  forward_transfer     -15.5667
[18:25:29] 
Done - run: split_cifar10_si_der_nosi_seed456
[18:25:29] Metrics: {'avg_accuracy': 15.91, 'forgetting': 80.325, 'backward_transfer': -80.325, 'forward_transfer': -15.5667}
