[03:43:20] Starting: split_cifar100_lwf_seed123
[03:43:20] Config: {'dataset': 'split_cifar100', 'data_root': 'F:\\Temp\\cf\\Catastrophic Forgetting\\research_v2\\Project\\data_local', 'dataset_image_size': None, 'dataset_out_channels': None, 'model': 'slim_resnet18', 'pretrained': False, 'model_image_size': None, 'method': 'lwf', 'n_epochs': 1, 'batch_size': 32, 'num_workers': 0, 'lr': 0.03, 'momentum': 0.9, 'weight_decay': 0.0001, 'fp16': True, 'buffer_size': 200, 'ewc_lambda': 100.0, 'fisher_samples': 200, 'si_lambda': 1.0, 'si_xi': 0.1, 'der_alpha': 0.5, 'xder_beta': 0.5, 'lwf_lambda': 1.0, 'lwf_temp': 2.0, 'icarl_distill_w': 1.0, 'icarl_temp': 2.0, 'use_nmc': True, 'agem_mem_batch': 64, 'distill_lambda': 1.0, 'distill_temp': 2.0, 'pc_distill_w': 1.0, 'pc_ewc_lambda': 100.0, 'pc_compress_epochs': 3, 'er_replay_ratio': 0.5, 'joint_replay_epochs': 1, 'disable_tqdm': True, 'disable_checkpoints': False, 'disable_plots': False, 'resume': True, 'cleanup_checkpoints_on_success': True, 'result_group': 'runs', 'ablation_family': None, 'seeds': [42, 123, 456, 789, 1024], 'results_root': 'F:\\Temp\\cf\\Catastrophic Forgetting\\research_v2\\results', 'seed': 123, 'run_name': 'split_cifar100_lwf_seed123', 'project_root': 'F:\\Temp\\cf\\Catastrophic Forgetting\\research_v2\\Project', 'workspace_root': 'F:\\Temp\\cf\\Catastrophic Forgetting\\research_v2', 'run_root': 'F:\\Temp\\cf\\Catastrophic Forgetting\\research_v2\\results\\runs\\epoch_1\\split_cifar100\\baselines\\lwf\\seed_123', 'log_dir': 'F:\\Temp\\cf\\Catastrophic Forgetting\\research_v2\\results\\runs\\epoch_1\\split_cifar100\\baselines\\lwf\\seed_123\\logs', 'metrics_dir': 'F:\\Temp\\cf\\Catastrophic Forgetting\\research_v2\\results\\runs\\epoch_1\\split_cifar100\\baselines\\lwf\\seed_123\\metrics', 'checkpoint_dir': 'F:\\Temp\\cf\\Catastrophic Forgetting\\research_v2\\results\\runs\\epoch_1\\split_cifar100\\baselines\\lwf\\seed_123\\checkpoints', 'artifact_dir': 'F:\\Temp\\cf\\Catastrophic Forgetting\\research_v2\\results\\runs\\epoch_1\\split_cifar100\\baselines\\lwf\\seed_123\\artifacts', 'figure_dir': 'F:\\Temp\\cf\\Catastrophic Forgetting\\research_v2\\results\\figures\\epoch_1\\split_cifar100\\baselines\\lwf\\seed_123'}
[03:43:20] Device: cuda
[03:43:21] Dataset: SplitCIFAR100(tasks=20, classes_per_task=5, scenario=class-il)
[03:43:22] 
============================================================
 Task 1/20  | Classes (0, 5)
============================================================
[03:43:22] Task 0 baseline (chance): 20.00%
[03:43:25] task=0  epoch=0  train_loss=1.452
[03:43:25] task=0  epoch=END  time_sec=3.4  acc_task0=46.4
[03:43:25] 
============================================================
 Task 2/20  | Classes (5, 10)
============================================================
[03:43:25] Task 1 baseline (chance): 10.00%
[03:43:25] Task 1 zero-shot (pre-train): 0.00%
[03:43:29] task=1  epoch=0  train_loss=1.9694
[03:43:30] task=1  epoch=END  time_sec=3.7  acc_task0=0.0  acc_task1=42.8
[03:43:30] 
============================================================
 Task 3/20  | Classes (10, 15)
============================================================
[03:43:30] Task 2 baseline (chance): 6.67%
[03:43:30] Task 2 zero-shot (pre-train): 0.00%
[03:43:33] task=2  epoch=0  train_loss=1.923
[03:43:34] task=2  epoch=END  time_sec=3.6  acc_task0=0.0  acc_task1=0.0  acc_task2=44.0
[03:43:34] 
============================================================
 Task 4/20  | Classes (15, 20)
============================================================
[03:43:34] Task 3 baseline (chance): 5.00%
[03:43:34] Task 3 zero-shot (pre-train): 0.00%
[03:43:38] task=3  epoch=0  train_loss=2.1485
[03:43:39] task=3  epoch=END  time_sec=3.6  acc_task0=0.0  acc_task1=0.0  acc_task2=0.0  acc_task3=54.4
[03:43:39] 
============================================================
 Task 5/20  | Classes (20, 25)
============================================================
[03:43:39] Task 4 baseline (chance): 4.00%
[03:43:39] Task 4 zero-shot (pre-train): 0.00%
[03:43:43] task=4  epoch=0  train_loss=2.7819
[03:43:44] task=4  epoch=END  time_sec=3.8  acc_task0=0.0  acc_task1=0.0  acc_task2=0.0  acc_task3=0.0  acc_task4=44.4
[03:43:44] 
============================================================
 Task 6/20  | Classes (25, 30)
============================================================
[03:43:44] Task 5 baseline (chance): 3.33%
[03:43:44] Task 5 zero-shot (pre-train): 0.00%
[03:43:48] task=5  epoch=0  train_loss=3.315
[03:43:49] task=5  epoch=END  time_sec=3.8  acc_task0=0.0  acc_task1=0.0  acc_task2=0.0  acc_task3=0.0  acc_task4=0.0  acc_task5=34.0
[03:43:49] 
============================================================
 Task 7/20  | Classes (30, 35)
============================================================
[03:43:49] Task 6 baseline (chance): 2.86%
[03:43:49] Task 6 zero-shot (pre-train): 0.00%
[03:43:53] task=6  epoch=0  train_loss=3.1637
[03:43:54] task=6  epoch=END  time_sec=3.6  acc_task0=0.0  acc_task1=0.0  acc_task2=0.0  acc_task3=0.0  acc_task4=0.0  acc_task5=0.0  acc_task6=44.8
[03:43:54] 
============================================================
 Task 8/20  | Classes (35, 40)
============================================================
[03:43:54] Task 7 baseline (chance): 2.50%
[03:43:54] Task 7 zero-shot (pre-train): 0.00%
[03:43:58] task=7  epoch=0  train_loss=3.4798
[03:43:59] task=7  epoch=END  time_sec=3.5  acc_task0=0.0  acc_task1=0.0  acc_task2=0.0  acc_task3=0.0  acc_task4=0.0  acc_task5=0.0  acc_task6=0.0  acc_task7=39.8
[03:43:59] 
============================================================
 Task 9/20  | Classes (40, 45)
============================================================
[03:43:59] Task 8 baseline (chance): 2.22%
[03:43:59] Task 8 zero-shot (pre-train): 0.00%
[03:44:03] task=8  epoch=0  train_loss=3.5514
[03:44:04] task=8  epoch=END  time_sec=3.5  acc_task0=0.0  acc_task1=0.0  acc_task2=0.0  acc_task3=0.0  acc_task4=0.0  acc_task5=0.0  acc_task6=0.0  acc_task7=0.0  acc_task8=36.6
[03:44:04] 
============================================================
 Task 10/20  | Classes (45, 50)
============================================================
[03:44:04] Task 9 baseline (chance): 2.00%
[03:44:04] Task 9 zero-shot (pre-train): 0.00%
[03:44:08] task=9  epoch=0  train_loss=3.6714
[03:44:10] task=9  epoch=END  time_sec=3.6  acc_task0=0.0  acc_task1=0.0  acc_task2=0.0  acc_task3=0.0  acc_task4=0.0  acc_task5=0.0  acc_task6=0.0  acc_task7=0.0  acc_task8=0.0  acc_task9=38.4
[03:44:10] 
============================================================
 Task 11/20  | Classes (50, 55)
============================================================
[03:44:10] Task 10 baseline (chance): 1.82%
[03:44:10] Task 10 zero-shot (pre-train): 0.00%
[03:44:13] task=10  epoch=0  train_loss=3.7798
[03:44:15] task=10  epoch=END  time_sec=3.6  acc_task0=0.0  acc_task1=0.0  acc_task2=0.0  acc_task3=0.0  acc_task4=0.0  acc_task5=0.0  acc_task6=0.0  acc_task7=0.0  acc_task8=0.0  acc_task9=0.0  acc_task10=41.2
[03:44:15] 
============================================================
 Task 12/20  | Classes (55, 60)
============================================================
[03:44:15] Task 11 baseline (chance): 1.67%
[03:44:16] Task 11 zero-shot (pre-train): 0.00%
[03:44:19] task=11  epoch=0  train_loss=4.0489
[03:44:22] task=11  epoch=END  time_sec=3.8  acc_task0=0.0  acc_task1=0.0  acc_task2=0.0  acc_task3=0.0  acc_task4=0.0  acc_task5=0.0  acc_task6=0.0  acc_task7=0.0  acc_task8=0.0  acc_task9=0.0  acc_task10=0.0  acc_task11=38.6
[03:44:22] 
============================================================
 Task 13/20  | Classes (60, 65)
============================================================
[03:44:22] Task 12 baseline (chance): 1.54%
[03:44:22] Task 12 zero-shot (pre-train): 0.00%
[03:44:26] task=12  epoch=0  train_loss=3.8728
[03:44:28] task=12  epoch=END  time_sec=4.0  acc_task0=0.0  acc_task1=0.0  acc_task2=0.0  acc_task3=0.0  acc_task4=0.0  acc_task5=0.0  acc_task6=0.0  acc_task7=0.0  acc_task8=0.0  acc_task9=0.0  acc_task10=0.0  acc_task11=0.0  acc_task12=55.6
[03:44:28] 
============================================================
 Task 14/20  | Classes (65, 70)
============================================================
[03:44:28] Task 13 baseline (chance): 1.43%
[03:44:29] Task 13 zero-shot (pre-train): 0.00%
[03:44:33] task=13  epoch=0  train_loss=4.4128
[03:44:36] task=13  epoch=END  time_sec=3.9  acc_task0=0.0  acc_task1=0.0  acc_task2=0.0  acc_task3=0.0  acc_task4=0.0  acc_task5=0.0  acc_task6=0.0  acc_task7=0.0  acc_task8=0.0  acc_task9=0.0  acc_task10=0.0  acc_task11=0.0  acc_task12=0.0  acc_task13=43.2
[03:44:36] 
============================================================
 Task 15/20  | Classes (70, 75)
============================================================
[03:44:36] Task 14 baseline (chance): 1.33%
[03:44:36] Task 14 zero-shot (pre-train): 0.00%
[03:44:40] task=14  epoch=0  train_loss=4.1729
[03:44:43] task=14  epoch=END  time_sec=4.2  acc_task0=0.0  acc_task1=0.0  acc_task2=0.0  acc_task3=0.0  acc_task4=0.0  acc_task5=0.0  acc_task6=0.0  acc_task7=0.0  acc_task8=0.0  acc_task9=0.0  acc_task10=0.0  acc_task11=0.0  acc_task12=0.0  acc_task13=0.0  acc_task14=52.0
[03:44:43] 
============================================================
 Task 16/20  | Classes (75, 80)
============================================================
[03:44:43] Task 15 baseline (chance): 1.25%
[03:44:43] Task 15 zero-shot (pre-train): 0.00%
[03:44:48] task=15  epoch=0  train_loss=4.1327
[03:44:51] task=15  epoch=END  time_sec=4.5  acc_task0=0.0  acc_task1=0.0  acc_task2=0.0  acc_task3=0.0  acc_task4=0.0  acc_task5=0.0  acc_task6=0.0  acc_task7=0.0  acc_task8=0.0  acc_task9=0.0  acc_task10=0.0  acc_task11=0.0  acc_task12=0.0  acc_task13=0.0  acc_task14=0.0  acc_task15=39.4
[03:44:51] 
============================================================
 Task 17/20  | Classes (80, 85)
============================================================
[03:44:51] Task 16 baseline (chance): 1.18%
[03:44:52] Task 16 zero-shot (pre-train): 0.00%
[03:44:56] task=16  epoch=0  train_loss=4.1689
[03:44:59] task=16  epoch=END  time_sec=4.1  acc_task0=0.0  acc_task1=0.0  acc_task2=0.0  acc_task3=0.0  acc_task4=0.0  acc_task5=0.0  acc_task6=0.0  acc_task7=0.0  acc_task8=0.0  acc_task9=0.0  acc_task10=0.0  acc_task11=0.0  acc_task12=0.0  acc_task13=0.0  acc_task14=0.0  acc_task15=0.0  acc_task16=42.6
[03:44:59] 
============================================================
 Task 18/20  | Classes (85, 90)
============================================================
[03:44:59] Task 17 baseline (chance): 1.11%
[03:44:59] Task 17 zero-shot (pre-train): 0.00%
[03:45:02] task=17  epoch=0  train_loss=4.3696
[03:45:06] task=17  epoch=END  time_sec=3.6  acc_task0=0.0  acc_task1=0.0  acc_task2=0.0  acc_task3=0.0  acc_task4=0.0  acc_task5=0.0  acc_task6=0.0  acc_task7=0.0  acc_task8=0.0  acc_task9=0.0  acc_task10=0.0  acc_task11=0.0  acc_task12=0.0  acc_task13=0.0  acc_task14=0.0  acc_task15=0.0  acc_task16=3.2  acc_task17=42.6
[03:45:06] 
============================================================
 Task 19/20  | Classes (90, 95)
============================================================
[03:45:06] Task 18 baseline (chance): 1.05%
[03:45:06] Task 18 zero-shot (pre-train): 0.00%
[03:45:11] task=18  epoch=0  train_loss=4.2798
[03:45:15] task=18  epoch=END  time_sec=4.6  acc_task0=0.0  acc_task1=0.0  acc_task2=0.0  acc_task3=0.0  acc_task4=0.0  acc_task5=0.0  acc_task6=0.0  acc_task7=0.0  acc_task8=0.0  acc_task9=0.0  acc_task10=0.0  acc_task11=0.0  acc_task12=0.0  acc_task13=0.0  acc_task14=0.0  acc_task15=0.0  acc_task16=0.0  acc_task17=0.0  acc_task18=40.8
[03:45:15] 
============================================================
 Task 20/20  | Classes (95, 100)
============================================================
[03:45:15] Task 19 baseline (chance): 1.00%
[03:45:15] Task 19 zero-shot (pre-train): 0.00%
[03:45:19] task=19  epoch=0  train_loss=4.3372
[03:45:23] task=19  epoch=END  time_sec=4.1  acc_task0=0.0  acc_task1=0.0  acc_task2=0.0  acc_task3=0.0  acc_task4=0.0  acc_task5=0.0  acc_task6=0.0  acc_task7=0.0  acc_task8=0.0  acc_task9=0.0  acc_task10=0.0  acc_task11=0.0  acc_task12=0.0  acc_task13=0.0  acc_task14=0.0  acc_task15=0.0  acc_task16=0.0  acc_task17=0.0  acc_task18=0.0  acc_task19=47.8
[03:45:23] 
Final Metrics:
  avg_accuracy         +2.3900
  forgetting           +43.2421
  backward_transfer    -43.2421
  forward_transfer     -2.7345
[03:45:25] 
Done - run: split_cifar100_lwf_seed123
[03:45:25] Metrics: {'avg_accuracy': 2.39, 'forgetting': 43.2421, 'backward_transfer': -43.2421, 'forward_transfer': -2.7345}
[03:45:25] Deleted 20 checkpoint(s) after successful completion.
