[18:47:22] Starting: split_cifar100_agem_seed456
[18:47:22] Config: {'dataset': 'split_cifar100', 'data_root': 'Project/data_local', 'model': 'slim_resnet18', 'pretrained': False, 'method': 'agem', 'n_epochs': 1, 'batch_size': 32, 'num_workers': 0, 'lr': 0.03, 'momentum': 0.9, 'weight_decay': 0.0001, 'fp16': True, 'buffer_size': 200, 'ewc_lambda': 100.0, 'fisher_samples': 200, 'si_lambda': 1.0, 'si_xi': 0.1, 'der_alpha': 0.5, 'xder_beta': 0.5, 'lwf_lambda': 1.0, 'lwf_temp': 2.0, 'icarl_distill_w': 1.0, 'icarl_temp': 2.0, 'use_nmc': True, 'agem_mem_batch': 64, 'distill_lambda': 1.0, 'distill_temp': 2.0, 'pc_distill_w': 1.0, 'pc_ewc_lambda': 100.0, 'pc_compress_epochs': 3, 'er_replay_ratio': 0.5, 'joint_replay_epochs': 1, 'disable_tqdm': True, 'disable_checkpoints': True, 'disable_plots': False, 'seeds': [42, 123, 456, 789, 1024], 'results_root': 'results_fwt', 'checkpoint_dir': 'results/checkpoints', 'figure_dir': 'results_fwt\\figures', 'log_dir': 'results_fwt\\raw', 'run_name': 'split_cifar100_agem_seed456', 'seed': 456}
[18:47:22] Device: cuda
[18:47:23] Dataset: SplitCIFAR100(tasks=20, classes_per_task=5, scenario=class-il)
[18:47:23] 
============================================================
 Task 1/20  | Classes (0, 5)
============================================================
[18:47:23] Task 0 baseline (chance): 20.00%
[18:47:26] task=0  epoch=0  train_loss=1.3617
[18:47:26] task=0  epoch=END  time_sec=3.0  acc_task0=52.2
[18:47:26] 
============================================================
 Task 2/20  | Classes (5, 10)
============================================================
[18:47:26] Task 1 baseline (chance): 10.00%
[18:47:26] Task 1 zero-shot (pre-train): 0.40%
[18:47:31] task=1  epoch=0  train_loss=11.9051
[18:47:31] task=1  epoch=END  time_sec=4.3  acc_task0=57.0  acc_task1=0.0
[18:47:31] 
============================================================
 Task 3/20  | Classes (10, 15)
============================================================
[18:47:31] Task 2 baseline (chance): 6.67%
[18:47:31] Task 2 zero-shot (pre-train): 0.00%
[18:47:35] task=2  epoch=0  train_loss=9.2258
[18:47:36] task=2  epoch=END  time_sec=4.2  acc_task0=47.6  acc_task1=18.0  acc_task2=0.0
[18:47:36] 
============================================================
 Task 4/20  | Classes (15, 20)
============================================================
[18:47:36] Task 3 baseline (chance): 5.00%
[18:47:36] Task 3 zero-shot (pre-train): 0.00%
[18:47:40] task=3  epoch=0  train_loss=8.9794
[18:47:41] task=3  epoch=END  time_sec=4.1  acc_task0=37.4  acc_task1=9.2  acc_task2=6.6  acc_task3=0.0
[18:47:41] 
============================================================
 Task 5/20  | Classes (20, 25)
============================================================
[18:47:41] Task 4 baseline (chance): 4.00%
[18:47:41] Task 4 zero-shot (pre-train): 0.00%
[18:47:45] task=4  epoch=0  train_loss=8.5779
[18:47:46] task=4  epoch=END  time_sec=4.4  acc_task0=41.8  acc_task1=8.4  acc_task2=5.4  acc_task3=13.0  acc_task4=0.0
[18:47:46] 
============================================================
 Task 6/20  | Classes (25, 30)
============================================================
[18:47:46] Task 5 baseline (chance): 3.33%
[18:47:46] Task 5 zero-shot (pre-train): 0.00%
[18:47:51] task=5  epoch=0  train_loss=8.8135
[18:47:52] task=5  epoch=END  time_sec=4.2  acc_task0=38.8  acc_task1=6.2  acc_task2=3.0  acc_task3=8.6  acc_task4=15.2  acc_task5=0.0
[18:47:52] 
============================================================
 Task 7/20  | Classes (30, 35)
============================================================
[18:47:52] Task 6 baseline (chance): 2.86%
[18:47:52] Task 6 zero-shot (pre-train): 0.00%
[18:47:57] task=6  epoch=0  train_loss=8.9912
[18:47:58] task=6  epoch=END  time_sec=5.1  acc_task0=37.8  acc_task1=5.2  acc_task2=2.6  acc_task3=6.6  acc_task4=7.8  acc_task5=10.2  acc_task6=0.0
[18:47:58] 
============================================================
 Task 8/20  | Classes (35, 40)
============================================================
[18:47:58] Task 7 baseline (chance): 2.50%
[18:47:58] Task 7 zero-shot (pre-train): 0.00%
[18:48:02] task=7  epoch=0  train_loss=9.274
[18:48:03] task=7  epoch=END  time_sec=4.2  acc_task0=33.2  acc_task1=6.6  acc_task2=2.2  acc_task3=3.4  acc_task4=8.2  acc_task5=7.0  acc_task6=9.2  acc_task7=0.0
[18:48:03] 
============================================================
 Task 9/20  | Classes (40, 45)
============================================================
[18:48:03] Task 8 baseline (chance): 2.22%
[18:48:04] Task 8 zero-shot (pre-train): 0.00%
[18:48:08] task=8  epoch=0  train_loss=9.0416
[18:48:09] task=8  epoch=END  time_sec=4.3  acc_task0=37.2  acc_task1=5.0  acc_task2=4.6  acc_task3=3.6  acc_task4=10.0  acc_task5=5.6  acc_task6=4.4  acc_task7=9.0  acc_task8=0.0
[18:48:09] 
============================================================
 Task 10/20  | Classes (45, 50)
============================================================
[18:48:09] Task 9 baseline (chance): 2.00%
[18:48:09] Task 9 zero-shot (pre-train): 0.00%
[18:48:14] task=9  epoch=0  train_loss=8.9638
[18:48:15] task=9  epoch=END  time_sec=4.3  acc_task0=33.2  acc_task1=4.8  acc_task2=1.6  acc_task3=1.8  acc_task4=9.8  acc_task5=2.8  acc_task6=4.6  acc_task7=6.4  acc_task8=12.2  acc_task9=0.0
[18:48:15] 
============================================================
 Task 11/20  | Classes (50, 55)
============================================================
[18:48:15] Task 10 baseline (chance): 1.82%
[18:48:15] Task 10 zero-shot (pre-train): 0.00%
[18:48:19] task=10  epoch=0  train_loss=9.0149
[18:48:21] task=10  epoch=END  time_sec=4.2  acc_task0=32.2  acc_task1=5.6  acc_task2=1.6  acc_task3=3.2  acc_task4=7.8  acc_task5=4.0  acc_task6=3.0  acc_task7=4.6  acc_task8=7.4  acc_task9=8.4  acc_task10=0.0
[18:48:21] 
============================================================
 Task 12/20  | Classes (55, 60)
============================================================
[18:48:21] Task 11 baseline (chance): 1.67%
[18:48:21] Task 11 zero-shot (pre-train): 0.00%
[18:48:25] task=11  epoch=0  train_loss=8.7227
[18:48:27] task=11  epoch=END  time_sec=4.2  acc_task0=29.6  acc_task1=4.2  acc_task2=0.8  acc_task3=1.8  acc_task4=11.0  acc_task5=2.6  acc_task6=2.2  acc_task7=2.4  acc_task8=6.2  acc_task9=4.2  acc_task10=9.8  acc_task11=0.0
[18:48:27] 
============================================================
 Task 13/20  | Classes (60, 65)
============================================================
[18:48:27] Task 12 baseline (chance): 1.54%
[18:48:27] Task 12 zero-shot (pre-train): 0.00%
[18:48:32] task=12  epoch=0  train_loss=9.1012
[18:48:34] task=12  epoch=END  time_sec=4.3  acc_task0=28.6  acc_task1=4.6  acc_task2=1.4  acc_task3=2.6  acc_task4=7.0  acc_task5=3.2  acc_task6=3.6  acc_task7=2.8  acc_task8=7.4  acc_task9=1.6  acc_task10=3.0  acc_task11=6.6  acc_task12=0.0
[18:48:34] 
============================================================
 Task 14/20  | Classes (65, 70)
============================================================
[18:48:34] Task 13 baseline (chance): 1.43%
[18:48:34] Task 13 zero-shot (pre-train): 0.00%
[18:48:38] task=13  epoch=0  train_loss=8.9519
[18:48:40] task=13  epoch=END  time_sec=4.2  acc_task0=32.8  acc_task1=3.6  acc_task2=1.4  acc_task3=2.4  acc_task4=3.4  acc_task5=2.0  acc_task6=3.2  acc_task7=1.6  acc_task8=2.8  acc_task9=1.0  acc_task10=0.4  acc_task11=3.8  acc_task12=20.0  acc_task13=0.0
[18:48:40] 
============================================================
 Task 15/20  | Classes (70, 75)
============================================================
[18:48:40] Task 14 baseline (chance): 1.33%
[18:48:40] Task 14 zero-shot (pre-train): 0.00%
[18:48:45] task=14  epoch=0  train_loss=8.7909
[18:48:47] task=14  epoch=END  time_sec=4.2  acc_task0=30.6  acc_task1=4.2  acc_task2=2.2  acc_task3=3.6  acc_task4=4.4  acc_task5=3.0  acc_task6=2.0  acc_task7=2.2  acc_task8=4.2  acc_task9=2.2  acc_task10=0.6  acc_task11=1.0  acc_task12=12.8  acc_task13=5.4  acc_task14=0.0
[18:48:47] 
============================================================
 Task 16/20  | Classes (75, 80)
============================================================
[18:48:47] Task 15 baseline (chance): 1.25%
[18:48:47] Task 15 zero-shot (pre-train): 0.00%
[18:48:51] task=15  epoch=0  train_loss=8.4934
[18:48:54] task=15  epoch=END  time_sec=4.2  acc_task0=28.8  acc_task1=5.0  acc_task2=2.4  acc_task3=2.2  acc_task4=5.0  acc_task5=2.4  acc_task6=1.4  acc_task7=1.6  acc_task8=5.4  acc_task9=1.0  acc_task10=0.4  acc_task11=1.0  acc_task12=22.4  acc_task13=3.4  acc_task14=10.8  acc_task15=0.0
[18:48:54] 
============================================================
 Task 17/20  | Classes (80, 85)
============================================================
[18:48:54] Task 16 baseline (chance): 1.18%
[18:48:54] Task 16 zero-shot (pre-train): 0.00%
[18:48:58] task=16  epoch=0  train_loss=8.5308
[18:49:01] task=16  epoch=END  time_sec=4.2  acc_task0=29.0  acc_task1=6.8  acc_task2=1.8  acc_task3=4.0  acc_task4=7.4  acc_task5=2.4  acc_task6=1.0  acc_task7=0.6  acc_task8=3.4  acc_task9=1.4  acc_task10=0.0  acc_task11=0.8  acc_task12=14.2  acc_task13=3.2  acc_task14=7.8  acc_task15=3.4  acc_task16=0.0
[18:49:01] 
============================================================
 Task 18/20  | Classes (85, 90)
============================================================
[18:49:01] Task 17 baseline (chance): 1.11%
[18:49:01] Task 17 zero-shot (pre-train): 0.00%
[18:49:05] task=17  epoch=0  train_loss=8.7496
[18:49:08] task=17  epoch=END  time_sec=4.3  acc_task0=27.8  acc_task1=3.8  acc_task2=1.6  acc_task3=0.8  acc_task4=6.4  acc_task5=1.8  acc_task6=1.4  acc_task7=0.4  acc_task8=3.2  acc_task9=1.0  acc_task10=0.2  acc_task11=1.0  acc_task12=15.2  acc_task13=2.6  acc_task14=8.6  acc_task15=1.8  acc_task16=3.4  acc_task17=0.0
[18:49:08] 
============================================================
 Task 19/20  | Classes (90, 95)
============================================================
[18:49:08] Task 18 baseline (chance): 1.05%
[18:49:08] Task 18 zero-shot (pre-train): 0.00%
[18:49:12] task=18  epoch=0  train_loss=8.4546
[18:49:15] task=18  epoch=END  time_sec=4.2  acc_task0=31.0  acc_task1=5.0  acc_task2=1.0  acc_task3=1.0  acc_task4=5.0  acc_task5=1.8  acc_task6=1.2  acc_task7=0.2  acc_task8=3.8  acc_task9=2.0  acc_task10=0.2  acc_task11=0.6  acc_task12=13.6  acc_task13=3.2  acc_task14=5.8  acc_task15=1.6  acc_task16=3.2  acc_task17=3.0  acc_task18=0.0
[18:49:15] 
============================================================
 Task 20/20  | Classes (95, 100)
============================================================
[18:49:15] Task 19 baseline (chance): 1.00%
[18:49:15] Task 19 zero-shot (pre-train): 0.00%
[18:49:19] task=19  epoch=0  train_loss=8.8419
[18:49:22] task=19  epoch=END  time_sec=4.2  acc_task0=26.8  acc_task1=6.4  acc_task2=1.6  acc_task3=1.0  acc_task4=5.8  acc_task5=1.2  acc_task6=1.8  acc_task7=0.2  acc_task8=3.8  acc_task9=1.4  acc_task10=0.4  acc_task11=0.6  acc_task12=14.6  acc_task13=1.8  acc_task14=5.8  acc_task15=0.8  acc_task16=3.2  acc_task17=1.6  acc_task18=5.0  acc_task19=0.0
[18:49:22] 
Final Metrics:
  avg_accuracy         +4.1900
  forgetting           +7.6211
  backward_transfer    +1.6632
  forward_transfer     -2.7134
[18:49:23] 
Done - run: split_cifar100_agem_seed456
[18:49:23] Metrics: {'avg_accuracy': 4.19, 'forgetting': 7.6211, 'backward_transfer': 1.6632, 'forward_transfer': -2.7134}
