[18:51:28] Starting: split_cifar100_agem_seed1024
[18:51:28] Config: {'dataset': 'split_cifar100', 'data_root': 'Project/data_local', 'model': 'slim_resnet18', 'pretrained': False, 'method': 'agem', 'n_epochs': 1, 'batch_size': 32, 'num_workers': 0, 'lr': 0.03, 'momentum': 0.9, 'weight_decay': 0.0001, 'fp16': True, 'buffer_size': 200, 'ewc_lambda': 100.0, 'fisher_samples': 200, 'si_lambda': 1.0, 'si_xi': 0.1, 'der_alpha': 0.5, 'xder_beta': 0.5, 'lwf_lambda': 1.0, 'lwf_temp': 2.0, 'icarl_distill_w': 1.0, 'icarl_temp': 2.0, 'use_nmc': True, 'agem_mem_batch': 64, 'distill_lambda': 1.0, 'distill_temp': 2.0, 'pc_distill_w': 1.0, 'pc_ewc_lambda': 100.0, 'pc_compress_epochs': 3, 'er_replay_ratio': 0.5, 'joint_replay_epochs': 1, 'disable_tqdm': True, 'disable_checkpoints': True, 'disable_plots': False, 'seeds': [42, 123, 456, 789, 1024], 'results_root': 'results_fwt', 'checkpoint_dir': 'results/checkpoints', 'figure_dir': 'results_fwt\\figures', 'log_dir': 'results_fwt\\raw', 'run_name': 'split_cifar100_agem_seed1024', 'seed': 1024}
[18:51:28] Device: cuda
[18:51:30] Dataset: SplitCIFAR100(tasks=20, classes_per_task=5, scenario=class-il)
[18:51:30] 
============================================================
 Task 1/20  | Classes (0, 5)
============================================================
[18:51:30] Task 0 baseline (chance): 20.00%
[18:51:33] task=0  epoch=0  train_loss=1.5069
[18:51:33] task=0  epoch=END  time_sec=3.1  acc_task0=53.6
[18:51:33] 
============================================================
 Task 2/20  | Classes (5, 10)
============================================================
[18:51:33] Task 1 baseline (chance): 10.00%
[18:51:33] Task 1 zero-shot (pre-train): 0.00%
[18:51:38] task=1  epoch=0  train_loss=9.9812
[18:51:38] task=1  epoch=END  time_sec=4.3  acc_task0=58.6  acc_task1=0.0
[18:51:38] 
============================================================
 Task 3/20  | Classes (10, 15)
============================================================
[18:51:38] Task 2 baseline (chance): 6.67%
[18:51:38] Task 2 zero-shot (pre-train): 0.00%
[18:51:43] task=2  epoch=0  train_loss=9.4262
[18:51:43] task=2  epoch=END  time_sec=4.4  acc_task0=44.8  acc_task1=18.0  acc_task2=0.0
[18:51:43] 
============================================================
 Task 4/20  | Classes (15, 20)
============================================================
[18:51:43] Task 3 baseline (chance): 5.00%
[18:51:43] Task 3 zero-shot (pre-train): 0.00%
[18:51:48] task=3  epoch=0  train_loss=9.1859
[18:51:48] task=3  epoch=END  time_sec=4.4  acc_task0=39.0  acc_task1=12.4  acc_task2=8.0  acc_task3=0.0
[18:51:48] 
============================================================
 Task 5/20  | Classes (20, 25)
============================================================
[18:51:48] Task 4 baseline (chance): 4.00%
[18:51:49] Task 4 zero-shot (pre-train): 0.00%
[18:51:53] task=4  epoch=0  train_loss=8.6287
[18:51:54] task=4  epoch=END  time_sec=4.4  acc_task0=41.6  acc_task1=6.4  acc_task2=4.6  acc_task3=20.8  acc_task4=0.0
[18:51:54] 
============================================================
 Task 6/20  | Classes (25, 30)
============================================================
[18:51:54] Task 5 baseline (chance): 3.33%
[18:51:54] Task 5 zero-shot (pre-train): 0.00%
[18:51:58] task=5  epoch=0  train_loss=8.6953
[18:51:59] task=5  epoch=END  time_sec=4.4  acc_task0=37.2  acc_task1=6.2  acc_task2=4.4  acc_task3=16.4  acc_task4=16.0  acc_task5=0.0
[18:51:59] 
============================================================
 Task 7/20  | Classes (30, 35)
============================================================
[18:51:59] Task 6 baseline (chance): 2.86%
[18:51:59] Task 6 zero-shot (pre-train): 0.00%
[18:52:04] task=6  epoch=0  train_loss=8.728
[18:52:05] task=6  epoch=END  time_sec=4.5  acc_task0=37.6  acc_task1=4.2  acc_task2=2.0  acc_task3=13.0  acc_task4=7.0  acc_task5=6.4  acc_task6=0.0
[18:52:05] 
============================================================
 Task 8/20  | Classes (35, 40)
============================================================
[18:52:05] Task 7 baseline (chance): 2.50%
[18:52:05] Task 7 zero-shot (pre-train): 0.00%
[18:52:10] task=7  epoch=0  train_loss=8.3626
[18:52:11] task=7  epoch=END  time_sec=4.4  acc_task0=35.6  acc_task1=7.0  acc_task2=2.6  acc_task3=11.8  acc_task4=10.4  acc_task5=6.0  acc_task6=11.0  acc_task7=0.0
[18:52:11] 
============================================================
 Task 9/20  | Classes (40, 45)
============================================================
[18:52:11] Task 8 baseline (chance): 2.22%
[18:52:11] Task 8 zero-shot (pre-train): 0.00%
[18:52:15] task=8  epoch=0  train_loss=8.3619
[18:52:17] task=8  epoch=END  time_sec=4.4  acc_task0=36.8  acc_task1=4.8  acc_task2=2.6  acc_task3=12.6  acc_task4=9.0  acc_task5=3.0  acc_task6=10.4  acc_task7=7.6  acc_task8=0.0
[18:52:17] 
============================================================
 Task 10/20  | Classes (45, 50)
============================================================
[18:52:17] Task 9 baseline (chance): 2.00%
[18:52:17] Task 9 zero-shot (pre-train): 0.00%
[18:52:21] task=9  epoch=0  train_loss=8.2945
[18:52:23] task=9  epoch=END  time_sec=4.4  acc_task0=33.6  acc_task1=5.0  acc_task2=1.6  acc_task3=11.4  acc_task4=7.4  acc_task5=1.8  acc_task6=8.8  acc_task7=2.6  acc_task8=9.2  acc_task9=0.0
[18:52:23] 
============================================================
 Task 11/20  | Classes (50, 55)
============================================================
[18:52:23] Task 10 baseline (chance): 1.82%
[18:52:23] Task 10 zero-shot (pre-train): 0.00%
[18:52:28] task=10  epoch=0  train_loss=8.5918
[18:52:29] task=10  epoch=END  time_sec=4.4  acc_task0=29.0  acc_task1=5.6  acc_task2=1.0  acc_task3=12.2  acc_task4=9.0  acc_task5=4.6  acc_task6=7.4  acc_task7=1.8  acc_task8=5.0  acc_task9=12.2  acc_task10=0.0
[18:52:29] 
============================================================
 Task 12/20  | Classes (55, 60)
============================================================
[18:52:29] Task 11 baseline (chance): 1.67%
[18:52:30] Task 11 zero-shot (pre-train): 0.00%
[18:52:34] task=11  epoch=0  train_loss=8.3745
[18:52:36] task=11  epoch=END  time_sec=4.4  acc_task0=35.2  acc_task1=3.0  acc_task2=1.0  acc_task3=8.6  acc_task4=6.8  acc_task5=2.0  acc_task6=6.8  acc_task7=2.2  acc_task8=4.6  acc_task9=6.4  acc_task10=12.2  acc_task11=0.0
[18:52:36] 
============================================================
 Task 13/20  | Classes (60, 65)
============================================================
[18:52:36] Task 12 baseline (chance): 1.54%
[18:52:36] Task 12 zero-shot (pre-train): 0.00%
[18:52:40] task=12  epoch=0  train_loss=8.8169
[18:52:42] task=12  epoch=END  time_sec=4.4  acc_task0=32.6  acc_task1=3.2  acc_task2=0.8  acc_task3=9.8  acc_task4=4.6  acc_task5=1.8  acc_task6=5.0  acc_task7=2.0  acc_task8=4.4  acc_task9=4.0  acc_task10=14.2  acc_task11=2.2  acc_task12=0.0
[18:52:42] 
============================================================
 Task 14/20  | Classes (65, 70)
============================================================
[18:52:42] Task 13 baseline (chance): 1.43%
[18:52:43] Task 13 zero-shot (pre-train): 0.00%
[18:52:47] task=13  epoch=0  train_loss=8.6974
[18:52:49] task=13  epoch=END  time_sec=4.5  acc_task0=35.0  acc_task1=3.2  acc_task2=0.6  acc_task3=9.8  acc_task4=5.6  acc_task5=1.2  acc_task6=5.4  acc_task7=2.8  acc_task8=1.8  acc_task9=3.8  acc_task10=11.6  acc_task11=2.8  acc_task12=2.0  acc_task13=0.0
[18:52:49] 
============================================================
 Task 15/20  | Classes (70, 75)
============================================================
[18:52:49] Task 14 baseline (chance): 1.33%
[18:52:49] Task 14 zero-shot (pre-train): 0.00%
[18:52:54] task=14  epoch=0  train_loss=8.5113
[18:52:57] task=14  epoch=END  time_sec=4.5  acc_task0=30.0  acc_task1=3.4  acc_task2=0.8  acc_task3=11.6  acc_task4=1.8  acc_task5=2.0  acc_task6=3.0  acc_task7=2.2  acc_task8=3.0  acc_task9=4.8  acc_task10=12.4  acc_task11=1.2  acc_task12=1.2  acc_task13=2.2  acc_task14=0.0
[18:52:57] 
============================================================
 Task 16/20  | Classes (75, 80)
============================================================
[18:52:57] Task 15 baseline (chance): 1.25%
[18:52:57] Task 15 zero-shot (pre-train): 0.00%
[18:53:01] task=15  epoch=0  train_loss=8.3497
[18:53:04] task=15  epoch=END  time_sec=4.5  acc_task0=32.4  acc_task1=3.0  acc_task2=0.8  acc_task3=9.0  acc_task4=2.2  acc_task5=1.8  acc_task6=5.4  acc_task7=2.6  acc_task8=2.0  acc_task9=3.4  acc_task10=10.6  acc_task11=1.0  acc_task12=1.4  acc_task13=2.2  acc_task14=3.6  acc_task15=0.0
[18:53:04] 
============================================================
 Task 17/20  | Classes (80, 85)
============================================================
[18:53:04] Task 16 baseline (chance): 1.18%
[18:53:04] Task 16 zero-shot (pre-train): 0.00%
[18:53:08] task=16  epoch=0  train_loss=8.7298
[18:53:11] task=16  epoch=END  time_sec=4.5  acc_task0=30.0  acc_task1=4.4  acc_task2=0.6  acc_task3=6.8  acc_task4=2.0  acc_task5=3.0  acc_task6=4.4  acc_task7=1.4  acc_task8=3.0  acc_task9=2.8  acc_task10=9.4  acc_task11=0.8  acc_task12=1.6  acc_task13=3.4  acc_task14=3.0  acc_task15=2.8  acc_task16=0.0
[18:53:11] 
============================================================
 Task 18/20  | Classes (85, 90)
============================================================
[18:53:11] Task 17 baseline (chance): 1.11%
[18:53:11] Task 17 zero-shot (pre-train): 0.00%
[18:53:16] task=17  epoch=0  train_loss=8.5515
[18:53:19] task=17  epoch=END  time_sec=4.5  acc_task0=34.0  acc_task1=3.4  acc_task2=0.6  acc_task3=10.0  acc_task4=1.6  acc_task5=2.0  acc_task6=4.6  acc_task7=0.8  acc_task8=1.8  acc_task9=1.4  acc_task10=9.2  acc_task11=0.6  acc_task12=1.6  acc_task13=2.6  acc_task14=2.4  acc_task15=2.0  acc_task16=5.0  acc_task17=0.0
[18:53:19] 
============================================================
 Task 19/20  | Classes (90, 95)
============================================================
[18:53:19] Task 18 baseline (chance): 1.05%
[18:53:19] Task 18 zero-shot (pre-train): 0.00%
[18:53:23] task=18  epoch=0  train_loss=8.6337
[18:53:27] task=18  epoch=END  time_sec=4.4  acc_task0=29.4  acc_task1=4.4  acc_task2=0.6  acc_task3=10.2  acc_task4=2.0  acc_task5=2.6  acc_task6=5.0  acc_task7=0.8  acc_task8=2.4  acc_task9=2.6  acc_task10=10.4  acc_task11=1.0  acc_task12=1.2  acc_task13=2.8  acc_task14=1.6  acc_task15=1.4  acc_task16=4.2  acc_task17=2.0  acc_task18=0.0
[18:53:27] 
============================================================
 Task 20/20  | Classes (95, 100)
============================================================
[18:53:27] Task 19 baseline (chance): 1.00%
[18:53:27] Task 19 zero-shot (pre-train): 0.00%
[18:53:31] task=19  epoch=0  train_loss=8.5796
[18:53:35] task=19  epoch=END  time_sec=4.7  acc_task0=29.8  acc_task1=5.4  acc_task2=0.4  acc_task3=12.4  acc_task4=1.6  acc_task5=2.0  acc_task6=4.2  acc_task7=2.8  acc_task8=1.0  acc_task9=3.2  acc_task10=7.6  acc_task11=0.8  acc_task12=1.2  acc_task13=2.6  acc_task14=1.8  acc_task15=1.2  acc_task16=3.0  acc_task17=0.4  acc_task18=2.2  acc_task19=0.0
[18:53:35] 
Final Metrics:
  avg_accuracy         +4.1800
  forgetting           +6.4316
  backward_transfer    +1.5789
  forward_transfer     -2.7345
[18:53:35] 
Done - run: split_cifar100_agem_seed1024
[18:53:35] Metrics: {'avg_accuracy': 4.18, 'forgetting': 6.4316, 'backward_transfer': 1.5789, 'forward_transfer': -2.7345}
