[05:00:05] Starting: split_cifar10_si_der_buf500_seed456
[05:00:05] Config: {'dataset': 'split_cifar10', 'data_root': 'F:\\Temp\\cf\\Catastrophic Forgetting\\research_v2\\Project\\data_local', 'dataset_image_size': None, 'dataset_out_channels': None, 'model': 'slim_resnet18', 'pretrained': False, 'model_image_size': None, 'method': 'si_der', 'n_epochs': 1, 'batch_size': 32, 'num_workers': 0, 'lr': 0.03, 'momentum': 0.9, 'weight_decay': 0.0001, 'fp16': False, 'buffer_size': 500, 'ewc_lambda': 100.0, 'fisher_samples': 200, 'si_lambda': 1.0, 'si_xi': 0.1, 'der_alpha': 0.5, 'xder_beta': 0.5, 'lwf_lambda': 1.0, 'lwf_temp': 2.0, 'icarl_distill_w': 1.0, 'icarl_temp': 2.0, 'use_nmc': True, 'agem_mem_batch': 64, 'distill_lambda': 1.0, 'distill_temp': 2.0, 'pc_distill_w': 1.0, 'pc_ewc_lambda': 100.0, 'pc_compress_epochs': 3, 'er_replay_ratio': 0.5, 'joint_replay_epochs': 1, 'disable_tqdm': True, 'disable_checkpoints': False, 'disable_plots': True, 'resume': False, 'cleanup_checkpoints_on_success': True, 'result_group': 'ablations', 'ablation_family': 'buffer', 'seeds': [42, 123, 456, 789, 1024], 'results_root': 'F:\\Temp\\cf\\Catastrophic Forgetting\\research_v2\\results', 'run_tag': 'buf500', 'seed': 456, 'run_name': 'split_cifar10_si_der_buf500_seed456', 'project_root': 'F:\\Temp\\cf\\Catastrophic Forgetting\\research_v2\\Project', 'workspace_root': 'F:\\Temp\\cf\\Catastrophic Forgetting\\research_v2', 'run_root': 'F:\\Temp\\cf\\Catastrophic Forgetting\\research_v2\\results\\ablations\\epoch_1\\split_cifar10\\buffer\\si_der__buf500\\seed_456', 'log_dir': 'F:\\Temp\\cf\\Catastrophic Forgetting\\research_v2\\results\\ablations\\epoch_1\\split_cifar10\\buffer\\si_der__buf500\\seed_456\\logs', 'metrics_dir': 'F:\\Temp\\cf\\Catastrophic Forgetting\\research_v2\\results\\ablations\\epoch_1\\split_cifar10\\buffer\\si_der__buf500\\seed_456\\metrics', 'checkpoint_dir': 'F:\\Temp\\cf\\Catastrophic Forgetting\\research_v2\\results\\ablations\\epoch_1\\split_cifar10\\buffer\\si_der__buf500\\seed_456\\checkpoints', 'artifact_dir': 'F:\\Temp\\cf\\Catastrophic Forgetting\\research_v2\\results\\ablations\\epoch_1\\split_cifar10\\buffer\\si_der__buf500\\seed_456\\artifacts', 'figure_dir': 'F:\\Temp\\cf\\Catastrophic Forgetting\\research_v2\\results\\figures\\ablations\\epoch_1\\split_cifar10\\buffer\\si_der__buf500\\seed_456'}
[05:00:05] Device: cuda
[05:00:07] Dataset: SplitCIFAR10(tasks=5, classes_per_task=2, scenario=class-il)
[05:00:07] 
============================================================
 Task 1/5  | Classes (0, 2)
============================================================
[05:00:07] Task 0 baseline (chance): 50.00%
[05:00:54] task=0  epoch=0  train_loss=0.8554
[05:00:55] task=0  epoch=END  time_sec=46.4  acc_task0=87.8
[05:00:55] 
============================================================
 Task 2/5  | Classes (2, 4)
============================================================
[05:00:55] Task 1 baseline (chance): 25.00%
[05:00:56] Task 1 zero-shot (pre-train): 14.00%
[05:01:42] task=1  epoch=0  train_loss=0.8458
[05:01:44] task=1  epoch=END  time_sec=46.1  acc_task0=0.0  acc_task1=73.25
[05:01:44] 
============================================================
 Task 3/5  | Classes (4, 6)
============================================================
[05:01:44] Task 2 baseline (chance): 16.67%
[05:01:45] Task 2 zero-shot (pre-train): 0.00%
[05:02:21] task=2  epoch=0  train_loss=1.0496
[05:02:24] task=2  epoch=END  time_sec=35.8  acc_task0=0.0  acc_task1=0.0  acc_task2=78.8
[05:02:25] 
============================================================
 Task 4/5  | Classes (6, 8)
============================================================
[05:02:25] Task 3 baseline (chance): 12.50%
[05:02:25] Task 3 zero-shot (pre-train): 0.00%
[05:03:08] task=3  epoch=0  train_loss=1.2919
[05:03:12] task=3  epoch=END  time_sec=42.3  acc_task0=0.0  acc_task1=0.0  acc_task2=0.0  acc_task3=82.9
[05:03:12] 
============================================================
 Task 5/5  | Classes (8, 10)
============================================================
[05:03:12] Task 4 baseline (chance): 10.00%
[05:03:13] Task 4 zero-shot (pre-train): 0.00%
[05:04:04] task=4  epoch=0  train_loss=1.5417
[05:04:09] task=4  epoch=END  time_sec=51.4  acc_task0=0.0  acc_task1=0.0  acc_task2=0.0  acc_task3=0.0  acc_task4=85.65
[05:04:10] 
Final Metrics:
  avg_accuracy         +17.1300
  forgetting           +80.6875
  backward_transfer    -80.6875
  forward_transfer     -12.5417
[05:04:10] 
Done - run: split_cifar10_si_der_buf500_seed456
[05:04:10] Metrics: {'avg_accuracy': 17.13, 'forgetting': 80.6875, 'backward_transfer': -80.6875, 'forward_transfer': -12.5417}
[05:04:10] Deleted 5 checkpoint(s) after successful completion.
