[08:12:41] Starting: permuted_mnist_icarl_seed1024
[08:12:41] Config: {'dataset': 'permuted_mnist', 'data_root': 'Project/data_local', 'model': 'resnet8', 'pretrained': False, 'method': 'icarl', 'n_epochs': 1, 'batch_size': 32, 'num_workers': 0, 'lr': 0.03, 'momentum': 0.9, 'weight_decay': 0.0001, 'fp16': False, 'buffer_size': 500, 'ewc_lambda': 100.0, 'fisher_samples': 200, 'si_lambda': 1.0, 'si_xi': 0.1, 'der_alpha': 0.5, 'xder_beta': 0.5, 'lwf_lambda': 1.0, 'lwf_temp': 2.0, 'icarl_distill_w': 1.0, 'icarl_temp': 2.0, 'use_nmc': True, 'agem_mem_batch': 64, 'distill_lambda': 1.0, 'distill_temp': 2.0, 'pc_distill_w': 1.0, 'pc_ewc_lambda': 100.0, 'pc_compress_epochs': 3, 'er_replay_ratio': 0.5, 'joint_replay_epochs': 1, 'disable_tqdm': True, 'disable_checkpoints': True, 'disable_plots': False, 'seeds': [42, 123, 456, 789, 1024], 'results_root': 'results_phase3_fwt', 'checkpoint_dir': 'results/checkpoints', 'figure_dir': 'results_phase3_fwt/figures', 'log_dir': 'results_phase3_fwt/raw', 'run_name': 'permuted_mnist_icarl_seed1024', 'seed': 1024}
[08:12:41] Device: cuda
[08:12:41] Dataset: PermutedMNIST(tasks=10, classes_per_task=10, scenario=domain-il)
[08:12:41] 
============================================================
 Task 1/10  | Classes (0, 10)
============================================================
[08:12:41] Task 0 baseline (chance): 10.00%
[08:13:08] task=0  epoch=0  train_loss=0.3189
[08:13:32] task=0  epoch=END  time_sec=27.0  acc_task0=94.36
[08:13:32] 
============================================================
 Task 2/10  | Classes (0, 10)
============================================================
[08:13:32] Task 1 baseline (chance): 10.00%
[08:13:36] Task 1 zero-shot (pre-train): 7.82%
[08:14:10] task=1  epoch=0  train_loss=1.3658
[08:14:37] task=1  epoch=END  time_sec=33.6  acc_task0=87.71  acc_task1=93.4
[08:14:37] 
============================================================
 Task 3/10  | Classes (0, 10)
============================================================
[08:14:37] Task 2 baseline (chance): 10.00%
[08:14:41] Task 2 zero-shot (pre-train): 12.46%
[08:15:15] task=2  epoch=0  train_loss=1.0998
[08:15:46] task=2  epoch=END  time_sec=33.6  acc_task0=88.38  acc_task1=78.0  acc_task2=94.65
[08:15:46] 
============================================================
 Task 4/10  | Classes (0, 10)
============================================================
[08:15:46] Task 3 baseline (chance): 10.00%
[08:15:50] Task 3 zero-shot (pre-train): 14.59%
[08:16:24] task=3  epoch=0  train_loss=1.0048
[08:16:59] task=3  epoch=END  time_sec=33.8  acc_task0=84.84  acc_task1=54.04  acc_task2=71.22  acc_task3=95.0
[08:16:59] 
============================================================
 Task 5/10  | Classes (0, 10)
============================================================
[08:16:59] Task 4 baseline (chance): 10.00%
[08:17:03] Task 4 zero-shot (pre-train): 13.65%
[08:17:37] task=4  epoch=0  train_loss=1.0066
[08:18:16] task=4  epoch=END  time_sec=33.9  acc_task0=77.73  acc_task1=42.21  acc_task2=54.68  acc_task3=80.87  acc_task4=94.75
[08:18:16] 
============================================================
 Task 6/10  | Classes (0, 10)
============================================================
[08:18:16] Task 5 baseline (chance): 10.00%
[08:18:20] Task 5 zero-shot (pre-train): 11.05%
[08:18:54] task=5  epoch=0  train_loss=1.0462
[08:19:37] task=5  epoch=END  time_sec=33.7  acc_task0=79.46  acc_task1=30.24  acc_task2=33.33  acc_task3=55.97  acc_task4=80.44  acc_task5=94.81
[08:19:37] 
============================================================
 Task 7/10  | Classes (0, 10)
============================================================
[08:19:37] Task 6 baseline (chance): 10.00%
[08:19:40] Task 6 zero-shot (pre-train): 15.64%
[08:20:14] task=6  epoch=0  train_loss=1.0539
[08:21:01] task=6  epoch=END  time_sec=34.0  acc_task0=79.38  acc_task1=27.72  acc_task2=29.45  acc_task3=43.82  acc_task4=52.99  acc_task5=78.34  acc_task6=94.52
[08:21:01] 
============================================================
 Task 8/10  | Classes (0, 10)
============================================================
[08:21:01] Task 7 baseline (chance): 10.00%
[08:21:05] Task 7 zero-shot (pre-train): 17.23%
[08:21:39] task=7  epoch=0  train_loss=1.0182
[08:22:30] task=7  epoch=END  time_sec=34.0  acc_task0=76.08  acc_task1=30.77  acc_task2=24.26  acc_task3=37.37  acc_task4=44.68  acc_task5=48.73  acc_task6=80.72  acc_task7=94.74
[08:22:30] 
============================================================
 Task 9/10  | Classes (0, 10)
============================================================
[08:22:30] Task 8 baseline (chance): 10.00%
[08:22:34] Task 8 zero-shot (pre-train): 16.54%
[08:23:08] task=8  epoch=0  train_loss=0.9946
[08:24:03] task=8  epoch=END  time_sec=33.8  acc_task0=70.61  acc_task1=27.01  acc_task2=22.4  acc_task3=32.54  acc_task4=32.13  acc_task5=41.62  acc_task6=57.12  acc_task7=81.3  acc_task8=94.59
[08:24:03] 
============================================================
 Task 10/10  | Classes (0, 10)
============================================================
[08:24:03] Task 9 baseline (chance): 10.00%
[08:24:07] Task 9 zero-shot (pre-train): 19.05%
[08:24:40] task=9  epoch=0  train_loss=0.9627
[08:25:39] task=9  epoch=END  time_sec=33.9  acc_task0=77.72  acc_task1=26.24  acc_task2=22.49  acc_task3=30.59  acc_task4=30.22  acc_task5=29.81  acc_task6=41.45  acc_task7=59.15  acc_task8=82.34  acc_task9=93.36
[08:25:39] 
Final Metrics:
  avg_accuracy         +49.3370
  forgetting           +50.0900
  backward_transfer    -50.0900
  forward_transfer     +4.2256
[08:25:40] 
Done - run: permuted_mnist_icarl_seed1024
[08:25:40] Metrics: {'avg_accuracy': 49.337, 'forgetting': 50.09, 'backward_transfer': -50.09, 'forward_transfer': 4.2256}
