[08:04:53] Starting: permuted_mnist_icarl_seed1024
[08:04:53] Config: {'dataset': 'permuted_mnist', 'data_root': 'Project/data_local', 'model': 'resnet8', 'pretrained': False, 'method': 'icarl', 'n_epochs': 1, 'batch_size': 32, 'num_workers': 0, 'lr': 0.03, 'momentum': 0.9, 'weight_decay': 0.0001, 'fp16': False, 'buffer_size': 500, 'ewc_lambda': 100.0, 'fisher_samples': 200, 'si_lambda': 1.0, 'si_xi': 0.1, 'der_alpha': 0.5, 'xder_beta': 0.5, 'lwf_lambda': 1.0, 'lwf_temp': 2.0, 'icarl_distill_w': 1.0, 'icarl_temp': 2.0, 'use_nmc': True, 'agem_mem_batch': 64, 'distill_lambda': 1.0, 'distill_temp': 2.0, 'pc_distill_w': 1.0, 'pc_ewc_lambda': 100.0, 'pc_compress_epochs': 3, 'er_replay_ratio': 0.5, 'joint_replay_epochs': 1, 'disable_tqdm': True, 'disable_checkpoints': True, 'disable_plots': False, 'seeds': [42, 123, 456, 789, 1024], 'results_root': 'results_phase3_fwt', 'checkpoint_dir': 'results/checkpoints', 'figure_dir': 'results_phase3_fwt/figures', 'log_dir': 'results_phase3_fwt/raw', 'run_name': 'permuted_mnist_icarl_seed1024', 'seed': 1024}
[08:04:53] Device: cuda
[08:04:53] Dataset: PermutedMNIST(tasks=10, classes_per_task=10, scenario=domain-il)
[08:04:53] 
============================================================
 Task 1/10  | Classes (0, 10)
============================================================
[08:04:53] Task 0 baseline (chance): 10.00%
[08:05:21] task=0  epoch=0  train_loss=0.3189
[08:05:45] task=0  epoch=END  time_sec=27.5  acc_task0=94.36
[08:05:45] 
============================================================
 Task 2/10  | Classes (0, 10)
============================================================
[08:05:45] Task 1 baseline (chance): 10.00%
[08:05:49] Task 1 zero-shot (pre-train): 7.82%
[08:06:24] task=1  epoch=0  train_loss=1.3658
[08:06:51] task=1  epoch=END  time_sec=34.4  acc_task0=87.71  acc_task1=93.4
[08:06:51] 
============================================================
 Task 3/10  | Classes (0, 10)
============================================================
[08:06:51] Task 2 baseline (chance): 10.00%
[08:06:55] Task 2 zero-shot (pre-train): 12.46%
[08:07:29] task=2  epoch=0  train_loss=1.0998
[08:08:00] task=2  epoch=END  time_sec=34.0  acc_task0=88.38  acc_task1=78.0  acc_task2=94.65
[08:08:00] 
============================================================
 Task 4/10  | Classes (0, 10)
============================================================
[08:08:00] Task 3 baseline (chance): 10.00%
[08:08:04] Task 3 zero-shot (pre-train): 14.59%
[08:08:37] task=3  epoch=0  train_loss=1.0048
[08:09:13] task=3  epoch=END  time_sec=33.7  acc_task0=84.84  acc_task1=54.04  acc_task2=71.22  acc_task3=95.0
[08:09:13] 
============================================================
 Task 5/10  | Classes (0, 10)
============================================================
[08:09:13] Task 4 baseline (chance): 10.00%
[08:09:16] Task 4 zero-shot (pre-train): 13.65%
[08:09:50] task=4  epoch=0  train_loss=1.0066
[08:10:29] task=4  epoch=END  time_sec=33.6  acc_task0=77.73  acc_task1=42.21  acc_task2=54.68  acc_task3=80.87  acc_task4=94.75
[08:10:29] 
============================================================
 Task 6/10  | Classes (0, 10)
============================================================
[08:10:29] Task 5 baseline (chance): 10.00%
[08:10:33] Task 5 zero-shot (pre-train): 11.05%
[08:11:07] task=5  epoch=0  train_loss=1.0462
[08:11:50] task=5  epoch=END  time_sec=33.6  acc_task0=79.46  acc_task1=30.24  acc_task2=33.33  acc_task3=55.97  acc_task4=80.44  acc_task5=94.81
[08:11:50] 
============================================================
 Task 7/10  | Classes (0, 10)
============================================================
[08:11:50] Task 6 baseline (chance): 10.00%
