[13:42:34] Starting: split_cifar10_xder_norevision_seed42
[13:42:34] Config: {'dataset': 'split_cifar10', 'data_root': 'F:\\Temp\\cf\\Catastrophic Forgetting\\research_v2\\Project\\data_local', 'dataset_image_size': None, 'dataset_out_channels': None, 'model': 'slim_resnet18', 'pretrained': False, 'model_image_size': None, 'method': 'xder', 'n_epochs': 1, 'batch_size': 32, 'num_workers': 0, 'lr': 0.03, 'momentum': 0.9, 'weight_decay': 0.0001, 'fp16': False, 'buffer_size': 200, 'ewc_lambda': 100.0, 'fisher_samples': 200, 'si_lambda': 1.0, 'si_xi': 0.1, 'der_alpha': 0.5, 'xder_beta': 0.0, 'lwf_lambda': 1.0, 'lwf_temp': 2.0, 'icarl_distill_w': 1.0, 'icarl_temp': 2.0, 'use_nmc': True, 'agem_mem_batch': 64, 'distill_lambda': 1.0, 'distill_temp': 2.0, 'pc_distill_w': 1.0, 'pc_ewc_lambda': 100.0, 'pc_compress_epochs': 3, 'er_replay_ratio': 0.5, 'joint_replay_epochs': 1, 'disable_tqdm': True, 'disable_checkpoints': False, 'disable_plots': False, 'resume': False, 'cleanup_checkpoints_on_success': True, 'result_group': 'ablations', 'ablation_family': 'interaction', 'seeds': [42, 123, 456], 'results_root': 'F:\\Temp\\cf\\Catastrophic Forgetting\\research_v2\\results', 'run_tag': 'norevision', 'seed': 42, 'run_name': 'split_cifar10_xder_norevision_seed42', 'project_root': 'F:\\Temp\\cf\\Catastrophic Forgetting\\research_v2\\Project', 'workspace_root': 'F:\\Temp\\cf\\Catastrophic Forgetting\\research_v2', 'run_root': 'F:\\Temp\\cf\\Catastrophic Forgetting\\research_v2\\results\\ablations\\epoch_1\\split_cifar10\\interaction\\xder__norevision\\seed_42', 'log_dir': 'F:\\Temp\\cf\\Catastrophic Forgetting\\research_v2\\results\\ablations\\epoch_1\\split_cifar10\\interaction\\xder__norevision\\seed_42\\logs', 'metrics_dir': 'F:\\Temp\\cf\\Catastrophic Forgetting\\research_v2\\results\\ablations\\epoch_1\\split_cifar10\\interaction\\xder__norevision\\seed_42\\metrics', 'checkpoint_dir': 'F:\\Temp\\cf\\Catastrophic Forgetting\\research_v2\\results\\ablations\\epoch_1\\split_cifar10\\interaction\\xder__norevision\\seed_42\\checkpoints', 'artifact_dir': 'F:\\Temp\\cf\\Catastrophic Forgetting\\research_v2\\results\\ablations\\epoch_1\\split_cifar10\\interaction\\xder__norevision\\seed_42\\artifacts', 'figure_dir': 'F:\\Temp\\cf\\Catastrophic Forgetting\\research_v2\\results\\figures\\ablations\\epoch_1\\split_cifar10\\interaction\\xder__norevision\\seed_42'}
[13:42:34] Device: cuda
[13:42:35] Dataset: SplitCIFAR10(tasks=5, classes_per_task=2, scenario=class-il)
[13:42:36] 
============================================================
 Task 1/5  | Classes (0, 2)
============================================================
[13:42:36] Task 0 baseline (chance): 50.00%
[13:42:48] task=0  epoch=0  train_loss=1.3548
[13:42:49] task=0  epoch=END  time_sec=12.7  acc_task0=80.35
[13:42:50] 
============================================================
 Task 2/5  | Classes (2, 4)
============================================================
[13:42:50] Task 1 baseline (chance): 25.00%
[13:42:50] Task 1 zero-shot (pre-train): 0.00%
[13:43:03] task=1  epoch=0  train_loss=0.862
[13:43:05] task=1  epoch=END  time_sec=12.7  acc_task0=0.0  acc_task1=73.3
[13:43:05] 
============================================================
 Task 3/5  | Classes (4, 6)
============================================================
[13:43:05] Task 2 baseline (chance): 16.67%
[13:43:05] Task 2 zero-shot (pre-train): 0.00%
[13:43:18] task=2  epoch=0  train_loss=0.8519
[13:43:20] task=2  epoch=END  time_sec=12.3  acc_task0=0.0  acc_task1=0.0  acc_task2=76.8
[13:43:20] 
============================================================
 Task 4/5  | Classes (6, 8)
============================================================
[13:43:20] Task 3 baseline (chance): 12.50%
[13:43:21] Task 3 zero-shot (pre-train): 0.00%
[13:43:33] task=3  epoch=0  train_loss=1.3585
[13:43:36] task=3  epoch=END  time_sec=12.6  acc_task0=0.0  acc_task1=0.0  acc_task2=0.0  acc_task3=83.15
[13:43:36] 
============================================================
 Task 5/5  | Classes (8, 10)
============================================================
[13:43:36] Task 4 baseline (chance): 10.00%
[13:43:36] Task 4 zero-shot (pre-train): 0.00%
[13:43:51] task=4  epoch=0  train_loss=1.6269
[13:43:55] task=4  epoch=END  time_sec=14.9  acc_task0=0.0  acc_task1=0.0  acc_task2=0.0  acc_task3=0.3  acc_task4=82.7
[13:43:55] 
Final Metrics:
  avg_accuracy         +16.6000
  forgetting           +78.3250
  backward_transfer    -78.3250
  forward_transfer     -16.0417
[13:43:56] 
Done - run: split_cifar10_xder_norevision_seed42
[13:43:56] Metrics: {'avg_accuracy': 16.6, 'forgetting': 78.325, 'backward_transfer': -78.325, 'forward_transfer': -16.0417}
[13:43:56] Deleted 5 checkpoint(s) after successful completion.
