[17:59:08] Starting: split_cifar10_der_nodistill_seed42
[17:59:08] Config: {'dataset': 'split_cifar10', 'data_root': 'Project/data_local', 'model': 'slim_resnet18', 'pretrained': False, 'method': 'der', 'n_epochs': 1, 'batch_size': 32, 'num_workers': 0, 'lr': 0.03, 'momentum': 0.9, 'weight_decay': 0.0001, 'fp16': False, 'buffer_size': 200, 'ewc_lambda': 100.0, 'fisher_samples': 200, 'si_lambda': 1.0, 'si_xi': 0.1, 'der_alpha': 0.0, 'xder_beta': 0.5, 'lwf_lambda': 1.0, 'lwf_temp': 2.0, 'icarl_distill_w': 1.0, 'icarl_temp': 2.0, 'use_nmc': True, 'agem_mem_batch': 64, 'distill_lambda': 1.0, 'distill_temp': 2.0, 'pc_distill_w': 1.0, 'pc_ewc_lambda': 100.0, 'pc_compress_epochs': 3, 'er_replay_ratio': 0.5, 'joint_replay_epochs': 1, 'disable_tqdm': True, 'disable_checkpoints': False, 'disable_plots': False, 'seeds': [42, 123, 456], 'results_root': 'results_phase3_interactions_plots', 'checkpoint_dir': 'results/checkpoints', 'figure_dir': 'results_phase3_interactions_plots/figures', 'log_dir': 'results_phase3_interactions_plots/raw', 'run_tag': 'nodistill', 'run_name': 'split_cifar10_der_nodistill_seed42', 'seed': 42}
[17:59:08] Device: cuda
[17:59:09] Dataset: SplitCIFAR10(tasks=5, classes_per_task=2, scenario=class-il)
[17:59:09] 
============================================================
 Task 1/5  | Classes (0, 2)
============================================================
[17:59:09] Task 0 baseline (chance): 50.00%
[17:59:26] task=0  epoch=0  train_loss=0.5556
[17:59:27] task=0  epoch=END  time_sec=16.4  acc_task0=87.15
[17:59:27] 
============================================================
 Task 2/5  | Classes (2, 4)
============================================================
[17:59:27] Task 1 baseline (chance): 25.00%
[17:59:27] Task 1 zero-shot (pre-train): 2.90%
[17:59:43] task=1  epoch=0  train_loss=0.6046
[17:59:45] task=1  epoch=END  time_sec=16.1  acc_task0=0.0  acc_task1=74.1
[17:59:45] 
============================================================
 Task 3/5  | Classes (4, 6)
============================================================
[17:59:45] Task 2 baseline (chance): 16.67%
[17:59:46] Task 2 zero-shot (pre-train): 0.00%
[18:00:02] task=2  epoch=0  train_loss=0.5979
[18:00:04] task=2  epoch=END  time_sec=16.3  acc_task0=0.0  acc_task1=0.0  acc_task2=78.1
[18:00:04] 
============================================================
 Task 4/5  | Classes (6, 8)
============================================================
[18:00:04] Task 3 baseline (chance): 12.50%
[18:00:05] Task 3 zero-shot (pre-train): 0.00%
[18:00:21] task=3  epoch=0  train_loss=0.6596
[18:00:24] task=3  epoch=END  time_sec=16.5  acc_task0=0.0  acc_task1=0.0  acc_task2=0.0  acc_task3=81.45
[18:00:24] 
============================================================
 Task 5/5  | Classes (8, 10)
============================================================
[18:00:24] Task 4 baseline (chance): 10.00%
[18:00:25] Task 4 zero-shot (pre-train): 0.00%
[18:00:42] task=4  epoch=0  train_loss=0.6945
[18:00:45] task=4  epoch=END  time_sec=16.7  acc_task0=0.0  acc_task1=0.0  acc_task2=0.0  acc_task3=0.0  acc_task4=80.65
[18:00:45] 
Final Metrics:
  avg_accuracy         +16.1300
  forgetting           +80.2000
  backward_transfer    -80.2000
  forward_transfer     -15.3167
[18:00:46] 
Done - run: split_cifar10_der_nodistill_seed42
[18:00:46] Metrics: {'avg_accuracy': 16.13, 'forgetting': 80.2, 'backward_transfer': -80.2, 'forward_transfer': -15.3167}
