[18:02:25] Starting: split_cifar10_der_nodistill_seed456
[18:02:25] Config: {'dataset': 'split_cifar10', 'data_root': 'Project/data_local', 'model': 'slim_resnet18', 'pretrained': False, 'method': 'der', 'n_epochs': 1, 'batch_size': 32, 'num_workers': 0, 'lr': 0.03, 'momentum': 0.9, 'weight_decay': 0.0001, 'fp16': False, 'buffer_size': 200, 'ewc_lambda': 100.0, 'fisher_samples': 200, 'si_lambda': 1.0, 'si_xi': 0.1, 'der_alpha': 0.0, 'xder_beta': 0.5, 'lwf_lambda': 1.0, 'lwf_temp': 2.0, 'icarl_distill_w': 1.0, 'icarl_temp': 2.0, 'use_nmc': True, 'agem_mem_batch': 64, 'distill_lambda': 1.0, 'distill_temp': 2.0, 'pc_distill_w': 1.0, 'pc_ewc_lambda': 100.0, 'pc_compress_epochs': 3, 'er_replay_ratio': 0.5, 'joint_replay_epochs': 1, 'disable_tqdm': True, 'disable_checkpoints': False, 'disable_plots': False, 'seeds': [42, 123, 456], 'results_root': 'results_phase3_interactions_plots', 'checkpoint_dir': 'results/checkpoints', 'figure_dir': 'results_phase3_interactions_plots/figures', 'log_dir': 'results_phase3_interactions_plots/raw', 'run_tag': 'nodistill', 'run_name': 'split_cifar10_der_nodistill_seed456', 'seed': 456}
[18:02:25] Device: cuda
[18:02:26] Dataset: SplitCIFAR10(tasks=5, classes_per_task=2, scenario=class-il)
[18:02:26] 
============================================================
 Task 1/5  | Classes (0, 2)
============================================================
[18:02:26] Task 0 baseline (chance): 50.00%
[18:02:43] task=0  epoch=0  train_loss=0.5418
[18:02:44] task=0  epoch=END  time_sec=16.7  acc_task0=86.5
[18:02:44] 
============================================================
 Task 2/5  | Classes (2, 4)
============================================================
[18:02:44] Task 1 baseline (chance): 25.00%
[18:02:45] Task 1 zero-shot (pre-train): 3.35%
[18:03:01] task=1  epoch=0  train_loss=0.6243
[18:03:03] task=1  epoch=END  time_sec=16.6  acc_task0=0.0  acc_task1=73.7
[18:03:03] 
============================================================
 Task 3/5  | Classes (4, 6)
============================================================
[18:03:03] Task 2 baseline (chance): 16.67%
[18:03:03] Task 2 zero-shot (pre-train): 0.00%
[18:03:20] task=2  epoch=0  train_loss=0.6409
[18:03:22] task=2  epoch=END  time_sec=16.8  acc_task0=0.0  acc_task1=0.0  acc_task2=76.95
[18:03:23] 
============================================================
 Task 4/5  | Classes (6, 8)
============================================================
[18:03:23] Task 3 baseline (chance): 12.50%
[18:03:23] Task 3 zero-shot (pre-train): 0.00%
[18:03:40] task=3  epoch=0  train_loss=0.6591
[18:03:43] task=3  epoch=END  time_sec=16.7  acc_task0=0.0  acc_task1=0.0  acc_task2=0.0  acc_task3=83.55
[18:03:43] 
============================================================
 Task 5/5  | Classes (8, 10)
============================================================
[18:03:43] Task 4 baseline (chance): 10.00%
[18:03:44] Task 4 zero-shot (pre-train): 0.00%
[18:04:01] task=4  epoch=0  train_loss=0.6594
[18:04:04] task=4  epoch=END  time_sec=16.8  acc_task0=0.0  acc_task1=0.0  acc_task2=0.0  acc_task3=0.0  acc_task4=80.1
[18:04:04] 
Final Metrics:
  avg_accuracy         +16.0200
  forgetting           +80.1750
  backward_transfer    -80.1750
  forward_transfer     -15.2042
[18:04:05] 
Done - run: split_cifar10_der_nodistill_seed456
[18:04:05] Metrics: {'avg_accuracy': 16.02, 'forgetting': 80.175, 'backward_transfer': -80.175, 'forward_transfer': -15.2042}
