[12:05:54] Starting: permuted_mnist_progress_compress_seed123
[12:05:54] Config: {'dataset': 'permuted_mnist', 'data_root': 'Project/data_local', 'model': 'resnet8', 'pretrained': False, 'method': 'progress_compress', 'n_epochs': 1, 'batch_size': 32, 'num_workers': 0, 'lr': 0.03, 'momentum': 0.9, 'weight_decay': 0.0001, 'fp16': False, 'buffer_size': 200, 'ewc_lambda': 100.0, 'fisher_samples': 200, 'si_lambda': 1.0, 'si_xi': 0.1, 'der_alpha': 0.5, 'xder_beta': 0.5, 'lwf_lambda': 1.0, 'lwf_temp': 2.0, 'icarl_distill_w': 1.0, 'icarl_temp': 2.0, 'use_nmc': True, 'agem_mem_batch': 64, 'distill_lambda': 1.0, 'distill_temp': 2.0, 'pc_distill_w': 1.0, 'pc_ewc_lambda': 100.0, 'pc_compress_epochs': 3, 'er_replay_ratio': 0.5, 'joint_replay_epochs': 1, 'disable_tqdm': True, 'disable_checkpoints': True, 'disable_plots': False, 'seeds': [42, 123, 456, 789, 1024], 'results_root': 'results_phase3_fwt', 'checkpoint_dir': 'results/checkpoints', 'figure_dir': 'results_phase3_fwt/figures', 'log_dir': 'results_phase3_fwt/raw', 'run_name': 'permuted_mnist_progress_compress_seed123', 'seed': 123}
[12:05:54] Device: cuda
[12:05:54] Dataset: PermutedMNIST(tasks=10, classes_per_task=10, scenario=domain-il)
[12:05:54] 
============================================================
 Task 1/10  | Classes (0, 10)
============================================================
[12:05:54] Task 0 baseline (chance): 10.00%
[12:06:26] task=0  epoch=0  train_loss=1.2855
[12:07:59] task=0  epoch=END  time_sec=31.6  acc_task0=95.55
[12:07:59] 
============================================================
 Task 2/10  | Classes (0, 10)
============================================================
[12:07:59] Task 1 baseline (chance): 10.00%
[12:08:03] Task 1 zero-shot (pre-train): 11.69%
[12:08:34] task=1  epoch=0  train_loss=1.2834
[12:11:01] task=1  epoch=END  time_sec=31.2  acc_task0=62.77  acc_task1=96.2
[12:11:01] 
============================================================
 Task 3/10  | Classes (0, 10)
============================================================
[12:11:01] Task 2 baseline (chance): 10.00%
[12:11:05] Task 2 zero-shot (pre-train): 11.99%
[12:11:36] task=2  epoch=0  train_loss=1.2621
[12:14:06] task=2  epoch=END  time_sec=31.1  acc_task0=24.58  acc_task1=59.92  acc_task2=95.66
[12:14:06] 
============================================================
 Task 4/10  | Classes (0, 10)
============================================================
[12:14:06] Task 3 baseline (chance): 10.00%
[12:14:10] Task 3 zero-shot (pre-train): 11.28%
[12:14:41] task=3  epoch=0  train_loss=1.2489
[12:17:16] task=3  epoch=END  time_sec=30.9  acc_task0=11.55  acc_task1=22.58  acc_task2=41.97  acc_task3=95.73
[12:17:16] 
============================================================
 Task 5/10  | Classes (0, 10)
============================================================
[12:17:16] Task 4 baseline (chance): 10.00%
[12:17:19] Task 4 zero-shot (pre-train): 10.52%
[12:17:50] task=4  epoch=0  train_loss=1.2702
[12:58:43] task=4  epoch=END  time_sec=31.0  acc_task0=11.21  acc_task1=15.3  acc_task2=23.99  acc_task3=46.84  acc_task4=95.68
[12:58:43] 
============================================================
 Task 6/10  | Classes (0, 10)
============================================================
[12:58:43] Task 5 baseline (chance): 10.00%
[12:58:46] Task 5 zero-shot (pre-train): 10.93%
[12:59:15] task=5  epoch=0  train_loss=1.2775
[13:01:48] task=5  epoch=END  time_sec=29.2  acc_task0=11.05  acc_task1=12.22  acc_task2=15.51  acc_task3=21.54  acc_task4=45.43  acc_task5=95.43
[13:01:48] 
============================================================
 Task 7/10  | Classes (0, 10)
============================================================
[13:01:48] Task 6 baseline (chance): 10.00%
[13:01:51] Task 6 zero-shot (pre-train): 10.84%
[13:02:20] task=6  epoch=0  train_loss=1.2684
[13:05:05] task=6  epoch=END  time_sec=29.1  acc_task0=15.06  acc_task1=12.42  acc_task2=16.4  acc_task3=15.6  acc_task4=23.87  acc_task5=41.8  acc_task6=95.34
[13:05:05] 
============================================================
 Task 8/10  | Classes (0, 10)
============================================================
[13:05:05] Task 7 baseline (chance): 10.00%
[13:05:09] Task 7 zero-shot (pre-train): 9.61%
[13:05:40] task=7  epoch=0  train_loss=1.2542
[13:08:31] task=7  epoch=END  time_sec=31.2  acc_task0=12.22  acc_task1=12.54  acc_task2=14.1  acc_task3=16.06  acc_task4=22.42  acc_task5=29.48  acc_task6=53.71  acc_task7=95.7
[13:08:31] 
============================================================
 Task 9/10  | Classes (0, 10)
============================================================
[13:08:31] Task 8 baseline (chance): 10.00%
[13:08:35] Task 8 zero-shot (pre-train): 10.32%
[13:09:06] task=8  epoch=0  train_loss=1.2834
[13:12:02] task=8  epoch=END  time_sec=31.3  acc_task0=13.1  acc_task1=11.24  acc_task2=14.5  acc_task3=16.63  acc_task4=15.83  acc_task5=16.95  acc_task6=29.65  acc_task7=48.32  acc_task8=96.04
[13:12:02] 
============================================================
 Task 10/10  | Classes (0, 10)
============================================================
[13:12:02] Task 9 baseline (chance): 10.00%
[13:12:06] Task 9 zero-shot (pre-train): 16.53%
[13:12:37] task=9  epoch=0  train_loss=1.2334
[13:15:35] task=9  epoch=END  time_sec=31.1  acc_task0=13.4  acc_task1=12.65  acc_task2=10.87  acc_task3=19.58  acc_task4=17.87  acc_task5=12.84  acc_task6=22.5  acc_task7=22.78  acc_task8=54.0  acc_task9=95.61
[13:15:35] 
Final Metrics:
  avg_accuracy         +28.2100
  forgetting           +74.9822
  backward_transfer    -74.9822
  forward_transfer     +1.5233
[13:15:35] 
Done - run: permuted_mnist_progress_compress_seed123
[13:15:35] Metrics: {'avg_accuracy': 28.21, 'forgetting': 74.9822, 'backward_transfer': -74.9822, 'forward_transfer': 1.5233}
