[11:37:00] Starting: permuted_mnist_progress_compress_seed123
[11:37:00] Config: {'dataset': 'permuted_mnist', 'data_root': 'Project/data_local', 'model': 'resnet8', 'pretrained': False, 'method': 'progress_compress', 'n_epochs': 1, 'batch_size': 32, 'num_workers': 0, 'lr': 0.03, 'momentum': 0.9, 'weight_decay': 0.0001, 'fp16': False, 'buffer_size': 200, 'ewc_lambda': 100.0, 'fisher_samples': 200, 'si_lambda': 1.0, 'si_xi': 0.1, 'der_alpha': 0.5, 'xder_beta': 0.5, 'lwf_lambda': 1.0, 'lwf_temp': 2.0, 'icarl_distill_w': 1.0, 'icarl_temp': 2.0, 'use_nmc': True, 'agem_mem_batch': 64, 'distill_lambda': 1.0, 'distill_temp': 2.0, 'pc_distill_w': 1.0, 'pc_ewc_lambda': 100.0, 'pc_compress_epochs': 3, 'er_replay_ratio': 0.5, 'joint_replay_epochs': 1, 'disable_tqdm': True, 'disable_checkpoints': True, 'disable_plots': False, 'seeds': [42, 123, 456, 789, 1024], 'results_root': 'results_phase3_fwt', 'checkpoint_dir': 'results/checkpoints', 'figure_dir': 'results_phase3_fwt/figures', 'log_dir': 'results_phase3_fwt/raw', 'run_name': 'permuted_mnist_progress_compress_seed123', 'seed': 123}
[11:37:00] Device: cuda
[11:37:00] Dataset: PermutedMNIST(tasks=10, classes_per_task=10, scenario=domain-il)
[11:37:00] 
============================================================
 Task 1/10  | Classes (0, 10)
============================================================
[11:37:00] Task 0 baseline (chance): 10.00%
[11:37:31] task=0  epoch=0  train_loss=1.2855
[11:39:03] task=0  epoch=END  time_sec=31.0  acc_task0=95.55
[11:39:03] 
============================================================
 Task 2/10  | Classes (0, 10)
============================================================
[11:39:03] Task 1 baseline (chance): 10.00%
[11:39:07] Task 1 zero-shot (pre-train): 11.69%
[11:39:38] task=1  epoch=0  train_loss=1.2834
[11:42:04] task=1  epoch=END  time_sec=30.8  acc_task0=62.77  acc_task1=96.2
[11:42:04] 
============================================================
 Task 3/10  | Classes (0, 10)
============================================================
[11:42:04] Task 2 baseline (chance): 10.00%
[11:42:08] Task 2 zero-shot (pre-train): 11.99%
[11:42:39] task=2  epoch=0  train_loss=1.2621
[11:45:09] task=2  epoch=END  time_sec=30.9  acc_task0=24.58  acc_task1=59.92  acc_task2=95.66
[11:45:09] 
============================================================
 Task 4/10  | Classes (0, 10)
============================================================
[11:45:09] Task 3 baseline (chance): 10.00%
[11:45:13] Task 3 zero-shot (pre-train): 11.28%
[11:45:44] task=3  epoch=0  train_loss=1.2489
[11:48:18] task=3  epoch=END  time_sec=30.9  acc_task0=11.55  acc_task1=22.58  acc_task2=41.97  acc_task3=95.73
[11:48:18] 
============================================================
 Task 5/10  | Classes (0, 10)
============================================================
[11:48:18] Task 4 baseline (chance): 10.00%
[11:48:22] Task 4 zero-shot (pre-train): 10.52%
[11:48:52] task=4  epoch=0  train_loss=1.2702
[11:51:31] task=4  epoch=END  time_sec=30.8  acc_task0=11.21  acc_task1=15.3  acc_task2=23.99  acc_task3=46.84  acc_task4=95.68
[11:51:31] 
============================================================
 Task 6/10  | Classes (0, 10)
============================================================
[11:51:31] Task 5 baseline (chance): 10.00%
[11:51:35] Task 5 zero-shot (pre-train): 10.93%
[11:52:06] task=5  epoch=0  train_loss=1.2775
[11:54:48] task=5  epoch=END  time_sec=31.0  acc_task0=11.05  acc_task1=12.22  acc_task2=15.51  acc_task3=21.54  acc_task4=45.43  acc_task5=95.43
[11:54:48] 
============================================================
 Task 7/10  | Classes (0, 10)
============================================================
[11:54:48] Task 6 baseline (chance): 10.00%
[11:54:52] Task 6 zero-shot (pre-train): 10.84%
[11:55:23] task=6  epoch=0  train_loss=1.2684
[11:58:08] task=6  epoch=END  time_sec=31.0  acc_task0=15.06  acc_task1=12.42  acc_task2=16.4  acc_task3=15.6  acc_task4=23.87  acc_task5=41.8  acc_task6=95.34
[11:58:08] 
============================================================
 Task 8/10  | Classes (0, 10)
============================================================
[11:58:08] Task 7 baseline (chance): 10.00%
[11:58:12] Task 7 zero-shot (pre-train): 9.61%
[11:58:43] task=7  epoch=0  train_loss=1.2542
[12:01:31] task=7  epoch=END  time_sec=30.8  acc_task0=12.22  acc_task1=12.54  acc_task2=14.1  acc_task3=16.06  acc_task4=22.42  acc_task5=29.48  acc_task6=53.71  acc_task7=95.7
[12:01:31] 
============================================================
 Task 9/10  | Classes (0, 10)
============================================================
[12:01:31] Task 8 baseline (chance): 10.00%
[12:01:35] Task 8 zero-shot (pre-train): 10.32%
[12:02:06] task=8  epoch=0  train_loss=1.2834
[12:04:58] task=8  epoch=END  time_sec=30.8  acc_task0=13.1  acc_task1=11.24  acc_task2=14.5  acc_task3=16.63  acc_task4=15.83  acc_task5=16.95  acc_task6=29.65  acc_task7=48.32  acc_task8=96.04
[12:04:58] 
============================================================
 Task 10/10  | Classes (0, 10)
============================================================
[12:04:58] Task 9 baseline (chance): 10.00%
[12:05:02] Task 9 zero-shot (pre-train): 16.53%
