[11:05:31] Starting: permuted_mnist_progress_compress_seed42
[11:05:31] Config: {'dataset': 'permuted_mnist', 'data_root': 'Project/data_local', 'model': 'resnet8', 'pretrained': False, 'method': 'progress_compress', 'n_epochs': 1, 'batch_size': 32, 'num_workers': 0, 'lr': 0.03, 'momentum': 0.9, 'weight_decay': 0.0001, 'fp16': False, 'buffer_size': 200, 'ewc_lambda': 100.0, 'fisher_samples': 200, 'si_lambda': 1.0, 'si_xi': 0.1, 'der_alpha': 0.5, 'xder_beta': 0.5, 'lwf_lambda': 1.0, 'lwf_temp': 2.0, 'icarl_distill_w': 1.0, 'icarl_temp': 2.0, 'use_nmc': True, 'agem_mem_batch': 64, 'distill_lambda': 1.0, 'distill_temp': 2.0, 'pc_distill_w': 1.0, 'pc_ewc_lambda': 100.0, 'pc_compress_epochs': 3, 'er_replay_ratio': 0.5, 'joint_replay_epochs': 1, 'disable_tqdm': True, 'disable_checkpoints': True, 'disable_plots': False, 'seeds': [42, 123, 456, 789, 1024], 'results_root': 'results_phase3_fwt', 'checkpoint_dir': 'results/checkpoints', 'figure_dir': 'results_phase3_fwt/figures', 'log_dir': 'results_phase3_fwt/raw', 'run_name': 'permuted_mnist_progress_compress_seed42', 'seed': 42}
[11:05:31] Device: cuda
[11:05:31] Dataset: PermutedMNIST(tasks=10, classes_per_task=10, scenario=domain-il)
[11:05:31] 
============================================================
 Task 1/10  | Classes (0, 10)
============================================================
[11:05:31] Task 0 baseline (chance): 10.00%
[11:06:01] task=0  epoch=0  train_loss=1.2857
[11:07:33] task=0  epoch=END  time_sec=30.4  acc_task0=95.98
[11:07:33] 
============================================================
 Task 2/10  | Classes (0, 10)
============================================================
[11:07:33] Task 1 baseline (chance): 10.00%
[11:07:37] Task 1 zero-shot (pre-train): 9.82%
[11:08:08] task=1  epoch=0  train_loss=1.2891
[11:10:35] task=1  epoch=END  time_sec=31.0  acc_task0=57.51  acc_task1=96.16
[11:10:35] 
============================================================
 Task 3/10  | Classes (0, 10)
============================================================
[11:10:35] Task 2 baseline (chance): 10.00%
[11:10:38] Task 2 zero-shot (pre-train): 12.41%
[11:11:09] task=2  epoch=0  train_loss=1.2594
[11:13:39] task=2  epoch=END  time_sec=30.8  acc_task0=29.85  acc_task1=48.44  acc_task2=95.95
[11:13:39] 
============================================================
 Task 4/10  | Classes (0, 10)
============================================================
[11:13:39] Task 3 baseline (chance): 10.00%
[11:13:43] Task 3 zero-shot (pre-train): 10.99%
[11:14:14] task=3  epoch=0  train_loss=1.2644
[11:16:48] task=3  epoch=END  time_sec=30.9  acc_task0=18.26  acc_task1=22.75  acc_task2=38.98  acc_task3=95.33
[11:16:48] 
============================================================
 Task 5/10  | Classes (0, 10)
============================================================
[11:16:48] Task 4 baseline (chance): 10.00%
[11:16:52] Task 4 zero-shot (pre-train): 9.86%
[11:17:23] task=4  epoch=0  train_loss=1.2827
[11:20:01] task=4  epoch=END  time_sec=30.9  acc_task0=10.26  acc_task1=13.76  acc_task2=18.72  acc_task3=49.2  acc_task4=95.77
[11:20:01] 
============================================================
 Task 6/10  | Classes (0, 10)
============================================================
[11:20:01] Task 5 baseline (chance): 10.00%
[11:20:05] Task 5 zero-shot (pre-train): 8.29%
[11:20:36] task=5  epoch=0  train_loss=1.2979
[11:23:18] task=5  epoch=END  time_sec=31.0  acc_task0=10.86  acc_task1=9.63  acc_task2=14.9  acc_task3=22.97  acc_task4=51.48  acc_task5=95.7
[11:23:18] 
============================================================
 Task 7/10  | Classes (0, 10)
============================================================
[11:23:18] Task 6 baseline (chance): 10.00%
[11:23:22] Task 6 zero-shot (pre-train): 13.57%
[11:23:53] task=6  epoch=0  train_loss=1.275
[11:26:38] task=6  epoch=END  time_sec=31.1  acc_task0=11.92  acc_task1=8.06  acc_task2=12.08  acc_task3=17.01  acc_task4=20.54  acc_task5=44.87  acc_task6=95.71
[11:26:38] 
============================================================
 Task 8/10  | Classes (0, 10)
============================================================
[11:26:38] Task 7 baseline (chance): 10.00%
[11:26:42] Task 7 zero-shot (pre-train): 10.71%
[11:27:13] task=7  epoch=0  train_loss=1.2858
[11:30:01] task=7  epoch=END  time_sec=30.9  acc_task0=13.36  acc_task1=10.37  acc_task2=9.19  acc_task3=16.16  acc_task4=19.54  acc_task5=24.17  acc_task6=50.62  acc_task7=95.26
[11:30:01] 
============================================================
 Task 9/10  | Classes (0, 10)
============================================================
[11:30:01] Task 8 baseline (chance): 10.00%
[11:30:05] Task 8 zero-shot (pre-train): 12.29%
[11:30:35] task=8  epoch=0  train_loss=1.2733
[11:33:29] task=8  epoch=END  time_sec=30.8  acc_task0=9.9  acc_task1=11.94  acc_task2=8.34  acc_task3=12.84  acc_task4=12.37  acc_task5=14.86  acc_task6=19.01  acc_task7=49.8  acc_task8=95.67
[11:33:29] 
============================================================
 Task 10/10  | Classes (0, 10)
============================================================
[11:33:29] Task 9 baseline (chance): 10.00%
[11:33:32] Task 9 zero-shot (pre-train): 13.08%
[11:34:03] task=9  epoch=0  train_loss=1.2662
[11:36:59] task=9  epoch=END  time_sec=31.0  acc_task0=9.47  acc_task1=9.24  acc_task2=9.02  acc_task3=12.68  acc_task4=14.2  acc_task5=15.05  acc_task6=18.61  acc_task7=20.75  acc_task8=49.7  acc_task9=95.5
[11:36:59] 
Final Metrics:
  avg_accuracy         +25.4220
  forgetting           +78.0900
  backward_transfer    -78.0900
  forward_transfer     +1.2244
[11:37:00] 
Done - run: permuted_mnist_progress_compress_seed42
[11:37:00] Metrics: {'avg_accuracy': 25.422, 'forgetting': 78.09, 'backward_transfer': -78.09, 'forward_transfer': 1.2244}
