[13:48:15] Starting: permuted_mnist_progress_compress_seed789
[13:48:15] Config: {'dataset': 'permuted_mnist', 'data_root': 'Project/data_local', 'model': 'resnet8', 'pretrained': False, 'method': 'progress_compress', 'n_epochs': 1, 'batch_size': 32, 'num_workers': 0, 'lr': 0.03, 'momentum': 0.9, 'weight_decay': 0.0001, 'fp16': False, 'buffer_size': 200, 'ewc_lambda': 100.0, 'fisher_samples': 200, 'si_lambda': 1.0, 'si_xi': 0.1, 'der_alpha': 0.5, 'xder_beta': 0.5, 'lwf_lambda': 1.0, 'lwf_temp': 2.0, 'icarl_distill_w': 1.0, 'icarl_temp': 2.0, 'use_nmc': True, 'agem_mem_batch': 64, 'distill_lambda': 1.0, 'distill_temp': 2.0, 'pc_distill_w': 1.0, 'pc_ewc_lambda': 100.0, 'pc_compress_epochs': 3, 'er_replay_ratio': 0.5, 'joint_replay_epochs': 1, 'disable_tqdm': True, 'disable_checkpoints': True, 'disable_plots': False, 'seeds': [42, 123, 456, 789, 1024], 'results_root': 'results_phase3_fwt', 'checkpoint_dir': 'results/checkpoints', 'figure_dir': 'results_phase3_fwt/figures', 'log_dir': 'results_phase3_fwt/raw', 'run_name': 'permuted_mnist_progress_compress_seed789', 'seed': 789}
[13:48:15] Device: cuda
[13:48:15] Dataset: PermutedMNIST(tasks=10, classes_per_task=10, scenario=domain-il)
[13:48:15] 
============================================================
 Task 1/10  | Classes (0, 10)
============================================================
[13:48:15] Task 0 baseline (chance): 10.00%
[13:48:47] task=0  epoch=0  train_loss=1.285
[13:50:21] task=0  epoch=END  time_sec=31.7  acc_task0=96.1
[13:50:21] 
============================================================
 Task 2/10  | Classes (0, 10)
============================================================
[13:50:21] Task 1 baseline (chance): 10.00%
[13:50:25] Task 1 zero-shot (pre-train): 10.08%
[13:50:56] task=1  epoch=0  train_loss=1.2772
[13:53:26] task=1  epoch=END  time_sec=31.4  acc_task0=55.93  acc_task1=95.98
[13:53:26] 
============================================================
 Task 3/10  | Classes (0, 10)
============================================================
[13:53:26] Task 2 baseline (chance): 10.00%
[13:53:30] Task 2 zero-shot (pre-train): 11.76%
[13:54:01] task=2  epoch=0  train_loss=1.2621
[13:56:35] task=2  epoch=END  time_sec=31.4  acc_task0=20.27  acc_task1=52.41  acc_task2=95.72
[13:56:35] 
============================================================
 Task 4/10  | Classes (0, 10)
============================================================
[13:56:35] Task 3 baseline (chance): 10.00%
[13:56:38] Task 3 zero-shot (pre-train): 14.24%
[13:57:10] task=3  epoch=0  train_loss=1.2625
[13:59:48] task=3  epoch=END  time_sec=31.6  acc_task0=17.17  acc_task1=27.76  acc_task2=40.48  acc_task3=95.89
[13:59:48] 
============================================================
 Task 5/10  | Classes (0, 10)
============================================================
[13:59:48] Task 4 baseline (chance): 10.00%
[13:59:52] Task 4 zero-shot (pre-train): 13.75%
[14:00:23] task=4  epoch=0  train_loss=1.2819
[14:03:06] task=4  epoch=END  time_sec=31.3  acc_task0=9.92  acc_task1=17.58  acc_task2=27.41  acc_task3=46.87  acc_task4=95.51
[14:03:06] 
============================================================
 Task 6/10  | Classes (0, 10)
============================================================
[14:03:06] Task 5 baseline (chance): 10.00%
[14:03:10] Task 5 zero-shot (pre-train): 10.12%
[14:03:41] task=5  epoch=0  train_loss=1.2854
[14:06:27] task=5  epoch=END  time_sec=31.5  acc_task0=12.41  acc_task1=14.73  acc_task2=15.66  acc_task3=19.54  acc_task4=50.62  acc_task5=95.94
[14:06:27] 
============================================================
 Task 7/10  | Classes (0, 10)
============================================================
[14:06:27] Task 6 baseline (chance): 10.00%
[14:06:31] Task 6 zero-shot (pre-train): 10.25%
[14:07:02] task=6  epoch=0  train_loss=1.2771
[14:09:51] task=6  epoch=END  time_sec=31.5  acc_task0=13.05  acc_task1=12.34  acc_task2=13.76  acc_task3=16.11  acc_task4=27.27  acc_task5=53.8  acc_task6=95.77
[14:09:51] 
============================================================
 Task 8/10  | Classes (0, 10)
============================================================
[14:09:51] Task 7 baseline (chance): 10.00%
[14:09:55] Task 7 zero-shot (pre-train): 11.89%
[14:10:26] task=7  epoch=0  train_loss=1.2711
[14:13:20] task=7  epoch=END  time_sec=31.4  acc_task0=9.15  acc_task1=10.27  acc_task2=11.44  acc_task3=12.58  acc_task4=16.46  acc_task5=21.97  acc_task6=52.07  acc_task7=95.66
[14:13:20] 
============================================================
 Task 9/10  | Classes (0, 10)
============================================================
[14:13:20] Task 8 baseline (chance): 10.00%
[14:13:23] Task 8 zero-shot (pre-train): 8.48%
[14:13:55] task=8  epoch=0  train_loss=1.2832
[14:16:52] task=8  epoch=END  time_sec=31.8  acc_task0=10.92  acc_task1=11.8  acc_task2=10.69  acc_task3=13.06  acc_task4=12.56  acc_task5=18.15  acc_task6=29.08  acc_task7=51.45  acc_task8=96.04
[14:16:52] 
============================================================
 Task 10/10  | Classes (0, 10)
============================================================
[14:16:52] Task 9 baseline (chance): 10.00%
[14:16:55] Task 9 zero-shot (pre-train): 12.58%
[14:17:27] task=9  epoch=0  train_loss=1.2507
[14:21:42] task=9  epoch=END  time_sec=31.4  acc_task0=11.1  acc_task1=11.35  acc_task2=10.73  acc_task3=12.23  acc_task4=15.71  acc_task5=15.12  acc_task6=15.09  acc_task7=30.31  acc_task8=49.86  acc_task9=95.52
[14:21:42] 
Final Metrics:
  avg_accuracy         +26.7020
  forgetting           +76.7900
  backward_transfer    -76.7900
  forward_transfer     +1.4611
[14:21:43] 
Done - run: permuted_mnist_progress_compress_seed789
[14:21:43] Metrics: {'avg_accuracy': 26.702, 'forgetting': 76.79, 'backward_transfer': -76.79, 'forward_transfer': 1.4611}
