[07:31:55] Starting: split_mini_imagenet_agem_distill_seed789
[07:31:55] Config: {'dataset': 'split_mini_imagenet', 'data_root': 'F:\\Temp\\cf\\Catastrophic Forgetting\\research_v2\\Project\\data_local\\mini-imagenet', 'dataset_image_size': None, 'dataset_out_channels': None, 'model': 'slim_resnet18', 'pretrained': False, 'model_image_size': None, 'method': 'agem_distill', 'n_epochs': 1, 'batch_size': 32, 'num_workers': 0, 'lr': 0.03, 'momentum': 0.9, 'weight_decay': 0.0001, 'fp16': True, 'buffer_size': 200, 'ewc_lambda': 100.0, 'fisher_samples': 200, 'si_lambda': 1.0, 'si_xi': 0.1, 'der_alpha': 0.5, 'xder_beta': 0.5, 'lwf_lambda': 1.0, 'lwf_temp': 2.0, 'icarl_distill_w': 1.0, 'icarl_temp': 2.0, 'use_nmc': True, 'agem_mem_batch': 64, 'distill_lambda': 1.0, 'distill_temp': 2.0, 'pc_distill_w': 1.0, 'pc_ewc_lambda': 100.0, 'pc_compress_epochs': 3, 'er_replay_ratio': 0.5, 'joint_replay_epochs': 1, 'disable_tqdm': True, 'disable_checkpoints': False, 'disable_plots': False, 'resume': True, 'cleanup_checkpoints_on_success': True, 'result_group': 'runs', 'ablation_family': None, 'seeds': [42, 123, 456, 789, 1024], 'results_root': 'F:\\Temp\\cf\\Catastrophic Forgetting\\research_v2\\results', 'seed': 789, 'run_name': 'split_mini_imagenet_agem_distill_seed789', 'project_root': 'F:\\Temp\\cf\\Catastrophic Forgetting\\research_v2\\Project', 'workspace_root': 'F:\\Temp\\cf\\Catastrophic Forgetting\\research_v2', 'run_root': 'F:\\Temp\\cf\\Catastrophic Forgetting\\research_v2\\results\\runs\\epoch_1\\split_mini_imagenet\\hybrids\\agem_distill\\seed_789', 'log_dir': 'F:\\Temp\\cf\\Catastrophic Forgetting\\research_v2\\results\\runs\\epoch_1\\split_mini_imagenet\\hybrids\\agem_distill\\seed_789\\logs', 'metrics_dir': 'F:\\Temp\\cf\\Catastrophic Forgetting\\research_v2\\results\\runs\\epoch_1\\split_mini_imagenet\\hybrids\\agem_distill\\seed_789\\metrics', 'checkpoint_dir': 'F:\\Temp\\cf\\Catastrophic Forgetting\\research_v2\\results\\runs\\epoch_1\\split_mini_imagenet\\hybrids\\agem_distill\\seed_789\\checkpoints', 'artifact_dir': 'F:\\Temp\\cf\\Catastrophic Forgetting\\research_v2\\results\\runs\\epoch_1\\split_mini_imagenet\\hybrids\\agem_distill\\seed_789\\artifacts', 'figure_dir': 'F:\\Temp\\cf\\Catastrophic Forgetting\\research_v2\\results\\figures\\epoch_1\\split_mini_imagenet\\hybrids\\agem_distill\\seed_789'}
[07:31:55] Device: cuda
[07:31:56] Dataset: SplitMiniImageNet(tasks=20, classes_per_task=5, scenario=class-il)
[07:31:56] 
============================================================
 Task 1/20  | Classes (0, 5)
============================================================
[07:31:56] Task 0 baseline (chance): 20.00%
[07:32:10] task=0  epoch=0  train_loss=1.7349
[07:32:13] task=0  epoch=END  time_sec=13.6  acc_task0=30.5
[07:32:13] 
============================================================
 Task 2/20  | Classes (5, 10)
============================================================
[07:32:13] Task 1 baseline (chance): 10.00%
[07:32:16] Task 1 zero-shot (pre-train): 0.00%
[07:32:39] task=1  epoch=0  train_loss=1.6307
[07:32:44] task=1  epoch=END  time_sec=23.6  acc_task0=0.0  acc_task1=42.0
[07:32:44] 
============================================================
 Task 3/20  | Classes (10, 15)
============================================================
[07:32:44] Task 2 baseline (chance): 6.67%
[07:32:47] Task 2 zero-shot (pre-train): 0.00%
[07:33:11] task=2  epoch=0  train_loss=1.777
[07:33:18] task=2  epoch=END  time_sec=24.1  acc_task0=0.0  acc_task1=0.0  acc_task2=45.33
[07:33:18] 
============================================================
 Task 4/20  | Classes (15, 20)
============================================================
[07:33:18] Task 3 baseline (chance): 5.00%
[07:33:20] Task 3 zero-shot (pre-train): 0.00%
[07:33:45] task=3  epoch=0  train_loss=2.0494
[07:33:54] task=3  epoch=END  time_sec=25.2  acc_task0=0.0  acc_task1=0.0  acc_task2=0.0  acc_task3=29.0
[07:33:54] 
============================================================
 Task 5/20  | Classes (20, 25)
============================================================
[07:33:54] Task 4 baseline (chance): 4.00%
[07:33:57] Task 4 zero-shot (pre-train): 0.00%
[07:34:25] task=4  epoch=0  train_loss=2.418
[07:34:36] task=4  epoch=END  time_sec=27.9  acc_task0=0.0  acc_task1=0.0  acc_task2=0.0  acc_task3=0.0  acc_task4=29.67
[07:34:36] 
============================================================
 Task 6/20  | Classes (25, 30)
============================================================
[07:34:36] Task 5 baseline (chance): 3.33%
[07:34:38] Task 5 zero-shot (pre-train): 0.00%
[07:35:07] task=5  epoch=0  train_loss=2.9465
[07:35:21] task=5  epoch=END  time_sec=28.9  acc_task0=0.0  acc_task1=0.0  acc_task2=0.0  acc_task3=0.0  acc_task4=0.0  acc_task5=29.5
[07:35:21] 
============================================================
 Task 7/20  | Classes (30, 35)
============================================================
[07:35:21] Task 6 baseline (chance): 2.86%
[07:35:23] Task 6 zero-shot (pre-train): 0.00%
[07:35:48] task=6  epoch=0  train_loss=2.8695
[07:36:05] task=6  epoch=END  time_sec=25.0  acc_task0=0.0  acc_task1=0.0  acc_task2=0.0  acc_task3=0.0  acc_task4=0.0  acc_task5=0.0  acc_task6=30.17
[07:36:05] 
============================================================
 Task 8/20  | Classes (35, 40)
============================================================
[07:36:05] Task 7 baseline (chance): 2.50%
[07:36:08] Task 7 zero-shot (pre-train): 0.00%
[07:36:40] task=7  epoch=0  train_loss=3.4248
[07:36:57] task=7  epoch=END  time_sec=31.7  acc_task0=0.0  acc_task1=0.0  acc_task2=0.0  acc_task3=0.0  acc_task4=0.0  acc_task5=0.0  acc_task6=0.0  acc_task7=27.67
[07:36:57] 
============================================================
 Task 9/20  | Classes (40, 45)
============================================================
[07:36:57] Task 8 baseline (chance): 2.22%
[07:37:00] Task 8 zero-shot (pre-train): 0.00%
[07:37:28] task=8  epoch=0  train_loss=4.1673
[07:37:52] task=8  epoch=END  time_sec=27.9  acc_task0=0.0  acc_task1=0.0  acc_task2=0.0  acc_task3=0.0  acc_task4=0.0  acc_task5=0.0  acc_task6=0.0  acc_task7=0.0  acc_task8=35.67
[07:37:52] 
============================================================
 Task 10/20  | Classes (45, 50)
============================================================
[07:37:52] Task 9 baseline (chance): 2.00%
[07:37:55] Task 9 zero-shot (pre-train): 0.00%
[07:38:23] task=9  epoch=0  train_loss=3.8866
[07:38:48] task=9  epoch=END  time_sec=28.5  acc_task0=0.0  acc_task1=0.0  acc_task2=0.0  acc_task3=0.0  acc_task4=0.0  acc_task5=0.0  acc_task6=0.0  acc_task7=0.0  acc_task8=0.0  acc_task9=25.17
[07:38:48] 
============================================================
 Task 11/20  | Classes (50, 55)
============================================================
[07:38:48] Task 10 baseline (chance): 1.82%
[07:38:51] Task 10 zero-shot (pre-train): 0.00%
[07:39:21] task=10  epoch=0  train_loss=3.8541
[07:39:49] task=10  epoch=END  time_sec=30.2  acc_task0=0.0  acc_task1=0.0  acc_task2=0.0  acc_task3=0.0  acc_task4=0.0  acc_task5=0.0  acc_task6=0.0  acc_task7=0.0  acc_task8=0.0  acc_task9=0.0  acc_task10=25.17
[07:39:49] 
============================================================
 Task 12/20  | Classes (55, 60)
============================================================
[07:39:49] Task 11 baseline (chance): 1.67%
[07:39:52] Task 11 zero-shot (pre-train): 0.00%
[07:40:19] task=11  epoch=0  train_loss=3.9256
[07:40:49] task=11  epoch=END  time_sec=26.5  acc_task0=0.0  acc_task1=0.0  acc_task2=0.0  acc_task3=0.0  acc_task4=0.0  acc_task5=0.0  acc_task6=0.0  acc_task7=0.0  acc_task8=0.0  acc_task9=0.0  acc_task10=0.0  acc_task11=26.5
[07:40:49] 
============================================================
 Task 13/20  | Classes (60, 65)
============================================================
[07:40:49] Task 12 baseline (chance): 1.54%
[07:40:52] Task 12 zero-shot (pre-train): 0.00%
[07:41:23] task=12  epoch=0  train_loss=3.6248
[07:41:56] task=12  epoch=END  time_sec=30.9  acc_task0=0.0  acc_task1=0.0  acc_task2=0.0  acc_task3=0.0  acc_task4=0.0  acc_task5=0.0  acc_task6=0.0  acc_task7=0.0  acc_task8=0.0  acc_task9=0.0  acc_task10=0.0  acc_task11=0.0  acc_task12=26.67
[07:41:56] 
============================================================
 Task 14/20  | Classes (65, 70)
============================================================
[07:41:57] Task 13 baseline (chance): 1.43%
[07:41:59] Task 13 zero-shot (pre-train): 0.00%
[07:42:25] task=13  epoch=0  train_loss=3.7093
[07:43:03] task=13  epoch=END  time_sec=25.6  acc_task0=0.0  acc_task1=0.0  acc_task2=0.0  acc_task3=0.0  acc_task4=0.0  acc_task5=0.0  acc_task6=0.0  acc_task7=0.0  acc_task8=0.0  acc_task9=0.0  acc_task10=0.0  acc_task11=0.0  acc_task12=0.0  acc_task13=30.5
[07:43:03] 
============================================================
 Task 15/20  | Classes (70, 75)
============================================================
[07:43:03] Task 14 baseline (chance): 1.33%
[07:43:06] Task 14 zero-shot (pre-train): 0.00%
[07:43:38] task=14  epoch=0  train_loss=4.004
[07:44:18] task=14  epoch=END  time_sec=32.2  acc_task0=0.0  acc_task1=0.0  acc_task2=0.0  acc_task3=0.0  acc_task4=0.0  acc_task5=0.0  acc_task6=0.0  acc_task7=0.0  acc_task8=0.0  acc_task9=0.0  acc_task10=0.0  acc_task11=0.0  acc_task12=0.0  acc_task13=0.0  acc_task14=35.83
[07:44:18] 
============================================================
 Task 16/20  | Classes (75, 80)
============================================================
[07:44:18] Task 15 baseline (chance): 1.25%
[07:44:21] Task 15 zero-shot (pre-train): 0.00%
[07:44:46] task=15  epoch=0  train_loss=4.267
[07:45:28] task=15  epoch=END  time_sec=24.9  acc_task0=0.0  acc_task1=0.0  acc_task2=0.0  acc_task3=0.0  acc_task4=0.0  acc_task5=0.0  acc_task6=0.0  acc_task7=0.0  acc_task8=0.0  acc_task9=0.0  acc_task10=0.0  acc_task11=0.0  acc_task12=0.0  acc_task13=0.0  acc_task14=0.0  acc_task15=29.0
[07:45:28] 
============================================================
 Task 17/20  | Classes (80, 85)
============================================================
[07:45:28] Task 16 baseline (chance): 1.18%
[07:45:31] Task 16 zero-shot (pre-train): 0.00%
[07:46:04] task=16  epoch=0  train_loss=4.1029
[07:46:49] task=16  epoch=END  time_sec=32.7  acc_task0=0.0  acc_task1=0.0  acc_task2=0.0  acc_task3=0.0  acc_task4=0.0  acc_task5=0.0  acc_task6=0.0  acc_task7=0.0  acc_task8=0.0  acc_task9=0.0  acc_task10=0.0  acc_task11=0.0  acc_task12=0.0  acc_task13=0.0  acc_task14=0.0  acc_task15=0.0  acc_task16=30.17
[07:46:49] 
============================================================
 Task 18/20  | Classes (85, 90)
============================================================
[07:46:49] Task 17 baseline (chance): 1.11%
[07:46:52] Task 17 zero-shot (pre-train): 0.00%
[07:47:16] task=17  epoch=0  train_loss=4.5439
[07:48:03] task=17  epoch=END  time_sec=24.0  acc_task0=0.0  acc_task1=0.0  acc_task2=0.0  acc_task3=0.0  acc_task4=0.0  acc_task5=0.0  acc_task6=0.0  acc_task7=0.0  acc_task8=0.0  acc_task9=0.0  acc_task10=0.0  acc_task11=0.0  acc_task12=0.0  acc_task13=0.0  acc_task14=0.0  acc_task15=0.0  acc_task16=0.0  acc_task17=23.5
[07:48:03] 
============================================================
 Task 19/20  | Classes (90, 95)
============================================================
[07:48:03] Task 18 baseline (chance): 1.05%
[07:48:06] Task 18 zero-shot (pre-train): 0.00%
[07:48:38] task=18  epoch=0  train_loss=4.6361
[07:49:28] task=18  epoch=END  time_sec=31.6  acc_task0=0.0  acc_task1=0.0  acc_task2=0.0  acc_task3=0.0  acc_task4=0.0  acc_task5=0.0  acc_task6=0.0  acc_task7=0.0  acc_task8=0.0  acc_task9=0.0  acc_task10=0.0  acc_task11=0.0  acc_task12=0.0  acc_task13=0.0  acc_task14=0.0  acc_task15=0.0  acc_task16=0.0  acc_task17=0.0  acc_task18=34.5
[07:49:28] 
============================================================
 Task 20/20  | Classes (95, 100)
============================================================
[07:49:28] Task 19 baseline (chance): 1.00%
[07:49:32] Task 19 zero-shot (pre-train): 0.00%
[07:49:57] task=19  epoch=0  train_loss=4.5036
[07:50:50] task=19  epoch=END  time_sec=25.1  acc_task0=0.0  acc_task1=0.0  acc_task2=0.0  acc_task3=0.0  acc_task4=0.0  acc_task5=0.0  acc_task6=0.0  acc_task7=0.0  acc_task8=0.0  acc_task9=0.0  acc_task10=0.0  acc_task11=0.0  acc_task12=0.0  acc_task13=0.0  acc_task14=0.0  acc_task15=0.0  acc_task16=0.0  acc_task17=0.0  acc_task18=0.0  acc_task19=40.17
[07:50:50] 
Final Metrics:
  avg_accuracy         +2.0083
  forgetting           +30.8684
  backward_transfer    -30.8684
  forward_transfer     -2.7345
[07:50:51] 
Done - run: split_mini_imagenet_agem_distill_seed789
[07:50:51] Metrics: {'avg_accuracy': 2.0083, 'forgetting': 30.8684, 'backward_transfer': -30.8684, 'forward_transfer': -2.7345}
[07:50:51] Deleted 20 checkpoint(s) after successful completion.
