[17:45:07] Starting: split_cifar10_xder_seed456
[17:45:07] Config: {'dataset': 'split_cifar10', 'data_root': 'Project/data_local', 'model': 'slim_resnet18', 'pretrained': False, 'method': 'xder', 'n_epochs': 1, 'batch_size': 32, 'num_workers': 0, 'lr': 0.03, 'momentum': 0.9, 'weight_decay': 0.0001, 'fp16': False, 'buffer_size': 200, 'ewc_lambda': 100.0, 'fisher_samples': 200, 'si_lambda': 1.0, 'si_xi': 0.1, 'der_alpha': 0.5, 'xder_beta': 0.5, 'lwf_lambda': 1.0, 'lwf_temp': 2.0, 'icarl_distill_w': 1.0, 'icarl_temp': 2.0, 'use_nmc': True, 'agem_mem_batch': 64, 'distill_lambda': 1.0, 'distill_temp': 2.0, 'pc_distill_w': 1.0, 'pc_ewc_lambda': 100.0, 'pc_compress_epochs': 3, 'er_replay_ratio': 0.5, 'joint_replay_epochs': 1, 'disable_tqdm': True, 'disable_checkpoints': True, 'disable_plots': False, 'seeds': [42, 123, 456, 789, 1024], 'results_root': 'results_phase3_fwt', 'checkpoint_dir': 'results/checkpoints', 'figure_dir': 'results_phase3_fwt/figures', 'log_dir': 'results_phase3_fwt/raw', 'run_name': 'split_cifar10_xder_seed456', 'seed': 456}
[17:45:07] Device: cuda
[17:45:08] Dataset: SplitCIFAR10(tasks=5, classes_per_task=2, scenario=class-il)
[17:45:08] 
============================================================
 Task 1/5  | Classes (0, 2)
============================================================
[17:45:08] Task 0 baseline (chance): 50.00%
[17:45:27] task=0  epoch=0  train_loss=1.6804
[17:45:29] task=0  epoch=END  time_sec=19.0  acc_task0=85.25
[17:45:29] 
============================================================
 Task 2/5  | Classes (2, 4)
============================================================
[17:45:29] Task 1 baseline (chance): 25.00%
[17:45:30] Task 1 zero-shot (pre-train): 9.80%
[17:45:49] task=1  epoch=0  train_loss=1.5517
[17:45:51] task=1  epoch=END  time_sec=19.1  acc_task0=26.35  acc_task1=69.7
[17:45:51] 
============================================================
 Task 3/5  | Classes (4, 6)
============================================================
[17:45:51] Task 2 baseline (chance): 16.67%
[17:45:52] Task 2 zero-shot (pre-train): 0.00%
[17:46:11] task=2  epoch=0  train_loss=1.563
[17:46:15] task=2  epoch=END  time_sec=19.1  acc_task0=10.4  acc_task1=1.25  acc_task2=78.35
[17:46:15] 
============================================================
 Task 4/5  | Classes (6, 8)
============================================================
[17:46:15] Task 3 baseline (chance): 12.50%
[17:46:16] Task 3 zero-shot (pre-train): 0.00%
[17:46:35] task=3  epoch=0  train_loss=1.5678
[17:46:39] task=3  epoch=END  time_sec=19.0  acc_task0=2.55  acc_task1=1.05  acc_task2=4.6  acc_task3=85.95
[17:46:39] 
============================================================
 Task 5/5  | Classes (8, 10)
============================================================
[17:46:39] Task 4 baseline (chance): 10.00%
[17:46:40] Task 4 zero-shot (pre-train): 0.00%
[17:46:59] task=4  epoch=0  train_loss=1.2396
[17:47:04] task=4  epoch=END  time_sec=19.0  acc_task0=0.1  acc_task1=1.8  acc_task2=3.5  acc_task3=4.55  acc_task4=85.0
[17:47:04] 
Final Metrics:
  avg_accuracy         +18.9900
  forgetting           +77.3250
  backward_transfer    -77.3250
  forward_transfer     -13.5917
[17:47:04] 
Done - run: split_cifar10_xder_seed456
[17:47:04] Metrics: {'avg_accuracy': 18.99, 'forgetting': 77.325, 'backward_transfer': -77.325, 'forward_transfer': -13.5917}
