[17:47:04] Starting: split_cifar10_xder_seed789
[17:47:04] Config: {'dataset': 'split_cifar10', 'data_root': 'Project/data_local', 'model': 'slim_resnet18', 'pretrained': False, 'method': 'xder', 'n_epochs': 1, 'batch_size': 32, 'num_workers': 0, 'lr': 0.03, 'momentum': 0.9, 'weight_decay': 0.0001, 'fp16': False, 'buffer_size': 200, 'ewc_lambda': 100.0, 'fisher_samples': 200, 'si_lambda': 1.0, 'si_xi': 0.1, 'der_alpha': 0.5, 'xder_beta': 0.5, 'lwf_lambda': 1.0, 'lwf_temp': 2.0, 'icarl_distill_w': 1.0, 'icarl_temp': 2.0, 'use_nmc': True, 'agem_mem_batch': 64, 'distill_lambda': 1.0, 'distill_temp': 2.0, 'pc_distill_w': 1.0, 'pc_ewc_lambda': 100.0, 'pc_compress_epochs': 3, 'er_replay_ratio': 0.5, 'joint_replay_epochs': 1, 'disable_tqdm': True, 'disable_checkpoints': True, 'disable_plots': False, 'seeds': [42, 123, 456, 789, 1024], 'results_root': 'results_phase3_fwt', 'checkpoint_dir': 'results/checkpoints', 'figure_dir': 'results_phase3_fwt/figures', 'log_dir': 'results_phase3_fwt/raw', 'run_name': 'split_cifar10_xder_seed789', 'seed': 789}
[17:47:04] Device: cuda
[17:47:06] Dataset: SplitCIFAR10(tasks=5, classes_per_task=2, scenario=class-il)
[17:47:06] 
============================================================
 Task 1/5  | Classes (0, 2)
============================================================
[17:47:06] Task 0 baseline (chance): 50.00%
[17:47:25] task=0  epoch=0  train_loss=2.1646
[17:47:27] task=0  epoch=END  time_sec=19.1  acc_task0=81.7
[17:47:27] 
============================================================
 Task 2/5  | Classes (2, 4)
============================================================
[17:47:27] Task 1 baseline (chance): 25.00%
[17:47:28] Task 1 zero-shot (pre-train): 1.65%
[17:47:47] task=1  epoch=0  train_loss=1.5471
[17:47:49] task=1  epoch=END  time_sec=19.3  acc_task0=7.75  acc_task1=73.25
[17:47:49] 
============================================================
 Task 3/5  | Classes (4, 6)
============================================================
[17:47:49] Task 2 baseline (chance): 16.67%
[17:47:50] Task 2 zero-shot (pre-train): 0.00%
[17:48:09] task=2  epoch=0  train_loss=1.6707
[17:48:12] task=2  epoch=END  time_sec=19.2  acc_task0=6.55  acc_task1=1.1  acc_task2=77.1
[17:48:13] 
============================================================
 Task 4/5  | Classes (6, 8)
============================================================
[17:48:13] Task 3 baseline (chance): 12.50%
[17:48:13] Task 3 zero-shot (pre-train): 0.00%
[17:48:32] task=3  epoch=0  train_loss=1.5123
[17:48:37] task=3  epoch=END  time_sec=19.1  acc_task0=6.7  acc_task1=1.6  acc_task2=1.6  acc_task3=88.4
[17:48:37] 
============================================================
 Task 5/5  | Classes (8, 10)
============================================================
[17:48:37] Task 4 baseline (chance): 10.00%
[17:48:38] Task 4 zero-shot (pre-train): 0.00%
[17:48:57] task=4  epoch=0  train_loss=1.2842
[17:49:02] task=4  epoch=END  time_sec=18.9  acc_task0=1.05  acc_task1=0.35  acc_task2=0.8  acc_task3=1.0  acc_task4=87.3
[17:49:02] 
Final Metrics:
  avg_accuracy         +18.1000
  forgetting           +79.3125
  backward_transfer    -79.3125
  forward_transfer     -15.6292
[17:49:02] 
Done - run: split_cifar10_xder_seed789
[17:49:02] Metrics: {'avg_accuracy': 18.1, 'forgetting': 79.3125, 'backward_transfer': -79.3125, 'forward_transfer': -15.6292}
