[17:43:09] Starting: split_cifar10_xder_seed123
[17:43:09] Config: {'dataset': 'split_cifar10', 'data_root': 'Project/data_local', 'model': 'slim_resnet18', 'pretrained': False, 'method': 'xder', 'n_epochs': 1, 'batch_size': 32, 'num_workers': 0, 'lr': 0.03, 'momentum': 0.9, 'weight_decay': 0.0001, 'fp16': False, 'buffer_size': 200, 'ewc_lambda': 100.0, 'fisher_samples': 200, 'si_lambda': 1.0, 'si_xi': 0.1, 'der_alpha': 0.5, 'xder_beta': 0.5, 'lwf_lambda': 1.0, 'lwf_temp': 2.0, 'icarl_distill_w': 1.0, 'icarl_temp': 2.0, 'use_nmc': True, 'agem_mem_batch': 64, 'distill_lambda': 1.0, 'distill_temp': 2.0, 'pc_distill_w': 1.0, 'pc_ewc_lambda': 100.0, 'pc_compress_epochs': 3, 'er_replay_ratio': 0.5, 'joint_replay_epochs': 1, 'disable_tqdm': True, 'disable_checkpoints': True, 'disable_plots': False, 'seeds': [42, 123, 456, 789, 1024], 'results_root': 'results_phase3_fwt', 'checkpoint_dir': 'results/checkpoints', 'figure_dir': 'results_phase3_fwt/figures', 'log_dir': 'results_phase3_fwt/raw', 'run_name': 'split_cifar10_xder_seed123', 'seed': 123}
[17:43:09] Device: cuda
[17:43:11] Dataset: SplitCIFAR10(tasks=5, classes_per_task=2, scenario=class-il)
[17:43:11] 
============================================================
 Task 1/5  | Classes (0, 2)
============================================================
[17:43:11] Task 0 baseline (chance): 50.00%
[17:43:30] task=0  epoch=0  train_loss=1.6961
[17:43:32] task=0  epoch=END  time_sec=19.1  acc_task0=84.0
[17:43:32] 
============================================================
 Task 2/5  | Classes (2, 4)
============================================================
[17:43:32] Task 1 baseline (chance): 25.00%
[17:43:33] Task 1 zero-shot (pre-train): 6.40%
[17:43:52] task=1  epoch=0  train_loss=1.5818
[17:43:54] task=1  epoch=END  time_sec=19.1  acc_task0=7.3  acc_task1=68.5
[17:43:54] 
============================================================
 Task 3/5  | Classes (4, 6)
============================================================
[17:43:54] Task 2 baseline (chance): 16.67%
[17:43:55] Task 2 zero-shot (pre-train): 0.00%
[17:44:14] task=2  epoch=0  train_loss=1.8413
[17:44:17] task=2  epoch=END  time_sec=18.9  acc_task0=21.35  acc_task1=0.3  acc_task2=75.5
[17:44:17] 
============================================================
 Task 4/5  | Classes (6, 8)
============================================================
[17:44:17] Task 3 baseline (chance): 12.50%
[17:44:18] Task 3 zero-shot (pre-train): 0.00%
[17:44:37] task=3  epoch=0  train_loss=1.7172
[17:44:41] task=3  epoch=END  time_sec=19.0  acc_task0=1.35  acc_task1=0.05  acc_task2=1.15  acc_task3=83.9
[17:44:41] 
============================================================
 Task 5/5  | Classes (8, 10)
============================================================
[17:44:41] Task 4 baseline (chance): 10.00%
[17:44:42] Task 4 zero-shot (pre-train): 0.00%
[17:45:01] task=4  epoch=0  train_loss=1.4883
[17:45:06] task=4  epoch=END  time_sec=18.9  acc_task0=2.3  acc_task1=0.75  acc_task2=1.95  acc_task3=8.0  acc_task4=84.2
[17:45:06] 
Final Metrics:
  avg_accuracy         +19.4400
  forgetting           +74.7250
  backward_transfer    -74.7250
  forward_transfer     -14.4417
[17:45:07] 
Done - run: split_cifar10_xder_seed123
[17:45:07] Metrics: {'avg_accuracy': 19.44, 'forgetting': 74.725, 'backward_transfer': -74.725, 'forward_transfer': -14.4417}
