[02:45:18] Starting: split_cifar10_ewc_lambda10_seed42
[02:45:18] Config: {'dataset': 'split_cifar10', 'data_root': 'F:\\Temp\\cf\\Catastrophic Forgetting\\research_v2\\Project\\data_local', 'dataset_image_size': None, 'dataset_out_channels': None, 'model': 'slim_resnet18', 'pretrained': False, 'model_image_size': None, 'method': 'ewc', 'n_epochs': 1, 'batch_size': 32, 'num_workers': 0, 'lr': 0.03, 'momentum': 0.9, 'weight_decay': 0.0001, 'fp16': False, 'buffer_size': 200, 'ewc_lambda': 10.0, 'fisher_samples': 200, 'si_lambda': 1.0, 'si_xi': 0.1, 'der_alpha': 0.5, 'xder_beta': 0.5, 'lwf_lambda': 1.0, 'lwf_temp': 2.0, 'icarl_distill_w': 1.0, 'icarl_temp': 2.0, 'use_nmc': True, 'agem_mem_batch': 64, 'distill_lambda': 1.0, 'distill_temp': 2.0, 'pc_distill_w': 1.0, 'pc_ewc_lambda': 100.0, 'pc_compress_epochs': 3, 'er_replay_ratio': 0.5, 'joint_replay_epochs': 1, 'disable_tqdm': True, 'disable_checkpoints': False, 'disable_plots': True, 'resume': False, 'cleanup_checkpoints_on_success': True, 'result_group': 'ablations', 'ablation_family': 'lambda', 'seeds': [42, 123, 456, 789, 1024], 'results_root': 'F:\\Temp\\cf\\Catastrophic Forgetting\\research_v2\\results', 'run_tag': 'lambda10', 'seed': 42, 'run_name': 'split_cifar10_ewc_lambda10_seed42', 'project_root': 'F:\\Temp\\cf\\Catastrophic Forgetting\\research_v2\\Project', 'workspace_root': 'F:\\Temp\\cf\\Catastrophic Forgetting\\research_v2', 'run_root': 'F:\\Temp\\cf\\Catastrophic Forgetting\\research_v2\\results\\ablations\\epoch_1\\split_cifar10\\lambda\\ewc__lambda10\\seed_42', 'log_dir': 'F:\\Temp\\cf\\Catastrophic Forgetting\\research_v2\\results\\ablations\\epoch_1\\split_cifar10\\lambda\\ewc__lambda10\\seed_42\\logs', 'metrics_dir': 'F:\\Temp\\cf\\Catastrophic Forgetting\\research_v2\\results\\ablations\\epoch_1\\split_cifar10\\lambda\\ewc__lambda10\\seed_42\\metrics', 'checkpoint_dir': 'F:\\Temp\\cf\\Catastrophic Forgetting\\research_v2\\results\\ablations\\epoch_1\\split_cifar10\\lambda\\ewc__lambda10\\seed_42\\checkpoints', 'artifact_dir': 'F:\\Temp\\cf\\Catastrophic Forgetting\\research_v2\\results\\ablations\\epoch_1\\split_cifar10\\lambda\\ewc__lambda10\\seed_42\\artifacts', 'figure_dir': 'F:\\Temp\\cf\\Catastrophic Forgetting\\research_v2\\results\\figures\\ablations\\epoch_1\\split_cifar10\\lambda\\ewc__lambda10\\seed_42'}
[02:45:18] Device: cuda
[02:45:20] Dataset: SplitCIFAR10(tasks=5, classes_per_task=2, scenario=class-il)
[02:45:21] 
============================================================
 Task 1/5  | Classes (0, 2)
============================================================
[02:45:21] Task 0 baseline (chance): 50.00%
[02:45:39] task=0  epoch=0  train_loss=0.5767
[02:45:40] task=0  epoch=END  time_sec=18.5  acc_task0=75.25
[02:45:41] 
============================================================
 Task 2/5  | Classes (2, 4)
============================================================
[02:45:41] Task 1 baseline (chance): 25.00%
[02:45:42] Task 1 zero-shot (pre-train): 0.15%
[02:46:14] task=1  epoch=0  train_loss=0.6062
[02:46:17] task=1  epoch=END  time_sec=32.3  acc_task0=0.0  acc_task1=75.45
[02:46:17] 
============================================================
 Task 3/5  | Classes (4, 6)
============================================================
[02:46:17] Task 2 baseline (chance): 16.67%
[02:46:18] Task 2 zero-shot (pre-train): 0.00%
[02:46:57] task=2  epoch=0  train_loss=0.6009
[02:47:00] task=2  epoch=END  time_sec=38.9  acc_task0=0.0  acc_task1=0.0  acc_task2=80.1
[02:47:00] 
============================================================
 Task 4/5  | Classes (6, 8)
============================================================
[02:47:00] Task 3 baseline (chance): 12.50%
[02:47:01] Task 3 zero-shot (pre-train): 0.00%
[02:47:43] task=3  epoch=0  train_loss=0.6279
[02:47:48] task=3  epoch=END  time_sec=42.9  acc_task0=0.0  acc_task1=0.0  acc_task2=0.0  acc_task3=85.7
[02:47:48] 
============================================================
 Task 5/5  | Classes (8, 10)
============================================================
[02:47:48] Task 4 baseline (chance): 10.00%
[02:47:49] Task 4 zero-shot (pre-train): 0.00%
[02:48:32] task=4  epoch=0  train_loss=0.6657
[02:48:37] task=4  epoch=END  time_sec=42.6  acc_task0=0.0  acc_task1=0.0  acc_task2=0.0  acc_task3=0.0  acc_task4=84.3
[02:48:38] 
Final Metrics:
  avg_accuracy         +16.8600
  forgetting           +79.1250
  backward_transfer    -79.1250
  forward_transfer     -16.0042
[02:48:38] 
Done - run: split_cifar10_ewc_lambda10_seed42
[02:48:38] Metrics: {'avg_accuracy': 16.86, 'forgetting': 79.125, 'backward_transfer': -79.125, 'forward_transfer': -16.0042}
[02:48:38] Deleted 5 checkpoint(s) after successful completion.
