[15:25:46] Starting: split_cifar10_agem_distill_buf100_seed789
[15:25:46] Config: {'dataset': 'split_cifar10', 'data_root': 'Project/data_local', 'model': 'slim_resnet18', 'pretrained': False, 'method': 'agem_distill', 'n_epochs': 1, 'batch_size': 32, 'num_workers': 0, 'lr': 0.03, 'momentum': 0.9, 'weight_decay': 0.0001, 'fp16': False, 'buffer_size': 100, 'ewc_lambda': 100.0, 'fisher_samples': 200, 'si_lambda': 1.0, 'si_xi': 0.1, 'der_alpha': 0.5, 'xder_beta': 0.5, 'lwf_lambda': 1.0, 'lwf_temp': 2.0, 'icarl_distill_w': 1.0, 'icarl_temp': 2.0, 'use_nmc': True, 'agem_mem_batch': 64, 'distill_lambda': 1.0, 'distill_temp': 2.0, 'pc_distill_w': 1.0, 'pc_ewc_lambda': 100.0, 'pc_compress_epochs': 3, 'er_replay_ratio': 0.5, 'joint_replay_epochs': 1, 'disable_tqdm': True, 'disable_checkpoints': True, 'disable_plots': True, 'seeds': [42, 123, 456, 789, 1024], 'results_root': 'results_phase3_ablations', 'checkpoint_dir': 'results/checkpoints', 'figure_dir': 'results_phase3_ablations\\figures', 'log_dir': 'results_phase3_ablations\\raw', 'run_tag': 'buf100', 'run_name': 'split_cifar10_agem_distill_buf100_seed789', 'seed': 789}
[15:25:46] Device: cuda
[15:25:48] Dataset: SplitCIFAR10(tasks=5, classes_per_task=2, scenario=class-il)
[15:25:48] 
============================================================
 Task 1/5  | Classes (0, 2)
============================================================
[15:25:48] Task 0 baseline (chance): 50.00%
[15:26:15] task=0  epoch=0  train_loss=1.2877
[15:26:16] task=0  epoch=END  time_sec=26.9  acc_task0=78.15
[15:26:16] 
============================================================
 Task 2/5  | Classes (2, 4)
============================================================
[15:26:16] Task 1 baseline (chance): 25.00%
[15:26:17] Task 1 zero-shot (pre-train): 0.05%
[15:26:47] task=1  epoch=0  train_loss=8.9717
[15:26:49] task=1  epoch=END  time_sec=29.3  acc_task0=60.05  acc_task1=42.2
[15:26:49] 
============================================================
 Task 3/5  | Classes (4, 6)
============================================================
[15:26:49] Task 2 baseline (chance): 16.67%
[15:26:50] Task 2 zero-shot (pre-train): 0.05%
[15:27:19] task=2  epoch=0  train_loss=8.4146
[15:27:23] task=2  epoch=END  time_sec=29.3  acc_task0=57.65  acc_task1=16.55  acc_task2=37.55
[15:27:23] 
============================================================
 Task 4/5  | Classes (6, 8)
============================================================
[15:27:23] Task 3 baseline (chance): 12.50%
[15:27:24] Task 3 zero-shot (pre-train): 0.00%
[15:27:53] task=3  epoch=0  train_loss=6.9348
[15:27:58] task=3  epoch=END  time_sec=29.3  acc_task0=38.4  acc_task1=5.75  acc_task2=19.45  acc_task3=47.0
[15:27:58] 
============================================================
 Task 5/5  | Classes (8, 10)
============================================================
[15:27:58] Task 4 baseline (chance): 10.00%
[15:27:59] Task 4 zero-shot (pre-train): 0.00%
[15:28:28] task=4  epoch=0  train_loss=8.4154
[15:28:34] task=4  epoch=END  time_sec=29.3  acc_task0=15.45  acc_task1=7.1  acc_task2=22.9  acc_task3=19.1  acc_task4=52.0
[15:28:34] 
Final Metrics:
  avg_accuracy         +23.3100
  forgetting           +35.0875
  backward_transfer    -35.0875
  forward_transfer     -16.0167
[15:28:34] 
Done - run: split_cifar10_agem_distill_buf100_seed789
[15:28:34] Metrics: {'avg_accuracy': 23.31, 'forgetting': 35.0875, 'backward_transfer': -35.0875, 'forward_transfer': -16.0167}
