[15:22:58] Starting: split_cifar10_agem_distill_buf100_seed456
[15:22:58] Config: {'dataset': 'split_cifar10', 'data_root': 'Project/data_local', 'model': 'slim_resnet18', 'pretrained': False, 'method': 'agem_distill', 'n_epochs': 1, 'batch_size': 32, 'num_workers': 0, 'lr': 0.03, 'momentum': 0.9, 'weight_decay': 0.0001, 'fp16': False, 'buffer_size': 100, 'ewc_lambda': 100.0, 'fisher_samples': 200, 'si_lambda': 1.0, 'si_xi': 0.1, 'der_alpha': 0.5, 'xder_beta': 0.5, 'lwf_lambda': 1.0, 'lwf_temp': 2.0, 'icarl_distill_w': 1.0, 'icarl_temp': 2.0, 'use_nmc': True, 'agem_mem_batch': 64, 'distill_lambda': 1.0, 'distill_temp': 2.0, 'pc_distill_w': 1.0, 'pc_ewc_lambda': 100.0, 'pc_compress_epochs': 3, 'er_replay_ratio': 0.5, 'joint_replay_epochs': 1, 'disable_tqdm': True, 'disable_checkpoints': True, 'disable_plots': True, 'seeds': [42, 123, 456, 789, 1024], 'results_root': 'results_phase3_ablations', 'checkpoint_dir': 'results/checkpoints', 'figure_dir': 'results_phase3_ablations\\figures', 'log_dir': 'results_phase3_ablations\\raw', 'run_tag': 'buf100', 'run_name': 'split_cifar10_agem_distill_buf100_seed456', 'seed': 456}
[15:22:58] Device: cuda
[15:23:00] Dataset: SplitCIFAR10(tasks=5, classes_per_task=2, scenario=class-il)
[15:23:00] 
============================================================
 Task 1/5  | Classes (0, 2)
============================================================
[15:23:00] Task 0 baseline (chance): 50.00%
[15:23:27] task=0  epoch=0  train_loss=1.2136
[15:23:28] task=0  epoch=END  time_sec=27.0  acc_task0=82.85
[15:23:28] 
============================================================
 Task 2/5  | Classes (2, 4)
============================================================
[15:23:28] Task 1 baseline (chance): 25.00%
[15:23:29] Task 1 zero-shot (pre-train): 1.65%
[15:23:59] task=1  epoch=0  train_loss=9.6585
[15:24:01] task=1  epoch=END  time_sec=29.2  acc_task0=57.05  acc_task1=38.0
[15:24:01] 
============================================================
 Task 3/5  | Classes (4, 6)
============================================================
[15:24:01] Task 2 baseline (chance): 16.67%
[15:24:02] Task 2 zero-shot (pre-train): 0.00%
[15:24:31] task=2  epoch=0  train_loss=9.6298
[15:24:35] task=2  epoch=END  time_sec=29.2  acc_task0=60.5  acc_task1=20.15  acc_task2=26.8
[15:24:35] 
============================================================
 Task 4/5  | Classes (6, 8)
============================================================
[15:24:35] Task 3 baseline (chance): 12.50%
[15:24:36] Task 3 zero-shot (pre-train): 0.00%
[15:25:05] task=3  epoch=0  train_loss=7.865
[15:25:10] task=3  epoch=END  time_sec=29.3  acc_task0=46.2  acc_task1=6.25  acc_task2=14.25  acc_task3=45.55
[15:25:10] 
============================================================
 Task 5/5  | Classes (8, 10)
============================================================
[15:25:10] Task 4 baseline (chance): 10.00%
[15:25:11] Task 4 zero-shot (pre-train): 0.00%
[15:25:40] task=4  epoch=0  train_loss=10.4678
[15:25:46] task=4  epoch=END  time_sec=29.2  acc_task0=18.1  acc_task1=8.4  acc_task2=12.65  acc_task3=37.95  acc_task4=25.7
[15:25:46] 
Final Metrics:
  avg_accuracy         +20.5600
  forgetting           +29.0250
  backward_transfer    -29.0250
  forward_transfer     -15.6292
[15:25:46] 
Done - run: split_cifar10_agem_distill_buf100_seed456
[15:25:46] Metrics: {'avg_accuracy': 20.56, 'forgetting': 29.025, 'backward_transfer': -29.025, 'forward_transfer': -15.6292}
