[15:28:34] Starting: split_cifar10_agem_distill_buf100_seed1024
[15:28:34] Config: {'dataset': 'split_cifar10', 'data_root': 'Project/data_local', 'model': 'slim_resnet18', 'pretrained': False, 'method': 'agem_distill', 'n_epochs': 1, 'batch_size': 32, 'num_workers': 0, 'lr': 0.03, 'momentum': 0.9, 'weight_decay': 0.0001, 'fp16': False, 'buffer_size': 100, 'ewc_lambda': 100.0, 'fisher_samples': 200, 'si_lambda': 1.0, 'si_xi': 0.1, 'der_alpha': 0.5, 'xder_beta': 0.5, 'lwf_lambda': 1.0, 'lwf_temp': 2.0, 'icarl_distill_w': 1.0, 'icarl_temp': 2.0, 'use_nmc': True, 'agem_mem_batch': 64, 'distill_lambda': 1.0, 'distill_temp': 2.0, 'pc_distill_w': 1.0, 'pc_ewc_lambda': 100.0, 'pc_compress_epochs': 3, 'er_replay_ratio': 0.5, 'joint_replay_epochs': 1, 'disable_tqdm': True, 'disable_checkpoints': True, 'disable_plots': True, 'seeds': [42, 123, 456, 789, 1024], 'results_root': 'results_phase3_ablations', 'checkpoint_dir': 'results/checkpoints', 'figure_dir': 'results_phase3_ablations\\figures', 'log_dir': 'results_phase3_ablations\\raw', 'run_tag': 'buf100', 'run_name': 'split_cifar10_agem_distill_buf100_seed1024', 'seed': 1024}
[15:28:34] Device: cuda
[15:28:36] Dataset: SplitCIFAR10(tasks=5, classes_per_task=2, scenario=class-il)
[15:28:36] 
============================================================
 Task 1/5  | Classes (0, 2)
============================================================
[15:28:36] Task 0 baseline (chance): 50.00%
[15:29:03] task=0  epoch=0  train_loss=1.4339
[15:29:04] task=0  epoch=END  time_sec=27.1  acc_task0=80.0
[15:29:04] 
============================================================
 Task 2/5  | Classes (2, 4)
============================================================
[15:29:04] Task 1 baseline (chance): 25.00%
[15:29:06] Task 1 zero-shot (pre-train): 0.00%
[15:29:35] task=1  epoch=0  train_loss=9.8006
[15:29:37] task=1  epoch=END  time_sec=29.3  acc_task0=57.95  acc_task1=43.25
[15:29:37] 
============================================================
 Task 3/5  | Classes (4, 6)
============================================================
[15:29:37] Task 2 baseline (chance): 16.67%
[15:29:38] Task 2 zero-shot (pre-train): 0.00%
[15:30:08] task=2  epoch=0  train_loss=8.9754
[15:30:11] task=2  epoch=END  time_sec=29.3  acc_task0=47.6  acc_task1=14.5  acc_task2=45.1
[15:30:11] 
============================================================
 Task 4/5  | Classes (6, 8)
============================================================
[15:30:11] Task 3 baseline (chance): 12.50%
[15:30:12] Task 3 zero-shot (pre-train): 0.00%
[15:30:42] task=3  epoch=0  train_loss=7.5533
[15:30:46] task=3  epoch=END  time_sec=29.2  acc_task0=40.0  acc_task1=16.05  acc_task2=16.95  acc_task3=35.25
[15:30:46] 
============================================================
 Task 5/5  | Classes (8, 10)
============================================================
[15:30:46] Task 4 baseline (chance): 10.00%
[15:30:47] Task 4 zero-shot (pre-train): 0.00%
[15:31:17] task=4  epoch=0  train_loss=7.976
[15:31:23] task=4  epoch=END  time_sec=29.4  acc_task0=14.3  acc_task1=9.1  acc_task2=25.75  acc_task3=15.05  acc_task4=48.1
[15:31:23] 
Final Metrics:
  avg_accuracy         +22.4600
  forgetting           +34.8500
  backward_transfer    -34.8500
  forward_transfer     -16.0417
[15:31:23] 
Done - run: split_cifar10_agem_distill_buf100_seed1024
[15:31:23] Metrics: {'avg_accuracy': 22.46, 'forgetting': 34.85, 'backward_transfer': -34.85, 'forward_transfer': -16.0417}
