[15:20:10] Starting: split_cifar10_agem_distill_buf100_seed123
[15:20:10] Config: {'dataset': 'split_cifar10', 'data_root': 'Project/data_local', 'model': 'slim_resnet18', 'pretrained': False, 'method': 'agem_distill', 'n_epochs': 1, 'batch_size': 32, 'num_workers': 0, 'lr': 0.03, 'momentum': 0.9, 'weight_decay': 0.0001, 'fp16': False, 'buffer_size': 100, 'ewc_lambda': 100.0, 'fisher_samples': 200, 'si_lambda': 1.0, 'si_xi': 0.1, 'der_alpha': 0.5, 'xder_beta': 0.5, 'lwf_lambda': 1.0, 'lwf_temp': 2.0, 'icarl_distill_w': 1.0, 'icarl_temp': 2.0, 'use_nmc': True, 'agem_mem_batch': 64, 'distill_lambda': 1.0, 'distill_temp': 2.0, 'pc_distill_w': 1.0, 'pc_ewc_lambda': 100.0, 'pc_compress_epochs': 3, 'er_replay_ratio': 0.5, 'joint_replay_epochs': 1, 'disable_tqdm': True, 'disable_checkpoints': True, 'disable_plots': True, 'seeds': [42, 123, 456, 789, 1024], 'results_root': 'results_phase3_ablations', 'checkpoint_dir': 'results/checkpoints', 'figure_dir': 'results_phase3_ablations\\figures', 'log_dir': 'results_phase3_ablations\\raw', 'run_tag': 'buf100', 'run_name': 'split_cifar10_agem_distill_buf100_seed123', 'seed': 123}
[15:20:10] Device: cuda
[15:20:12] Dataset: SplitCIFAR10(tasks=5, classes_per_task=2, scenario=class-il)
[15:20:12] 
============================================================
 Task 1/5  | Classes (0, 2)
============================================================
[15:20:12] Task 0 baseline (chance): 50.00%
[15:20:39] task=0  epoch=0  train_loss=1.3409
[15:20:40] task=0  epoch=END  time_sec=27.0  acc_task0=74.3
[15:20:40] 
============================================================
 Task 2/5  | Classes (2, 4)
============================================================
[15:20:40] Task 1 baseline (chance): 25.00%
[15:20:41] Task 1 zero-shot (pre-train): 2.75%
[15:21:11] task=1  epoch=0  train_loss=10.1893
[15:21:13] task=1  epoch=END  time_sec=29.2  acc_task0=51.3  acc_task1=46.8
[15:21:13] 
============================================================
 Task 3/5  | Classes (4, 6)
============================================================
[15:21:13] Task 2 baseline (chance): 16.67%
[15:21:14] Task 2 zero-shot (pre-train): 0.00%
[15:21:43] task=2  epoch=0  train_loss=10.2879
[15:21:47] task=2  epoch=END  time_sec=29.3  acc_task0=38.0  acc_task1=16.95  acc_task2=35.5
[15:21:47] 
============================================================
 Task 4/5  | Classes (6, 8)
============================================================
[15:21:47] Task 3 baseline (chance): 12.50%
[15:21:48] Task 3 zero-shot (pre-train): 0.00%
[15:22:17] task=3  epoch=0  train_loss=8.7358
[15:22:22] task=3  epoch=END  time_sec=29.3  acc_task0=33.05  acc_task1=10.2  acc_task2=14.1  acc_task3=42.15
[15:22:22] 
============================================================
 Task 5/5  | Classes (8, 10)
============================================================
[15:22:22] Task 4 baseline (chance): 10.00%
[15:22:23] Task 4 zero-shot (pre-train): 0.00%
[15:22:52] task=4  epoch=0  train_loss=10.6497
[15:22:58] task=4  epoch=END  time_sec=29.2  acc_task0=8.4  acc_task1=15.5  acc_task2=10.65  acc_task3=23.25  acc_task4=44.0
[15:22:58] 
Final Metrics:
  avg_accuracy         +20.3600
  forgetting           +35.2375
  backward_transfer    -35.2375
  forward_transfer     -15.3542
[15:22:58] 
Done - run: split_cifar10_agem_distill_buf100_seed123
[15:22:58] Metrics: {'avg_accuracy': 20.36, 'forgetting': 35.2375, 'backward_transfer': -35.2375, 'forward_transfer': -15.3542}
