[19:51:31] Starting: permuted_mnist_xder_norevision_seed456
[19:51:31] Config: {'dataset': 'permuted_mnist', 'data_root': 'Project/data_local', 'model': 'resnet8', 'pretrained': False, 'method': 'xder', 'n_epochs': 1, 'batch_size': 32, 'num_workers': 0, 'lr': 0.03, 'momentum': 0.9, 'weight_decay': 0.0001, 'fp16': False, 'buffer_size': 200, 'ewc_lambda': 100.0, 'fisher_samples': 200, 'si_lambda': 1.0, 'si_xi': 0.1, 'der_alpha': 0.5, 'xder_beta': 0.0, 'lwf_lambda': 1.0, 'lwf_temp': 2.0, 'icarl_distill_w': 1.0, 'icarl_temp': 2.0, 'use_nmc': True, 'agem_mem_batch': 64, 'distill_lambda': 1.0, 'distill_temp': 2.0, 'pc_distill_w': 1.0, 'pc_ewc_lambda': 100.0, 'pc_compress_epochs': 3, 'er_replay_ratio': 0.5, 'joint_replay_epochs': 1, 'disable_tqdm': True, 'disable_checkpoints': True, 'disable_plots': True, 'seeds': [42, 123, 456], 'results_root': 'results_phase3_interactions', 'checkpoint_dir': 'results/checkpoints', 'figure_dir': 'results_phase3_interactions/figures', 'log_dir': 'results_phase3_interactions/raw', 'run_tag': 'norevision', 'run_name': 'permuted_mnist_xder_norevision_seed456', 'seed': 456}
[19:51:31] Device: cuda
[19:51:31] Dataset: PermutedMNIST(tasks=10, classes_per_task=10, scenario=domain-il)
[19:51:31] 
============================================================
 Task 1/10  | Classes (0, 10)
============================================================
[19:51:31] Task 0 baseline (chance): 10.00%
[19:52:39] task=0  epoch=0  train_loss=0.4333
[19:52:44] task=0  epoch=END  time_sec=67.7  acc_task0=96.06
[19:52:44] 
============================================================
 Task 2/10  | Classes (0, 10)
============================================================
[19:52:44] Task 1 baseline (chance): 10.00%
[19:52:48] Task 1 zero-shot (pre-train): 7.70%
[19:53:55] task=1  epoch=0  train_loss=0.3322
[19:54:06] task=1  epoch=END  time_sec=66.8  acc_task0=83.38  acc_task1=96.17
[19:54:06] 
============================================================
 Task 3/10  | Classes (0, 10)
============================================================
[19:54:06] Task 2 baseline (chance): 10.00%
[19:54:11] Task 2 zero-shot (pre-train): 15.78%
[19:55:18] task=2  epoch=0  train_loss=0.344
[19:55:34] task=2  epoch=END  time_sec=66.9  acc_task0=74.68  acc_task1=87.72  acc_task2=95.77
[19:55:34] 
============================================================
 Task 4/10  | Classes (0, 10)
============================================================
[19:55:34] Task 3 baseline (chance): 10.00%
[19:55:39] Task 3 zero-shot (pre-train): 9.62%
[19:56:45] task=3  epoch=0  train_loss=0.3372
[19:57:07] task=3  epoch=END  time_sec=66.0  acc_task0=66.41  acc_task1=80.6  acc_task2=87.3  acc_task3=96.26
[19:57:07] 
============================================================
 Task 5/10  | Classes (0, 10)
============================================================
[19:57:07] Task 4 baseline (chance): 10.00%
[19:57:12] Task 4 zero-shot (pre-train): 11.88%
[19:58:18] task=4  epoch=0  train_loss=0.3285
[19:58:44] task=4  epoch=END  time_sec=66.4  acc_task0=62.03  acc_task1=74.78  acc_task2=78.54  acc_task3=86.59  acc_task4=96.39
[19:58:44] 
============================================================
 Task 6/10  | Classes (0, 10)
============================================================
[19:58:44] Task 5 baseline (chance): 10.00%
[19:58:50] Task 5 zero-shot (pre-train): 6.23%
[19:59:56] task=5  epoch=0  train_loss=0.3296
[20:00:28] task=5  epoch=END  time_sec=65.9  acc_task0=58.99  acc_task1=67.69  acc_task2=71.01  acc_task3=71.89  acc_task4=88.52  acc_task5=96.39
[20:00:28] 
============================================================
 Task 7/10  | Classes (0, 10)
============================================================
[20:00:28] Task 6 baseline (chance): 10.00%
[20:00:33] Task 6 zero-shot (pre-train): 14.78%
[20:01:43] task=6  epoch=0  train_loss=0.3259
[20:02:21] task=6  epoch=END  time_sec=69.7  acc_task0=55.23  acc_task1=63.42  acc_task2=63.43  acc_task3=60.5  acc_task4=75.02  acc_task5=87.63  acc_task6=96.05
[20:02:21] 
============================================================
 Task 8/10  | Classes (0, 10)
============================================================
[20:02:21] Task 7 baseline (chance): 10.00%
[20:02:26] Task 7 zero-shot (pre-train): 11.39%
[20:03:34] task=7  epoch=0  train_loss=0.3157
[20:04:17] task=7  epoch=END  time_sec=68.3  acc_task0=48.52  acc_task1=55.79  acc_task2=49.86  acc_task3=55.95  acc_task4=57.63  acc_task5=70.7  acc_task6=80.58  acc_task7=95.95
[20:04:17] 
============================================================
 Task 9/10  | Classes (0, 10)
============================================================
[20:04:17] Task 8 baseline (chance): 10.00%
[20:04:22] Task 8 zero-shot (pre-train): 11.28%
[20:05:30] task=8  epoch=0  train_loss=0.3167
[20:06:18] task=8  epoch=END  time_sec=68.3  acc_task0=45.38  acc_task1=53.88  acc_task2=48.81  acc_task3=51.68  acc_task4=52.47  acc_task5=60.92  acc_task6=74.45  acc_task7=85.44  acc_task8=96.39
[20:06:18] 
============================================================
 Task 10/10  | Classes (0, 10)
============================================================
[20:06:18] Task 9 baseline (chance): 10.00%
[20:06:24] Task 9 zero-shot (pre-train): 13.46%
[20:07:36] task=9  epoch=0  train_loss=0.3023
[20:08:27] task=9  epoch=END  time_sec=71.5  acc_task0=42.76  acc_task1=48.07  acc_task2=42.56  acc_task3=47.73  acc_task4=49.92  acc_task5=54.6  acc_task6=65.77  acc_task7=75.79  acc_task8=87.41  acc_task9=96.1
[20:08:27] 
Final Metrics:
  avg_accuracy         +61.0710
  forgetting           +38.9800
  backward_transfer    -38.9800
  forward_transfer     +1.3467
[20:08:27] 
Done - run: permuted_mnist_xder_norevision_seed456
[20:08:27] Metrics: {'avg_accuracy': 61.071, 'forgetting': 38.98, 'backward_transfer': -38.98, 'forward_transfer': 1.3467}
