[01:28:29] Starting: split_cifar10_er_ewc_lambda10_seed42
[01:28:29] Config: {'dataset': 'split_cifar10', 'data_root': 'F:\\Temp\\cf\\Catastrophic Forgetting\\research_v2\\Project\\data_local', 'dataset_image_size': None, 'dataset_out_channels': None, 'model': 'slim_resnet18', 'pretrained': False, 'model_image_size': None, 'method': 'er_ewc', 'n_epochs': 1, 'batch_size': 32, 'num_workers': 0, 'lr': 0.03, 'momentum': 0.9, 'weight_decay': 0.0001, 'fp16': False, 'buffer_size': 200, 'ewc_lambda': 10.0, 'fisher_samples': 200, 'si_lambda': 1.0, 'si_xi': 0.1, 'der_alpha': 0.5, 'xder_beta': 0.5, 'lwf_lambda': 1.0, 'lwf_temp': 2.0, 'icarl_distill_w': 1.0, 'icarl_temp': 2.0, 'use_nmc': True, 'agem_mem_batch': 64, 'distill_lambda': 1.0, 'distill_temp': 2.0, 'pc_distill_w': 1.0, 'pc_ewc_lambda': 100.0, 'pc_compress_epochs': 3, 'er_replay_ratio': 0.5, 'joint_replay_epochs': 1, 'disable_tqdm': True, 'disable_checkpoints': False, 'disable_plots': True, 'resume': False, 'cleanup_checkpoints_on_success': True, 'result_group': 'ablations', 'ablation_family': 'lambda', 'seeds': [42, 123, 456, 789, 1024], 'results_root': 'F:\\Temp\\cf\\Catastrophic Forgetting\\research_v2\\results', 'run_tag': 'lambda10', 'seed': 42, 'run_name': 'split_cifar10_er_ewc_lambda10_seed42', 'project_root': 'F:\\Temp\\cf\\Catastrophic Forgetting\\research_v2\\Project', 'workspace_root': 'F:\\Temp\\cf\\Catastrophic Forgetting\\research_v2', 'run_root': 'F:\\Temp\\cf\\Catastrophic Forgetting\\research_v2\\results\\ablations\\epoch_1\\split_cifar10\\lambda\\er_ewc__lambda10\\seed_42', 'log_dir': 'F:\\Temp\\cf\\Catastrophic Forgetting\\research_v2\\results\\ablations\\epoch_1\\split_cifar10\\lambda\\er_ewc__lambda10\\seed_42\\logs', 'metrics_dir': 'F:\\Temp\\cf\\Catastrophic Forgetting\\research_v2\\results\\ablations\\epoch_1\\split_cifar10\\lambda\\er_ewc__lambda10\\seed_42\\metrics', 'checkpoint_dir': 'F:\\Temp\\cf\\Catastrophic Forgetting\\research_v2\\results\\ablations\\epoch_1\\split_cifar10\\lambda\\er_ewc__lambda10\\seed_42\\checkpoints', 'artifact_dir': 'F:\\Temp\\cf\\Catastrophic Forgetting\\research_v2\\results\\ablations\\epoch_1\\split_cifar10\\lambda\\er_ewc__lambda10\\seed_42\\artifacts', 'figure_dir': 'F:\\Temp\\cf\\Catastrophic Forgetting\\research_v2\\results\\figures\\ablations\\epoch_1\\split_cifar10\\lambda\\er_ewc__lambda10\\seed_42'}
[01:28:29] Device: cuda
[01:28:31] Dataset: SplitCIFAR10(tasks=5, classes_per_task=2, scenario=class-il)
[01:28:31] 
============================================================
 Task 1/5  | Classes (0, 2)
============================================================
[01:28:31] Task 0 baseline (chance): 50.00%
[01:28:51] task=0  epoch=0  train_loss=0.4839
[01:28:53] task=0  epoch=END  time_sec=19.9  acc_task0=87.65
[01:28:53] 
============================================================
 Task 2/5  | Classes (2, 4)
============================================================
[01:28:53] Task 1 baseline (chance): 25.00%
[01:28:54] Task 1 zero-shot (pre-train): 2.10%
[01:29:22] task=1  epoch=0  train_loss=0.7237
[01:29:24] task=1  epoch=END  time_sec=27.3  acc_task0=63.75  acc_task1=68.7
[01:29:25] 
============================================================
 Task 3/5  | Classes (4, 6)
============================================================
[01:29:25] Task 2 baseline (chance): 16.67%
[01:29:26] Task 2 zero-shot (pre-train): 0.00%
[01:30:11] task=2  epoch=0  train_loss=0.7073
[01:30:15] task=2  epoch=END  time_sec=45.0  acc_task0=29.75  acc_task1=2.45  acc_task2=76.7
[01:30:15] 
============================================================
 Task 4/5  | Classes (6, 8)
============================================================
[01:30:15] Task 3 baseline (chance): 12.50%
[01:30:16] Task 3 zero-shot (pre-train): 0.00%
[01:31:20] task=3  epoch=0  train_loss=0.5424
[01:31:24] task=3  epoch=END  time_sec=63.7  acc_task0=24.85  acc_task1=1.9  acc_task2=4.95  acc_task3=88.6
[01:31:25] 
============================================================
 Task 5/5  | Classes (8, 10)
============================================================
[01:31:25] Task 4 baseline (chance): 10.00%
[01:31:25] Task 4 zero-shot (pre-train): 0.00%
[01:32:30] task=4  epoch=0  train_loss=0.4929
[01:32:37] task=4  epoch=END  time_sec=64.9  acc_task0=0.35  acc_task1=1.7  acc_task2=5.9  acc_task3=19.4  acc_task4=87.3
[01:32:37] 
Final Metrics:
  avg_accuracy         +22.9300
  forgetting           +73.5750
  backward_transfer    -73.5750
  forward_transfer     -15.5167
[01:32:37] 
Done - run: split_cifar10_er_ewc_lambda10_seed42
[01:32:37] Metrics: {'avg_accuracy': 22.93, 'forgetting': 73.575, 'backward_transfer': -73.575, 'forward_transfer': -15.5167}
[01:32:37] Deleted 5 checkpoint(s) after successful completion.
