[02:00:31] Starting: split_cifar10_der_buf100_seed456
[02:00:31] Config: {'dataset': 'split_cifar10', 'data_root': 'F:\\Temp\\cf\\Catastrophic Forgetting\\research_v2\\Project\\data_local', 'dataset_image_size': None, 'dataset_out_channels': None, 'model': 'slim_resnet18', 'pretrained': False, 'model_image_size': None, 'method': 'der', 'n_epochs': 1, 'batch_size': 32, 'num_workers': 0, 'lr': 0.03, 'momentum': 0.9, 'weight_decay': 0.0001, 'fp16': False, 'buffer_size': 100, 'ewc_lambda': 100.0, 'fisher_samples': 200, 'si_lambda': 1.0, 'si_xi': 0.1, 'der_alpha': 0.5, 'xder_beta': 0.5, 'lwf_lambda': 1.0, 'lwf_temp': 2.0, 'icarl_distill_w': 1.0, 'icarl_temp': 2.0, 'use_nmc': True, 'agem_mem_batch': 64, 'distill_lambda': 1.0, 'distill_temp': 2.0, 'pc_distill_w': 1.0, 'pc_ewc_lambda': 100.0, 'pc_compress_epochs': 3, 'er_replay_ratio': 0.5, 'joint_replay_epochs': 1, 'disable_tqdm': True, 'disable_checkpoints': False, 'disable_plots': True, 'resume': False, 'cleanup_checkpoints_on_success': True, 'result_group': 'ablations', 'ablation_family': 'buffer', 'seeds': [42, 123, 456, 789, 1024], 'results_root': 'F:\\Temp\\cf\\Catastrophic Forgetting\\research_v2\\results', 'run_tag': 'buf100', 'seed': 456, 'run_name': 'split_cifar10_der_buf100_seed456', 'project_root': 'F:\\Temp\\cf\\Catastrophic Forgetting\\research_v2\\Project', 'workspace_root': 'F:\\Temp\\cf\\Catastrophic Forgetting\\research_v2', 'run_root': 'F:\\Temp\\cf\\Catastrophic Forgetting\\research_v2\\results\\ablations\\epoch_1\\split_cifar10\\buffer\\der__buf100\\seed_456', 'log_dir': 'F:\\Temp\\cf\\Catastrophic Forgetting\\research_v2\\results\\ablations\\epoch_1\\split_cifar10\\buffer\\der__buf100\\seed_456\\logs', 'metrics_dir': 'F:\\Temp\\cf\\Catastrophic Forgetting\\research_v2\\results\\ablations\\epoch_1\\split_cifar10\\buffer\\der__buf100\\seed_456\\metrics', 'checkpoint_dir': 'F:\\Temp\\cf\\Catastrophic Forgetting\\research_v2\\results\\ablations\\epoch_1\\split_cifar10\\buffer\\der__buf100\\seed_456\\checkpoints', 'artifact_dir': 'F:\\Temp\\cf\\Catastrophic Forgetting\\research_v2\\results\\ablations\\epoch_1\\split_cifar10\\buffer\\der__buf100\\seed_456\\artifacts', 'figure_dir': 'F:\\Temp\\cf\\Catastrophic Forgetting\\research_v2\\results\\figures\\ablations\\epoch_1\\split_cifar10\\buffer\\der__buf100\\seed_456'}
[02:00:31] Device: cuda
[02:00:33] Dataset: SplitCIFAR10(tasks=5, classes_per_task=2, scenario=class-il)
[02:00:33] 
============================================================
 Task 1/5  | Classes (0, 2)
============================================================
[02:00:33] Task 0 baseline (chance): 50.00%
[02:01:00] task=0  epoch=0  train_loss=0.7325
[02:01:01] task=0  epoch=END  time_sec=26.5  acc_task0=80.0
[02:01:01] 
============================================================
 Task 2/5  | Classes (2, 4)
============================================================
[02:01:01] Task 1 baseline (chance): 25.00%
[02:01:02] Task 1 zero-shot (pre-train): 11.30%
[02:01:32] task=1  epoch=0  train_loss=0.6937
[02:01:34] task=1  epoch=END  time_sec=30.0  acc_task0=0.0  acc_task1=75.0
[02:01:35] 
============================================================
 Task 3/5  | Classes (4, 6)
============================================================
[02:01:35] Task 2 baseline (chance): 16.67%
[02:01:36] Task 2 zero-shot (pre-train): 0.00%
[02:02:10] task=2  epoch=0  train_loss=0.8725
[02:02:13] task=2  epoch=END  time_sec=34.5  acc_task0=0.0  acc_task1=0.0  acc_task2=77.15
[02:02:13] 
============================================================
 Task 4/5  | Classes (6, 8)
============================================================
[02:02:13] Task 3 baseline (chance): 12.50%
[02:02:14] Task 3 zero-shot (pre-train): 0.00%
[02:02:49] task=3  epoch=0  train_loss=0.8646
[02:02:53] task=3  epoch=END  time_sec=34.2  acc_task0=0.0  acc_task1=0.0  acc_task2=0.0  acc_task3=86.95
[02:02:54] 
============================================================
 Task 5/5  | Classes (8, 10)
============================================================
[02:02:54] Task 4 baseline (chance): 10.00%
[02:02:55] Task 4 zero-shot (pre-train): 0.00%
[02:03:28] task=4  epoch=0  train_loss=1.0538
[02:03:35] task=4  epoch=END  time_sec=33.7  acc_task0=0.0  acc_task1=0.0  acc_task2=0.0  acc_task3=0.0  acc_task4=84.35
[02:03:35] 
Final Metrics:
  avg_accuracy         +16.8700
  forgetting           +79.7750
  backward_transfer    -79.7750
  forward_transfer     -13.2167
[02:03:35] 
Done - run: split_cifar10_der_buf100_seed456
[02:03:35] Metrics: {'avg_accuracy': 16.87, 'forgetting': 79.775, 'backward_transfer': -79.775, 'forward_transfer': -13.2167}
[02:03:35] Deleted 5 checkpoint(s) after successful completion.
