[18:21:29] Starting: split_cifar10_lwf_seed1024
[18:21:29] Config: {'dataset': 'split_cifar10', 'data_root': 'Project/data_local', 'model': 'slim_resnet18', 'pretrained': False, 'method': 'lwf', 'n_epochs': 1, 'batch_size': 32, 'num_workers': 0, 'lr': 0.03, 'momentum': 0.9, 'weight_decay': 0.0001, 'fp16': False, 'buffer_size': 200, 'ewc_lambda': 100.0, 'fisher_samples': 200, 'si_lambda': 1.0, 'si_xi': 0.1, 'der_alpha': 0.5, 'xder_beta': 0.5, 'lwf_lambda': 1.0, 'lwf_temp': 2.0, 'icarl_distill_w': 1.0, 'icarl_temp': 2.0, 'use_nmc': True, 'agem_mem_batch': 64, 'distill_lambda': 1.0, 'distill_temp': 2.0, 'pc_distill_w': 1.0, 'pc_ewc_lambda': 100.0, 'pc_compress_epochs': 3, 'er_replay_ratio': 0.5, 'joint_replay_epochs': 1, 'disable_tqdm': True, 'disable_checkpoints': True, 'disable_plots': False, 'seeds': [42, 123, 456, 789, 1024], 'results_root': 'results_fwt', 'checkpoint_dir': 'results/checkpoints', 'figure_dir': 'results_fwt\\figures', 'log_dir': 'results_fwt\\raw', 'run_name': 'split_cifar10_lwf_seed1024', 'seed': 1024}
[18:21:29] Device: cuda
[18:21:30] Dataset: SplitCIFAR10(tasks=5, classes_per_task=2, scenario=class-il)
[18:21:30] 
============================================================
 Task 1/5  | Classes (0, 2)
============================================================
[18:21:30] Task 0 baseline (chance): 50.00%
[18:21:41] task=0  epoch=0  train_loss=0.5051
[18:21:42] task=0  epoch=END  time_sec=11.0  acc_task0=86.05
[18:21:42] 
============================================================
 Task 2/5  | Classes (2, 4)
============================================================
[18:21:42] Task 1 baseline (chance): 25.00%
[18:21:43] Task 1 zero-shot (pre-train): 0.10%
[18:21:55] task=1  epoch=0  train_loss=0.6823
[18:21:57] task=1  epoch=END  time_sec=12.7  acc_task0=0.0  acc_task1=73.6
[18:21:57] 
============================================================
 Task 3/5  | Classes (4, 6)
============================================================
[18:21:57] Task 2 baseline (chance): 16.67%
[18:21:58] Task 2 zero-shot (pre-train): 0.00%
[18:22:10] task=2  epoch=0  train_loss=0.6527
[18:22:13] task=2  epoch=END  time_sec=12.7  acc_task0=0.0  acc_task1=0.0  acc_task2=75.1
[18:22:13] 
============================================================
 Task 4/5  | Classes (6, 8)
============================================================
[18:22:13] Task 3 baseline (chance): 12.50%
[18:22:14] Task 3 zero-shot (pre-train): 0.00%
[18:22:27] task=3  epoch=0  train_loss=0.8177
[18:22:30] task=3  epoch=END  time_sec=12.8  acc_task0=0.0  acc_task1=0.0  acc_task2=0.0  acc_task3=85.55
[18:22:30] 
============================================================
 Task 5/5  | Classes (8, 10)
============================================================
[18:22:30] Task 4 baseline (chance): 10.00%
[18:22:31] Task 4 zero-shot (pre-train): 0.00%
[18:22:43] task=4  epoch=0  train_loss=0.9137
[18:22:47] task=4  epoch=END  time_sec=12.7  acc_task0=0.0  acc_task1=0.0  acc_task2=0.0  acc_task3=0.0  acc_task4=82.5
[18:22:47] 
Final Metrics:
  avg_accuracy         +16.5000
  forgetting           +80.0750
  backward_transfer    -80.0750
  forward_transfer     -16.0167
[18:22:48] 
Done - run: split_cifar10_lwf_seed1024
[18:22:48] Metrics: {'avg_accuracy': 16.5, 'forgetting': 80.075, 'backward_transfer': -80.075, 'forward_transfer': -16.0167}
