[18:18:50] Starting: split_cifar10_lwf_seed456
[18:18:50] Config: {'dataset': 'split_cifar10', 'data_root': 'Project/data_local', 'model': 'slim_resnet18', 'pretrained': False, 'method': 'lwf', 'n_epochs': 1, 'batch_size': 32, 'num_workers': 0, 'lr': 0.03, 'momentum': 0.9, 'weight_decay': 0.0001, 'fp16': False, 'buffer_size': 200, 'ewc_lambda': 100.0, 'fisher_samples': 200, 'si_lambda': 1.0, 'si_xi': 0.1, 'der_alpha': 0.5, 'xder_beta': 0.5, 'lwf_lambda': 1.0, 'lwf_temp': 2.0, 'icarl_distill_w': 1.0, 'icarl_temp': 2.0, 'use_nmc': True, 'agem_mem_batch': 64, 'distill_lambda': 1.0, 'distill_temp': 2.0, 'pc_distill_w': 1.0, 'pc_ewc_lambda': 100.0, 'pc_compress_epochs': 3, 'er_replay_ratio': 0.5, 'joint_replay_epochs': 1, 'disable_tqdm': True, 'disable_checkpoints': True, 'disable_plots': False, 'seeds': [42, 123, 456, 789, 1024], 'results_root': 'results_fwt', 'checkpoint_dir': 'results/checkpoints', 'figure_dir': 'results_fwt\\figures', 'log_dir': 'results_fwt\\raw', 'run_name': 'split_cifar10_lwf_seed456', 'seed': 456}
[18:18:50] Device: cuda
[18:18:51] Dataset: SplitCIFAR10(tasks=5, classes_per_task=2, scenario=class-il)
[18:18:51] 
============================================================
 Task 1/5  | Classes (0, 2)
============================================================
[18:18:51] Task 0 baseline (chance): 50.00%
[18:19:02] task=0  epoch=0  train_loss=0.5418
[18:19:03] task=0  epoch=END  time_sec=11.0  acc_task0=87.15
[18:19:03] 
============================================================
 Task 2/5  | Classes (2, 4)
============================================================
[18:19:03] Task 1 baseline (chance): 25.00%
[18:19:04] Task 1 zero-shot (pre-train): 4.00%
[18:19:17] task=1  epoch=0  train_loss=0.6988
[18:19:18] task=1  epoch=END  time_sec=12.7  acc_task0=0.0  acc_task1=73.15
[18:19:18] 
============================================================
 Task 3/5  | Classes (4, 6)
============================================================
[18:19:18] Task 2 baseline (chance): 16.67%
[18:19:19] Task 2 zero-shot (pre-train): 0.00%
[18:19:32] task=2  epoch=0  train_loss=0.7179
[18:19:34] task=2  epoch=END  time_sec=12.8  acc_task0=0.0  acc_task1=0.0  acc_task2=79.15
[18:19:34] 
============================================================
 Task 4/5  | Classes (6, 8)
============================================================
[18:19:34] Task 3 baseline (chance): 12.50%
[18:19:35] Task 3 zero-shot (pre-train): 0.00%
[18:19:48] task=3  epoch=0  train_loss=0.7601
[18:19:51] task=3  epoch=END  time_sec=12.6  acc_task0=0.0  acc_task1=0.0  acc_task2=0.0  acc_task3=83.2
[18:19:51] 
============================================================
 Task 5/5  | Classes (8, 10)
============================================================
[18:19:51] Task 4 baseline (chance): 10.00%
[18:19:52] Task 4 zero-shot (pre-train): 0.00%
[18:20:04] task=4  epoch=0  train_loss=0.9777
[18:20:08] task=4  epoch=END  time_sec=12.3  acc_task0=0.0  acc_task1=0.0  acc_task2=0.0  acc_task3=0.0  acc_task4=77.2
[18:20:08] 
Final Metrics:
  avg_accuracy         +15.4400
  forgetting           +80.6625
  backward_transfer    -80.6625
  forward_transfer     -15.0417
[18:20:09] 
Done - run: split_cifar10_lwf_seed456
[18:20:09] Metrics: {'avg_accuracy': 15.44, 'forgetting': 80.6625, 'backward_transfer': -80.6625, 'forward_transfer': -15.0417}
