[18:20:09] Starting: split_cifar10_lwf_seed789
[18:20:09] Config: {'dataset': 'split_cifar10', 'data_root': 'Project/data_local', 'model': 'slim_resnet18', 'pretrained': False, 'method': 'lwf', 'n_epochs': 1, 'batch_size': 32, 'num_workers': 0, 'lr': 0.03, 'momentum': 0.9, 'weight_decay': 0.0001, 'fp16': False, 'buffer_size': 200, 'ewc_lambda': 100.0, 'fisher_samples': 200, 'si_lambda': 1.0, 'si_xi': 0.1, 'der_alpha': 0.5, 'xder_beta': 0.5, 'lwf_lambda': 1.0, 'lwf_temp': 2.0, 'icarl_distill_w': 1.0, 'icarl_temp': 2.0, 'use_nmc': True, 'agem_mem_batch': 64, 'distill_lambda': 1.0, 'distill_temp': 2.0, 'pc_distill_w': 1.0, 'pc_ewc_lambda': 100.0, 'pc_compress_epochs': 3, 'er_replay_ratio': 0.5, 'joint_replay_epochs': 1, 'disable_tqdm': True, 'disable_checkpoints': True, 'disable_plots': False, 'seeds': [42, 123, 456, 789, 1024], 'results_root': 'results_fwt', 'checkpoint_dir': 'results/checkpoints', 'figure_dir': 'results_fwt\\figures', 'log_dir': 'results_fwt\\raw', 'run_name': 'split_cifar10_lwf_seed789', 'seed': 789}
[18:20:09] Device: cuda
[18:20:10] Dataset: SplitCIFAR10(tasks=5, classes_per_task=2, scenario=class-il)
[18:20:10] 
============================================================
 Task 1/5  | Classes (0, 2)
============================================================
[18:20:10] Task 0 baseline (chance): 50.00%
[18:20:22] task=0  epoch=0  train_loss=0.5182
[18:20:22] task=0  epoch=END  time_sec=11.1  acc_task0=85.1
[18:20:22] 
============================================================
 Task 2/5  | Classes (2, 4)
============================================================
[18:20:22] Task 1 baseline (chance): 25.00%
[18:20:23] Task 1 zero-shot (pre-train): 1.00%
[18:20:36] task=1  epoch=0  train_loss=0.7834
[18:20:37] task=1  epoch=END  time_sec=12.7  acc_task0=0.0  acc_task1=72.2
[18:20:37] 
============================================================
 Task 3/5  | Classes (4, 6)
============================================================
[18:20:37] Task 2 baseline (chance): 16.67%
[18:20:38] Task 2 zero-shot (pre-train): 0.00%
[18:20:51] task=2  epoch=0  train_loss=0.6564
[18:20:53] task=2  epoch=END  time_sec=12.7  acc_task0=0.0  acc_task1=0.0  acc_task2=80.1
[18:20:53] 
============================================================
 Task 4/5  | Classes (6, 8)
============================================================
[18:20:53] Task 3 baseline (chance): 12.50%
[18:20:54] Task 3 zero-shot (pre-train): 0.00%
[18:21:07] task=3  epoch=0  train_loss=0.7923
[18:21:10] task=3  epoch=END  time_sec=12.8  acc_task0=0.0  acc_task1=0.0  acc_task2=0.0  acc_task3=86.65
[18:21:10] 
============================================================
 Task 5/5  | Classes (8, 10)
============================================================
[18:21:10] Task 4 baseline (chance): 10.00%
[18:21:11] Task 4 zero-shot (pre-train): 0.00%
[18:21:24] task=4  epoch=0  train_loss=0.9862
[18:21:28] task=4  epoch=END  time_sec=12.7  acc_task0=0.0  acc_task1=0.0  acc_task2=0.0  acc_task3=0.0  acc_task4=72.5
[18:21:28] 
Final Metrics:
  avg_accuracy         +14.5000
  forgetting           +81.0125
  backward_transfer    -81.0125
  forward_transfer     -15.7917
[18:21:29] 
Done - run: split_cifar10_lwf_seed789
[18:21:29] Metrics: {'avg_accuracy': 14.5, 'forgetting': 81.0125, 'backward_transfer': -81.0125, 'forward_transfer': -15.7917}
