[18:16:12] Starting: split_cifar10_lwf_seed42
[18:16:12] Config: {'dataset': 'split_cifar10', 'data_root': 'Project/data_local', 'model': 'slim_resnet18', 'pretrained': False, 'method': 'lwf', 'n_epochs': 1, 'batch_size': 32, 'num_workers': 0, 'lr': 0.03, 'momentum': 0.9, 'weight_decay': 0.0001, 'fp16': False, 'buffer_size': 200, 'ewc_lambda': 100.0, 'fisher_samples': 200, 'si_lambda': 1.0, 'si_xi': 0.1, 'der_alpha': 0.5, 'xder_beta': 0.5, 'lwf_lambda': 1.0, 'lwf_temp': 2.0, 'icarl_distill_w': 1.0, 'icarl_temp': 2.0, 'use_nmc': True, 'agem_mem_batch': 64, 'distill_lambda': 1.0, 'distill_temp': 2.0, 'pc_distill_w': 1.0, 'pc_ewc_lambda': 100.0, 'pc_compress_epochs': 3, 'er_replay_ratio': 0.5, 'joint_replay_epochs': 1, 'disable_tqdm': True, 'disable_checkpoints': True, 'disable_plots': False, 'seeds': [42, 123, 456, 789, 1024], 'results_root': 'results_fwt', 'checkpoint_dir': 'results/checkpoints', 'figure_dir': 'results_fwt\\figures', 'log_dir': 'results_fwt\\raw', 'run_name': 'split_cifar10_lwf_seed42', 'seed': 42}
[18:16:12] Device: cuda
[18:16:13] Dataset: SplitCIFAR10(tasks=5, classes_per_task=2, scenario=class-il)
[18:16:14] 
============================================================
 Task 1/5  | Classes (0, 2)
============================================================
[18:16:14] Task 0 baseline (chance): 50.00%
[18:16:25] task=0  epoch=0  train_loss=0.5556
[18:16:25] task=0  epoch=END  time_sec=11.0  acc_task0=87.25
[18:16:25] 
============================================================
 Task 2/5  | Classes (2, 4)
============================================================
[18:16:25] Task 1 baseline (chance): 25.00%
[18:16:26] Task 1 zero-shot (pre-train): 2.30%
[18:16:39] task=1  epoch=0  train_loss=0.6858
[18:16:41] task=1  epoch=END  time_sec=12.7  acc_task0=0.0  acc_task1=72.9
[18:16:41] 
============================================================
 Task 3/5  | Classes (4, 6)
============================================================
[18:16:41] Task 2 baseline (chance): 16.67%
[18:16:41] Task 2 zero-shot (pre-train): 0.00%
[18:16:54] task=2  epoch=0  train_loss=0.7145
[18:16:56] task=2  epoch=END  time_sec=12.6  acc_task0=0.0  acc_task1=0.0  acc_task2=77.8
[18:16:56] 
============================================================
 Task 4/5  | Classes (6, 8)
============================================================
[18:16:56] Task 3 baseline (chance): 12.50%
[18:16:57] Task 3 zero-shot (pre-train): 0.00%
[18:17:10] task=3  epoch=0  train_loss=0.8315
[18:17:13] task=3  epoch=END  time_sec=12.7  acc_task0=0.0  acc_task1=0.0  acc_task2=0.0  acc_task3=83.3
[18:17:13] 
============================================================
 Task 5/5  | Classes (8, 10)
============================================================
[18:17:13] Task 4 baseline (chance): 10.00%
[18:17:14] Task 4 zero-shot (pre-train): 0.00%
[18:17:27] task=4  epoch=0  train_loss=0.927
[18:17:31] task=4  epoch=END  time_sec=12.7  acc_task0=0.0  acc_task1=0.0  acc_task2=0.0  acc_task3=0.0  acc_task4=85.7
[18:17:31] 
Final Metrics:
  avg_accuracy         +17.1400
  forgetting           +80.3125
  backward_transfer    -80.3125
  forward_transfer     -15.4667
[18:17:31] 
Done - run: split_cifar10_lwf_seed42
[18:17:31] Metrics: {'avg_accuracy': 17.14, 'forgetting': 80.3125, 'backward_transfer': -80.3125, 'forward_transfer': -15.4667}
