[23:43:35] Starting: split_cifar10_agem_seed456
[23:43:35] Config: {'dataset': 'split_cifar10', 'data_root': 'Project/data_local', 'model': 'slim_resnet18', 'pretrained': False, 'method': 'agem', 'n_epochs': 1, 'batch_size': 32, 'num_workers': 0, 'lr': 0.03, 'momentum': 0.9, 'weight_decay': 0.0001, 'fp16': False, 'buffer_size': 200, 'ewc_lambda': 100.0, 'fisher_samples': 200, 'si_lambda': 1.0, 'si_xi': 0.1, 'der_alpha': 0.5, 'xder_beta': 0.5, 'lwf_lambda': 1.0, 'lwf_temp': 2.0, 'icarl_distill_w': 1.0, 'icarl_temp': 2.0, 'use_nmc': True, 'agem_mem_batch': 64, 'distill_lambda': 1.0, 'distill_temp': 2.0, 'pc_distill_w': 1.0, 'pc_ewc_lambda': 100.0, 'pc_compress_epochs': 3, 'er_replay_ratio': 0.5, 'joint_replay_epochs': 1, 'disable_tqdm': True, 'seeds': [42, 123, 456, 789, 1024], 'checkpoint_dir': 'results/checkpoints', 'figure_dir': 'results/figures', 'log_dir': 'results/raw', 'run_name': 'split_cifar10_agem_seed456', 'seed': 456}
[23:43:35] Device: cuda
[23:43:36] Dataset: SplitCIFAR10(tasks=5, classes_per_task=2, scenario=class-il)
[23:43:36] 
============================================================
 Task 1/5  | Classes (0, 2)
============================================================
[23:43:36] Task 0 baseline (before training): 0.00%
[23:43:46] task=0  epoch=0  train_loss=0.5418
[23:43:47] task=0  epoch=END  time_sec=10.3  acc_task0=87.15
[23:43:47] 
============================================================
 Task 2/5  | Classes (2, 4)
============================================================
[23:43:48] Task 1 baseline (before training): 0.00%
[23:44:07] task=1  epoch=0  train_loss=17.9266
[23:44:08] task=1  epoch=END  time_sec=18.8  acc_task0=86.8  acc_task1=0.0
[23:44:08] 
============================================================
 Task 3/5  | Classes (4, 6)
============================================================
[23:44:09] Task 2 baseline (before training): 0.00%
[23:44:28] task=2  epoch=0  train_loss=13.7967
[23:44:30] task=2  epoch=END  time_sec=18.9  acc_task0=79.75  acc_task1=24.05  acc_task2=0.0
[23:44:30] 
============================================================
 Task 4/5  | Classes (6, 8)
============================================================
[23:44:31] Task 3 baseline (before training): 0.00%
[23:44:50] task=3  epoch=0  train_loss=12.6303
[23:44:53] task=3  epoch=END  time_sec=18.7  acc_task0=69.5  acc_task1=20.15  acc_task2=17.85  acc_task3=0.0
[23:44:53] 
============================================================
 Task 5/5  | Classes (8, 10)
============================================================
[23:44:54] Task 4 baseline (before training): 0.00%
[23:45:13] task=4  epoch=0  train_loss=11.2032
[23:45:17] task=4  epoch=END  time_sec=18.9  acc_task0=55.85  acc_task1=18.7  acc_task2=15.55  acc_task3=26.9  acc_task4=0.0
[23:45:17] 
Final Metrics:
  avg_accuracy         +23.4000
  forgetting           +9.7375
  backward_transfer    +7.4625
  forward_transfer     +0.0000
[23:45:17] 
Done - run: split_cifar10_agem_seed456
[23:45:17] Metrics: {'avg_accuracy': 23.4, 'forgetting': 9.7375, 'backward_transfer': 7.4625, 'forward_transfer': 0.0}
