[05:12:11] Starting: split_cifar10_xder_buf100_seed42
[05:12:11] Config: {'dataset': 'split_cifar10', 'data_root': 'F:\\Temp\\cf\\Catastrophic Forgetting\\research_v2\\Project\\data_local', 'dataset_image_size': None, 'dataset_out_channels': None, 'model': 'slim_resnet18', 'pretrained': False, 'model_image_size': None, 'method': 'xder', 'n_epochs': 1, 'batch_size': 32, 'num_workers': 0, 'lr': 0.03, 'momentum': 0.9, 'weight_decay': 0.0001, 'fp16': False, 'buffer_size': 100, 'ewc_lambda': 100.0, 'fisher_samples': 200, 'si_lambda': 1.0, 'si_xi': 0.1, 'der_alpha': 0.5, 'xder_beta': 0.5, 'lwf_lambda': 1.0, 'lwf_temp': 2.0, 'icarl_distill_w': 1.0, 'icarl_temp': 2.0, 'use_nmc': True, 'agem_mem_batch': 64, 'distill_lambda': 1.0, 'distill_temp': 2.0, 'pc_distill_w': 1.0, 'pc_ewc_lambda': 100.0, 'pc_compress_epochs': 3, 'er_replay_ratio': 0.5, 'joint_replay_epochs': 1, 'disable_tqdm': True, 'disable_checkpoints': False, 'disable_plots': True, 'resume': False, 'cleanup_checkpoints_on_success': True, 'result_group': 'ablations', 'ablation_family': 'buffer', 'seeds': [42, 123, 456, 789, 1024], 'results_root': 'F:\\Temp\\cf\\Catastrophic Forgetting\\research_v2\\results', 'run_tag': 'buf100', 'seed': 42, 'run_name': 'split_cifar10_xder_buf100_seed42', 'project_root': 'F:\\Temp\\cf\\Catastrophic Forgetting\\research_v2\\Project', 'workspace_root': 'F:\\Temp\\cf\\Catastrophic Forgetting\\research_v2', 'run_root': 'F:\\Temp\\cf\\Catastrophic Forgetting\\research_v2\\results\\ablations\\epoch_1\\split_cifar10\\buffer\\xder__buf100\\seed_42', 'log_dir': 'F:\\Temp\\cf\\Catastrophic Forgetting\\research_v2\\results\\ablations\\epoch_1\\split_cifar10\\buffer\\xder__buf100\\seed_42\\logs', 'metrics_dir': 'F:\\Temp\\cf\\Catastrophic Forgetting\\research_v2\\results\\ablations\\epoch_1\\split_cifar10\\buffer\\xder__buf100\\seed_42\\metrics', 'checkpoint_dir': 'F:\\Temp\\cf\\Catastrophic Forgetting\\research_v2\\results\\ablations\\epoch_1\\split_cifar10\\buffer\\xder__buf100\\seed_42\\checkpoints', 'artifact_dir': 'F:\\Temp\\cf\\Catastrophic Forgetting\\research_v2\\results\\ablations\\epoch_1\\split_cifar10\\buffer\\xder__buf100\\seed_42\\artifacts', 'figure_dir': 'F:\\Temp\\cf\\Catastrophic Forgetting\\research_v2\\results\\figures\\ablations\\epoch_1\\split_cifar10\\buffer\\xder__buf100\\seed_42'}
[05:12:11] Device: cuda
[05:12:14] Dataset: SplitCIFAR10(tasks=5, classes_per_task=2, scenario=class-il)
[05:12:14] 
============================================================
 Task 1/5  | Classes (0, 2)
============================================================
[05:12:14] Task 0 baseline (chance): 50.00%
[05:12:35] task=0  epoch=0  train_loss=1.4228
[05:12:37] task=0  epoch=END  time_sec=21.2  acc_task0=79.9
[05:12:37] 
============================================================
 Task 2/5  | Classes (2, 4)
============================================================
[05:12:37] Task 1 baseline (chance): 25.00%
[05:12:38] Task 1 zero-shot (pre-train): 1.65%
[05:13:02] task=1  epoch=0  train_loss=1.532
[05:13:04] task=1  epoch=END  time_sec=24.0  acc_task0=3.3  acc_task1=71.25
[05:13:04] 
============================================================
 Task 3/5  | Classes (4, 6)
============================================================
[05:13:04] Task 2 baseline (chance): 16.67%
[05:13:05] Task 2 zero-shot (pre-train): 0.00%
[05:13:32] task=2  epoch=0  train_loss=1.5731
[05:13:35] task=2  epoch=END  time_sec=27.2  acc_task0=5.05  acc_task1=1.65  acc_task2=74.5
[05:13:35] 
============================================================
 Task 4/5  | Classes (6, 8)
============================================================
[05:13:35] Task 3 baseline (chance): 12.50%
[05:13:36] Task 3 zero-shot (pre-train): 0.00%
[05:14:05] task=3  epoch=0  train_loss=1.3663
[05:14:09] task=3  epoch=END  time_sec=28.9  acc_task0=3.55  acc_task1=0.0  acc_task2=0.05  acc_task3=88.6
[05:14:09] 
============================================================
 Task 5/5  | Classes (8, 10)
============================================================
[05:14:10] Task 4 baseline (chance): 10.00%
[05:14:10] Task 4 zero-shot (pre-train): 0.00%
[05:14:38] task=4  epoch=0  train_loss=1.2156
[05:14:42] task=4  epoch=END  time_sec=27.6  acc_task0=0.05  acc_task1=1.2  acc_task2=0.15  acc_task3=4.45  acc_task4=84.15
[05:14:42] 
Final Metrics:
  avg_accuracy         +18.0000
  forgetting           +77.1000
  backward_transfer    -77.1000
  forward_transfer     -15.6292
[05:14:42] 
Done - run: split_cifar10_xder_buf100_seed42
[05:14:42] Metrics: {'avg_accuracy': 18.0, 'forgetting': 77.1, 'backward_transfer': -77.1, 'forward_transfer': -15.6292}
[05:14:42] Deleted 5 checkpoint(s) after successful completion.
