[05:09:08] Starting: permuted_mnist_icarl_nonmc_seed42
[05:09:08] Config: {'dataset': 'permuted_mnist', 'data_root': 'Project/data_local', 'model': 'resnet8', 'pretrained': False, 'method': 'icarl', 'n_epochs': 1, 'batch_size': 32, 'num_workers': 0, 'lr': 0.03, 'momentum': 0.9, 'weight_decay': 0.0001, 'fp16': False, 'buffer_size': 200, 'ewc_lambda': 100.0, 'fisher_samples': 200, 'si_lambda': 1.0, 'si_xi': 0.1, 'der_alpha': 0.5, 'xder_beta': 0.5, 'lwf_lambda': 1.0, 'lwf_temp': 2.0, 'icarl_distill_w': 1.0, 'icarl_temp': 2.0, 'use_nmc': False, 'agem_mem_batch': 64, 'distill_lambda': 1.0, 'distill_temp': 2.0, 'pc_distill_w': 1.0, 'pc_ewc_lambda': 100.0, 'pc_compress_epochs': 3, 'er_replay_ratio': 0.5, 'joint_replay_epochs': 1, 'disable_tqdm': True, 'disable_checkpoints': False, 'disable_plots': False, 'seeds': [42, 123, 456], 'results_root': 'results_phase3_interactions_plots', 'checkpoint_dir': 'results/checkpoints', 'figure_dir': 'results_phase3_interactions_plots\\figures', 'log_dir': 'results_phase3_interactions_plots\\raw', 'run_tag': 'nonmc', 'run_name': 'permuted_mnist_icarl_nonmc_seed42', 'seed': 42}
[05:09:08] Device: cuda
[05:09:08] Dataset: PermutedMNIST(tasks=10, classes_per_task=10, scenario=domain-il)
[05:09:08] 
============================================================
 Task 1/10  | Classes (0, 10)
============================================================
[05:09:08] Task 0 baseline (chance): 10.00%
[05:09:31] task=0  epoch=0  train_loss=0.3245
[05:09:54] task=0  epoch=END  time_sec=22.4  acc_task0=94.59
[05:09:54] 
============================================================
 Task 2/10  | Classes (0, 10)
============================================================
[05:09:54] Task 1 baseline (chance): 10.00%
[05:09:57] Task 1 zero-shot (pre-train): 8.10%
[05:10:31] task=1  epoch=0  train_loss=1.33
[05:10:58] task=1  epoch=END  time_sec=33.3  acc_task0=92.31  acc_task1=91.91
[05:10:58] 
============================================================
 Task 3/10  | Classes (0, 10)
============================================================
[05:10:58] Task 2 baseline (chance): 10.00%
[05:11:02] Task 2 zero-shot (pre-train): 12.00%
[05:11:37] task=2  epoch=0  train_loss=1.1482
[05:12:08] task=2  epoch=END  time_sec=35.2  acc_task0=89.54  acc_task1=75.21  acc_task2=92.27
[05:12:09] 
============================================================
 Task 4/10  | Classes (0, 10)
============================================================
[05:12:09] Task 3 baseline (chance): 10.00%
[05:12:13] Task 3 zero-shot (pre-train): 13.68%
[05:12:48] task=3  epoch=0  train_loss=1.0314
[05:13:22] task=3  epoch=END  time_sec=35.0  acc_task0=87.7  acc_task1=49.98  acc_task2=75.43  acc_task3=95.01
[05:13:23] 
============================================================
 Task 5/10  | Classes (0, 10)
============================================================
[05:13:23] Task 4 baseline (chance): 10.00%
[05:13:26] Task 4 zero-shot (pre-train): 10.62%
[05:14:03] task=4  epoch=0  train_loss=1.031
[05:15:02] task=4  epoch=END  time_sec=36.8  acc_task0=87.11  acc_task1=38.25  acc_task2=52.57  acc_task3=80.5  acc_task4=95.08
[05:15:03] 
============================================================
 Task 6/10  | Classes (0, 10)
============================================================
[05:15:03] Task 5 baseline (chance): 10.00%
[05:15:08] Task 5 zero-shot (pre-train): 8.67%
[05:16:08] task=5  epoch=0  train_loss=1.0273
[05:17:16] task=5  epoch=END  time_sec=59.4  acc_task0=87.22  acc_task1=31.18  acc_task2=37.87  acc_task3=44.68  acc_task4=80.9  acc_task5=95.51
[05:17:16] 
============================================================
 Task 7/10  | Classes (0, 10)
============================================================
[05:17:16] Task 6 baseline (chance): 10.00%
[05:17:23] Task 6 zero-shot (pre-train): 9.15%
[05:18:21] task=6  epoch=0  train_loss=1.0565
[05:19:35] task=6  epoch=END  time_sec=58.7  acc_task0=87.52  acc_task1=25.13  acc_task2=31.25  acc_task3=32.26  acc_task4=54.41  acc_task5=78.37  acc_task6=95.38
[05:19:36] 
============================================================
 Task 8/10  | Classes (0, 10)
============================================================
[05:19:36] Task 7 baseline (chance): 10.00%
[05:19:41] Task 7 zero-shot (pre-train): 9.18%
[05:20:41] task=7  epoch=0  train_loss=1.0111
[05:21:57] task=7  epoch=END  time_sec=59.6  acc_task0=85.74  acc_task1=14.53  acc_task2=26.53  acc_task3=23.45  acc_task4=34.05  acc_task5=46.24  acc_task6=77.97  acc_task7=94.83
[05:21:57] 
============================================================
 Task 9/10  | Classes (0, 10)
============================================================
[05:21:57] Task 8 baseline (chance): 10.00%
[05:22:02] Task 8 zero-shot (pre-train): 12.24%
[05:23:01] task=8  epoch=0  train_loss=0.9921
[05:24:21] task=8  epoch=END  time_sec=58.7  acc_task0=85.88  acc_task1=14.23  acc_task2=22.6  acc_task3=23.14  acc_task4=27.14  acc_task5=27.96  acc_task6=46.61  acc_task7=75.95  acc_task8=95.44
