[20:44:39] Starting: permuted_mnist_icarl_nonmc_seed123
[20:44:39] Config: {'dataset': 'permuted_mnist', 'data_root': 'Project/data_local', 'model': 'resnet8', 'pretrained': False, 'method': 'icarl', 'n_epochs': 1, 'batch_size': 32, 'num_workers': 0, 'lr': 0.03, 'momentum': 0.9, 'weight_decay': 0.0001, 'fp16': False, 'buffer_size': 200, 'ewc_lambda': 100.0, 'fisher_samples': 200, 'si_lambda': 1.0, 'si_xi': 0.1, 'der_alpha': 0.5, 'xder_beta': 0.5, 'lwf_lambda': 1.0, 'lwf_temp': 2.0, 'icarl_distill_w': 1.0, 'icarl_temp': 2.0, 'use_nmc': False, 'agem_mem_batch': 64, 'distill_lambda': 1.0, 'distill_temp': 2.0, 'pc_distill_w': 1.0, 'pc_ewc_lambda': 100.0, 'pc_compress_epochs': 3, 'er_replay_ratio': 0.5, 'joint_replay_epochs': 1, 'disable_tqdm': True, 'disable_checkpoints': False, 'disable_plots': False, 'seeds': [42, 123, 456], 'results_root': 'results_phase3_interactions_plots', 'checkpoint_dir': 'results/checkpoints', 'figure_dir': 'results_phase3_interactions_plots/figures', 'log_dir': 'results_phase3_interactions_plots/raw', 'run_tag': 'nonmc', 'run_name': 'permuted_mnist_icarl_nonmc_seed123', 'seed': 123}
[20:44:39] Device: cuda
[20:44:39] Dataset: PermutedMNIST(tasks=10, classes_per_task=10, scenario=domain-il)
[20:44:39] 
============================================================
 Task 1/10  | Classes (0, 10)
============================================================
[20:44:39] Task 0 baseline (chance): 10.00%
[20:45:04] task=0  epoch=0  train_loss=0.3171
[20:45:25] task=0  epoch=END  time_sec=24.4  acc_task0=91.96
[20:45:25] 
============================================================
 Task 2/10  | Classes (0, 10)
============================================================
[20:45:25] Task 1 baseline (chance): 10.00%
[20:45:28] Task 1 zero-shot (pre-train): 10.93%
[20:46:00] task=1  epoch=0  train_loss=1.364
[20:46:26] task=1  epoch=END  time_sec=31.9  acc_task0=90.73  acc_task1=91.0
[20:46:26] 
============================================================
 Task 3/10  | Classes (0, 10)
============================================================
[20:46:26] Task 2 baseline (chance): 10.00%
[20:46:29] Task 2 zero-shot (pre-train): 9.60%
[20:47:01] task=2  epoch=0  train_loss=1.1215
[20:47:30] task=2  epoch=END  time_sec=31.7  acc_task0=85.85  acc_task1=66.04  acc_task2=92.29
[20:47:31] 
============================================================
 Task 4/10  | Classes (0, 10)
============================================================
[20:47:31] Task 3 baseline (chance): 10.00%
[20:47:34] Task 3 zero-shot (pre-train): 13.81%
[20:48:06] task=3  epoch=0  train_loss=1.0367
[20:48:39] task=3  epoch=END  time_sec=31.5  acc_task0=86.56  acc_task1=48.76  acc_task2=65.24  acc_task3=95.23
[20:48:40] 
============================================================
 Task 5/10  | Classes (0, 10)
============================================================
[20:48:40] Task 4 baseline (chance): 10.00%
[20:48:44] Task 4 zero-shot (pre-train): 15.42%
[20:49:16] task=4  epoch=0  train_loss=1.0257
[20:49:53] task=4  epoch=END  time_sec=32.0  acc_task0=83.32  acc_task1=37.63  acc_task2=45.1  acc_task3=74.79  acc_task4=95.37
[20:49:53] 
============================================================
 Task 6/10  | Classes (0, 10)
============================================================
[20:49:53] Task 5 baseline (chance): 10.00%
[20:49:57] Task 5 zero-shot (pre-train): 7.23%
[20:50:28] task=5  epoch=0  train_loss=1.0462
[20:51:08] task=5  epoch=END  time_sec=31.7  acc_task0=80.39  acc_task1=28.58  acc_task2=28.82  acc_task3=46.21  acc_task4=75.95  acc_task5=95.28
[20:51:09] 
============================================================
 Task 7/10  | Classes (0, 10)
============================================================
[20:51:09] Task 6 baseline (chance): 10.00%
[20:51:12] Task 6 zero-shot (pre-train): 12.10%
[20:51:44] task=6  epoch=0  train_loss=1.0538
[20:52:28] task=6  epoch=END  time_sec=31.6  acc_task0=81.14  acc_task1=25.59  acc_task2=24.11  acc_task3=35.25  acc_task4=56.94  acc_task5=82.06  acc_task6=95.43
[20:52:28] 
============================================================
 Task 8/10  | Classes (0, 10)
============================================================
[20:52:28] Task 7 baseline (chance): 10.00%
[20:52:32] Task 7 zero-shot (pre-train): 11.75%
[20:53:04] task=7  epoch=0  train_loss=0.9938
[20:53:51] task=7  epoch=END  time_sec=31.9  acc_task0=81.26  acc_task1=20.25  acc_task2=26.73  acc_task3=33.09  acc_task4=43.48  acc_task5=53.46  acc_task6=81.57  acc_task7=95.8
[20:53:51] 
============================================================
 Task 9/10  | Classes (0, 10)
============================================================
[20:53:51] Task 8 baseline (chance): 10.00%
[20:53:55] Task 8 zero-shot (pre-train): 11.86%
[20:54:27] task=8  epoch=0  train_loss=1.0134
[20:55:18] task=8  epoch=END  time_sec=32.0  acc_task0=77.52  acc_task1=17.14  acc_task2=17.67  acc_task3=25.96  acc_task4=28.26  acc_task5=33.62  acc_task6=53.77  acc_task7=81.69  acc_task8=95.12
[20:55:18] 
============================================================
 Task 10/10  | Classes (0, 10)
============================================================
[20:55:18] Task 9 baseline (chance): 10.00%
[20:55:22] Task 9 zero-shot (pre-train): 14.72%
[20:55:53] task=9  epoch=0  train_loss=0.9745
[20:56:48] task=9  epoch=END  time_sec=31.7  acc_task0=75.81  acc_task1=12.11  acc_task2=16.02  acc_task3=23.44  acc_task4=23.72  acc_task5=25.23  acc_task6=32.03  acc_task7=54.04  acc_task8=81.1  acc_task9=95.17
[20:56:48] 
Final Metrics:
  avg_accuracy         +43.8670
  forgetting           +55.9978
  backward_transfer    -55.9978
  forward_transfer     +1.9356
[20:56:49] 
Done - run: permuted_mnist_icarl_nonmc_seed123
[20:56:49] Metrics: {'avg_accuracy': 43.867, 'forgetting': 55.9978, 'backward_transfer': -55.9978, 'forward_transfer': 1.9356}
