[18:42:15] Starting: permuted_mnist_der_ntasks10_seed42
[18:42:15] Config: {'dataset': 'permuted_mnist', 'data_root': 'Project/data_local', 'model': 'resnet8', 'pretrained': False, 'method': 'der', 'n_epochs': 1, 'batch_size': 32, 'num_workers': 0, 'lr': 0.03, 'momentum': 0.9, 'weight_decay': 0.0001, 'fp16': False, 'buffer_size': 200, 'ewc_lambda': 100.0, 'fisher_samples': 200, 'si_lambda': 1.0, 'si_xi': 0.1, 'der_alpha': 0.5, 'xder_beta': 0.5, 'lwf_lambda': 1.0, 'lwf_temp': 2.0, 'icarl_distill_w': 1.0, 'icarl_temp': 2.0, 'use_nmc': True, 'agem_mem_batch': 64, 'distill_lambda': 1.0, 'distill_temp': 2.0, 'pc_distill_w': 1.0, 'pc_ewc_lambda': 100.0, 'pc_compress_epochs': 3, 'er_replay_ratio': 0.5, 'joint_replay_epochs': 1, 'disable_tqdm': True, 'disable_checkpoints': True, 'disable_plots': True, 'seeds': [42, 123, 456, 789, 1024], 'results_root': 'results_phase3_ablations', 'checkpoint_dir': 'results/checkpoints', 'figure_dir': 'results_phase3_ablations\\figures', 'log_dir': 'results_phase3_ablations\\raw', 'n_tasks': 10, 'run_tag': 'ntasks10', 'run_name': 'permuted_mnist_der_ntasks10_seed42', 'seed': 42}
[18:42:15] Device: cuda
[18:42:15] Dataset: PermutedMNIST(tasks=10, classes_per_task=10, scenario=domain-il)
[18:42:15] 
============================================================
 Task 1/10  | Classes (0, 10)
============================================================
[18:42:15] Task 0 baseline (chance): 10.00%
[18:43:07] task=0  epoch=0  train_loss=0.4353
[18:43:10] task=0  epoch=END  time_sec=52.0  acc_task0=95.9
[18:43:10] 
============================================================
 Task 2/10  | Classes (0, 10)
============================================================
[18:43:10] Task 1 baseline (chance): 10.00%
[18:43:14] Task 1 zero-shot (pre-train): 10.18%
[18:44:06] task=1  epoch=0  train_loss=0.3451
[18:44:13] task=1  epoch=END  time_sec=51.3  acc_task0=87.79  acc_task1=96.14
[18:44:13] 
============================================================
 Task 3/10  | Classes (0, 10)
============================================================
[18:44:13] Task 2 baseline (chance): 10.00%
[18:44:17] Task 2 zero-shot (pre-train): 12.32%
[18:45:08] task=2  epoch=0  train_loss=0.3388
[18:45:19] task=2  epoch=END  time_sec=51.2  acc_task0=71.59  acc_task1=89.3  acc_task2=96.32
[18:45:19] 
============================================================
 Task 4/10  | Classes (0, 10)
============================================================
[18:45:19] Task 3 baseline (chance): 10.00%
[18:45:23] Task 3 zero-shot (pre-train): 17.17%
[18:46:14] task=3  epoch=0  train_loss=0.3251
[18:46:29] task=3  epoch=END  time_sec=51.3  acc_task0=59.79  acc_task1=77.43  acc_task2=85.65  acc_task3=96.17
[18:46:29] 
============================================================
 Task 5/10  | Classes (0, 10)
============================================================
[18:46:29] Task 4 baseline (chance): 10.00%
[18:46:33] Task 4 zero-shot (pre-train): 14.06%
[18:47:24] task=4  epoch=0  train_loss=0.3247
[18:47:43] task=4  epoch=END  time_sec=51.6  acc_task0=57.04  acc_task1=73.44  acc_task2=76.54  acc_task3=86.51  acc_task4=96.03
[18:47:43] 
============================================================
 Task 6/10  | Classes (0, 10)
============================================================
[18:47:43] Task 5 baseline (chance): 10.00%
[18:47:47] Task 5 zero-shot (pre-train): 9.51%
[18:48:38] task=5  epoch=0  train_loss=0.323
[18:49:00] task=5  epoch=END  time_sec=51.4  acc_task0=51.31  acc_task1=68.35  acc_task2=71.13  acc_task3=76.75  acc_task4=85.46  acc_task5=95.91
[18:49:00] 
============================================================
 Task 7/10  | Classes (0, 10)
============================================================
[18:49:00] Task 6 baseline (chance): 10.00%
[18:49:04] Task 6 zero-shot (pre-train): 17.82%
[18:49:55] task=6  epoch=0  train_loss=0.3076
[18:50:22] task=6  epoch=END  time_sec=51.3  acc_task0=50.22  acc_task1=64.22  acc_task2=64.54  acc_task3=66.07  acc_task4=69.47  acc_task5=86.8  acc_task6=95.99
[18:50:22] 
============================================================
 Task 8/10  | Classes (0, 10)
============================================================
[18:50:22] Task 7 baseline (chance): 10.00%
[18:50:26] Task 7 zero-shot (pre-train): 12.15%
[18:51:17] task=7  epoch=0  train_loss=0.3013
[18:51:47] task=7  epoch=END  time_sec=51.2  acc_task0=45.62  acc_task1=59.24  acc_task2=58.19  acc_task3=61.75  acc_task4=59.86  acc_task5=75.62  acc_task6=88.04  acc_task7=96.11
[18:51:47] 
============================================================
 Task 9/10  | Classes (0, 10)
============================================================
[18:51:47] Task 8 baseline (chance): 10.00%
[18:51:50] Task 8 zero-shot (pre-train): 11.95%
[18:52:42] task=8  epoch=0  train_loss=0.3049
[18:53:16] task=8  epoch=END  time_sec=51.2  acc_task0=42.01  acc_task1=57.73  acc_task2=55.21  acc_task3=53.18  acc_task4=51.18  acc_task5=63.96  acc_task6=73.32  acc_task7=85.91  acc_task8=96.16
[18:53:16] 
============================================================
 Task 10/10  | Classes (0, 10)
============================================================
[18:53:16] Task 9 baseline (chance): 10.00%
[18:53:20] Task 9 zero-shot (pre-train): 12.97%
[18:54:11] task=9  epoch=0  train_loss=0.3001
[18:54:55] task=9  epoch=END  time_sec=51.6  acc_task0=40.27  acc_task1=52.49  acc_task2=49.72  acc_task3=50.25  acc_task4=47.97  acc_task5=54.11  acc_task6=66.42  acc_task7=70.87  acc_task8=87.59  acc_task9=95.91
[18:54:55] 
Final Metrics:
  avg_accuracy         +61.5600
  forgetting           +38.3378
  backward_transfer    -38.3378
  forward_transfer     +3.1256
[18:54:55] 
Done - run: permuted_mnist_der_ntasks10_seed42
[18:54:55] Metrics: {'avg_accuracy': 61.56, 'forgetting': 38.3378, 'backward_transfer': -38.3378, 'forward_transfer': 3.1256}
[19:42:34] Starting: permuted_mnist_der_ntasks10_seed42
[19:42:34] Config: {'dataset': 'permuted_mnist', 'data_root': 'Project/data_local', 'model': 'resnet8', 'pretrained': False, 'method': 'der', 'n_epochs': 1, 'batch_size': 32, 'num_workers': 0, 'lr': 0.03, 'momentum': 0.9, 'weight_decay': 0.0001, 'fp16': False, 'buffer_size': 200, 'ewc_lambda': 100.0, 'fisher_samples': 200, 'si_lambda': 1.0, 'si_xi': 0.1, 'der_alpha': 0.5, 'xder_beta': 0.5, 'lwf_lambda': 1.0, 'lwf_temp': 2.0, 'icarl_distill_w': 1.0, 'icarl_temp': 2.0, 'use_nmc': True, 'agem_mem_batch': 64, 'distill_lambda': 1.0, 'distill_temp': 2.0, 'pc_distill_w': 1.0, 'pc_ewc_lambda': 100.0, 'pc_compress_epochs': 3, 'er_replay_ratio': 0.5, 'joint_replay_epochs': 1, 'disable_tqdm': True, 'disable_checkpoints': True, 'disable_plots': True, 'seeds': [42, 123, 456, 789, 1024], 'results_root': 'results_phase3_ablations', 'checkpoint_dir': 'results/checkpoints', 'figure_dir': 'results_phase3_ablations\\figures', 'log_dir': 'results_phase3_ablations\\raw', 'n_tasks': 10, 'run_tag': 'ntasks10', 'run_name': 'permuted_mnist_der_ntasks10_seed42', 'seed': 42}
[19:42:34] Device: cuda
[19:42:34] Dataset: PermutedMNIST(tasks=10, classes_per_task=10, scenario=domain-il)
[19:42:34] 
============================================================
 Task 1/10  | Classes (0, 10)
============================================================
[19:42:34] Task 0 baseline (chance): 10.00%
[19:43:47] task=0  epoch=0  train_loss=0.4353
[19:43:52] task=0  epoch=END  time_sec=73.4  acc_task0=95.9
[19:43:52] 
============================================================
 Task 2/10  | Classes (0, 10)
============================================================
[19:43:52] Task 1 baseline (chance): 10.00%
[19:43:56] Task 1 zero-shot (pre-train): 10.18%
[19:45:10] task=1  epoch=0  train_loss=0.3451
[19:45:19] task=1  epoch=END  time_sec=73.5  acc_task0=87.79  acc_task1=96.14
[19:45:19] 
============================================================
 Task 3/10  | Classes (0, 10)
============================================================
[19:45:19] Task 2 baseline (chance): 10.00%
[19:45:24] Task 2 zero-shot (pre-train): 12.32%
[19:46:36] task=2  epoch=0  train_loss=0.3388
[19:46:52] task=2  epoch=END  time_sec=72.5  acc_task0=71.59  acc_task1=89.3  acc_task2=96.32
[19:46:52] 
============================================================
 Task 4/10  | Classes (0, 10)
============================================================
[19:46:52] Task 3 baseline (chance): 10.00%
[19:46:57] Task 3 zero-shot (pre-train): 17.17%
[19:48:11] task=3  epoch=0  train_loss=0.3251
[19:48:29] task=3  epoch=END  time_sec=73.9  acc_task0=59.79  acc_task1=77.43  acc_task2=85.65  acc_task3=96.17
[19:48:29] 
============================================================
 Task 5/10  | Classes (0, 10)
============================================================
[19:48:29] Task 4 baseline (chance): 10.00%
[19:48:33] Task 4 zero-shot (pre-train): 14.06%
[19:49:47] task=4  epoch=0  train_loss=0.3247
[19:50:09] task=4  epoch=END  time_sec=73.9  acc_task0=57.04  acc_task1=73.44  acc_task2=76.54  acc_task3=86.51  acc_task4=96.03
[19:50:09] 
============================================================
 Task 6/10  | Classes (0, 10)
============================================================
[19:50:09] Task 5 baseline (chance): 10.00%
[19:50:13] Task 5 zero-shot (pre-train): 9.51%
[19:51:28] task=5  epoch=0  train_loss=0.323
[19:51:54] task=5  epoch=END  time_sec=75.0  acc_task0=51.31  acc_task1=68.35  acc_task2=71.13  acc_task3=76.75  acc_task4=85.46  acc_task5=95.91
[19:51:54] 
============================================================
 Task 7/10  | Classes (0, 10)
============================================================
[19:51:54] Task 6 baseline (chance): 10.00%
[19:51:58] Task 6 zero-shot (pre-train): 17.82%
[19:53:11] task=6  epoch=0  train_loss=0.3076
[19:53:41] task=6  epoch=END  time_sec=73.0  acc_task0=50.22  acc_task1=64.22  acc_task2=64.54  acc_task3=66.07  acc_task4=69.47  acc_task5=86.8  acc_task6=95.99
[19:53:41] 
============================================================
 Task 8/10  | Classes (0, 10)
============================================================
[19:53:41] Task 7 baseline (chance): 10.00%
[19:53:45] Task 7 zero-shot (pre-train): 12.15%
[19:55:01] task=7  epoch=0  train_loss=0.3013
[19:55:35] task=7  epoch=END  time_sec=75.5  acc_task0=45.62  acc_task1=59.24  acc_task2=58.19  acc_task3=61.75  acc_task4=59.86  acc_task5=75.62  acc_task6=88.04  acc_task7=96.11
[19:55:35] 
============================================================
 Task 9/10  | Classes (0, 10)
============================================================
[19:55:35] Task 8 baseline (chance): 10.00%
[19:55:39] Task 8 zero-shot (pre-train): 11.95%
[19:56:57] task=8  epoch=0  train_loss=0.3049
[19:57:36] task=8  epoch=END  time_sec=78.0  acc_task0=42.01  acc_task1=57.73  acc_task2=55.21  acc_task3=53.18  acc_task4=51.18  acc_task5=63.96  acc_task6=73.32  acc_task7=85.91  acc_task8=96.16
[19:57:36] 
============================================================
 Task 10/10  | Classes (0, 10)
============================================================
[19:57:36] Task 9 baseline (chance): 10.00%
[19:57:40] Task 9 zero-shot (pre-train): 12.97%
[19:58:59] task=9  epoch=0  train_loss=0.3001
[19:59:41] task=9  epoch=END  time_sec=78.8  acc_task0=40.27  acc_task1=52.49  acc_task2=49.72  acc_task3=50.25  acc_task4=47.97  acc_task5=54.11  acc_task6=66.42  acc_task7=70.87  acc_task8=87.59  acc_task9=95.91
[19:59:41] 
Final Metrics:
  avg_accuracy         +61.5600
  forgetting           +38.3378
  backward_transfer    -38.3378
  forward_transfer     +3.1256
[19:59:41] 
Done - run: permuted_mnist_der_ntasks10_seed42
[19:59:41] Metrics: {'avg_accuracy': 61.56, 'forgetting': 38.3378, 'backward_transfer': -38.3378, 'forward_transfer': 3.1256}
