[19:30:37] Starting: permuted_mnist_der_ntasks10_seed789
[19:30:37] Config: {'dataset': 'permuted_mnist', 'data_root': 'Project/data_local', 'model': 'resnet8', 'pretrained': False, 'method': 'der', 'n_epochs': 1, 'batch_size': 32, 'num_workers': 0, 'lr': 0.03, 'momentum': 0.9, 'weight_decay': 0.0001, 'fp16': False, 'buffer_size': 200, 'ewc_lambda': 100.0, 'fisher_samples': 200, 'si_lambda': 1.0, 'si_xi': 0.1, 'der_alpha': 0.5, 'xder_beta': 0.5, 'lwf_lambda': 1.0, 'lwf_temp': 2.0, 'icarl_distill_w': 1.0, 'icarl_temp': 2.0, 'use_nmc': True, 'agem_mem_batch': 64, 'distill_lambda': 1.0, 'distill_temp': 2.0, 'pc_distill_w': 1.0, 'pc_ewc_lambda': 100.0, 'pc_compress_epochs': 3, 'er_replay_ratio': 0.5, 'joint_replay_epochs': 1, 'disable_tqdm': True, 'disable_checkpoints': True, 'disable_plots': True, 'seeds': [42, 123, 456, 789, 1024], 'results_root': 'results_phase3_ablations', 'checkpoint_dir': 'results/checkpoints', 'figure_dir': 'results_phase3_ablations\\figures', 'log_dir': 'results_phase3_ablations\\raw', 'n_tasks': 10, 'run_tag': 'ntasks10', 'run_name': 'permuted_mnist_der_ntasks10_seed789', 'seed': 789}
[19:30:37] Device: cuda
[19:30:37] Dataset: PermutedMNIST(tasks=10, classes_per_task=10, scenario=domain-il)
[19:30:37] 
============================================================
 Task 1/10  | Classes (0, 10)
============================================================
[19:30:37] Task 0 baseline (chance): 10.00%
[19:31:51] task=0  epoch=0  train_loss=0.4364
[19:31:55] task=0  epoch=END  time_sec=73.7  acc_task0=96.04
[19:31:55] 
============================================================
 Task 2/10  | Classes (0, 10)
============================================================
[19:31:55] Task 1 baseline (chance): 10.00%
[19:32:00] Task 1 zero-shot (pre-train): 10.94%
[19:33:16] task=1  epoch=0  train_loss=0.3422
[19:33:25] task=1  epoch=END  time_sec=75.8  acc_task0=86.39  acc_task1=96.05
[19:33:25] 
============================================================
 Task 3/10  | Classes (0, 10)
============================================================
[19:33:25] Task 2 baseline (chance): 10.00%
[19:33:31] Task 2 zero-shot (pre-train): 11.70%
[19:34:47] task=2  epoch=0  train_loss=0.3434
[19:35:03] task=2  epoch=END  time_sec=76.0  acc_task0=77.08  acc_task1=86.04  acc_task2=96.32
[19:35:03] 
============================================================
 Task 4/10  | Classes (0, 10)
============================================================
[19:35:03] Task 3 baseline (chance): 10.00%
[19:35:08] Task 3 zero-shot (pre-train): 16.19%
[19:36:24] task=3  epoch=0  train_loss=0.3242
[19:36:43] task=3  epoch=END  time_sec=75.6  acc_task0=68.89  acc_task1=77.73  acc_task2=88.83  acc_task3=96.22
[19:36:43] 
============================================================
 Task 5/10  | Classes (0, 10)
============================================================
[19:36:43] Task 4 baseline (chance): 10.00%
[19:36:48] Task 4 zero-shot (pre-train): 10.30%
[19:38:04] task=4  epoch=0  train_loss=0.3215
[19:38:28] task=4  epoch=END  time_sec=75.9  acc_task0=60.83  acc_task1=72.11  acc_task2=76.56  acc_task3=85.05  acc_task4=96.26
[19:38:28] 
============================================================
 Task 6/10  | Classes (0, 10)
============================================================
[19:38:28] Task 5 baseline (chance): 10.00%
[19:38:33] Task 5 zero-shot (pre-train): 8.92%
[19:39:49] task=5  epoch=0  train_loss=0.3176
[19:40:19] task=5  epoch=END  time_sec=76.1  acc_task0=51.37  acc_task1=55.35  acc_task2=68.87  acc_task3=64.97  acc_task4=86.85  acc_task5=96.3
[19:40:19] 
============================================================
 Task 7/10  | Classes (0, 10)
============================================================
[19:40:19] Task 6 baseline (chance): 10.00%
[19:40:23] Task 6 zero-shot (pre-train): 12.37%
[19:41:37] task=6  epoch=0  train_loss=0.3111
[20:35:53] Starting: permuted_mnist_der_ntasks10_seed789
[20:35:53] Config: {'dataset': 'permuted_mnist', 'data_root': 'Project/data_local', 'model': 'resnet8', 'pretrained': False, 'method': 'der', 'n_epochs': 1, 'batch_size': 32, 'num_workers': 0, 'lr': 0.03, 'momentum': 0.9, 'weight_decay': 0.0001, 'fp16': False, 'buffer_size': 200, 'ewc_lambda': 100.0, 'fisher_samples': 200, 'si_lambda': 1.0, 'si_xi': 0.1, 'der_alpha': 0.5, 'xder_beta': 0.5, 'lwf_lambda': 1.0, 'lwf_temp': 2.0, 'icarl_distill_w': 1.0, 'icarl_temp': 2.0, 'use_nmc': True, 'agem_mem_batch': 64, 'distill_lambda': 1.0, 'distill_temp': 2.0, 'pc_distill_w': 1.0, 'pc_ewc_lambda': 100.0, 'pc_compress_epochs': 3, 'er_replay_ratio': 0.5, 'joint_replay_epochs': 1, 'disable_tqdm': True, 'disable_checkpoints': True, 'disable_plots': True, 'seeds': [42, 123, 456, 789, 1024], 'results_root': 'results_phase3_ablations', 'checkpoint_dir': 'results/checkpoints', 'figure_dir': 'results_phase3_ablations\\figures', 'log_dir': 'results_phase3_ablations\\raw', 'n_tasks': 10, 'run_tag': 'ntasks10', 'run_name': 'permuted_mnist_der_ntasks10_seed789', 'seed': 789}
[20:35:53] Device: cuda
[20:35:53] Dataset: PermutedMNIST(tasks=10, classes_per_task=10, scenario=domain-il)
[20:35:53] 
============================================================
 Task 1/10  | Classes (0, 10)
============================================================
[20:35:53] Task 0 baseline (chance): 10.00%
[20:37:07] task=0  epoch=0  train_loss=0.4364
[20:37:11] task=0  epoch=END  time_sec=73.7  acc_task0=96.04
[20:37:11] 
============================================================
 Task 2/10  | Classes (0, 10)
============================================================
[20:37:11] Task 1 baseline (chance): 10.00%
[20:37:17] Task 1 zero-shot (pre-train): 10.94%
[20:38:31] task=1  epoch=0  train_loss=0.3422
[20:38:42] task=1  epoch=END  time_sec=73.6  acc_task0=86.39  acc_task1=96.05
[20:38:42] 
============================================================
 Task 3/10  | Classes (0, 10)
============================================================
[20:38:42] Task 2 baseline (chance): 10.00%
[20:38:47] Task 2 zero-shot (pre-train): 11.70%
[20:40:01] task=2  epoch=0  train_loss=0.3434
[20:40:18] task=2  epoch=END  time_sec=74.3  acc_task0=77.08  acc_task1=86.04  acc_task2=96.32
[20:40:18] 
============================================================
 Task 4/10  | Classes (0, 10)
============================================================
[20:40:18] Task 3 baseline (chance): 10.00%
[20:40:23] Task 3 zero-shot (pre-train): 16.19%
[20:41:38] task=3  epoch=0  train_loss=0.3242
[20:41:59] task=3  epoch=END  time_sec=74.5  acc_task0=68.89  acc_task1=77.73  acc_task2=88.83  acc_task3=96.22
[20:41:59] 
============================================================
 Task 5/10  | Classes (0, 10)
============================================================
[20:41:59] Task 4 baseline (chance): 10.00%
[20:42:05] Task 4 zero-shot (pre-train): 10.30%
