[19:12:34] Starting: permuted_mnist_der_ntasks10_seed456
[19:12:34] Config: {'dataset': 'permuted_mnist', 'data_root': 'Project/data_local', 'model': 'resnet8', 'pretrained': False, 'method': 'der', 'n_epochs': 1, 'batch_size': 32, 'num_workers': 0, 'lr': 0.03, 'momentum': 0.9, 'weight_decay': 0.0001, 'fp16': False, 'buffer_size': 200, 'ewc_lambda': 100.0, 'fisher_samples': 200, 'si_lambda': 1.0, 'si_xi': 0.1, 'der_alpha': 0.5, 'xder_beta': 0.5, 'lwf_lambda': 1.0, 'lwf_temp': 2.0, 'icarl_distill_w': 1.0, 'icarl_temp': 2.0, 'use_nmc': True, 'agem_mem_batch': 64, 'distill_lambda': 1.0, 'distill_temp': 2.0, 'pc_distill_w': 1.0, 'pc_ewc_lambda': 100.0, 'pc_compress_epochs': 3, 'er_replay_ratio': 0.5, 'joint_replay_epochs': 1, 'disable_tqdm': True, 'disable_checkpoints': True, 'disable_plots': True, 'seeds': [42, 123, 456, 789, 1024], 'results_root': 'results_phase3_ablations', 'checkpoint_dir': 'results/checkpoints', 'figure_dir': 'results_phase3_ablations\\figures', 'log_dir': 'results_phase3_ablations\\raw', 'n_tasks': 10, 'run_tag': 'ntasks10', 'run_name': 'permuted_mnist_der_ntasks10_seed456', 'seed': 456}
[19:12:34] Device: cuda
[19:12:34] Dataset: PermutedMNIST(tasks=10, classes_per_task=10, scenario=domain-il)
[19:12:34] 
============================================================
 Task 1/10  | Classes (0, 10)
============================================================
[19:12:34] Task 0 baseline (chance): 10.00%
[19:13:48] task=0  epoch=0  train_loss=0.4333
[19:13:53] task=0  epoch=END  time_sec=74.3  acc_task0=96.06
[19:13:53] 
============================================================
 Task 2/10  | Classes (0, 10)
============================================================
[19:13:53] Task 1 baseline (chance): 10.00%
[19:13:59] Task 1 zero-shot (pre-train): 7.70%
[19:15:13] task=1  epoch=0  train_loss=0.3301
[19:15:23] task=1  epoch=END  time_sec=73.6  acc_task0=84.97  acc_task1=95.58
[19:15:23] 
============================================================
 Task 3/10  | Classes (0, 10)
============================================================
[19:15:23] Task 2 baseline (chance): 10.00%
[19:15:29] Task 2 zero-shot (pre-train): 16.79%
[19:16:42] task=2  epoch=0  train_loss=0.3292
[19:16:58] task=2  epoch=END  time_sec=73.4  acc_task0=74.47  acc_task1=86.96  acc_task2=95.76
[19:16:58] 
============================================================
 Task 4/10  | Classes (0, 10)
============================================================
[19:16:58] Task 3 baseline (chance): 10.00%
[19:17:04] Task 3 zero-shot (pre-train): 9.02%
[19:18:17] task=3  epoch=0  train_loss=0.3278
[19:18:39] task=3  epoch=END  time_sec=73.5  acc_task0=65.25  acc_task1=79.85  acc_task2=87.94  acc_task3=96.14
[19:18:39] 
============================================================
 Task 5/10  | Classes (0, 10)
============================================================
[19:18:39] Task 4 baseline (chance): 10.00%
[19:18:44] Task 4 zero-shot (pre-train): 12.10%
[19:19:58] task=4  epoch=0  train_loss=0.318
[19:20:25] task=4  epoch=END  time_sec=73.9  acc_task0=63.57  acc_task1=74.75  acc_task2=76.21  acc_task3=87.49  acc_task4=96.45
[19:20:25] 
============================================================
 Task 6/10  | Classes (0, 10)
============================================================
[19:20:25] Task 5 baseline (chance): 10.00%
[19:20:30] Task 5 zero-shot (pre-train): 8.82%
[19:21:43] task=5  epoch=0  train_loss=0.3143
[19:22:16] task=5  epoch=END  time_sec=73.2  acc_task0=58.45  acc_task1=70.35  acc_task2=68.8  acc_task3=74.6  acc_task4=88.34  acc_task5=96.15
[19:22:16] 
============================================================
 Task 7/10  | Classes (0, 10)
============================================================
[19:22:16] Task 6 baseline (chance): 10.00%
[19:22:21] Task 6 zero-shot (pre-train): 11.76%
[19:23:35] task=6  epoch=0  train_loss=0.3183
[19:24:13] task=6  epoch=END  time_sec=73.5  acc_task0=53.41  acc_task1=62.63  acc_task2=55.72  acc_task3=64.04  acc_task4=74.12  acc_task5=85.86  acc_task6=96.33
[19:24:13] 
============================================================
 Task 8/10  | Classes (0, 10)
============================================================
[19:24:13] Task 7 baseline (chance): 10.00%
[19:24:18] Task 7 zero-shot (pre-train): 15.03%
[19:25:32] task=7  epoch=0  train_loss=0.3016
[19:26:15] task=7  epoch=END  time_sec=74.1  acc_task0=47.63  acc_task1=54.06  acc_task2=40.96  acc_task3=54.25  acc_task4=58.49  acc_task5=68.9  acc_task6=85.78  acc_task7=96.21
[19:26:15] 
============================================================
 Task 9/10  | Classes (0, 10)
============================================================
[19:26:15] Task 8 baseline (chance): 10.00%
[19:26:21] Task 8 zero-shot (pre-train): 10.51%
[19:27:34] task=8  epoch=0  train_loss=0.3048
[19:28:23] task=8  epoch=END  time_sec=73.6  acc_task0=49.13  acc_task1=51.48  acc_task2=40.69  acc_task3=50.38  acc_task4=59.89  acc_task5=64.39  acc_task6=76.84  acc_task7=85.91  acc_task8=96.18
[19:28:23] 
============================================================
 Task 10/10  | Classes (0, 10)
============================================================
[19:28:23] Task 9 baseline (chance): 10.00%
[19:28:29] Task 9 zero-shot (pre-train): 15.53%
[19:29:43] task=9  epoch=0  train_loss=0.2949
[19:30:37] task=9  epoch=END  time_sec=74.2  acc_task0=45.17  acc_task1=46.2  acc_task2=36.57  acc_task3=50.19  acc_task4=54.21  acc_task5=53.26  acc_task6=65.53  acc_task7=73.33  acc_task8=87.24  acc_task9=96.36
[19:30:37] 
Final Metrics:
  avg_accuracy         +60.8060
  forgetting           +39.2400
  backward_transfer    -39.2400
  forward_transfer     +1.9178
[19:30:37] 
Done - run: permuted_mnist_der_ntasks10_seed456
[19:30:37] Metrics: {'avg_accuracy': 60.806, 'forgetting': 39.24, 'backward_transfer': -39.24, 'forward_transfer': 1.9178}
[20:17:41] Starting: permuted_mnist_der_ntasks10_seed456
[20:17:41] Config: {'dataset': 'permuted_mnist', 'data_root': 'Project/data_local', 'model': 'resnet8', 'pretrained': False, 'method': 'der', 'n_epochs': 1, 'batch_size': 32, 'num_workers': 0, 'lr': 0.03, 'momentum': 0.9, 'weight_decay': 0.0001, 'fp16': False, 'buffer_size': 200, 'ewc_lambda': 100.0, 'fisher_samples': 200, 'si_lambda': 1.0, 'si_xi': 0.1, 'der_alpha': 0.5, 'xder_beta': 0.5, 'lwf_lambda': 1.0, 'lwf_temp': 2.0, 'icarl_distill_w': 1.0, 'icarl_temp': 2.0, 'use_nmc': True, 'agem_mem_batch': 64, 'distill_lambda': 1.0, 'distill_temp': 2.0, 'pc_distill_w': 1.0, 'pc_ewc_lambda': 100.0, 'pc_compress_epochs': 3, 'er_replay_ratio': 0.5, 'joint_replay_epochs': 1, 'disable_tqdm': True, 'disable_checkpoints': True, 'disable_plots': True, 'seeds': [42, 123, 456, 789, 1024], 'results_root': 'results_phase3_ablations', 'checkpoint_dir': 'results/checkpoints', 'figure_dir': 'results_phase3_ablations\\figures', 'log_dir': 'results_phase3_ablations\\raw', 'n_tasks': 10, 'run_tag': 'ntasks10', 'run_name': 'permuted_mnist_der_ntasks10_seed456', 'seed': 456}
[20:17:41] Device: cuda
[20:17:41] Dataset: PermutedMNIST(tasks=10, classes_per_task=10, scenario=domain-il)
[20:17:41] 
============================================================
 Task 1/10  | Classes (0, 10)
============================================================
[20:17:41] Task 0 baseline (chance): 10.00%
[20:18:55] task=0  epoch=0  train_loss=0.4333
[20:18:59] task=0  epoch=END  time_sec=73.4  acc_task0=96.06
[20:18:59] 
============================================================
 Task 2/10  | Classes (0, 10)
============================================================
[20:18:59] Task 1 baseline (chance): 10.00%
[20:19:05] Task 1 zero-shot (pre-train): 7.70%
[20:20:19] task=1  epoch=0  train_loss=0.3301
[20:20:30] task=1  epoch=END  time_sec=74.0  acc_task0=84.97  acc_task1=95.58
[20:20:30] 
============================================================
 Task 3/10  | Classes (0, 10)
============================================================
[20:20:30] Task 2 baseline (chance): 10.00%
[20:20:36] Task 2 zero-shot (pre-train): 16.79%
[20:21:50] task=2  epoch=0  train_loss=0.3292
[20:22:07] task=2  epoch=END  time_sec=74.3  acc_task0=74.47  acc_task1=86.96  acc_task2=95.76
[20:22:07] 
============================================================
 Task 4/10  | Classes (0, 10)
============================================================
[20:22:07] Task 3 baseline (chance): 10.00%
[20:22:12] Task 3 zero-shot (pre-train): 9.02%
[20:23:27] task=3  epoch=0  train_loss=0.3278
[20:23:49] task=3  epoch=END  time_sec=74.4  acc_task0=65.25  acc_task1=79.85  acc_task2=87.94  acc_task3=96.14
[20:23:49] 
============================================================
 Task 5/10  | Classes (0, 10)
============================================================
[20:23:49] Task 4 baseline (chance): 10.00%
[20:23:54] Task 4 zero-shot (pre-train): 12.10%
[20:25:09] task=4  epoch=0  train_loss=0.318
[20:25:36] task=4  epoch=END  time_sec=74.5  acc_task0=63.57  acc_task1=74.75  acc_task2=76.21  acc_task3=87.49  acc_task4=96.45
[20:25:36] 
============================================================
 Task 6/10  | Classes (0, 10)
============================================================
[20:25:36] Task 5 baseline (chance): 10.00%
[20:25:42] Task 5 zero-shot (pre-train): 8.82%
[20:26:57] task=5  epoch=0  train_loss=0.3143
[20:27:30] task=5  epoch=END  time_sec=74.7  acc_task0=58.45  acc_task1=70.35  acc_task2=68.8  acc_task3=74.6  acc_task4=88.34  acc_task5=96.15
[20:27:30] 
============================================================
 Task 7/10  | Classes (0, 10)
============================================================
[20:27:30] Task 6 baseline (chance): 10.00%
[20:27:35] Task 6 zero-shot (pre-train): 11.76%
[20:28:50] task=6  epoch=0  train_loss=0.3183
[20:29:28] task=6  epoch=END  time_sec=74.1  acc_task0=53.41  acc_task1=62.63  acc_task2=55.72  acc_task3=64.04  acc_task4=74.12  acc_task5=85.86  acc_task6=96.33
[20:29:28] 
============================================================
 Task 8/10  | Classes (0, 10)
============================================================
[20:29:28] Task 7 baseline (chance): 10.00%
[20:29:33] Task 7 zero-shot (pre-train): 15.03%
[20:30:47] task=7  epoch=0  train_loss=0.3016
[20:31:31] task=7  epoch=END  time_sec=74.2  acc_task0=47.63  acc_task1=54.06  acc_task2=40.96  acc_task3=54.25  acc_task4=58.49  acc_task5=68.9  acc_task6=85.78  acc_task7=96.21
[20:31:31] 
============================================================
 Task 9/10  | Classes (0, 10)
============================================================
[20:31:31] Task 8 baseline (chance): 10.00%
[20:31:37] Task 8 zero-shot (pre-train): 10.51%
[20:32:50] task=8  epoch=0  train_loss=0.3048
[20:33:39] task=8  epoch=END  time_sec=73.6  acc_task0=49.13  acc_task1=51.48  acc_task2=40.69  acc_task3=50.38  acc_task4=59.89  acc_task5=64.39  acc_task6=76.84  acc_task7=85.91  acc_task8=96.18
[20:33:39] 
============================================================
 Task 10/10  | Classes (0, 10)
============================================================
[20:33:39] Task 9 baseline (chance): 10.00%
[20:33:45] Task 9 zero-shot (pre-train): 15.53%
[20:34:58] task=9  epoch=0  train_loss=0.2949
[20:35:53] task=9  epoch=END  time_sec=73.6  acc_task0=45.17  acc_task1=46.2  acc_task2=36.57  acc_task3=50.19  acc_task4=54.21  acc_task5=53.26  acc_task6=65.53  acc_task7=73.33  acc_task8=87.24  acc_task9=96.36
[20:35:53] 
Final Metrics:
  avg_accuracy         +60.8060
  forgetting           +39.2400
  backward_transfer    -39.2400
  forward_transfer     +1.9178
[20:35:53] 
Done - run: permuted_mnist_der_ntasks10_seed456
[20:35:53] Metrics: {'avg_accuracy': 60.806, 'forgetting': 39.24, 'backward_transfer': -39.24, 'forward_transfer': 1.9178}
