[00:04:08] Starting: split_cifar10_joint_training_seed789
[00:04:08] Config: {'dataset': 'split_cifar10', 'data_root': 'Project/data_local', 'model': 'slim_resnet18', 'pretrained': False, 'method': 'joint_training', 'n_epochs': 1, 'batch_size': 32, 'num_workers': 0, 'lr': 0.03, 'momentum': 0.9, 'weight_decay': 0.0001, 'fp16': False, 'buffer_size': 200, 'ewc_lambda': 100.0, 'fisher_samples': 200, 'si_lambda': 1.0, 'si_xi': 0.1, 'der_alpha': 0.5, 'xder_beta': 0.5, 'lwf_lambda': 1.0, 'lwf_temp': 2.0, 'icarl_distill_w': 1.0, 'icarl_temp': 2.0, 'use_nmc': True, 'agem_mem_batch': 64, 'distill_lambda': 1.0, 'distill_temp': 2.0, 'pc_distill_w': 1.0, 'pc_ewc_lambda': 100.0, 'pc_compress_epochs': 3, 'er_replay_ratio': 0.5, 'joint_replay_epochs': 1, 'disable_tqdm': True, 'seeds': [42, 123, 456, 789, 1024], 'checkpoint_dir': 'results/checkpoints', 'figure_dir': 'results/figures', 'log_dir': 'results/raw', 'run_name': 'split_cifar10_joint_training_seed789', 'seed': 789}
[00:04:08] Device: cuda
[00:04:09] Dataset: SplitCIFAR10(tasks=5, classes_per_task=2, scenario=class-il)
[00:04:09] 
============================================================
 Task 1/5  | Classes (0, 2)
============================================================
[00:04:09] Task 0 baseline (before training): 0.00%
[00:04:19] task=0  epoch=0  train_loss=0.5182
[00:04:30] task=0  epoch=END  time_sec=10.2  acc_task0=88.4
[00:04:30] 
============================================================
 Task 2/5  | Classes (2, 4)
============================================================
[00:04:31] Task 1 baseline (before training): 0.00%
[00:04:41] task=1  epoch=0  train_loss=0.5866
[00:04:58] task=1  epoch=END  time_sec=10.1  acc_task0=77.45  acc_task1=59.25
[00:04:58] 
============================================================
 Task 3/5  | Classes (4, 6)
============================================================
[00:04:59] Task 2 baseline (before training): 0.00%
[00:05:09] task=2  epoch=0  train_loss=0.5182
[00:05:33] task=2  epoch=END  time_sec=10.1  acc_task0=84.7  acc_task1=29.85  acc_task2=67.95
[00:05:33] 
============================================================
 Task 4/5  | Classes (6, 8)
============================================================
[00:05:33] Task 3 baseline (before training): 0.00%
[00:05:44] task=3  epoch=0  train_loss=0.3394
[00:06:14] task=3  epoch=END  time_sec=10.1  acc_task0=82.4  acc_task1=44.95  acc_task2=59.9  acc_task3=75.9
[00:06:14] 
============================================================
 Task 5/5  | Classes (8, 10)
============================================================
[00:06:15] Task 4 baseline (before training): 0.00%
[00:06:25] task=4  epoch=0  train_loss=0.2864
[00:07:02] task=4  epoch=END  time_sec=10.2  acc_task0=73.4  acc_task1=49.25  acc_task2=63.05  acc_task3=72.7  acc_task4=85.45
[00:07:02] 
Final Metrics:
  avg_accuracy         +68.7700
  forgetting           +8.2750
  backward_transfer    -8.2750
  forward_transfer     +0.0000
[00:07:03] 
Done - run: split_cifar10_joint_training_seed789
[00:07:03] Metrics: {'avg_accuracy': 68.77, 'forgetting': 8.275, 'backward_transfer': -8.275, 'forward_transfer': 0.0}
