[01:36:41] Starting: split_cifar10_er_ewc_lambda10_seed456
[01:36:41] Config: {'dataset': 'split_cifar10', 'data_root': 'F:\\Temp\\cf\\Catastrophic Forgetting\\research_v2\\Project\\data_local', 'dataset_image_size': None, 'dataset_out_channels': None, 'model': 'slim_resnet18', 'pretrained': False, 'model_image_size': None, 'method': 'er_ewc', 'n_epochs': 1, 'batch_size': 32, 'num_workers': 0, 'lr': 0.03, 'momentum': 0.9, 'weight_decay': 0.0001, 'fp16': False, 'buffer_size': 200, 'ewc_lambda': 10.0, 'fisher_samples': 200, 'si_lambda': 1.0, 'si_xi': 0.1, 'der_alpha': 0.5, 'xder_beta': 0.5, 'lwf_lambda': 1.0, 'lwf_temp': 2.0, 'icarl_distill_w': 1.0, 'icarl_temp': 2.0, 'use_nmc': True, 'agem_mem_batch': 64, 'distill_lambda': 1.0, 'distill_temp': 2.0, 'pc_distill_w': 1.0, 'pc_ewc_lambda': 100.0, 'pc_compress_epochs': 3, 'er_replay_ratio': 0.5, 'joint_replay_epochs': 1, 'disable_tqdm': True, 'disable_checkpoints': False, 'disable_plots': True, 'resume': False, 'cleanup_checkpoints_on_success': True, 'result_group': 'ablations', 'ablation_family': 'lambda', 'seeds': [42, 123, 456, 789, 1024], 'results_root': 'F:\\Temp\\cf\\Catastrophic Forgetting\\research_v2\\results', 'run_tag': 'lambda10', 'seed': 456, 'run_name': 'split_cifar10_er_ewc_lambda10_seed456', 'project_root': 'F:\\Temp\\cf\\Catastrophic Forgetting\\research_v2\\Project', 'workspace_root': 'F:\\Temp\\cf\\Catastrophic Forgetting\\research_v2', 'run_root': 'F:\\Temp\\cf\\Catastrophic Forgetting\\research_v2\\results\\ablations\\epoch_1\\split_cifar10\\lambda\\er_ewc__lambda10\\seed_456', 'log_dir': 'F:\\Temp\\cf\\Catastrophic Forgetting\\research_v2\\results\\ablations\\epoch_1\\split_cifar10\\lambda\\er_ewc__lambda10\\seed_456\\logs', 'metrics_dir': 'F:\\Temp\\cf\\Catastrophic Forgetting\\research_v2\\results\\ablations\\epoch_1\\split_cifar10\\lambda\\er_ewc__lambda10\\seed_456\\metrics', 'checkpoint_dir': 'F:\\Temp\\cf\\Catastrophic Forgetting\\research_v2\\results\\ablations\\epoch_1\\split_cifar10\\lambda\\er_ewc__lambda10\\seed_456\\checkpoints', 'artifact_dir': 'F:\\Temp\\cf\\Catastrophic Forgetting\\research_v2\\results\\ablations\\epoch_1\\split_cifar10\\lambda\\er_ewc__lambda10\\seed_456\\artifacts', 'figure_dir': 'F:\\Temp\\cf\\Catastrophic Forgetting\\research_v2\\results\\figures\\ablations\\epoch_1\\split_cifar10\\lambda\\er_ewc__lambda10\\seed_456'}
[01:36:41] Device: cuda
[01:36:44] Dataset: SplitCIFAR10(tasks=5, classes_per_task=2, scenario=class-il)
[01:36:44] 
============================================================
 Task 1/5  | Classes (0, 2)
============================================================
[01:36:44] Task 0 baseline (chance): 50.00%
[01:37:03] task=0  epoch=0  train_loss=0.4322
[01:37:05] task=0  epoch=END  time_sec=19.4  acc_task0=81.85
[01:37:05] 
============================================================
 Task 2/5  | Classes (2, 4)
============================================================
[01:37:05] Task 1 baseline (chance): 25.00%
[01:37:06] Task 1 zero-shot (pre-train): 1.20%
[01:37:36] task=1  epoch=0  train_loss=0.6825
[01:37:39] task=1  epoch=END  time_sec=30.5  acc_task0=42.4  acc_task1=71.7
[01:37:39] 
============================================================
 Task 3/5  | Classes (4, 6)
============================================================
[01:37:39] Task 2 baseline (chance): 16.67%
[01:37:40] Task 2 zero-shot (pre-train): 0.00%
[01:38:24] task=2  epoch=0  train_loss=0.6797
[01:38:28] task=2  epoch=END  time_sec=43.5  acc_task0=44.55  acc_task1=1.15  acc_task2=73.0
[01:38:28] 
============================================================
 Task 4/5  | Classes (6, 8)
============================================================
[01:38:28] Task 3 baseline (chance): 12.50%
[01:38:29] Task 3 zero-shot (pre-train): 0.00%
[01:39:23] task=3  epoch=0  train_loss=0.4759
[01:39:27] task=3  epoch=END  time_sec=53.4  acc_task0=34.0  acc_task1=1.1  acc_task2=4.95  acc_task3=92.1
[01:39:28] 
============================================================
 Task 5/5  | Classes (8, 10)
============================================================
[01:39:28] Task 4 baseline (chance): 10.00%
[01:39:29] Task 4 zero-shot (pre-train): 0.00%
[01:40:29] task=4  epoch=0  train_loss=0.4191
[01:40:34] task=4  epoch=END  time_sec=60.9  acc_task0=0.4  acc_task1=2.05  acc_task2=3.2  acc_task3=23.25  acc_task4=88.3
[01:40:34] 
Final Metrics:
  avg_accuracy         +23.4400
  forgetting           +72.4375
  backward_transfer    -72.4375
  forward_transfer     -15.7417
[01:40:34] 
Done - run: split_cifar10_er_ewc_lambda10_seed456
[01:40:34] Metrics: {'avg_accuracy': 23.44, 'forgetting': 72.4375, 'backward_transfer': -72.4375, 'forward_transfer': -15.7417}
[01:40:34] Deleted 5 checkpoint(s) after successful completion.
