[19:16:03] Starting: permuted_mnist_fine_tune_seed1024
[19:16:03] Config: {'dataset': 'permuted_mnist', 'data_root': 'Project/data', 'model': 'resnet8', 'pretrained': False, 'method': 'fine_tune', 'n_epochs': 1, 'batch_size': 32, 'num_workers': 0, 'lr': 0.03, 'momentum': 0.9, 'weight_decay': 0.0001, 'fp16': False, 'buffer_size': 200, 'ewc_lambda': 100.0, 'fisher_samples': 200, 'si_lambda': 1.0, 'si_xi': 0.1, 'der_alpha': 0.5, 'xder_beta': 0.5, 'lwf_lambda': 1.0, 'lwf_temp': 2.0, 'icarl_distill_w': 1.0, 'icarl_temp': 2.0, 'use_nmc': True, 'agem_mem_batch': 64, 'distill_lambda': 1.0, 'distill_temp': 2.0, 'pc_distill_w': 1.0, 'pc_ewc_lambda': 100.0, 'pc_compress_epochs': 3, 'er_replay_ratio': 0.5, 'joint_replay_epochs': 1, 'disable_tqdm': True, 'seeds': [42, 123, 456, 789, 1024], 'checkpoint_dir': 'results/checkpoints', 'figure_dir': 'results/figures', 'log_dir': 'results/raw', 'run_name': 'permuted_mnist_fine_tune_seed1024', 'seed': 1024}
[19:16:03] Device: cuda
[19:16:03] Dataset: PermutedMNIST(tasks=10, classes_per_task=10, scenario=domain-il)
[19:16:03] 
============================================================
 Task 1/10  | Classes (0, 10)
============================================================
[19:16:03] Task 0 baseline (before training): 0.00%
[19:16:29] task=0  epoch=0  train_loss=0.3189
[19:16:31] task=0  epoch=END  time_sec=25.4  acc_task0=92.85
[19:16:31] 
============================================================
 Task 2/10  | Classes (0, 10)
============================================================
[19:16:35] Task 1 baseline (before training): 6.05%
[19:17:00] task=1  epoch=0  train_loss=0.2518
[19:17:07] task=1  epoch=END  time_sec=25.2  acc_task0=25.89  acc_task1=94.95
[19:17:07] 
============================================================
 Task 3/10  | Classes (0, 10)
============================================================
[19:17:10] Task 2 baseline (before training): 8.92%
[19:17:36] task=2  epoch=0  train_loss=0.2474
[19:17:46] task=2  epoch=END  time_sec=25.4  acc_task0=14.77  acc_task1=45.48  acc_task2=94.71
[19:17:46] 
============================================================
 Task 4/10  | Classes (0, 10)
============================================================
[19:17:49] Task 3 baseline (before training): 13.11%
[19:18:15] task=3  epoch=0  train_loss=0.2448
[19:18:28] task=3  epoch=END  time_sec=25.5  acc_task0=13.98  acc_task1=19.25  acc_task2=44.93  acc_task3=95.1
[19:18:28] 
============================================================
 Task 5/10  | Classes (0, 10)
============================================================
[19:18:31] Task 4 baseline (before training): 14.08%
[19:18:57] task=4  epoch=0  train_loss=0.2481
[19:19:13] task=4  epoch=END  time_sec=25.3  acc_task0=13.79  acc_task1=13.16  acc_task2=20.31  acc_task3=48.64  acc_task4=95.65
[19:19:13] 
============================================================
 Task 6/10  | Classes (0, 10)
============================================================
[19:19:16] Task 5 baseline (before training): 12.05%
[19:19:41] task=5  epoch=0  train_loss=0.2442
[19:19:59] task=5  epoch=END  time_sec=24.4  acc_task0=8.66  acc_task1=10.14  acc_task2=10.99  acc_task3=16.31  acc_task4=47.03  acc_task5=95.12
[19:19:59] 
============================================================
 Task 7/10  | Classes (0, 10)
============================================================
[19:20:02] Task 6 baseline (before training): 11.84%
[19:20:27] task=6  epoch=0  train_loss=0.2409
[19:20:51] task=6  epoch=END  time_sec=25.4  acc_task0=10.86  acc_task1=14.14  acc_task2=10.43  acc_task3=12.86  acc_task4=24.3  acc_task5=46.59  acc_task6=95.55
[19:20:51] 
============================================================
 Task 8/10  | Classes (0, 10)
============================================================
[19:20:54] Task 7 baseline (before training): 9.05%
[19:21:20] task=7  epoch=0  train_loss=0.2404
[19:21:47] task=7  epoch=END  time_sec=25.5  acc_task0=11.23  acc_task1=14.21  acc_task2=14.66  acc_task3=18.65  acc_task4=20.85  acc_task5=20.89  acc_task6=65.79  acc_task7=95.69
[19:21:47] 
============================================================
 Task 9/10  | Classes (0, 10)
============================================================
[19:21:51] Task 8 baseline (before training): 12.63%
[19:22:16] task=8  epoch=0  train_loss=0.2441
[19:22:46] task=8  epoch=END  time_sec=25.4  acc_task0=17.13  acc_task1=11.24  acc_task2=10.27  acc_task3=18.93  acc_task4=10.05  acc_task5=22.78  acc_task6=31.75  acc_task7=50.14  acc_task8=95.79
[19:22:46] 
============================================================
 Task 10/10  | Classes (0, 10)
============================================================
[19:22:50] Task 9 baseline (before training): 21.14%
[19:23:15] task=9  epoch=0  train_loss=0.2391
[19:23:49] task=9  epoch=END  time_sec=25.5  acc_task0=12.17  acc_task1=14.47  acc_task2=7.05  acc_task3=10.88  acc_task4=14.02  acc_task5=13.06  acc_task6=11.97  acc_task7=19.8  acc_task8=36.67  acc_task9=95.32
[19:23:49] 
Final Metrics:
  avg_accuracy         +23.5410
  forgetting           +79.4800
  backward_transfer    -79.4800
  forward_transfer     +0.0000
[19:23:49] 
Done - run: permuted_mnist_fine_tune_seed1024
[19:23:49] Metrics: {'avg_accuracy': 23.541, 'forgetting': 79.48, 'backward_transfer': -79.48, 'forward_transfer': 0.0}
