[17:28:52] Starting: split_cifar10_ewc_lambda1000_seed42
[17:28:52] Config: {'dataset': 'split_cifar10', 'data_root': 'Project/data_local', 'model': 'slim_resnet18', 'pretrained': False, 'method': 'ewc', 'n_epochs': 1, 'batch_size': 32, 'num_workers': 0, 'lr': 0.03, 'momentum': 0.9, 'weight_decay': 0.0001, 'fp16': False, 'buffer_size': 200, 'ewc_lambda': 1000.0, 'fisher_samples': 200, 'si_lambda': 1.0, 'si_xi': 0.1, 'der_alpha': 0.5, 'xder_beta': 0.5, 'lwf_lambda': 1.0, 'lwf_temp': 2.0, 'icarl_distill_w': 1.0, 'icarl_temp': 2.0, 'use_nmc': True, 'agem_mem_batch': 64, 'distill_lambda': 1.0, 'distill_temp': 2.0, 'pc_distill_w': 1.0, 'pc_ewc_lambda': 100.0, 'pc_compress_epochs': 3, 'er_replay_ratio': 0.5, 'joint_replay_epochs': 1, 'disable_tqdm': True, 'disable_checkpoints': True, 'disable_plots': True, 'seeds': [42, 123, 456, 789, 1024], 'results_root': 'results_phase3_ablations', 'checkpoint_dir': 'results/checkpoints', 'figure_dir': 'results_phase3_ablations\\figures', 'log_dir': 'results_phase3_ablations\\raw', 'run_tag': 'lambda1000', 'run_name': 'split_cifar10_ewc_lambda1000_seed42', 'seed': 42}
[17:28:52] Device: cuda
[17:28:53] Dataset: SplitCIFAR10(tasks=5, classes_per_task=2, scenario=class-il)
[17:28:54] 
============================================================
 Task 1/5  | Classes (0, 2)
============================================================
[17:28:54] Task 0 baseline (chance): 50.00%
[17:29:06] task=0  epoch=0  train_loss=0.5556
[17:29:07] task=0  epoch=END  time_sec=12.3  acc_task0=87.25
[17:29:07] 
============================================================
 Task 2/5  | Classes (2, 4)
============================================================
[17:29:07] Task 1 baseline (chance): 25.00%
[17:29:08] Task 1 zero-shot (pre-train): 2.30%
[17:29:28] task=1  epoch=0  train_loss=0.6166
[17:29:30] task=1  epoch=END  time_sec=19.8  acc_task0=0.0  acc_task1=74.5
[17:29:30] 
============================================================
 Task 3/5  | Classes (4, 6)
============================================================
[17:29:30] Task 2 baseline (chance): 16.67%
[17:29:31] Task 2 zero-shot (pre-train): 0.00%
[17:29:58] task=2  epoch=0  train_loss=0.6802
[17:30:01] task=2  epoch=END  time_sec=27.6  acc_task0=0.0  acc_task1=0.0  acc_task2=75.8
[17:30:01] 
============================================================
 Task 4/5  | Classes (6, 8)
============================================================
[17:30:01] Task 3 baseline (chance): 12.50%
[17:30:02] Task 3 zero-shot (pre-train): 0.00%
[17:30:38] task=3  epoch=0  train_loss=0.7301
[17:30:42] task=3  epoch=END  time_sec=35.7  acc_task0=0.0  acc_task1=0.0  acc_task2=0.0  acc_task3=83.75
[17:30:42] 
============================================================
 Task 5/5  | Classes (8, 10)
============================================================
[17:30:42] Task 4 baseline (chance): 10.00%
[17:30:43] Task 4 zero-shot (pre-train): 0.00%
[17:31:26] task=4  epoch=0  train_loss=0.8556
[17:31:31] task=4  epoch=END  time_sec=43.6  acc_task0=0.0  acc_task1=0.0  acc_task2=0.0  acc_task3=0.0  acc_task4=83.55
[17:31:31] 
Final Metrics:
  avg_accuracy         +16.7100
  forgetting           +80.3250
  backward_transfer    -80.3250
  forward_transfer     -15.4667
[17:31:31] 
Done - run: split_cifar10_ewc_lambda1000_seed42
[17:31:31] Metrics: {'avg_accuracy': 16.71, 'forgetting': 80.325, 'backward_transfer': -80.325, 'forward_transfer': -15.4667}
