[17:39:27] Starting: split_cifar10_ewc_lambda1000_seed1024
[17:39:27] Config: {'dataset': 'split_cifar10', 'data_root': 'Project/data_local', 'model': 'slim_resnet18', 'pretrained': False, 'method': 'ewc', 'n_epochs': 1, 'batch_size': 32, 'num_workers': 0, 'lr': 0.03, 'momentum': 0.9, 'weight_decay': 0.0001, 'fp16': False, 'buffer_size': 200, 'ewc_lambda': 1000.0, 'fisher_samples': 200, 'si_lambda': 1.0, 'si_xi': 0.1, 'der_alpha': 0.5, 'xder_beta': 0.5, 'lwf_lambda': 1.0, 'lwf_temp': 2.0, 'icarl_distill_w': 1.0, 'icarl_temp': 2.0, 'use_nmc': True, 'agem_mem_batch': 64, 'distill_lambda': 1.0, 'distill_temp': 2.0, 'pc_distill_w': 1.0, 'pc_ewc_lambda': 100.0, 'pc_compress_epochs': 3, 'er_replay_ratio': 0.5, 'joint_replay_epochs': 1, 'disable_tqdm': True, 'disable_checkpoints': True, 'disable_plots': True, 'seeds': [42, 123, 456, 789, 1024], 'results_root': 'results_phase3_ablations', 'checkpoint_dir': 'results/checkpoints', 'figure_dir': 'results_phase3_ablations\\figures', 'log_dir': 'results_phase3_ablations\\raw', 'run_tag': 'lambda1000', 'run_name': 'split_cifar10_ewc_lambda1000_seed1024', 'seed': 1024}
[17:39:27] Device: cuda
[17:39:29] Dataset: SplitCIFAR10(tasks=5, classes_per_task=2, scenario=class-il)
[17:39:29] 
============================================================
 Task 1/5  | Classes (0, 2)
============================================================
[17:39:29] Task 0 baseline (chance): 50.00%
[17:39:41] task=0  epoch=0  train_loss=0.5051
[17:39:42] task=0  epoch=END  time_sec=12.1  acc_task0=86.05
[17:39:42] 
============================================================
 Task 2/5  | Classes (2, 4)
============================================================
[17:39:42] Task 1 baseline (chance): 25.00%
[17:39:43] Task 1 zero-shot (pre-train): 0.10%
[17:40:03] task=1  epoch=0  train_loss=0.6094
[17:40:05] task=1  epoch=END  time_sec=19.6  acc_task0=0.0  acc_task1=71.05
[17:40:05] 
============================================================
 Task 3/5  | Classes (4, 6)
============================================================
[17:40:05] Task 2 baseline (chance): 16.67%
[17:40:06] Task 2 zero-shot (pre-train): 0.00%
[17:40:35] task=2  epoch=0  train_loss=0.6537
[17:40:38] task=2  epoch=END  time_sec=29.4  acc_task0=0.0  acc_task1=0.0  acc_task2=76.45
[17:40:38] 
============================================================
 Task 4/5  | Classes (6, 8)
============================================================
[17:40:38] Task 3 baseline (chance): 12.50%
[17:40:39] Task 3 zero-shot (pre-train): 0.00%
[17:41:12] task=3  epoch=0  train_loss=0.8544
[17:41:16] task=3  epoch=END  time_sec=33.6  acc_task0=0.0  acc_task1=0.0  acc_task2=0.0  acc_task3=80.25
[17:41:16] 
============================================================
 Task 5/5  | Classes (8, 10)
============================================================
[17:41:16] Task 4 baseline (chance): 10.00%
[17:41:17] Task 4 zero-shot (pre-train): 0.00%
[17:41:58] task=4  epoch=0  train_loss=0.8174
[17:42:03] task=4  epoch=END  time_sec=41.7  acc_task0=0.0  acc_task1=0.0  acc_task2=0.0  acc_task3=0.0  acc_task4=84.4
[17:42:03] 
Final Metrics:
  avg_accuracy         +16.8800
  forgetting           +78.4500
  backward_transfer    -78.4500
  forward_transfer     -16.0167
[17:42:03] 
Done - run: split_cifar10_ewc_lambda1000_seed1024
[17:42:03] Metrics: {'avg_accuracy': 16.88, 'forgetting': 78.45, 'backward_transfer': -78.45, 'forward_transfer': -16.0167}
