[09:31:01] Starting: split_mini_imagenet_lwf_seed456
[09:31:01] Config: {'dataset': 'split_mini_imagenet', 'data_root': 'F:\\Temp\\cf\\Catastrophic Forgetting\\research_v2\\Project\\data_local\\mini-imagenet', 'dataset_image_size': None, 'dataset_out_channels': None, 'model': 'slim_resnet18', 'pretrained': False, 'model_image_size': None, 'method': 'lwf', 'n_epochs': 1, 'batch_size': 32, 'num_workers': 0, 'lr': 0.03, 'momentum': 0.9, 'weight_decay': 0.0001, 'fp16': True, 'buffer_size': 200, 'ewc_lambda': 100.0, 'fisher_samples': 200, 'si_lambda': 1.0, 'si_xi': 0.1, 'der_alpha': 0.5, 'xder_beta': 0.5, 'lwf_lambda': 1.0, 'lwf_temp': 2.0, 'icarl_distill_w': 1.0, 'icarl_temp': 2.0, 'use_nmc': True, 'agem_mem_batch': 64, 'distill_lambda': 1.0, 'distill_temp': 2.0, 'pc_distill_w': 1.0, 'pc_ewc_lambda': 100.0, 'pc_compress_epochs': 3, 'er_replay_ratio': 0.5, 'joint_replay_epochs': 1, 'disable_tqdm': True, 'disable_checkpoints': False, 'disable_plots': False, 'resume': True, 'cleanup_checkpoints_on_success': True, 'result_group': 'runs', 'ablation_family': None, 'seeds': [42, 123, 456, 789, 1024], 'results_root': 'F:\\Temp\\cf\\Catastrophic Forgetting\\research_v2\\results', 'seed': 456, 'run_name': 'split_mini_imagenet_lwf_seed456', 'project_root': 'F:\\Temp\\cf\\Catastrophic Forgetting\\research_v2\\Project', 'workspace_root': 'F:\\Temp\\cf\\Catastrophic Forgetting\\research_v2', 'run_root': 'F:\\Temp\\cf\\Catastrophic Forgetting\\research_v2\\results\\runs\\epoch_1\\split_mini_imagenet\\baselines\\lwf\\seed_456', 'log_dir': 'F:\\Temp\\cf\\Catastrophic Forgetting\\research_v2\\results\\runs\\epoch_1\\split_mini_imagenet\\baselines\\lwf\\seed_456\\logs', 'metrics_dir': 'F:\\Temp\\cf\\Catastrophic Forgetting\\research_v2\\results\\runs\\epoch_1\\split_mini_imagenet\\baselines\\lwf\\seed_456\\metrics', 'checkpoint_dir': 'F:\\Temp\\cf\\Catastrophic Forgetting\\research_v2\\results\\runs\\epoch_1\\split_mini_imagenet\\baselines\\lwf\\seed_456\\checkpoints', 'artifact_dir': 'F:\\Temp\\cf\\Catastrophic Forgetting\\research_v2\\results\\runs\\epoch_1\\split_mini_imagenet\\baselines\\lwf\\seed_456\\artifacts', 'figure_dir': 'F:\\Temp\\cf\\Catastrophic Forgetting\\research_v2\\results\\figures\\epoch_1\\split_mini_imagenet\\baselines\\lwf\\seed_456'}
[09:31:01] Device: cuda
[09:31:03] Dataset: SplitMiniImageNet(tasks=20, classes_per_task=5, scenario=class-il)
[09:31:03] 
============================================================
 Task 1/20  | Classes (0, 5)
============================================================
[09:31:03] Task 0 baseline (chance): 20.00%
[09:31:25] task=0  epoch=0  train_loss=1.6837
[09:31:28] task=0  epoch=END  time_sec=22.0  acc_task0=33.33
[09:31:28] 
============================================================
 Task 2/20  | Classes (5, 10)
============================================================
[09:31:28] Task 1 baseline (chance): 10.00%
[09:31:31] Task 1 zero-shot (pre-train): 0.00%
[09:31:54] task=1  epoch=0  train_loss=1.5307
[09:32:00] task=1  epoch=END  time_sec=22.6  acc_task0=0.0  acc_task1=52.5
[09:32:00] 
============================================================
 Task 3/20  | Classes (10, 15)
============================================================
[09:32:01] Task 2 baseline (chance): 6.67%
[09:32:03] Task 2 zero-shot (pre-train): 0.00%
[09:32:24] task=2  epoch=0  train_loss=1.9544
[09:32:33] task=2  epoch=END  time_sec=20.4  acc_task0=0.0  acc_task1=0.0  acc_task2=40.67
[09:32:33] 
============================================================
 Task 4/20  | Classes (15, 20)
============================================================
[09:32:33] Task 3 baseline (chance): 5.00%
[09:32:36] Task 3 zero-shot (pre-train): 0.00%
[09:32:58] task=3  epoch=0  train_loss=2.3615
[09:33:10] task=3  epoch=END  time_sec=21.6  acc_task0=0.0  acc_task1=0.0  acc_task2=0.0  acc_task3=28.5
[09:33:10] 
============================================================
 Task 5/20  | Classes (20, 25)
============================================================
[09:33:10] Task 4 baseline (chance): 4.00%
[09:33:14] Task 4 zero-shot (pre-train): 0.00%
[09:33:35] task=4  epoch=0  train_loss=2.6812
[09:33:50] task=4  epoch=END  time_sec=21.5  acc_task0=0.0  acc_task1=0.0  acc_task2=0.0  acc_task3=0.0  acc_task4=24.5
[09:33:50] 
============================================================
 Task 6/20  | Classes (25, 30)
============================================================
[09:33:50] Task 5 baseline (chance): 3.33%
[09:33:54] Task 5 zero-shot (pre-train): 0.00%
[09:34:16] task=5  epoch=0  train_loss=2.9438
[09:34:35] task=5  epoch=END  time_sec=21.9  acc_task0=0.0  acc_task1=0.0  acc_task2=0.0  acc_task3=0.0  acc_task4=0.0  acc_task5=21.17
[09:34:35] 
============================================================
 Task 7/20  | Classes (30, 35)
============================================================
[09:34:35] Task 6 baseline (chance): 2.86%
[09:34:38] Task 6 zero-shot (pre-train): 0.00%
[09:35:01] task=6  epoch=0  train_loss=3.1809
[09:35:24] task=6  epoch=END  time_sec=22.9  acc_task0=0.0  acc_task1=0.0  acc_task2=0.0  acc_task3=0.0  acc_task4=0.0  acc_task5=0.0  acc_task6=27.0
[09:35:24] 
============================================================
 Task 8/20  | Classes (35, 40)
============================================================
[09:35:24] Task 7 baseline (chance): 2.50%
[09:35:28] Task 7 zero-shot (pre-train): 0.00%
[09:35:51] task=7  epoch=0  train_loss=3.4805
[09:36:16] task=7  epoch=END  time_sec=22.6  acc_task0=0.0  acc_task1=0.0  acc_task2=0.0  acc_task3=0.0  acc_task4=0.0  acc_task5=0.0  acc_task6=0.0  acc_task7=27.67
[09:36:16] 
============================================================
 Task 9/20  | Classes (40, 45)
============================================================
[09:36:16] Task 8 baseline (chance): 2.22%
[09:36:20] Task 8 zero-shot (pre-train): 0.00%
[09:36:43] task=8  epoch=0  train_loss=3.6578
[09:37:12] task=8  epoch=END  time_sec=23.7  acc_task0=0.0  acc_task1=0.0  acc_task2=0.0  acc_task3=0.0  acc_task4=0.0  acc_task5=0.0  acc_task6=0.0  acc_task7=0.0  acc_task8=37.5
[09:37:12] 
============================================================
 Task 10/20  | Classes (45, 50)
============================================================
[09:37:12] Task 9 baseline (chance): 2.00%
[09:37:15] Task 9 zero-shot (pre-train): 0.00%
[09:37:37] task=9  epoch=0  train_loss=4.2158
[09:38:09] task=9  epoch=END  time_sec=21.3  acc_task0=0.0  acc_task1=0.0  acc_task2=0.0  acc_task3=0.0  acc_task4=0.0  acc_task5=0.0  acc_task6=0.0  acc_task7=0.0  acc_task8=0.0  acc_task9=28.0
[09:38:09] 
============================================================
 Task 11/20  | Classes (50, 55)
============================================================
[09:38:09] Task 10 baseline (chance): 1.82%
[09:38:13] Task 10 zero-shot (pre-train): 0.00%
[09:38:36] task=10  epoch=0  train_loss=3.9282
[09:39:16] task=10  epoch=END  time_sec=23.5  acc_task0=0.0  acc_task1=0.0  acc_task2=0.0  acc_task3=0.0  acc_task4=0.0  acc_task5=0.0  acc_task6=0.0  acc_task7=0.0  acc_task8=0.0  acc_task9=0.0  acc_task10=22.5
[09:39:16] 
============================================================
 Task 12/20  | Classes (55, 60)
============================================================
[09:39:16] Task 11 baseline (chance): 1.67%
[09:39:20] Task 11 zero-shot (pre-train): 0.00%
[09:39:43] task=11  epoch=0  train_loss=4.2248
[09:40:27] task=11  epoch=END  time_sec=23.0  acc_task0=0.0  acc_task1=0.0  acc_task2=0.0  acc_task3=0.0  acc_task4=0.0  acc_task5=0.0  acc_task6=0.0  acc_task7=0.0  acc_task8=0.0  acc_task9=0.0  acc_task10=0.0  acc_task11=25.0
[09:40:27] 
============================================================
 Task 13/20  | Classes (60, 65)
============================================================
[09:40:27] Task 12 baseline (chance): 1.54%
[09:40:31] Task 12 zero-shot (pre-train): 0.00%
[09:40:53] task=12  epoch=0  train_loss=4.2814
[09:41:34] task=12  epoch=END  time_sec=22.0  acc_task0=0.0  acc_task1=0.0  acc_task2=0.0  acc_task3=0.0  acc_task4=0.0  acc_task5=0.0  acc_task6=0.0  acc_task7=0.0  acc_task8=0.0  acc_task9=0.0  acc_task10=0.0  acc_task11=0.0  acc_task12=25.17
[09:41:34] 
============================================================
 Task 14/20  | Classes (65, 70)
============================================================
[09:41:34] Task 13 baseline (chance): 1.43%
[09:41:37] Task 13 zero-shot (pre-train): 0.00%
[09:41:59] task=13  epoch=0  train_loss=4.5813
[09:42:43] task=13  epoch=END  time_sec=22.0  acc_task0=0.0  acc_task1=0.0  acc_task2=0.0  acc_task3=0.0  acc_task4=0.0  acc_task5=0.0  acc_task6=0.0  acc_task7=0.0  acc_task8=0.0  acc_task9=0.0  acc_task10=0.0  acc_task11=0.0  acc_task12=0.0  acc_task13=20.0
[09:42:43] 
============================================================
 Task 15/20  | Classes (70, 75)
============================================================
[09:42:43] Task 14 baseline (chance): 1.33%
[09:42:46] Task 14 zero-shot (pre-train): 0.00%
[09:43:05] task=14  epoch=0  train_loss=4.8255
[09:43:47] task=14  epoch=END  time_sec=18.3  acc_task0=0.0  acc_task1=0.0  acc_task2=0.0  acc_task3=0.0  acc_task4=0.0  acc_task5=0.0  acc_task6=0.0  acc_task7=0.0  acc_task8=0.0  acc_task9=0.0  acc_task10=0.0  acc_task11=0.0  acc_task12=0.0  acc_task13=0.0  acc_task14=20.0
[09:43:47] 
============================================================
 Task 16/20  | Classes (75, 80)
============================================================
[09:43:47] Task 15 baseline (chance): 1.25%
[09:43:51] Task 15 zero-shot (pre-train): 0.00%
[09:44:13] task=15  epoch=0  train_loss=4.7567
[09:44:58] task=15  epoch=END  time_sec=21.5  acc_task0=0.0  acc_task1=0.0  acc_task2=0.0  acc_task3=0.0  acc_task4=0.0  acc_task5=0.0  acc_task6=0.0  acc_task7=0.0  acc_task8=0.0  acc_task9=0.0  acc_task10=0.0  acc_task11=0.0  acc_task12=0.0  acc_task13=0.0  acc_task14=0.0  acc_task15=26.17
[09:44:58] 
============================================================
 Task 17/20  | Classes (80, 85)
============================================================
[09:44:58] Task 16 baseline (chance): 1.18%
[09:45:02] Task 16 zero-shot (pre-train): 0.00%
[09:45:23] task=16  epoch=0  train_loss=4.6993
[09:46:12] task=16  epoch=END  time_sec=21.5  acc_task0=0.0  acc_task1=0.0  acc_task2=0.0  acc_task3=0.0  acc_task4=0.0  acc_task5=0.0  acc_task6=0.0  acc_task7=0.0  acc_task8=0.0  acc_task9=0.0  acc_task10=0.0  acc_task11=0.0  acc_task12=0.0  acc_task13=0.0  acc_task14=0.0  acc_task15=0.0  acc_task16=36.17
[09:46:12] 
============================================================
 Task 18/20  | Classes (85, 90)
============================================================
[09:46:12] Task 17 baseline (chance): 1.11%
[09:46:15] Task 17 zero-shot (pre-train): 0.00%
[09:46:35] task=17  epoch=0  train_loss=4.5723
[09:47:29] task=17  epoch=END  time_sec=20.3  acc_task0=0.0  acc_task1=0.0  acc_task2=0.0  acc_task3=0.0  acc_task4=0.0  acc_task5=0.0  acc_task6=0.0  acc_task7=0.0  acc_task8=0.0  acc_task9=0.0  acc_task10=0.0  acc_task11=0.0  acc_task12=0.0  acc_task13=0.0  acc_task14=0.0  acc_task15=0.0  acc_task16=0.0  acc_task17=33.67
[09:47:29] 
============================================================
 Task 19/20  | Classes (90, 95)
============================================================
[09:47:29] Task 18 baseline (chance): 1.05%
[09:47:33] Task 18 zero-shot (pre-train): 0.00%
[09:47:52] task=18  epoch=0  train_loss=4.2321
[09:48:49] task=18  epoch=END  time_sec=19.8  acc_task0=0.0  acc_task1=0.0  acc_task2=0.0  acc_task3=0.0  acc_task4=0.0  acc_task5=0.0  acc_task6=0.0  acc_task7=0.0  acc_task8=0.0  acc_task9=0.0  acc_task10=0.0  acc_task11=0.0  acc_task12=0.0  acc_task13=0.0  acc_task14=0.0  acc_task15=0.0  acc_task16=0.0  acc_task17=0.0  acc_task18=40.83
[09:48:50] 
============================================================
 Task 20/20  | Classes (95, 100)
============================================================
[09:48:50] Task 19 baseline (chance): 1.00%
[09:48:54] Task 19 zero-shot (pre-train): 0.00%
[09:49:21] task=19  epoch=0  train_loss=4.022
[09:50:22] task=19  epoch=END  time_sec=26.5  acc_task0=0.0  acc_task1=0.0  acc_task2=0.0  acc_task3=0.0  acc_task4=0.0  acc_task5=0.0  acc_task6=0.0  acc_task7=0.0  acc_task8=0.0  acc_task9=0.0  acc_task10=0.0  acc_task11=0.0  acc_task12=0.0  acc_task13=0.0  acc_task14=0.0  acc_task15=0.0  acc_task16=0.0  acc_task17=0.0  acc_task18=0.0  acc_task19=46.67
[09:50:22] 
Final Metrics:
  avg_accuracy         +2.3333
  forgetting           +30.0175
  backward_transfer    -30.0175
  forward_transfer     -2.7345
[09:50:24] 
Done - run: split_mini_imagenet_lwf_seed456
[09:50:24] Metrics: {'avg_accuracy': 2.3333, 'forgetting': 30.0175, 'backward_transfer': -30.0175, 'forward_transfer': -2.7345}
[09:50:24] Deleted 20 checkpoint(s) after successful completion.
