[14:49:06] Starting: split_cifar10_er_ewc_buf200_seed456
[14:49:06] Config: {'dataset': 'split_cifar10', 'data_root': 'Project/data_local', 'model': 'slim_resnet18', 'pretrained': False, 'method': 'er_ewc', 'n_epochs': 1, 'batch_size': 32, 'num_workers': 0, 'lr': 0.03, 'momentum': 0.9, 'weight_decay': 0.0001, 'fp16': False, 'buffer_size': 200, 'ewc_lambda': 100.0, 'fisher_samples': 200, 'si_lambda': 1.0, 'si_xi': 0.1, 'der_alpha': 0.5, 'xder_beta': 0.5, 'lwf_lambda': 1.0, 'lwf_temp': 2.0, 'icarl_distill_w': 1.0, 'icarl_temp': 2.0, 'use_nmc': True, 'agem_mem_batch': 64, 'distill_lambda': 1.0, 'distill_temp': 2.0, 'pc_distill_w': 1.0, 'pc_ewc_lambda': 100.0, 'pc_compress_epochs': 3, 'er_replay_ratio': 0.5, 'joint_replay_epochs': 1, 'disable_tqdm': True, 'disable_checkpoints': True, 'disable_plots': True, 'seeds': [42, 123, 456, 789, 1024], 'results_root': 'results_phase3_ablations', 'checkpoint_dir': 'results/checkpoints', 'figure_dir': 'results_phase3_ablations\\figures', 'log_dir': 'results_phase3_ablations\\raw', 'run_tag': 'buf200', 'run_name': 'split_cifar10_er_ewc_buf200_seed456', 'seed': 456}
[14:49:06] Device: cuda
[14:49:08] Dataset: SplitCIFAR10(tasks=5, classes_per_task=2, scenario=class-il)
[14:49:08] 
============================================================
 Task 1/5  | Classes (0, 2)
============================================================
[14:49:08] Task 0 baseline (chance): 50.00%
[14:49:25] task=0  epoch=0  train_loss=0.3887
[14:49:26] task=0  epoch=END  time_sec=16.9  acc_task0=90.1
[14:49:26] 
============================================================
 Task 2/5  | Classes (2, 4)
============================================================
[14:49:26] Task 1 baseline (chance): 25.00%
[14:49:28] Task 1 zero-shot (pre-train): 0.25%
[14:49:53] task=1  epoch=0  train_loss=0.6632
[14:49:56] task=1  epoch=END  time_sec=25.6  acc_task0=64.0  acc_task1=71.9
[14:49:56] 
============================================================
 Task 3/5  | Classes (4, 6)
============================================================
[14:49:56] Task 2 baseline (chance): 16.67%
[14:49:57] Task 2 zero-shot (pre-train): 0.05%
[14:50:33] task=2  epoch=0  train_loss=0.6208
[14:50:36] task=2  epoch=END  time_sec=35.9  acc_task0=19.25  acc_task1=2.95  acc_task2=78.4
[14:50:36] 
============================================================
 Task 4/5  | Classes (6, 8)
============================================================
[14:50:36] Task 3 baseline (chance): 12.50%
[14:50:37] Task 3 zero-shot (pre-train): 0.00%
[14:51:24] task=3  epoch=0  train_loss=0.5309
[14:51:29] task=3  epoch=END  time_sec=46.8  acc_task0=22.15  acc_task1=0.1  acc_task2=4.95  acc_task3=89.9
[14:51:29] 
============================================================
 Task 5/5  | Classes (8, 10)
============================================================
[14:51:29] Task 4 baseline (chance): 10.00%
[14:51:30] Task 4 zero-shot (pre-train): 0.00%
[14:52:29] task=4  epoch=0  train_loss=0.5022
[14:52:35] task=4  epoch=END  time_sec=59.1  acc_task0=1.0  acc_task1=4.1  acc_task2=7.7  acc_task3=26.6  acc_task4=91.75
[14:52:35] 
Final Metrics:
  avg_accuracy         +26.2300
  forgetting           +72.7250
  backward_transfer    -72.7250
  forward_transfer     -15.9667
[14:52:35] 
Done - run: split_cifar10_er_ewc_buf200_seed456
[14:52:35] Metrics: {'avg_accuracy': 26.23, 'forgetting': 72.725, 'backward_transfer': -72.725, 'forward_transfer': -15.9667}
