[04:16:36] Starting: split_cifar10_si_der_buf100_seed123
[04:16:36] Config: {'dataset': 'split_cifar10', 'data_root': 'F:\\Temp\\cf\\Catastrophic Forgetting\\research_v2\\Project\\data_local', 'dataset_image_size': None, 'dataset_out_channels': None, 'model': 'slim_resnet18', 'pretrained': False, 'model_image_size': None, 'method': 'si_der', 'n_epochs': 1, 'batch_size': 32, 'num_workers': 0, 'lr': 0.03, 'momentum': 0.9, 'weight_decay': 0.0001, 'fp16': False, 'buffer_size': 100, 'ewc_lambda': 100.0, 'fisher_samples': 200, 'si_lambda': 1.0, 'si_xi': 0.1, 'der_alpha': 0.5, 'xder_beta': 0.5, 'lwf_lambda': 1.0, 'lwf_temp': 2.0, 'icarl_distill_w': 1.0, 'icarl_temp': 2.0, 'use_nmc': True, 'agem_mem_batch': 64, 'distill_lambda': 1.0, 'distill_temp': 2.0, 'pc_distill_w': 1.0, 'pc_ewc_lambda': 100.0, 'pc_compress_epochs': 3, 'er_replay_ratio': 0.5, 'joint_replay_epochs': 1, 'disable_tqdm': True, 'disable_checkpoints': False, 'disable_plots': True, 'resume': False, 'cleanup_checkpoints_on_success': True, 'result_group': 'ablations', 'ablation_family': 'buffer', 'seeds': [42, 123, 456, 789, 1024], 'results_root': 'F:\\Temp\\cf\\Catastrophic Forgetting\\research_v2\\results', 'run_tag': 'buf100', 'seed': 123, 'run_name': 'split_cifar10_si_der_buf100_seed123', 'project_root': 'F:\\Temp\\cf\\Catastrophic Forgetting\\research_v2\\Project', 'workspace_root': 'F:\\Temp\\cf\\Catastrophic Forgetting\\research_v2', 'run_root': 'F:\\Temp\\cf\\Catastrophic Forgetting\\research_v2\\results\\ablations\\epoch_1\\split_cifar10\\buffer\\si_der__buf100\\seed_123', 'log_dir': 'F:\\Temp\\cf\\Catastrophic Forgetting\\research_v2\\results\\ablations\\epoch_1\\split_cifar10\\buffer\\si_der__buf100\\seed_123\\logs', 'metrics_dir': 'F:\\Temp\\cf\\Catastrophic Forgetting\\research_v2\\results\\ablations\\epoch_1\\split_cifar10\\buffer\\si_der__buf100\\seed_123\\metrics', 'checkpoint_dir': 'F:\\Temp\\cf\\Catastrophic Forgetting\\research_v2\\results\\ablations\\epoch_1\\split_cifar10\\buffer\\si_der__buf100\\seed_123\\checkpoints', 'artifact_dir': 'F:\\Temp\\cf\\Catastrophic Forgetting\\research_v2\\results\\ablations\\epoch_1\\split_cifar10\\buffer\\si_der__buf100\\seed_123\\artifacts', 'figure_dir': 'F:\\Temp\\cf\\Catastrophic Forgetting\\research_v2\\results\\figures\\ablations\\epoch_1\\split_cifar10\\buffer\\si_der__buf100\\seed_123'}
[04:16:36] Device: cuda
[04:16:39] Dataset: SplitCIFAR10(tasks=5, classes_per_task=2, scenario=class-il)
[04:16:39] 
============================================================
 Task 1/5  | Classes (0, 2)
============================================================
[04:16:39] Task 0 baseline (chance): 50.00%
[04:17:16] task=0  epoch=0  train_loss=0.745
[04:17:17] task=0  epoch=END  time_sec=37.5  acc_task0=83.7
[04:17:18] 
============================================================
 Task 2/5  | Classes (2, 4)
============================================================
[04:17:18] Task 1 baseline (chance): 25.00%
[04:17:19] Task 1 zero-shot (pre-train): 0.00%
[04:18:10] task=1  epoch=0  train_loss=0.727
[04:18:12] task=1  epoch=END  time_sec=51.7  acc_task0=0.0  acc_task1=75.85
[04:18:12] 
============================================================
 Task 3/5  | Classes (4, 6)
============================================================
[04:18:12] Task 2 baseline (chance): 16.67%
[04:18:13] Task 2 zero-shot (pre-train): 0.00%
[04:18:51] task=2  epoch=0  train_loss=0.7244
[04:18:54] task=2  epoch=END  time_sec=38.3  acc_task0=0.0  acc_task1=0.0  acc_task2=81.45
[04:18:54] 
============================================================
 Task 4/5  | Classes (6, 8)
============================================================
[04:18:54] Task 3 baseline (chance): 12.50%
[04:18:55] Task 3 zero-shot (pre-train): 0.00%
[04:19:46] task=3  epoch=0  train_loss=0.8298
[04:19:50] task=3  epoch=END  time_sec=51.3  acc_task0=0.0  acc_task1=0.0  acc_task2=0.0  acc_task3=91.85
[04:19:50] 
============================================================
 Task 5/5  | Classes (8, 10)
============================================================
[04:19:50] Task 4 baseline (chance): 10.00%
[04:19:51] Task 4 zero-shot (pre-train): 0.00%
[04:20:31] task=4  epoch=0  train_loss=1.3268
[04:20:36] task=4  epoch=END  time_sec=39.8  acc_task0=0.0  acc_task1=0.0  acc_task2=0.0  acc_task3=0.0  acc_task4=88.4
[04:20:36] 
Final Metrics:
  avg_accuracy         +17.6800
  forgetting           +83.2125
  backward_transfer    -83.2125
  forward_transfer     -16.0417
[04:20:36] 
Done - run: split_cifar10_si_der_buf100_seed123
[04:20:36] Metrics: {'avg_accuracy': 17.68, 'forgetting': 83.2125, 'backward_transfer': -83.2125, 'forward_transfer': -16.0417}
[04:20:36] Deleted 5 checkpoint(s) after successful completion.
