[01:29:54] Starting: split_cifar10_agem_distill_buf200_seed456
[01:29:54] Config: {'dataset': 'split_cifar10', 'data_root': 'F:\\Temp\\cf\\Catastrophic Forgetting\\research_v2\\Project\\data_local', 'dataset_image_size': None, 'dataset_out_channels': None, 'model': 'slim_resnet18', 'pretrained': False, 'model_image_size': None, 'method': 'agem_distill', 'n_epochs': 1, 'batch_size': 32, 'num_workers': 0, 'lr': 0.03, 'momentum': 0.9, 'weight_decay': 0.0001, 'fp16': False, 'buffer_size': 200, 'ewc_lambda': 100.0, 'fisher_samples': 200, 'si_lambda': 1.0, 'si_xi': 0.1, 'der_alpha': 0.5, 'xder_beta': 0.5, 'lwf_lambda': 1.0, 'lwf_temp': 2.0, 'icarl_distill_w': 1.0, 'icarl_temp': 2.0, 'use_nmc': True, 'agem_mem_batch': 64, 'distill_lambda': 1.0, 'distill_temp': 2.0, 'pc_distill_w': 1.0, 'pc_ewc_lambda': 100.0, 'pc_compress_epochs': 3, 'er_replay_ratio': 0.5, 'joint_replay_epochs': 1, 'disable_tqdm': True, 'disable_checkpoints': False, 'disable_plots': True, 'resume': False, 'cleanup_checkpoints_on_success': True, 'result_group': 'ablations', 'ablation_family': 'buffer', 'seeds': [42, 123, 456, 789, 1024], 'results_root': 'F:\\Temp\\cf\\Catastrophic Forgetting\\research_v2\\results', 'run_tag': 'buf200', 'seed': 456, 'run_name': 'split_cifar10_agem_distill_buf200_seed456', 'project_root': 'F:\\Temp\\cf\\Catastrophic Forgetting\\research_v2\\Project', 'workspace_root': 'F:\\Temp\\cf\\Catastrophic Forgetting\\research_v2', 'run_root': 'F:\\Temp\\cf\\Catastrophic Forgetting\\research_v2\\results\\ablations\\epoch_1\\split_cifar10\\buffer\\agem_distill__buf200\\seed_456', 'log_dir': 'F:\\Temp\\cf\\Catastrophic Forgetting\\research_v2\\results\\ablations\\epoch_1\\split_cifar10\\buffer\\agem_distill__buf200\\seed_456\\logs', 'metrics_dir': 'F:\\Temp\\cf\\Catastrophic Forgetting\\research_v2\\results\\ablations\\epoch_1\\split_cifar10\\buffer\\agem_distill__buf200\\seed_456\\metrics', 'checkpoint_dir': 'F:\\Temp\\cf\\Catastrophic Forgetting\\research_v2\\results\\ablations\\epoch_1\\split_cifar10\\buffer\\agem_distill__buf200\\seed_456\\checkpoints', 'artifact_dir': 'F:\\Temp\\cf\\Catastrophic Forgetting\\research_v2\\results\\ablations\\epoch_1\\split_cifar10\\buffer\\agem_distill__buf200\\seed_456\\artifacts', 'figure_dir': 'F:\\Temp\\cf\\Catastrophic Forgetting\\research_v2\\results\\figures\\ablations\\epoch_1\\split_cifar10\\buffer\\agem_distill__buf200\\seed_456'}
[01:29:54] Device: cuda
[01:29:57] Dataset: SplitCIFAR10(tasks=5, classes_per_task=2, scenario=class-il)
[01:29:57] 
============================================================
 Task 1/5  | Classes (0, 2)
============================================================
[01:29:57] Task 0 baseline (chance): 50.00%
[01:30:17] task=0  epoch=0  train_loss=0.5142
[01:30:19] task=0  epoch=END  time_sec=20.2  acc_task0=86.9
[01:30:19] 
============================================================
 Task 2/5  | Classes (2, 4)
============================================================
[01:30:19] Task 1 baseline (chance): 25.00%
[01:30:20] Task 1 zero-shot (pre-train): 5.25%
[01:31:01] task=1  epoch=0  train_loss=0.7097
[01:31:04] task=1  epoch=END  time_sec=41.2  acc_task0=0.0  acc_task1=73.85
[01:31:05] 
============================================================
 Task 3/5  | Classes (4, 6)
============================================================
[01:31:05] Task 2 baseline (chance): 16.67%
[01:31:06] Task 2 zero-shot (pre-train): 0.00%
[01:31:41] task=2  epoch=0  train_loss=0.6861
[01:31:43] task=2  epoch=END  time_sec=35.0  acc_task0=0.0  acc_task1=0.0  acc_task2=78.55
[01:31:44] 
============================================================
 Task 4/5  | Classes (6, 8)
============================================================
[01:31:44] Task 3 baseline (chance): 12.50%
[01:31:45] Task 3 zero-shot (pre-train): 0.00%
[01:32:22] task=3  epoch=0  train_loss=0.6237
[01:32:27] task=3  epoch=END  time_sec=37.4  acc_task0=0.0  acc_task1=0.0  acc_task2=0.0  acc_task3=87.1
[01:32:27] 
============================================================
 Task 5/5  | Classes (8, 10)
============================================================
[01:32:27] Task 4 baseline (chance): 10.00%
[01:32:28] Task 4 zero-shot (pre-train): 0.00%
[01:33:06] task=4  epoch=0  train_loss=0.7635
[01:33:11] task=4  epoch=END  time_sec=37.4  acc_task0=0.0  acc_task1=0.0  acc_task2=0.0  acc_task3=0.0  acc_task4=87.15
[01:33:11] 
Final Metrics:
  avg_accuracy         +17.4300
  forgetting           +81.6000
  backward_transfer    -81.6000
  forward_transfer     -14.7292
[01:33:11] 
Done - run: split_cifar10_agem_distill_buf200_seed456
[01:33:11] Metrics: {'avg_accuracy': 17.43, 'forgetting': 81.6, 'backward_transfer': -81.6, 'forward_transfer': -14.7292}
[01:33:11] Deleted 5 checkpoint(s) after successful completion.
