[11:47:07] Starting: permuted_mnist_agem_seed1024
[11:47:07] Config: {'dataset': 'permuted_mnist', 'data_root': 'Project/data_local', 'model': 'resnet8', 'pretrained': False, 'method': 'agem', 'n_epochs': 1, 'batch_size': 32, 'num_workers': 0, 'lr': 0.03, 'momentum': 0.9, 'weight_decay': 0.0001, 'fp16': False, 'buffer_size': 200, 'ewc_lambda': 100.0, 'fisher_samples': 200, 'si_lambda': 1.0, 'si_xi': 0.1, 'der_alpha': 0.5, 'xder_beta': 0.5, 'lwf_lambda': 1.0, 'lwf_temp': 2.0, 'icarl_distill_w': 1.0, 'icarl_temp': 2.0, 'use_nmc': True, 'agem_mem_batch': 64, 'distill_lambda': 1.0, 'distill_temp': 2.0, 'pc_distill_w': 1.0, 'pc_ewc_lambda': 100.0, 'pc_compress_epochs': 3, 'er_replay_ratio': 0.5, 'joint_replay_epochs': 1, 'disable_tqdm': True, 'disable_checkpoints': True, 'disable_plots': False, 'seeds': [42, 123, 456, 789, 1024], 'results_root': 'results_fwt', 'checkpoint_dir': 'results/checkpoints', 'figure_dir': 'results_fwt\\figures', 'log_dir': 'results_fwt\\raw', 'run_name': 'permuted_mnist_agem_seed1024', 'seed': 1024}
[11:47:07] Device: cuda
[11:47:07] Dataset: PermutedMNIST(tasks=10, classes_per_task=10, scenario=domain-il)
[11:47:07] 
============================================================
 Task 1/10  | Classes (0, 10)
============================================================
[11:47:07] Task 0 baseline (chance): 10.00%
[11:47:33] task=0  epoch=0  train_loss=0.3189
[11:47:36] task=0  epoch=END  time_sec=25.9  acc_task0=92.85
[11:47:36] 
============================================================
 Task 2/10  | Classes (0, 10)
============================================================
[11:47:36] Task 1 baseline (chance): 10.00%
[11:47:40] Task 1 zero-shot (pre-train): 6.05%
[11:48:20] task=1  epoch=0  train_loss=4.0552
[11:48:27] task=1  epoch=END  time_sec=39.9  acc_task0=94.23  acc_task1=7.64
[11:48:27] 
============================================================
 Task 3/10  | Classes (0, 10)
============================================================
[11:48:27] Task 2 baseline (chance): 10.00%
[11:48:31] Task 2 zero-shot (pre-train): 14.25%
[11:49:11] task=2  epoch=0  train_loss=3.0219
[11:49:22] task=2  epoch=END  time_sec=40.3  acc_task0=92.49  acc_task1=60.32  acc_task2=23.34
[11:49:22] 
============================================================
 Task 4/10  | Classes (0, 10)
============================================================
[11:49:22] Task 3 baseline (chance): 10.00%
[11:49:25] Task 3 zero-shot (pre-train): 18.51%
[11:50:06] task=3  epoch=0  train_loss=3.3246
[11:50:20] task=3  epoch=END  time_sec=40.2  acc_task0=91.91  acc_task1=56.93  acc_task2=49.95  acc_task3=20.13
[11:50:20] 
============================================================
 Task 5/10  | Classes (0, 10)
============================================================
[11:50:20] Task 4 baseline (chance): 10.00%
[11:50:24] Task 4 zero-shot (pre-train): 19.15%
[11:51:04] task=4  epoch=0  train_loss=3.3978
[11:51:22] task=4  epoch=END  time_sec=40.1  acc_task0=91.02  acc_task1=56.15  acc_task2=49.67  acc_task3=41.98  acc_task4=19.48
[11:51:22] 
============================================================
 Task 6/10  | Classes (0, 10)
============================================================
[11:51:22] Task 5 baseline (chance): 10.00%
[11:51:26] Task 5 zero-shot (pre-train): 11.54%
[11:52:09] task=5  epoch=0  train_loss=3.7299
[11:52:31] task=5  epoch=END  time_sec=43.6  acc_task0=88.92  acc_task1=54.44  acc_task2=48.85  acc_task3=40.04  acc_task4=37.5  acc_task5=11.31
[11:52:31] 
============================================================
 Task 7/10  | Classes (0, 10)
============================================================
[11:52:31] Task 6 baseline (chance): 10.00%
[11:52:35] Task 6 zero-shot (pre-train): 17.35%
[11:53:15] task=6  epoch=0  train_loss=3.5381
[11:53:40] task=6  epoch=END  time_sec=39.9  acc_task0=89.5  acc_task1=53.7  acc_task2=47.88  acc_task3=39.35  acc_task4=36.45  acc_task5=35.74  acc_task6=13.01
[11:53:40] 
============================================================
 Task 8/10  | Classes (0, 10)
============================================================
[11:53:40] Task 7 baseline (chance): 10.00%
[11:53:44] Task 7 zero-shot (pre-train): 14.82%
[11:54:24] task=7  epoch=0  train_loss=3.2004
[11:54:53] task=7  epoch=END  time_sec=40.1  acc_task0=89.2  acc_task1=54.66  acc_task2=47.33  acc_task3=40.15  acc_task4=36.23  acc_task5=33.39  acc_task6=23.41  acc_task7=15.43
[11:54:53] 
============================================================
 Task 9/10  | Classes (0, 10)
============================================================
[11:54:53] Task 8 baseline (chance): 10.00%
[11:54:57] Task 8 zero-shot (pre-train): 20.76%
[11:55:37] task=8  epoch=0  train_loss=3.0771
[11:56:10] task=8  epoch=END  time_sec=40.2  acc_task0=87.74  acc_task1=51.97  acc_task2=45.72  acc_task3=38.2  acc_task4=35.61  acc_task5=35.37  acc_task6=23.13  acc_task7=24.56  acc_task8=22.12
[11:56:10] 
============================================================
 Task 10/10  | Classes (0, 10)
============================================================
[11:56:10] Task 9 baseline (chance): 10.00%
[11:56:14] Task 9 zero-shot (pre-train): 19.10%
[11:56:54] task=9  epoch=0  train_loss=3.1473
[11:57:31] task=9  epoch=END  time_sec=40.0  acc_task0=87.71  acc_task1=51.92  acc_task2=47.01  acc_task3=39.22  acc_task4=36.04  acc_task5=35.68  acc_task6=24.29  acc_task7=24.7  acc_task8=27.91  acc_task9=19.25
[11:57:31] 
Final Metrics:
  avg_accuracy         +39.3730
  forgetting           +2.4600
  backward_transfer    +16.5744
  forward_transfer     +5.7256
[11:57:32] 
Done - run: permuted_mnist_agem_seed1024
[11:57:32] Metrics: {'avg_accuracy': 39.373, 'forgetting': 2.46, 'backward_transfer': 16.5744, 'forward_transfer': 5.7256}
