[01:48:38] Starting: split_cifar10_agem_distill_buf500_seed789
[01:48:38] Config: {'dataset': 'split_cifar10', 'data_root': 'F:\\Temp\\cf\\Catastrophic Forgetting\\research_v2\\Project\\data_local', 'dataset_image_size': None, 'dataset_out_channels': None, 'model': 'slim_resnet18', 'pretrained': False, 'model_image_size': None, 'method': 'agem_distill', 'n_epochs': 1, 'batch_size': 32, 'num_workers': 0, 'lr': 0.03, 'momentum': 0.9, 'weight_decay': 0.0001, 'fp16': False, 'buffer_size': 500, 'ewc_lambda': 100.0, 'fisher_samples': 200, 'si_lambda': 1.0, 'si_xi': 0.1, 'der_alpha': 0.5, 'xder_beta': 0.5, 'lwf_lambda': 1.0, 'lwf_temp': 2.0, 'icarl_distill_w': 1.0, 'icarl_temp': 2.0, 'use_nmc': True, 'agem_mem_batch': 64, 'distill_lambda': 1.0, 'distill_temp': 2.0, 'pc_distill_w': 1.0, 'pc_ewc_lambda': 100.0, 'pc_compress_epochs': 3, 'er_replay_ratio': 0.5, 'joint_replay_epochs': 1, 'disable_tqdm': True, 'disable_checkpoints': False, 'disable_plots': True, 'resume': False, 'cleanup_checkpoints_on_success': True, 'result_group': 'ablations', 'ablation_family': 'buffer', 'seeds': [42, 123, 456, 789, 1024], 'results_root': 'F:\\Temp\\cf\\Catastrophic Forgetting\\research_v2\\results', 'run_tag': 'buf500', 'seed': 789, 'run_name': 'split_cifar10_agem_distill_buf500_seed789', 'project_root': 'F:\\Temp\\cf\\Catastrophic Forgetting\\research_v2\\Project', 'workspace_root': 'F:\\Temp\\cf\\Catastrophic Forgetting\\research_v2', 'run_root': 'F:\\Temp\\cf\\Catastrophic Forgetting\\research_v2\\results\\ablations\\epoch_1\\split_cifar10\\buffer\\agem_distill__buf500\\seed_789', 'log_dir': 'F:\\Temp\\cf\\Catastrophic Forgetting\\research_v2\\results\\ablations\\epoch_1\\split_cifar10\\buffer\\agem_distill__buf500\\seed_789\\logs', 'metrics_dir': 'F:\\Temp\\cf\\Catastrophic Forgetting\\research_v2\\results\\ablations\\epoch_1\\split_cifar10\\buffer\\agem_distill__buf500\\seed_789\\metrics', 'checkpoint_dir': 'F:\\Temp\\cf\\Catastrophic Forgetting\\research_v2\\results\\ablations\\epoch_1\\split_cifar10\\buffer\\agem_distill__buf500\\seed_789\\checkpoints', 'artifact_dir': 'F:\\Temp\\cf\\Catastrophic Forgetting\\research_v2\\results\\ablations\\epoch_1\\split_cifar10\\buffer\\agem_distill__buf500\\seed_789\\artifacts', 'figure_dir': 'F:\\Temp\\cf\\Catastrophic Forgetting\\research_v2\\results\\figures\\ablations\\epoch_1\\split_cifar10\\buffer\\agem_distill__buf500\\seed_789'}
[01:48:38] Device: cuda
[01:48:40] Dataset: SplitCIFAR10(tasks=5, classes_per_task=2, scenario=class-il)
[01:48:40] 
============================================================
 Task 1/5  | Classes (0, 2)
============================================================
[01:48:40] Task 0 baseline (chance): 50.00%
[01:49:01] task=0  epoch=0  train_loss=0.5285
[01:49:02] task=0  epoch=END  time_sec=20.4  acc_task0=80.15
[01:49:02] 
============================================================
 Task 2/5  | Classes (2, 4)
============================================================
[01:49:02] Task 1 baseline (chance): 25.00%
[01:49:04] Task 1 zero-shot (pre-train): 4.90%
[01:49:46] task=1  epoch=0  train_loss=0.7201
[01:49:49] task=1  epoch=END  time_sec=42.9  acc_task0=0.0  acc_task1=70.8
[01:49:49] 
============================================================
 Task 3/5  | Classes (4, 6)
============================================================
[01:49:49] Task 2 baseline (chance): 16.67%
[01:49:50] Task 2 zero-shot (pre-train): 0.00%
[01:50:26] task=2  epoch=0  train_loss=0.6613
[01:50:30] task=2  epoch=END  time_sec=35.9  acc_task0=0.0  acc_task1=0.0  acc_task2=78.65
[01:50:30] 
============================================================
 Task 4/5  | Classes (6, 8)
============================================================
[01:50:30] Task 3 baseline (chance): 12.50%
[01:50:31] Task 3 zero-shot (pre-train): 0.00%
[01:51:07] task=3  epoch=0  train_loss=0.6461
[01:51:11] task=3  epoch=END  time_sec=36.6  acc_task0=0.0  acc_task1=0.0  acc_task2=0.0  acc_task3=89.7
[01:51:11] 
============================================================
 Task 5/5  | Classes (8, 10)
============================================================
[01:51:11] Task 4 baseline (chance): 10.00%
[01:51:12] Task 4 zero-shot (pre-train): 0.00%
[01:51:41] task=4  epoch=0  train_loss=0.8628
[01:51:46] task=4  epoch=END  time_sec=29.2  acc_task0=0.0  acc_task1=0.0  acc_task2=0.0  acc_task3=0.0  acc_task4=86.6
[01:51:46] 
Final Metrics:
  avg_accuracy         +17.3200
  forgetting           +79.8250
  backward_transfer    -79.8250
  forward_transfer     -14.8167
[01:51:46] 
Done - run: split_cifar10_agem_distill_buf500_seed789
[01:51:46] Metrics: {'avg_accuracy': 17.32, 'forgetting': 79.825, 'backward_transfer': -79.825, 'forward_transfer': -14.8167}
[01:51:46] Deleted 5 checkpoint(s) after successful completion.
