[13:05:08] Starting: split_cifar10_xder_buf100_seed123
[13:05:08] Config: {'dataset': 'split_cifar10', 'data_root': 'Project/data_local', 'model': 'slim_resnet18', 'pretrained': False, 'method': 'xder', 'n_epochs': 1, 'batch_size': 32, 'num_workers': 0, 'lr': 0.03, 'momentum': 0.9, 'weight_decay': 0.0001, 'fp16': False, 'buffer_size': 100, 'ewc_lambda': 100.0, 'fisher_samples': 200, 'si_lambda': 1.0, 'si_xi': 0.1, 'der_alpha': 0.5, 'xder_beta': 0.5, 'lwf_lambda': 1.0, 'lwf_temp': 2.0, 'icarl_distill_w': 1.0, 'icarl_temp': 2.0, 'use_nmc': True, 'agem_mem_batch': 64, 'distill_lambda': 1.0, 'distill_temp': 2.0, 'pc_distill_w': 1.0, 'pc_ewc_lambda': 100.0, 'pc_compress_epochs': 3, 'er_replay_ratio': 0.5, 'joint_replay_epochs': 1, 'disable_tqdm': True, 'disable_checkpoints': True, 'disable_plots': True, 'seeds': [42, 123, 456, 789, 1024], 'results_root': 'd:\\Catastrophic Forgetting\\results_phase3_ablations', 'checkpoint_dir': 'results/checkpoints', 'figure_dir': 'd:\\Catastrophic Forgetting\\results_phase3_ablations\\figures', 'log_dir': 'd:\\Catastrophic Forgetting\\results_phase3_ablations\\raw', 'run_tag': 'buf100', 'run_name': 'split_cifar10_xder_buf100_seed123', 'seed': 123}
[13:05:08] Device: cuda
[13:05:11] Dataset: SplitCIFAR10(tasks=5, classes_per_task=2, scenario=class-il)
[13:05:11] 
============================================================
 Task 1/5  | Classes (0, 2)
============================================================
[13:05:11] Task 0 baseline (chance): 50.00%
[13:05:36] task=0  epoch=0  train_loss=1.3171
[13:05:38] task=0  epoch=END  time_sec=25.2  acc_task0=85.05
[13:05:38] 
============================================================
 Task 2/5  | Classes (2, 4)
============================================================
[13:05:38] Task 1 baseline (chance): 25.00%
[13:05:39] Task 1 zero-shot (pre-train): 7.75%
[13:06:04] task=1  epoch=0  train_loss=1.3282
[13:06:07] task=1  epoch=END  time_sec=25.2  acc_task0=9.75  acc_task1=72.6
[13:06:07] 
============================================================
 Task 3/5  | Classes (4, 6)
============================================================
[13:06:07] Task 2 baseline (chance): 16.67%
[13:06:08] Task 2 zero-shot (pre-train): 0.00%
[13:06:33] task=2  epoch=0  train_loss=1.469
[13:06:37] task=2  epoch=END  time_sec=25.1  acc_task0=4.7  acc_task1=3.0  acc_task2=79.35
[13:06:37] 
============================================================
 Task 4/5  | Classes (6, 8)
============================================================
[13:06:37] Task 3 baseline (chance): 12.50%
[13:06:39] Task 3 zero-shot (pre-train): 0.00%
[13:07:04] task=3  epoch=0  train_loss=1.2331
[13:07:09] task=3  epoch=END  time_sec=25.1  acc_task0=3.25  acc_task1=0.65  acc_task2=7.15  acc_task3=88.7
[13:07:09] 
============================================================
 Task 5/5  | Classes (8, 10)
============================================================
[13:07:09] Task 4 baseline (chance): 10.00%
[13:07:10] Task 4 zero-shot (pre-train): 0.15%
[13:07:35] task=4  epoch=0  train_loss=1.606
[13:07:42] task=4  epoch=END  time_sec=25.1  acc_task0=0.05  acc_task1=1.45  acc_task2=0.55  acc_task3=0.3  acc_task4=85.8
[13:07:42] 
Final Metrics:
  avg_accuracy         +17.6300
  forgetting           +80.8375
  backward_transfer    -80.8375
  forward_transfer     -14.0667
[13:07:42] 
Done - run: split_cifar10_xder_buf100_seed123
[13:07:42] Metrics: {'avg_accuracy': 17.63, 'forgetting': 80.8375, 'backward_transfer': -80.8375, 'forward_transfer': -14.0667}
