[15:48:33] Starting: split_cifar10_agem_distill_buf500_seed123
[15:48:33] Config: {'dataset': 'split_cifar10', 'data_root': 'Project/data_local', 'model': 'slim_resnet18', 'pretrained': False, 'method': 'agem_distill', 'n_epochs': 1, 'batch_size': 32, 'num_workers': 0, 'lr': 0.03, 'momentum': 0.9, 'weight_decay': 0.0001, 'fp16': False, 'buffer_size': 500, 'ewc_lambda': 100.0, 'fisher_samples': 200, 'si_lambda': 1.0, 'si_xi': 0.1, 'der_alpha': 0.5, 'xder_beta': 0.5, 'lwf_lambda': 1.0, 'lwf_temp': 2.0, 'icarl_distill_w': 1.0, 'icarl_temp': 2.0, 'use_nmc': True, 'agem_mem_batch': 64, 'distill_lambda': 1.0, 'distill_temp': 2.0, 'pc_distill_w': 1.0, 'pc_ewc_lambda': 100.0, 'pc_compress_epochs': 3, 'er_replay_ratio': 0.5, 'joint_replay_epochs': 1, 'disable_tqdm': True, 'disable_checkpoints': True, 'disable_plots': True, 'seeds': [42, 123, 456, 789, 1024], 'results_root': 'results_phase3_ablations', 'checkpoint_dir': 'results/checkpoints', 'figure_dir': 'results_phase3_ablations\\figures', 'log_dir': 'results_phase3_ablations\\raw', 'run_tag': 'buf500', 'run_name': 'split_cifar10_agem_distill_buf500_seed123', 'seed': 123}
[15:48:33] Device: cuda
[15:48:36] Dataset: SplitCIFAR10(tasks=5, classes_per_task=2, scenario=class-il)
[15:48:36] 
============================================================
 Task 1/5  | Classes (0, 2)
============================================================
[15:48:36] Task 0 baseline (chance): 50.00%
[15:49:03] task=0  epoch=0  train_loss=0.6256
[15:49:04] task=0  epoch=END  time_sec=27.1  acc_task0=88.5
[15:49:04] 
============================================================
 Task 2/5  | Classes (2, 4)
============================================================
[15:49:04] Task 1 baseline (chance): 25.00%
[15:49:05] Task 1 zero-shot (pre-train): 2.60%
[15:49:37] task=1  epoch=0  train_loss=8.2683
[15:49:39] task=1  epoch=END  time_sec=31.2  acc_task0=83.9  acc_task1=42.0
[15:49:39] 
============================================================
 Task 3/5  | Classes (4, 6)
============================================================
[15:49:39] Task 2 baseline (chance): 16.67%
[15:49:40] Task 2 zero-shot (pre-train): 0.05%
[15:50:10] task=2  epoch=0  train_loss=7.9662
[15:50:13] task=2  epoch=END  time_sec=29.8  acc_task0=72.4  acc_task1=13.1  acc_task2=50.6
[15:50:13] 
============================================================
 Task 4/5  | Classes (6, 8)
============================================================
[15:50:13] Task 3 baseline (chance): 12.50%
[15:50:15] Task 3 zero-shot (pre-train): 0.00%
[15:50:44] task=3  epoch=0  train_loss=7.1884
[15:50:48] task=3  epoch=END  time_sec=29.2  acc_task0=64.35  acc_task1=13.0  acc_task2=26.65  acc_task3=41.75
[15:50:48] 
============================================================
 Task 5/5  | Classes (8, 10)
============================================================
[15:50:48] Task 4 baseline (chance): 10.00%
[15:50:50] Task 4 zero-shot (pre-train): 0.00%
[15:51:19] task=4  epoch=0  train_loss=9.4434
[15:51:25] task=4  epoch=END  time_sec=29.2  acc_task0=21.75  acc_task1=12.85  acc_task2=23.8  acc_task3=34.4  acc_task4=53.4
[15:51:25] 
Final Metrics:
  avg_accuracy         +29.2400
  forgetting           +32.5125
  backward_transfer    -32.5125
  forward_transfer     -15.3792
[15:51:25] 
Done - run: split_cifar10_agem_distill_buf500_seed123
[15:51:25] Metrics: {'avg_accuracy': 29.24, 'forgetting': 32.5125, 'backward_transfer': -32.5125, 'forward_transfer': -15.3792}
