[03:47:36] Starting: split_cifar100_lwf_seed789
[03:47:36] Config: {'dataset': 'split_cifar100', 'data_root': 'F:\\Temp\\cf\\Catastrophic Forgetting\\research_v2\\Project\\data_local', 'dataset_image_size': None, 'dataset_out_channels': None, 'model': 'slim_resnet18', 'pretrained': False, 'model_image_size': None, 'method': 'lwf', 'n_epochs': 1, 'batch_size': 32, 'num_workers': 0, 'lr': 0.03, 'momentum': 0.9, 'weight_decay': 0.0001, 'fp16': True, 'buffer_size': 200, 'ewc_lambda': 100.0, 'fisher_samples': 200, 'si_lambda': 1.0, 'si_xi': 0.1, 'der_alpha': 0.5, 'xder_beta': 0.5, 'lwf_lambda': 1.0, 'lwf_temp': 2.0, 'icarl_distill_w': 1.0, 'icarl_temp': 2.0, 'use_nmc': True, 'agem_mem_batch': 64, 'distill_lambda': 1.0, 'distill_temp': 2.0, 'pc_distill_w': 1.0, 'pc_ewc_lambda': 100.0, 'pc_compress_epochs': 3, 'er_replay_ratio': 0.5, 'joint_replay_epochs': 1, 'disable_tqdm': True, 'disable_checkpoints': False, 'disable_plots': False, 'resume': True, 'cleanup_checkpoints_on_success': True, 'result_group': 'runs', 'ablation_family': None, 'seeds': [42, 123, 456, 789, 1024], 'results_root': 'F:\\Temp\\cf\\Catastrophic Forgetting\\research_v2\\results', 'seed': 789, 'run_name': 'split_cifar100_lwf_seed789', 'project_root': 'F:\\Temp\\cf\\Catastrophic Forgetting\\research_v2\\Project', 'workspace_root': 'F:\\Temp\\cf\\Catastrophic Forgetting\\research_v2', 'run_root': 'F:\\Temp\\cf\\Catastrophic Forgetting\\research_v2\\results\\runs\\epoch_1\\split_cifar100\\baselines\\lwf\\seed_789', 'log_dir': 'F:\\Temp\\cf\\Catastrophic Forgetting\\research_v2\\results\\runs\\epoch_1\\split_cifar100\\baselines\\lwf\\seed_789\\logs', 'metrics_dir': 'F:\\Temp\\cf\\Catastrophic Forgetting\\research_v2\\results\\runs\\epoch_1\\split_cifar100\\baselines\\lwf\\seed_789\\metrics', 'checkpoint_dir': 'F:\\Temp\\cf\\Catastrophic Forgetting\\research_v2\\results\\runs\\epoch_1\\split_cifar100\\baselines\\lwf\\seed_789\\checkpoints', 'artifact_dir': 'F:\\Temp\\cf\\Catastrophic Forgetting\\research_v2\\results\\runs\\epoch_1\\split_cifar100\\baselines\\lwf\\seed_789\\artifacts', 'figure_dir': 'F:\\Temp\\cf\\Catastrophic Forgetting\\research_v2\\results\\figures\\epoch_1\\split_cifar100\\baselines\\lwf\\seed_789'}
[03:47:36] Device: cuda
[03:47:38] Dataset: SplitCIFAR100(tasks=20, classes_per_task=5, scenario=class-il)
[03:47:38] 
============================================================
 Task 1/20  | Classes (0, 5)
============================================================
[03:47:38] Task 0 baseline (chance): 20.00%
[03:47:41] task=0  epoch=0  train_loss=1.5232
[03:47:41] task=0  epoch=END  time_sec=3.4  acc_task0=53.2
[03:47:42] 
============================================================
 Task 2/20  | Classes (5, 10)
============================================================
[03:47:42] Task 1 baseline (chance): 10.00%
[03:47:42] Task 1 zero-shot (pre-train): 0.00%
[03:47:46] task=1  epoch=0  train_loss=1.8539
[03:47:46] task=1  epoch=END  time_sec=3.9  acc_task0=0.0  acc_task1=38.6
[03:47:46] 
============================================================
 Task 3/20  | Classes (10, 15)
============================================================
[03:47:46] Task 2 baseline (chance): 6.67%
[03:47:46] Task 2 zero-shot (pre-train): 0.00%
[03:47:50] task=2  epoch=0  train_loss=1.843
[03:47:51] task=2  epoch=END  time_sec=3.9  acc_task0=0.0  acc_task1=0.0  acc_task2=46.6
[03:47:51] 
============================================================
 Task 4/20  | Classes (15, 20)
============================================================
[03:47:51] Task 3 baseline (chance): 5.00%
[03:47:51] Task 3 zero-shot (pre-train): 0.00%
[03:47:55] task=3  epoch=0  train_loss=2.3355
[03:47:56] task=3  epoch=END  time_sec=3.9  acc_task0=0.0  acc_task1=0.0  acc_task2=0.0  acc_task3=43.4
[03:47:56] 
============================================================
 Task 5/20  | Classes (20, 25)
============================================================
[03:47:56] Task 4 baseline (chance): 4.00%
[03:47:56] Task 4 zero-shot (pre-train): 0.00%
[03:48:00] task=4  epoch=0  train_loss=2.8055
[03:48:01] task=4  epoch=END  time_sec=3.9  acc_task0=0.0  acc_task1=0.0  acc_task2=0.0  acc_task3=0.0  acc_task4=45.0
[03:48:01] 
============================================================
 Task 6/20  | Classes (25, 30)
============================================================
[03:48:01] Task 5 baseline (chance): 3.33%
[03:48:01] Task 5 zero-shot (pre-train): 0.00%
[03:48:05] task=5  epoch=0  train_loss=2.9745
[03:48:06] task=5  epoch=END  time_sec=3.8  acc_task0=0.0  acc_task1=0.0  acc_task2=0.0  acc_task3=0.0  acc_task4=0.0  acc_task5=27.4
[03:48:06] 
============================================================
 Task 7/20  | Classes (30, 35)
============================================================
[03:48:06] Task 6 baseline (chance): 2.86%
[03:48:06] Task 6 zero-shot (pre-train): 0.00%
[03:48:10] task=6  epoch=0  train_loss=3.1593
[03:48:11] task=6  epoch=END  time_sec=3.7  acc_task0=0.0  acc_task1=0.0  acc_task2=0.0  acc_task3=0.0  acc_task4=0.0  acc_task5=0.0  acc_task6=38.0
[03:48:11] 
============================================================
 Task 8/20  | Classes (35, 40)
============================================================
[03:48:11] Task 7 baseline (chance): 2.50%
[03:48:11] Task 7 zero-shot (pre-train): 0.00%
[03:48:15] task=7  epoch=0  train_loss=3.433
[03:48:16] task=7  epoch=END  time_sec=3.5  acc_task0=0.0  acc_task1=0.0  acc_task2=0.0  acc_task3=0.0  acc_task4=0.0  acc_task5=0.0  acc_task6=0.0  acc_task7=27.2
[03:48:16] 
============================================================
 Task 9/20  | Classes (40, 45)
============================================================
[03:48:16] Task 8 baseline (chance): 2.22%
[03:48:16] Task 8 zero-shot (pre-train): 0.00%
[03:48:20] task=8  epoch=0  train_loss=3.5395
[03:48:21] task=8  epoch=END  time_sec=3.5  acc_task0=0.0  acc_task1=0.0  acc_task2=0.0  acc_task3=0.0  acc_task4=0.0  acc_task5=0.0  acc_task6=0.0  acc_task7=0.0  acc_task8=33.0
[03:48:21] 
============================================================
 Task 10/20  | Classes (45, 50)
============================================================
[03:48:21] Task 9 baseline (chance): 2.00%
[03:48:22] Task 9 zero-shot (pre-train): 0.00%
[03:48:26] task=9  epoch=0  train_loss=3.6962
[03:48:27] task=9  epoch=END  time_sec=4.0  acc_task0=0.0  acc_task1=0.0  acc_task2=0.0  acc_task3=0.0  acc_task4=0.0  acc_task5=0.0  acc_task6=0.0  acc_task7=0.0  acc_task8=0.0  acc_task9=32.2
[03:48:27] 
============================================================
 Task 11/20  | Classes (50, 55)
============================================================
[03:48:27] Task 10 baseline (chance): 1.82%
[03:48:28] Task 10 zero-shot (pre-train): 0.00%
[03:48:31] task=10  epoch=0  train_loss=3.8835
[03:48:33] task=10  epoch=END  time_sec=3.5  acc_task0=0.0  acc_task1=0.0  acc_task2=0.0  acc_task3=0.0  acc_task4=0.0  acc_task5=0.0  acc_task6=0.0  acc_task7=0.0  acc_task8=0.0  acc_task9=0.0  acc_task10=33.4
[03:48:33] 
============================================================
 Task 12/20  | Classes (55, 60)
============================================================
[03:48:33] Task 11 baseline (chance): 1.67%
[03:48:34] Task 11 zero-shot (pre-train): 0.00%
[03:48:37] task=11  epoch=0  train_loss=4.3771
[03:48:40] task=11  epoch=END  time_sec=3.8  acc_task0=0.0  acc_task1=0.0  acc_task2=0.0  acc_task3=0.0  acc_task4=0.0  acc_task5=0.0  acc_task6=0.0  acc_task7=0.0  acc_task8=0.0  acc_task9=0.0  acc_task10=0.0  acc_task11=36.6
[03:48:40] 
============================================================
 Task 13/20  | Classes (60, 65)
============================================================
[03:48:40] Task 12 baseline (chance): 1.54%
[03:48:40] Task 12 zero-shot (pre-train): 0.00%
[03:48:44] task=12  epoch=0  train_loss=4.078
[03:48:46] task=12  epoch=END  time_sec=3.8  acc_task0=0.0  acc_task1=0.0  acc_task2=0.0  acc_task3=0.0  acc_task4=0.0  acc_task5=0.0  acc_task6=0.0  acc_task7=0.0  acc_task8=0.0  acc_task9=0.0  acc_task10=0.0  acc_task11=0.0  acc_task12=58.8
[03:48:46] 
============================================================
 Task 14/20  | Classes (65, 70)
============================================================
[03:48:46] Task 13 baseline (chance): 1.43%
[03:48:46] Task 13 zero-shot (pre-train): 0.00%
[03:48:50] task=13  epoch=0  train_loss=4.4511
[03:48:53] task=13  epoch=END  time_sec=3.7  acc_task0=0.0  acc_task1=0.0  acc_task2=0.0  acc_task3=0.0  acc_task4=0.0  acc_task5=0.0  acc_task6=0.0  acc_task7=0.0  acc_task8=0.0  acc_task9=0.0  acc_task10=0.0  acc_task11=0.0  acc_task12=0.0  acc_task13=45.6
[03:48:53] 
============================================================
 Task 15/20  | Classes (70, 75)
============================================================
[03:48:53] Task 14 baseline (chance): 1.33%
[03:48:53] Task 14 zero-shot (pre-train): 0.00%
[03:48:57] task=14  epoch=0  train_loss=4.3532
[03:49:00] task=14  epoch=END  time_sec=4.2  acc_task0=0.0  acc_task1=0.0  acc_task2=0.0  acc_task3=0.0  acc_task4=0.0  acc_task5=0.0  acc_task6=0.0  acc_task7=0.0  acc_task8=0.0  acc_task9=0.0  acc_task10=0.0  acc_task11=0.0  acc_task12=0.0  acc_task13=0.0  acc_task14=51.8
[03:49:00] 
============================================================
 Task 16/20  | Classes (75, 80)
============================================================
[03:49:00] Task 15 baseline (chance): 1.25%
[03:49:00] Task 15 zero-shot (pre-train): 0.00%
[03:49:04] task=15  epoch=0  train_loss=4.367
[03:49:07] task=15  epoch=END  time_sec=4.0  acc_task0=0.0  acc_task1=0.0  acc_task2=0.0  acc_task3=0.0  acc_task4=0.0  acc_task5=0.0  acc_task6=0.0  acc_task7=0.0  acc_task8=0.0  acc_task9=0.0  acc_task10=0.0  acc_task11=0.0  acc_task12=0.0  acc_task13=0.0  acc_task14=0.0  acc_task15=39.2
[03:49:07] 
============================================================
 Task 17/20  | Classes (80, 85)
============================================================
[03:49:07] Task 16 baseline (chance): 1.18%
[03:49:08] Task 16 zero-shot (pre-train): 0.00%
[03:49:11] task=16  epoch=0  train_loss=4.3551
[03:49:14] task=16  epoch=END  time_sec=3.7  acc_task0=0.0  acc_task1=0.0  acc_task2=0.0  acc_task3=0.0  acc_task4=0.0  acc_task5=0.0  acc_task6=0.0  acc_task7=0.0  acc_task8=0.0  acc_task9=0.0  acc_task10=0.0  acc_task11=0.0  acc_task12=0.0  acc_task13=0.0  acc_task14=0.0  acc_task15=0.0  acc_task16=46.8
[03:49:14] 
============================================================
 Task 18/20  | Classes (85, 90)
============================================================
[03:49:14] Task 17 baseline (chance): 1.11%
[03:49:15] Task 17 zero-shot (pre-train): 0.00%
[03:49:19] task=17  epoch=0  train_loss=4.2463
[03:49:22] task=17  epoch=END  time_sec=3.9  acc_task0=0.0  acc_task1=0.0  acc_task2=0.0  acc_task3=0.0  acc_task4=0.0  acc_task5=0.0  acc_task6=0.0  acc_task7=0.0  acc_task8=0.0  acc_task9=0.0  acc_task10=0.0  acc_task11=0.0  acc_task12=0.0  acc_task13=0.0  acc_task14=0.0  acc_task15=0.0  acc_task16=0.0  acc_task17=44.6
[03:49:22] 
============================================================
 Task 19/20  | Classes (90, 95)
============================================================
[03:49:22] Task 18 baseline (chance): 1.05%
[03:49:22] Task 18 zero-shot (pre-train): 0.00%
[03:49:26] task=18  epoch=0  train_loss=3.9846
[03:49:31] task=18  epoch=END  time_sec=4.3  acc_task0=0.0  acc_task1=0.0  acc_task2=0.0  acc_task3=0.0  acc_task4=0.0  acc_task5=0.0  acc_task6=0.0  acc_task7=0.0  acc_task8=0.0  acc_task9=0.0  acc_task10=0.0  acc_task11=0.0  acc_task12=0.0  acc_task13=0.0  acc_task14=0.0  acc_task15=0.0  acc_task16=0.0  acc_task17=0.0  acc_task18=51.6
[03:49:31] 
============================================================
 Task 20/20  | Classes (95, 100)
============================================================
[03:49:31] Task 19 baseline (chance): 1.00%
[03:49:31] Task 19 zero-shot (pre-train): 0.00%
[03:49:35] task=19  epoch=0  train_loss=4.3409
[03:49:39] task=19  epoch=END  time_sec=4.3  acc_task0=0.0  acc_task1=0.0  acc_task2=0.0  acc_task3=0.0  acc_task4=0.0  acc_task5=0.0  acc_task6=0.0  acc_task7=0.0  acc_task8=0.0  acc_task9=0.0  acc_task10=0.0  acc_task11=0.0  acc_task12=0.0  acc_task13=0.0  acc_task14=0.0  acc_task15=0.0  acc_task16=0.0  acc_task17=0.0  acc_task18=0.0  acc_task19=57.4
[03:49:39] 
Final Metrics:
  avg_accuracy         +2.8700
  forgetting           +41.7368
  backward_transfer    -41.7368
  forward_transfer     -2.7345
[03:49:41] 
Done - run: split_cifar100_lwf_seed789
[03:49:41] Metrics: {'avg_accuracy': 2.87, 'forgetting': 41.7368, 'backward_transfer': -41.7368, 'forward_transfer': -2.7345}
[03:49:41] Deleted 20 checkpoint(s) after successful completion.
