[01:57:41] Starting: split_cifar10_der_buf100_seed123
[01:57:41] Config: {'dataset': 'split_cifar10', 'data_root': 'F:\\Temp\\cf\\Catastrophic Forgetting\\research_v2\\Project\\data_local', 'dataset_image_size': None, 'dataset_out_channels': None, 'model': 'slim_resnet18', 'pretrained': False, 'model_image_size': None, 'method': 'der', 'n_epochs': 1, 'batch_size': 32, 'num_workers': 0, 'lr': 0.03, 'momentum': 0.9, 'weight_decay': 0.0001, 'fp16': False, 'buffer_size': 100, 'ewc_lambda': 100.0, 'fisher_samples': 200, 'si_lambda': 1.0, 'si_xi': 0.1, 'der_alpha': 0.5, 'xder_beta': 0.5, 'lwf_lambda': 1.0, 'lwf_temp': 2.0, 'icarl_distill_w': 1.0, 'icarl_temp': 2.0, 'use_nmc': True, 'agem_mem_batch': 64, 'distill_lambda': 1.0, 'distill_temp': 2.0, 'pc_distill_w': 1.0, 'pc_ewc_lambda': 100.0, 'pc_compress_epochs': 3, 'er_replay_ratio': 0.5, 'joint_replay_epochs': 1, 'disable_tqdm': True, 'disable_checkpoints': False, 'disable_plots': True, 'resume': False, 'cleanup_checkpoints_on_success': True, 'result_group': 'ablations', 'ablation_family': 'buffer', 'seeds': [42, 123, 456, 789, 1024], 'results_root': 'F:\\Temp\\cf\\Catastrophic Forgetting\\research_v2\\results', 'run_tag': 'buf100', 'seed': 123, 'run_name': 'split_cifar10_der_buf100_seed123', 'project_root': 'F:\\Temp\\cf\\Catastrophic Forgetting\\research_v2\\Project', 'workspace_root': 'F:\\Temp\\cf\\Catastrophic Forgetting\\research_v2', 'run_root': 'F:\\Temp\\cf\\Catastrophic Forgetting\\research_v2\\results\\ablations\\epoch_1\\split_cifar10\\buffer\\der__buf100\\seed_123', 'log_dir': 'F:\\Temp\\cf\\Catastrophic Forgetting\\research_v2\\results\\ablations\\epoch_1\\split_cifar10\\buffer\\der__buf100\\seed_123\\logs', 'metrics_dir': 'F:\\Temp\\cf\\Catastrophic Forgetting\\research_v2\\results\\ablations\\epoch_1\\split_cifar10\\buffer\\der__buf100\\seed_123\\metrics', 'checkpoint_dir': 'F:\\Temp\\cf\\Catastrophic Forgetting\\research_v2\\results\\ablations\\epoch_1\\split_cifar10\\buffer\\der__buf100\\seed_123\\checkpoints', 'artifact_dir': 'F:\\Temp\\cf\\Catastrophic Forgetting\\research_v2\\results\\ablations\\epoch_1\\split_cifar10\\buffer\\der__buf100\\seed_123\\artifacts', 'figure_dir': 'F:\\Temp\\cf\\Catastrophic Forgetting\\research_v2\\results\\figures\\ablations\\epoch_1\\split_cifar10\\buffer\\der__buf100\\seed_123'}
[01:57:41] Device: cuda
[01:57:43] Dataset: SplitCIFAR10(tasks=5, classes_per_task=2, scenario=class-il)
[01:57:43] 
============================================================
 Task 1/5  | Classes (0, 2)
============================================================
[01:57:43] Task 0 baseline (chance): 50.00%
[01:58:13] task=0  epoch=0  train_loss=0.745
[01:58:14] task=0  epoch=END  time_sec=29.4  acc_task0=83.7
[01:58:14] 
============================================================
 Task 2/5  | Classes (2, 4)
============================================================
[01:58:14] Task 1 baseline (chance): 25.00%
[01:58:15] Task 1 zero-shot (pre-train): 0.00%
[01:58:43] task=1  epoch=0  train_loss=0.7263
[01:58:45] task=1  epoch=END  time_sec=28.7  acc_task0=0.0  acc_task1=75.4
[01:58:45] 
============================================================
 Task 3/5  | Classes (4, 6)
============================================================
[01:58:45] Task 2 baseline (chance): 16.67%
[01:58:46] Task 2 zero-shot (pre-train): 0.00%
[01:59:14] task=2  epoch=0  train_loss=0.7171
[01:59:18] task=2  epoch=END  time_sec=28.4  acc_task0=0.0  acc_task1=0.0  acc_task2=82.4
[01:59:18] 
============================================================
 Task 4/5  | Classes (6, 8)
============================================================
[01:59:18] Task 3 baseline (chance): 12.50%
[01:59:19] Task 3 zero-shot (pre-train): 0.00%
[01:59:52] task=3  epoch=0  train_loss=0.8576
[01:59:56] task=3  epoch=END  time_sec=32.8  acc_task0=0.0  acc_task1=0.0  acc_task2=0.0  acc_task3=87.95
[01:59:56] 
============================================================
 Task 5/5  | Classes (8, 10)
============================================================
[01:59:56] Task 4 baseline (chance): 10.00%
[01:59:57] Task 4 zero-shot (pre-train): 0.00%
[02:00:27] task=4  epoch=0  train_loss=1.2834
[02:00:31] task=4  epoch=END  time_sec=29.9  acc_task0=0.0  acc_task1=0.0  acc_task2=0.0  acc_task3=0.0  acc_task4=83.5
[02:00:31] 
Final Metrics:
  avg_accuracy         +16.7000
  forgetting           +82.3625
  backward_transfer    -82.3625
  forward_transfer     -16.0417
[02:00:31] 
Done - run: split_cifar10_der_buf100_seed123
[02:00:31] Metrics: {'avg_accuracy': 16.7, 'forgetting': 82.3625, 'backward_transfer': -82.3625, 'forward_transfer': -16.0417}
[02:00:31] Deleted 5 checkpoint(s) after successful completion.
