[00:18:57] Starting: split_cifar100_xder_seed1024
[00:18:57] Config: {'dataset': 'split_cifar100', 'data_root': 'Project/data_local', 'model': 'slim_resnet18', 'pretrained': False, 'method': 'xder', 'n_epochs': 1, 'batch_size': 32, 'num_workers': 0, 'lr': 0.03, 'momentum': 0.9, 'weight_decay': 0.0001, 'fp16': True, 'buffer_size': 200, 'ewc_lambda': 100.0, 'fisher_samples': 200, 'si_lambda': 1.0, 'si_xi': 0.1, 'der_alpha': 0.5, 'xder_beta': 0.5, 'lwf_lambda': 1.0, 'lwf_temp': 2.0, 'icarl_distill_w': 1.0, 'icarl_temp': 2.0, 'use_nmc': True, 'agem_mem_batch': 64, 'distill_lambda': 1.0, 'distill_temp': 2.0, 'pc_distill_w': 1.0, 'pc_ewc_lambda': 100.0, 'pc_compress_epochs': 3, 'er_replay_ratio': 0.5, 'joint_replay_epochs': 1, 'disable_tqdm': True, 'disable_checkpoints': True, 'disable_plots': False, 'seeds': [42, 123, 456, 789, 1024], 'results_root': 'results_phase3_fwt', 'checkpoint_dir': 'results/checkpoints', 'figure_dir': 'results_phase3_fwt/figures', 'log_dir': 'results_phase3_fwt/raw', 'run_name': 'split_cifar100_xder_seed1024', 'seed': 1024}
[00:18:57] Device: cuda
[00:18:59] Dataset: SplitCIFAR100(tasks=20, classes_per_task=5, scenario=class-il)
[00:18:59] 
============================================================
 Task 1/20  | Classes (0, 5)
============================================================
[00:18:59] Task 0 baseline (chance): 20.00%
[00:19:04] task=0  epoch=0  train_loss=2.742
[00:19:06] task=0  epoch=END  time_sec=5.8  acc_task0=47.0
[00:19:06] 
============================================================
 Task 2/20  | Classes (5, 10)
============================================================
[00:19:06] Task 1 baseline (chance): 10.00%
[00:19:06] Task 1 zero-shot (pre-train): 0.00%
[00:19:12] task=1  epoch=0  train_loss=3.0364
[00:19:13] task=1  epoch=END  time_sec=5.8  acc_task0=9.4  acc_task1=40.4
[00:19:13] 
============================================================
 Task 3/20  | Classes (10, 15)
============================================================
[00:19:13] Task 2 baseline (chance): 6.67%
[00:19:13] Task 2 zero-shot (pre-train): 0.00%
[00:19:19] task=2  epoch=0  train_loss=3.2842
[00:19:21] task=2  epoch=END  time_sec=5.7  acc_task0=0.0  acc_task1=1.0  acc_task2=45.0
[00:19:21] 
============================================================
 Task 4/20  | Classes (15, 20)
============================================================
[00:19:21] Task 3 baseline (chance): 5.00%
[00:19:21] Task 3 zero-shot (pre-train): 0.00%
[00:19:27] task=3  epoch=0  train_loss=3.7169
[00:19:28] task=3  epoch=END  time_sec=5.8  acc_task0=0.4  acc_task1=0.8  acc_task2=0.2  acc_task3=56.4
[00:19:28] 
============================================================
 Task 5/20  | Classes (20, 25)
============================================================
[00:19:28] Task 4 baseline (chance): 4.00%
[00:19:28] Task 4 zero-shot (pre-train): 0.00%
[00:19:34] task=4  epoch=0  train_loss=4.4885
[00:19:36] task=4  epoch=END  time_sec=5.7  acc_task0=3.0  acc_task1=2.4  acc_task2=0.0  acc_task3=10.2  acc_task4=57.2
[00:19:36] 
============================================================
 Task 6/20  | Classes (25, 30)
============================================================
[00:19:36] Task 5 baseline (chance): 3.33%
[00:19:36] Task 5 zero-shot (pre-train): 0.00%
[00:19:42] task=5  epoch=0  train_loss=13.2057
[00:19:44] task=5  epoch=END  time_sec=5.8  acc_task0=0.2  acc_task1=1.4  acc_task2=0.6  acc_task3=0.0  acc_task4=0.0  acc_task5=45.0
[00:19:44] 
============================================================
 Task 7/20  | Classes (30, 35)
============================================================
[00:19:44] Task 6 baseline (chance): 2.86%
[00:19:45] Task 6 zero-shot (pre-train): 0.00%
[00:19:50] task=6  epoch=0  train_loss=25.3689
[00:19:53] task=6  epoch=END  time_sec=5.8  acc_task0=0.0  acc_task1=0.0  acc_task2=2.4  acc_task3=4.0  acc_task4=6.0  acc_task5=0.0  acc_task6=39.2
[00:19:53] 
============================================================
 Task 8/20  | Classes (35, 40)
============================================================
[00:19:53] Task 7 baseline (chance): 2.50%
[00:19:53] Task 7 zero-shot (pre-train): 0.00%
[00:19:59] task=7  epoch=0  train_loss=108.2451
[00:20:02] task=7  epoch=END  time_sec=5.7  acc_task0=0.0  acc_task1=0.0  acc_task2=0.0  acc_task3=0.0  acc_task4=0.0  acc_task5=0.0  acc_task6=0.0  acc_task7=31.0
[00:20:02] 
============================================================
 Task 9/20  | Classes (40, 45)
============================================================
[00:20:02] Task 8 baseline (chance): 2.22%
[00:20:02] Task 8 zero-shot (pre-train): 0.00%
[00:20:08] task=8  epoch=0  train_loss=59.5931
[00:20:10] task=8  epoch=END  time_sec=5.8  acc_task0=0.0  acc_task1=0.0  acc_task2=0.0  acc_task3=0.0  acc_task4=0.0  acc_task5=0.0  acc_task6=0.0  acc_task7=0.0  acc_task8=35.2
[00:20:10] 
============================================================
 Task 10/20  | Classes (45, 50)
============================================================
[00:20:10] Task 9 baseline (chance): 2.00%
[00:20:11] Task 9 zero-shot (pre-train): 0.00%
[00:20:16] task=9  epoch=0  train_loss=9.1435
[00:20:19] task=9  epoch=END  time_sec=5.7  acc_task0=0.0  acc_task1=0.0  acc_task2=0.0  acc_task3=0.0  acc_task4=0.0  acc_task5=0.0  acc_task6=0.0  acc_task7=0.0  acc_task8=4.2  acc_task9=33.4
[00:20:19] 
============================================================
 Task 11/20  | Classes (50, 55)
============================================================
[00:20:19] Task 10 baseline (chance): 1.82%
[00:20:20] Task 10 zero-shot (pre-train): 0.00%
[00:20:25] task=10  epoch=0  train_loss=8.0528
[00:20:28] task=10  epoch=END  time_sec=5.7  acc_task0=0.0  acc_task1=0.0  acc_task2=0.0  acc_task3=0.0  acc_task4=0.2  acc_task5=0.0  acc_task6=0.0  acc_task7=0.0  acc_task8=0.2  acc_task9=0.0  acc_task10=47.0
[00:20:28] 
============================================================
 Task 12/20  | Classes (55, 60)
============================================================
[00:20:28] Task 11 baseline (chance): 1.67%
[00:20:29] Task 11 zero-shot (pre-train): 0.00%
[00:20:34] task=11  epoch=0  train_loss=8.2622
[00:20:38] task=11  epoch=END  time_sec=5.8  acc_task0=0.0  acc_task1=0.0  acc_task2=0.4  acc_task3=0.0  acc_task4=1.0  acc_task5=0.0  acc_task6=0.0  acc_task7=0.0  acc_task8=0.4  acc_task9=0.0  acc_task10=0.0  acc_task11=37.0
[00:20:38] 
============================================================
 Task 13/20  | Classes (60, 65)
============================================================
[00:20:38] Task 12 baseline (chance): 1.54%
[00:20:38] Task 12 zero-shot (pre-train): 0.00%
[00:20:44] task=12  epoch=0  train_loss=7.9924
[00:20:48] task=12  epoch=END  time_sec=5.9  acc_task0=0.0  acc_task1=0.0  acc_task2=0.2  acc_task3=0.0  acc_task4=0.0  acc_task5=0.0  acc_task6=0.0  acc_task7=0.0  acc_task8=0.0  acc_task9=0.0  acc_task10=0.2  acc_task11=0.0  acc_task12=53.0
[00:20:48] 
============================================================
 Task 14/20  | Classes (65, 70)
============================================================
[00:20:48] Task 13 baseline (chance): 1.43%
[00:20:48] Task 13 zero-shot (pre-train): 0.00%
[00:20:54] task=13  epoch=0  train_loss=9.7826
[00:20:58] task=13  epoch=END  time_sec=5.8  acc_task0=0.0  acc_task1=0.0  acc_task2=0.2  acc_task3=0.0  acc_task4=0.0  acc_task5=0.0  acc_task6=0.0  acc_task7=0.0  acc_task8=1.2  acc_task9=0.0  acc_task10=0.6  acc_task11=0.0  acc_task12=3.4  acc_task13=45.6
[00:20:58] 
============================================================
 Task 15/20  | Classes (70, 75)
============================================================
[00:20:58] Task 14 baseline (chance): 1.33%
[00:20:58] Task 14 zero-shot (pre-train): 0.00%
[00:21:04] task=14  epoch=0  train_loss=10.0415
[00:21:08] task=14  epoch=END  time_sec=5.8  acc_task0=0.0  acc_task1=0.0  acc_task2=0.2  acc_task3=0.0  acc_task4=0.2  acc_task5=0.0  acc_task6=0.0  acc_task7=0.0  acc_task8=2.4  acc_task9=0.0  acc_task10=0.0  acc_task11=0.0  acc_task12=0.0  acc_task13=0.0  acc_task14=48.4
[00:21:08] 
============================================================
 Task 16/20  | Classes (75, 80)
============================================================
[00:21:08] Task 15 baseline (chance): 1.25%
[00:21:08] Task 15 zero-shot (pre-train): 0.00%
[00:21:14] task=15  epoch=0  train_loss=9.919
[00:21:18] task=15  epoch=END  time_sec=5.7  acc_task0=0.8  acc_task1=0.4  acc_task2=0.6  acc_task3=0.0  acc_task4=1.0  acc_task5=0.0  acc_task6=0.0  acc_task7=0.0  acc_task8=2.6  acc_task9=0.0  acc_task10=0.6  acc_task11=0.0  acc_task12=1.6  acc_task13=0.0  acc_task14=1.2  acc_task15=41.2
[00:21:18] 
============================================================
 Task 17/20  | Classes (80, 85)
============================================================
[00:21:18] Task 16 baseline (chance): 1.18%
[00:21:19] Task 16 zero-shot (pre-train): 0.00%
[00:21:24] task=16  epoch=0  train_loss=11.63
[00:21:29] task=16  epoch=END  time_sec=5.7  acc_task0=0.0  acc_task1=0.0  acc_task2=1.6  acc_task3=0.0  acc_task4=0.6  acc_task5=0.0  acc_task6=0.0  acc_task7=0.0  acc_task8=3.2  acc_task9=0.0  acc_task10=0.0  acc_task11=0.0  acc_task12=0.0  acc_task13=0.0  acc_task14=1.2  acc_task15=0.0  acc_task16=43.4
[00:21:29] 
============================================================
 Task 18/20  | Classes (85, 90)
============================================================
[00:21:29] Task 17 baseline (chance): 1.11%
[00:21:29] Task 17 zero-shot (pre-train): 0.00%
[00:21:35] task=17  epoch=0  train_loss=11.5045
[00:21:40] task=17  epoch=END  time_sec=5.7  acc_task0=0.0  acc_task1=0.0  acc_task2=0.0  acc_task3=0.0  acc_task4=0.0  acc_task5=0.0  acc_task6=0.0  acc_task7=0.0  acc_task8=0.2  acc_task9=0.0  acc_task10=1.0  acc_task11=0.0  acc_task12=1.4  acc_task13=0.0  acc_task14=0.2  acc_task15=0.0  acc_task16=0.0  acc_task17=44.4
[00:21:40] 
============================================================
 Task 19/20  | Classes (90, 95)
============================================================
[00:21:40] Task 18 baseline (chance): 1.05%
[00:21:40] Task 18 zero-shot (pre-train): 0.00%
[00:21:46] task=18  epoch=0  train_loss=11.5811
[00:21:51] task=18  epoch=END  time_sec=5.8  acc_task0=0.0  acc_task1=0.0  acc_task2=0.4  acc_task3=0.0  acc_task4=0.0  acc_task5=0.0  acc_task6=0.0  acc_task7=0.0  acc_task8=0.2  acc_task9=0.0  acc_task10=0.0  acc_task11=0.0  acc_task12=0.0  acc_task13=0.0  acc_task14=0.0  acc_task15=0.0  acc_task16=0.0  acc_task17=0.0  acc_task18=57.8
[00:21:51] 
============================================================
 Task 20/20  | Classes (95, 100)
============================================================
[00:21:51] Task 19 baseline (chance): 1.00%
[00:21:51] Task 19 zero-shot (pre-train): 0.00%
[00:21:57] task=19  epoch=0  train_loss=11.8494
[00:22:02] task=19  epoch=END  time_sec=5.8  acc_task0=0.0  acc_task1=0.0  acc_task2=0.2  acc_task3=0.2  acc_task4=0.4  acc_task5=0.0  acc_task6=0.0  acc_task7=0.0  acc_task8=0.6  acc_task9=0.0  acc_task10=0.2  acc_task11=0.0  acc_task12=1.0  acc_task13=0.0  acc_task14=0.0  acc_task15=0.0  acc_task16=0.0  acc_task17=0.0  acc_task18=0.4  acc_task19=52.2
[00:22:02] 
Final Metrics:
  avg_accuracy         +2.7600
  forgetting           +44.4526
  backward_transfer    -44.4526
  forward_transfer     -2.7345
[00:22:03] 
Done - run: split_cifar100_xder_seed1024
[00:22:03] Metrics: {'avg_accuracy': 2.76, 'forgetting': 44.4526, 'backward_transfer': -44.4526, 'forward_transfer': -2.7345}
