[00:12:45] Starting: split_cifar100_xder_seed456
[00:12:45] Config: {'dataset': 'split_cifar100', 'data_root': 'Project/data_local', 'model': 'slim_resnet18', 'pretrained': False, 'method': 'xder', 'n_epochs': 1, 'batch_size': 32, 'num_workers': 0, 'lr': 0.03, 'momentum': 0.9, 'weight_decay': 0.0001, 'fp16': True, 'buffer_size': 200, 'ewc_lambda': 100.0, 'fisher_samples': 200, 'si_lambda': 1.0, 'si_xi': 0.1, 'der_alpha': 0.5, 'xder_beta': 0.5, 'lwf_lambda': 1.0, 'lwf_temp': 2.0, 'icarl_distill_w': 1.0, 'icarl_temp': 2.0, 'use_nmc': True, 'agem_mem_batch': 64, 'distill_lambda': 1.0, 'distill_temp': 2.0, 'pc_distill_w': 1.0, 'pc_ewc_lambda': 100.0, 'pc_compress_epochs': 3, 'er_replay_ratio': 0.5, 'joint_replay_epochs': 1, 'disable_tqdm': True, 'disable_checkpoints': True, 'disable_plots': False, 'seeds': [42, 123, 456, 789, 1024], 'results_root': 'results_phase3_fwt', 'checkpoint_dir': 'results/checkpoints', 'figure_dir': 'results_phase3_fwt/figures', 'log_dir': 'results_phase3_fwt/raw', 'run_name': 'split_cifar100_xder_seed456', 'seed': 456}
[00:12:45] Device: cuda
[00:12:47] Dataset: SplitCIFAR100(tasks=20, classes_per_task=5, scenario=class-il)
[00:12:47] 
============================================================
 Task 1/20  | Classes (0, 5)
============================================================
[00:12:47] Task 0 baseline (chance): 20.00%
[00:12:53] task=0  epoch=0  train_loss=2.1961
[00:12:54] task=0  epoch=END  time_sec=5.8  acc_task0=56.0
[00:12:54] 
============================================================
 Task 2/20  | Classes (5, 10)
============================================================
[00:12:54] Task 1 baseline (chance): 10.00%
[00:12:54] Task 1 zero-shot (pre-train): 0.00%
[00:13:00] task=1  epoch=0  train_loss=2.9702
[00:13:01] task=1  epoch=END  time_sec=5.7  acc_task0=3.6  acc_task1=44.6
[00:13:01] 
============================================================
 Task 3/20  | Classes (10, 15)
============================================================
[00:13:01] Task 2 baseline (chance): 6.67%
[00:13:02] Task 2 zero-shot (pre-train): 0.00%
[00:13:07] task=2  epoch=0  train_loss=3.0689
[00:13:09] task=2  epoch=END  time_sec=5.7  acc_task0=1.2  acc_task1=0.6  acc_task2=50.6
[00:13:09] 
============================================================
 Task 4/20  | Classes (15, 20)
============================================================
[00:13:09] Task 3 baseline (chance): 5.00%
[00:13:09] Task 3 zero-shot (pre-train): 0.00%
[00:13:15] task=3  epoch=0  train_loss=3.3196
[00:13:16] task=3  epoch=END  time_sec=5.6  acc_task0=1.8  acc_task1=2.8  acc_task2=1.0  acc_task3=56.2
[00:13:16] 
============================================================
 Task 5/20  | Classes (20, 25)
============================================================
[00:13:16] Task 4 baseline (chance): 4.00%
[00:13:17] Task 4 zero-shot (pre-train): 0.00%
[00:13:22] task=4  epoch=0  train_loss=3.0606
[00:13:24] task=4  epoch=END  time_sec=5.7  acc_task0=1.0  acc_task1=1.4  acc_task2=4.0  acc_task3=12.0  acc_task4=70.6
[00:13:24] 
============================================================
 Task 6/20  | Classes (25, 30)
============================================================
[00:13:24] Task 5 baseline (chance): 3.33%
[00:13:25] Task 5 zero-shot (pre-train): 0.00%
[00:13:30] task=5  epoch=0  train_loss=3.9007
[00:13:32] task=5  epoch=END  time_sec=5.8  acc_task0=1.0  acc_task1=2.2  acc_task2=1.2  acc_task3=0.0  acc_task4=5.8  acc_task5=43.0
[00:13:32] 
============================================================
 Task 7/20  | Classes (30, 35)
============================================================
[00:13:32] Task 6 baseline (chance): 2.86%
[00:13:33] Task 6 zero-shot (pre-train): 0.00%
[00:13:38] task=6  epoch=0  train_loss=6.0781
[00:13:41] task=6  epoch=END  time_sec=5.8  acc_task0=0.6  acc_task1=3.0  acc_task2=1.6  acc_task3=0.0  acc_task4=4.8  acc_task5=0.2  acc_task6=63.2
[00:13:41] 
============================================================
 Task 8/20  | Classes (35, 40)
============================================================
[00:13:41] Task 7 baseline (chance): 2.50%
[00:13:41] Task 7 zero-shot (pre-train): 0.00%
[00:13:47] task=7  epoch=0  train_loss=43.781
[00:13:49] task=7  epoch=END  time_sec=5.8  acc_task0=3.0  acc_task1=0.0  acc_task2=0.0  acc_task3=0.0  acc_task4=0.0  acc_task5=0.2  acc_task6=0.0  acc_task7=33.4
[00:13:49] 
============================================================
 Task 9/20  | Classes (40, 45)
============================================================
[00:13:49] Task 8 baseline (chance): 2.22%
[00:13:50] Task 8 zero-shot (pre-train): 0.00%
[00:13:55] task=8  epoch=0  train_loss=654.6117
[00:13:58] task=8  epoch=END  time_sec=5.7  acc_task0=1.2  acc_task1=0.0  acc_task2=0.0  acc_task3=0.0  acc_task4=0.0  acc_task5=0.0  acc_task6=3.6  acc_task7=0.4  acc_task8=8.6
[00:13:58] 
============================================================
 Task 10/20  | Classes (45, 50)
============================================================
[00:13:58] Task 9 baseline (chance): 2.00%
[00:13:59] Task 9 zero-shot (pre-train): 0.00%
[00:14:04] task=9  epoch=0  train_loss=nan
[00:14:07] task=9  epoch=END  time_sec=5.7  acc_task0=20.0  acc_task1=0.0  acc_task2=0.0  acc_task3=0.0  acc_task4=0.0  acc_task5=0.0  acc_task6=0.0  acc_task7=0.0  acc_task8=0.0  acc_task9=0.0
[00:14:07] 
============================================================
 Task 11/20  | Classes (50, 55)
============================================================
[00:14:07] Task 10 baseline (chance): 1.82%
[00:14:08] Task 10 zero-shot (pre-train): 0.00%
[00:14:13] task=10  epoch=0  train_loss=nan
[00:14:17] task=10  epoch=END  time_sec=5.6  acc_task0=20.0  acc_task1=0.0  acc_task2=0.0  acc_task3=0.0  acc_task4=0.0  acc_task5=0.0  acc_task6=0.0  acc_task7=0.0  acc_task8=0.0  acc_task9=0.0  acc_task10=0.0
[00:14:17] 
============================================================
 Task 12/20  | Classes (55, 60)
============================================================
[00:14:17] Task 11 baseline (chance): 1.67%
[00:14:17] Task 11 zero-shot (pre-train): 0.00%
[00:14:22] task=11  epoch=0  train_loss=nan
[00:14:26] task=11  epoch=END  time_sec=5.6  acc_task0=20.0  acc_task1=0.0  acc_task2=0.0  acc_task3=0.0  acc_task4=0.0  acc_task5=0.0  acc_task6=0.0  acc_task7=0.0  acc_task8=0.0  acc_task9=0.0  acc_task10=0.0  acc_task11=0.0
[00:14:26] 
============================================================
 Task 13/20  | Classes (60, 65)
============================================================
[00:14:26] Task 12 baseline (chance): 1.54%
[00:14:26] Task 12 zero-shot (pre-train): 0.00%
[00:14:32] task=12  epoch=0  train_loss=nan
[00:14:36] task=12  epoch=END  time_sec=5.7  acc_task0=20.0  acc_task1=0.0  acc_task2=0.0  acc_task3=0.0  acc_task4=0.0  acc_task5=0.0  acc_task6=0.0  acc_task7=0.0  acc_task8=0.0  acc_task9=0.0  acc_task10=0.0  acc_task11=0.0  acc_task12=0.0
[00:14:36] 
============================================================
 Task 14/20  | Classes (65, 70)
============================================================
[00:14:36] Task 13 baseline (chance): 1.43%
[00:14:36] Task 13 zero-shot (pre-train): 0.00%
[00:14:42] task=13  epoch=0  train_loss=nan
[00:14:46] task=13  epoch=END  time_sec=5.6  acc_task0=20.0  acc_task1=0.0  acc_task2=0.0  acc_task3=0.0  acc_task4=0.0  acc_task5=0.0  acc_task6=0.0  acc_task7=0.0  acc_task8=0.0  acc_task9=0.0  acc_task10=0.0  acc_task11=0.0  acc_task12=0.0  acc_task13=0.0
[00:14:46] 
============================================================
 Task 15/20  | Classes (70, 75)
============================================================
[00:14:46] Task 14 baseline (chance): 1.33%
[00:14:46] Task 14 zero-shot (pre-train): 0.00%
[00:14:52] task=14  epoch=0  train_loss=nan
[00:14:56] task=14  epoch=END  time_sec=5.7  acc_task0=20.0  acc_task1=0.0  acc_task2=0.0  acc_task3=0.0  acc_task4=0.0  acc_task5=0.0  acc_task6=0.0  acc_task7=0.0  acc_task8=0.0  acc_task9=0.0  acc_task10=0.0  acc_task11=0.0  acc_task12=0.0  acc_task13=0.0  acc_task14=0.0
[00:14:56] 
============================================================
 Task 16/20  | Classes (75, 80)
============================================================
[00:14:56] Task 15 baseline (chance): 1.25%
[00:14:56] Task 15 zero-shot (pre-train): 0.00%
[00:15:02] task=15  epoch=0  train_loss=nan
[00:15:06] task=15  epoch=END  time_sec=5.6  acc_task0=20.0  acc_task1=0.0  acc_task2=0.0  acc_task3=0.0  acc_task4=0.0  acc_task5=0.0  acc_task6=0.0  acc_task7=0.0  acc_task8=0.0  acc_task9=0.0  acc_task10=0.0  acc_task11=0.0  acc_task12=0.0  acc_task13=0.0  acc_task14=0.0  acc_task15=0.0
[00:15:06] 
============================================================
 Task 17/20  | Classes (80, 85)
============================================================
[00:15:06] Task 16 baseline (chance): 1.18%
[00:15:06] Task 16 zero-shot (pre-train): 0.00%
[00:15:12] task=16  epoch=0  train_loss=nan
[00:15:17] task=16  epoch=END  time_sec=5.6  acc_task0=20.0  acc_task1=0.0  acc_task2=0.0  acc_task3=0.0  acc_task4=0.0  acc_task5=0.0  acc_task6=0.0  acc_task7=0.0  acc_task8=0.0  acc_task9=0.0  acc_task10=0.0  acc_task11=0.0  acc_task12=0.0  acc_task13=0.0  acc_task14=0.0  acc_task15=0.0  acc_task16=0.0
[00:15:17] 
============================================================
 Task 18/20  | Classes (85, 90)
============================================================
[00:15:17] Task 17 baseline (chance): 1.11%
[00:15:17] Task 17 zero-shot (pre-train): 0.00%
[00:15:23] task=17  epoch=0  train_loss=nan
[00:15:27] task=17  epoch=END  time_sec=5.7  acc_task0=20.0  acc_task1=0.0  acc_task2=0.0  acc_task3=0.0  acc_task4=0.0  acc_task5=0.0  acc_task6=0.0  acc_task7=0.0  acc_task8=0.0  acc_task9=0.0  acc_task10=0.0  acc_task11=0.0  acc_task12=0.0  acc_task13=0.0  acc_task14=0.0  acc_task15=0.0  acc_task16=0.0  acc_task17=0.0
[00:15:27] 
============================================================
 Task 19/20  | Classes (90, 95)
============================================================
[00:15:27] Task 18 baseline (chance): 1.05%
[00:15:28] Task 18 zero-shot (pre-train): 0.00%
[00:15:33] task=18  epoch=0  train_loss=nan
[00:15:38] task=18  epoch=END  time_sec=5.7  acc_task0=20.0  acc_task1=0.0  acc_task2=0.0  acc_task3=0.0  acc_task4=0.0  acc_task5=0.0  acc_task6=0.0  acc_task7=0.0  acc_task8=0.0  acc_task9=0.0  acc_task10=0.0  acc_task11=0.0  acc_task12=0.0  acc_task13=0.0  acc_task14=0.0  acc_task15=0.0  acc_task16=0.0  acc_task17=0.0  acc_task18=0.0
[00:15:38] 
============================================================
 Task 20/20  | Classes (95, 100)
============================================================
[00:15:38] Task 19 baseline (chance): 1.00%
[00:15:39] Task 19 zero-shot (pre-train): 0.00%
[00:15:44] task=19  epoch=0  train_loss=nan
[00:15:49] task=19  epoch=END  time_sec=5.7  acc_task0=20.0  acc_task1=0.0  acc_task2=0.0  acc_task3=0.0  acc_task4=0.0  acc_task5=0.0  acc_task6=0.0  acc_task7=0.0  acc_task8=0.0  acc_task9=0.0  acc_task10=0.0  acc_task11=0.0  acc_task12=0.0  acc_task13=0.0  acc_task14=0.0  acc_task15=0.0  acc_task16=0.0  acc_task17=0.0  acc_task18=0.0  acc_task19=0.0
[00:15:49] 
Final Metrics:
  avg_accuracy         +1.0000
  forgetting           +21.3789
  backward_transfer    -21.3789
  forward_transfer     -2.7345
[00:15:51] 
Done - run: split_cifar100_xder_seed456
[00:15:51] Metrics: {'avg_accuracy': 1.0, 'forgetting': 21.3789, 'backward_transfer': -21.3789, 'forward_transfer': -2.7345}
