[03:07:18] Starting: split_cifar10_er_ewc_buf200_seed789
[03:07:18] Config: {'dataset': 'split_cifar10', 'data_root': 'F:\\Temp\\cf\\Catastrophic Forgetting\\research_v2\\Project\\data_local', 'dataset_image_size': None, 'dataset_out_channels': None, 'model': 'slim_resnet18', 'pretrained': False, 'model_image_size': None, 'method': 'er_ewc', 'n_epochs': 1, 'batch_size': 32, 'num_workers': 0, 'lr': 0.03, 'momentum': 0.9, 'weight_decay': 0.0001, 'fp16': False, 'buffer_size': 200, 'ewc_lambda': 100.0, 'fisher_samples': 200, 'si_lambda': 1.0, 'si_xi': 0.1, 'der_alpha': 0.5, 'xder_beta': 0.5, 'lwf_lambda': 1.0, 'lwf_temp': 2.0, 'icarl_distill_w': 1.0, 'icarl_temp': 2.0, 'use_nmc': True, 'agem_mem_batch': 64, 'distill_lambda': 1.0, 'distill_temp': 2.0, 'pc_distill_w': 1.0, 'pc_ewc_lambda': 100.0, 'pc_compress_epochs': 3, 'er_replay_ratio': 0.5, 'joint_replay_epochs': 1, 'disable_tqdm': True, 'disable_checkpoints': False, 'disable_plots': True, 'resume': False, 'cleanup_checkpoints_on_success': True, 'result_group': 'ablations', 'ablation_family': 'buffer', 'seeds': [42, 123, 456, 789, 1024], 'results_root': 'F:\\Temp\\cf\\Catastrophic Forgetting\\research_v2\\results', 'run_tag': 'buf200', 'seed': 789, 'run_name': 'split_cifar10_er_ewc_buf200_seed789', 'project_root': 'F:\\Temp\\cf\\Catastrophic Forgetting\\research_v2\\Project', 'workspace_root': 'F:\\Temp\\cf\\Catastrophic Forgetting\\research_v2', 'run_root': 'F:\\Temp\\cf\\Catastrophic Forgetting\\research_v2\\results\\ablations\\epoch_1\\split_cifar10\\buffer\\er_ewc__buf200\\seed_789', 'log_dir': 'F:\\Temp\\cf\\Catastrophic Forgetting\\research_v2\\results\\ablations\\epoch_1\\split_cifar10\\buffer\\er_ewc__buf200\\seed_789\\logs', 'metrics_dir': 'F:\\Temp\\cf\\Catastrophic Forgetting\\research_v2\\results\\ablations\\epoch_1\\split_cifar10\\buffer\\er_ewc__buf200\\seed_789\\metrics', 'checkpoint_dir': 'F:\\Temp\\cf\\Catastrophic Forgetting\\research_v2\\results\\ablations\\epoch_1\\split_cifar10\\buffer\\er_ewc__buf200\\seed_789\\checkpoints', 'artifact_dir': 'F:\\Temp\\cf\\Catastrophic Forgetting\\research_v2\\results\\ablations\\epoch_1\\split_cifar10\\buffer\\er_ewc__buf200\\seed_789\\artifacts', 'figure_dir': 'F:\\Temp\\cf\\Catastrophic Forgetting\\research_v2\\results\\figures\\ablations\\epoch_1\\split_cifar10\\buffer\\er_ewc__buf200\\seed_789'}
[03:07:18] Device: cuda
[03:07:20] Dataset: SplitCIFAR10(tasks=5, classes_per_task=2, scenario=class-il)
[03:07:21] 
============================================================
 Task 1/5  | Classes (0, 2)
============================================================
[03:07:21] Task 0 baseline (chance): 50.00%
[03:07:42] task=0  epoch=0  train_loss=0.431
[03:07:44] task=0  epoch=END  time_sec=21.8  acc_task0=89.25
[03:07:44] 
============================================================
 Task 2/5  | Classes (2, 4)
============================================================
[03:07:44] Task 1 baseline (chance): 25.00%
[03:07:45] Task 1 zero-shot (pre-train): 7.35%
[03:08:13] task=1  epoch=0  train_loss=0.6522
[03:08:16] task=1  epoch=END  time_sec=28.2  acc_task0=25.15  acc_task1=73.85
[03:08:16] 
============================================================
 Task 3/5  | Classes (4, 6)
============================================================
[03:08:16] Task 2 baseline (chance): 16.67%
[03:08:17] Task 2 zero-shot (pre-train): 0.00%
[03:09:00] task=2  epoch=0  train_loss=0.6553
[03:09:03] task=2  epoch=END  time_sec=42.6  acc_task0=24.25  acc_task1=0.35  acc_task2=81.45
[03:09:03] 
============================================================
 Task 4/5  | Classes (6, 8)
============================================================
[03:09:03] Task 3 baseline (chance): 12.50%
[03:09:04] Task 3 zero-shot (pre-train): 0.00%
[03:09:44] task=3  epoch=0  train_loss=0.5043
[03:09:49] task=3  epoch=END  time_sec=39.7  acc_task0=36.9  acc_task1=0.9  acc_task2=5.15  acc_task3=89.8
[03:09:49] 
============================================================
 Task 5/5  | Classes (8, 10)
============================================================
[03:09:49] Task 4 baseline (chance): 10.00%
[03:09:50] Task 4 zero-shot (pre-train): 0.00%
[03:10:44] task=4  epoch=0  train_loss=0.4764
[03:10:49] task=4  epoch=END  time_sec=53.4  acc_task0=0.25  acc_task1=3.8  acc_task2=3.75  acc_task3=18.65  acc_task4=83.7
[03:10:50] 
Final Metrics:
  avg_accuracy         +22.0300
  forgetting           +76.9750
  backward_transfer    -76.9750
  forward_transfer     -14.2042
[03:10:50] 
Done - run: split_cifar10_er_ewc_buf200_seed789
[03:10:50] Metrics: {'avg_accuracy': 22.03, 'forgetting': 76.975, 'backward_transfer': -76.975, 'forward_transfer': -14.2042}
[03:10:50] Deleted 5 checkpoint(s) after successful completion.
