[09:47:56] Starting: permuted_mnist_si_der_ntasks5_seed42
[09:47:56] Config: {'dataset': 'permuted_mnist', 'data_root': 'F:\\Temp\\cf\\Catastrophic Forgetting\\research_v2\\Project\\data_local', 'dataset_image_size': 32, 'dataset_out_channels': None, 'model': 'slim_resnet18', 'pretrained': False, 'model_image_size': None, 'method': 'si_der', 'n_epochs': 1, 'batch_size': 32, 'num_workers': 2, 'lr': 0.03, 'momentum': 0.9, 'weight_decay': 0.0001, 'fp16': False, 'buffer_size': 200, 'ewc_lambda': 100.0, 'fisher_samples': 200, 'si_lambda': 1.0, 'si_xi': 0.1, 'der_alpha': 0.5, 'xder_beta': 0.5, 'lwf_lambda': 1.0, 'lwf_temp': 2.0, 'icarl_distill_w': 1.0, 'icarl_temp': 2.0, 'use_nmc': True, 'agem_mem_batch': 64, 'distill_lambda': 1.0, 'distill_temp': 2.0, 'pc_distill_w': 1.0, 'pc_ewc_lambda': 100.0, 'pc_compress_epochs': 3, 'er_replay_ratio': 0.5, 'joint_replay_epochs': 1, 'disable_tqdm': True, 'disable_checkpoints': False, 'disable_plots': True, 'resume': False, 'cleanup_checkpoints_on_success': True, 'result_group': 'ablations', 'ablation_family': 'tasklen', 'seeds': [42, 123, 456, 789, 1024], 'results_root': 'F:\\Temp\\cf\\Catastrophic Forgetting\\research_v2\\results', 'n_tasks': 5, 'run_tag': 'ntasks5', 'seed': 42, 'run_name': 'permuted_mnist_si_der_ntasks5_seed42', 'project_root': 'F:\\Temp\\cf\\Catastrophic Forgetting\\research_v2\\Project', 'workspace_root': 'F:\\Temp\\cf\\Catastrophic Forgetting\\research_v2', 'run_root': 'F:\\Temp\\cf\\Catastrophic Forgetting\\research_v2\\results\\ablations\\epoch_1\\permuted_mnist\\tasklen\\si_der__ntasks5\\seed_42', 'log_dir': 'F:\\Temp\\cf\\Catastrophic Forgetting\\research_v2\\results\\ablations\\epoch_1\\permuted_mnist\\tasklen\\si_der__ntasks5\\seed_42\\logs', 'metrics_dir': 'F:\\Temp\\cf\\Catastrophic Forgetting\\research_v2\\results\\ablations\\epoch_1\\permuted_mnist\\tasklen\\si_der__ntasks5\\seed_42\\metrics', 'checkpoint_dir': 'F:\\Temp\\cf\\Catastrophic Forgetting\\research_v2\\results\\ablations\\epoch_1\\permuted_mnist\\tasklen\\si_der__ntasks5\\seed_42\\checkpoints', 'artifact_dir': 'F:\\Temp\\cf\\Catastrophic Forgetting\\research_v2\\results\\ablations\\epoch_1\\permuted_mnist\\tasklen\\si_der__ntasks5\\seed_42\\artifacts', 'figure_dir': 'F:\\Temp\\cf\\Catastrophic Forgetting\\research_v2\\results\\figures\\ablations\\epoch_1\\permuted_mnist\\tasklen\\si_der__ntasks5\\seed_42'}
[09:47:56] Device: cuda
[09:47:56] Dataset: PermutedMNIST(tasks=5, classes_per_task=10, scenario=domain-il)
[09:47:56] 
============================================================
 Task 1/5  | Classes (0, 10)
============================================================
[09:47:56] Task 0 baseline (chance): 10.00%
[09:50:49] task=0  epoch=0  train_loss=0.3328
[09:51:02] task=0  epoch=END  time_sec=173.5  acc_task0=96.77
[09:51:02] 
============================================================
 Task 2/5  | Classes (0, 10)
============================================================
[09:51:02] Task 1 baseline (chance): 10.00%
[09:51:15] Task 1 zero-shot (pre-train): 11.75%
[09:54:36] task=1  epoch=0  train_loss=0.2434
[09:55:02] task=1  epoch=END  time_sec=201.0  acc_task0=93.09  acc_task1=97.43
[09:55:02] 
============================================================
 Task 3/5  | Classes (0, 10)
============================================================
[09:55:02] Task 2 baseline (chance): 10.00%
[09:55:15] Task 2 zero-shot (pre-train): 9.27%
[09:58:38] task=2  epoch=0  train_loss=0.221
[09:59:16] task=2  epoch=END  time_sec=203.6  acc_task0=87.68  acc_task1=92.12  acc_task2=97.07
[09:59:16] 
============================================================
 Task 4/5  | Classes (0, 10)
============================================================
[09:59:16] Task 3 baseline (chance): 10.00%
[09:59:29] Task 3 zero-shot (pre-train): 8.47%
[10:02:54] task=3  epoch=0  train_loss=0.2086
[10:03:45] task=3  epoch=END  time_sec=204.7  acc_task0=83.82  acc_task1=81.02  acc_task2=93.13  acc_task3=96.86
[10:03:45] 
============================================================
 Task 5/5  | Classes (0, 10)
============================================================
[10:03:45] Task 4 baseline (chance): 10.00%
[10:03:58] Task 4 zero-shot (pre-train): 9.94%
[10:07:19] task=4  epoch=0  train_loss=0.2007
[10:08:19] task=4  epoch=END  time_sec=201.0  acc_task0=76.16  acc_task1=76.59  acc_task2=84.0  acc_task3=94.2  acc_task4=97.41
[10:08:19] 
Final Metrics:
  avg_accuracy         +85.6720
  forgetting           +14.2950
  backward_transfer    -14.2950
  forward_transfer     -0.1425
[10:08:19] 
Done - run: permuted_mnist_si_der_ntasks5_seed42
[10:08:19] Metrics: {'avg_accuracy': 85.672, 'forgetting': 14.295, 'backward_transfer': -14.295, 'forward_transfer': -0.1425}
[10:08:19] Deleted 5 checkpoint(s) after successful completion.
