[03:01:09] Starting: split_cifar100_joint_training_seed42
[03:01:09] Config: {'dataset': 'split_cifar100', 'data_root': 'F:\\Temp\\cf\\Catastrophic Forgetting\\research_v2\\Project\\data_local', 'dataset_image_size': None, 'dataset_out_channels': None, 'model': 'slim_resnet18', 'pretrained': False, 'model_image_size': None, 'method': 'joint_training', 'n_epochs': 1, 'batch_size': 32, 'num_workers': 0, 'lr': 0.03, 'momentum': 0.9, 'weight_decay': 0.0001, 'fp16': True, 'buffer_size': 200, 'ewc_lambda': 100.0, 'fisher_samples': 200, 'si_lambda': 1.0, 'si_xi': 0.1, 'der_alpha': 0.5, 'xder_beta': 0.5, 'lwf_lambda': 1.0, 'lwf_temp': 2.0, 'icarl_distill_w': 1.0, 'icarl_temp': 2.0, 'use_nmc': True, 'agem_mem_batch': 64, 'distill_lambda': 1.0, 'distill_temp': 2.0, 'pc_distill_w': 1.0, 'pc_ewc_lambda': 100.0, 'pc_compress_epochs': 3, 'er_replay_ratio': 0.5, 'joint_replay_epochs': 1, 'disable_tqdm': True, 'disable_checkpoints': False, 'disable_plots': False, 'resume': True, 'cleanup_checkpoints_on_success': True, 'result_group': 'runs', 'ablation_family': None, 'seeds': [42, 123, 456, 789, 1024], 'results_root': 'F:\\Temp\\cf\\Catastrophic Forgetting\\research_v2\\results', 'seed': 42, 'run_name': 'split_cifar100_joint_training_seed42', 'project_root': 'F:\\Temp\\cf\\Catastrophic Forgetting\\research_v2\\Project', 'workspace_root': 'F:\\Temp\\cf\\Catastrophic Forgetting\\research_v2', 'run_root': 'F:\\Temp\\cf\\Catastrophic Forgetting\\research_v2\\results\\runs\\epoch_1\\split_cifar100\\baselines\\joint_training\\seed_42', 'log_dir': 'F:\\Temp\\cf\\Catastrophic Forgetting\\research_v2\\results\\runs\\epoch_1\\split_cifar100\\baselines\\joint_training\\seed_42\\logs', 'metrics_dir': 'F:\\Temp\\cf\\Catastrophic Forgetting\\research_v2\\results\\runs\\epoch_1\\split_cifar100\\baselines\\joint_training\\seed_42\\metrics', 'checkpoint_dir': 'F:\\Temp\\cf\\Catastrophic Forgetting\\research_v2\\results\\runs\\epoch_1\\split_cifar100\\baselines\\joint_training\\seed_42\\checkpoints', 'artifact_dir': 'F:\\Temp\\cf\\Catastrophic Forgetting\\research_v2\\results\\runs\\epoch_1\\split_cifar100\\baselines\\joint_training\\seed_42\\artifacts', 'figure_dir': 'F:\\Temp\\cf\\Catastrophic Forgetting\\research_v2\\results\\figures\\epoch_1\\split_cifar100\\baselines\\joint_training\\seed_42'}
[03:01:09] Device: cuda
[03:01:11] Dataset: SplitCIFAR100(tasks=20, classes_per_task=5, scenario=class-il)
[03:01:11] 
============================================================
 Task 1/20  | Classes (0, 5)
============================================================
[03:01:11] Task 0 baseline (chance): 20.00%
[03:01:15] task=0  epoch=0  train_loss=1.563
[03:01:19] task=0  epoch=END  time_sec=3.8  acc_task0=52.6
[03:01:19] 
============================================================
 Task 2/20  | Classes (5, 10)
============================================================
[03:01:19] Task 1 baseline (chance): 10.00%
[03:01:19] Task 1 zero-shot (pre-train): 0.00%
[03:01:23] task=1  epoch=0  train_loss=1.7403
[03:01:28] task=1  epoch=END  time_sec=3.7  acc_task0=52.4  acc_task1=15.0
[03:01:29] 
============================================================
 Task 3/20  | Classes (10, 15)
============================================================
[03:01:29] Task 2 baseline (chance): 6.67%
[03:01:29] Task 2 zero-shot (pre-train): 0.00%
[03:01:33] task=2  epoch=0  train_loss=1.5243
[03:01:41] task=2  epoch=END  time_sec=4.0  acc_task0=37.4  acc_task1=26.8  acc_task2=14.2
[03:01:41] 
============================================================
 Task 4/20  | Classes (15, 20)
============================================================
[03:01:41] Task 3 baseline (chance): 5.00%
[03:01:41] Task 3 zero-shot (pre-train): 0.00%
[03:01:44] task=3  epoch=0  train_loss=1.5347
[03:01:54] task=3  epoch=END  time_sec=3.5  acc_task0=24.4  acc_task1=23.8  acc_task2=23.2  acc_task3=20.0
[03:01:54] 
============================================================
 Task 5/20  | Classes (20, 25)
============================================================
[03:01:54] Task 4 baseline (chance): 4.00%
[03:01:54] Task 4 zero-shot (pre-train): 0.00%
[03:01:58] task=4  epoch=0  train_loss=1.4522
[03:02:09] task=4  epoch=END  time_sec=3.5  acc_task0=38.0  acc_task1=17.4  acc_task2=27.8  acc_task3=28.0  acc_task4=35.6
[03:02:09] 
============================================================
 Task 6/20  | Classes (25, 30)
============================================================
[03:02:09] Task 5 baseline (chance): 3.33%
[03:02:09] Task 5 zero-shot (pre-train): 0.00%
[03:02:13] task=5  epoch=0  train_loss=1.6745
[03:02:26] task=5  epoch=END  time_sec=3.5  acc_task0=36.0  acc_task1=24.4  acc_task2=24.8  acc_task3=27.4  acc_task4=34.4  acc_task5=8.8
[03:02:26] 
============================================================
 Task 7/20  | Classes (30, 35)
============================================================
[03:02:26] Task 6 baseline (chance): 2.86%
[03:02:27] Task 6 zero-shot (pre-train): 0.00%
[03:02:30] task=6  epoch=0  train_loss=1.4525
[03:02:45] task=6  epoch=END  time_sec=3.6  acc_task0=41.6  acc_task1=30.8  acc_task2=21.6  acc_task3=31.8  acc_task4=42.0  acc_task5=12.0  acc_task6=31.4
[03:02:46] 
============================================================
 Task 8/20  | Classes (35, 40)
============================================================
[03:02:46] Task 7 baseline (chance): 2.50%
[03:02:46] Task 7 zero-shot (pre-train): 0.00%
[03:02:50] task=7  epoch=0  train_loss=1.4918
[03:03:07] task=7  epoch=END  time_sec=3.7  acc_task0=31.6  acc_task1=36.4  acc_task2=23.8  acc_task3=26.0  acc_task4=43.8  acc_task5=15.2  acc_task6=37.2  acc_task7=19.4
[03:03:07] 
============================================================
 Task 9/20  | Classes (40, 45)
============================================================
[03:03:07] Task 8 baseline (chance): 2.22%
[03:03:07] Task 8 zero-shot (pre-train): 0.00%
[03:03:11] task=8  epoch=0  train_loss=1.5174
[03:03:29] task=8  epoch=END  time_sec=4.2  acc_task0=36.8  acc_task1=32.2  acc_task2=22.2  acc_task3=36.8  acc_task4=52.0  acc_task5=18.0  acc_task6=34.8  acc_task7=23.6  acc_task8=27.8
[03:03:30] 
============================================================
 Task 10/20  | Classes (45, 50)
============================================================
[03:03:30] Task 9 baseline (chance): 2.00%
[03:03:30] Task 9 zero-shot (pre-train): 0.00%
[03:03:34] task=9  epoch=0  train_loss=1.2564
[03:03:54] task=9  epoch=END  time_sec=3.5  acc_task0=28.4  acc_task1=44.2  acc_task2=29.2  acc_task3=34.4  acc_task4=50.4  acc_task5=20.6  acc_task6=42.2  acc_task7=27.4  acc_task8=31.6  acc_task9=28.6
[03:03:54] 
============================================================
 Task 11/20  | Classes (50, 55)
============================================================
[03:03:54] Task 10 baseline (chance): 1.82%
[03:03:54] Task 10 zero-shot (pre-train): 0.00%
[03:03:58] task=10  epoch=0  train_loss=1.2131
[03:04:16] task=10  epoch=END  time_sec=3.3  acc_task0=31.0  acc_task1=42.4  acc_task2=29.8  acc_task3=38.0  acc_task4=61.2  acc_task5=24.4  acc_task6=37.2  acc_task7=34.2  acc_task8=42.6  acc_task9=37.0  acc_task10=30.8
[03:04:17] 
============================================================
 Task 12/20  | Classes (55, 60)
============================================================
[03:04:17] Task 11 baseline (chance): 1.67%
[03:04:17] Task 11 zero-shot (pre-train): 0.00%
[03:04:20] task=11  epoch=0  train_loss=1.3172
[03:04:39] task=11  epoch=END  time_sec=2.9  acc_task0=33.8  acc_task1=39.4  acc_task2=26.6  acc_task3=39.4  acc_task4=64.2  acc_task5=37.8  acc_task6=34.8  acc_task7=38.4  acc_task8=37.8  acc_task9=40.0  acc_task10=40.8  acc_task11=38.6
[03:04:39] 
============================================================
 Task 13/20  | Classes (60, 65)
============================================================
[03:04:39] Task 12 baseline (chance): 1.54%
[03:04:39] Task 12 zero-shot (pre-train): 0.00%
[03:04:42] task=12  epoch=0  train_loss=1.1252
[03:05:03] task=12  epoch=END  time_sec=2.7  acc_task0=41.0  acc_task1=51.6  acc_task2=26.8  acc_task3=46.8  acc_task4=67.4  acc_task5=30.6  acc_task6=47.2  acc_task7=39.4  acc_task8=44.4  acc_task9=44.4  acc_task10=42.2  acc_task11=42.4  acc_task12=39.2
[03:05:03] 
============================================================
 Task 14/20  | Classes (65, 70)
============================================================
[03:05:03] Task 13 baseline (chance): 1.43%
[03:05:03] Task 13 zero-shot (pre-train): 0.00%
[03:05:07] task=13  epoch=0  train_loss=1.3205
[03:05:31] task=13  epoch=END  time_sec=3.2  acc_task0=39.2  acc_task1=59.2  acc_task2=32.8  acc_task3=55.4  acc_task4=64.0  acc_task5=23.8  acc_task6=52.4  acc_task7=48.0  acc_task8=51.0  acc_task9=46.2  acc_task10=53.6  acc_task11=43.4  acc_task12=48.2  acc_task13=37.6
[03:05:32] 
============================================================
 Task 15/20  | Classes (70, 75)
============================================================
[03:05:32] Task 14 baseline (chance): 1.33%
[03:05:32] Task 14 zero-shot (pre-train): 0.00%
[03:05:35] task=14  epoch=0  train_loss=1.2539
[03:06:03] task=14  epoch=END  time_sec=3.4  acc_task0=31.4  acc_task1=56.0  acc_task2=42.8  acc_task3=60.0  acc_task4=69.2  acc_task5=42.4  acc_task6=41.4  acc_task7=49.0  acc_task8=47.2  acc_task9=48.4  acc_task10=50.4  acc_task11=50.0  acc_task12=51.0  acc_task13=39.4  acc_task14=34.6
[03:06:04] 
============================================================
 Task 16/20  | Classes (75, 80)
============================================================
[03:06:04] Task 15 baseline (chance): 1.25%
[03:06:04] Task 15 zero-shot (pre-train): 0.00%
[03:06:07] task=15  epoch=0  train_loss=1.3834
[03:06:37] task=15  epoch=END  time_sec=3.3  acc_task0=53.0  acc_task1=57.8  acc_task2=39.2  acc_task3=47.8  acc_task4=66.2  acc_task5=37.4  acc_task6=44.0  acc_task7=57.0  acc_task8=47.4  acc_task9=50.6  acc_task10=52.2  acc_task11=53.6  acc_task12=43.4  acc_task13=44.6  acc_task14=41.6  acc_task15=39.4
[03:06:38] 
============================================================
 Task 17/20  | Classes (80, 85)
============================================================
[03:06:38] Task 16 baseline (chance): 1.18%
[03:06:38] Task 16 zero-shot (pre-train): 0.00%
[03:06:41] task=16  epoch=0  train_loss=1.2326
[03:07:12] task=16  epoch=END  time_sec=3.4  acc_task0=42.0  acc_task1=45.4  acc_task2=43.2  acc_task3=56.2  acc_task4=67.2  acc_task5=48.0  acc_task6=39.0  acc_task7=42.2  acc_task8=42.6  acc_task9=50.4  acc_task10=48.6  acc_task11=53.0  acc_task12=47.8  acc_task13=51.6  acc_task14=29.8  acc_task15=51.2  acc_task16=38.0
[03:07:13] 
============================================================
 Task 18/20  | Classes (85, 90)
============================================================
[03:07:13] Task 17 baseline (chance): 1.11%
[03:07:13] Task 17 zero-shot (pre-train): 0.00%
[03:07:17] task=17  epoch=0  train_loss=1.3061
[03:07:53] task=17  epoch=END  time_sec=3.9  acc_task0=41.8  acc_task1=53.0  acc_task2=34.8  acc_task3=55.4  acc_task4=65.0  acc_task5=53.2  acc_task6=44.2  acc_task7=53.0  acc_task8=48.6  acc_task9=48.6  acc_task10=62.4  acc_task11=52.8  acc_task12=50.8  acc_task13=52.8  acc_task14=44.8  acc_task15=50.4  acc_task16=45.2  acc_task17=37.4
[03:07:54] 
============================================================
 Task 19/20  | Classes (90, 95)
============================================================
[03:07:54] Task 18 baseline (chance): 1.05%
[03:07:54] Task 18 zero-shot (pre-train): 0.00%
[03:07:57] task=18  epoch=0  train_loss=1.2419
[03:08:31] task=18  epoch=END  time_sec=3.6  acc_task0=52.6  acc_task1=55.6  acc_task2=36.8  acc_task3=49.4  acc_task4=67.6  acc_task5=47.6  acc_task6=50.2  acc_task7=54.2  acc_task8=46.4  acc_task9=52.8  acc_task10=60.0  acc_task11=47.6  acc_task12=46.2  acc_task13=52.4  acc_task14=41.6  acc_task15=52.4  acc_task16=47.0  acc_task17=52.2  acc_task18=39.8
[03:08:33] 
============================================================
 Task 20/20  | Classes (95, 100)
============================================================
[03:08:33] Task 19 baseline (chance): 1.00%
[03:08:34] Task 19 zero-shot (pre-train): 0.00%
[03:08:37] task=19  epoch=0  train_loss=1.3376
[03:09:14] task=19  epoch=END  time_sec=3.9  acc_task0=45.6  acc_task1=55.0  acc_task2=34.6  acc_task3=52.4  acc_task4=65.4  acc_task5=43.0  acc_task6=42.0  acc_task7=47.2  acc_task8=50.8  acc_task9=56.0  acc_task10=52.6  acc_task11=45.4  acc_task12=46.8  acc_task13=43.0  acc_task14=35.6  acc_task15=57.0  acc_task16=45.2  acc_task17=57.0  acc_task18=43.6  acc_task19=41.2
[03:09:15] 
Final Metrics:
  avg_accuracy         +47.9700
  forgetting           +5.5368
  backward_transfer    +17.3368
  forward_transfer     -2.7345
[03:09:18] 
Done - run: split_cifar100_joint_training_seed42
[03:09:18] Metrics: {'avg_accuracy': 47.97, 'forgetting': 5.5368, 'backward_transfer': 17.3368, 'forward_transfer': -2.7345}
[03:09:18] Deleted 20 checkpoint(s) after successful completion.
