[05:26:58] Starting: split_cifar10_xder_buf200_seed123
[05:26:58] Config: {'dataset': 'split_cifar10', 'data_root': 'F:\\Temp\\cf\\Catastrophic Forgetting\\research_v2\\Project\\data_local', 'dataset_image_size': None, 'dataset_out_channels': None, 'model': 'slim_resnet18', 'pretrained': False, 'model_image_size': None, 'method': 'xder', 'n_epochs': 1, 'batch_size': 32, 'num_workers': 0, 'lr': 0.03, 'momentum': 0.9, 'weight_decay': 0.0001, 'fp16': False, 'buffer_size': 200, 'ewc_lambda': 100.0, 'fisher_samples': 200, 'si_lambda': 1.0, 'si_xi': 0.1, 'der_alpha': 0.5, 'xder_beta': 0.5, 'lwf_lambda': 1.0, 'lwf_temp': 2.0, 'icarl_distill_w': 1.0, 'icarl_temp': 2.0, 'use_nmc': True, 'agem_mem_batch': 64, 'distill_lambda': 1.0, 'distill_temp': 2.0, 'pc_distill_w': 1.0, 'pc_ewc_lambda': 100.0, 'pc_compress_epochs': 3, 'er_replay_ratio': 0.5, 'joint_replay_epochs': 1, 'disable_tqdm': True, 'disable_checkpoints': False, 'disable_plots': True, 'resume': False, 'cleanup_checkpoints_on_success': True, 'result_group': 'ablations', 'ablation_family': 'buffer', 'seeds': [42, 123, 456, 789, 1024], 'results_root': 'F:\\Temp\\cf\\Catastrophic Forgetting\\research_v2\\results', 'run_tag': 'buf200', 'seed': 123, 'run_name': 'split_cifar10_xder_buf200_seed123', 'project_root': 'F:\\Temp\\cf\\Catastrophic Forgetting\\research_v2\\Project', 'workspace_root': 'F:\\Temp\\cf\\Catastrophic Forgetting\\research_v2', 'run_root': 'F:\\Temp\\cf\\Catastrophic Forgetting\\research_v2\\results\\ablations\\epoch_1\\split_cifar10\\buffer\\xder__buf200\\seed_123', 'log_dir': 'F:\\Temp\\cf\\Catastrophic Forgetting\\research_v2\\results\\ablations\\epoch_1\\split_cifar10\\buffer\\xder__buf200\\seed_123\\logs', 'metrics_dir': 'F:\\Temp\\cf\\Catastrophic Forgetting\\research_v2\\results\\ablations\\epoch_1\\split_cifar10\\buffer\\xder__buf200\\seed_123\\metrics', 'checkpoint_dir': 'F:\\Temp\\cf\\Catastrophic Forgetting\\research_v2\\results\\ablations\\epoch_1\\split_cifar10\\buffer\\xder__buf200\\seed_123\\checkpoints', 'artifact_dir': 'F:\\Temp\\cf\\Catastrophic Forgetting\\research_v2\\results\\ablations\\epoch_1\\split_cifar10\\buffer\\xder__buf200\\seed_123\\artifacts', 'figure_dir': 'F:\\Temp\\cf\\Catastrophic Forgetting\\research_v2\\results\\figures\\ablations\\epoch_1\\split_cifar10\\buffer\\xder__buf200\\seed_123'}
[05:26:58] Device: cuda
[05:27:01] Dataset: SplitCIFAR10(tasks=5, classes_per_task=2, scenario=class-il)
[05:27:01] 
============================================================
 Task 1/5  | Classes (0, 2)
============================================================
[05:27:01] Task 0 baseline (chance): 50.00%
[05:27:37] task=0  epoch=0  train_loss=2.0443
[05:27:40] task=0  epoch=END  time_sec=35.9  acc_task0=80.4
[05:27:40] 
============================================================
 Task 2/5  | Classes (2, 4)
============================================================
[05:27:40] Task 1 baseline (chance): 25.00%
[05:27:41] Task 1 zero-shot (pre-train): 0.00%
[05:28:06] task=1  epoch=0  train_loss=1.6508
[05:28:09] task=1  epoch=END  time_sec=24.5  acc_task0=7.75  acc_task1=70.6
[05:28:09] 
============================================================
 Task 3/5  | Classes (4, 6)
============================================================
[05:28:09] Task 2 baseline (chance): 16.67%
[05:28:10] Task 2 zero-shot (pre-train): 0.00%
[05:28:36] task=2  epoch=0  train_loss=1.9456
[05:28:42] task=2  epoch=END  time_sec=26.7  acc_task0=6.8  acc_task1=0.0  acc_task2=75.45
[05:28:42] 
============================================================
 Task 4/5  | Classes (6, 8)
============================================================
[05:28:42] Task 3 baseline (chance): 12.50%
[05:28:43] Task 3 zero-shot (pre-train): 0.00%
[05:29:13] task=3  epoch=0  train_loss=1.968
[05:29:18] task=3  epoch=END  time_sec=30.0  acc_task0=9.5  acc_task1=0.0  acc_task2=1.2  acc_task3=84.85
[05:29:18] 
============================================================
 Task 5/5  | Classes (8, 10)
============================================================
[05:29:18] Task 4 baseline (chance): 10.00%
[05:29:19] Task 4 zero-shot (pre-train): 0.00%
[05:29:44] task=4  epoch=0  train_loss=1.8917
[05:29:50] task=4  epoch=END  time_sec=24.7  acc_task0=0.7  acc_task1=1.55  acc_task2=3.45  acc_task3=15.1  acc_task4=83.9
[05:29:50] 
Final Metrics:
  avg_accuracy         +20.9400
  forgetting           +72.6250
  backward_transfer    -72.6250
  forward_transfer     -16.0417
[05:29:50] 
Done - run: split_cifar10_xder_buf200_seed123
[05:29:50] Metrics: {'avg_accuracy': 20.94, 'forgetting': 72.625, 'backward_transfer': -72.625, 'forward_transfer': -16.0417}
[05:29:50] Deleted 5 checkpoint(s) after successful completion.
