[14:25:24] Starting: permuted_mnist_joint_training_seed42
[14:25:24] Config: {'dataset': 'permuted_mnist', 'data_root': 'Project/data_local', 'model': 'resnet8', 'pretrained': False, 'method': 'joint_training', 'n_epochs': 1, 'batch_size': 32, 'num_workers': 0, 'lr': 0.03, 'momentum': 0.9, 'weight_decay': 0.0001, 'fp16': False, 'buffer_size': 200, 'ewc_lambda': 100.0, 'fisher_samples': 200, 'si_lambda': 1.0, 'si_xi': 0.1, 'der_alpha': 0.5, 'xder_beta': 0.5, 'lwf_lambda': 1.0, 'lwf_temp': 2.0, 'icarl_distill_w': 1.0, 'icarl_temp': 2.0, 'use_nmc': True, 'agem_mem_batch': 64, 'distill_lambda': 1.0, 'distill_temp': 2.0, 'pc_distill_w': 1.0, 'pc_ewc_lambda': 100.0, 'pc_compress_epochs': 3, 'er_replay_ratio': 0.5, 'joint_replay_epochs': 1, 'disable_tqdm': True, 'disable_checkpoints': True, 'disable_plots': False, 'seeds': [42, 123, 456, 789, 1024], 'results_root': 'results_fwt', 'checkpoint_dir': 'results/checkpoints', 'figure_dir': 'results_fwt\\figures', 'log_dir': 'results_fwt\\raw', 'run_name': 'permuted_mnist_joint_training_seed42', 'seed': 42}
[14:25:24] Device: cuda
[14:25:24] Dataset: PermutedMNIST(tasks=10, classes_per_task=10, scenario=domain-il)
[14:25:24] 
============================================================
 Task 1/10  | Classes (0, 10)
============================================================
[14:25:24] Task 0 baseline (chance): 10.00%
[14:25:51] task=0  epoch=0  train_loss=0.3245
[14:26:26] task=0  epoch=END  time_sec=26.6  acc_task0=96.07
[14:26:26] 
============================================================
 Task 2/10  | Classes (0, 10)
============================================================
[14:26:26] Task 1 baseline (chance): 10.00%
[14:26:30] Task 1 zero-shot (pre-train): 11.29%
[14:27:21] task=1  epoch=0  train_loss=0.2496
[14:28:36] task=1  epoch=END  time_sec=51.0  acc_task0=95.06  acc_task1=94.78
[14:28:36] 
============================================================
 Task 3/10  | Classes (0, 10)
============================================================
[14:28:36] Task 2 baseline (chance): 10.00%
[14:28:40] Task 2 zero-shot (pre-train): 11.15%
[14:29:21] task=2  epoch=0  train_loss=0.2445
[14:31:00] task=2  epoch=END  time_sec=40.8  acc_task0=94.16  acc_task1=93.92  acc_task2=94.18
[14:31:00] 
============================================================
 Task 4/10  | Classes (0, 10)
============================================================
[14:31:00] Task 3 baseline (chance): 10.00%
[14:31:04] Task 3 zero-shot (pre-train): 9.24%
[14:31:30] task=3  epoch=0  train_loss=0.2426
[14:32:50] task=3  epoch=END  time_sec=26.5  acc_task0=94.82  acc_task1=94.86  acc_task2=94.96  acc_task3=93.3
[14:32:50] 
============================================================
 Task 5/10  | Classes (0, 10)
============================================================
[14:32:50] Task 4 baseline (chance): 10.00%
[14:32:54] Task 4 zero-shot (pre-train): 14.96%
[14:33:20] task=4  epoch=0  train_loss=0.2366
[14:34:57] task=4  epoch=END  time_sec=26.3  acc_task0=94.85  acc_task1=94.85  acc_task2=93.7  acc_task3=94.31  acc_task4=93.92
[14:34:57] 
============================================================
 Task 6/10  | Classes (0, 10)
============================================================
[14:34:57] Task 5 baseline (chance): 10.00%
[14:35:01] Task 5 zero-shot (pre-train): 8.09%
[14:35:27] task=5  epoch=0  train_loss=0.2299
[14:37:22] task=5  epoch=END  time_sec=26.6  acc_task0=94.89  acc_task1=94.22  acc_task2=94.36  acc_task3=94.19  acc_task4=93.02  acc_task5=94.04
[14:37:22] 
============================================================
 Task 7/10  | Classes (0, 10)
============================================================
[14:37:22] Task 6 baseline (chance): 10.00%
[14:37:25] Task 6 zero-shot (pre-train): 14.65%
[14:37:52] task=6  epoch=0  train_loss=0.2307
