[08:09:22] Starting: permuted_mnist_si_der_ntasks10_seed789
[08:09:22] Config: {'dataset': 'permuted_mnist', 'data_root': 'F:\\Temp\\cf\\Catastrophic Forgetting\\research_v2\\Project\\data_local', 'dataset_image_size': 32, 'dataset_out_channels': None, 'model': 'slim_resnet18', 'pretrained': False, 'model_image_size': None, 'method': 'si_der', 'n_epochs': 1, 'batch_size': 32, 'num_workers': 2, 'lr': 0.03, 'momentum': 0.9, 'weight_decay': 0.0001, 'fp16': False, 'buffer_size': 200, 'ewc_lambda': 100.0, 'fisher_samples': 200, 'si_lambda': 1.0, 'si_xi': 0.1, 'der_alpha': 0.5, 'xder_beta': 0.5, 'lwf_lambda': 1.0, 'lwf_temp': 2.0, 'icarl_distill_w': 1.0, 'icarl_temp': 2.0, 'use_nmc': True, 'agem_mem_batch': 64, 'distill_lambda': 1.0, 'distill_temp': 2.0, 'pc_distill_w': 1.0, 'pc_ewc_lambda': 100.0, 'pc_compress_epochs': 3, 'er_replay_ratio': 0.5, 'joint_replay_epochs': 1, 'disable_tqdm': True, 'disable_checkpoints': False, 'disable_plots': True, 'resume': False, 'cleanup_checkpoints_on_success': True, 'result_group': 'ablations', 'ablation_family': 'tasklen', 'seeds': [42, 123, 456, 789, 1024], 'results_root': 'F:\\Temp\\cf\\Catastrophic Forgetting\\research_v2\\results', 'n_tasks': 10, 'run_tag': 'ntasks10', 'seed': 789, 'run_name': 'permuted_mnist_si_der_ntasks10_seed789', 'project_root': 'F:\\Temp\\cf\\Catastrophic Forgetting\\research_v2\\Project', 'workspace_root': 'F:\\Temp\\cf\\Catastrophic Forgetting\\research_v2', 'run_root': 'F:\\Temp\\cf\\Catastrophic Forgetting\\research_v2\\results\\ablations\\epoch_1\\permuted_mnist\\tasklen\\si_der__ntasks10\\seed_789', 'log_dir': 'F:\\Temp\\cf\\Catastrophic Forgetting\\research_v2\\results\\ablations\\epoch_1\\permuted_mnist\\tasklen\\si_der__ntasks10\\seed_789\\logs', 'metrics_dir': 'F:\\Temp\\cf\\Catastrophic Forgetting\\research_v2\\results\\ablations\\epoch_1\\permuted_mnist\\tasklen\\si_der__ntasks10\\seed_789\\metrics', 'checkpoint_dir': 'F:\\Temp\\cf\\Catastrophic Forgetting\\research_v2\\results\\ablations\\epoch_1\\permuted_mnist\\tasklen\\si_der__ntasks10\\seed_789\\checkpoints', 'artifact_dir': 'F:\\Temp\\cf\\Catastrophic Forgetting\\research_v2\\results\\ablations\\epoch_1\\permuted_mnist\\tasklen\\si_der__ntasks10\\seed_789\\artifacts', 'figure_dir': 'F:\\Temp\\cf\\Catastrophic Forgetting\\research_v2\\results\\figures\\ablations\\epoch_1\\permuted_mnist\\tasklen\\si_der__ntasks10\\seed_789'}
[08:09:22] Device: cuda
[08:09:22] Dataset: PermutedMNIST(tasks=10, classes_per_task=10, scenario=domain-il)
[08:09:22] 
============================================================
 Task 1/10  | Classes (0, 10)
============================================================
[08:09:22] Task 0 baseline (chance): 10.00%
[08:12:26] task=0  epoch=0  train_loss=0.3448
[08:12:41] task=0  epoch=END  time_sec=184.2  acc_task0=97.28
[08:12:42] 
============================================================
 Task 2/10  | Classes (0, 10)
============================================================
[08:12:42] Task 1 baseline (chance): 10.00%
[08:12:55] Task 1 zero-shot (pre-train): 13.41%
[08:16:34] task=1  epoch=0  train_loss=0.2477
[08:17:00] task=1  epoch=END  time_sec=219.5  acc_task0=92.66  acc_task1=97.07
[08:17:00] 
============================================================
 Task 3/10  | Classes (0, 10)
============================================================
[08:17:00] Task 2 baseline (chance): 10.00%
[08:17:13] Task 2 zero-shot (pre-train): 9.52%
[08:20:50] task=2  epoch=0  train_loss=0.2194
[08:21:31] task=2  epoch=END  time_sec=216.5  acc_task0=87.61  acc_task1=93.3  acc_task2=97.16
[08:21:31] 
============================================================
 Task 4/10  | Classes (0, 10)
============================================================
[08:21:31] Task 3 baseline (chance): 10.00%
[08:21:45] Task 3 zero-shot (pre-train): 10.42%
[08:25:04] task=3  epoch=0  train_loss=0.2112
[08:25:57] task=3  epoch=END  time_sec=199.9  acc_task0=80.47  acc_task1=89.52  acc_task2=93.76  acc_task3=96.92
[08:25:57] 
============================================================
 Task 5/10  | Classes (0, 10)
============================================================
[08:25:57] Task 4 baseline (chance): 10.00%
[08:26:10] Task 4 zero-shot (pre-train): 16.53%
[08:29:51] task=4  epoch=0  train_loss=0.2045
[08:31:02] task=4  epoch=END  time_sec=221.5  acc_task0=67.94  acc_task1=78.69  acc_task2=78.79  acc_task3=92.82  acc_task4=96.79
[08:31:02] 
============================================================
 Task 6/10  | Classes (0, 10)
============================================================
[08:31:02] Task 5 baseline (chance): 10.00%
[08:31:15] Task 5 zero-shot (pre-train): 9.00%
[08:34:46] task=5  epoch=0  train_loss=0.1979
[08:36:06] task=5  epoch=END  time_sec=210.3  acc_task0=68.44  acc_task1=79.06  acc_task2=78.2  acc_task3=88.81  acc_task4=94.48  acc_task5=97.16
[08:36:06] 
============================================================
 Task 7/10  | Classes (0, 10)
============================================================
[08:36:06] Task 6 baseline (chance): 10.00%
[08:36:19] Task 6 zero-shot (pre-train): 11.00%
[08:39:56] task=6  epoch=0  train_loss=0.1949
[08:41:31] task=6  epoch=END  time_sec=216.6  acc_task0=62.64  acc_task1=68.6  acc_task2=67.89  acc_task3=79.06  acc_task4=88.82  acc_task5=93.36  acc_task6=97.56
[08:41:31] 
============================================================
 Task 8/10  | Classes (0, 10)
============================================================
[08:41:31] Task 7 baseline (chance): 10.00%
[08:41:45] Task 7 zero-shot (pre-train): 14.08%
[08:45:27] task=7  epoch=0  train_loss=0.1936
[08:47:14] task=7  epoch=END  time_sec=222.2  acc_task0=58.74  acc_task1=65.02  acc_task2=56.46  acc_task3=71.32  acc_task4=84.06  acc_task5=85.83  acc_task6=95.14  acc_task7=97.28
[08:47:14] 
============================================================
 Task 9/10  | Classes (0, 10)
============================================================
[08:47:14] Task 8 baseline (chance): 10.00%
[08:47:24] Task 8 zero-shot (pre-train): 6.15%
[08:51:00] task=8  epoch=0  train_loss=0.197
[08:52:57] task=8  epoch=END  time_sec=215.9  acc_task0=56.92  acc_task1=58.94  acc_task2=52.81  acc_task3=66.99  acc_task4=76.94  acc_task5=74.65  acc_task6=84.53  acc_task7=94.07  acc_task8=97.39
[08:52:57] 
============================================================
 Task 10/10  | Classes (0, 10)
============================================================
[08:52:57] Task 9 baseline (chance): 10.00%
[08:53:10] Task 9 zero-shot (pre-train): 13.61%
[08:56:40] task=9  epoch=0  train_loss=0.1926
[08:58:51] task=9  epoch=END  time_sec=209.7  acc_task0=50.85  acc_task1=49.13  acc_task2=47.72  acc_task3=56.64  acc_task4=74.69  acc_task5=63.54  acc_task6=73.54  acc_task7=80.33  acc_task8=93.09  acc_task9=96.93
[08:58:51] 
Final Metrics:
  avg_accuracy         +68.6460
  forgetting           +31.6756
  backward_transfer    -31.6756
  forward_transfer     +1.5244
[08:58:51] 
Done - run: permuted_mnist_si_der_ntasks10_seed789
[08:58:51] Metrics: {'avg_accuracy': 68.646, 'forgetting': 31.6756, 'backward_transfer': -31.6756, 'forward_transfer': 1.5244}
[08:58:51] Deleted 10 checkpoint(s) after successful completion.
