[01:24:48] Starting: split_cifar10_fine_tune_seed123
[01:24:48] Config: {'dataset': 'split_cifar10', 'data_root': 'F:\\Temp\\cf\\Catastrophic Forgetting\\research_v2\\Project\\data_local', 'dataset_image_size': None, 'dataset_out_channels': None, 'model': 'slim_resnet18', 'pretrained': False, 'model_image_size': None, 'method': 'fine_tune', 'n_epochs': 1, 'batch_size': 32, 'num_workers': 0, 'lr': 0.03, 'momentum': 0.9, 'weight_decay': 0.0001, 'fp16': False, 'buffer_size': 200, 'ewc_lambda': 100.0, 'fisher_samples': 200, 'si_lambda': 1.0, 'si_xi': 0.1, 'der_alpha': 0.5, 'xder_beta': 0.5, 'lwf_lambda': 1.0, 'lwf_temp': 2.0, 'icarl_distill_w': 1.0, 'icarl_temp': 2.0, 'use_nmc': True, 'agem_mem_batch': 64, 'distill_lambda': 1.0, 'distill_temp': 2.0, 'pc_distill_w': 1.0, 'pc_ewc_lambda': 100.0, 'pc_compress_epochs': 3, 'er_replay_ratio': 0.5, 'joint_replay_epochs': 1, 'disable_tqdm': True, 'disable_checkpoints': False, 'disable_plots': False, 'resume': True, 'cleanup_checkpoints_on_success': True, 'result_group': 'runs', 'ablation_family': None, 'seeds': [42, 123, 456, 789, 1024], 'results_root': 'F:\\Temp\\cf\\Catastrophic Forgetting\\research_v2\\results', 'seed': 123, 'run_name': 'split_cifar10_fine_tune_seed123', 'project_root': 'F:\\Temp\\cf\\Catastrophic Forgetting\\research_v2\\Project', 'workspace_root': 'F:\\Temp\\cf\\Catastrophic Forgetting\\research_v2', 'run_root': 'F:\\Temp\\cf\\Catastrophic Forgetting\\research_v2\\results\\runs\\epoch_1\\split_cifar10\\baselines\\fine_tune\\seed_123', 'log_dir': 'F:\\Temp\\cf\\Catastrophic Forgetting\\research_v2\\results\\runs\\epoch_1\\split_cifar10\\baselines\\fine_tune\\seed_123\\logs', 'metrics_dir': 'F:\\Temp\\cf\\Catastrophic Forgetting\\research_v2\\results\\runs\\epoch_1\\split_cifar10\\baselines\\fine_tune\\seed_123\\metrics', 'checkpoint_dir': 'F:\\Temp\\cf\\Catastrophic Forgetting\\research_v2\\results\\runs\\epoch_1\\split_cifar10\\baselines\\fine_tune\\seed_123\\checkpoints', 'artifact_dir': 'F:\\Temp\\cf\\Catastrophic Forgetting\\research_v2\\results\\runs\\epoch_1\\split_cifar10\\baselines\\fine_tune\\seed_123\\artifacts', 'figure_dir': 'F:\\Temp\\cf\\Catastrophic Forgetting\\research_v2\\results\\figures\\epoch_1\\split_cifar10\\baselines\\fine_tune\\seed_123'}
[01:24:48] Device: cuda
[01:24:51] Dataset: SplitCIFAR10(tasks=5, classes_per_task=2, scenario=class-il)
[01:24:51] 
============================================================
 Task 1/5  | Classes (0, 2)
============================================================
[01:24:51] Task 0 baseline (chance): 50.00%
[01:25:03] task=0  epoch=0  train_loss=0.5361
[01:25:04] task=0  epoch=END  time_sec=12.4  acc_task0=84.9
[01:25:04] 
============================================================
 Task 2/5  | Classes (2, 4)
============================================================
[01:25:04] Task 1 baseline (chance): 25.00%
[01:25:05] Task 1 zero-shot (pre-train): 0.20%
[01:25:16] task=1  epoch=0  train_loss=0.5987
[01:25:18] task=1  epoch=END  time_sec=11.3  acc_task0=0.0  acc_task1=72.6
[01:25:18] 
============================================================
 Task 3/5  | Classes (4, 6)
============================================================
[01:25:18] Task 2 baseline (chance): 16.67%
[01:25:19] Task 2 zero-shot (pre-train): 0.00%
[01:25:30] task=2  epoch=0  train_loss=0.6102
[01:25:32] task=2  epoch=END  time_sec=10.8  acc_task0=0.0  acc_task1=0.0  acc_task2=79.4
[01:25:32] 
============================================================
 Task 4/5  | Classes (6, 8)
============================================================
[01:25:32] Task 3 baseline (chance): 12.50%
[01:25:33] Task 3 zero-shot (pre-train): 0.00%
[01:25:44] task=3  epoch=0  train_loss=0.6282
[01:25:46] task=3  epoch=END  time_sec=10.7  acc_task0=0.0  acc_task1=0.0  acc_task2=0.0  acc_task3=85.95
[01:25:47] 
============================================================
 Task 5/5  | Classes (8, 10)
============================================================
[01:25:47] Task 4 baseline (chance): 10.00%
[01:25:47] Task 4 zero-shot (pre-train): 0.00%
[01:25:58] task=4  epoch=0  train_loss=0.6063
[01:26:02] task=4  epoch=END  time_sec=10.4  acc_task0=0.0  acc_task1=0.0  acc_task2=0.0  acc_task3=0.0  acc_task4=83.0
[01:26:02] 
Final Metrics:
  avg_accuracy         +16.6000
  forgetting           +80.7125
  backward_transfer    -80.7125
  forward_transfer     -15.9917
[01:26:03] 
Done - run: split_cifar10_fine_tune_seed123
[01:26:03] Metrics: {'avg_accuracy': 16.6, 'forgetting': 80.7125, 'backward_transfer': -80.7125, 'forward_transfer': -15.9917}
[01:26:03] Deleted 5 checkpoint(s) after successful completion.
