[05:41:41] Starting: permuted_mnist_der_ntasks5_seed1024
[05:41:41] Config: {'dataset': 'permuted_mnist', 'data_root': 'F:\\Temp\\cf\\Catastrophic Forgetting\\research_v2\\Project\\data_local', 'dataset_image_size': 32, 'dataset_out_channels': None, 'model': 'slim_resnet18', 'pretrained': False, 'model_image_size': None, 'method': 'der', 'n_epochs': 1, 'batch_size': 32, 'num_workers': 2, 'lr': 0.03, 'momentum': 0.9, 'weight_decay': 0.0001, 'fp16': False, 'buffer_size': 200, 'ewc_lambda': 100.0, 'fisher_samples': 200, 'si_lambda': 1.0, 'si_xi': 0.1, 'der_alpha': 0.5, 'xder_beta': 0.5, 'lwf_lambda': 1.0, 'lwf_temp': 2.0, 'icarl_distill_w': 1.0, 'icarl_temp': 2.0, 'use_nmc': True, 'agem_mem_batch': 64, 'distill_lambda': 1.0, 'distill_temp': 2.0, 'pc_distill_w': 1.0, 'pc_ewc_lambda': 100.0, 'pc_compress_epochs': 3, 'er_replay_ratio': 0.5, 'joint_replay_epochs': 1, 'disable_tqdm': True, 'disable_checkpoints': False, 'disable_plots': True, 'resume': False, 'cleanup_checkpoints_on_success': True, 'result_group': 'ablations', 'ablation_family': 'tasklen', 'seeds': [42, 123, 456, 789, 1024], 'results_root': 'F:\\Temp\\cf\\Catastrophic Forgetting\\research_v2\\results', 'n_tasks': 5, 'run_tag': 'ntasks5', 'seed': 1024, 'run_name': 'permuted_mnist_der_ntasks5_seed1024', 'project_root': 'F:\\Temp\\cf\\Catastrophic Forgetting\\research_v2\\Project', 'workspace_root': 'F:\\Temp\\cf\\Catastrophic Forgetting\\research_v2', 'run_root': 'F:\\Temp\\cf\\Catastrophic Forgetting\\research_v2\\results\\ablations\\epoch_1\\permuted_mnist\\tasklen\\der__ntasks5\\seed_1024', 'log_dir': 'F:\\Temp\\cf\\Catastrophic Forgetting\\research_v2\\results\\ablations\\epoch_1\\permuted_mnist\\tasklen\\der__ntasks5\\seed_1024\\logs', 'metrics_dir': 'F:\\Temp\\cf\\Catastrophic Forgetting\\research_v2\\results\\ablations\\epoch_1\\permuted_mnist\\tasklen\\der__ntasks5\\seed_1024\\metrics', 'checkpoint_dir': 'F:\\Temp\\cf\\Catastrophic Forgetting\\research_v2\\results\\ablations\\epoch_1\\permuted_mnist\\tasklen\\der__ntasks5\\seed_1024\\checkpoints', 'artifact_dir': 'F:\\Temp\\cf\\Catastrophic Forgetting\\research_v2\\results\\ablations\\epoch_1\\permuted_mnist\\tasklen\\der__ntasks5\\seed_1024\\artifacts', 'figure_dir': 'F:\\Temp\\cf\\Catastrophic Forgetting\\research_v2\\results\\figures\\ablations\\epoch_1\\permuted_mnist\\tasklen\\der__ntasks5\\seed_1024'}
[05:41:41] Device: cuda
[05:41:41] Dataset: PermutedMNIST(tasks=5, classes_per_task=10, scenario=domain-il)
[05:41:41] 
============================================================
 Task 1/5  | Classes (0, 10)
============================================================
[05:41:41] Task 0 baseline (chance): 10.00%
[05:44:01] task=0  epoch=0  train_loss=0.3333
[05:44:13] task=0  epoch=END  time_sec=139.9  acc_task0=97.08
[05:44:13] 
============================================================
 Task 2/5  | Classes (0, 10)
============================================================
[05:44:13] Task 1 baseline (chance): 10.00%
[05:44:26] Task 1 zero-shot (pre-train): 11.37%
[05:46:26] task=1  epoch=0  train_loss=0.2421
[05:46:55] task=1  epoch=END  time_sec=119.9  acc_task0=93.45  acc_task1=97.01
[05:46:55] 
============================================================
 Task 3/5  | Classes (0, 10)
============================================================
[05:46:55] Task 2 baseline (chance): 10.00%
[05:47:08] Task 2 zero-shot (pre-train): 9.74%
[05:49:17] task=2  epoch=0  train_loss=0.2138
[05:50:00] task=2  epoch=END  time_sec=128.4  acc_task0=90.0  acc_task1=93.46  acc_task2=96.95
[05:50:00] 
============================================================
 Task 4/5  | Classes (0, 10)
============================================================
[05:50:00] Task 3 baseline (chance): 10.00%
[05:50:14] Task 3 zero-shot (pre-train): 10.34%
[05:51:58] task=3  epoch=0  train_loss=0.2016
[05:52:51] task=3  epoch=END  time_sec=104.2  acc_task0=84.44  acc_task1=89.54  acc_task2=94.09  acc_task3=97.69
[05:52:51] 
============================================================
 Task 5/5  | Classes (0, 10)
============================================================
[05:52:51] Task 4 baseline (chance): 10.00%
[05:53:05] Task 4 zero-shot (pre-train): 9.95%
[05:54:59] task=4  epoch=0  train_loss=0.1932
[05:56:01] task=4  epoch=END  time_sec=114.5  acc_task0=81.2  acc_task1=85.75  acc_task2=87.86  acc_task3=93.54  acc_task4=97.4
[05:56:01] 
Final Metrics:
  avg_accuracy         +89.1500
  forgetting           +10.0950
  backward_transfer    -10.0950
  forward_transfer     +0.3500
[05:56:01] 
Done - run: permuted_mnist_der_ntasks5_seed1024
[05:56:01] Metrics: {'avg_accuracy': 89.15, 'forgetting': 10.095, 'backward_transfer': -10.095, 'forward_transfer': 0.35}
[05:56:01] Deleted 5 checkpoint(s) after successful completion.
