[02:55:45] Starting: split_cifar10_ewc_lambda10_seed789
[02:55:45] Config: {'dataset': 'split_cifar10', 'data_root': 'F:\\Temp\\cf\\Catastrophic Forgetting\\research_v2\\Project\\data_local', 'dataset_image_size': None, 'dataset_out_channels': None, 'model': 'slim_resnet18', 'pretrained': False, 'model_image_size': None, 'method': 'ewc', 'n_epochs': 1, 'batch_size': 32, 'num_workers': 0, 'lr': 0.03, 'momentum': 0.9, 'weight_decay': 0.0001, 'fp16': False, 'buffer_size': 200, 'ewc_lambda': 10.0, 'fisher_samples': 200, 'si_lambda': 1.0, 'si_xi': 0.1, 'der_alpha': 0.5, 'xder_beta': 0.5, 'lwf_lambda': 1.0, 'lwf_temp': 2.0, 'icarl_distill_w': 1.0, 'icarl_temp': 2.0, 'use_nmc': True, 'agem_mem_batch': 64, 'distill_lambda': 1.0, 'distill_temp': 2.0, 'pc_distill_w': 1.0, 'pc_ewc_lambda': 100.0, 'pc_compress_epochs': 3, 'er_replay_ratio': 0.5, 'joint_replay_epochs': 1, 'disable_tqdm': True, 'disable_checkpoints': False, 'disable_plots': True, 'resume': False, 'cleanup_checkpoints_on_success': True, 'result_group': 'ablations', 'ablation_family': 'lambda', 'seeds': [42, 123, 456, 789, 1024], 'results_root': 'F:\\Temp\\cf\\Catastrophic Forgetting\\research_v2\\results', 'run_tag': 'lambda10', 'seed': 789, 'run_name': 'split_cifar10_ewc_lambda10_seed789', 'project_root': 'F:\\Temp\\cf\\Catastrophic Forgetting\\research_v2\\Project', 'workspace_root': 'F:\\Temp\\cf\\Catastrophic Forgetting\\research_v2', 'run_root': 'F:\\Temp\\cf\\Catastrophic Forgetting\\research_v2\\results\\ablations\\epoch_1\\split_cifar10\\lambda\\ewc__lambda10\\seed_789', 'log_dir': 'F:\\Temp\\cf\\Catastrophic Forgetting\\research_v2\\results\\ablations\\epoch_1\\split_cifar10\\lambda\\ewc__lambda10\\seed_789\\logs', 'metrics_dir': 'F:\\Temp\\cf\\Catastrophic Forgetting\\research_v2\\results\\ablations\\epoch_1\\split_cifar10\\lambda\\ewc__lambda10\\seed_789\\metrics', 'checkpoint_dir': 'F:\\Temp\\cf\\Catastrophic Forgetting\\research_v2\\results\\ablations\\epoch_1\\split_cifar10\\lambda\\ewc__lambda10\\seed_789\\checkpoints', 'artifact_dir': 'F:\\Temp\\cf\\Catastrophic Forgetting\\research_v2\\results\\ablations\\epoch_1\\split_cifar10\\lambda\\ewc__lambda10\\seed_789\\artifacts', 'figure_dir': 'F:\\Temp\\cf\\Catastrophic Forgetting\\research_v2\\results\\figures\\ablations\\epoch_1\\split_cifar10\\lambda\\ewc__lambda10\\seed_789'}
[02:55:45] Device: cuda
[02:55:47] Dataset: SplitCIFAR10(tasks=5, classes_per_task=2, scenario=class-il)
[02:55:47] 
============================================================
 Task 1/5  | Classes (0, 2)
============================================================
[02:55:47] Task 0 baseline (chance): 50.00%
[02:56:02] task=0  epoch=0  train_loss=0.5285
[02:56:04] task=0  epoch=END  time_sec=15.3  acc_task0=80.15
[02:56:04] 
============================================================
 Task 2/5  | Classes (2, 4)
============================================================
[02:56:04] Task 1 baseline (chance): 25.00%
[02:56:05] Task 1 zero-shot (pre-train): 4.90%
[02:56:32] task=1  epoch=0  train_loss=0.6235
[02:56:35] task=1  epoch=END  time_sec=27.3  acc_task0=0.0  acc_task1=70.75
[02:56:35] 
============================================================
 Task 3/5  | Classes (4, 6)
============================================================
[02:56:35] Task 2 baseline (chance): 16.67%
[02:56:36] Task 2 zero-shot (pre-train): 0.00%
[02:57:12] task=2  epoch=0  train_loss=0.6269
[02:57:16] task=2  epoch=END  time_sec=36.5  acc_task0=0.0  acc_task1=0.0  acc_task2=77.2
[02:57:16] 
============================================================
 Task 4/5  | Classes (6, 8)
============================================================
[02:57:16] Task 3 baseline (chance): 12.50%
[02:57:17] Task 3 zero-shot (pre-train): 0.00%
[02:58:20] task=3  epoch=0  train_loss=0.6656
[02:58:25] task=3  epoch=END  time_sec=62.7  acc_task0=0.0  acc_task1=0.0  acc_task2=0.0  acc_task3=87.3
[02:58:25] 
============================================================
 Task 5/5  | Classes (8, 10)
============================================================
[02:58:25] Task 4 baseline (chance): 10.00%
[02:58:26] Task 4 zero-shot (pre-train): 0.00%
[02:59:31] task=4  epoch=0  train_loss=0.6852
[02:59:37] task=4  epoch=END  time_sec=65.1  acc_task0=0.0  acc_task1=0.0  acc_task2=0.0  acc_task3=0.0  acc_task4=78.95
[02:59:37] 
Final Metrics:
  avg_accuracy         +15.7900
  forgetting           +78.8500
  backward_transfer    -78.8500
  forward_transfer     -14.8167
[02:59:37] 
Done - run: split_cifar10_ewc_lambda10_seed789
[02:59:37] Metrics: {'avg_accuracy': 15.79, 'forgetting': 78.85, 'backward_transfer': -78.85, 'forward_transfer': -14.8167}
[02:59:37] Deleted 5 checkpoint(s) after successful completion.
