[18:00:02] Starting: split_cifar10_icarl_seed1024
[18:00:02] Config: {'dataset': 'split_cifar10', 'data_root': 'Project/data_local', 'model': 'slim_resnet18', 'pretrained': False, 'method': 'icarl', 'n_epochs': 1, 'batch_size': 32, 'num_workers': 0, 'lr': 0.03, 'momentum': 0.9, 'weight_decay': 0.0001, 'fp16': False, 'buffer_size': 500, 'ewc_lambda': 100.0, 'fisher_samples': 200, 'si_lambda': 1.0, 'si_xi': 0.1, 'der_alpha': 0.5, 'xder_beta': 0.5, 'lwf_lambda': 1.0, 'lwf_temp': 2.0, 'icarl_distill_w': 1.0, 'icarl_temp': 2.0, 'use_nmc': True, 'agem_mem_batch': 64, 'distill_lambda': 1.0, 'distill_temp': 2.0, 'pc_distill_w': 1.0, 'pc_ewc_lambda': 100.0, 'pc_compress_epochs': 3, 'er_replay_ratio': 0.5, 'joint_replay_epochs': 1, 'disable_tqdm': True, 'disable_checkpoints': True, 'disable_plots': False, 'seeds': [42, 123, 456, 789, 1024], 'results_root': 'results_phase3_fwt', 'checkpoint_dir': 'results/checkpoints', 'figure_dir': 'results_phase3_fwt/figures', 'log_dir': 'results_phase3_fwt/raw', 'run_name': 'split_cifar10_icarl_seed1024', 'seed': 1024}
[18:00:02] Device: cuda
[18:00:03] Dataset: SplitCIFAR10(tasks=5, classes_per_task=2, scenario=class-il)
[18:00:04] 
============================================================
 Task 1/5  | Classes (0, 2)
============================================================
[18:00:04] Task 0 baseline (chance): 50.00%
[18:00:15] task=0  epoch=0  train_loss=0.5051
[18:00:23] task=0  epoch=END  time_sec=11.3  acc_task0=89.9
[18:00:23] 
============================================================
 Task 2/5  | Classes (2, 4)
============================================================
[18:00:23] Task 1 baseline (chance): 25.00%
[18:00:24] Task 1 zero-shot (pre-train): 0.00%
[18:00:39] task=1  epoch=0  train_loss=0.6478
[18:00:48] task=1  epoch=END  time_sec=15.6  acc_task0=44.8  acc_task1=68.25
[18:00:48] 
============================================================
 Task 3/5  | Classes (4, 6)
============================================================
[18:00:48] Task 2 baseline (chance): 16.67%
[18:00:49] Task 2 zero-shot (pre-train): 0.00%
[18:01:05] task=2  epoch=0  train_loss=0.6575
[18:01:14] task=2  epoch=END  time_sec=15.7  acc_task0=19.8  acc_task1=0.6  acc_task2=77.45
[18:01:14] 
============================================================
 Task 4/5  | Classes (6, 8)
============================================================
[18:01:15] Task 3 baseline (chance): 12.50%
[18:01:15] Task 3 zero-shot (pre-train): 0.00%
[18:01:31] task=3  epoch=0  train_loss=0.7935
[18:01:42] task=3  epoch=END  time_sec=15.7  acc_task0=12.0  acc_task1=2.2  acc_task2=3.5  acc_task3=84.15
[18:01:42] 
============================================================
 Task 5/5  | Classes (8, 10)
============================================================
[18:01:42] Task 4 baseline (chance): 10.00%
[18:01:43] Task 4 zero-shot (pre-train): 0.00%
[18:01:58] task=4  epoch=0  train_loss=0.8174
[18:02:10] task=4  epoch=END  time_sec=15.6  acc_task0=1.7  acc_task1=0.3  acc_task2=0.35  acc_task3=0.15  acc_task4=86.9
[18:02:10] 
Final Metrics:
  avg_accuracy         +17.8800
  forgetting           +79.3125
  backward_transfer    -79.3125
  forward_transfer     -16.0417
[18:02:10] 
Done - run: split_cifar10_icarl_seed1024
[18:02:10] Metrics: {'avg_accuracy': 17.88, 'forgetting': 79.3125, 'backward_transfer': -79.3125, 'forward_transfer': -16.0417}
