[00:44:17] Starting: split_cifar10_agem_distill_seed456
[00:44:17] Config: {'dataset': 'split_cifar10', 'data_root': 'F:\\Temp\\cf\\Catastrophic Forgetting\\research_v2\\Project\\data_local', 'dataset_image_size': None, 'dataset_out_channels': None, 'model': 'slim_resnet18', 'pretrained': False, 'model_image_size': None, 'method': 'agem_distill', 'n_epochs': 1, 'batch_size': 32, 'num_workers': 0, 'lr': 0.03, 'momentum': 0.9, 'weight_decay': 0.0001, 'fp16': False, 'buffer_size': 200, 'ewc_lambda': 100.0, 'fisher_samples': 200, 'si_lambda': 1.0, 'si_xi': 0.1, 'der_alpha': 0.5, 'xder_beta': 0.5, 'lwf_lambda': 1.0, 'lwf_temp': 2.0, 'icarl_distill_w': 1.0, 'icarl_temp': 2.0, 'use_nmc': True, 'agem_mem_batch': 64, 'distill_lambda': 1.0, 'distill_temp': 2.0, 'pc_distill_w': 1.0, 'pc_ewc_lambda': 100.0, 'pc_compress_epochs': 3, 'er_replay_ratio': 0.5, 'joint_replay_epochs': 1, 'disable_tqdm': True, 'disable_checkpoints': False, 'disable_plots': False, 'resume': True, 'cleanup_checkpoints_on_success': True, 'result_group': 'runs', 'ablation_family': None, 'seeds': [42, 123, 456, 789, 1024], 'results_root': 'F:\\Temp\\cf\\Catastrophic Forgetting\\research_v2\\results', 'seed': 456, 'run_name': 'split_cifar10_agem_distill_seed456', 'project_root': 'F:\\Temp\\cf\\Catastrophic Forgetting\\research_v2\\Project', 'workspace_root': 'F:\\Temp\\cf\\Catastrophic Forgetting\\research_v2', 'run_root': 'F:\\Temp\\cf\\Catastrophic Forgetting\\research_v2\\results\\runs\\epoch_1\\split_cifar10\\hybrids\\agem_distill\\seed_456', 'log_dir': 'F:\\Temp\\cf\\Catastrophic Forgetting\\research_v2\\results\\runs\\epoch_1\\split_cifar10\\hybrids\\agem_distill\\seed_456\\logs', 'metrics_dir': 'F:\\Temp\\cf\\Catastrophic Forgetting\\research_v2\\results\\runs\\epoch_1\\split_cifar10\\hybrids\\agem_distill\\seed_456\\metrics', 'checkpoint_dir': 'F:\\Temp\\cf\\Catastrophic Forgetting\\research_v2\\results\\runs\\epoch_1\\split_cifar10\\hybrids\\agem_distill\\seed_456\\checkpoints', 'artifact_dir': 'F:\\Temp\\cf\\Catastrophic Forgetting\\research_v2\\results\\runs\\epoch_1\\split_cifar10\\hybrids\\agem_distill\\seed_456\\artifacts', 'figure_dir': 'F:\\Temp\\cf\\Catastrophic Forgetting\\research_v2\\results\\figures\\epoch_1\\split_cifar10\\hybrids\\agem_distill\\seed_456'}
[00:44:17] Device: cuda
[00:44:19] Dataset: SplitCIFAR10(tasks=5, classes_per_task=2, scenario=class-il)
[00:44:19] 
============================================================
 Task 1/5  | Classes (0, 2)
============================================================
[00:44:19] Task 0 baseline (chance): 50.00%
[00:44:31] task=0  epoch=0  train_loss=0.5142
[00:44:32] task=0  epoch=END  time_sec=12.1  acc_task0=86.9
[00:44:32] 
============================================================
 Task 2/5  | Classes (2, 4)
============================================================
[00:44:32] Task 1 baseline (chance): 25.00%
[00:44:33] Task 1 zero-shot (pre-train): 5.25%
[00:44:58] task=1  epoch=0  train_loss=0.7097
[00:44:59] task=1  epoch=END  time_sec=24.9  acc_task0=0.0  acc_task1=73.85
[00:44:59] 
============================================================
 Task 3/5  | Classes (4, 6)
============================================================
[00:45:00] Task 2 baseline (chance): 16.67%
[00:45:00] Task 2 zero-shot (pre-train): 0.00%
[00:45:25] task=2  epoch=0  train_loss=0.6861
[00:45:27] task=2  epoch=END  time_sec=24.3  acc_task0=0.0  acc_task1=0.0  acc_task2=78.55
[00:45:27] 
============================================================
 Task 4/5  | Classes (6, 8)
============================================================
[00:45:27] Task 3 baseline (chance): 12.50%
[00:45:28] Task 3 zero-shot (pre-train): 0.00%
[00:45:53] task=3  epoch=0  train_loss=0.6237
[00:45:56] task=3  epoch=END  time_sec=25.1  acc_task0=0.0  acc_task1=0.0  acc_task2=0.0  acc_task3=87.1
[00:45:56] 
============================================================
 Task 5/5  | Classes (8, 10)
============================================================
[00:45:56] Task 4 baseline (chance): 10.00%
[00:45:57] Task 4 zero-shot (pre-train): 0.00%
[00:46:23] task=4  epoch=0  train_loss=0.7635
[00:46:27] task=4  epoch=END  time_sec=25.9  acc_task0=0.0  acc_task1=0.0  acc_task2=0.0  acc_task3=0.0  acc_task4=87.15
[00:46:27] 
Final Metrics:
  avg_accuracy         +17.4300
  forgetting           +81.6000
  backward_transfer    -81.6000
  forward_transfer     -14.7292
[00:46:28] 
Done - run: split_cifar10_agem_distill_seed456
[00:46:28] Metrics: {'avg_accuracy': 17.43, 'forgetting': 81.6, 'backward_transfer': -81.6, 'forward_transfer': -14.7292}
[00:46:28] Deleted 5 checkpoint(s) after successful completion.
