[10:47:15] Starting: split_cifar10_xder_norevision_seed456
[10:47:15] Config: {'dataset': 'split_cifar10', 'data_root': 'Project/data_local', 'model': 'slim_resnet18', 'pretrained': False, 'method': 'xder', 'n_epochs': 1, 'batch_size': 32, 'num_workers': 0, 'lr': 0.03, 'momentum': 0.9, 'weight_decay': 0.0001, 'fp16': False, 'buffer_size': 200, 'ewc_lambda': 100.0, 'fisher_samples': 200, 'si_lambda': 1.0, 'si_xi': 0.1, 'der_alpha': 0.5, 'xder_beta': 0.0, 'lwf_lambda': 1.0, 'lwf_temp': 2.0, 'icarl_distill_w': 1.0, 'icarl_temp': 2.0, 'use_nmc': True, 'agem_mem_batch': 64, 'distill_lambda': 1.0, 'distill_temp': 2.0, 'pc_distill_w': 1.0, 'pc_ewc_lambda': 100.0, 'pc_compress_epochs': 3, 'er_replay_ratio': 0.5, 'joint_replay_epochs': 1, 'disable_tqdm': True, 'disable_checkpoints': True, 'disable_plots': True, 'seeds': [42, 123, 456], 'results_root': 'results_phase3_interactions', 'checkpoint_dir': 'results/checkpoints', 'figure_dir': 'results_phase3_interactions\\figures', 'log_dir': 'results_phase3_interactions\\raw', 'run_tag': 'norevision', 'run_name': 'split_cifar10_xder_norevision_seed456', 'seed': 456}
[10:47:15] Device: cuda
[10:47:17] Dataset: SplitCIFAR10(tasks=5, classes_per_task=2, scenario=class-il)
[10:47:17] 
============================================================
 Task 1/5  | Classes (0, 2)
============================================================
[10:47:17] Task 0 baseline (chance): 50.00%
[10:47:43] task=0  epoch=0  train_loss=0.7252
[10:47:45] task=0  epoch=END  time_sec=25.6  acc_task0=86.55
[10:47:45] 
============================================================
 Task 2/5  | Classes (2, 4)
============================================================
[10:47:45] Task 1 baseline (chance): 25.00%
[10:47:47] Task 1 zero-shot (pre-train): 1.90%
[10:48:10] task=1  epoch=0  train_loss=0.75
[10:48:13] task=1  epoch=END  time_sec=23.4  acc_task0=0.0  acc_task1=70.2
[10:48:13] 
============================================================
 Task 3/5  | Classes (4, 6)
============================================================
[10:48:13] Task 2 baseline (chance): 16.67%
[10:48:14] Task 2 zero-shot (pre-train): 0.00%
[10:48:36] task=2  epoch=0  train_loss=1.0701
[10:48:40] task=2  epoch=END  time_sec=22.2  acc_task0=0.0  acc_task1=0.0  acc_task2=79.4
[10:48:40] 
============================================================
 Task 4/5  | Classes (6, 8)
============================================================
[10:48:40] Task 3 baseline (chance): 12.50%
[10:48:42] Task 3 zero-shot (pre-train): 0.00%
[10:49:06] task=3  epoch=0  train_loss=1.6725
[10:49:10] task=3  epoch=END  time_sec=23.9  acc_task0=0.0  acc_task1=0.0  acc_task2=0.1  acc_task3=84.15
[10:49:10] 
============================================================
 Task 5/5  | Classes (8, 10)
============================================================
[10:49:10] Task 4 baseline (chance): 10.00%
[10:49:11] Task 4 zero-shot (pre-train): 0.00%
[10:49:33] task=4  epoch=0  train_loss=2.7302
[10:49:39] task=4  epoch=END  time_sec=22.2  acc_task0=0.0  acc_task1=0.0  acc_task2=0.0  acc_task3=0.0  acc_task4=76.4
[10:49:39] 
Final Metrics:
  avg_accuracy         +15.2800
  forgetting           +80.0750
  backward_transfer    -80.0750
  forward_transfer     -15.5667
[10:49:39] 
Done - run: split_cifar10_xder_norevision_seed456
[10:49:39] Metrics: {'avg_accuracy': 15.28, 'forgetting': 80.075, 'backward_transfer': -80.075, 'forward_transfer': -15.5667}
