[10:44:39] Starting: split_cifar10_xder_norevision_seed123
[10:44:39] Config: {'dataset': 'split_cifar10', 'data_root': 'Project/data_local', 'model': 'slim_resnet18', 'pretrained': False, 'method': 'xder', 'n_epochs': 1, 'batch_size': 32, 'num_workers': 0, 'lr': 0.03, 'momentum': 0.9, 'weight_decay': 0.0001, 'fp16': False, 'buffer_size': 200, 'ewc_lambda': 100.0, 'fisher_samples': 200, 'si_lambda': 1.0, 'si_xi': 0.1, 'der_alpha': 0.5, 'xder_beta': 0.0, 'lwf_lambda': 1.0, 'lwf_temp': 2.0, 'icarl_distill_w': 1.0, 'icarl_temp': 2.0, 'use_nmc': True, 'agem_mem_batch': 64, 'distill_lambda': 1.0, 'distill_temp': 2.0, 'pc_distill_w': 1.0, 'pc_ewc_lambda': 100.0, 'pc_compress_epochs': 3, 'er_replay_ratio': 0.5, 'joint_replay_epochs': 1, 'disable_tqdm': True, 'disable_checkpoints': True, 'disable_plots': True, 'seeds': [42, 123, 456], 'results_root': 'results_phase3_interactions', 'checkpoint_dir': 'results/checkpoints', 'figure_dir': 'results_phase3_interactions\\figures', 'log_dir': 'results_phase3_interactions\\raw', 'run_tag': 'norevision', 'run_name': 'split_cifar10_xder_norevision_seed123', 'seed': 123}
[10:44:39] Device: cuda
[10:44:41] Dataset: SplitCIFAR10(tasks=5, classes_per_task=2, scenario=class-il)
[10:44:41] 
============================================================
 Task 1/5  | Classes (0, 2)
============================================================
[10:44:41] Task 0 baseline (chance): 50.00%
[10:45:03] task=0  epoch=0  train_loss=0.9823
[10:45:06] task=0  epoch=END  time_sec=22.4  acc_task0=85.45
[10:45:06] 
============================================================
 Task 2/5  | Classes (2, 4)
============================================================
[10:45:06] Task 1 baseline (chance): 25.00%
[10:45:07] Task 1 zero-shot (pre-train): 8.60%
[10:45:33] task=1  epoch=0  train_loss=0.8166
[10:45:36] task=1  epoch=END  time_sec=25.3  acc_task0=0.0  acc_task1=72.8
[10:45:36] 
============================================================
 Task 3/5  | Classes (4, 6)
============================================================
[10:45:36] Task 2 baseline (chance): 16.67%
[10:45:38] Task 2 zero-shot (pre-train): 0.00%
[10:46:03] task=2  epoch=0  train_loss=0.8967
[10:46:08] task=2  epoch=END  time_sec=25.3  acc_task0=0.0  acc_task1=0.0  acc_task2=77.5
[10:46:08] 
============================================================
 Task 4/5  | Classes (6, 8)
============================================================
[10:46:08] Task 3 baseline (chance): 12.50%
[10:46:09] Task 3 zero-shot (pre-train): 0.00%
[10:46:34] task=3  epoch=0  train_loss=1.1633
[10:46:41] task=3  epoch=END  time_sec=25.3  acc_task0=0.0  acc_task1=0.0  acc_task2=0.0  acc_task3=83.15
[10:46:41] 
============================================================
 Task 5/5  | Classes (8, 10)
============================================================
[10:46:41] Task 4 baseline (chance): 10.00%
[10:46:42] Task 4 zero-shot (pre-train): 0.00%
[10:47:07] task=4  epoch=0  train_loss=1.773
[10:47:15] task=4  epoch=END  time_sec=25.3  acc_task0=0.0  acc_task1=0.0  acc_task2=0.0  acc_task3=0.0  acc_task4=82.95
[10:47:15] 
Final Metrics:
  avg_accuracy         +16.5900
  forgetting           +79.7250
  backward_transfer    -79.7250
  forward_transfer     -13.8917
[10:47:15] 
Done - run: split_cifar10_xder_norevision_seed123
[10:47:15] Metrics: {'avg_accuracy': 16.59, 'forgetting': 79.725, 'backward_transfer': -79.725, 'forward_transfer': -13.8917}
