[23:53:53] Starting: split_cifar10_lwf_seed1024
[23:53:53] Config: {'dataset': 'split_cifar10', 'data_root': 'Project/data_local', 'model': 'slim_resnet18', 'pretrained': False, 'method': 'lwf', 'n_epochs': 1, 'batch_size': 32, 'num_workers': 0, 'lr': 0.03, 'momentum': 0.9, 'weight_decay': 0.0001, 'fp16': False, 'buffer_size': 200, 'ewc_lambda': 100.0, 'fisher_samples': 200, 'si_lambda': 1.0, 'si_xi': 0.1, 'der_alpha': 0.5, 'xder_beta': 0.5, 'lwf_lambda': 1.0, 'lwf_temp': 2.0, 'icarl_distill_w': 1.0, 'icarl_temp': 2.0, 'use_nmc': True, 'agem_mem_batch': 64, 'distill_lambda': 1.0, 'distill_temp': 2.0, 'pc_distill_w': 1.0, 'pc_ewc_lambda': 100.0, 'pc_compress_epochs': 3, 'er_replay_ratio': 0.5, 'joint_replay_epochs': 1, 'disable_tqdm': True, 'seeds': [42, 123, 456, 789, 1024], 'checkpoint_dir': 'results/checkpoints', 'figure_dir': 'results/figures', 'log_dir': 'results/raw', 'run_name': 'split_cifar10_lwf_seed1024', 'seed': 1024}
[23:53:53] Device: cuda
[23:53:54] Dataset: SplitCIFAR10(tasks=5, classes_per_task=2, scenario=class-il)
[23:53:54] 
============================================================
 Task 1/5  | Classes (0, 2)
============================================================
[23:53:54] Task 0 baseline (before training): 0.00%
[23:54:04] task=0  epoch=0  train_loss=0.5051
[23:54:05] task=0  epoch=END  time_sec=10.2  acc_task0=86.05
[23:54:05] 
============================================================
 Task 2/5  | Classes (2, 4)
============================================================
[23:54:06] Task 1 baseline (before training): 0.00%
[23:54:18] task=1  epoch=0  train_loss=0.6823
[23:54:19] task=1  epoch=END  time_sec=11.9  acc_task0=0.0  acc_task1=73.6
[23:54:19] 
============================================================
 Task 3/5  | Classes (4, 6)
============================================================
[23:54:20] Task 2 baseline (before training): 0.00%
[23:54:32] task=2  epoch=0  train_loss=0.6527
[23:54:34] task=2  epoch=END  time_sec=11.8  acc_task0=0.0  acc_task1=0.0  acc_task2=75.1
[23:54:34] 
============================================================
 Task 4/5  | Classes (6, 8)
============================================================
[23:54:35] Task 3 baseline (before training): 0.00%
[23:54:47] task=3  epoch=0  train_loss=0.8177
[23:54:50] task=3  epoch=END  time_sec=11.9  acc_task0=0.0  acc_task1=0.0  acc_task2=0.0  acc_task3=85.55
[23:54:50] 
============================================================
 Task 5/5  | Classes (8, 10)
============================================================
[23:54:50] Task 4 baseline (before training): 0.00%
[23:55:03] task=4  epoch=0  train_loss=0.9137
[23:55:06] task=4  epoch=END  time_sec=12.0  acc_task0=0.0  acc_task1=0.0  acc_task2=0.0  acc_task3=0.0  acc_task4=82.5
[23:55:06] 
Final Metrics:
  avg_accuracy         +16.5000
  forgetting           +80.0750
  backward_transfer    -80.0750
  forward_transfer     +0.0000
[23:55:07] 
Done - run: split_cifar10_lwf_seed1024
[23:55:07] Metrics: {'avg_accuracy': 16.5, 'forgetting': 80.075, 'backward_transfer': -80.075, 'forward_transfer': 0.0}
