[23:52:38] Starting: split_cifar10_lwf_seed789
[23:52:38] Config: {'dataset': 'split_cifar10', 'data_root': 'Project/data_local', 'model': 'slim_resnet18', 'pretrained': False, 'method': 'lwf', 'n_epochs': 1, 'batch_size': 32, 'num_workers': 0, 'lr': 0.03, 'momentum': 0.9, 'weight_decay': 0.0001, 'fp16': False, 'buffer_size': 200, 'ewc_lambda': 100.0, 'fisher_samples': 200, 'si_lambda': 1.0, 'si_xi': 0.1, 'der_alpha': 0.5, 'xder_beta': 0.5, 'lwf_lambda': 1.0, 'lwf_temp': 2.0, 'icarl_distill_w': 1.0, 'icarl_temp': 2.0, 'use_nmc': True, 'agem_mem_batch': 64, 'distill_lambda': 1.0, 'distill_temp': 2.0, 'pc_distill_w': 1.0, 'pc_ewc_lambda': 100.0, 'pc_compress_epochs': 3, 'er_replay_ratio': 0.5, 'joint_replay_epochs': 1, 'disable_tqdm': True, 'seeds': [42, 123, 456, 789, 1024], 'checkpoint_dir': 'results/checkpoints', 'figure_dir': 'results/figures', 'log_dir': 'results/raw', 'run_name': 'split_cifar10_lwf_seed789', 'seed': 789}
[23:52:38] Device: cuda
[23:52:39] Dataset: SplitCIFAR10(tasks=5, classes_per_task=2, scenario=class-il)
[23:52:39] 
============================================================
 Task 1/5  | Classes (0, 2)
============================================================
[23:52:39] Task 0 baseline (before training): 0.00%
[23:52:50] task=0  epoch=0  train_loss=0.5182
[23:52:51] task=0  epoch=END  time_sec=10.3  acc_task0=85.1
[23:52:51] 
============================================================
 Task 2/5  | Classes (2, 4)
============================================================
[23:52:51] Task 1 baseline (before training): 0.00%
[23:53:03] task=1  epoch=0  train_loss=0.7834
[23:53:05] task=1  epoch=END  time_sec=12.0  acc_task0=0.0  acc_task1=72.2
[23:53:05] 
============================================================
 Task 3/5  | Classes (4, 6)
============================================================
[23:53:05] Task 2 baseline (before training): 0.00%
[23:53:17] task=2  epoch=0  train_loss=0.6564
[23:53:20] task=2  epoch=END  time_sec=11.9  acc_task0=0.0  acc_task1=0.0  acc_task2=80.1
[23:53:20] 
============================================================
 Task 4/5  | Classes (6, 8)
============================================================
[23:53:21] Task 3 baseline (before training): 0.00%
[23:53:33] task=3  epoch=0  train_loss=0.7923
[23:53:36] task=3  epoch=END  time_sec=12.0  acc_task0=0.0  acc_task1=0.0  acc_task2=0.0  acc_task3=86.65
[23:53:36] 
============================================================
 Task 5/5  | Classes (8, 10)
============================================================
[23:53:36] Task 4 baseline (before training): 0.00%
[23:53:48] task=4  epoch=0  train_loss=0.9862
[23:53:52] task=4  epoch=END  time_sec=11.9  acc_task0=0.0  acc_task1=0.0  acc_task2=0.0  acc_task3=0.0  acc_task4=72.5
[23:53:52] 
Final Metrics:
  avg_accuracy         +14.5000
  forgetting           +81.0125
  backward_transfer    -81.0125
  forward_transfer     +0.0000
[23:53:52] 
Done - run: split_cifar10_lwf_seed789
[23:53:52] Metrics: {'avg_accuracy': 14.5, 'forgetting': 81.0125, 'backward_transfer': -81.0125, 'forward_transfer': 0.0}
