[15:31:23] Starting: split_cifar10_agem_distill_buf200_seed42
[15:31:23] Config: {'dataset': 'split_cifar10', 'data_root': 'Project/data_local', 'model': 'slim_resnet18', 'pretrained': False, 'method': 'agem_distill', 'n_epochs': 1, 'batch_size': 32, 'num_workers': 0, 'lr': 0.03, 'momentum': 0.9, 'weight_decay': 0.0001, 'fp16': False, 'buffer_size': 200, 'ewc_lambda': 100.0, 'fisher_samples': 200, 'si_lambda': 1.0, 'si_xi': 0.1, 'der_alpha': 0.5, 'xder_beta': 0.5, 'lwf_lambda': 1.0, 'lwf_temp': 2.0, 'icarl_distill_w': 1.0, 'icarl_temp': 2.0, 'use_nmc': True, 'agem_mem_batch': 64, 'distill_lambda': 1.0, 'distill_temp': 2.0, 'pc_distill_w': 1.0, 'pc_ewc_lambda': 100.0, 'pc_compress_epochs': 3, 'er_replay_ratio': 0.5, 'joint_replay_epochs': 1, 'disable_tqdm': True, 'disable_checkpoints': True, 'disable_plots': True, 'seeds': [42, 123, 456, 789, 1024], 'results_root': 'results_phase3_ablations', 'checkpoint_dir': 'results/checkpoints', 'figure_dir': 'results_phase3_ablations\\figures', 'log_dir': 'results_phase3_ablations\\raw', 'run_tag': 'buf200', 'run_name': 'split_cifar10_agem_distill_buf200_seed42', 'seed': 42}
[15:31:23] Device: cuda
[15:31:25] Dataset: SplitCIFAR10(tasks=5, classes_per_task=2, scenario=class-il)
[15:31:25] 
============================================================
 Task 1/5  | Classes (0, 2)
============================================================
[15:31:25] Task 0 baseline (chance): 50.00%
[15:31:52] task=0  epoch=0  train_loss=1.0174
[15:31:53] task=0  epoch=END  time_sec=27.1  acc_task0=83.3
[15:31:53] 
============================================================
 Task 2/5  | Classes (2, 4)
============================================================
[15:31:53] Task 1 baseline (chance): 25.00%
[15:31:54] Task 1 zero-shot (pre-train): 0.00%
[15:32:24] task=1  epoch=0  train_loss=10.1424
[15:32:26] task=1  epoch=END  time_sec=29.4  acc_task0=69.15  acc_task1=54.7
[15:32:26] 
============================================================
 Task 3/5  | Classes (4, 6)
============================================================
[15:32:26] Task 2 baseline (chance): 16.67%
[15:32:27] Task 2 zero-shot (pre-train): 0.00%
[15:32:57] task=2  epoch=0  train_loss=10.3225
[15:33:00] task=2  epoch=END  time_sec=29.5  acc_task0=62.85  acc_task1=18.2  acc_task2=38.4
[15:33:00] 
============================================================
 Task 4/5  | Classes (6, 8)
============================================================
[15:33:00] Task 3 baseline (chance): 12.50%
[15:33:01] Task 3 zero-shot (pre-train): 0.00%
[15:33:31] task=3  epoch=0  train_loss=9.6278
[15:33:35] task=3  epoch=END  time_sec=29.4  acc_task0=49.8  acc_task1=20.3  acc_task2=17.85  acc_task3=39.05
[15:33:35] 
============================================================
 Task 5/5  | Classes (8, 10)
============================================================
[15:33:35] Task 4 baseline (chance): 10.00%
[15:33:36] Task 4 zero-shot (pre-train): 0.00%
[15:34:06] task=4  epoch=0  train_loss=8.8391
[15:34:11] task=4  epoch=END  time_sec=29.4  acc_task0=16.55  acc_task1=19.0  acc_task2=15.95  acc_task3=28.95  acc_task4=49.2
[15:34:11] 
Final Metrics:
  avg_accuracy         +25.9300
  forgetting           +33.7500
  backward_transfer    -33.7500
  forward_transfer     -16.0417
[15:34:11] 
Done - run: split_cifar10_agem_distill_buf200_seed42
[15:34:11] Metrics: {'avg_accuracy': 25.93, 'forgetting': 33.75, 'backward_transfer': -33.75, 'forward_transfer': -16.0417}
