[13:23:15] Starting: split_cifar10_xder_buf200_seed789
[13:23:15] Config: {'dataset': 'split_cifar10', 'data_root': 'Project/data_local', 'model': 'slim_resnet18', 'pretrained': False, 'method': 'xder', 'n_epochs': 1, 'batch_size': 32, 'num_workers': 0, 'lr': 0.03, 'momentum': 0.9, 'weight_decay': 0.0001, 'fp16': False, 'buffer_size': 200, 'ewc_lambda': 100.0, 'fisher_samples': 200, 'si_lambda': 1.0, 'si_xi': 0.1, 'der_alpha': 0.5, 'xder_beta': 0.5, 'lwf_lambda': 1.0, 'lwf_temp': 2.0, 'icarl_distill_w': 1.0, 'icarl_temp': 2.0, 'use_nmc': True, 'agem_mem_batch': 64, 'distill_lambda': 1.0, 'distill_temp': 2.0, 'pc_distill_w': 1.0, 'pc_ewc_lambda': 100.0, 'pc_compress_epochs': 3, 'er_replay_ratio': 0.5, 'joint_replay_epochs': 1, 'disable_tqdm': True, 'disable_checkpoints': True, 'disable_plots': True, 'seeds': [42, 123, 456, 789, 1024], 'results_root': 'd:\\Catastrophic Forgetting\\results_phase3_ablations', 'checkpoint_dir': 'results/checkpoints', 'figure_dir': 'd:\\Catastrophic Forgetting\\results_phase3_ablations\\figures', 'log_dir': 'd:\\Catastrophic Forgetting\\results_phase3_ablations\\raw', 'run_tag': 'buf200', 'run_name': 'split_cifar10_xder_buf200_seed789', 'seed': 789}
[13:23:15] Device: cuda
[13:23:17] Dataset: SplitCIFAR10(tasks=5, classes_per_task=2, scenario=class-il)
[13:23:17] 
============================================================
 Task 1/5  | Classes (0, 2)
============================================================
[13:23:17] Task 0 baseline (chance): 50.00%
[13:23:43] task=0  epoch=0  train_loss=2.1646
[13:23:45] task=0  epoch=END  time_sec=25.3  acc_task0=81.7
[13:23:45] 
============================================================
 Task 2/5  | Classes (2, 4)
============================================================
[13:23:45] Task 1 baseline (chance): 25.00%
[13:23:46] Task 1 zero-shot (pre-train): 1.65%
[13:24:11] task=1  epoch=0  train_loss=1.5471
[13:24:15] task=1  epoch=END  time_sec=25.2  acc_task0=7.75  acc_task1=73.25
[13:24:15] 
============================================================
 Task 3/5  | Classes (4, 6)
============================================================
[13:24:15] Task 2 baseline (chance): 16.67%
[13:24:16] Task 2 zero-shot (pre-train): 0.00%
[13:24:41] task=2  epoch=0  train_loss=1.6707
[13:24:46] task=2  epoch=END  time_sec=25.0  acc_task0=6.55  acc_task1=1.1  acc_task2=77.1
[13:24:46] 
============================================================
 Task 4/5  | Classes (6, 8)
============================================================
[13:24:46] Task 3 baseline (chance): 12.50%
[13:24:47] Task 3 zero-shot (pre-train): 0.00%
[13:25:12] task=3  epoch=0  train_loss=1.5123
[13:25:19] task=3  epoch=END  time_sec=25.1  acc_task0=6.7  acc_task1=1.6  acc_task2=1.6  acc_task3=88.4
[13:25:19] 
============================================================
 Task 5/5  | Classes (8, 10)
============================================================
[13:25:19] Task 4 baseline (chance): 10.00%
[13:25:20] Task 4 zero-shot (pre-train): 0.00%
[13:25:45] task=4  epoch=0  train_loss=1.2842
[13:25:52] task=4  epoch=END  time_sec=25.2  acc_task0=1.05  acc_task1=0.35  acc_task2=0.8  acc_task3=1.0  acc_task4=87.3
[13:25:52] 
Final Metrics:
  avg_accuracy         +18.1000
  forgetting           +79.3125
  backward_transfer    -79.3125
  forward_transfer     -15.6292
[13:25:52] 
Done - run: split_cifar10_xder_buf200_seed789
[13:25:52] Metrics: {'avg_accuracy': 18.1, 'forgetting': 79.3125, 'backward_transfer': -79.3125, 'forward_transfer': -15.6292}
