[17:59:53] Starting: split_cifar10_er_ewc_lambda10_seed42
[17:59:53] Config: {'dataset': 'split_cifar10', 'data_root': 'Project/data_local', 'model': 'slim_resnet18', 'pretrained': False, 'method': 'er_ewc', 'n_epochs': 1, 'batch_size': 32, 'num_workers': 0, 'lr': 0.03, 'momentum': 0.9, 'weight_decay': 0.0001, 'fp16': False, 'buffer_size': 200, 'ewc_lambda': 10.0, 'fisher_samples': 200, 'si_lambda': 1.0, 'si_xi': 0.1, 'der_alpha': 0.5, 'xder_beta': 0.5, 'lwf_lambda': 1.0, 'lwf_temp': 2.0, 'icarl_distill_w': 1.0, 'icarl_temp': 2.0, 'use_nmc': True, 'agem_mem_batch': 64, 'distill_lambda': 1.0, 'distill_temp': 2.0, 'pc_distill_w': 1.0, 'pc_ewc_lambda': 100.0, 'pc_compress_epochs': 3, 'er_replay_ratio': 0.5, 'joint_replay_epochs': 1, 'disable_tqdm': True, 'disable_checkpoints': True, 'disable_plots': True, 'seeds': [42, 123, 456, 789, 1024], 'results_root': 'results_phase3_ablations', 'checkpoint_dir': 'results/checkpoints', 'figure_dir': 'results_phase3_ablations\\figures', 'log_dir': 'results_phase3_ablations\\raw', 'run_tag': 'lambda10', 'run_name': 'split_cifar10_er_ewc_lambda10_seed42', 'seed': 42}
[17:59:53] Device: cuda
[17:59:55] Dataset: SplitCIFAR10(tasks=5, classes_per_task=2, scenario=class-il)
[17:59:55] 
============================================================
 Task 1/5  | Classes (0, 2)
============================================================
[17:59:55] Task 0 baseline (chance): 50.00%
[18:00:10] task=0  epoch=0  train_loss=0.4102
[18:00:11] task=0  epoch=END  time_sec=14.8  acc_task0=86.6
[18:00:11] 
============================================================
 Task 2/5  | Classes (2, 4)
============================================================
[18:00:11] Task 1 baseline (chance): 25.00%
[18:00:12] Task 1 zero-shot (pre-train): 0.65%
[18:00:34] task=1  epoch=0  train_loss=0.6825
[18:00:36] task=1  epoch=END  time_sec=21.9  acc_task0=25.0  acc_task1=74.0
[18:00:36] 
============================================================
 Task 3/5  | Classes (4, 6)
============================================================
[18:00:36] Task 2 baseline (chance): 16.67%
[18:00:37] Task 2 zero-shot (pre-train): 0.00%
[18:01:06] task=2  epoch=0  train_loss=0.7026
[18:01:09] task=2  epoch=END  time_sec=29.7  acc_task0=58.1  acc_task1=7.45  acc_task2=74.3
[18:01:09] 
============================================================
 Task 4/5  | Classes (6, 8)
============================================================
[18:01:09] Task 3 baseline (chance): 12.50%
[18:01:10] Task 3 zero-shot (pre-train): 0.00%
[18:01:47] task=3  epoch=0  train_loss=0.4825
[18:01:51] task=3  epoch=END  time_sec=37.3  acc_task0=11.0  acc_task1=1.4  acc_task2=2.9  acc_task3=88.5
[18:01:51] 
============================================================
 Task 5/5  | Classes (8, 10)
============================================================
[18:01:51] Task 4 baseline (chance): 10.00%
[18:01:52] Task 4 zero-shot (pre-train): 0.00%
[18:02:37] task=4  epoch=0  train_loss=0.4905
[18:02:42] task=4  epoch=END  time_sec=44.9  acc_task0=1.55  acc_task1=1.75  acc_task2=3.45  acc_task3=12.9  acc_task4=91.45
[18:02:42] 
Final Metrics:
  avg_accuracy         +22.2200
  forgetting           +75.9375
  backward_transfer    -75.9375
  forward_transfer     -15.8792
[18:02:42] 
Done - run: split_cifar10_er_ewc_lambda10_seed42
[18:02:42] Metrics: {'avg_accuracy': 22.22, 'forgetting': 75.9375, 'backward_transfer': -75.9375, 'forward_transfer': -15.8792}
