[18:02:42] Starting: split_cifar10_er_ewc_lambda10_seed123
[18:02:42] Config: {'dataset': 'split_cifar10', 'data_root': 'Project/data_local', 'model': 'slim_resnet18', 'pretrained': False, 'method': 'er_ewc', 'n_epochs': 1, 'batch_size': 32, 'num_workers': 0, 'lr': 0.03, 'momentum': 0.9, 'weight_decay': 0.0001, 'fp16': False, 'buffer_size': 200, 'ewc_lambda': 10.0, 'fisher_samples': 200, 'si_lambda': 1.0, 'si_xi': 0.1, 'der_alpha': 0.5, 'xder_beta': 0.5, 'lwf_lambda': 1.0, 'lwf_temp': 2.0, 'icarl_distill_w': 1.0, 'icarl_temp': 2.0, 'use_nmc': True, 'agem_mem_batch': 64, 'distill_lambda': 1.0, 'distill_temp': 2.0, 'pc_distill_w': 1.0, 'pc_ewc_lambda': 100.0, 'pc_compress_epochs': 3, 'er_replay_ratio': 0.5, 'joint_replay_epochs': 1, 'disable_tqdm': True, 'disable_checkpoints': True, 'disable_plots': True, 'seeds': [42, 123, 456, 789, 1024], 'results_root': 'results_phase3_ablations', 'checkpoint_dir': 'results/checkpoints', 'figure_dir': 'results_phase3_ablations\\figures', 'log_dir': 'results_phase3_ablations\\raw', 'run_tag': 'lambda10', 'run_name': 'split_cifar10_er_ewc_lambda10_seed123', 'seed': 123}
[18:02:42] Device: cuda
[18:02:43] Dataset: SplitCIFAR10(tasks=5, classes_per_task=2, scenario=class-il)
[18:02:43] 
============================================================
 Task 1/5  | Classes (0, 2)
============================================================
[18:02:43] Task 0 baseline (chance): 50.00%
[18:02:58] task=0  epoch=0  train_loss=0.4347
[18:02:59] task=0  epoch=END  time_sec=14.6  acc_task0=86.75
[18:02:59] 
============================================================
 Task 2/5  | Classes (2, 4)
============================================================
[18:02:59] Task 1 baseline (chance): 25.00%
[18:03:00] Task 1 zero-shot (pre-train): 3.45%
[18:03:22] task=1  epoch=0  train_loss=0.6541
[18:03:24] task=1  epoch=END  time_sec=22.2  acc_task0=51.25  acc_task1=72.2
[18:03:24] 
============================================================
 Task 3/5  | Classes (4, 6)
============================================================
[18:03:24] Task 2 baseline (chance): 16.67%
[18:03:25] Task 2 zero-shot (pre-train): 0.00%
[18:03:55] task=2  epoch=0  train_loss=0.7233
[18:03:58] task=2  epoch=END  time_sec=29.7  acc_task0=43.0  acc_task1=2.5  acc_task2=74.45
[18:03:58] 
============================================================
 Task 4/5  | Classes (6, 8)
============================================================
[18:03:58] Task 3 baseline (chance): 12.50%
[18:03:59] Task 3 zero-shot (pre-train): 0.00%
[18:04:36] task=3  epoch=0  train_loss=0.4931
[18:04:40] task=3  epoch=END  time_sec=37.2  acc_task0=37.6  acc_task1=2.1  acc_task2=1.85  acc_task3=84.2
[18:04:40] 
============================================================
 Task 5/5  | Classes (8, 10)
============================================================
[18:04:40] Task 4 baseline (chance): 10.00%
[18:04:41] Task 4 zero-shot (pre-train): 0.00%
[18:05:25] task=4  epoch=0  train_loss=0.4224
[18:05:30] task=4  epoch=END  time_sec=44.6  acc_task0=3.75  acc_task1=4.95  acc_task2=6.4  acc_task3=39.1  acc_task4=89.4
[18:05:30] 
Final Metrics:
  avg_accuracy         +28.7200
  forgetting           +65.8500
  backward_transfer    -65.8500
  forward_transfer     -15.1792
[18:05:30] 
Done - run: split_cifar10_er_ewc_lambda10_seed123
[18:05:30] Metrics: {'avg_accuracy': 28.72, 'forgetting': 65.85, 'backward_transfer': -65.85, 'forward_transfer': -15.1792}
