[18:11:07] Starting: split_cifar10_er_ewc_lambda10_seed1024
[18:11:07] Config: {'dataset': 'split_cifar10', 'data_root': 'Project/data_local', 'model': 'slim_resnet18', 'pretrained': False, 'method': 'er_ewc', 'n_epochs': 1, 'batch_size': 32, 'num_workers': 0, 'lr': 0.03, 'momentum': 0.9, 'weight_decay': 0.0001, 'fp16': False, 'buffer_size': 200, 'ewc_lambda': 10.0, 'fisher_samples': 200, 'si_lambda': 1.0, 'si_xi': 0.1, 'der_alpha': 0.5, 'xder_beta': 0.5, 'lwf_lambda': 1.0, 'lwf_temp': 2.0, 'icarl_distill_w': 1.0, 'icarl_temp': 2.0, 'use_nmc': True, 'agem_mem_batch': 64, 'distill_lambda': 1.0, 'distill_temp': 2.0, 'pc_distill_w': 1.0, 'pc_ewc_lambda': 100.0, 'pc_compress_epochs': 3, 'er_replay_ratio': 0.5, 'joint_replay_epochs': 1, 'disable_tqdm': True, 'disable_checkpoints': True, 'disable_plots': True, 'seeds': [42, 123, 456, 789, 1024], 'results_root': 'results_phase3_ablations', 'checkpoint_dir': 'results/checkpoints', 'figure_dir': 'results_phase3_ablations\\figures', 'log_dir': 'results_phase3_ablations\\raw', 'run_tag': 'lambda10', 'run_name': 'split_cifar10_er_ewc_lambda10_seed1024', 'seed': 1024}
[18:11:07] Device: cuda
[18:11:08] Dataset: SplitCIFAR10(tasks=5, classes_per_task=2, scenario=class-il)
[18:11:08] 
============================================================
 Task 1/5  | Classes (0, 2)
============================================================
[18:11:08] Task 0 baseline (chance): 50.00%
[18:11:23] task=0  epoch=0  train_loss=0.377
[18:11:24] task=0  epoch=END  time_sec=14.7  acc_task0=84.9
[18:11:24] 
============================================================
 Task 2/5  | Classes (2, 4)
============================================================
[18:11:24] Task 1 baseline (chance): 25.00%
[18:11:25] Task 1 zero-shot (pre-train): 0.00%
[18:11:47] task=1  epoch=0  train_loss=0.6547
[18:11:49] task=1  epoch=END  time_sec=22.2  acc_task0=51.6  acc_task1=72.75
[18:11:49] 
============================================================
 Task 3/5  | Classes (4, 6)
============================================================
[18:11:49] Task 2 baseline (chance): 16.67%
[18:11:50] Task 2 zero-shot (pre-train): 0.00%
[18:12:20] task=2  epoch=0  train_loss=0.6455
[18:12:23] task=2  epoch=END  time_sec=29.9  acc_task0=40.6  acc_task1=4.0  acc_task2=78.75
[18:12:23] 
============================================================
 Task 4/5  | Classes (6, 8)
============================================================
[18:12:23] Task 3 baseline (chance): 12.50%
[18:12:24] Task 3 zero-shot (pre-train): 0.00%
[18:13:01] task=3  epoch=0  train_loss=0.454
[18:13:05] task=3  epoch=END  time_sec=37.6  acc_task0=42.65  acc_task1=0.4  acc_task2=1.2  acc_task3=90.0
[18:13:05] 
============================================================
 Task 5/5  | Classes (8, 10)
============================================================
[18:13:05] Task 4 baseline (chance): 10.00%
[18:13:06] Task 4 zero-shot (pre-train): 0.00%
[18:13:51] task=4  epoch=0  train_loss=0.4179
[18:13:55] task=4  epoch=END  time_sec=44.6  acc_task0=10.4  acc_task1=1.45  acc_task2=2.05  acc_task3=37.4  acc_task4=91.7
[18:13:55] 
Final Metrics:
  avg_accuracy         +28.6000
  forgetting           +68.7750
  backward_transfer    -68.7750
  forward_transfer     -16.0417
[18:13:55] 
Done - run: split_cifar10_er_ewc_lambda10_seed1024
[18:13:55] Metrics: {'avg_accuracy': 28.6, 'forgetting': 68.775, 'backward_transfer': -68.775, 'forward_transfer': -16.0417}
