[01:12:16] Starting: split_cifar100_der_seed1024
[01:12:16] Config: {'dataset': 'split_cifar100', 'data_root': 'F:\\Temp\\cf\\Catastrophic Forgetting\\research_v2\\Project\\data_local', 'dataset_image_size': None, 'dataset_out_channels': None, 'model': 'slim_resnet18', 'pretrained': False, 'model_image_size': None, 'method': 'der', 'n_epochs': 1, 'batch_size': 32, 'num_workers': 0, 'lr': 0.03, 'momentum': 0.9, 'weight_decay': 0.0001, 'fp16': True, 'buffer_size': 200, 'ewc_lambda': 100.0, 'fisher_samples': 200, 'si_lambda': 1.0, 'si_xi': 0.1, 'der_alpha': 0.5, 'xder_beta': 0.5, 'lwf_lambda': 1.0, 'lwf_temp': 2.0, 'icarl_distill_w': 1.0, 'icarl_temp': 2.0, 'use_nmc': True, 'agem_mem_batch': 64, 'distill_lambda': 1.0, 'distill_temp': 2.0, 'pc_distill_w': 1.0, 'pc_ewc_lambda': 100.0, 'pc_compress_epochs': 3, 'er_replay_ratio': 0.5, 'joint_replay_epochs': 1, 'disable_tqdm': True, 'disable_checkpoints': False, 'disable_plots': False, 'resume': True, 'cleanup_checkpoints_on_success': True, 'result_group': 'runs', 'ablation_family': None, 'seeds': [42, 123, 456, 789, 1024], 'results_root': 'F:\\Temp\\cf\\Catastrophic Forgetting\\research_v2\\results', 'seed': 1024, 'run_name': 'split_cifar100_der_seed1024', 'project_root': 'F:\\Temp\\cf\\Catastrophic Forgetting\\research_v2\\Project', 'workspace_root': 'F:\\Temp\\cf\\Catastrophic Forgetting\\research_v2', 'run_root': 'F:\\Temp\\cf\\Catastrophic Forgetting\\research_v2\\results\\runs\\epoch_1\\split_cifar100\\hybrids\\der\\seed_1024', 'log_dir': 'F:\\Temp\\cf\\Catastrophic Forgetting\\research_v2\\results\\runs\\epoch_1\\split_cifar100\\hybrids\\der\\seed_1024\\logs', 'metrics_dir': 'F:\\Temp\\cf\\Catastrophic Forgetting\\research_v2\\results\\runs\\epoch_1\\split_cifar100\\hybrids\\der\\seed_1024\\metrics', 'checkpoint_dir': 'F:\\Temp\\cf\\Catastrophic Forgetting\\research_v2\\results\\runs\\epoch_1\\split_cifar100\\hybrids\\der\\seed_1024\\checkpoints', 'artifact_dir': 'F:\\Temp\\cf\\Catastrophic Forgetting\\research_v2\\results\\runs\\epoch_1\\split_cifar100\\hybrids\\der\\seed_1024\\artifacts', 'figure_dir': 'F:\\Temp\\cf\\Catastrophic Forgetting\\research_v2\\results\\figures\\epoch_1\\split_cifar100\\hybrids\\der\\seed_1024'}
[01:12:16] Device: cuda
[01:12:18] Dataset: SplitCIFAR100(tasks=20, classes_per_task=5, scenario=class-il)
[01:12:18] 
============================================================
 Task 1/20  | Classes (0, 5)
============================================================
[01:12:18] Task 0 baseline (chance): 20.00%
[01:12:24] task=0  epoch=0  train_loss=1.7598
[01:12:24] task=0  epoch=END  time_sec=5.5  acc_task0=56.8
[01:12:24] 
============================================================
 Task 2/20  | Classes (5, 10)
============================================================
[01:12:24] Task 1 baseline (chance): 10.00%
[01:12:24] Task 1 zero-shot (pre-train): 3.00%
[01:12:30] task=1  epoch=0  train_loss=1.9027
[01:12:30] task=1  epoch=END  time_sec=5.5  acc_task0=0.0  acc_task1=52.0
[01:12:30] 
============================================================
 Task 3/20  | Classes (10, 15)
============================================================
[01:12:30] Task 2 baseline (chance): 6.67%
[01:12:30] Task 2 zero-shot (pre-train): 0.00%
[01:12:36] task=2  epoch=0  train_loss=2.0875
[01:12:36] task=2  epoch=END  time_sec=5.5  acc_task0=0.0  acc_task1=0.0  acc_task2=45.8
[01:12:36] 
============================================================
 Task 4/20  | Classes (15, 20)
============================================================
[01:12:36] Task 3 baseline (chance): 5.00%
[01:12:37] Task 3 zero-shot (pre-train): 0.00%
[01:12:43] task=3  epoch=0  train_loss=2.5569
[01:12:43] task=3  epoch=END  time_sec=6.0  acc_task0=0.0  acc_task1=0.0  acc_task2=0.0  acc_task3=44.0
[01:12:44] 
============================================================
 Task 5/20  | Classes (20, 25)
============================================================
[01:12:44] Task 4 baseline (chance): 4.00%
[01:12:44] Task 4 zero-shot (pre-train): 0.00%
[01:12:50] task=4  epoch=0  train_loss=3.3682
[01:12:50] task=4  epoch=END  time_sec=5.7  acc_task0=0.0  acc_task1=0.0  acc_task2=0.0  acc_task3=0.0  acc_task4=52.0
[01:12:51] 
============================================================
 Task 6/20  | Classes (25, 30)
============================================================
[01:12:51] Task 5 baseline (chance): 3.33%
[01:12:51] Task 5 zero-shot (pre-train): 0.00%
[01:12:57] task=5  epoch=0  train_loss=3.6362
[01:12:58] task=5  epoch=END  time_sec=5.9  acc_task0=0.0  acc_task1=0.0  acc_task2=0.0  acc_task3=0.0  acc_task4=0.0  acc_task5=33.6
[01:12:58] 
============================================================
 Task 7/20  | Classes (30, 35)
============================================================
[01:12:58] Task 6 baseline (chance): 2.86%
[01:12:58] Task 6 zero-shot (pre-train): 0.00%
[01:13:04] task=6  epoch=0  train_loss=3.946
[01:13:06] task=6  epoch=END  time_sec=5.8  acc_task0=0.0  acc_task1=0.0  acc_task2=0.0  acc_task3=0.0  acc_task4=0.0  acc_task5=0.0  acc_task6=39.2
[01:13:06] 
============================================================
 Task 8/20  | Classes (35, 40)
============================================================
[01:13:06] Task 7 baseline (chance): 2.50%
[01:13:06] Task 7 zero-shot (pre-train): 0.00%
[01:13:12] task=7  epoch=0  train_loss=4.6503
[01:13:13] task=7  epoch=END  time_sec=5.7  acc_task0=0.0  acc_task1=0.0  acc_task2=0.0  acc_task3=0.0  acc_task4=0.0  acc_task5=0.0  acc_task6=0.0  acc_task7=36.2
[01:13:13] 
============================================================
 Task 9/20  | Classes (40, 45)
============================================================
[01:13:13] Task 8 baseline (chance): 2.22%
[01:13:13] Task 8 zero-shot (pre-train): 0.00%
[01:13:19] task=8  epoch=0  train_loss=4.2902
[01:13:21] task=8  epoch=END  time_sec=5.7  acc_task0=0.0  acc_task1=0.0  acc_task2=0.0  acc_task3=0.0  acc_task4=0.0  acc_task5=0.0  acc_task6=0.0  acc_task7=0.0  acc_task8=33.6
[01:13:21] 
============================================================
 Task 10/20  | Classes (45, 50)
============================================================
[01:13:21] Task 9 baseline (chance): 2.00%
[01:13:21] Task 9 zero-shot (pre-train): 0.00%
[01:13:27] task=9  epoch=0  train_loss=5.2108
[01:13:29] task=9  epoch=END  time_sec=5.6  acc_task0=0.0  acc_task1=0.0  acc_task2=0.0  acc_task3=0.0  acc_task4=0.0  acc_task5=0.0  acc_task6=0.0  acc_task7=0.0  acc_task8=0.0  acc_task9=37.0
[01:13:29] 
============================================================
 Task 11/20  | Classes (50, 55)
============================================================
[01:13:29] Task 10 baseline (chance): 1.82%
[01:13:29] Task 10 zero-shot (pre-train): 0.00%
[01:13:35] task=10  epoch=0  train_loss=5.1206
[01:13:37] task=10  epoch=END  time_sec=5.5  acc_task0=0.0  acc_task1=0.0  acc_task2=0.0  acc_task3=0.0  acc_task4=0.0  acc_task5=0.0  acc_task6=0.0  acc_task7=0.0  acc_task8=0.0  acc_task9=0.0  acc_task10=45.6
[01:13:37] 
============================================================
 Task 12/20  | Classes (55, 60)
============================================================
[01:13:37] Task 11 baseline (chance): 1.67%
[01:13:37] Task 11 zero-shot (pre-train): 0.00%
[01:13:43] task=11  epoch=0  train_loss=5.6391
[01:13:45] task=11  epoch=END  time_sec=5.4  acc_task0=0.0  acc_task1=0.0  acc_task2=0.0  acc_task3=0.0  acc_task4=0.0  acc_task5=0.0  acc_task6=0.0  acc_task7=0.0  acc_task8=0.0  acc_task9=0.0  acc_task10=0.0  acc_task11=33.8
[01:13:45] 
============================================================
 Task 13/20  | Classes (60, 65)
============================================================
[01:13:45] Task 12 baseline (chance): 1.54%
[01:13:45] Task 12 zero-shot (pre-train): 0.00%
[01:13:51] task=12  epoch=0  train_loss=6.1548
[01:13:53] task=12  epoch=END  time_sec=5.6  acc_task0=0.0  acc_task1=0.0  acc_task2=0.0  acc_task3=0.0  acc_task4=0.0  acc_task5=0.0  acc_task6=0.0  acc_task7=0.0  acc_task8=0.0  acc_task9=0.0  acc_task10=0.0  acc_task11=0.0  acc_task12=38.4
[01:13:53] 
============================================================
 Task 14/20  | Classes (65, 70)
============================================================
[01:13:53] Task 13 baseline (chance): 1.43%
[01:13:54] Task 13 zero-shot (pre-train): 0.00%
[01:13:59] task=13  epoch=0  train_loss=6.0853
[01:14:02] task=13  epoch=END  time_sec=5.7  acc_task0=0.0  acc_task1=0.0  acc_task2=0.0  acc_task3=0.0  acc_task4=0.0  acc_task5=0.0  acc_task6=0.0  acc_task7=0.0  acc_task8=0.0  acc_task9=0.0  acc_task10=0.0  acc_task11=0.0  acc_task12=0.0  acc_task13=34.4
[01:14:02] 
============================================================
 Task 15/20  | Classes (70, 75)
============================================================
[01:14:02] Task 14 baseline (chance): 1.33%
[01:14:02] Task 14 zero-shot (pre-train): 0.00%
[01:14:08] task=14  epoch=0  train_loss=5.9433
[01:14:11] task=14  epoch=END  time_sec=5.6  acc_task0=0.0  acc_task1=0.0  acc_task2=0.0  acc_task3=0.0  acc_task4=0.0  acc_task5=0.0  acc_task6=0.0  acc_task7=0.0  acc_task8=0.0  acc_task9=0.0  acc_task10=0.0  acc_task11=0.0  acc_task12=0.0  acc_task13=0.0  acc_task14=52.8
[01:14:11] 
============================================================
 Task 16/20  | Classes (75, 80)
============================================================
[01:14:11] Task 15 baseline (chance): 1.25%
[01:14:11] Task 15 zero-shot (pre-train): 0.00%
[01:14:17] task=15  epoch=0  train_loss=6.1208
[01:14:20] task=15  epoch=END  time_sec=5.7  acc_task0=0.0  acc_task1=0.0  acc_task2=0.0  acc_task3=0.0  acc_task4=0.0  acc_task5=0.0  acc_task6=0.0  acc_task7=0.0  acc_task8=0.0  acc_task9=0.0  acc_task10=0.0  acc_task11=0.0  acc_task12=0.0  acc_task13=0.0  acc_task14=0.0  acc_task15=39.4
[01:14:21] 
============================================================
 Task 17/20  | Classes (80, 85)
============================================================
[01:14:21] Task 16 baseline (chance): 1.18%
[01:14:21] Task 16 zero-shot (pre-train): 0.00%
[01:14:26] task=16  epoch=0  train_loss=6.2642
[01:14:30] task=16  epoch=END  time_sec=5.7  acc_task0=0.0  acc_task1=0.0  acc_task2=0.0  acc_task3=0.0  acc_task4=0.0  acc_task5=0.0  acc_task6=0.0  acc_task7=0.0  acc_task8=0.0  acc_task9=0.0  acc_task10=0.0  acc_task11=0.0  acc_task12=0.0  acc_task13=0.0  acc_task14=0.0  acc_task15=0.0  acc_task16=44.6
[01:14:30] 
============================================================
 Task 18/20  | Classes (85, 90)
============================================================
[01:14:30] Task 17 baseline (chance): 1.11%
[01:14:30] Task 17 zero-shot (pre-train): 0.00%
[01:14:36] task=17  epoch=0  train_loss=6.6693
[01:14:40] task=17  epoch=END  time_sec=5.7  acc_task0=0.0  acc_task1=0.0  acc_task2=0.0  acc_task3=0.0  acc_task4=0.0  acc_task5=0.0  acc_task6=0.0  acc_task7=0.0  acc_task8=0.0  acc_task9=0.0  acc_task10=0.0  acc_task11=0.0  acc_task12=0.0  acc_task13=0.0  acc_task14=0.0  acc_task15=0.0  acc_task16=0.0  acc_task17=42.4
[01:14:40] 
============================================================
 Task 19/20  | Classes (90, 95)
============================================================
[01:14:40] Task 18 baseline (chance): 1.05%
[01:14:40] Task 18 zero-shot (pre-train): 0.00%
[01:14:46] task=18  epoch=0  train_loss=5.9279
[01:14:49] task=18  epoch=END  time_sec=5.6  acc_task0=0.0  acc_task1=0.0  acc_task2=0.0  acc_task3=0.0  acc_task4=0.0  acc_task5=0.0  acc_task6=0.0  acc_task7=0.0  acc_task8=0.0  acc_task9=0.0  acc_task10=0.0  acc_task11=0.0  acc_task12=0.0  acc_task13=0.0  acc_task14=0.0  acc_task15=0.0  acc_task16=0.0  acc_task17=0.0  acc_task18=45.8
[01:14:49] 
============================================================
 Task 20/20  | Classes (95, 100)
============================================================
[01:14:49] Task 19 baseline (chance): 1.00%
[01:14:49] Task 19 zero-shot (pre-train): 0.00%
[01:14:55] task=19  epoch=0  train_loss=6.3458
[01:14:59] task=19  epoch=END  time_sec=5.5  acc_task0=0.0  acc_task1=0.0  acc_task2=0.0  acc_task3=0.0  acc_task4=0.0  acc_task5=0.0  acc_task6=0.0  acc_task7=0.0  acc_task8=0.0  acc_task9=0.0  acc_task10=0.0  acc_task11=0.0  acc_task12=0.0  acc_task13=0.0  acc_task14=0.0  acc_task15=0.0  acc_task16=0.0  acc_task17=0.0  acc_task18=0.0  acc_task19=42.6
[01:14:59] 
Final Metrics:
  avg_accuracy         +2.1300
  forgetting           +42.4947
  backward_transfer    -42.4947
  forward_transfer     -2.5766
[01:15:02] 
Done - run: split_cifar100_der_seed1024
[01:15:02] Metrics: {'avg_accuracy': 2.13, 'forgetting': 42.4947, 'backward_transfer': -42.4947, 'forward_transfer': -2.5766}
[01:15:02] Deleted 20 checkpoint(s) after successful completion.
