[15:06:36] Starting: split_cifar10_er_ewc_buf500_seed456
[15:06:36] Config: {'dataset': 'split_cifar10', 'data_root': 'Project/data_local', 'model': 'slim_resnet18', 'pretrained': False, 'method': 'er_ewc', 'n_epochs': 1, 'batch_size': 32, 'num_workers': 0, 'lr': 0.03, 'momentum': 0.9, 'weight_decay': 0.0001, 'fp16': False, 'buffer_size': 500, 'ewc_lambda': 100.0, 'fisher_samples': 200, 'si_lambda': 1.0, 'si_xi': 0.1, 'der_alpha': 0.5, 'xder_beta': 0.5, 'lwf_lambda': 1.0, 'lwf_temp': 2.0, 'icarl_distill_w': 1.0, 'icarl_temp': 2.0, 'use_nmc': True, 'agem_mem_batch': 64, 'distill_lambda': 1.0, 'distill_temp': 2.0, 'pc_distill_w': 1.0, 'pc_ewc_lambda': 100.0, 'pc_compress_epochs': 3, 'er_replay_ratio': 0.5, 'joint_replay_epochs': 1, 'disable_tqdm': True, 'disable_checkpoints': True, 'disable_plots': True, 'seeds': [42, 123, 456, 789, 1024], 'results_root': 'results_phase3_ablations', 'checkpoint_dir': 'results/checkpoints', 'figure_dir': 'results_phase3_ablations\\figures', 'log_dir': 'results_phase3_ablations\\raw', 'run_tag': 'buf500', 'run_name': 'split_cifar10_er_ewc_buf500_seed456', 'seed': 456}
[15:06:36] Device: cuda
[15:06:38] Dataset: SplitCIFAR10(tasks=5, classes_per_task=2, scenario=class-il)
[15:06:38] 
============================================================
 Task 1/5  | Classes (0, 2)
============================================================
[15:06:38] Task 0 baseline (chance): 50.00%
[15:06:55] task=0  epoch=0  train_loss=0.3836
[15:06:56] task=0  epoch=END  time_sec=16.8  acc_task0=87.05
[15:06:56] 
============================================================
 Task 2/5  | Classes (2, 4)
============================================================
[15:06:56] Task 1 baseline (chance): 25.00%
[15:06:57] Task 1 zero-shot (pre-train): 0.75%
[15:07:23] task=1  epoch=0  train_loss=0.752
[15:07:26] task=1  epoch=END  time_sec=25.8  acc_task0=55.05  acc_task1=72.4
[15:07:26] 
============================================================
 Task 3/5  | Classes (4, 6)
============================================================
[15:07:26] Task 2 baseline (chance): 16.67%
[15:07:27] Task 2 zero-shot (pre-train): 0.00%
[15:08:03] task=2  epoch=0  train_loss=0.8882
[15:08:07] task=2  epoch=END  time_sec=36.4  acc_task0=69.0  acc_task1=0.5  acc_task2=78.95
[15:08:07] 
============================================================
 Task 4/5  | Classes (6, 8)
============================================================
[15:08:07] Task 3 baseline (chance): 12.50%
[15:08:08] Task 3 zero-shot (pre-train): 0.00%
[15:08:55] task=3  epoch=0  train_loss=0.6944
[15:09:00] task=3  epoch=END  time_sec=46.8  acc_task0=66.4  acc_task1=10.35  acc_task2=1.45  acc_task3=90.8
[15:09:00] 
============================================================
 Task 5/5  | Classes (8, 10)
============================================================
[15:09:00] Task 4 baseline (chance): 10.00%
[15:09:01] Task 4 zero-shot (pre-train): 0.00%
[15:10:00] task=4  epoch=0  train_loss=0.5749
[15:10:06] task=4  epoch=END  time_sec=58.9  acc_task0=12.5  acc_task1=10.7  acc_task2=35.35  acc_task3=55.85  acc_task4=87.85
[15:10:06] 
Final Metrics:
  avg_accuracy         +40.4500
  forgetting           +53.7000
  backward_transfer    -53.7000
  forward_transfer     -15.8542
[15:10:06] 
Done - run: split_cifar10_er_ewc_buf500_seed456
[15:10:06] Metrics: {'avg_accuracy': 40.45, 'forgetting': 53.7, 'backward_transfer': -53.7, 'forward_transfer': -15.8542}
