[15:13:37] Starting: split_cifar10_er_ewc_buf500_seed1024
[15:13:37] Config: {'dataset': 'split_cifar10', 'data_root': 'Project/data_local', 'model': 'slim_resnet18', 'pretrained': False, 'method': 'er_ewc', 'n_epochs': 1, 'batch_size': 32, 'num_workers': 0, 'lr': 0.03, 'momentum': 0.9, 'weight_decay': 0.0001, 'fp16': False, 'buffer_size': 500, 'ewc_lambda': 100.0, 'fisher_samples': 200, 'si_lambda': 1.0, 'si_xi': 0.1, 'der_alpha': 0.5, 'xder_beta': 0.5, 'lwf_lambda': 1.0, 'lwf_temp': 2.0, 'icarl_distill_w': 1.0, 'icarl_temp': 2.0, 'use_nmc': True, 'agem_mem_batch': 64, 'distill_lambda': 1.0, 'distill_temp': 2.0, 'pc_distill_w': 1.0, 'pc_ewc_lambda': 100.0, 'pc_compress_epochs': 3, 'er_replay_ratio': 0.5, 'joint_replay_epochs': 1, 'disable_tqdm': True, 'disable_checkpoints': True, 'disable_plots': True, 'seeds': [42, 123, 456, 789, 1024], 'results_root': 'results_phase3_ablations', 'checkpoint_dir': 'results/checkpoints', 'figure_dir': 'results_phase3_ablations\\figures', 'log_dir': 'results_phase3_ablations\\raw', 'run_tag': 'buf500', 'run_name': 'split_cifar10_er_ewc_buf500_seed1024', 'seed': 1024}
[15:13:37] Device: cuda
[15:13:39] Dataset: SplitCIFAR10(tasks=5, classes_per_task=2, scenario=class-il)
[15:13:39] 
============================================================
 Task 1/5  | Classes (0, 2)
============================================================
[15:13:39] Task 0 baseline (chance): 50.00%
[15:13:56] task=0  epoch=0  train_loss=0.3844
[15:13:57] task=0  epoch=END  time_sec=16.9  acc_task0=87.1
[15:13:57] 
============================================================
 Task 2/5  | Classes (2, 4)
============================================================
[15:13:57] Task 1 baseline (chance): 25.00%
[15:13:59] Task 1 zero-shot (pre-train): 0.35%
[15:14:24] task=1  epoch=0  train_loss=0.7617
[15:14:27] task=1  epoch=END  time_sec=25.9  acc_task0=61.45  acc_task1=74.75
[15:14:27] 
============================================================
 Task 3/5  | Classes (4, 6)
============================================================
[15:14:27] Task 2 baseline (chance): 16.67%
[15:14:28] Task 2 zero-shot (pre-train): 0.00%
[15:15:04] task=2  epoch=0  train_loss=0.7952
[15:15:08] task=2  epoch=END  time_sec=36.1  acc_task0=55.75  acc_task1=15.95  acc_task2=77.8
[15:15:08] 
============================================================
 Task 4/5  | Classes (6, 8)
============================================================
[15:15:08] Task 3 baseline (chance): 12.50%
[15:15:09] Task 3 zero-shot (pre-train): 0.00%
[15:15:56] task=3  epoch=0  train_loss=0.5729
[15:16:01] task=3  epoch=END  time_sec=46.8  acc_task0=55.2  acc_task1=8.95  acc_task2=4.8  acc_task3=86.6
[15:16:01] 
============================================================
 Task 5/5  | Classes (8, 10)
============================================================
[15:16:01] Task 4 baseline (chance): 10.00%
[15:16:02] Task 4 zero-shot (pre-train): 0.00%
[15:17:01] task=4  epoch=0  train_loss=0.4727
[15:17:07] task=4  epoch=END  time_sec=59.7  acc_task0=14.75  acc_task1=6.35  acc_task2=16.95  acc_task3=42.4  acc_task4=92.3
[15:17:07] 
Final Metrics:
  avg_accuracy         +34.5500
  forgetting           +61.4500
  backward_transfer    -61.4500
  forward_transfer     -15.9542
[15:17:07] 
Done - run: split_cifar10_er_ewc_buf500_seed1024
[15:17:07] Metrics: {'avg_accuracy': 34.55, 'forgetting': 61.45, 'backward_transfer': -61.45, 'forward_transfer': -15.9542}
