[18:39:58] Starting: split_cifar10_icarl_resumecheck_seed456
[18:39:58] Config: {'dataset': 'split_cifar10', 'data_root': 'F:\\Temp\\cf\\Catastrophic Forgetting\\research_v2\\Project\\data_local', 'dataset_image_size': None, 'dataset_out_channels': None, 'model': 'slim_resnet18', 'pretrained': False, 'model_image_size': None, 'method': 'icarl', 'n_epochs': 1, 'batch_size': 32, 'num_workers': 0, 'lr': 0.03, 'momentum': 0.9, 'weight_decay': 0.0001, 'fp16': False, 'buffer_size': 500, 'ewc_lambda': 100.0, 'fisher_samples': 200, 'si_lambda': 1.0, 'si_xi': 0.1, 'der_alpha': 0.5, 'xder_beta': 0.5, 'lwf_lambda': 1.0, 'lwf_temp': 2.0, 'icarl_distill_w': 1.0, 'icarl_temp': 2.0, 'use_nmc': True, 'agem_mem_batch': 64, 'distill_lambda': 1.0, 'distill_temp': 2.0, 'pc_distill_w': 1.0, 'pc_ewc_lambda': 100.0, 'pc_compress_epochs': 3, 'er_replay_ratio': 0.5, 'joint_replay_epochs': 1, 'disable_tqdm': True, 'disable_checkpoints': False, 'disable_plots': True, 'resume': False, 'cleanup_checkpoints_on_success': False, 'result_group': 'ablations', 'ablation_family': 'robustness', 'seeds': [42, 123, 456], 'results_root': 'F:\\Temp\\cf\\Catastrophic Forgetting\\research_v2\\results', 'run_tag': 'resumecheck', 'robustness_stop_task': 1, 'stop_after_task': 1, 'seed': 456, 'run_name': 'split_cifar10_icarl_resumecheck_seed456', 'project_root': 'F:\\Temp\\cf\\Catastrophic Forgetting\\research_v2\\Project', 'workspace_root': 'F:\\Temp\\cf\\Catastrophic Forgetting\\research_v2', 'run_root': 'F:\\Temp\\cf\\Catastrophic Forgetting\\research_v2\\results\\ablations\\epoch_1\\split_cifar10\\robustness\\icarl__resumecheck\\seed_456', 'log_dir': 'F:\\Temp\\cf\\Catastrophic Forgetting\\research_v2\\results\\ablations\\epoch_1\\split_cifar10\\robustness\\icarl__resumecheck\\seed_456\\logs', 'metrics_dir': 'F:\\Temp\\cf\\Catastrophic Forgetting\\research_v2\\results\\ablations\\epoch_1\\split_cifar10\\robustness\\icarl__resumecheck\\seed_456\\metrics', 'checkpoint_dir': 'F:\\Temp\\cf\\Catastrophic Forgetting\\research_v2\\results\\ablations\\epoch_1\\split_cifar10\\robustness\\icarl__resumecheck\\seed_456\\checkpoints', 'artifact_dir': 'F:\\Temp\\cf\\Catastrophic Forgetting\\research_v2\\results\\ablations\\epoch_1\\split_cifar10\\robustness\\icarl__resumecheck\\seed_456\\artifacts', 'figure_dir': 'F:\\Temp\\cf\\Catastrophic Forgetting\\research_v2\\results\\figures\\ablations\\epoch_1\\split_cifar10\\robustness\\icarl__resumecheck\\seed_456'}
[18:39:58] Device: cuda
[18:40:00] Dataset: SplitCIFAR10(tasks=5, classes_per_task=2, scenario=class-il)
[18:40:00] 
============================================================
 Task 1/5  | Classes (0, 2)
============================================================
[18:40:00] Task 0 baseline (chance): 50.00%
[18:40:15] task=0  epoch=0  train_loss=0.5142
[18:40:30] task=0  epoch=END  time_sec=14.7  acc_task0=82.3
[18:40:30] 
============================================================
 Task 2/5  | Classes (2, 4)
============================================================
[18:40:30] Task 1 baseline (chance): 25.00%
[18:40:32] Task 1 zero-shot (pre-train): 0.00%
[18:40:51] task=1  epoch=0  train_loss=0.6574
[18:41:02] task=1  epoch=END  time_sec=18.9  acc_task0=51.2  acc_task1=58.9
[18:41:03] Planned early stop after task 1. Checkpoint saved for resume/restart robustness testing.
[18:41:03] Run stopped intentionally before completion; final metrics and plots were skipped so this checkpoint can be resumed later.
[18:41:03] Starting: split_cifar10_icarl_resumecheck_seed456
[18:41:03] Config: {'dataset': 'split_cifar10', 'data_root': 'F:\\Temp\\cf\\Catastrophic Forgetting\\research_v2\\Project\\data_local', 'dataset_image_size': None, 'dataset_out_channels': None, 'model': 'slim_resnet18', 'pretrained': False, 'model_image_size': None, 'method': 'icarl', 'n_epochs': 1, 'batch_size': 32, 'num_workers': 0, 'lr': 0.03, 'momentum': 0.9, 'weight_decay': 0.0001, 'fp16': False, 'buffer_size': 500, 'ewc_lambda': 100.0, 'fisher_samples': 200, 'si_lambda': 1.0, 'si_xi': 0.1, 'der_alpha': 0.5, 'xder_beta': 0.5, 'lwf_lambda': 1.0, 'lwf_temp': 2.0, 'icarl_distill_w': 1.0, 'icarl_temp': 2.0, 'use_nmc': True, 'agem_mem_batch': 64, 'distill_lambda': 1.0, 'distill_temp': 2.0, 'pc_distill_w': 1.0, 'pc_ewc_lambda': 100.0, 'pc_compress_epochs': 3, 'er_replay_ratio': 0.5, 'joint_replay_epochs': 1, 'disable_tqdm': True, 'disable_checkpoints': False, 'disable_plots': True, 'resume': True, 'cleanup_checkpoints_on_success': True, 'result_group': 'ablations', 'ablation_family': 'robustness', 'seeds': [42, 123, 456], 'results_root': 'F:\\Temp\\cf\\Catastrophic Forgetting\\research_v2\\results', 'run_tag': 'resumecheck', 'robustness_stop_task': 1, 'seed': 456, 'run_name': 'split_cifar10_icarl_resumecheck_seed456', 'project_root': 'F:\\Temp\\cf\\Catastrophic Forgetting\\research_v2\\Project', 'workspace_root': 'F:\\Temp\\cf\\Catastrophic Forgetting\\research_v2', 'run_root': 'F:\\Temp\\cf\\Catastrophic Forgetting\\research_v2\\results\\ablations\\epoch_1\\split_cifar10\\robustness\\icarl__resumecheck\\seed_456', 'log_dir': 'F:\\Temp\\cf\\Catastrophic Forgetting\\research_v2\\results\\ablations\\epoch_1\\split_cifar10\\robustness\\icarl__resumecheck\\seed_456\\logs', 'metrics_dir': 'F:\\Temp\\cf\\Catastrophic Forgetting\\research_v2\\results\\ablations\\epoch_1\\split_cifar10\\robustness\\icarl__resumecheck\\seed_456\\metrics', 'checkpoint_dir': 'F:\\Temp\\cf\\Catastrophic Forgetting\\research_v2\\results\\ablations\\epoch_1\\split_cifar10\\robustness\\icarl__resumecheck\\seed_456\\checkpoints', 'artifact_dir': 'F:\\Temp\\cf\\Catastrophic Forgetting\\research_v2\\results\\ablations\\epoch_1\\split_cifar10\\robustness\\icarl__resumecheck\\seed_456\\artifacts', 'figure_dir': 'F:\\Temp\\cf\\Catastrophic Forgetting\\research_v2\\results\\figures\\ablations\\epoch_1\\split_cifar10\\robustness\\icarl__resumecheck\\seed_456'}
[18:41:03] Device: cuda
[18:41:05] Dataset: SplitCIFAR10(tasks=5, classes_per_task=2, scenario=class-il)
[18:41:06] Resumed from checkpoint: F:\Temp\cf\Catastrophic Forgetting\research_v2\results\ablations\epoch_1\split_cifar10\robustness\icarl__resumecheck\seed_456\checkpoints\split_cifar10_icarl_resumecheck_seed456_task1.pt
[18:41:06] Next task index: 2
[18:41:06] 
============================================================
 Task 3/5  | Classes (4, 6)
============================================================
[18:41:06] Task 2 baseline (chance): 16.67%
[18:41:07] Task 2 zero-shot (pre-train): 0.00%
[18:41:21] task=2  epoch=0  train_loss=0.644
[18:41:27] task=2  epoch=END  time_sec=13.8  acc_task0=51.45  acc_task1=19.85  acc_task2=58.05
[18:41:27] 
============================================================
 Task 4/5  | Classes (6, 8)
============================================================
[18:41:27] Task 3 baseline (chance): 12.50%
[18:41:28] Task 3 zero-shot (pre-train): 0.00%
[18:41:43] task=3  epoch=0  train_loss=0.7256
[18:41:56] task=3  epoch=END  time_sec=14.8  acc_task0=37.9  acc_task1=4.35  acc_task2=31.55  acc_task3=59.35
[18:41:56] 
============================================================
 Task 5/5  | Classes (8, 10)
============================================================
[18:41:56] Task 4 baseline (chance): 10.00%
[18:41:57] Task 4 zero-shot (pre-train): 0.00%
[18:42:15] task=4  epoch=0  train_loss=0.9638
[18:42:25] task=4  epoch=END  time_sec=17.5  acc_task0=25.35  acc_task1=8.45  acc_task2=24.6  acc_task3=48.85  acc_task4=26.65
[18:42:26] 
Final Metrics:
  avg_accuracy         +26.7800
  forgetting           +37.8375
  backward_transfer    -37.8375
  forward_transfer     -16.0417
[18:42:26] 
Done - run: split_cifar10_icarl_resumecheck_seed456
[18:42:26] Metrics: {'avg_accuracy': 26.78, 'forgetting': 37.8375, 'backward_transfer': -37.8375, 'forward_transfer': -16.0417}
[18:42:26] Deleted 5 checkpoint(s) after successful completion.
