[01:23:30] Starting: split_cifar10_fine_tune_seed42
[01:23:30] Config: {'dataset': 'split_cifar10', 'data_root': 'F:\\Temp\\cf\\Catastrophic Forgetting\\research_v2\\Project\\data_local', 'dataset_image_size': None, 'dataset_out_channels': None, 'model': 'slim_resnet18', 'pretrained': False, 'model_image_size': None, 'method': 'fine_tune', 'n_epochs': 1, 'batch_size': 32, 'num_workers': 0, 'lr': 0.03, 'momentum': 0.9, 'weight_decay': 0.0001, 'fp16': False, 'buffer_size': 200, 'ewc_lambda': 100.0, 'fisher_samples': 200, 'si_lambda': 1.0, 'si_xi': 0.1, 'der_alpha': 0.5, 'xder_beta': 0.5, 'lwf_lambda': 1.0, 'lwf_temp': 2.0, 'icarl_distill_w': 1.0, 'icarl_temp': 2.0, 'use_nmc': True, 'agem_mem_batch': 64, 'distill_lambda': 1.0, 'distill_temp': 2.0, 'pc_distill_w': 1.0, 'pc_ewc_lambda': 100.0, 'pc_compress_epochs': 3, 'er_replay_ratio': 0.5, 'joint_replay_epochs': 1, 'disable_tqdm': True, 'disable_checkpoints': False, 'disable_plots': False, 'resume': True, 'cleanup_checkpoints_on_success': True, 'result_group': 'runs', 'ablation_family': None, 'seeds': [42, 123, 456, 789, 1024], 'results_root': 'F:\\Temp\\cf\\Catastrophic Forgetting\\research_v2\\results', 'seed': 42, 'run_name': 'split_cifar10_fine_tune_seed42', 'project_root': 'F:\\Temp\\cf\\Catastrophic Forgetting\\research_v2\\Project', 'workspace_root': 'F:\\Temp\\cf\\Catastrophic Forgetting\\research_v2', 'run_root': 'F:\\Temp\\cf\\Catastrophic Forgetting\\research_v2\\results\\runs\\epoch_1\\split_cifar10\\baselines\\fine_tune\\seed_42', 'log_dir': 'F:\\Temp\\cf\\Catastrophic Forgetting\\research_v2\\results\\runs\\epoch_1\\split_cifar10\\baselines\\fine_tune\\seed_42\\logs', 'metrics_dir': 'F:\\Temp\\cf\\Catastrophic Forgetting\\research_v2\\results\\runs\\epoch_1\\split_cifar10\\baselines\\fine_tune\\seed_42\\metrics', 'checkpoint_dir': 'F:\\Temp\\cf\\Catastrophic Forgetting\\research_v2\\results\\runs\\epoch_1\\split_cifar10\\baselines\\fine_tune\\seed_42\\checkpoints', 'artifact_dir': 'F:\\Temp\\cf\\Catastrophic Forgetting\\research_v2\\results\\runs\\epoch_1\\split_cifar10\\baselines\\fine_tune\\seed_42\\artifacts', 'figure_dir': 'F:\\Temp\\cf\\Catastrophic Forgetting\\research_v2\\results\\figures\\epoch_1\\split_cifar10\\baselines\\fine_tune\\seed_42'}
[01:23:30] Device: cuda
[01:23:32] Dataset: SplitCIFAR10(tasks=5, classes_per_task=2, scenario=class-il)
[01:23:32] 
============================================================
 Task 1/5  | Classes (0, 2)
============================================================
[01:23:32] Task 0 baseline (chance): 50.00%
[01:23:43] task=0  epoch=0  train_loss=0.5767
[01:23:44] task=0  epoch=END  time_sec=11.2  acc_task0=75.25
[01:23:44] 
============================================================
 Task 2/5  | Classes (2, 4)
============================================================
[01:23:44] Task 1 baseline (chance): 25.00%
[01:23:45] Task 1 zero-shot (pre-train): 0.15%
[01:23:56] task=1  epoch=0  train_loss=0.6118
[01:23:57] task=1  epoch=END  time_sec=10.8  acc_task0=0.0  acc_task1=74.25
[01:23:57] 
============================================================
 Task 3/5  | Classes (4, 6)
============================================================
[01:23:57] Task 2 baseline (chance): 16.67%
[01:23:58] Task 2 zero-shot (pre-train): 0.00%
[01:24:11] task=2  epoch=0  train_loss=0.6526
[01:24:13] task=2  epoch=END  time_sec=12.6  acc_task0=0.0  acc_task1=0.0  acc_task2=75.0
[01:24:13] 
============================================================
 Task 4/5  | Classes (6, 8)
============================================================
[01:24:13] Task 3 baseline (chance): 12.50%
[01:24:14] Task 3 zero-shot (pre-train): 0.00%
[01:24:26] task=3  epoch=0  train_loss=0.6335
[01:24:30] task=3  epoch=END  time_sec=12.0  acc_task0=0.0  acc_task1=0.0  acc_task2=0.0  acc_task3=84.25
[01:24:30] 
============================================================
 Task 5/5  | Classes (8, 10)
============================================================
[01:24:30] Task 4 baseline (chance): 10.00%
[01:24:31] Task 4 zero-shot (pre-train): 0.00%
[01:24:43] task=4  epoch=0  train_loss=0.6688
[01:24:47] task=4  epoch=END  time_sec=12.0  acc_task0=0.0  acc_task1=0.0  acc_task2=0.0  acc_task3=0.0  acc_task4=77.6
[01:24:47] 
Final Metrics:
  avg_accuracy         +15.5200
  forgetting           +77.1875
  backward_transfer    -77.1875
  forward_transfer     -16.0042
[01:24:48] 
Done - run: split_cifar10_fine_tune_seed42
[01:24:48] Metrics: {'avg_accuracy': 15.52, 'forgetting': 77.1875, 'backward_transfer': -77.1875, 'forward_transfer': -16.0042}
[01:24:48] Deleted 5 checkpoint(s) after successful completion.
