[02:38:12] Starting: split_cifar10_ewc_lambda1_seed789
[02:38:12] Config: {'dataset': 'split_cifar10', 'data_root': 'F:\\Temp\\cf\\Catastrophic Forgetting\\research_v2\\Project\\data_local', 'dataset_image_size': None, 'dataset_out_channels': None, 'model': 'slim_resnet18', 'pretrained': False, 'model_image_size': None, 'method': 'ewc', 'n_epochs': 1, 'batch_size': 32, 'num_workers': 0, 'lr': 0.03, 'momentum': 0.9, 'weight_decay': 0.0001, 'fp16': False, 'buffer_size': 200, 'ewc_lambda': 1.0, 'fisher_samples': 200, 'si_lambda': 1.0, 'si_xi': 0.1, 'der_alpha': 0.5, 'xder_beta': 0.5, 'lwf_lambda': 1.0, 'lwf_temp': 2.0, 'icarl_distill_w': 1.0, 'icarl_temp': 2.0, 'use_nmc': True, 'agem_mem_batch': 64, 'distill_lambda': 1.0, 'distill_temp': 2.0, 'pc_distill_w': 1.0, 'pc_ewc_lambda': 100.0, 'pc_compress_epochs': 3, 'er_replay_ratio': 0.5, 'joint_replay_epochs': 1, 'disable_tqdm': True, 'disable_checkpoints': False, 'disable_plots': True, 'resume': False, 'cleanup_checkpoints_on_success': True, 'result_group': 'ablations', 'ablation_family': 'lambda', 'seeds': [42, 123, 456, 789, 1024], 'results_root': 'F:\\Temp\\cf\\Catastrophic Forgetting\\research_v2\\results', 'run_tag': 'lambda1', 'seed': 789, 'run_name': 'split_cifar10_ewc_lambda1_seed789', 'project_root': 'F:\\Temp\\cf\\Catastrophic Forgetting\\research_v2\\Project', 'workspace_root': 'F:\\Temp\\cf\\Catastrophic Forgetting\\research_v2', 'run_root': 'F:\\Temp\\cf\\Catastrophic Forgetting\\research_v2\\results\\ablations\\epoch_1\\split_cifar10\\lambda\\ewc__lambda1\\seed_789', 'log_dir': 'F:\\Temp\\cf\\Catastrophic Forgetting\\research_v2\\results\\ablations\\epoch_1\\split_cifar10\\lambda\\ewc__lambda1\\seed_789\\logs', 'metrics_dir': 'F:\\Temp\\cf\\Catastrophic Forgetting\\research_v2\\results\\ablations\\epoch_1\\split_cifar10\\lambda\\ewc__lambda1\\seed_789\\metrics', 'checkpoint_dir': 'F:\\Temp\\cf\\Catastrophic Forgetting\\research_v2\\results\\ablations\\epoch_1\\split_cifar10\\lambda\\ewc__lambda1\\seed_789\\checkpoints', 'artifact_dir': 'F:\\Temp\\cf\\Catastrophic Forgetting\\research_v2\\results\\ablations\\epoch_1\\split_cifar10\\lambda\\ewc__lambda1\\seed_789\\artifacts', 'figure_dir': 'F:\\Temp\\cf\\Catastrophic Forgetting\\research_v2\\results\\figures\\ablations\\epoch_1\\split_cifar10\\lambda\\ewc__lambda1\\seed_789'}
[02:38:12] Device: cuda
[02:38:15] Dataset: SplitCIFAR10(tasks=5, classes_per_task=2, scenario=class-il)
[02:38:15] 
============================================================
 Task 1/5  | Classes (0, 2)
============================================================
[02:38:15] Task 0 baseline (chance): 50.00%
[02:38:31] task=0  epoch=0  train_loss=0.5285
[02:38:32] task=0  epoch=END  time_sec=15.8  acc_task0=80.15
[02:38:32] 
============================================================
 Task 2/5  | Classes (2, 4)
============================================================
[02:38:32] Task 1 baseline (chance): 25.00%
[02:38:33] Task 1 zero-shot (pre-train): 4.90%
[02:39:02] task=1  epoch=0  train_loss=0.6208
[02:39:05] task=1  epoch=END  time_sec=28.9  acc_task0=0.0  acc_task1=71.1
[02:39:05] 
============================================================
 Task 3/5  | Classes (4, 6)
============================================================
[02:39:05] Task 2 baseline (chance): 16.67%
[02:39:06] Task 2 zero-shot (pre-train): 0.00%
[02:39:49] task=2  epoch=0  train_loss=0.6161
[02:39:52] task=2  epoch=END  time_sec=42.1  acc_task0=0.0  acc_task1=0.0  acc_task2=77.55
[02:39:53] 
============================================================
 Task 4/5  | Classes (6, 8)
============================================================
[02:39:53] Task 3 baseline (chance): 12.50%
[02:39:54] Task 3 zero-shot (pre-train): 0.00%
[02:40:46] task=3  epoch=0  train_loss=0.628
[02:40:50] task=3  epoch=END  time_sec=52.4  acc_task0=0.0  acc_task1=0.0  acc_task2=0.0  acc_task3=84.95
[02:40:50] 
============================================================
 Task 5/5  | Classes (8, 10)
============================================================
[02:40:50] Task 4 baseline (chance): 10.00%
[02:40:51] Task 4 zero-shot (pre-train): 0.00%
[02:41:38] task=4  epoch=0  train_loss=0.6671
[02:41:43] task=4  epoch=END  time_sec=46.8  acc_task0=0.0  acc_task1=0.0  acc_task2=0.0  acc_task3=0.0  acc_task4=80.0
[02:41:44] 
Final Metrics:
  avg_accuracy         +16.0000
  forgetting           +78.4375
  backward_transfer    -78.4375
  forward_transfer     -14.8167
[02:41:44] 
Done - run: split_cifar10_ewc_lambda1_seed789
[02:41:44] Metrics: {'avg_accuracy': 16.0, 'forgetting': 78.4375, 'backward_transfer': -78.4375, 'forward_transfer': -14.8167}
[02:41:44] Deleted 5 checkpoint(s) after successful completion.
