[00:48:22] Starting: split_cifar100_agem_distill_seed123
[00:48:22] Config: {'dataset': 'split_cifar100', 'data_root': 'F:\\Temp\\cf\\Catastrophic Forgetting\\research_v2\\Project\\data_local', 'dataset_image_size': None, 'dataset_out_channels': None, 'model': 'slim_resnet18', 'pretrained': False, 'model_image_size': None, 'method': 'agem_distill', 'n_epochs': 1, 'batch_size': 32, 'num_workers': 0, 'lr': 0.03, 'momentum': 0.9, 'weight_decay': 0.0001, 'fp16': True, 'buffer_size': 200, 'ewc_lambda': 100.0, 'fisher_samples': 200, 'si_lambda': 1.0, 'si_xi': 0.1, 'der_alpha': 0.5, 'xder_beta': 0.5, 'lwf_lambda': 1.0, 'lwf_temp': 2.0, 'icarl_distill_w': 1.0, 'icarl_temp': 2.0, 'use_nmc': True, 'agem_mem_batch': 64, 'distill_lambda': 1.0, 'distill_temp': 2.0, 'pc_distill_w': 1.0, 'pc_ewc_lambda': 100.0, 'pc_compress_epochs': 3, 'er_replay_ratio': 0.5, 'joint_replay_epochs': 1, 'disable_tqdm': True, 'disable_checkpoints': False, 'disable_plots': False, 'resume': True, 'cleanup_checkpoints_on_success': True, 'result_group': 'runs', 'ablation_family': None, 'seeds': [42, 123, 456, 789, 1024], 'results_root': 'F:\\Temp\\cf\\Catastrophic Forgetting\\research_v2\\results', 'seed': 123, 'run_name': 'split_cifar100_agem_distill_seed123', 'project_root': 'F:\\Temp\\cf\\Catastrophic Forgetting\\research_v2\\Project', 'workspace_root': 'F:\\Temp\\cf\\Catastrophic Forgetting\\research_v2', 'run_root': 'F:\\Temp\\cf\\Catastrophic Forgetting\\research_v2\\results\\runs\\epoch_1\\split_cifar100\\hybrids\\agem_distill\\seed_123', 'log_dir': 'F:\\Temp\\cf\\Catastrophic Forgetting\\research_v2\\results\\runs\\epoch_1\\split_cifar100\\hybrids\\agem_distill\\seed_123\\logs', 'metrics_dir': 'F:\\Temp\\cf\\Catastrophic Forgetting\\research_v2\\results\\runs\\epoch_1\\split_cifar100\\hybrids\\agem_distill\\seed_123\\metrics', 'checkpoint_dir': 'F:\\Temp\\cf\\Catastrophic Forgetting\\research_v2\\results\\runs\\epoch_1\\split_cifar100\\hybrids\\agem_distill\\seed_123\\checkpoints', 'artifact_dir': 'F:\\Temp\\cf\\Catastrophic Forgetting\\research_v2\\results\\runs\\epoch_1\\split_cifar100\\hybrids\\agem_distill\\seed_123\\artifacts', 'figure_dir': 'F:\\Temp\\cf\\Catastrophic Forgetting\\research_v2\\results\\figures\\epoch_1\\split_cifar100\\hybrids\\agem_distill\\seed_123'}
[00:48:22] Device: cuda
[00:48:24] Dataset: SplitCIFAR100(tasks=20, classes_per_task=5, scenario=class-il)
[00:48:24] 
============================================================
 Task 1/20  | Classes (0, 5)
============================================================
[00:48:24] Task 0 baseline (chance): 20.00%
[00:48:28] task=0  epoch=0  train_loss=1.452
[00:48:28] task=0  epoch=END  time_sec=3.8  acc_task0=46.4
[00:48:28] 
============================================================
 Task 2/20  | Classes (5, 10)
============================================================
[00:48:28] Task 1 baseline (chance): 10.00%
[00:48:28] Task 1 zero-shot (pre-train): 0.00%
[00:48:35] task=1  epoch=0  train_loss=1.8713
[00:48:36] task=1  epoch=END  time_sec=6.5  acc_task0=0.0  acc_task1=43.4
[00:48:36] 
============================================================
 Task 3/20  | Classes (10, 15)
============================================================
[00:48:36] Task 2 baseline (chance): 6.67%
[00:48:36] Task 2 zero-shot (pre-train): 0.00%
[00:48:43] task=2  epoch=0  train_loss=1.7686
[00:48:44] task=2  epoch=END  time_sec=7.1  acc_task0=0.0  acc_task1=0.0  acc_task2=37.8
[00:48:44] 
============================================================
 Task 4/20  | Classes (15, 20)
============================================================
[00:48:44] Task 3 baseline (chance): 5.00%
[00:48:44] Task 3 zero-shot (pre-train): 0.00%
[00:48:51] task=3  epoch=0  train_loss=2.1559
[00:48:52] task=3  epoch=END  time_sec=7.1  acc_task0=0.0  acc_task1=0.0  acc_task2=0.0  acc_task3=52.4
[00:48:52] 
============================================================
 Task 5/20  | Classes (20, 25)
============================================================
[00:48:52] Task 4 baseline (chance): 4.00%
[00:48:52] Task 4 zero-shot (pre-train): 0.00%
[00:48:59] task=4  epoch=0  train_loss=2.3765
[00:49:00] task=4  epoch=END  time_sec=7.3  acc_task0=0.0  acc_task1=0.0  acc_task2=0.0  acc_task3=0.0  acc_task4=53.8
[00:49:00] 
============================================================
 Task 6/20  | Classes (25, 30)
============================================================
[00:49:00] Task 5 baseline (chance): 3.33%
[00:49:01] Task 5 zero-shot (pre-train): 0.00%
[00:49:08] task=5  epoch=0  train_loss=3.166
[00:49:10] task=5  epoch=END  time_sec=7.7  acc_task0=0.0  acc_task1=0.0  acc_task2=0.0  acc_task3=0.0  acc_task4=0.0  acc_task5=39.6
[00:49:10] 
============================================================
 Task 7/20  | Classes (30, 35)
============================================================
[00:49:10] Task 6 baseline (chance): 2.86%
[00:49:10] Task 6 zero-shot (pre-train): 0.00%
[00:49:17] task=6  epoch=0  train_loss=2.7875
[00:49:18] task=6  epoch=END  time_sec=7.3  acc_task0=0.0  acc_task1=0.0  acc_task2=0.0  acc_task3=0.0  acc_task4=0.0  acc_task5=0.0  acc_task6=46.6
[00:49:18] 
============================================================
 Task 8/20  | Classes (35, 40)
============================================================
[00:49:18] Task 7 baseline (chance): 2.50%
[00:49:19] Task 7 zero-shot (pre-train): 0.00%
[00:49:26] task=7  epoch=0  train_loss=3.3773
[00:49:28] task=7  epoch=END  time_sec=7.5  acc_task0=0.0  acc_task1=0.0  acc_task2=0.0  acc_task3=0.0  acc_task4=0.0  acc_task5=0.0  acc_task6=0.0  acc_task7=48.2
[00:49:28] 
============================================================
 Task 9/20  | Classes (40, 45)
============================================================
[00:49:28] Task 8 baseline (chance): 2.22%
[00:49:28] Task 8 zero-shot (pre-train): 0.00%
[00:49:35] task=8  epoch=0  train_loss=3.8093
[00:49:36] task=8  epoch=END  time_sec=7.0  acc_task0=0.0  acc_task1=0.0  acc_task2=0.0  acc_task3=0.0  acc_task4=0.0  acc_task5=0.0  acc_task6=0.0  acc_task7=0.0  acc_task8=38.8
[00:49:36] 
============================================================
 Task 10/20  | Classes (45, 50)
============================================================
[00:49:36] Task 9 baseline (chance): 2.00%
[00:49:37] Task 9 zero-shot (pre-train): 0.00%
[00:49:43] task=9  epoch=0  train_loss=3.2953
[00:49:45] task=9  epoch=END  time_sec=6.4  acc_task0=0.0  acc_task1=0.0  acc_task2=0.0  acc_task3=0.0  acc_task4=0.0  acc_task5=0.0  acc_task6=0.0  acc_task7=0.0  acc_task8=0.0  acc_task9=54.4
[00:49:45] 
============================================================
 Task 11/20  | Classes (50, 55)
============================================================
[00:49:45] Task 10 baseline (chance): 1.82%
[00:49:45] Task 10 zero-shot (pre-train): 0.00%
[00:49:52] task=10  epoch=0  train_loss=3.3239
[00:49:54] task=10  epoch=END  time_sec=6.8  acc_task0=0.0  acc_task1=0.0  acc_task2=0.0  acc_task3=0.0  acc_task4=0.0  acc_task5=0.0  acc_task6=0.0  acc_task7=0.0  acc_task8=0.0  acc_task9=0.0  acc_task10=60.8
[00:49:54] 
============================================================
 Task 12/20  | Classes (55, 60)
============================================================
[00:49:54] Task 11 baseline (chance): 1.67%
[00:49:54] Task 11 zero-shot (pre-train): 0.00%
[00:50:02] task=11  epoch=0  train_loss=4.1676
[00:50:04] task=11  epoch=END  time_sec=7.5  acc_task0=0.0  acc_task1=0.0  acc_task2=0.0  acc_task3=0.0  acc_task4=0.0  acc_task5=0.0  acc_task6=0.0  acc_task7=0.0  acc_task8=0.0  acc_task9=0.0  acc_task10=0.0  acc_task11=41.8
[00:50:04] 
============================================================
 Task 13/20  | Classes (60, 65)
============================================================
[00:50:04] Task 12 baseline (chance): 1.54%
[00:50:04] Task 12 zero-shot (pre-train): 0.00%
[00:50:11] task=12  epoch=0  train_loss=3.9234
[00:50:14] task=12  epoch=END  time_sec=7.3  acc_task0=0.0  acc_task1=0.0  acc_task2=0.0  acc_task3=0.0  acc_task4=0.0  acc_task5=0.0  acc_task6=0.0  acc_task7=0.0  acc_task8=0.0  acc_task9=0.0  acc_task10=0.0  acc_task11=0.0  acc_task12=56.8
[00:50:14] 
============================================================
 Task 14/20  | Classes (65, 70)
============================================================
[00:50:14] Task 13 baseline (chance): 1.43%
[00:50:14] Task 13 zero-shot (pre-train): 0.00%
[00:50:22] task=13  epoch=0  train_loss=4.07
[00:50:24] task=13  epoch=END  time_sec=7.7  acc_task0=0.0  acc_task1=0.0  acc_task2=0.0  acc_task3=0.0  acc_task4=0.0  acc_task5=0.0  acc_task6=0.0  acc_task7=0.0  acc_task8=0.0  acc_task9=0.0  acc_task10=0.0  acc_task11=0.0  acc_task12=0.0  acc_task13=43.4
[00:50:24] 
============================================================
 Task 15/20  | Classes (70, 75)
============================================================
[00:50:24] Task 14 baseline (chance): 1.33%
[00:50:25] Task 14 zero-shot (pre-train): 0.00%
[00:50:32] task=14  epoch=0  train_loss=3.8977
[00:50:35] task=14  epoch=END  time_sec=7.7  acc_task0=0.0  acc_task1=0.0  acc_task2=0.0  acc_task3=0.0  acc_task4=0.0  acc_task5=0.0  acc_task6=0.0  acc_task7=0.0  acc_task8=0.0  acc_task9=0.0  acc_task10=0.0  acc_task11=0.0  acc_task12=0.0  acc_task13=0.0  acc_task14=60.8
[00:50:35] 
============================================================
 Task 16/20  | Classes (75, 80)
============================================================
[00:50:35] Task 15 baseline (chance): 1.25%
[00:50:36] Task 15 zero-shot (pre-train): 0.00%
[00:50:43] task=15  epoch=0  train_loss=4.5369
[00:50:46] task=15  epoch=END  time_sec=7.2  acc_task0=0.0  acc_task1=0.0  acc_task2=0.0  acc_task3=0.0  acc_task4=0.0  acc_task5=0.0  acc_task6=0.0  acc_task7=0.0  acc_task8=0.0  acc_task9=0.0  acc_task10=0.0  acc_task11=0.0  acc_task12=0.0  acc_task13=0.0  acc_task14=0.0  acc_task15=37.8
[00:50:46] 
============================================================
 Task 17/20  | Classes (80, 85)
============================================================
[00:50:46] Task 16 baseline (chance): 1.18%
[00:50:46] Task 16 zero-shot (pre-train): 0.00%
[00:50:53] task=16  epoch=0  train_loss=4.5208
[00:50:56] task=16  epoch=END  time_sec=6.8  acc_task0=0.0  acc_task1=0.0  acc_task2=0.0  acc_task3=0.0  acc_task4=0.0  acc_task5=0.0  acc_task6=0.0  acc_task7=0.0  acc_task8=0.0  acc_task9=0.0  acc_task10=0.0  acc_task11=0.0  acc_task12=0.0  acc_task13=0.0  acc_task14=0.0  acc_task15=1.0  acc_task16=53.2
[00:50:56] 
============================================================
 Task 18/20  | Classes (85, 90)
============================================================
[00:50:56] Task 17 baseline (chance): 1.11%
[00:50:57] Task 17 zero-shot (pre-train): 0.00%
[00:51:03] task=17  epoch=0  train_loss=4.8011
[00:51:07] task=17  epoch=END  time_sec=6.7  acc_task0=0.0  acc_task1=0.0  acc_task2=0.0  acc_task3=0.0  acc_task4=0.0  acc_task5=0.0  acc_task6=0.0  acc_task7=0.0  acc_task8=0.0  acc_task9=0.0  acc_task10=0.0  acc_task11=0.0  acc_task12=0.0  acc_task13=0.0  acc_task14=0.0  acc_task15=0.0  acc_task16=0.0  acc_task17=43.2
[00:51:07] 
============================================================
 Task 19/20  | Classes (90, 95)
============================================================
[00:51:07] Task 18 baseline (chance): 1.05%
[00:51:07] Task 18 zero-shot (pre-train): 0.00%
[00:51:14] task=18  epoch=0  train_loss=4.3279
[00:51:18] task=18  epoch=END  time_sec=6.7  acc_task0=0.0  acc_task1=0.0  acc_task2=0.0  acc_task3=0.0  acc_task4=0.0  acc_task5=0.0  acc_task6=0.0  acc_task7=0.0  acc_task8=0.0  acc_task9=0.0  acc_task10=0.0  acc_task11=0.0  acc_task12=0.0  acc_task13=0.0  acc_task14=0.0  acc_task15=0.0  acc_task16=0.0  acc_task17=0.0  acc_task18=55.6
[00:51:18] 
============================================================
 Task 20/20  | Classes (95, 100)
============================================================
[00:51:18] Task 19 baseline (chance): 1.00%
[00:51:18] Task 19 zero-shot (pre-train): 0.00%
[00:51:25] task=19  epoch=0  train_loss=4.7057
[00:51:29] task=19  epoch=END  time_sec=7.6  acc_task0=0.0  acc_task1=0.0  acc_task2=0.0  acc_task3=0.0  acc_task4=0.0  acc_task5=0.0  acc_task6=0.0  acc_task7=0.0  acc_task8=0.0  acc_task9=0.0  acc_task10=0.0  acc_task11=0.0  acc_task12=0.0  acc_task13=0.0  acc_task14=0.0  acc_task15=0.0  acc_task16=0.0  acc_task17=0.0  acc_task18=0.0  acc_task19=50.6
[00:51:30] 
Final Metrics:
  avg_accuracy         +2.5300
  forgetting           +48.1474
  backward_transfer    -48.1474
  forward_transfer     -2.7345
[00:51:32] 
Done - run: split_cifar100_agem_distill_seed123
[00:51:32] Metrics: {'avg_accuracy': 2.53, 'forgetting': 48.1474, 'backward_transfer': -48.1474, 'forward_transfer': -2.7345}
[00:51:32] Deleted 20 checkpoint(s) after successful completion.
