[04:24:34] Starting: split_cifar10_si_der_buf100_seed789
[04:24:34] Config: {'dataset': 'split_cifar10', 'data_root': 'F:\\Temp\\cf\\Catastrophic Forgetting\\research_v2\\Project\\data_local', 'dataset_image_size': None, 'dataset_out_channels': None, 'model': 'slim_resnet18', 'pretrained': False, 'model_image_size': None, 'method': 'si_der', 'n_epochs': 1, 'batch_size': 32, 'num_workers': 0, 'lr': 0.03, 'momentum': 0.9, 'weight_decay': 0.0001, 'fp16': False, 'buffer_size': 100, 'ewc_lambda': 100.0, 'fisher_samples': 200, 'si_lambda': 1.0, 'si_xi': 0.1, 'der_alpha': 0.5, 'xder_beta': 0.5, 'lwf_lambda': 1.0, 'lwf_temp': 2.0, 'icarl_distill_w': 1.0, 'icarl_temp': 2.0, 'use_nmc': True, 'agem_mem_batch': 64, 'distill_lambda': 1.0, 'distill_temp': 2.0, 'pc_distill_w': 1.0, 'pc_ewc_lambda': 100.0, 'pc_compress_epochs': 3, 'er_replay_ratio': 0.5, 'joint_replay_epochs': 1, 'disable_tqdm': True, 'disable_checkpoints': False, 'disable_plots': True, 'resume': False, 'cleanup_checkpoints_on_success': True, 'result_group': 'ablations', 'ablation_family': 'buffer', 'seeds': [42, 123, 456, 789, 1024], 'results_root': 'F:\\Temp\\cf\\Catastrophic Forgetting\\research_v2\\results', 'run_tag': 'buf100', 'seed': 789, 'run_name': 'split_cifar10_si_der_buf100_seed789', 'project_root': 'F:\\Temp\\cf\\Catastrophic Forgetting\\research_v2\\Project', 'workspace_root': 'F:\\Temp\\cf\\Catastrophic Forgetting\\research_v2', 'run_root': 'F:\\Temp\\cf\\Catastrophic Forgetting\\research_v2\\results\\ablations\\epoch_1\\split_cifar10\\buffer\\si_der__buf100\\seed_789', 'log_dir': 'F:\\Temp\\cf\\Catastrophic Forgetting\\research_v2\\results\\ablations\\epoch_1\\split_cifar10\\buffer\\si_der__buf100\\seed_789\\logs', 'metrics_dir': 'F:\\Temp\\cf\\Catastrophic Forgetting\\research_v2\\results\\ablations\\epoch_1\\split_cifar10\\buffer\\si_der__buf100\\seed_789\\metrics', 'checkpoint_dir': 'F:\\Temp\\cf\\Catastrophic Forgetting\\research_v2\\results\\ablations\\epoch_1\\split_cifar10\\buffer\\si_der__buf100\\seed_789\\checkpoints', 'artifact_dir': 'F:\\Temp\\cf\\Catastrophic Forgetting\\research_v2\\results\\ablations\\epoch_1\\split_cifar10\\buffer\\si_der__buf100\\seed_789\\artifacts', 'figure_dir': 'F:\\Temp\\cf\\Catastrophic Forgetting\\research_v2\\results\\figures\\ablations\\epoch_1\\split_cifar10\\buffer\\si_der__buf100\\seed_789'}
[04:24:34] Device: cuda
[04:24:36] Dataset: SplitCIFAR10(tasks=5, classes_per_task=2, scenario=class-il)
[04:24:36] 
============================================================
 Task 1/5  | Classes (0, 2)
============================================================
[04:24:36] Task 0 baseline (chance): 50.00%
[04:25:11] task=0  epoch=0  train_loss=0.9665
[04:25:12] task=0  epoch=END  time_sec=34.8  acc_task0=85.15
[04:25:12] 
============================================================
 Task 2/5  | Classes (2, 4)
============================================================
[04:25:12] Task 1 baseline (chance): 25.00%
[04:25:13] Task 1 zero-shot (pre-train): 18.40%
[04:26:13] task=1  epoch=0  train_loss=0.7442
[04:26:15] task=1  epoch=END  time_sec=60.2  acc_task0=0.0  acc_task1=74.05
[04:26:16] 
============================================================
 Task 3/5  | Classes (4, 6)
============================================================
[04:26:16] Task 2 baseline (chance): 16.67%
[04:26:17] Task 2 zero-shot (pre-train): 0.00%
[04:27:14] task=2  epoch=0  train_loss=0.8136
[04:27:16] task=2  epoch=END  time_sec=57.1  acc_task0=0.0  acc_task1=0.0  acc_task2=79.9
[04:27:16] 
============================================================
 Task 4/5  | Classes (6, 8)
============================================================
[04:27:16] Task 3 baseline (chance): 12.50%
[04:27:17] Task 3 zero-shot (pre-train): 0.00%
[04:27:49] task=3  epoch=0  train_loss=0.925
[04:27:53] task=3  epoch=END  time_sec=32.2  acc_task0=0.0  acc_task1=0.0  acc_task2=0.0  acc_task3=84.55
[04:27:53] 
============================================================
 Task 5/5  | Classes (8, 10)
============================================================
[04:27:53] Task 4 baseline (chance): 10.00%
[04:27:54] Task 4 zero-shot (pre-train): 0.00%
[04:28:29] task=4  epoch=0  train_loss=1.6055
[04:28:34] task=4  epoch=END  time_sec=35.8  acc_task0=0.0  acc_task1=0.0  acc_task2=0.0  acc_task3=0.0  acc_task4=83.25
[04:28:34] 
Final Metrics:
  avg_accuracy         +16.6500
  forgetting           +80.9125
  backward_transfer    -80.9125
  forward_transfer     -11.4417
[04:28:34] 
Done - run: split_cifar10_si_der_buf100_seed789
[04:28:34] Metrics: {'avg_accuracy': 16.65, 'forgetting': 80.9125, 'backward_transfer': -80.9125, 'forward_transfer': -11.4417}
[04:28:34] Deleted 5 checkpoint(s) after successful completion.
