[05:48:14] Starting: split_cifar10_xder_buf500_seed1024
[05:48:14] Config: {'dataset': 'split_cifar10', 'data_root': 'F:\\Temp\\cf\\Catastrophic Forgetting\\research_v2\\Project\\data_local', 'dataset_image_size': None, 'dataset_out_channels': None, 'model': 'slim_resnet18', 'pretrained': False, 'model_image_size': None, 'method': 'xder', 'n_epochs': 1, 'batch_size': 32, 'num_workers': 0, 'lr': 0.03, 'momentum': 0.9, 'weight_decay': 0.0001, 'fp16': False, 'buffer_size': 500, 'ewc_lambda': 100.0, 'fisher_samples': 200, 'si_lambda': 1.0, 'si_xi': 0.1, 'der_alpha': 0.5, 'xder_beta': 0.5, 'lwf_lambda': 1.0, 'lwf_temp': 2.0, 'icarl_distill_w': 1.0, 'icarl_temp': 2.0, 'use_nmc': True, 'agem_mem_batch': 64, 'distill_lambda': 1.0, 'distill_temp': 2.0, 'pc_distill_w': 1.0, 'pc_ewc_lambda': 100.0, 'pc_compress_epochs': 3, 'er_replay_ratio': 0.5, 'joint_replay_epochs': 1, 'disable_tqdm': True, 'disable_checkpoints': False, 'disable_plots': True, 'resume': False, 'cleanup_checkpoints_on_success': True, 'result_group': 'ablations', 'ablation_family': 'buffer', 'seeds': [42, 123, 456, 789, 1024], 'results_root': 'F:\\Temp\\cf\\Catastrophic Forgetting\\research_v2\\results', 'run_tag': 'buf500', 'seed': 1024, 'run_name': 'split_cifar10_xder_buf500_seed1024', 'project_root': 'F:\\Temp\\cf\\Catastrophic Forgetting\\research_v2\\Project', 'workspace_root': 'F:\\Temp\\cf\\Catastrophic Forgetting\\research_v2', 'run_root': 'F:\\Temp\\cf\\Catastrophic Forgetting\\research_v2\\results\\ablations\\epoch_1\\split_cifar10\\buffer\\xder__buf500\\seed_1024', 'log_dir': 'F:\\Temp\\cf\\Catastrophic Forgetting\\research_v2\\results\\ablations\\epoch_1\\split_cifar10\\buffer\\xder__buf500\\seed_1024\\logs', 'metrics_dir': 'F:\\Temp\\cf\\Catastrophic Forgetting\\research_v2\\results\\ablations\\epoch_1\\split_cifar10\\buffer\\xder__buf500\\seed_1024\\metrics', 'checkpoint_dir': 'F:\\Temp\\cf\\Catastrophic Forgetting\\research_v2\\results\\ablations\\epoch_1\\split_cifar10\\buffer\\xder__buf500\\seed_1024\\checkpoints', 'artifact_dir': 'F:\\Temp\\cf\\Catastrophic Forgetting\\research_v2\\results\\ablations\\epoch_1\\split_cifar10\\buffer\\xder__buf500\\seed_1024\\artifacts', 'figure_dir': 'F:\\Temp\\cf\\Catastrophic Forgetting\\research_v2\\results\\figures\\ablations\\epoch_1\\split_cifar10\\buffer\\xder__buf500\\seed_1024'}
[05:48:14] Device: cuda
[05:48:17] Dataset: SplitCIFAR10(tasks=5, classes_per_task=2, scenario=class-il)
[05:48:17] 
============================================================
 Task 1/5  | Classes (0, 2)
============================================================
[05:48:17] Task 0 baseline (chance): 50.00%
[05:48:42] task=0  epoch=0  train_loss=1.3037
[05:48:47] task=0  epoch=END  time_sec=25.3  acc_task0=81.1
[05:48:47] 
============================================================
 Task 2/5  | Classes (2, 4)
============================================================
[05:48:47] Task 1 baseline (chance): 25.00%
[05:48:48] Task 1 zero-shot (pre-train): 12.70%
[05:49:13] task=1  epoch=0  train_loss=1.5674
[05:49:18] task=1  epoch=END  time_sec=25.5  acc_task0=46.0  acc_task1=68.25
[05:49:18] 
============================================================
 Task 3/5  | Classes (4, 6)
============================================================
[05:49:18] Task 2 baseline (chance): 16.67%
[05:49:19] Task 2 zero-shot (pre-train): 0.00%
[05:49:41] task=2  epoch=0  train_loss=1.7956
[05:49:45] task=2  epoch=END  time_sec=21.5  acc_task0=32.5  acc_task1=0.1  acc_task2=77.75
[05:49:46] 
============================================================
 Task 4/5  | Classes (6, 8)
============================================================
[05:49:46] Task 3 baseline (chance): 12.50%
[05:49:47] Task 3 zero-shot (pre-train): 0.00%
[05:50:11] task=3  epoch=0  train_loss=1.8553
[05:50:17] task=3  epoch=END  time_sec=23.7  acc_task0=25.65  acc_task1=1.95  acc_task2=1.05  acc_task3=89.2
[05:50:18] 
============================================================
 Task 5/5  | Classes (8, 10)
============================================================
[05:50:18] Task 4 baseline (chance): 10.00%
[05:50:19] Task 4 zero-shot (pre-train): 0.00%
[05:50:49] task=4  epoch=0  train_loss=1.5653
[05:50:55] task=4  epoch=END  time_sec=29.9  acc_task0=2.8  acc_task1=0.75  acc_task2=2.2  acc_task3=1.85  acc_task4=89.85
[05:50:55] 
Final Metrics:
  avg_accuracy         +19.4900
  forgetting           +77.1750
  backward_transfer    -77.1750
  forward_transfer     -12.8667
[05:50:55] 
Done - run: split_cifar10_xder_buf500_seed1024
[05:50:55] Metrics: {'avg_accuracy': 19.49, 'forgetting': 77.175, 'backward_transfer': -77.175, 'forward_transfer': -12.8667}
[05:50:55] Deleted 5 checkpoint(s) after successful completion.
